TpTrace Verbose: 0 : 11008, 1, 2024/03/12, 12:09:44.450, 744154599776, vstest.console.dll, Version: 17.8.0-release-23578-02 Current process architecture: X64
TpTrace Verbose: 0 : 11008, 1, 2024/03/12, 12:09:44.452, 744154621625, vstest.console.dll, Runtime location: C:\Program Files\dotnet\shared\Microsoft.NETCore.App\8.0.1
TpTrace Verbose: 0 : 11008, 1, 2024/03/12, 12:09:44.454, 744154638987, vstest.console.dll, ArtifactProcessingPostProcessModeProcessorExecutor.Initialize: ArtifactProcessingMode.Collect
TpTrace Verbose: 0 : 11008, 1, 2024/03/12, 12:09:44.454, 744154640302, vstest.console.dll, TestSessionCorrelationIdProcessorModeProcessorExecutor.Initialize: TestSessionCorrelationId '15836_5ae27584-5d7e-4eb6-b82b-12875667502a'
TpTrace Information: 0 : 11008, 1, 2024/03/12, 12:09:44.459, 744154693399, vstest.console.dll, FilePatternParser: The given file C:\Users\Ivan\Desktop\Eventmi-AppSkeleton\EventmiTest\bin\Debug\net6.0\fine-code-coverage\build-output\EventmiTest.dll is a full path.
TpTrace Verbose: 0 : 11008, 1, 2024/03/12, 12:09:44.462, 744154721063, vstest.console.dll, TestPluginCache.DiscoverTestExtensions: finding test extensions in assemblies ends with: RuntimeProvider.dll TPluginInfo: Microsoft.VisualStudio.TestPlatform.Common.ExtensionFramework.Utilities.TestRuntimePluginInformation TExtension: Microsoft.VisualStudio.TestPlatform.ObjectModel.Host.ITestRuntimeProvider
TpTrace Verbose: 0 : 11008, 1, 2024/03/12, 12:09:44.462, 744154723556, vstest.console.dll, TestPluginCache.GetExtensionPaths: Filtered extension paths: 
TpTrace Verbose: 0 : 11008, 1, 2024/03/12, 12:09:44.462, 744154724171, vstest.console.dll, TestPluginCache.GetExtensionPaths: Added default extension paths: C:\Program Files\dotnet\sdk\8.0.101\Extensions\Microsoft.Diagnostics.NETCore.Client.dll
C:\Program Files\dotnet\sdk\8.0.101\Extensions\Microsoft.TestPlatform.Extensions.BlameDataCollector.dll
C:\Program Files\dotnet\sdk\8.0.101\Extensions\Microsoft.TestPlatform.Extensions.EventLogCollector.dll
C:\Program Files\dotnet\sdk\8.0.101\Extensions\Microsoft.TestPlatform.TestHostRuntimeProvider.dll
C:\Program Files\dotnet\sdk\8.0.101\Extensions\Microsoft.VisualStudio.TestPlatform.Extensions.Html.TestLogger.dll
C:\Program Files\dotnet\sdk\8.0.101\Extensions\Microsoft.VisualStudio.TestPlatform.Extensions.Trx.TestLogger.dll
TpTrace Verbose: 0 : 11008, 1, 2024/03/12, 12:09:44.462, 744154724399, vstest.console.dll, TestPluginCache.GetExtensionPaths: Added unfilterableExtensionPaths: 
TpTrace Information: 0 : 11008, 1, 2024/03/12, 12:09:44.463, 744154727924, vstest.console.dll, AssemblyResolver.ctor: Creating AssemblyResolver with searchDirectories C:\Program Files\dotnet\sdk\8.0.101\Extensions,C:\Program Files\dotnet\sdk\8.0.101
TpTrace Verbose: 0 : 11008, 1, 2024/03/12, 12:09:44.463, 744154735647, vstest.console.dll, TestPluginCache.DiscoverTestExtensions: Discovering the extensions using extension path.
TpTrace Verbose: 0 : 11008, 1, 2024/03/12, 12:09:44.463, 744154736467, vstest.console.dll, TestPluginCache.GetExtensionPaths: Filtered extension paths: 
TpTrace Verbose: 0 : 11008, 1, 2024/03/12, 12:09:44.463, 744154736755, vstest.console.dll, TestPluginCache.GetExtensionPaths: Added default extension paths: C:\Program Files\dotnet\sdk\8.0.101\Extensions\Microsoft.Diagnostics.NETCore.Client.dll
C:\Program Files\dotnet\sdk\8.0.101\Extensions\Microsoft.TestPlatform.Extensions.BlameDataCollector.dll
C:\Program Files\dotnet\sdk\8.0.101\Extensions\Microsoft.TestPlatform.Extensions.EventLogCollector.dll
C:\Program Files\dotnet\sdk\8.0.101\Extensions\Microsoft.TestPlatform.TestHostRuntimeProvider.dll
C:\Program Files\dotnet\sdk\8.0.101\Extensions\Microsoft.VisualStudio.TestPlatform.Extensions.Html.TestLogger.dll
C:\Program Files\dotnet\sdk\8.0.101\Extensions\Microsoft.VisualStudio.TestPlatform.Extensions.Trx.TestLogger.dll
TpTrace Verbose: 0 : 11008, 1, 2024/03/12, 12:09:44.463, 744154736942, vstest.console.dll, TestPluginCache.GetExtensionPaths: Added unfilterableExtensionPaths: 
TpTrace Verbose: 0 : 11008, 1, 2024/03/12, 12:09:44.464, 744154737396, vstest.console.dll, TestPluginCache.DiscoverTestExtensions: Discovering the extensions using allExtensionPaths: C:\Program Files\dotnet\sdk\8.0.101\Extensions\Microsoft.Diagnostics.NETCore.Client.dll
C:\Program Files\dotnet\sdk\8.0.101\Extensions\Microsoft.TestPlatform.Extensions.BlameDataCollector.dll
C:\Program Files\dotnet\sdk\8.0.101\Extensions\Microsoft.TestPlatform.Extensions.EventLogCollector.dll
C:\Program Files\dotnet\sdk\8.0.101\Extensions\Microsoft.TestPlatform.TestHostRuntimeProvider.dll
C:\Program Files\dotnet\sdk\8.0.101\Extensions\Microsoft.VisualStudio.TestPlatform.Extensions.Html.TestLogger.dll
C:\Program Files\dotnet\sdk\8.0.101\Extensions\Microsoft.VisualStudio.TestPlatform.Extensions.Trx.TestLogger.dll
TpTrace Information: 0 : 11008, 1, 2024/03/12, 12:09:44.464, 744154738433, vstest.console.dll, AssemblyResolver.AddSearchDirectories: Adding more searchDirectories C:\Program Files\dotnet\sdk\8.0.101\Extensions,C:\Program Files\dotnet\sdk\8.0.101
TpTrace Information: 0 : 11008, 1, 2024/03/12, 12:09:44.464, 744154738826, vstest.console.dll, AssemblyResolver.AddSearchDirectories: Adding more searchDirectories C:\Program Files\dotnet\sdk\8.0.101\Extensions,C:\Program Files\dotnet\sdk\8.0.101
TpTrace Information: 0 : 11008, 1, 2024/03/12, 12:09:44.464, 744154739075, vstest.console.dll, AssemblyResolver.AddSearchDirectories: Adding more searchDirectories C:\Program Files\dotnet\sdk\8.0.101\Extensions,C:\Program Files\dotnet\sdk\8.0.101
TpTrace Information: 0 : 11008, 1, 2024/03/12, 12:09:44.464, 744154739252, vstest.console.dll, AssemblyResolver.AddSearchDirectories: Adding more searchDirectories C:\Program Files\dotnet\sdk\8.0.101\Extensions,C:\Program Files\dotnet\sdk\8.0.101
TpTrace Information: 0 : 11008, 1, 2024/03/12, 12:09:44.464, 744154739419, vstest.console.dll, AssemblyResolver.AddSearchDirectories: Adding more searchDirectories C:\Program Files\dotnet\sdk\8.0.101\Extensions,C:\Program Files\dotnet\sdk\8.0.101
TpTrace Information: 0 : 11008, 1, 2024/03/12, 12:09:44.464, 744154739616, vstest.console.dll, AssemblyResolver.AddSearchDirectories: Adding more searchDirectories C:\Program Files\dotnet\sdk\8.0.101\Extensions,C:\Program Files\dotnet\sdk\8.0.101
TpTrace Information: 0 : 11008, 1, 2024/03/12, 12:09:44.464, 744154743126, vstest.console.dll, AssemblyResolver.OnResolve: Microsoft.Diagnostics.NETCore.Client: Resolving assembly.
TpTrace Information: 0 : 11008, 1, 2024/03/12, 12:09:44.464, 744154743761, vstest.console.dll, AssemblyResolver.OnResolve: Microsoft.Diagnostics.NETCore.Client: Searching in: 'C:\Program Files\dotnet\sdk\8.0.101\Extensions'.
TpTrace Information: 0 : 11008, 1, 2024/03/12, 12:09:44.469, 744154788687, vstest.console.dll, AssemblyResolver.OnResolve: Microsoft.Diagnostics.NETCore.Client: Loading assembly 'C:\Program Files\dotnet\sdk\8.0.101\Extensions\Microsoft.Diagnostics.NETCore.Client.dll'.
TpTrace Information: 0 : 11008, 1, 2024/03/12, 12:09:44.469, 744154793520, vstest.console.dll, AssemblyResolver.OnResolve: Resolved assembly: Microsoft.Diagnostics.NETCore.Client, from path: C:\Program Files\dotnet\sdk\8.0.101\Extensions\Microsoft.Diagnostics.NETCore.Client.dll
TpTrace Verbose: 0 : 11008, 1, 2024/03/12, 12:09:44.472, 744154826854, vstest.console.dll, MetadataReaderExtensionsHelper: Discovering extensions inside assembly 'Microsoft.Diagnostics.NETCore.Client, Version=0.2.8.21101, Culture=neutral, PublicKeyToken=31bf3856ad364e35' file path 'C:\Program Files\dotnet\sdk\8.0.101\Extensions\Microsoft.Diagnostics.NETCore.Client.dll'
TpTrace Information: 0 : 11008, 1, 2024/03/12, 12:09:44.475, 744154851948, vstest.console.dll, AssemblyResolver.OnResolve: Microsoft.Bcl.AsyncInterfaces: Resolving assembly.
TpTrace Information: 0 : 11008, 1, 2024/03/12, 12:09:44.475, 744154852610, vstest.console.dll, AssemblyResolver.OnResolve: Microsoft.Bcl.AsyncInterfaces: Searching in: 'C:\Program Files\dotnet\sdk\8.0.101\Extensions'.
TpTrace Information: 0 : 11008, 1, 2024/03/12, 12:09:44.475, 744154854677, vstest.console.dll, AssemblyResolver.OnResolve: Microsoft.Bcl.AsyncInterfaces: Assembly path does not exist: 'C:\Program Files\dotnet\sdk\8.0.101\Extensions\Microsoft.Bcl.AsyncInterfaces.dll', returning.
TpTrace Information: 0 : 11008, 1, 2024/03/12, 12:09:44.475, 744154855572, vstest.console.dll, AssemblyResolver.OnResolve: Microsoft.Bcl.AsyncInterfaces: Assembly path does not exist: 'C:\Program Files\dotnet\sdk\8.0.101\Extensions\Microsoft.Bcl.AsyncInterfaces.exe', returning.
TpTrace Information: 0 : 11008, 1, 2024/03/12, 12:09:44.475, 744154855854, vstest.console.dll, AssemblyResolver.OnResolve: Microsoft.Bcl.AsyncInterfaces: Searching in: 'C:\Program Files\dotnet\sdk\8.0.101'.
TpTrace Information: 0 : 11008, 1, 2024/03/12, 12:09:44.475, 744154856223, vstest.console.dll, AssemblyResolver.OnResolve: Microsoft.Bcl.AsyncInterfaces: Assembly path does not exist: 'C:\Program Files\dotnet\sdk\8.0.101\Microsoft.Bcl.AsyncInterfaces.dll', returning.
TpTrace Information: 0 : 11008, 1, 2024/03/12, 12:09:44.475, 744154856561, vstest.console.dll, AssemblyResolver.OnResolve: Microsoft.Bcl.AsyncInterfaces: Assembly path does not exist: 'C:\Program Files\dotnet\sdk\8.0.101\Microsoft.Bcl.AsyncInterfaces.exe', returning.
TpTrace Information: 0 : 11008, 1, 2024/03/12, 12:09:44.475, 744154856738, vstest.console.dll, AssemblyResolver.OnResolve: Microsoft.Bcl.AsyncInterfaces: Failed to load assembly.
TpTrace Verbose: 0 : 11008, 1, 2024/03/12, 12:09:44.475, 744154856967, vstest.console.dll, CurrentDomainAssemblyResolve: Resolving assembly 'Microsoft.Bcl.AsyncInterfaces'.
TpTrace Information: 0 : 11008, 1, 2024/03/12, 12:09:44.476, 744154857414, vstest.console.dll, AssemblyResolver.OnResolve: Microsoft.Bcl.AsyncInterfaces: Resolving assembly.
TpTrace Information: 0 : 11008, 1, 2024/03/12, 12:09:44.476, 744154857650, vstest.console.dll, AssemblyResolver.OnResolve: Microsoft.Bcl.AsyncInterfaces: Resolved from cache.
TpTrace Verbose: 0 : 11008, 1, 2024/03/12, 12:09:44.476, 744154857816, vstest.console.dll, CurrentDomainAssemblyResolve: Resolving assembly 'Microsoft.Bcl.AsyncInterfaces'.
TpTrace Verbose: 0 : 11008, 1, 2024/03/12, 12:09:44.476, 744154858015, vstest.console.dll, CurrentDomainAssemblyResolve: Failed to resolve assembly 'Microsoft.Bcl.AsyncInterfaces'.
TpTrace Verbose: 0 : 11008, 1, 2024/03/12, 12:09:44.476, 744154863267, vstest.console.dll, CurrentDomainAssemblyResolve: Failed to resolve assembly 'Microsoft.Bcl.AsyncInterfaces'.
TpTrace Warning: 0 : 11008, 1, 2024/03/12, 12:09:44.482, 744154919894, vstest.console.dll, TestPluginDiscoverer: Failed to get types from assembly 'Microsoft.Diagnostics.NETCore.Client, Version=0.2.8.21101, Culture=neutral, PublicKeyToken=31bf3856ad364e35'. Error: System.Reflection.ReflectionTypeLoadException: Unable to load one or more of the requested types.
Could not load file or assembly 'Microsoft.Bcl.AsyncInterfaces, Version=1.0.0.0, Culture=neutral, PublicKeyToken=cc7b13ffcd2ddd51'. The system cannot find the file specified.
   at System.Reflection.RuntimeModule.GetTypes(RuntimeModule module)
   at System.Reflection.RuntimeModule.GetTypes()
   at Microsoft.VisualStudio.TestPlatform.Common.ExtensionFramework.TestPluginDiscoverer.GetTestExtensionsFromAssembly[TPluginInfo,TExtension](Assembly assembly, Dictionary`2 pluginInfos, String filePath) in /_/src/Microsoft.TestPlatform.Common/ExtensionFramework/TestPluginDiscoverer.cs:line 158
System.IO.FileNotFoundException: Could not load file or assembly 'Microsoft.Bcl.AsyncInterfaces, Version=1.0.0.0, Culture=neutral, PublicKeyToken=cc7b13ffcd2ddd51'. The system cannot find the file specified.
File name: 'Microsoft.Bcl.AsyncInterfaces, Version=1.0.0.0, Culture=neutral, PublicKeyToken=cc7b13ffcd2ddd51'
 ---> System.IO.FileNotFoundException: Could not load file or assembly 'Microsoft.Bcl.AsyncInterfaces, Culture=neutral, PublicKeyToken=null'. The system cannot find the file specified.
File name: 'Microsoft.Bcl.AsyncInterfaces, Culture=neutral, PublicKeyToken=null'
   at System.Reflection.RuntimeAssembly.InternalLoad(AssemblyName assemblyName, StackCrawlMark& stackMark, AssemblyLoadContext assemblyLoadContext, RuntimeAssembly requestingAssembly, Boolean throwOnFileNotFound)
   at System.Reflection.Assembly.Load(AssemblyName assemblyRef)
   at Microsoft.VisualStudio.TestPlatform.Common.ExtensionFramework.TestPluginCache.CurrentDomainAssemblyResolve(Object sender, AssemblyResolveEventArgs args) in /_/src/Microsoft.TestPlatform.Common/ExtensionFramework/TestPluginCache.cs:line 513
   at System.Runtime.Loader.AssemblyLoadContext.GetFirstResolvedAssemblyFromResolvingEvent(AssemblyName assemblyName)
   at System.Runtime.Loader.AssemblyLoadContext.ResolveUsingEvent(AssemblyName assemblyName)
   at System.Runtime.Loader.AssemblyLoadContext.ResolveUsingResolvingEvent(IntPtr gchManagedAssemblyLoadContext, AssemblyName assemblyName)
TpTrace Warning: 0 : 11008, 1, 2024/03/12, 12:09:44.482, 744154922196, vstest.console.dll, LoaderExceptions: System.IO.FileNotFoundException: Could not load file or assembly 'Microsoft.Bcl.AsyncInterfaces, Version=1.0.0.0, Culture=neutral, PublicKeyToken=cc7b13ffcd2ddd51'. The system cannot find the file specified.
File name: 'Microsoft.Bcl.AsyncInterfaces, Version=1.0.0.0, Culture=neutral, PublicKeyToken=cc7b13ffcd2ddd51'
 ---> System.IO.FileNotFoundException: Could not load file or assembly 'Microsoft.Bcl.AsyncInterfaces, Culture=neutral, PublicKeyToken=null'. The system cannot find the file specified.
File name: 'Microsoft.Bcl.AsyncInterfaces, Culture=neutral, PublicKeyToken=null'
   at System.Reflection.RuntimeAssembly.InternalLoad(AssemblyName assemblyName, StackCrawlMark& stackMark, AssemblyLoadContext assemblyLoadContext, RuntimeAssembly requestingAssembly, Boolean throwOnFileNotFound)
   at System.Reflection.Assembly.Load(AssemblyName assemblyRef)
   at Microsoft.VisualStudio.TestPlatform.Common.ExtensionFramework.TestPluginCache.CurrentDomainAssemblyResolve(Object sender, AssemblyResolveEventArgs args) in /_/src/Microsoft.TestPlatform.Common/ExtensionFramework/TestPluginCache.cs:line 513
   at System.Runtime.Loader.AssemblyLoadContext.GetFirstResolvedAssemblyFromResolvingEvent(AssemblyName assemblyName)
   at System.Runtime.Loader.AssemblyLoadContext.ResolveUsingEvent(AssemblyName assemblyName)
   at System.Runtime.Loader.AssemblyLoadContext.ResolveUsingResolvingEvent(IntPtr gchManagedAssemblyLoadContext, AssemblyName assemblyName)
TpTrace Information: 0 : 11008, 1, 2024/03/12, 12:09:44.482, 744154923105, vstest.console.dll, AssemblyResolver.OnResolve: Microsoft.TestPlatform.Extensions.BlameDataCollector: Resolving assembly.
TpTrace Information: 0 : 11008, 1, 2024/03/12, 12:09:44.482, 744154923437, vstest.console.dll, AssemblyResolver.OnResolve: Microsoft.TestPlatform.Extensions.BlameDataCollector: Searching in: 'C:\Program Files\dotnet\sdk\8.0.101\Extensions'.
TpTrace Information: 0 : 11008, 1, 2024/03/12, 12:09:44.482, 744154925069, vstest.console.dll, AssemblyResolver.OnResolve: Microsoft.TestPlatform.Extensions.BlameDataCollector: Loading assembly 'C:\Program Files\dotnet\sdk\8.0.101\Extensions\Microsoft.TestPlatform.Extensions.BlameDataCollector.dll'.
TpTrace Information: 0 : 11008, 1, 2024/03/12, 12:09:44.483, 744154927473, vstest.console.dll, AssemblyResolver.OnResolve: Resolved assembly: Microsoft.TestPlatform.Extensions.BlameDataCollector, from path: C:\Program Files\dotnet\sdk\8.0.101\Extensions\Microsoft.TestPlatform.Extensions.BlameDataCollector.dll
TpTrace Verbose: 0 : 11008, 1, 2024/03/12, 12:09:44.483, 744154927990, vstest.console.dll, MetadataReaderExtensionsHelper: Discovering extensions inside assembly 'Microsoft.TestPlatform.Extensions.BlameDataCollector, Version=15.0.0.0, Culture=neutral, PublicKeyToken=b03f5f7f11d50a3a' file path 'C:\Program Files\dotnet\sdk\8.0.101\Extensions\Microsoft.TestPlatform.Extensions.BlameDataCollector.dll'
TpTrace Information: 0 : 11008, 1, 2024/03/12, 12:09:44.483, 744154936891, vstest.console.dll, AssemblyResolver.OnResolve: Microsoft.TestPlatform.Extensions.EventLogCollector: Resolving assembly.
TpTrace Information: 0 : 11008, 1, 2024/03/12, 12:09:44.484, 744154937398, vstest.console.dll, AssemblyResolver.OnResolve: Microsoft.TestPlatform.Extensions.EventLogCollector: Searching in: 'C:\Program Files\dotnet\sdk\8.0.101\Extensions'.
TpTrace Information: 0 : 11008, 1, 2024/03/12, 12:09:44.484, 744154939282, vstest.console.dll, AssemblyResolver.OnResolve: Microsoft.TestPlatform.Extensions.EventLogCollector: Loading assembly 'C:\Program Files\dotnet\sdk\8.0.101\Extensions\Microsoft.TestPlatform.Extensions.EventLogCollector.dll'.
TpTrace Information: 0 : 11008, 1, 2024/03/12, 12:09:44.484, 744154942862, vstest.console.dll, AssemblyResolver.OnResolve: Resolved assembly: Microsoft.TestPlatform.Extensions.EventLogCollector, from path: C:\Program Files\dotnet\sdk\8.0.101\Extensions\Microsoft.TestPlatform.Extensions.EventLogCollector.dll
TpTrace Verbose: 0 : 11008, 1, 2024/03/12, 12:09:44.484, 744154943646, vstest.console.dll, MetadataReaderExtensionsHelper: Discovering extensions inside assembly 'Microsoft.TestPlatform.Extensions.EventLogCollector, Version=15.0.0.0, Culture=neutral, PublicKeyToken=b03f5f7f11d50a3a' file path 'C:\Program Files\dotnet\sdk\8.0.101\Extensions\Microsoft.TestPlatform.Extensions.EventLogCollector.dll'
TpTrace Information: 0 : 11008, 1, 2024/03/12, 12:09:44.485, 744154956410, vstest.console.dll, AssemblyResolver.OnResolve: Microsoft.TestPlatform.TestHostRuntimeProvider: Resolving assembly.
TpTrace Information: 0 : 11008, 1, 2024/03/12, 12:09:44.486, 744154957089, vstest.console.dll, AssemblyResolver.OnResolve: Microsoft.TestPlatform.TestHostRuntimeProvider: Searching in: 'C:\Program Files\dotnet\sdk\8.0.101\Extensions'.
TpTrace Information: 0 : 11008, 1, 2024/03/12, 12:09:44.486, 744154958920, vstest.console.dll, AssemblyResolver.OnResolve: Microsoft.TestPlatform.TestHostRuntimeProvider: Loading assembly 'C:\Program Files\dotnet\sdk\8.0.101\Extensions\Microsoft.TestPlatform.TestHostRuntimeProvider.dll'.
TpTrace Information: 0 : 11008, 1, 2024/03/12, 12:09:44.486, 744154961351, vstest.console.dll, AssemblyResolver.OnResolve: Resolved assembly: Microsoft.TestPlatform.TestHostRuntimeProvider, from path: C:\Program Files\dotnet\sdk\8.0.101\Extensions\Microsoft.TestPlatform.TestHostRuntimeProvider.dll
TpTrace Verbose: 0 : 11008, 1, 2024/03/12, 12:09:44.486, 744154961782, vstest.console.dll, MetadataReaderExtensionsHelper: Discovering extensions inside assembly 'Microsoft.TestPlatform.TestHostRuntimeProvider, Version=15.0.0.0, Culture=neutral, PublicKeyToken=b03f5f7f11d50a3a' file path 'C:\Program Files\dotnet\sdk\8.0.101\Extensions\Microsoft.TestPlatform.TestHostRuntimeProvider.dll'
TpTrace Information: 0 : 11008, 1, 2024/03/12, 12:09:44.487, 744154972863, vstest.console.dll, GetTestExtensionFromType: Register extension with identifier data 'HostProvider://DefaultTestHost' and type 'Microsoft.VisualStudio.TestPlatform.CrossPlatEngine.Hosting.DefaultTestHostManager, Microsoft.TestPlatform.TestHostRuntimeProvider, Version=15.0.0.0, Culture=neutral, PublicKeyToken=b03f5f7f11d50a3a' inside file 'C:\Program Files\dotnet\sdk\8.0.101\Extensions\Microsoft.TestPlatform.TestHostRuntimeProvider.dll'
TpTrace Information: 0 : 11008, 1, 2024/03/12, 12:09:44.487, 744154974724, vstest.console.dll, GetTestExtensionFromType: Register extension with identifier data 'HostProvider://DotnetTestHost' and type 'Microsoft.VisualStudio.TestPlatform.CrossPlatEngine.Hosting.DotnetTestHostManager, Microsoft.TestPlatform.TestHostRuntimeProvider, Version=15.0.0.0, Culture=neutral, PublicKeyToken=b03f5f7f11d50a3a' inside file 'C:\Program Files\dotnet\sdk\8.0.101\Extensions\Microsoft.TestPlatform.TestHostRuntimeProvider.dll'
TpTrace Information: 0 : 11008, 1, 2024/03/12, 12:09:44.487, 744154975373, vstest.console.dll, AssemblyResolver.OnResolve: Microsoft.VisualStudio.TestPlatform.Extensions.Html.TestLogger: Resolving assembly.
TpTrace Information: 0 : 11008, 1, 2024/03/12, 12:09:44.487, 744154975703, vstest.console.dll, AssemblyResolver.OnResolve: Microsoft.VisualStudio.TestPlatform.Extensions.Html.TestLogger: Searching in: 'C:\Program Files\dotnet\sdk\8.0.101\Extensions'.
TpTrace Information: 0 : 11008, 1, 2024/03/12, 12:09:44.488, 744154977630, vstest.console.dll, AssemblyResolver.OnResolve: Microsoft.VisualStudio.TestPlatform.Extensions.Html.TestLogger: Loading assembly 'C:\Program Files\dotnet\sdk\8.0.101\Extensions\Microsoft.VisualStudio.TestPlatform.Extensions.Html.TestLogger.dll'.
TpTrace Information: 0 : 11008, 1, 2024/03/12, 12:09:44.488, 744154980590, vstest.console.dll, AssemblyResolver.OnResolve: Resolved assembly: Microsoft.VisualStudio.TestPlatform.Extensions.Html.TestLogger, from path: C:\Program Files\dotnet\sdk\8.0.101\Extensions\Microsoft.VisualStudio.TestPlatform.Extensions.Html.TestLogger.dll
TpTrace Verbose: 0 : 11008, 1, 2024/03/12, 12:09:44.488, 744154981177, vstest.console.dll, MetadataReaderExtensionsHelper: Discovering extensions inside assembly 'Microsoft.VisualStudio.TestPlatform.Extensions.Html.TestLogger, Version=15.0.0.0, Culture=neutral, PublicKeyToken=b03f5f7f11d50a3a' file path 'C:\Program Files\dotnet\sdk\8.0.101\Extensions\Microsoft.VisualStudio.TestPlatform.Extensions.Html.TestLogger.dll'
TpTrace Information: 0 : 11008, 1, 2024/03/12, 12:09:44.488, 744154985778, vstest.console.dll, AssemblyResolver.OnResolve: Microsoft.VisualStudio.TestPlatform.Extensions.Trx.TestLogger: Resolving assembly.
TpTrace Information: 0 : 11008, 1, 2024/03/12, 12:09:44.488, 744154986188, vstest.console.dll, AssemblyResolver.OnResolve: Microsoft.VisualStudio.TestPlatform.Extensions.Trx.TestLogger: Searching in: 'C:\Program Files\dotnet\sdk\8.0.101\Extensions'.
TpTrace Information: 0 : 11008, 1, 2024/03/12, 12:09:44.489, 744154987565, vstest.console.dll, AssemblyResolver.OnResolve: Microsoft.VisualStudio.TestPlatform.Extensions.Trx.TestLogger: Loading assembly 'C:\Program Files\dotnet\sdk\8.0.101\Extensions\Microsoft.VisualStudio.TestPlatform.Extensions.Trx.TestLogger.dll'.
TpTrace Information: 0 : 11008, 1, 2024/03/12, 12:09:44.489, 744154990248, vstest.console.dll, AssemblyResolver.OnResolve: Resolved assembly: Microsoft.VisualStudio.TestPlatform.Extensions.Trx.TestLogger, from path: C:\Program Files\dotnet\sdk\8.0.101\Extensions\Microsoft.VisualStudio.TestPlatform.Extensions.Trx.TestLogger.dll
TpTrace Verbose: 0 : 11008, 1, 2024/03/12, 12:09:44.489, 744154990673, vstest.console.dll, MetadataReaderExtensionsHelper: Discovering extensions inside assembly 'Microsoft.VisualStudio.TestPlatform.Extensions.Trx.TestLogger, Version=15.0.0.0, Culture=neutral, PublicKeyToken=b03f5f7f11d50a3a' file path 'C:\Program Files\dotnet\sdk\8.0.101\Extensions\Microsoft.VisualStudio.TestPlatform.Extensions.Trx.TestLogger.dll'
TpTrace Verbose: 0 : 11008, 1, 2024/03/12, 12:09:44.490, 744154997356, vstest.console.dll, TestPluginCache: Discovered the extensions using extension path ''.
TpTrace Verbose: 0 : 11008, 1, 2024/03/12, 12:09:44.490, 744154997949, vstest.console.dll, TestPluginCache: Discoverers are ''.
TpTrace Verbose: 0 : 11008, 1, 2024/03/12, 12:09:44.490, 744154998181, vstest.console.dll, TestPluginCache: Executors are ''.
TpTrace Verbose: 0 : 11008, 1, 2024/03/12, 12:09:44.490, 744154998368, vstest.console.dll, TestPluginCache: Executors2 are ''.
TpTrace Verbose: 0 : 11008, 1, 2024/03/12, 12:09:44.490, 744154998547, vstest.console.dll, TestPluginCache: Setting providers are ''.
TpTrace Verbose: 0 : 11008, 1, 2024/03/12, 12:09:44.490, 744154998727, vstest.console.dll, TestPluginCache: Loggers are ''.
TpTrace Verbose: 0 : 11008, 1, 2024/03/12, 12:09:44.490, 744155000383, vstest.console.dll, TestPluginCache: TestHosts are 'HostProvider://DefaultTestHost,HostProvider://DotnetTestHost'.
TpTrace Verbose: 0 : 11008, 1, 2024/03/12, 12:09:44.490, 744155000720, vstest.console.dll, TestPluginCache: DataCollectors are ''.
TpTrace Information: 0 : 11008, 1, 2024/03/12, 12:09:44.498, 744155077858, vstest.console.dll, RunTestsArgumentProcessor:Execute: Test run is starting.
TpTrace Verbose: 0 : 11008, 1, 2024/03/12, 12:09:44.498, 744155078275, vstest.console.dll, RunTestsArgumentProcessor:Execute: Queuing Test run.
TpTrace Information: 0 : 11008, 1, 2024/03/12, 12:09:44.498, 744155079944, vstest.console.dll, TestRequestManager.RunTests: run tests started.
TpTrace Information: 0 : 11008, 1, 2024/03/12, 12:09:44.499, 744155087280, vstest.console.dll, AssemblyMetadataProvider.GetFrameworkName: Determined framework:'.NETCoreApp,Version=v6.0' for source: 'C:\Users\Ivan\Desktop\Eventmi-AppSkeleton\EventmiTest\bin\Debug\net6.0\fine-code-coverage\build-output\EventmiTest.dll'
TpTrace Information: 0 : 11008, 1, 2024/03/12, 12:09:44.499, 744155088308, vstest.console.dll, Determined framework for all sources: .NETCoreApp,Version=v6.0
TpTrace Verbose: 0 : 11008, 1, 2024/03/12, 12:09:44.499, 744155090925, vstest.console.dll, TestRequestManager.UpdateRunSettingsIfRequired: Default architecture: X64 IsDefaultTargetArchitecture: True, Current process architecture: X64 OperatingSystem: Windows.
TpTrace Information: 0 : 11008, 1, 2024/03/12, 12:09:44.500, 744155100137, vstest.console.dll, AssemblyMetadataProvider.GetArchitecture: Determined architecture:AnyCPU info for assembly: C:\Users\Ivan\Desktop\Eventmi-AppSkeleton\EventmiTest\bin\Debug\net6.0\fine-code-coverage\build-output\EventmiTest.dll
TpTrace Information: 0 : 11008, 1, 2024/03/12, 12:09:44.500, 744155100495, vstest.console.dll, Determined platform for source 'C:\Users\Ivan\Desktop\Eventmi-AppSkeleton\EventmiTest\bin\Debug\net6.0\fine-code-coverage\build-output\EventmiTest.dll' was AnyCPU and it will use the default plaform X64.
TpTrace Information: 0 : 11008, 1, 2024/03/12, 12:09:44.500, 744155100660, vstest.console.dll, None of the sources provided any runnable platform, using the default platform: X64
TpTrace Information: 0 : 11008, 1, 2024/03/12, 12:09:44.500, 744155101127, vstest.console.dll, Platform was updated to 'X64'.
TpTrace Information: 0 : 11008, 1, 2024/03/12, 12:09:44.502, 744155121058, vstest.console.dll, InferRunSettingsHelper.IsTestSettingsEnabled: Unable to navigate to RunSettings/MSTest. Current node: RunSettings
TpTrace Information: 0 : 11008, 1, 2024/03/12, 12:09:44.502, 744155126539, vstest.console.dll, AssemblyResolver.OnResolve: Microsoft.VisualStudio.TestPlatform.Fakes: Resolving assembly.
TpTrace Information: 0 : 11008, 1, 2024/03/12, 12:09:44.503, 744155127489, vstest.console.dll, AssemblyResolver.OnResolve: Microsoft.VisualStudio.TestPlatform.Fakes: Searching in: 'C:\Program Files\dotnet\sdk\8.0.101\Extensions'.
TpTrace Information: 0 : 11008, 1, 2024/03/12, 12:09:44.503, 744155128595, vstest.console.dll, AssemblyResolver.OnResolve: Microsoft.VisualStudio.TestPlatform.Fakes: Assembly path does not exist: 'C:\Program Files\dotnet\sdk\8.0.101\Extensions\Microsoft.VisualStudio.TestPlatform.Fakes.dll', returning.
TpTrace Information: 0 : 11008, 1, 2024/03/12, 12:09:44.503, 744155129125, vstest.console.dll, AssemblyResolver.OnResolve: Microsoft.VisualStudio.TestPlatform.Fakes: Assembly path does not exist: 'C:\Program Files\dotnet\sdk\8.0.101\Extensions\Microsoft.VisualStudio.TestPlatform.Fakes.exe', returning.
TpTrace Information: 0 : 11008, 1, 2024/03/12, 12:09:44.503, 744155129412, vstest.console.dll, AssemblyResolver.OnResolve: Microsoft.VisualStudio.TestPlatform.Fakes: Searching in: 'C:\Program Files\dotnet\sdk\8.0.101'.
TpTrace Information: 0 : 11008, 1, 2024/03/12, 12:09:44.503, 744155129960, vstest.console.dll, AssemblyResolver.OnResolve: Microsoft.VisualStudio.TestPlatform.Fakes: Assembly path does not exist: 'C:\Program Files\dotnet\sdk\8.0.101\Microsoft.VisualStudio.TestPlatform.Fakes.dll', returning.
TpTrace Information: 0 : 11008, 1, 2024/03/12, 12:09:44.503, 744155130527, vstest.console.dll, AssemblyResolver.OnResolve: Microsoft.VisualStudio.TestPlatform.Fakes: Assembly path does not exist: 'C:\Program Files\dotnet\sdk\8.0.101\Microsoft.VisualStudio.TestPlatform.Fakes.exe', returning.
TpTrace Information: 0 : 11008, 1, 2024/03/12, 12:09:44.503, 744155130767, vstest.console.dll, AssemblyResolver.OnResolve: Microsoft.VisualStudio.TestPlatform.Fakes: Failed to load assembly.
TpTrace Information: 0 : 11008, 1, 2024/03/12, 12:09:44.503, 744155133409, vstest.console.dll, Failed to load assembly Microsoft.VisualStudio.TestPlatform.Fakes, Version=17.0.0.0, Culture=neutral. Reason:System.IO.FileNotFoundException: Could not load file or assembly 'Microsoft.VisualStudio.TestPlatform.Fakes, Version=17.0.0.0, Culture=neutral, PublicKeyToken=null'. The system cannot find the file specified.
File name: 'Microsoft.VisualStudio.TestPlatform.Fakes, Version=17.0.0.0, Culture=neutral, PublicKeyToken=null'
   at System.Reflection.RuntimeAssembly.InternalLoad(AssemblyName assemblyName, StackCrawlMark& stackMark, AssemblyLoadContext assemblyLoadContext, RuntimeAssembly requestingAssembly, Boolean throwOnFileNotFound)
   at System.Reflection.Assembly.Load(AssemblyName assemblyRef)
   at Microsoft.VisualStudio.TestPlatform.Common.Utilities.FakesUtilities.LoadTestPlatformAssembly() in /_/src/Microsoft.TestPlatform.Common/Utilities/FakesUtilities.cs:line 272
TpTrace Verbose: 0 : 11008, 1, 2024/03/12, 12:09:44.506, 744155157244, vstest.console.dll, TestPluginCache.DiscoverTestExtensions: finding test extensions in assemblies ends with: TestLogger.dll TPluginInfo: Microsoft.VisualStudio.TestPlatform.Common.ExtensionFramework.Utilities.TestLoggerPluginInformation TExtension: Microsoft.VisualStudio.TestPlatform.ObjectModel.Client.ITestLogger
TpTrace Verbose: 0 : 11008, 1, 2024/03/12, 12:09:44.506, 744155158003, vstest.console.dll, TestPluginCache.GetExtensionPaths: Filtered extension paths: 
TpTrace Verbose: 0 : 11008, 1, 2024/03/12, 12:09:44.506, 744155158254, vstest.console.dll, TestPluginCache.GetExtensionPaths: Added default extension paths: C:\Program Files\dotnet\sdk\8.0.101\Extensions\Microsoft.Diagnostics.NETCore.Client.dll
C:\Program Files\dotnet\sdk\8.0.101\Extensions\Microsoft.TestPlatform.Extensions.BlameDataCollector.dll
C:\Program Files\dotnet\sdk\8.0.101\Extensions\Microsoft.TestPlatform.Extensions.EventLogCollector.dll
C:\Program Files\dotnet\sdk\8.0.101\Extensions\Microsoft.TestPlatform.TestHostRuntimeProvider.dll
C:\Program Files\dotnet\sdk\8.0.101\Extensions\Microsoft.VisualStudio.TestPlatform.Extensions.Html.TestLogger.dll
C:\Program Files\dotnet\sdk\8.0.101\Extensions\Microsoft.VisualStudio.TestPlatform.Extensions.Trx.TestLogger.dll
TpTrace Verbose: 0 : 11008, 1, 2024/03/12, 12:09:44.506, 744155158430, vstest.console.dll, TestPluginCache.GetExtensionPaths: Added unfilterableExtensionPaths: 
TpTrace Information: 0 : 11008, 1, 2024/03/12, 12:09:44.506, 744155159271, vstest.console.dll, AssemblyResolver.AddSearchDirectories: Adding more searchDirectories C:\Program Files\dotnet\sdk\8.0.101\Extensions,C:\Program Files\dotnet\sdk\8.0.101
TpTrace Verbose: 0 : 11008, 1, 2024/03/12, 12:09:44.506, 744155159570, vstest.console.dll, TestPluginCache.DiscoverTestExtensions: Discovering the extensions using extension path.
TpTrace Verbose: 0 : 11008, 1, 2024/03/12, 12:09:44.506, 744155159770, vstest.console.dll, TestPluginCache.GetExtensionPaths: Filtered extension paths: 
TpTrace Verbose: 0 : 11008, 1, 2024/03/12, 12:09:44.506, 744155159968, vstest.console.dll, TestPluginCache.GetExtensionPaths: Added default extension paths: C:\Program Files\dotnet\sdk\8.0.101\Extensions\Microsoft.Diagnostics.NETCore.Client.dll
C:\Program Files\dotnet\sdk\8.0.101\Extensions\Microsoft.TestPlatform.Extensions.BlameDataCollector.dll
C:\Program Files\dotnet\sdk\8.0.101\Extensions\Microsoft.TestPlatform.Extensions.EventLogCollector.dll
C:\Program Files\dotnet\sdk\8.0.101\Extensions\Microsoft.TestPlatform.TestHostRuntimeProvider.dll
C:\Program Files\dotnet\sdk\8.0.101\Extensions\Microsoft.VisualStudio.TestPlatform.Extensions.Html.TestLogger.dll
C:\Program Files\dotnet\sdk\8.0.101\Extensions\Microsoft.VisualStudio.TestPlatform.Extensions.Trx.TestLogger.dll
TpTrace Verbose: 0 : 11008, 1, 2024/03/12, 12:09:44.506, 744155160133, vstest.console.dll, TestPluginCache.GetExtensionPaths: Added unfilterableExtensionPaths: 
TpTrace Verbose: 0 : 11008, 1, 2024/03/12, 12:09:44.506, 744155160332, vstest.console.dll, TestPluginCache.DiscoverTestExtensions: Discovering the extensions using allExtensionPaths: C:\Program Files\dotnet\sdk\8.0.101\Extensions\Microsoft.Diagnostics.NETCore.Client.dll
C:\Program Files\dotnet\sdk\8.0.101\Extensions\Microsoft.TestPlatform.Extensions.BlameDataCollector.dll
C:\Program Files\dotnet\sdk\8.0.101\Extensions\Microsoft.TestPlatform.Extensions.EventLogCollector.dll
C:\Program Files\dotnet\sdk\8.0.101\Extensions\Microsoft.TestPlatform.TestHostRuntimeProvider.dll
C:\Program Files\dotnet\sdk\8.0.101\Extensions\Microsoft.VisualStudio.TestPlatform.Extensions.Html.TestLogger.dll
C:\Program Files\dotnet\sdk\8.0.101\Extensions\Microsoft.VisualStudio.TestPlatform.Extensions.Trx.TestLogger.dll
TpTrace Information: 0 : 11008, 1, 2024/03/12, 12:09:44.506, 744155161458, vstest.console.dll, AssemblyResolver.AddSearchDirectories: Adding more searchDirectories C:\Program Files\dotnet\sdk\8.0.101\Extensions,C:\Program Files\dotnet\sdk\8.0.101
TpTrace Information: 0 : 11008, 1, 2024/03/12, 12:09:44.506, 744155161779, vstest.console.dll, AssemblyResolver.AddSearchDirectories: Adding more searchDirectories C:\Program Files\dotnet\sdk\8.0.101\Extensions,C:\Program Files\dotnet\sdk\8.0.101
TpTrace Information: 0 : 11008, 1, 2024/03/12, 12:09:44.506, 744155162008, vstest.console.dll, AssemblyResolver.AddSearchDirectories: Adding more searchDirectories C:\Program Files\dotnet\sdk\8.0.101\Extensions,C:\Program Files\dotnet\sdk\8.0.101
TpTrace Information: 0 : 11008, 1, 2024/03/12, 12:09:44.506, 744155162174, vstest.console.dll, AssemblyResolver.AddSearchDirectories: Adding more searchDirectories C:\Program Files\dotnet\sdk\8.0.101\Extensions,C:\Program Files\dotnet\sdk\8.0.101
TpTrace Information: 0 : 11008, 1, 2024/03/12, 12:09:44.506, 744155162333, vstest.console.dll, AssemblyResolver.AddSearchDirectories: Adding more searchDirectories C:\Program Files\dotnet\sdk\8.0.101\Extensions,C:\Program Files\dotnet\sdk\8.0.101
TpTrace Information: 0 : 11008, 1, 2024/03/12, 12:09:44.506, 744155162546, vstest.console.dll, AssemblyResolver.AddSearchDirectories: Adding more searchDirectories C:\Program Files\dotnet\sdk\8.0.101\Extensions,C:\Program Files\dotnet\sdk\8.0.101
TpTrace Verbose: 0 : 11008, 1, 2024/03/12, 12:09:44.506, 744155163294, vstest.console.dll, MetadataReaderExtensionsHelper: Discovering extensions inside assembly 'Microsoft.Diagnostics.NETCore.Client, Version=0.2.8.21101, Culture=neutral, PublicKeyToken=31bf3856ad364e35' file path 'C:\Program Files\dotnet\sdk\8.0.101\Extensions\Microsoft.Diagnostics.NETCore.Client.dll'
TpTrace Information: 0 : 11008, 1, 2024/03/12, 12:09:44.507, 744155169240, vstest.console.dll, AssemblyResolver.OnResolve: Microsoft.Bcl.AsyncInterfaces: Resolving assembly.
TpTrace Information: 0 : 11008, 1, 2024/03/12, 12:09:44.507, 744155169647, vstest.console.dll, AssemblyResolver.OnResolve: Microsoft.Bcl.AsyncInterfaces: Resolved from cache.
TpTrace Verbose: 0 : 11008, 1, 2024/03/12, 12:09:44.507, 744155169861, vstest.console.dll, CurrentDomainAssemblyResolve: Resolving assembly 'Microsoft.Bcl.AsyncInterfaces'.
TpTrace Information: 0 : 11008, 1, 2024/03/12, 12:09:44.507, 744155170165, vstest.console.dll, AssemblyResolver.OnResolve: Microsoft.Bcl.AsyncInterfaces: Resolving assembly.
TpTrace Information: 0 : 11008, 1, 2024/03/12, 12:09:44.507, 744155170369, vstest.console.dll, AssemblyResolver.OnResolve: Microsoft.Bcl.AsyncInterfaces: Resolved from cache.
TpTrace Verbose: 0 : 11008, 1, 2024/03/12, 12:09:44.507, 744155170594, vstest.console.dll, CurrentDomainAssemblyResolve: Resolving assembly 'Microsoft.Bcl.AsyncInterfaces'.
TpTrace Verbose: 0 : 11008, 1, 2024/03/12, 12:09:44.507, 744155170768, vstest.console.dll, CurrentDomainAssemblyResolve: Failed to resolve assembly 'Microsoft.Bcl.AsyncInterfaces'.
TpTrace Verbose: 0 : 11008, 1, 2024/03/12, 12:09:44.507, 744155171916, vstest.console.dll, CurrentDomainAssemblyResolve: Failed to resolve assembly 'Microsoft.Bcl.AsyncInterfaces'.
TpTrace Warning: 0 : 11008, 1, 2024/03/12, 12:09:44.507, 744155174772, vstest.console.dll, TestPluginDiscoverer: Failed to get types from assembly 'Microsoft.Diagnostics.NETCore.Client, Version=0.2.8.21101, Culture=neutral, PublicKeyToken=31bf3856ad364e35'. Error: System.Reflection.ReflectionTypeLoadException: Unable to load one or more of the requested types.
Could not load file or assembly 'Microsoft.Bcl.AsyncInterfaces, Version=1.0.0.0, Culture=neutral, PublicKeyToken=cc7b13ffcd2ddd51'. The system cannot find the file specified.
   at System.Reflection.RuntimeModule.GetTypes(RuntimeModule module)
   at System.Reflection.RuntimeModule.GetTypes()
   at Microsoft.VisualStudio.TestPlatform.Common.ExtensionFramework.TestPluginDiscoverer.GetTestExtensionsFromAssembly[TPluginInfo,TExtension](Assembly assembly, Dictionary`2 pluginInfos, String filePath) in /_/src/Microsoft.TestPlatform.Common/ExtensionFramework/TestPluginDiscoverer.cs:line 158
System.IO.FileNotFoundException: Could not load file or assembly 'Microsoft.Bcl.AsyncInterfaces, Version=1.0.0.0, Culture=neutral, PublicKeyToken=cc7b13ffcd2ddd51'. The system cannot find the file specified.
File name: 'Microsoft.Bcl.AsyncInterfaces, Version=1.0.0.0, Culture=neutral, PublicKeyToken=cc7b13ffcd2ddd51'
 ---> System.IO.FileNotFoundException: Could not load file or assembly 'Microsoft.Bcl.AsyncInterfaces, Culture=neutral, PublicKeyToken=null'. The system cannot find the file specified.
File name: 'Microsoft.Bcl.AsyncInterfaces, Culture=neutral, PublicKeyToken=null'
   at System.Reflection.RuntimeAssembly.InternalLoad(AssemblyName assemblyName, StackCrawlMark& stackMark, AssemblyLoadContext assemblyLoadContext, RuntimeAssembly requestingAssembly, Boolean throwOnFileNotFound)
   at System.Reflection.Assembly.Load(AssemblyName assemblyRef)
   at Microsoft.VisualStudio.TestPlatform.Common.ExtensionFramework.TestPluginCache.CurrentDomainAssemblyResolve(Object sender, AssemblyResolveEventArgs args) in /_/src/Microsoft.TestPlatform.Common/ExtensionFramework/TestPluginCache.cs:line 513
   at System.Runtime.Loader.AssemblyLoadContext.GetFirstResolvedAssemblyFromResolvingEvent(AssemblyName assemblyName)
   at System.Runtime.Loader.AssemblyLoadContext.ResolveUsingEvent(AssemblyName assemblyName)
   at System.Runtime.Loader.AssemblyLoadContext.ResolveUsingResolvingEvent(IntPtr gchManagedAssemblyLoadContext, AssemblyName assemblyName)
TpTrace Warning: 0 : 11008, 1, 2024/03/12, 12:09:44.507, 744155176105, vstest.console.dll, LoaderExceptions: System.IO.FileNotFoundException: Could not load file or assembly 'Microsoft.Bcl.AsyncInterfaces, Version=1.0.0.0, Culture=neutral, PublicKeyToken=cc7b13ffcd2ddd51'. The system cannot find the file specified.
File name: 'Microsoft.Bcl.AsyncInterfaces, Version=1.0.0.0, Culture=neutral, PublicKeyToken=cc7b13ffcd2ddd51'
 ---> System.IO.FileNotFoundException: Could not load file or assembly 'Microsoft.Bcl.AsyncInterfaces, Culture=neutral, PublicKeyToken=null'. The system cannot find the file specified.
File name: 'Microsoft.Bcl.AsyncInterfaces, Culture=neutral, PublicKeyToken=null'
   at System.Reflection.RuntimeAssembly.InternalLoad(AssemblyName assemblyName, StackCrawlMark& stackMark, AssemblyLoadContext assemblyLoadContext, RuntimeAssembly requestingAssembly, Boolean throwOnFileNotFound)
   at System.Reflection.Assembly.Load(AssemblyName assemblyRef)
   at Microsoft.VisualStudio.TestPlatform.Common.ExtensionFramework.TestPluginCache.CurrentDomainAssemblyResolve(Object sender, AssemblyResolveEventArgs args) in /_/src/Microsoft.TestPlatform.Common/ExtensionFramework/TestPluginCache.cs:line 513
   at System.Runtime.Loader.AssemblyLoadContext.GetFirstResolvedAssemblyFromResolvingEvent(AssemblyName assemblyName)
   at System.Runtime.Loader.AssemblyLoadContext.ResolveUsingEvent(AssemblyName assemblyName)
   at System.Runtime.Loader.AssemblyLoadContext.ResolveUsingResolvingEvent(IntPtr gchManagedAssemblyLoadContext, AssemblyName assemblyName)
TpTrace Verbose: 0 : 11008, 1, 2024/03/12, 12:09:44.507, 744155176769, vstest.console.dll, MetadataReaderExtensionsHelper: Discovering extensions inside assembly 'Microsoft.TestPlatform.Extensions.BlameDataCollector, Version=15.0.0.0, Culture=neutral, PublicKeyToken=b03f5f7f11d50a3a' file path 'C:\Program Files\dotnet\sdk\8.0.101\Extensions\Microsoft.TestPlatform.Extensions.BlameDataCollector.dll'
TpTrace Information: 0 : 11008, 1, 2024/03/12, 12:09:44.508, 744155179479, vstest.console.dll, GetTestExtensionFromType: Register extension with identifier data 'logger://Microsoft/TestPlatform/Extensions/Blame/v1' and type 'Microsoft.TestPlatform.Extensions.BlameDataCollector.BlameLogger, Microsoft.TestPlatform.Extensions.BlameDataCollector, Version=15.0.0.0, Culture=neutral, PublicKeyToken=b03f5f7f11d50a3a' inside file 'C:\Program Files\dotnet\sdk\8.0.101\Extensions\Microsoft.TestPlatform.Extensions.BlameDataCollector.dll'
TpTrace Verbose: 0 : 11008, 1, 2024/03/12, 12:09:44.508, 744155179885, vstest.console.dll, MetadataReaderExtensionsHelper: Discovering extensions inside assembly 'Microsoft.TestPlatform.Extensions.EventLogCollector, Version=15.0.0.0, Culture=neutral, PublicKeyToken=b03f5f7f11d50a3a' file path 'C:\Program Files\dotnet\sdk\8.0.101\Extensions\Microsoft.TestPlatform.Extensions.EventLogCollector.dll'
TpTrace Verbose: 0 : 11008, 1, 2024/03/12, 12:09:44.508, 744155181470, vstest.console.dll, MetadataReaderExtensionsHelper: Discovering extensions inside assembly 'Microsoft.TestPlatform.TestHostRuntimeProvider, Version=15.0.0.0, Culture=neutral, PublicKeyToken=b03f5f7f11d50a3a' file path 'C:\Program Files\dotnet\sdk\8.0.101\Extensions\Microsoft.TestPlatform.TestHostRuntimeProvider.dll'
TpTrace Verbose: 0 : 11008, 1, 2024/03/12, 12:09:44.508, 744155183163, vstest.console.dll, MetadataReaderExtensionsHelper: Discovering extensions inside assembly 'Microsoft.VisualStudio.TestPlatform.Extensions.Html.TestLogger, Version=15.0.0.0, Culture=neutral, PublicKeyToken=b03f5f7f11d50a3a' file path 'C:\Program Files\dotnet\sdk\8.0.101\Extensions\Microsoft.VisualStudio.TestPlatform.Extensions.Html.TestLogger.dll'
TpTrace Information: 0 : 11008, 1, 2024/03/12, 12:09:44.508, 744155186840, vstest.console.dll, GetTestExtensionFromType: Register extension with identifier data 'logger://Microsoft/TestPlatform/HtmlLogger/v1' and type 'Microsoft.VisualStudio.TestPlatform.Extensions.HtmlLogger.HtmlLogger, Microsoft.VisualStudio.TestPlatform.Extensions.Html.TestLogger, Version=15.0.0.0, Culture=neutral, PublicKeyToken=b03f5f7f11d50a3a' inside file 'C:\Program Files\dotnet\sdk\8.0.101\Extensions\Microsoft.VisualStudio.TestPlatform.Extensions.Html.TestLogger.dll'
TpTrace Verbose: 0 : 11008, 1, 2024/03/12, 12:09:44.509, 744155187255, vstest.console.dll, MetadataReaderExtensionsHelper: Discovering extensions inside assembly 'Microsoft.VisualStudio.TestPlatform.Extensions.Trx.TestLogger, Version=15.0.0.0, Culture=neutral, PublicKeyToken=b03f5f7f11d50a3a' file path 'C:\Program Files\dotnet\sdk\8.0.101\Extensions\Microsoft.VisualStudio.TestPlatform.Extensions.Trx.TestLogger.dll'
TpTrace Information: 0 : 11008, 1, 2024/03/12, 12:09:44.509, 744155189252, vstest.console.dll, GetTestExtensionFromType: Register extension with identifier data 'logger://Microsoft/TestPlatform/TrxLogger/v1' and type 'Microsoft.VisualStudio.TestPlatform.Extensions.TrxLogger.TrxLogger, Microsoft.VisualStudio.TestPlatform.Extensions.Trx.TestLogger, Version=15.0.0.0, Culture=neutral, PublicKeyToken=b03f5f7f11d50a3a' inside file 'C:\Program Files\dotnet\sdk\8.0.101\Extensions\Microsoft.VisualStudio.TestPlatform.Extensions.Trx.TestLogger.dll'
TpTrace Verbose: 0 : 11008, 1, 2024/03/12, 12:09:44.509, 744155190001, vstest.console.dll, TestPluginCache: Discovered the extensions using extension path ''.
TpTrace Verbose: 0 : 11008, 1, 2024/03/12, 12:09:44.509, 744155190211, vstest.console.dll, TestPluginCache: Discoverers are ''.
TpTrace Verbose: 0 : 11008, 1, 2024/03/12, 12:09:44.509, 744155190352, vstest.console.dll, TestPluginCache: Executors are ''.
TpTrace Verbose: 0 : 11008, 1, 2024/03/12, 12:09:44.509, 744155190478, vstest.console.dll, TestPluginCache: Executors2 are ''.
TpTrace Verbose: 0 : 11008, 1, 2024/03/12, 12:09:44.509, 744155190603, vstest.console.dll, TestPluginCache: Setting providers are ''.
TpTrace Verbose: 0 : 11008, 1, 2024/03/12, 12:09:44.509, 744155191014, vstest.console.dll, TestPluginCache: Loggers are 'logger://Microsoft/TestPlatform/Extensions/Blame/v1,logger://Microsoft/TestPlatform/HtmlLogger/v1,logger://Microsoft/TestPlatform/TrxLogger/v1'.
TpTrace Verbose: 0 : 11008, 1, 2024/03/12, 12:09:44.509, 744155191328, vstest.console.dll, TestPluginCache: TestHosts are 'HostProvider://DefaultTestHost,HostProvider://DotnetTestHost'.
TpTrace Verbose: 0 : 11008, 1, 2024/03/12, 12:09:44.509, 744155191492, vstest.console.dll, TestPluginCache: DataCollectors are ''.
TpTrace Information: 0 : 11008, 1, 2024/03/12, 12:09:44.509, 744155196826, vstest.console.dll, TestPluginManager.CreateTestExtension: Attempting to load test extension: Microsoft.TestPlatform.Extensions.BlameDataCollector.BlameLogger
TpTrace Verbose: 0 : 11008, 1, 2024/03/12, 12:09:44.514, 744155242377, vstest.console.dll, TestEngine: Initializing Parallel Execution as MaxCpuCount is set to: 1
TpTrace Information: 0 : 11008, 1, 2024/03/12, 12:09:44.515, 744155252367, vstest.console.dll, TestPluginManager.CreateTestExtension: Attempting to load test extension: Microsoft.VisualStudio.TestPlatform.CrossPlatEngine.Hosting.DefaultTestHostManager
TpTrace Information: 0 : 11008, 1, 2024/03/12, 12:09:44.515, 744155256418, vstest.console.dll, TestPluginManager.CreateTestExtension: Attempting to load test extension: Microsoft.VisualStudio.TestPlatform.CrossPlatEngine.Hosting.DotnetTestHostManager
TpTrace Information: 0 : 11008, 1, 2024/03/12, 12:09:44.516, 744155260071, vstest.console.dll, InferRunSettingsHelper.IsTestSettingsEnabled: Unable to navigate to RunSettings/MSTest. Current node: RunSettings
TpTrace Verbose: 0 : 11008, 1, 2024/03/12, 12:09:44.516, 744155263609, vstest.console.dll, ParallelOperationManager.ClearSlots: Clearing all slots. Slots should accept more work: True
TpTrace Verbose: 0 : 11008, 1, 2024/03/12, 12:09:44.517, 744155267332, vstest.console.dll, ParallelOperationManager.SetOccupiedSlotCount: Setting slot counts AvailableSlotCount = 1, OccupiedSlotCount = 0.
TpTrace Verbose: 0 : 11008, 1, 2024/03/12, 12:09:44.517, 744155269314, vstest.console.dll, Occupied slots:

TpTrace Verbose: 0 : 11008, 1, 2024/03/12, 12:09:44.519, 744155295251, vstest.console.dll, TestEngine.GetExecutionManager: Chosen execution manager 'Microsoft.VisualStudio.TestPlatform.CrossPlatEngine.Client.Parallel.ParallelProxyExecutionManager, Microsoft.TestPlatform.CrossPlatEngine, Version=15.0.0.0, Culture=neutral, PublicKeyToken=b03f5f7f11d50a3a' ParallelLevel '1'.
TpTrace Verbose: 0 : 11008, 1, 2024/03/12, 12:09:44.519, 744155296649, vstest.console.dll, TestRunRequest.ExecuteAsync: Creating test run request.
TpTrace Verbose: 0 : 11008, 1, 2024/03/12, 12:09:44.520, 744155298313, vstest.console.dll, TestRunRequest.ExecuteAsync: Starting.
TpTrace Information: 0 : 11008, 1, 2024/03/12, 12:09:44.521, 744155307672, vstest.console.dll, TestRunRequest.ExecuteAsync: Starting run with settings:TestRunCriteria:
   KeepAlive=False,FrequencyOfRunStatsChangeEvent=10,RunStatsChangeEventTimeout=00:00:01.5000000,TestCaseFilter=,TestExecutorLauncher=
   Settingsxml=<RunSettings>
  <RunConfiguration>
    <ResultsDirectory>C:\Users\Ivan\Desktop\Eventmi-AppSkeleton\EventmiTest\bin\Debug\net6.0\fine-code-coverage\coverage-tool-output</ResultsDirectory>
    <TargetPlatform>X64</TargetPlatform>
    <TargetFrameworkVersion>.NETCoreApp,Version=v6.0</TargetFrameworkVersion>
    <DesignMode>False</DesignMode>
    <CollectSourceInformation>False</CollectSourceInformation>
  </RunConfiguration>
  <LoggerRunSettings>
    <Loggers>
      <Logger friendlyName="blame" enabled="True" />
      <Logger friendlyName="Console" uri="logger://microsoft/TestPlatform/ConsoleLogger/v1" assemblyQualifiedName="Microsoft.VisualStudio.TestPlatform.CommandLine.Internal.ConsoleLogger, vstest.console, Version=15.0.0.0, Culture=neutral, PublicKeyToken=b03f5f7f11d50a3a" codeBase="C:\Program Files\dotnet\sdk\8.0.101\vstest.console.dll" enabled="True" />
    </Loggers>
  </LoggerRunSettings>
  <DataCollectionRunSettings>
    <DataCollectors>
      <DataCollector friendlyName="blame" enabled="True">
        <Configuration>
          <ResultsDirectory>C:\Users\Ivan\Desktop\Eventmi-AppSkeleton\EventmiTest\bin\Debug\net6.0\fine-code-coverage\coverage-tool-output</ResultsDirectory>
        </Configuration>
      </DataCollector>
    </DataCollectors>
  </DataCollectionRunSettings>
</RunSettings>

TpTrace Verbose: 0 : 11008, 1, 2024/03/12, 12:09:44.521, 744155308477, vstest.console.dll, TestRunRequest.ExecuteAsync: Wait for the first run request is over.
TpTrace Verbose: 0 : 11008, 1, 2024/03/12, 12:09:44.521, 744155311292, vstest.console.dll, MulticastDelegateUtilities.SafeInvoke: TestRun.TestRunStart: Invoking callbacks was skipped because there are no subscribers.
TpTrace Verbose: 0 : 11008, 4, 2024/03/12, 12:09:44.521, 744155312824, vstest.console.dll, MulticastDelegateUtilities.SafeInvoke: InternalTestLoggerEvents.SendTestRunStart: Invoking callback 1/1 for Microsoft.VisualStudio.TestPlatform.CommandLine.Internal.ConsoleLogger., took 0 ms.
TpTrace Verbose: 0 : 11008, 1, 2024/03/12, 12:09:44.522, 744155318853, vstest.console.dll, ParallelProxyExecutionManager: Start execution. Total sources: 1
TpTrace Verbose: 0 : 11008, 1, 2024/03/12, 12:09:44.522, 744155321950, vstest.console.dll, ParallelOperationManager.StartWork: Starting adding 1 workloads.
TpTrace Verbose: 0 : 11008, 1, 2024/03/12, 12:09:44.522, 744155322477, vstest.console.dll, ParallelOperationManager.ClearSlots: Clearing all slots. Slots should accept more work: True
TpTrace Verbose: 0 : 11008, 1, 2024/03/12, 12:09:44.522, 744155322978, vstest.console.dll, ParallelOperationManager.SetOccupiedSlotCount: Setting slot counts AvailableSlotCount = 1, OccupiedSlotCount = 0.
TpTrace Verbose: 0 : 11008, 1, 2024/03/12, 12:09:44.522, 744155323231, vstest.console.dll, Occupied slots:

TpTrace Verbose: 0 : 11008, 1, 2024/03/12, 12:09:44.523, 744155332958, vstest.console.dll, TestRequestSender is acting as server.
TpTrace Verbose: 0 : 11008, 1, 2024/03/12, 12:09:44.524, 744155341239, vstest.console.dll, ParallelOperationManager.RunWorkInParallel: Adding 1 workload to slot, remaining workloads 0.
TpTrace Verbose: 0 : 11008, 1, 2024/03/12, 12:09:44.524, 744155341612, vstest.console.dll, ParallelOperationManager.SetOccupiedSlotCount: Setting slot counts AvailableSlotCount = 0, OccupiedSlotCount = 1.
TpTrace Verbose: 0 : 11008, 1, 2024/03/12, 12:09:44.524, 744155342290, vstest.console.dll, Occupied slots:
0: C:\Users\Ivan\Desktop\Eventmi-AppSkeleton\EventmiTest\bin\Debug\net6.0\fine-code-coverage\build-output\EventmiTest.dll
TpTrace Verbose: 0 : 11008, 1, 2024/03/12, 12:09:44.525, 744155349117, vstest.console.dll, ParallelOperationManager.RunWorkInParallel: Started host in slot number 0 for work (source): C:\Users\Ivan\Desktop\Eventmi-AppSkeleton\EventmiTest\bin\Debug\net6.0\fine-code-coverage\build-output\EventmiTest.dll.
TpTrace Verbose: 0 : 11008, 1, 2024/03/12, 12:09:44.525, 744155354736, vstest.console.dll, ParallelOperationManager.RunWorkInParallel: We started 1 work items, which is the max parallel level. Won't start more work.
TpTrace Verbose: 0 : 11008, 1, 2024/03/12, 12:09:44.525, 744155355051, vstest.console.dll, ParallelOperationManager.RunWorkInParallel: We started 1 work items in here, returning True.
TpTrace Information: 0 : 11008, 1, 2024/03/12, 12:09:44.525, 744155355253, vstest.console.dll, TestRunRequest.ExecuteAsync: Started.
TpTrace Verbose: 0 : 11008, 5, 2024/03/12, 12:09:44.525, 744155356897, vstest.console.dll, ParallelProxyExecutionManager.StartTestRunOnConcurrentManager: Initializing uninitialized client. Started clients: 0
TpTrace Verbose: 0 : 11008, 5, 2024/03/12, 12:09:44.526, 744155358103, vstest.console.dll, DataCollectionRequestSender.InitializeCommunication : Initialize communication. 
TpTrace Verbose: 0 : 11008, 1, 2024/03/12, 12:09:44.526, 744155358877, vstest.console.dll, TestRunRequest.WaitForCompletion: Waiting with timeout -1.
TpTrace Information: 0 : 11008, 5, 2024/03/12, 12:09:44.530, 744155402765, vstest.console.dll, Listening on Endpoint : 127.0.0.1:13120
TpTrace Verbose: 0 : 11008, 5, 2024/03/12, 12:09:44.534, 744155437428, vstest.console.dll, DotnetDataCollectionLauncher: Adding  --runtimeconfig "C:\Program Files\dotnet\sdk\8.0.101\datacollector.runtimeconfig.json" in args
TpTrace Verbose: 0 : 11008, 5, 2024/03/12, 12:09:44.534, 744155438028, vstest.console.dll, DotnetDataCollectionLauncher: Adding  --depsfile "C:\Program Files\dotnet\sdk\8.0.101\datacollector.deps.json" in args
TpTrace Verbose: 0 : 11008, 5, 2024/03/12, 12:09:44.534, 744155439311, vstest.console.dll, DotnetDataCollectionLauncher: Full path of dotnet.exe is C:\Program Files\dotnet\dotnet.exe
TpTrace Information: 0 : 11008, 5, 2024/03/12, 12:09:44.539, 744155487951, vstest.console.dll, ProxyDataCollectionManager.Initialize: Launched datacollector processId: 18564 port: 13120
TpTrace Information: 0 : 11008, 5, 2024/03/12, 12:09:44.539, 744155489185, vstest.console.dll, ProxyDataCollectionManager.Initialize: waiting for connection with timeout: 90 seconds
TpTrace Verbose: 0 : 11008, 5, 2024/03/12, 12:09:44.539, 744155489532, vstest.console.dll, DataCollectionRequestSender.WaitForRequestHandlerConnection : Waiting for connection with timeout: 90000
TpTrace Information: 0 : 11008, 7, 2024/03/12, 12:09:44.626, 744156363148, vstest.console.dll, Using the buffer size of 16384 bytes
TpTrace Verbose: 0 : 11008, 5, 2024/03/12, 12:09:44.626, 744156363203, vstest.console.dll, SocketCommunicationManager.WaitForClientConnection took: 87 ms, with 90000 ms timeout, and finished with True.
TpTrace Information: 0 : 11008, 7, 2024/03/12, 12:09:44.626, 744156363980, vstest.console.dll, Accepted Client request and set the flag
TpTrace Verbose: 0 : 11008, 5, 2024/03/12, 12:09:44.626, 744156364786, vstest.console.dll, ProxyDataCollectionManager.InvokeDataCollectionServiceAction: Starting.
TpTrace Information: 0 : 11008, 5, 2024/03/12, 12:09:44.626, 744156365323, vstest.console.dll, ProxyDataCollectionManager.BeforeTestRunStart: Get environment variable and port for datacollector processId: 18564 port: 13120
TpTrace Verbose: 0 : 11008, 5, 2024/03/12, 12:09:44.626, 744156366124, vstest.console.dll, DataCollectionRequestSender.SendBeforeTestRunStartAndGetResult: Send BeforeTestRunStart message with settingsXml <RunSettings><RunConfiguration><ResultsDirectory>C:\Users\Ivan\Desktop\Eventmi-AppSkeleton\EventmiTest\bin\Debug\net6.0\fine-code-coverage\coverage-tool-output</ResultsDirectory><TargetPlatform>X64</TargetPlatform><TargetFrameworkVersion>.NETCoreApp,Version=v6.0</TargetFrameworkVersion><DesignMode>False</DesignMode><CollectSourceInformation>False</CollectSourceInformation><TestAdaptersPaths>C:\Program Files\dotnet\sdk\8.0.101\Extensions</TestAdaptersPaths></RunConfiguration><LoggerRunSettings><Loggers><Logger friendlyName="blame" enabled="True" /><Logger friendlyName="Console" uri="logger://microsoft/TestPlatform/ConsoleLogger/v1" assemblyQualifiedName="Microsoft.VisualStudio.TestPlatform.CommandLine.Internal.ConsoleLogger, vstest.console, Version=15.0.0.0, Culture=neutral, PublicKeyToken=b03f5f7f11d50a3a" codeBase="C:\Program Files\dotnet\sdk\8.0.101\vstest.console.dll" enabled="True" /></Loggers></LoggerRunSettings><DataCollectionRunSettings><DataCollectors><DataCollector friendlyName="blame" enabled="True"><Configuration><ResultsDirectory>C:\Users\Ivan\Desktop\Eventmi-AppSkeleton\EventmiTest\bin\Debug\net6.0\fine-code-coverage\coverage-tool-output</ResultsDirectory></Configuration></DataCollector></DataCollectors></DataCollectionRunSettings></RunSettings> and sources System.Collections.Generic.List`1[System.String]: 
TpTrace Verbose: 0 : 11008, 5, 2024/03/12, 12:09:44.657, 744156674201, vstest.console.dll, DataCollectionRequestSender.SendBeforeTestRunStartAndGetResult: Received message: (DataCollection.SendMessage) -> {"MessageType":"DataCollection.SendMessage","Payload":{"FriendlyName":null,"Uri":null,"TestCaseId":"00000000-0000-0000-0000-000000000000","Message":"Logging DataCollector Diagnostics in file: C:\\Users\\Ivan\\Desktop\\Eventmi-AppSkeleton\\EventmiTest\\bin\\Debug\\net6.0\\fine-code-coverage\\coverage-tool-output\\diagnostics.datacollector.24-03-12_12-09-44_53389_5.log","Level":0}}
TpTrace Verbose: 0 : 11008, 5, 2024/03/12, 12:09:44.706, 744157157198, vstest.console.dll, DataCollectionRequestSender.SendBeforeTestRunStartAndGetResult: Received message: (DataCollection.BeforeTestRunStartResult) -> {"MessageType":"DataCollection.BeforeTestRunStartResult","Payload":{"EnvironmentVariables":{},"DataCollectionEventsPort":13122}}
TpTrace Information: 0 : 11008, 5, 2024/03/12, 12:09:44.708, 744157186548, vstest.console.dll, ProxyDataCollectionManager.BeforeTestRunStart: SendBeforeTestRunStartAndGetResult successful, env variable from datacollector:   and testhost port: 13122
TpTrace Information: 0 : 11008, 5, 2024/03/12, 12:09:44.709, 744157187172, vstest.console.dll, ProxyDataCollectionManager.InvokeDataCollectionServiceAction: Completed.
TpTrace Verbose: 0 : 11008, 5, 2024/03/12, 12:09:44.709, 744157187419, vstest.console.dll, ParallelProxyExecutionManager.StartTestRunOnConcurrentManager: Initializing test run. Started clients: 0
TpTrace Verbose: 0 : 11008, 5, 2024/03/12, 12:09:44.709, 744157187988, vstest.console.dll, ProxyExecutionManager: Test host is always Lazy initialize.
TpTrace Verbose: 0 : 11008, 5, 2024/03/12, 12:09:44.709, 744157189478, vstest.console.dll, TestRequestSender.InitializeCommunication: initialize communication. 
TpTrace Information: 0 : 11008, 5, 2024/03/12, 12:09:44.709, 744157193185, vstest.console.dll, SocketServer.Start: Listening on endpoint : 127.0.0.1:13123
TpTrace Verbose: 0 : 11008, 5, 2024/03/12, 12:09:44.710, 744157198234, vstest.console.dll, DotnetTestHostmanager.GetTestHostProcessStartInfo: Platform environment 'X64' target architecture 'X64' framework '.NETCoreApp,Version=v6.0' OS 'Windows'
TpTrace Verbose: 0 : 11008, 5, 2024/03/12, 12:09:44.710, 744157199669, vstest.console.dll, DotnetTestHostmanager: Adding  --runtimeconfig "C:\Users\Ivan\Desktop\Eventmi-AppSkeleton\EventmiTest\bin\Debug\net6.0\fine-code-coverage\build-output\EventmiTest.runtimeconfig.json" in args
TpTrace Verbose: 0 : 11008, 5, 2024/03/12, 12:09:44.710, 744157200187, vstest.console.dll, DotnetTestHostmanager: Adding  --depsfile "C:\Users\Ivan\Desktop\Eventmi-AppSkeleton\EventmiTest\bin\Debug\net6.0\fine-code-coverage\build-output\EventmiTest.deps.json" in args
TpTrace Verbose: 0 : 11008, 5, 2024/03/12, 12:09:44.710, 744157201365, vstest.console.dll, DotnetTestHostmanager.IsWinOnArm: Current PROCESSOR_ARCHITECTURE from environment variable 'AMD64'
TpTrace Verbose: 0 : 11008, 5, 2024/03/12, 12:09:44.710, 744157201740, vstest.console.dll, DotnetTestHostmanager.IsWinOnArm: Is Windows on ARM 'False'
TpTrace Verbose: 0 : 11008, 5, 2024/03/12, 12:09:44.710, 744157202211, vstest.console.dll, DotnetTestHostManager: testhost.exe found at path: C:\Users\Ivan\Desktop\Eventmi-AppSkeleton\EventmiTest\bin\Debug\net6.0\fine-code-coverage\build-output\testhost.exe
TpTrace Verbose: 0 : 11008, 5, 2024/03/12, 12:09:44.710, 744157202451, vstest.console.dll, DotnetTestHostmanager: Full path of host exe is C:\Users\Ivan\Desktop\Eventmi-AppSkeleton\EventmiTest\bin\Debug\net6.0\fine-code-coverage\build-output\testhost.exe
TpTrace Verbose: 0 : 11008, 5, 2024/03/12, 12:09:44.710, 744157203252, vstest.console.dll, DotnetTestHostmanager.LaunchTestHostAsync: Found 'VSTEST_WINAPPHOST_DOTNET_ROOT' in env variables, value 'C:\Program Files\dotnet', forwarding to 'DOTNET_ROOT'
TpTrace Verbose: 0 : 11008, 5, 2024/03/12, 12:09:44.710, 744157204134, vstest.console.dll, DotnetTestHostManager: Starting process 'C:\Users\Ivan\Desktop\Eventmi-AppSkeleton\EventmiTest\bin\Debug\net6.0\fine-code-coverage\build-output\testhost.exe' with command line ' --runtimeconfig "C:\Users\Ivan\Desktop\Eventmi-AppSkeleton\EventmiTest\bin\Debug\net6.0\fine-code-coverage\build-output\EventmiTest.runtimeconfig.json" --depsfile "C:\Users\Ivan\Desktop\Eventmi-AppSkeleton\EventmiTest\bin\Debug\net6.0\fine-code-coverage\build-output\EventmiTest.deps.json" --port 13123 --endpoint 127.0.0.1:013123 --role client --parentprocessid 11008 --diag "C:\Users\Ivan\Desktop\Eventmi-AppSkeleton\EventmiTest\bin\Debug\net6.0\fine-code-coverage\coverage-tool-output\diagnostics.host.24-03-12_12-09-44_70985_5.log" --tracelevel 4 --datacollectionport 13122 --telemetryoptedin false'
TpTrace Verbose: 0 : 11008, 5, 2024/03/12, 12:09:44.715, 744157251144, vstest.console.dll, MulticastDelegateUtilities.SafeInvoke: HostProviderEvents.OnHostLaunched: Invoking callback 1/2 for Microsoft.VisualStudio.TestPlatform.CrossPlatEngine.Client.ProxyExecutionManagerWithDataCollection., took 0 ms.
TpTrace Verbose: 0 : 11008, 5, 2024/03/12, 12:09:44.715, 744157253056, vstest.console.dll, Test Runtime launched
TpTrace Verbose: 0 : 11008, 5, 2024/03/12, 12:09:44.715, 744157253491, vstest.console.dll, MulticastDelegateUtilities.SafeInvoke: HostProviderEvents.OnHostLaunched: Invoking callback 2/2 for Microsoft.VisualStudio.TestPlatform.CrossPlatEngine.Client.ProxyOperationManager., took 0 ms.
TpTrace Verbose: 0 : 11008, 5, 2024/03/12, 12:09:44.715, 744157254304, vstest.console.dll, TestRequestSender.WaitForRequestHandlerConnection: waiting for connection with timeout: 90000.
TpTrace Verbose: 0 : 11008, 7, 2024/03/12, 12:09:44.817, 744158276695, vstest.console.dll, MulticastDelegateUtilities.SafeInvoke: SocketServer: ClientConnected: Invoking callback 1/1 for Microsoft.VisualStudio.TestPlatform.CommunicationUtilities.TestRequestSender., took 0 ms.
TpTrace Verbose: 0 : 11008, 5, 2024/03/12, 12:09:44.817, 744158276695, vstest.console.dll, TestRequestSender.WaitForRequestHandlerConnection: waiting took 102 ms, with timeout 90000 ms, and result 0, which is success.
TpTrace Verbose: 0 : 11008, 7, 2024/03/12, 12:09:44.818, 744158277746, vstest.console.dll, SocketServer.OnClientConnected: Client connected for endPoint: 127.0.0.1:13123, starting MessageLoopAsync:
TpTrace Verbose: 0 : 11008, 14, 2024/03/12, 12:09:44.818, 744158282465, vstest.console.dll, TcpClientExtensions.MessageLoopAsync: Polling on remoteEndPoint: 127.0.0.1:13124 localEndPoint: 127.0.0.1:13123
TpTrace Verbose: 0 : 11008, 5, 2024/03/12, 12:09:44.818, 744158284569, vstest.console.dll, TestRequestSender.CheckVersionWithTestHost: Sending check version message: {"MessageType":"ProtocolVersion","Payload":7}
TpTrace Verbose: 0 : 11008, 14, 2024/03/12, 12:09:44.921, 744159313952, vstest.console.dll, TcpClientExtensions.MessageLoopAsync: NotifyDataAvailable remoteEndPoint: 127.0.0.1:13124 localEndPoint: 127.0.0.1:13123
TpTrace Verbose: 0 : 11008, 14, 2024/03/12, 12:09:44.921, 744159316015, vstest.console.dll, TestRequestSender.CheckVersionWithTestHost: onMessageReceived received message: (ProtocolVersion) -> {"MessageType":"ProtocolVersion","Payload":7}
TpTrace Verbose: 0 : 11008, 14, 2024/03/12, 12:09:44.922, 744159321444, vstest.console.dll, MulticastDelegateUtilities.SafeInvoke: LengthPrefixCommunicationChannel: MessageReceived: Invoking callback 1/1 for Microsoft.VisualStudio.TestPlatform.CommunicationUtilities.TestRequestSender+<>c__DisplayClass29_0., took 0 ms.
TpTrace Verbose: 0 : 11008, 14, 2024/03/12, 12:09:44.922, 744159322055, vstest.console.dll, TcpClientExtensions.MessageLoopAsync: Polling on remoteEndPoint: 127.0.0.1:13124 localEndPoint: 127.0.0.1:13123
TpTrace Verbose: 0 : 11008, 5, 2024/03/12, 12:09:44.922, 744159322178, vstest.console.dll, TestPluginCache.GetExtensionPaths: Filtered extension paths: 
TpTrace Verbose: 0 : 11008, 5, 2024/03/12, 12:09:44.922, 744159322769, vstest.console.dll, TestPluginCache.GetExtensionPaths: Added default extension paths: C:\Program Files\dotnet\sdk\8.0.101\Extensions\Microsoft.Diagnostics.NETCore.Client.dll
C:\Program Files\dotnet\sdk\8.0.101\Extensions\Microsoft.TestPlatform.Extensions.BlameDataCollector.dll
C:\Program Files\dotnet\sdk\8.0.101\Extensions\Microsoft.TestPlatform.Extensions.EventLogCollector.dll
C:\Program Files\dotnet\sdk\8.0.101\Extensions\Microsoft.TestPlatform.TestHostRuntimeProvider.dll
C:\Program Files\dotnet\sdk\8.0.101\Extensions\Microsoft.VisualStudio.TestPlatform.Extensions.Html.TestLogger.dll
C:\Program Files\dotnet\sdk\8.0.101\Extensions\Microsoft.VisualStudio.TestPlatform.Extensions.Trx.TestLogger.dll
TpTrace Verbose: 0 : 11008, 5, 2024/03/12, 12:09:44.922, 744159323009, vstest.console.dll, TestPluginCache.GetExtensionPaths: Added unfilterableExtensionPaths: 
TpTrace Verbose: 0 : 11008, 5, 2024/03/12, 12:09:44.924, 744159340123, vstest.console.dll, TestRequestSender.InitializeExecution: Sending initialize execution with message: {"Version":7,"MessageType":"TestExecution.Initialize","Payload":["C:\\Users\\Ivan\\Desktop\\Eventmi-AppSkeleton\\EventmiTest\\bin\\Debug\\net6.0\\fine-code-coverage\\build-output\\NUnit3.TestAdapter.dll"]}
TpTrace Verbose: 0 : 11008, 5, 2024/03/12, 12:09:44.924, 744159341130, vstest.console.dll, ParallelProxyExecutionManager.StartTestRunOnConcurrentManager: Execution starting. Started clients: 1
TpTrace Verbose: 0 : 11008, 5, 2024/03/12, 12:09:44.924, 744159342823, vstest.console.dll, TestRunRequest:SendTestRunMessage: Starting.
TpTrace Verbose: 0 : 11008, 5, 2024/03/12, 12:09:44.924, 744159343832, vstest.console.dll, MulticastDelegateUtilities.SafeInvoke: TestRun.LogMessages: Invoking callback 1/1 for Microsoft.VisualStudio.TestPlatform.CommandLine.TestRunResultAggregator., took 0 ms.
TpTrace Information: 0 : 11008, 5, 2024/03/12, 12:09:44.924, 744159344105, vstest.console.dll, TestRunRequest:SendTestRunMessage: Completed.
TpTrace Verbose: 0 : 11008, 4, 2024/03/12, 12:09:44.924, 744159345241, vstest.console.dll, MulticastDelegateUtilities.SafeInvoke: InternalTestLoggerEvents.SendTestRunMessage: Invoking callback 1/1 for Microsoft.VisualStudio.TestPlatform.CommandLine.Internal.ConsoleLogger., took 0 ms.
TpTrace Warning: 0 : 11008, 5, 2024/03/12, 12:09:44.924, 744159346511, vstest.console.dll, InferRunSettingsHelper.MakeRunsettingsCompatible: Removing the following settings: TargetPlatform from RunSettings file. To use those settings please move to latest version of Microsoft.NET.Test.Sdk
TpTrace Verbose: 0 : 11008, 14, 2024/03/12, 12:09:44.925, 744159355826, vstest.console.dll, TcpClientExtensions.MessageLoopAsync: NotifyDataAvailable remoteEndPoint: 127.0.0.1:13124 localEndPoint: 127.0.0.1:13123
TpTrace Verbose: 0 : 11008, 14, 2024/03/12, 12:09:44.926, 744159358322, vstest.console.dll, TestRequestSender.OnExecutionMessageReceived: Received message: {"Version":7,"MessageType":"TestSession.Message","Payload":{"MessageLevel":0,"Message":"Logging TestHost Diagnostics in file: C:\\Users\\Ivan\\Desktop\\Eventmi-AppSkeleton\\EventmiTest\\bin\\Debug\\net6.0\\fine-code-coverage\\coverage-tool-output\\diagnostics.host.24-03-12_12-09-44_70985_5.log"}}
TpTrace Verbose: 0 : 11008, 14, 2024/03/12, 12:09:44.927, 744159374123, vstest.console.dll, TestRunRequest:SendTestRunMessage: Starting.
TpTrace Verbose: 0 : 11008, 14, 2024/03/12, 12:09:44.927, 744159374933, vstest.console.dll, MulticastDelegateUtilities.SafeInvoke: TestRun.LogMessages: Invoking callback 1/1 for Microsoft.VisualStudio.TestPlatform.CommandLine.TestRunResultAggregator., took 0 ms.
TpTrace Information: 0 : 11008, 14, 2024/03/12, 12:09:44.927, 744159375134, vstest.console.dll, TestRunRequest:SendTestRunMessage: Completed.
TpTrace Verbose: 0 : 11008, 4, 2024/03/12, 12:09:44.927, 744159375109, vstest.console.dll, MulticastDelegateUtilities.SafeInvoke: InternalTestLoggerEvents.SendTestRunMessage: Invoking callback 1/1 for Microsoft.VisualStudio.TestPlatform.CommandLine.Internal.ConsoleLogger., took 0 ms.
TpTrace Verbose: 0 : 11008, 14, 2024/03/12, 12:09:44.927, 744159375336, vstest.console.dll, MulticastDelegateUtilities.SafeInvoke: LengthPrefixCommunicationChannel: MessageReceived: Invoking callback 1/1 for Microsoft.VisualStudio.TestPlatform.CommunicationUtilities.TestRequestSender+<>c__DisplayClass34_0., took 1 ms.
TpTrace Verbose: 0 : 11008, 14, 2024/03/12, 12:09:44.927, 744159376066, vstest.console.dll, TcpClientExtensions.MessageLoopAsync: Polling on remoteEndPoint: 127.0.0.1:13124 localEndPoint: 127.0.0.1:13123
TpTrace Verbose: 0 : 11008, 5, 2024/03/12, 12:09:44.928, 744159384139, vstest.console.dll, TestRequestSender.StartTestRun: Sending test run with message: {"Version":7,"MessageType":"TestExecution.StartWithSources","Payload":{"AdapterSourceMap":{"_none_":["C:\\Users\\Ivan\\Desktop\\Eventmi-AppSkeleton\\EventmiTest\\bin\\Debug\\net6.0\\fine-code-coverage\\build-output\\EventmiTest.dll"]},"RunSettings":"<RunSettings>\r\n  <RunConfiguration>\r\n    <ResultsDirectory>C:\\Users\\Ivan\\Desktop\\Eventmi-AppSkeleton\\EventmiTest\\bin\\Debug\\net6.0\\fine-code-coverage\\coverage-tool-output</ResultsDirectory>\r\n    <TargetFrameworkVersion>.NETCoreApp,Version=v6.0</TargetFrameworkVersion>\r\n    <DesignMode>False</DesignMode>\r\n    <CollectSourceInformation>False</CollectSourceInformation>\r\n  </RunConfiguration>\r\n  <LoggerRunSettings>\r\n    <Loggers>\r\n      <Logger friendlyName=\"blame\" enabled=\"True\" />\r\n      <Logger friendlyName=\"Console\" uri=\"logger://microsoft/TestPlatform/ConsoleLogger/v1\" assemblyQualifiedName=\"Microsoft.VisualStudio.TestPlatform.CommandLine.Internal.ConsoleLogger, vstest.console, Version=15.0.0.0, Culture=neutral, PublicKeyToken=b03f5f7f11d50a3a\" codeBase=\"C:\\Program Files\\dotnet\\sdk\\8.0.101\\vstest.console.dll\" enabled=\"True\" />\r\n    </Loggers>\r\n  </LoggerRunSettings>\r\n  <DataCollectionRunSettings>\r\n    <DataCollectors>\r\n      <DataCollector friendlyName=\"blame\" enabled=\"True\">\r\n        <Configuration>\r\n          <ResultsDirectory>C:\\Users\\Ivan\\Desktop\\Eventmi-AppSkeleton\\EventmiTest\\bin\\Debug\\net6.0\\fine-code-coverage\\coverage-tool-output</ResultsDirectory>\r\n        </Configuration>\r\n      </DataCollector>\r\n    </DataCollectors>\r\n  </DataCollectionRunSettings>\r\n</RunSettings>","TestExecutionContext":{"FrequencyOfRunStatsChangeEvent":10,"RunStatsChangeEventTimeout":"00:00:01.5000000","InIsolation":false,"KeepAlive":false,"AreTestCaseLevelEventsRequired":false,"IsDebug":false,"TestCaseFilter":null,"FilterOptions":null},"Package":null}}
TpTrace Verbose: 0 : 11008, 5, 2024/03/12, 12:09:44.928, 744159385495, vstest.console.dll, ParallelProxyExecutionManager.StartTestRunOnConcurrentManager: Execution started. Started clients: 1
TpTrace Verbose: 0 : 11008, 14, 2024/03/12, 12:09:45.058, 744160685836, vstest.console.dll, TcpClientExtensions.MessageLoopAsync: NotifyDataAvailable remoteEndPoint: 127.0.0.1:13124 localEndPoint: 127.0.0.1:13123
TpTrace Verbose: 0 : 11008, 14, 2024/03/12, 12:09:45.059, 744160687372, vstest.console.dll, TestRequestSender.OnExecutionMessageReceived: Received message: {"Version":7,"MessageType":"TestSession.Message","Payload":{"MessageLevel":0,"Message":"NUnit Adapter 4.4.0.0: Test execution started"}}
TpTrace Verbose: 0 : 11008, 14, 2024/03/12, 12:09:45.059, 744160689030, vstest.console.dll, TestRunRequest:SendTestRunMessage: Starting.
TpTrace Verbose: 0 : 11008, 14, 2024/03/12, 12:09:45.059, 744160689692, vstest.console.dll, MulticastDelegateUtilities.SafeInvoke: TestRun.LogMessages: Invoking callback 1/1 for Microsoft.VisualStudio.TestPlatform.CommandLine.TestRunResultAggregator., took 0 ms.
TpTrace Information: 0 : 11008, 14, 2024/03/12, 12:09:45.059, 744160689876, vstest.console.dll, TestRunRequest:SendTestRunMessage: Completed.
TpTrace Verbose: 0 : 11008, 4, 2024/03/12, 12:09:45.059, 744160689902, vstest.console.dll, MulticastDelegateUtilities.SafeInvoke: InternalTestLoggerEvents.SendTestRunMessage: Invoking callback 1/1 for Microsoft.VisualStudio.TestPlatform.CommandLine.Internal.ConsoleLogger., took 0 ms.
TpTrace Verbose: 0 : 11008, 14, 2024/03/12, 12:09:45.059, 744160690521, vstest.console.dll, MulticastDelegateUtilities.SafeInvoke: LengthPrefixCommunicationChannel: MessageReceived: Invoking callback 1/1 for Microsoft.VisualStudio.TestPlatform.CommunicationUtilities.TestRequestSender+<>c__DisplayClass34_0., took 0 ms.
TpTrace Verbose: 0 : 11008, 14, 2024/03/12, 12:09:45.059, 744160690788, vstest.console.dll, TcpClientExtensions.MessageLoopAsync: Polling on remoteEndPoint: 127.0.0.1:13124 localEndPoint: 127.0.0.1:13123
TpTrace Verbose: 0 : 11008, 14, 2024/03/12, 12:09:45.079, 744160894146, vstest.console.dll, TcpClientExtensions.MessageLoopAsync: NotifyDataAvailable remoteEndPoint: 127.0.0.1:13124 localEndPoint: 127.0.0.1:13123
TpTrace Verbose: 0 : 11008, 14, 2024/03/12, 12:09:45.079, 744160895467, vstest.console.dll, TestRequestSender.OnExecutionMessageReceived: Received message: {"Version":7,"MessageType":"TestSession.Message","Payload":{"MessageLevel":0,"Message":"Running all tests in C:\\Users\\Ivan\\Desktop\\Eventmi-AppSkeleton\\EventmiTest\\bin\\Debug\\net6.0\\fine-code-coverage\\build-output\\EventmiTest.dll"}}
TpTrace Verbose: 0 : 11008, 14, 2024/03/12, 12:09:45.079, 744160896856, vstest.console.dll, TestRunRequest:SendTestRunMessage: Starting.
TpTrace Verbose: 0 : 11008, 14, 2024/03/12, 12:09:45.080, 744160897350, vstest.console.dll, MulticastDelegateUtilities.SafeInvoke: TestRun.LogMessages: Invoking callback 1/1 for Microsoft.VisualStudio.TestPlatform.CommandLine.TestRunResultAggregator., took 0 ms.
TpTrace Information: 0 : 11008, 14, 2024/03/12, 12:09:45.080, 744160897660, vstest.console.dll, TestRunRequest:SendTestRunMessage: Completed.
TpTrace Verbose: 0 : 11008, 4, 2024/03/12, 12:09:45.080, 744160897710, vstest.console.dll, MulticastDelegateUtilities.SafeInvoke: InternalTestLoggerEvents.SendTestRunMessage: Invoking callback 1/1 for Microsoft.VisualStudio.TestPlatform.CommandLine.Internal.ConsoleLogger., took 0 ms.
TpTrace Verbose: 0 : 11008, 14, 2024/03/12, 12:09:45.080, 744160897848, vstest.console.dll, MulticastDelegateUtilities.SafeInvoke: LengthPrefixCommunicationChannel: MessageReceived: Invoking callback 1/1 for Microsoft.VisualStudio.TestPlatform.CommunicationUtilities.TestRequestSender+<>c__DisplayClass34_0., took 0 ms.
TpTrace Verbose: 0 : 11008, 14, 2024/03/12, 12:09:45.080, 744160898611, vstest.console.dll, TcpClientExtensions.MessageLoopAsync: Polling on remoteEndPoint: 127.0.0.1:13124 localEndPoint: 127.0.0.1:13123
TpTrace Verbose: 0 : 11008, 14, 2024/03/12, 12:09:45.185, 744161949215, vstest.console.dll, TcpClientExtensions.MessageLoopAsync: NotifyDataAvailable remoteEndPoint: 127.0.0.1:13124 localEndPoint: 127.0.0.1:13123
TpTrace Verbose: 0 : 11008, 14, 2024/03/12, 12:09:45.185, 744161950643, vstest.console.dll, TestRequestSender.OnExecutionMessageReceived: Received message: {"Version":7,"MessageType":"TestSession.Message","Payload":{"MessageLevel":0,"Message":"   NUnit3TestExecutor discovered 13 of 13 NUnit test cases using Current Discovery mode, Non-Explicit run"}}
TpTrace Verbose: 0 : 11008, 14, 2024/03/12, 12:09:45.185, 744161952053, vstest.console.dll, TestRunRequest:SendTestRunMessage: Starting.
TpTrace Verbose: 0 : 11008, 14, 2024/03/12, 12:09:45.185, 744161952546, vstest.console.dll, MulticastDelegateUtilities.SafeInvoke: TestRun.LogMessages: Invoking callback 1/1 for Microsoft.VisualStudio.TestPlatform.CommandLine.TestRunResultAggregator., took 0 ms.
TpTrace Information: 0 : 11008, 14, 2024/03/12, 12:09:45.185, 744161952724, vstest.console.dll, TestRunRequest:SendTestRunMessage: Completed.
TpTrace Verbose: 0 : 11008, 14, 2024/03/12, 12:09:45.185, 744161952881, vstest.console.dll, MulticastDelegateUtilities.SafeInvoke: LengthPrefixCommunicationChannel: MessageReceived: Invoking callback 1/1 for Microsoft.VisualStudio.TestPlatform.CommunicationUtilities.TestRequestSender+<>c__DisplayClass34_0., took 0 ms.
TpTrace Verbose: 0 : 11008, 4, 2024/03/12, 12:09:45.185, 744161952941, vstest.console.dll, MulticastDelegateUtilities.SafeInvoke: InternalTestLoggerEvents.SendTestRunMessage: Invoking callback 1/1 for Microsoft.VisualStudio.TestPlatform.CommandLine.Internal.ConsoleLogger., took 0 ms.
TpTrace Verbose: 0 : 11008, 14, 2024/03/12, 12:09:45.185, 744161953044, vstest.console.dll, TcpClientExtensions.MessageLoopAsync: Polling on remoteEndPoint: 127.0.0.1:13124 localEndPoint: 127.0.0.1:13123
TpTrace Verbose: 0 : 11008, 14, 2024/03/12, 12:09:46.189, 744171994213, vstest.console.dll, TcpClientExtensions.MessageLoopAsync: Polling on remoteEndPoint: 127.0.0.1:13124 localEndPoint: 127.0.0.1:13123
TpTrace Verbose: 0 : 11008, 14, 2024/03/12, 12:09:46.518, 744175280900, vstest.console.dll, TcpClientExtensions.MessageLoopAsync: NotifyDataAvailable remoteEndPoint: 127.0.0.1:13124 localEndPoint: 127.0.0.1:13123
TpTrace Verbose: 0 : 11008, 14, 2024/03/12, 12:09:46.518, 744175283237, vstest.console.dll, TestRequestSender.OnExecutionMessageReceived: Received message: {"Version":7,"MessageType":"TestExecution.StatsChange","Payload":{"NewTestResults":[],"TestRunStatistics":{"ExecutedTests":0,"Stats":{}},"ActiveTests":[{"Id":"a8dc3f16-a271-85eb-35cd-92b5372de6a8","FullyQualifiedName":"Eventmi.Tests.Tests.Add_GetRequest_ReturnsAddView","DisplayName":"Add_GetRequest_ReturnsAddView","ExecutorUri":"executor://NUnit3TestExecutor","Source":"C:\\Users\\Ivan\\Desktop\\Eventmi-AppSkeleton\\EventmiTest\\bin\\Debug\\net6.0\\fine-code-coverage\\build-output\\EventmiTest.dll","CodeFilePath":null,"LineNumber":0,"Properties":[{"Key":{"Id":"NUnit.Seed","Label":"Seed","Category":"","Description":"","Attributes":0,"ValueType":"System.String"},"Value":"1159608432"}]}]}}
TpTrace Verbose: 0 : 11008, 14, 2024/03/12, 12:09:46.529, 744175389120, vstest.console.dll, TestRunRequest:SendTestRunStatsChange: Starting.
TpTrace Verbose: 0 : 11008, 14, 2024/03/12, 12:09:46.529, 744175389976, vstest.console.dll, InProgress is Add_GetRequest_ReturnsAddView
TpTrace Verbose: 0 : 11008, 14, 2024/03/12, 12:09:46.529, 744175390785, vstest.console.dll, MulticastDelegateUtilities.SafeInvoke: TestRun.RunStatsChanged: Invoking callbacks was skipped because there are no subscribers.
TpTrace Information: 0 : 11008, 14, 2024/03/12, 12:09:46.529, 744175391029, vstest.console.dll, TestRunRequest:SendTestRunStatsChange: Completed.
TpTrace Verbose: 0 : 11008, 14, 2024/03/12, 12:09:46.529, 744175391229, vstest.console.dll, MulticastDelegateUtilities.SafeInvoke: LengthPrefixCommunicationChannel: MessageReceived: Invoking callback 1/1 for Microsoft.VisualStudio.TestPlatform.CommunicationUtilities.TestRequestSender+<>c__DisplayClass34_0., took 10 ms.
TpTrace Verbose: 0 : 11008, 14, 2024/03/12, 12:09:46.529, 744175391427, vstest.console.dll, TcpClientExtensions.MessageLoopAsync: Polling on remoteEndPoint: 127.0.0.1:13124 localEndPoint: 127.0.0.1:13123
TpTrace Verbose: 0 : 11008, 14, 2024/03/12, 12:09:47.536, 744185462855, vstest.console.dll, TcpClientExtensions.MessageLoopAsync: Polling on remoteEndPoint: 127.0.0.1:13124 localEndPoint: 127.0.0.1:13123
TpTrace Verbose: 0 : 11008, 14, 2024/03/12, 12:09:48.549, 744195587178, vstest.console.dll, TcpClientExtensions.MessageLoopAsync: Polling on remoteEndPoint: 127.0.0.1:13124 localEndPoint: 127.0.0.1:13123
TpTrace Verbose: 0 : 11008, 14, 2024/03/12, 12:09:49.410, 744204200403, vstest.console.dll, TcpClientExtensions.MessageLoopAsync: NotifyDataAvailable remoteEndPoint: 127.0.0.1:13124 localEndPoint: 127.0.0.1:13123
TpTrace Verbose: 0 : 11008, 14, 2024/03/12, 12:09:49.410, 744204202729, vstest.console.dll, TestRequestSender.OnExecutionMessageReceived: Received message: {"Version":7,"MessageType":"TestExecution.StatsChange","Payload":{"NewTestResults":[{"TestCase":{"Id":"a8dc3f16-a271-85eb-35cd-92b5372de6a8","FullyQualifiedName":"Eventmi.Tests.Tests.Add_GetRequest_ReturnsAddView","DisplayName":"Add_GetRequest_ReturnsAddView","ExecutorUri":"executor://NUnit3TestExecutor","Source":"C:\\Users\\Ivan\\Desktop\\Eventmi-AppSkeleton\\EventmiTest\\bin\\Debug\\net6.0\\fine-code-coverage\\build-output\\EventmiTest.dll","CodeFilePath":null,"LineNumber":0,"Properties":[{"Key":{"Id":"NUnit.Seed","Label":"Seed","Category":"","Description":"","Attributes":0,"ValueType":"System.String"},"Value":"1159608432"}]},"Attachments":[],"Outcome":2,"ErrorMessage":"  Expected: OK\r\n  But was:  0\r\n","ErrorStackTrace":"   at Eventmi.Tests.Tests.Add_GetRequest_ReturnsAddView() in C:\\Users\\Ivan\\Desktop\\Eventmi-AppSkeleton\\EventmiTest\\EventControllerTest.cs:line 48\r\n   at NUnit.Framework.Internal.TaskAwaitAdapter.GenericAdapter`1.BlockUntilCompleted()\r\n   at NUnit.Framework.Internal.MessagePumpStrategy.NoMessagePumpStrategy.WaitForCompletion(AwaitAdapter awaiter)\r\n   at NUnit.Framework.Internal.AsyncToSyncAdapter.Await(Func`1 invoke)\r\n   at NUnit.Framework.Internal.Commands.TestMethodCommand.RunTestMethod(TestExecutionContext context)\r\n   at NUnit.Framework.Internal.Commands.TestMethodCommand.Execute(TestExecutionContext context)\r\n   at NUnit.Framework.Internal.Commands.BeforeAndAfterTestCommand.<>c__DisplayClass1_0.<Execute>b__0()\r\n   at NUnit.Framework.Internal.Commands.DelegatingTestCommand.RunTestMethodInThreadAbortSafeZone(TestExecutionContext context, Action action)\r\n\n1)    at Eventmi.Tests.Tests.Add_GetRequest_ReturnsAddView() in C:\\Users\\Ivan\\Desktop\\Eventmi-AppSkeleton\\EventmiTest\\EventControllerTest.cs:line 48\r\n   at System.Runtime.CompilerServices.AsyncTaskMethodBuilder`1.AsyncStateMachineBox`1.ExecutionContextCallback(Object s)\r\n\n","DisplayName":"Add_GetRequest_ReturnsAddView","Messages":[],"ComputerName":"DESKTOP-QI8JBMK","Duration":"00:00:04.1790450","StartTime":"2024-03-12T10:09:45.2046899+00:00","EndTime":"2024-03-12T10:09:49.38368+00:00","Properties":[{"Key":{"Id":"NUnit.Seed","Label":"Seed","Category":"","Description":"","Attributes":0,"ValueType":"System.String"},"Value":"1159608432"}]}],"TestRunStatistics":{"ExecutedTests":1,"Stats":{"Failed":1}},"ActiveTests":[{"Id":"39ce7ded-f638-b5f2-81d3-be512eaaaa9b","FullyQualifiedName":"Eventmi.Tests.Tests.Add_PostRequest_AddNewEventAndRedirects","DisplayName":"Add_PostRequest_AddNewEventAndRedirects","ExecutorUri":"executor://NUnit3TestExecutor","Source":"C:\\Users\\Ivan\\Desktop\\Eventmi-AppSkeleton\\EventmiTest\\bin\\Debug\\net6.0\\fine-code-coverage\\build-output\\EventmiTest.dll","CodeFilePath":null,"LineNumber":0,"Properties":[{"Key":{"Id":"NUnit.Seed","Label":"Seed","Category":"","Description":"","Attributes":0,"ValueType":"System.String"},"Value":"754930750"}]}]}}
TpTrace Verbose: 0 : 11008, 14, 2024/03/12, 12:09:49.416, 744204259385, vstest.console.dll, TestRunRequest:SendTestRunStatsChange: Starting.
TpTrace Verbose: 0 : 11008, 14, 2024/03/12, 12:09:49.416, 744204259986, vstest.console.dll, InProgress is Add_PostRequest_AddNewEventAndRedirects
TpTrace Verbose: 0 : 11008, 14, 2024/03/12, 12:09:49.416, 744204261173, vstest.console.dll, MulticastDelegateUtilities.SafeInvoke: TestRun.RunStatsChanged: Invoking callbacks was skipped because there are no subscribers.
TpTrace Information: 0 : 11008, 14, 2024/03/12, 12:09:49.416, 744204261443, vstest.console.dll, TestRunRequest:SendTestRunStatsChange: Completed.
TpTrace Verbose: 0 : 11008, 14, 2024/03/12, 12:09:49.416, 744204261669, vstest.console.dll, MulticastDelegateUtilities.SafeInvoke: LengthPrefixCommunicationChannel: MessageReceived: Invoking callback 1/1 for Microsoft.VisualStudio.TestPlatform.CommunicationUtilities.TestRequestSender+<>c__DisplayClass34_0., took 5 ms.
TpTrace Verbose: 0 : 11008, 14, 2024/03/12, 12:09:49.416, 744204261909, vstest.console.dll, TcpClientExtensions.MessageLoopAsync: Polling on remoteEndPoint: 127.0.0.1:13124 localEndPoint: 127.0.0.1:13123
TpTrace Verbose: 0 : 11008, 4, 2024/03/12, 12:09:49.417, 744204276706, vstest.console.dll, MulticastDelegateUtilities.SafeInvoke: InternalTestLoggerEvents.SendTestResult: Invoking callback 1/1 for Microsoft.VisualStudio.TestPlatform.CommandLine.Internal.ConsoleLogger., took 1 ms.
TpTrace Verbose: 0 : 11008, 14, 2024/03/12, 12:09:50.422, 744214318547, vstest.console.dll, TcpClientExtensions.MessageLoopAsync: Polling on remoteEndPoint: 127.0.0.1:13124 localEndPoint: 127.0.0.1:13123
TpTrace Verbose: 0 : 11008, 14, 2024/03/12, 12:09:51.436, 744224458623, vstest.console.dll, TcpClientExtensions.MessageLoopAsync: Polling on remoteEndPoint: 127.0.0.1:13124 localEndPoint: 127.0.0.1:13123
TpTrace Verbose: 0 : 11008, 14, 2024/03/12, 12:09:52.447, 744234575581, vstest.console.dll, TcpClientExtensions.MessageLoopAsync: Polling on remoteEndPoint: 127.0.0.1:13124 localEndPoint: 127.0.0.1:13123
TpTrace Verbose: 0 : 11008, 14, 2024/03/12, 12:09:53.461, 744244707308, vstest.console.dll, TcpClientExtensions.MessageLoopAsync: Polling on remoteEndPoint: 127.0.0.1:13124 localEndPoint: 127.0.0.1:13123
TpTrace Verbose: 0 : 11008, 14, 2024/03/12, 12:09:53.498, 744245077745, vstest.console.dll, TcpClientExtensions.MessageLoopAsync: NotifyDataAvailable remoteEndPoint: 127.0.0.1:13124 localEndPoint: 127.0.0.1:13123
TpTrace Verbose: 0 : 11008, 14, 2024/03/12, 12:09:53.498, 744245080678, vstest.console.dll, TestRequestSender.OnExecutionMessageReceived: Received message: {"Version":7,"MessageType":"TestExecution.StatsChange","Payload":{"NewTestResults":[{"TestCase":{"Id":"39ce7ded-f638-b5f2-81d3-be512eaaaa9b","FullyQualifiedName":"Eventmi.Tests.Tests.Add_PostRequest_AddNewEventAndRedirects","DisplayName":"Add_PostRequest_AddNewEventAndRedirects","ExecutorUri":"executor://NUnit3TestExecutor","Source":"C:\\Users\\Ivan\\Desktop\\Eventmi-AppSkeleton\\EventmiTest\\bin\\Debug\\net6.0\\fine-code-coverage\\build-output\\EventmiTest.dll","CodeFilePath":null,"LineNumber":0,"Properties":[{"Key":{"Id":"NUnit.Seed","Label":"Seed","Category":"","Description":"","Attributes":0,"ValueType":"System.String"},"Value":"754930750"}]},"Attachments":[],"Outcome":2,"ErrorMessage":"  Expected: OK\r\n  But was:  0\r\n","ErrorStackTrace":"   at Eventmi.Tests.Tests.Add_PostRequest_AddNewEventAndRedirects() in C:\\Users\\Ivan\\Desktop\\Eventmi-AppSkeleton\\EventmiTest\\EventControllerTest.cs:line 75\r\n   at NUnit.Framework.Internal.TaskAwaitAdapter.GenericAdapter`1.BlockUntilCompleted()\r\n   at NUnit.Framework.Internal.MessagePumpStrategy.NoMessagePumpStrategy.WaitForCompletion(AwaitAdapter awaiter)\r\n   at NUnit.Framework.Internal.AsyncToSyncAdapter.Await(Func`1 invoke)\r\n   at NUnit.Framework.Internal.Commands.TestMethodCommand.RunTestMethod(TestExecutionContext context)\r\n   at NUnit.Framework.Internal.Commands.TestMethodCommand.Execute(TestExecutionContext context)\r\n   at NUnit.Framework.Internal.Commands.BeforeAndAfterTestCommand.<>c__DisplayClass1_0.<Execute>b__0()\r\n   at NUnit.Framework.Internal.Commands.DelegatingTestCommand.RunTestMethodInThreadAbortSafeZone(TestExecutionContext context, Action action)\r\n\n1)    at Eventmi.Tests.Tests.Add_PostRequest_AddNewEventAndRedirects() in C:\\Users\\Ivan\\Desktop\\Eventmi-AppSkeleton\\EventmiTest\\EventControllerTest.cs:line 75\r\n   at System.Runtime.CompilerServices.AsyncTaskMethodBuilder`1.AsyncStateMachineBox`1.ExecutionContextCallback(Object s)\r\n\n","DisplayName":"Add_PostRequest_AddNewEventAndRedirects","Messages":[],"ComputerName":"DESKTOP-QI8JBMK","Duration":"00:00:04.1099480","StartTime":"2024-03-12T10:09:49.3847162+00:00","EndTime":"2024-03-12T10:09:53.494664+00:00","Properties":[{"Key":{"Id":"NUnit.Seed","Label":"Seed","Category":"","Description":"","Attributes":0,"ValueType":"System.String"},"Value":"754930750"}]}],"TestRunStatistics":{"ExecutedTests":2,"Stats":{"Failed":2}},"ActiveTests":[{"Id":"f8d88363-a081-7208-484e-1c216f1bc1c7","FullyQualifiedName":"Eventmi.Tests.Tests.Add_PostRequest_redirectIfDataIsInvalid","DisplayName":"Add_PostRequest_redirectIfDataIsInvalid","ExecutorUri":"executor://NUnit3TestExecutor","Source":"C:\\Users\\Ivan\\Desktop\\Eventmi-AppSkeleton\\EventmiTest\\bin\\Debug\\net6.0\\fine-code-coverage\\build-output\\EventmiTest.dll","CodeFilePath":null,"LineNumber":0,"Properties":[{"Key":{"Id":"NUnit.Seed","Label":"Seed","Category":"","Description":"","Attributes":0,"ValueType":"System.String"},"Value":"706766698"}]}]}}
TpTrace Verbose: 0 : 11008, 14, 2024/03/12, 12:09:53.499, 744245094264, vstest.console.dll, TestRunRequest:SendTestRunStatsChange: Starting.
TpTrace Verbose: 0 : 11008, 14, 2024/03/12, 12:09:53.499, 744245095078, vstest.console.dll, InProgress is Add_PostRequest_redirectIfDataIsInvalid
TpTrace Verbose: 0 : 11008, 14, 2024/03/12, 12:09:53.499, 744245095594, vstest.console.dll, MulticastDelegateUtilities.SafeInvoke: TestRun.RunStatsChanged: Invoking callbacks was skipped because there are no subscribers.
TpTrace Information: 0 : 11008, 14, 2024/03/12, 12:09:53.499, 744245095944, vstest.console.dll, TestRunRequest:SendTestRunStatsChange: Completed.
TpTrace Verbose: 0 : 11008, 14, 2024/03/12, 12:09:53.499, 744245096502, vstest.console.dll, MulticastDelegateUtilities.SafeInvoke: LengthPrefixCommunicationChannel: MessageReceived: Invoking callback 1/1 for Microsoft.VisualStudio.TestPlatform.CommunicationUtilities.TestRequestSender+<>c__DisplayClass34_0., took 1 ms.
TpTrace Verbose: 0 : 11008, 14, 2024/03/12, 12:09:53.499, 744245096851, vstest.console.dll, TcpClientExtensions.MessageLoopAsync: Polling on remoteEndPoint: 127.0.0.1:13124 localEndPoint: 127.0.0.1:13123
TpTrace Verbose: 0 : 11008, 4, 2024/03/12, 12:09:53.500, 744245101212, vstest.console.dll, MulticastDelegateUtilities.SafeInvoke: InternalTestLoggerEvents.SendTestResult: Invoking callback 1/1 for Microsoft.VisualStudio.TestPlatform.CommandLine.Internal.ConsoleLogger., took 0 ms.
TpTrace Verbose: 0 : 11008, 14, 2024/03/12, 12:09:54.510, 744255205163, vstest.console.dll, TcpClientExtensions.MessageLoopAsync: Polling on remoteEndPoint: 127.0.0.1:13124 localEndPoint: 127.0.0.1:13123
TpTrace Verbose: 0 : 11008, 14, 2024/03/12, 12:09:55.512, 744265224714, vstest.console.dll, TcpClientExtensions.MessageLoopAsync: Polling on remoteEndPoint: 127.0.0.1:13124 localEndPoint: 127.0.0.1:13123
TpTrace Verbose: 0 : 11008, 14, 2024/03/12, 12:09:56.518, 744275280704, vstest.console.dll, TcpClientExtensions.MessageLoopAsync: Polling on remoteEndPoint: 127.0.0.1:13124 localEndPoint: 127.0.0.1:13123
TpTrace Verbose: 0 : 11008, 14, 2024/03/12, 12:09:57.528, 744285383283, vstest.console.dll, TcpClientExtensions.MessageLoopAsync: Polling on remoteEndPoint: 127.0.0.1:13124 localEndPoint: 127.0.0.1:13123
TpTrace Verbose: 0 : 11008, 14, 2024/03/12, 12:09:57.564, 744285739635, vstest.console.dll, TcpClientExtensions.MessageLoopAsync: NotifyDataAvailable remoteEndPoint: 127.0.0.1:13124 localEndPoint: 127.0.0.1:13123
TpTrace Verbose: 0 : 11008, 14, 2024/03/12, 12:09:57.564, 744285741651, vstest.console.dll, TestRequestSender.OnExecutionMessageReceived: Received message: {"Version":7,"MessageType":"TestExecution.StatsChange","Payload":{"NewTestResults":[{"TestCase":{"Id":"f8d88363-a081-7208-484e-1c216f1bc1c7","FullyQualifiedName":"Eventmi.Tests.Tests.Add_PostRequest_redirectIfDataIsInvalid","DisplayName":"Add_PostRequest_redirectIfDataIsInvalid","ExecutorUri":"executor://NUnit3TestExecutor","Source":"C:\\Users\\Ivan\\Desktop\\Eventmi-AppSkeleton\\EventmiTest\\bin\\Debug\\net6.0\\fine-code-coverage\\build-output\\EventmiTest.dll","CodeFilePath":null,"LineNumber":0,"Properties":[{"Key":{"Id":"NUnit.Seed","Label":"Seed","Category":"","Description":"","Attributes":0,"ValueType":"System.String"},"Value":"706766698"}]},"Attachments":[],"Outcome":2,"ErrorMessage":"  Expected: OK\r\n  But was:  0\r\n","ErrorStackTrace":"   at Eventmi.Tests.Tests.Add_PostRequest_redirectIfDataIsInvalid() in C:\\Users\\Ivan\\Desktop\\Eventmi-AppSkeleton\\EventmiTest\\EventControllerTest.cs:line 158\r\n   at NUnit.Framework.Internal.TaskAwaitAdapter.GenericAdapter`1.BlockUntilCompleted()\r\n   at NUnit.Framework.Internal.MessagePumpStrategy.NoMessagePumpStrategy.WaitForCompletion(AwaitAdapter awaiter)\r\n   at NUnit.Framework.Internal.AsyncToSyncAdapter.Await(Func`1 invoke)\r\n   at NUnit.Framework.Internal.Commands.TestMethodCommand.RunTestMethod(TestExecutionContext context)\r\n   at NUnit.Framework.Internal.Commands.TestMethodCommand.Execute(TestExecutionContext context)\r\n   at NUnit.Framework.Internal.Commands.BeforeAndAfterTestCommand.<>c__DisplayClass1_0.<Execute>b__0()\r\n   at NUnit.Framework.Internal.Commands.DelegatingTestCommand.RunTestMethodInThreadAbortSafeZone(TestExecutionContext context, Action action)\r\n\n1)    at Eventmi.Tests.Tests.Add_PostRequest_redirectIfDataIsInvalid() in C:\\Users\\Ivan\\Desktop\\Eventmi-AppSkeleton\\EventmiTest\\EventControllerTest.cs:line 158\r\n   at System.Runtime.CompilerServices.AsyncTaskMethodBuilder`1.AsyncStateMachineBox`1.ExecutionContextCallback(Object s)\r\n\n","DisplayName":"Add_PostRequest_redirectIfDataIsInvalid","Messages":[],"ComputerName":"DESKTOP-QI8JBMK","Duration":"00:00:04.0668130","StartTime":"2024-03-12T10:09:53.4947014+00:00","EndTime":"2024-03-12T10:09:57.5615141+00:00","Properties":[{"Key":{"Id":"NUnit.Seed","Label":"Seed","Category":"","Description":"","Attributes":0,"ValueType":"System.String"},"Value":"706766698"}]}],"TestRunStatistics":{"ExecutedTests":3,"Stats":{"Failed":3}},"ActiveTests":[{"Id":"5d6d2a07-5dfa-3733-087c-c20cc94b798a","FullyQualifiedName":"Eventmi.Tests.Tests.DeleteAction_WithNoId_ShouldReturnNotFound","DisplayName":"DeleteAction_WithNoId_ShouldReturnNotFound","ExecutorUri":"executor://NUnit3TestExecutor","Source":"C:\\Users\\Ivan\\Desktop\\Eventmi-AppSkeleton\\EventmiTest\\bin\\Debug\\net6.0\\fine-code-coverage\\build-output\\EventmiTest.dll","CodeFilePath":null,"LineNumber":0,"Properties":[{"Key":{"Id":"NUnit.Seed","Label":"Seed","Category":"","Description":"","Attributes":0,"ValueType":"System.String"},"Value":"1017086736"}]}]}}
TpTrace Verbose: 0 : 11008, 14, 2024/03/12, 12:09:57.565, 744285747229, vstest.console.dll, TestRunRequest:SendTestRunStatsChange: Starting.
TpTrace Verbose: 0 : 11008, 14, 2024/03/12, 12:09:57.565, 744285747626, vstest.console.dll, InProgress is DeleteAction_WithNoId_ShouldReturnNotFound
TpTrace Verbose: 0 : 11008, 14, 2024/03/12, 12:09:57.565, 744285748152, vstest.console.dll, MulticastDelegateUtilities.SafeInvoke: TestRun.RunStatsChanged: Invoking callbacks was skipped because there are no subscribers.
TpTrace Information: 0 : 11008, 14, 2024/03/12, 12:09:57.565, 744285748493, vstest.console.dll, TestRunRequest:SendTestRunStatsChange: Completed.
TpTrace Verbose: 0 : 11008, 14, 2024/03/12, 12:09:57.565, 744285748773, vstest.console.dll, MulticastDelegateUtilities.SafeInvoke: LengthPrefixCommunicationChannel: MessageReceived: Invoking callback 1/1 for Microsoft.VisualStudio.TestPlatform.CommunicationUtilities.TestRequestSender+<>c__DisplayClass34_0., took 0 ms.
TpTrace Verbose: 0 : 11008, 14, 2024/03/12, 12:09:57.565, 744285749115, vstest.console.dll, TcpClientExtensions.MessageLoopAsync: Polling on remoteEndPoint: 127.0.0.1:13124 localEndPoint: 127.0.0.1:13123
TpTrace Verbose: 0 : 11008, 4, 2024/03/12, 12:09:57.565, 744285750549, vstest.console.dll, MulticastDelegateUtilities.SafeInvoke: InternalTestLoggerEvents.SendTestResult: Invoking callback 1/1 for Microsoft.VisualStudio.TestPlatform.CommandLine.Internal.ConsoleLogger., took 0 ms.
TpTrace Verbose: 0 : 11008, 14, 2024/03/12, 12:09:58.574, 744295837609, vstest.console.dll, TcpClientExtensions.MessageLoopAsync: Polling on remoteEndPoint: 127.0.0.1:13124 localEndPoint: 127.0.0.1:13123
TpTrace Verbose: 0 : 11008, 14, 2024/03/12, 12:09:59.577, 744305868572, vstest.console.dll, TcpClientExtensions.MessageLoopAsync: Polling on remoteEndPoint: 127.0.0.1:13124 localEndPoint: 127.0.0.1:13123
TpTrace Verbose: 0 : 11008, 14, 2024/03/12, 12:10:00.592, 744316019753, vstest.console.dll, TcpClientExtensions.MessageLoopAsync: Polling on remoteEndPoint: 127.0.0.1:13124 localEndPoint: 127.0.0.1:13123
TpTrace Verbose: 0 : 11008, 14, 2024/03/12, 12:10:01.602, 744326125331, vstest.console.dll, TcpClientExtensions.MessageLoopAsync: Polling on remoteEndPoint: 127.0.0.1:13124 localEndPoint: 127.0.0.1:13123
TpTrace Verbose: 0 : 11008, 14, 2024/03/12, 12:10:01.655, 744326648574, vstest.console.dll, TcpClientExtensions.MessageLoopAsync: NotifyDataAvailable remoteEndPoint: 127.0.0.1:13124 localEndPoint: 127.0.0.1:13123
TpTrace Verbose: 0 : 11008, 14, 2024/03/12, 12:10:01.655, 744326650551, vstest.console.dll, TestRequestSender.OnExecutionMessageReceived: Received message: {"Version":7,"MessageType":"TestExecution.StatsChange","Payload":{"NewTestResults":[{"TestCase":{"Id":"5d6d2a07-5dfa-3733-087c-c20cc94b798a","FullyQualifiedName":"Eventmi.Tests.Tests.DeleteAction_WithNoId_ShouldReturnNotFound","DisplayName":"DeleteAction_WithNoId_ShouldReturnNotFound","ExecutorUri":"executor://NUnit3TestExecutor","Source":"C:\\Users\\Ivan\\Desktop\\Eventmi-AppSkeleton\\EventmiTest\\bin\\Debug\\net6.0\\fine-code-coverage\\build-output\\EventmiTest.dll","CodeFilePath":null,"LineNumber":0,"Properties":[{"Key":{"Id":"NUnit.Seed","Label":"Seed","Category":"","Description":"","Attributes":0,"ValueType":"System.String"},"Value":"1017086736"}]},"Attachments":[],"Outcome":2,"ErrorMessage":"  Expected: NotFound\r\n  But was:  0\r\n","ErrorStackTrace":"   at Eventmi.Tests.Tests.DeleteAction_WithNoId_ShouldReturnNotFound() in C:\\Users\\Ivan\\Desktop\\Eventmi-AppSkeleton\\EventmiTest\\EventControllerTest.cs:line 305\r\n   at NUnit.Framework.Internal.TaskAwaitAdapter.GenericAdapter`1.BlockUntilCompleted()\r\n   at NUnit.Framework.Internal.MessagePumpStrategy.NoMessagePumpStrategy.WaitForCompletion(AwaitAdapter awaiter)\r\n   at NUnit.Framework.Internal.AsyncToSyncAdapter.Await(Func`1 invoke)\r\n   at NUnit.Framework.Internal.Commands.TestMethodCommand.RunTestMethod(TestExecutionContext context)\r\n   at NUnit.Framework.Internal.Commands.TestMethodCommand.Execute(TestExecutionContext context)\r\n   at NUnit.Framework.Internal.Commands.BeforeAndAfterTestCommand.<>c__DisplayClass1_0.<Execute>b__0()\r\n   at NUnit.Framework.Internal.Commands.DelegatingTestCommand.RunTestMethodInThreadAbortSafeZone(TestExecutionContext context, Action action)\r\n\n1)    at Eventmi.Tests.Tests.DeleteAction_WithNoId_ShouldReturnNotFound() in C:\\Users\\Ivan\\Desktop\\Eventmi-AppSkeleton\\EventmiTest\\EventControllerTest.cs:line 305\r\n   at System.Runtime.CompilerServices.AsyncTaskMethodBuilder`1.AsyncStateMachineBox`1.ExecutionContextCallback(Object s)\r\n\n","DisplayName":"DeleteAction_WithNoId_ShouldReturnNotFound","Messages":[],"ComputerName":"DESKTOP-QI8JBMK","Duration":"00:00:04.0910450","StartTime":"2024-03-12T10:09:57.5615513+00:00","EndTime":"2024-03-12T10:10:01.6525961+00:00","Properties":[{"Key":{"Id":"NUnit.Seed","Label":"Seed","Category":"","Description":"","Attributes":0,"ValueType":"System.String"},"Value":"1017086736"}]}],"TestRunStatistics":{"ExecutedTests":4,"Stats":{"Failed":4}},"ActiveTests":[{"Id":"7c0c623e-508f-737a-aabb-11f303758624","FullyQualifiedName":"Eventmi.Tests.Tests.DeleteAction_WithValidId_RedirectsToAllEvents","DisplayName":"DeleteAction_WithValidId_RedirectsToAllEvents","ExecutorUri":"executor://NUnit3TestExecutor","Source":"C:\\Users\\Ivan\\Desktop\\Eventmi-AppSkeleton\\EventmiTest\\bin\\Debug\\net6.0\\fine-code-coverage\\build-output\\EventmiTest.dll","CodeFilePath":null,"LineNumber":0,"Properties":[{"Key":{"Id":"NUnit.Seed","Label":"Seed","Category":"","Description":"","Attributes":0,"ValueType":"System.String"},"Value":"34492823"}]}]}}
TpTrace Verbose: 0 : 11008, 14, 2024/03/12, 12:10:01.655, 744326655165, vstest.console.dll, TestRunRequest:SendTestRunStatsChange: Starting.
TpTrace Verbose: 0 : 11008, 14, 2024/03/12, 12:10:01.655, 744326655516, vstest.console.dll, InProgress is DeleteAction_WithValidId_RedirectsToAllEvents
TpTrace Verbose: 0 : 11008, 14, 2024/03/12, 12:10:01.655, 744326655888, vstest.console.dll, MulticastDelegateUtilities.SafeInvoke: TestRun.RunStatsChanged: Invoking callbacks was skipped because there are no subscribers.
TpTrace Information: 0 : 11008, 14, 2024/03/12, 12:10:01.655, 744326656619, vstest.console.dll, TestRunRequest:SendTestRunStatsChange: Completed.
TpTrace Verbose: 0 : 11008, 14, 2024/03/12, 12:10:01.655, 744326656927, vstest.console.dll, MulticastDelegateUtilities.SafeInvoke: LengthPrefixCommunicationChannel: MessageReceived: Invoking callback 1/1 for Microsoft.VisualStudio.TestPlatform.CommunicationUtilities.TestRequestSender+<>c__DisplayClass34_0., took 0 ms.
TpTrace Verbose: 0 : 11008, 14, 2024/03/12, 12:10:01.656, 744326657197, vstest.console.dll, TcpClientExtensions.MessageLoopAsync: Polling on remoteEndPoint: 127.0.0.1:13124 localEndPoint: 127.0.0.1:13123
TpTrace Verbose: 0 : 11008, 4, 2024/03/12, 12:10:01.656, 744326658538, vstest.console.dll, MulticastDelegateUtilities.SafeInvoke: InternalTestLoggerEvents.SendTestResult: Invoking callback 1/1 for Microsoft.VisualStudio.TestPlatform.CommandLine.Internal.ConsoleLogger., took 0 ms.
TpTrace Verbose: 0 : 11008, 14, 2024/03/12, 12:10:02.662, 744336723446, vstest.console.dll, TcpClientExtensions.MessageLoopAsync: Polling on remoteEndPoint: 127.0.0.1:13124 localEndPoint: 127.0.0.1:13123
TpTrace Verbose: 0 : 11008, 14, 2024/03/12, 12:10:03.676, 744346860907, vstest.console.dll, TcpClientExtensions.MessageLoopAsync: Polling on remoteEndPoint: 127.0.0.1:13124 localEndPoint: 127.0.0.1:13123
TpTrace Verbose: 0 : 11008, 14, 2024/03/12, 12:10:04.688, 744356985958, vstest.console.dll, TcpClientExtensions.MessageLoopAsync: Polling on remoteEndPoint: 127.0.0.1:13124 localEndPoint: 127.0.0.1:13123
TpTrace Verbose: 0 : 11008, 14, 2024/03/12, 12:10:05.690, 744367005265, vstest.console.dll, TcpClientExtensions.MessageLoopAsync: Polling on remoteEndPoint: 127.0.0.1:13124 localEndPoint: 127.0.0.1:13123
TpTrace Verbose: 0 : 11008, 14, 2024/03/12, 12:10:06.696, 744377063961, vstest.console.dll, TcpClientExtensions.MessageLoopAsync: Polling on remoteEndPoint: 127.0.0.1:13124 localEndPoint: 127.0.0.1:13123
TpTrace Verbose: 0 : 11008, 14, 2024/03/12, 12:10:07.710, 744387200323, vstest.console.dll, TcpClientExtensions.MessageLoopAsync: Polling on remoteEndPoint: 127.0.0.1:13124 localEndPoint: 127.0.0.1:13123
TpTrace Verbose: 0 : 11008, 14, 2024/03/12, 12:10:08.711, 744397209615, vstest.console.dll, TcpClientExtensions.MessageLoopAsync: Polling on remoteEndPoint: 127.0.0.1:13124 localEndPoint: 127.0.0.1:13123
TpTrace Verbose: 0 : 11008, 14, 2024/03/12, 12:10:09.726, 744407361838, vstest.console.dll, TcpClientExtensions.MessageLoopAsync: Polling on remoteEndPoint: 127.0.0.1:13124 localEndPoint: 127.0.0.1:13123
TpTrace Verbose: 0 : 11008, 14, 2024/03/12, 12:10:10.738, 744417484536, vstest.console.dll, TcpClientExtensions.MessageLoopAsync: Polling on remoteEndPoint: 127.0.0.1:13124 localEndPoint: 127.0.0.1:13123
TpTrace Verbose: 0 : 11008, 14, 2024/03/12, 12:10:11.750, 744427606966, vstest.console.dll, TcpClientExtensions.MessageLoopAsync: Polling on remoteEndPoint: 127.0.0.1:13124 localEndPoint: 127.0.0.1:13123
TpTrace Verbose: 0 : 11008, 14, 2024/03/12, 12:10:12.752, 744437617625, vstest.console.dll, TcpClientExtensions.MessageLoopAsync: Polling on remoteEndPoint: 127.0.0.1:13124 localEndPoint: 127.0.0.1:13123
TpTrace Verbose: 0 : 11008, 14, 2024/03/12, 12:10:13.765, 744447755778, vstest.console.dll, TcpClientExtensions.MessageLoopAsync: Polling on remoteEndPoint: 127.0.0.1:13124 localEndPoint: 127.0.0.1:13123
TpTrace Verbose: 0 : 11008, 14, 2024/03/12, 12:10:14.771, 744457814393, vstest.console.dll, TcpClientExtensions.MessageLoopAsync: Polling on remoteEndPoint: 127.0.0.1:13124 localEndPoint: 127.0.0.1:13123
TpTrace Verbose: 0 : 11008, 14, 2024/03/12, 12:10:15.785, 744467954481, vstest.console.dll, TcpClientExtensions.MessageLoopAsync: Polling on remoteEndPoint: 127.0.0.1:13124 localEndPoint: 127.0.0.1:13123
TpTrace Verbose: 0 : 11008, 14, 2024/03/12, 12:10:16.799, 744478088764, vstest.console.dll, TcpClientExtensions.MessageLoopAsync: Polling on remoteEndPoint: 127.0.0.1:13124 localEndPoint: 127.0.0.1:13123
TpTrace Verbose: 0 : 11008, 14, 2024/03/12, 12:10:17.811, 744488216712, vstest.console.dll, TcpClientExtensions.MessageLoopAsync: Polling on remoteEndPoint: 127.0.0.1:13124 localEndPoint: 127.0.0.1:13123
TpTrace Verbose: 0 : 11008, 14, 2024/03/12, 12:10:18.826, 744498357585, vstest.console.dll, TcpClientExtensions.MessageLoopAsync: Polling on remoteEndPoint: 127.0.0.1:13124 localEndPoint: 127.0.0.1:13123
TpTrace Verbose: 0 : 11008, 14, 2024/03/12, 12:10:19.841, 744508510669, vstest.console.dll, TcpClientExtensions.MessageLoopAsync: Polling on remoteEndPoint: 127.0.0.1:13124 localEndPoint: 127.0.0.1:13123
TpTrace Verbose: 0 : 11008, 14, 2024/03/12, 12:10:20.841, 744518516878, vstest.console.dll, TcpClientExtensions.MessageLoopAsync: Polling on remoteEndPoint: 127.0.0.1:13124 localEndPoint: 127.0.0.1:13123
TpTrace Verbose: 0 : 11008, 14, 2024/03/12, 12:10:21.852, 744528622219, vstest.console.dll, TcpClientExtensions.MessageLoopAsync: Polling on remoteEndPoint: 127.0.0.1:13124 localEndPoint: 127.0.0.1:13123
TpTrace Verbose: 0 : 11008, 14, 2024/03/12, 12:10:22.864, 744538741579, vstest.console.dll, TcpClientExtensions.MessageLoopAsync: Polling on remoteEndPoint: 127.0.0.1:13124 localEndPoint: 127.0.0.1:13123
TpTrace Verbose: 0 : 11008, 14, 2024/03/12, 12:10:23.590, 744546001600, vstest.console.dll, TcpClientExtensions.MessageLoopAsync: NotifyDataAvailable remoteEndPoint: 127.0.0.1:13124 localEndPoint: 127.0.0.1:13123
TpTrace Verbose: 0 : 11008, 14, 2024/03/12, 12:10:23.590, 744546004459, vstest.console.dll, TestRequestSender.OnExecutionMessageReceived: Received message: {"Version":7,"MessageType":"TestExecution.StatsChange","Payload":{"NewTestResults":[{"TestCase":{"Id":"7c0c623e-508f-737a-aabb-11f303758624","FullyQualifiedName":"Eventmi.Tests.Tests.DeleteAction_WithValidId_RedirectsToAllEvents","DisplayName":"DeleteAction_WithValidId_RedirectsToAllEvents","ExecutorUri":"executor://NUnit3TestExecutor","Source":"C:\\Users\\Ivan\\Desktop\\Eventmi-AppSkeleton\\EventmiTest\\bin\\Debug\\net6.0\\fine-code-coverage\\build-output\\EventmiTest.dll","CodeFilePath":null,"LineNumber":0,"Properties":[{"Key":{"Id":"NUnit.Seed","Label":"Seed","Category":"","Description":"","Attributes":0,"ValueType":"System.String"},"Value":"34492823"}]},"Attachments":[],"Outcome":2,"ErrorMessage":"Microsoft.Data.SqlClient.SqlException : A network-related or instance-specific error occurred while establishing a connection to SQL Server. The server was not found or was not accessible. Verify that the instance name is correct and that SQL Server is configured to allow remote connections. (provider: Named Pipes Provider, error: 40 - Could not open a connection to SQL Server)\r\nData:\r\n  HelpLink.ProdName: Microsoft SQL Server\r\n  HelpLink.EvtSrc: MSSQLServer\r\n  HelpLink.EvtID: 2\r\n  HelpLink.BaseHelpUrl: https://go.microsoft.com/fwlink\r\n  HelpLink.LinkId: 20476\r\n  ----> System.ComponentModel.Win32Exception : The system cannot find the file specified.","ErrorStackTrace":"   at Microsoft.Data.SqlClient.SqlInternalConnection.OnError(SqlException exception, Boolean breakConnection, Action`1 wrapCloseInAction)\r\n   at Microsoft.Data.SqlClient.TdsParser.ThrowExceptionAndWarning(TdsParserStateObject stateObj, Boolean callerHasConnectionLock, Boolean asyncClose)\r\n   at Microsoft.Data.SqlClient.TdsParser.Connect(ServerInfo serverInfo, SqlInternalConnectionTds connHandler, Boolean ignoreSniOpenTimeout, Int64 timerExpire, Boolean encrypt, Boolean trustServerCert, Boolean integratedSecurity, Boolean withFailover, SqlAuthenticationMethod authType)\r\n   at Microsoft.Data.SqlClient.SqlInternalConnectionTds.AttemptOneLogin(ServerInfo serverInfo, String newPassword, SecureString newSecurePassword, Boolean ignoreSniOpenTimeout, TimeoutTimer timeout, Boolean withFailover)\r\n   at Microsoft.Data.SqlClient.SqlInternalConnectionTds.LoginNoFailover(ServerInfo serverInfo, String newPassword, SecureString newSecurePassword, Boolean redirectedUserInstance, SqlConnectionString connectionOptions, SqlCredential credential, TimeoutTimer timeout)\r\n   at Microsoft.Data.SqlClient.SqlInternalConnectionTds.OpenLoginEnlist(TimeoutTimer timeout, SqlConnectionString connectionOptions, SqlCredential credential, String newPassword, SecureString newSecurePassword, Boolean redirectedUserInstance)\r\n   at Microsoft.Data.SqlClient.SqlInternalConnectionTds..ctor(DbConnectionPoolIdentity identity, SqlConnectionString connectionOptions, SqlCredential credential, Object providerInfo, String newPassword, SecureString newSecurePassword, Boolean redirectedUserInstance, SqlConnectionString userConnectionOptions, SessionData reconnectSessionData, Boolean applyTransientFaultHandling, String accessToken, DbConnectionPool pool)\r\n   at Microsoft.Data.SqlClient.SqlConnectionFactory.CreateConnection(DbConnectionOptions options, DbConnectionPoolKey poolKey, Object poolGroupProviderInfo, DbConnectionPool pool, DbConnection owningConnection, DbConnectionOptions userOptions)\r\n   at Microsoft.Data.ProviderBase.DbConnectionFactory.CreatePooledConnection(DbConnectionPool pool, DbConnection owningObject, DbConnectionOptions options, DbConnectionPoolKey poolKey, DbConnectionOptions userOptions)\r\n   at Microsoft.Data.ProviderBase.DbConnectionPool.CreateObject(DbConnection owningObject, DbConnectionOptions userOptions, DbConnectionInternal oldConnection)\r\n   at Microsoft.Data.ProviderBase.DbConnectionPool.UserCreateRequest(DbConnection owningObject, DbConnectionOptions userOptions, DbConnectionInternal oldConnection)\r\n   at Microsoft.Data.ProviderBase.DbConnectionPool.TryGetConnection(DbConnection owningObject, UInt32 waitForMultipleObjectsTimeout, Boolean allowCreate, Boolean onlyOneCheckConnection, DbConnectionOptions userOptions, DbConnectionInternal& connection)\r\n   at Microsoft.Data.ProviderBase.DbConnectionPool.TryGetConnection(DbConnection owningObject, TaskCompletionSource`1 retry, DbConnectionOptions userOptions, DbConnectionInternal& connection)\r\n   at Microsoft.Data.ProviderBase.DbConnectionFactory.TryGetConnection(DbConnection owningConnection, TaskCompletionSource`1 retry, DbConnectionOptions userOptions, DbConnectionInternal oldConnection, DbConnectionInternal& connection)\r\n   at Microsoft.Data.ProviderBase.DbConnectionInternal.TryOpenConnectionInternal(DbConnection outerConnection, DbConnectionFactory connectionFactory, TaskCompletionSource`1 retry, DbConnectionOptions userOptions)\r\n   at Microsoft.Data.ProviderBase.DbConnectionClosed.TryOpenConnection(DbConnection outerConnection, DbConnectionFactory connectionFactory, TaskCompletionSource`1 retry, DbConnectionOptions userOptions)\r\n   at Microsoft.Data.SqlClient.SqlConnection.TryOpen(TaskCompletionSource`1 retry, SqlConnectionOverrides overrides)\r\n   at Microsoft.Data.SqlClient.SqlConnection.Open(SqlConnectionOverrides overrides)\r\n   at Microsoft.Data.SqlClient.SqlConnection.Open()\r\n   at Microsoft.EntityFrameworkCore.SqlServer.Storage.Internal.SqlServerConnection.OpenDbConnection(Boolean errorsExpected)\r\n   at Microsoft.EntityFrameworkCore.Storage.RelationalConnection.OpenInternal(Boolean errorsExpected)\r\n   at Microsoft.EntityFrameworkCore.Storage.RelationalConnection.Open(Boolean errorsExpected)\r\n   at Microsoft.EntityFrameworkCore.Storage.RelationalCommand.ExecuteReader(RelationalCommandParameterObject parameterObject)\r\n   at Microsoft.EntityFrameworkCore.Query.Internal.SingleQueryingEnumerable`1.Enumerator.InitializeReader(Enumerator enumerator)\r\n   at Microsoft.EntityFrameworkCore.Query.Internal.SingleQueryingEnumerable`1.Enumerator.<>c.<MoveNext>b__19_0(DbContext _, Enumerator enumerator)\r\n   at Microsoft.EntityFrameworkCore.SqlServer.Storage.Internal.SqlServerExecutionStrategy.Execute[TState,TResult](TState state, Func`3 operation, Func`3 verifySucceeded)\r\n   at Microsoft.EntityFrameworkCore.Query.Internal.SingleQueryingEnumerable`1.Enumerator.MoveNext()\r\n   at System.Linq.Enumerable.TryGetSingle[TSource](IEnumerable`1 source, Boolean& found)\r\n   at lambda_method127(Closure , QueryContext )\r\n   at Microsoft.EntityFrameworkCore.Query.Internal.QueryCompiler.Execute[TResult](Expression query)\r\n   at Microsoft.EntityFrameworkCore.Query.Internal.EntityQueryProvider.Execute[TResult](Expression expression)\r\n   at System.Linq.Queryable.FirstOrDefault[TSource](IQueryable`1 source, Expression`1 predicate)\r\n   at Eventmi.Tests.Tests.GetEventByName(String name) in C:\\Users\\Ivan\\Desktop\\Eventmi-AppSkeleton\\EventmiTest\\EventControllerTest.cs:line 314\r\n   at Eventmi.Tests.Tests.DeleteAction_WithValidId_RedirectsToAllEvents() in C:\\Users\\Ivan\\Desktop\\Eventmi-AppSkeleton\\EventmiTest\\EventControllerTest.cs:line 281\r\n   at NUnit.Framework.Internal.TaskAwaitAdapter.GenericAdapter`1.BlockUntilCompleted()\r\n   at NUnit.Framework.Internal.MessagePumpStrategy.NoMessagePumpStrategy.WaitForCompletion(AwaitAdapter awaiter)\r\n   at NUnit.Framework.Internal.AsyncToSyncAdapter.Await(Func`1 invoke)\r\n   at NUnit.Framework.Internal.Commands.TestMethodCommand.RunTestMethod(TestExecutionContext context)\r\n   at NUnit.Framework.Internal.Commands.TestMethodCommand.Execute(TestExecutionContext context)\r\n   at NUnit.Framework.Internal.Commands.BeforeAndAfterTestCommand.<>c__DisplayClass1_0.<Execute>b__0()\r\n   at NUnit.Framework.Internal.Commands.DelegatingTestCommand.RunTestMethodInThreadAbortSafeZone(TestExecutionContext context, Action action)\r\n--Win32Exception\r\n\n","DisplayName":"DeleteAction_WithValidId_RedirectsToAllEvents","Messages":[],"ComputerName":"DESKTOP-QI8JBMK","Duration":"00:00:21.9351110","StartTime":"2024-03-12T10:10:01.6526266+00:00","EndTime":"2024-03-12T10:10:23.5877376+00:00","Properties":[{"Key":{"Id":"NUnit.Seed","Label":"Seed","Category":"","Description":"","Attributes":0,"ValueType":"System.String"},"Value":"34492823"}]}],"TestRunStatistics":{"ExecutedTests":5,"Stats":{"Failed":5}},"ActiveTests":[{"Id":"3065e05a-d118-ec80-9318-33aaa8415fcc","FullyQualifiedName":"Eventmi.Tests.Tests.Details_GetRequest_ShouldReturnDetailedView","DisplayName":"Details_GetRequest_ShouldReturnDetailedView","ExecutorUri":"executor://NUnit3TestExecutor","Source":"C:\\Users\\Ivan\\Desktop\\Eventmi-AppSkeleton\\EventmiTest\\bin\\Debug\\net6.0\\fine-code-coverage\\build-output\\EventmiTest.dll","CodeFilePath":null,"LineNumber":0,"Properties":[{"Key":{"Id":"NUnit.Seed","Label":"Seed","Category":"","Description":"","Attributes":0,"ValueType":"System.String"},"Value":"1278104916"}]}]}}
TpTrace Verbose: 0 : 11008, 14, 2024/03/12, 12:10:23.591, 744546009964, vstest.console.dll, TestRunRequest:SendTestRunStatsChange: Starting.
TpTrace Verbose: 0 : 11008, 14, 2024/03/12, 12:10:23.591, 744546010314, vstest.console.dll, InProgress is Details_GetRequest_ShouldReturnDetailedView
TpTrace Verbose: 0 : 11008, 14, 2024/03/12, 12:10:23.591, 744546010680, vstest.console.dll, MulticastDelegateUtilities.SafeInvoke: TestRun.RunStatsChanged: Invoking callbacks was skipped because there are no subscribers.
TpTrace Information: 0 : 11008, 14, 2024/03/12, 12:10:23.591, 744546010956, vstest.console.dll, TestRunRequest:SendTestRunStatsChange: Completed.
TpTrace Verbose: 0 : 11008, 14, 2024/03/12, 12:10:23.591, 744546011202, vstest.console.dll, MulticastDelegateUtilities.SafeInvoke: LengthPrefixCommunicationChannel: MessageReceived: Invoking callback 1/1 for Microsoft.VisualStudio.TestPlatform.CommunicationUtilities.TestRequestSender+<>c__DisplayClass34_0., took 0 ms.
TpTrace Verbose: 0 : 11008, 14, 2024/03/12, 12:10:23.591, 744546011462, vstest.console.dll, TcpClientExtensions.MessageLoopAsync: Polling on remoteEndPoint: 127.0.0.1:13124 localEndPoint: 127.0.0.1:13123
TpTrace Verbose: 0 : 11008, 4, 2024/03/12, 12:10:23.592, 744546019545, vstest.console.dll, MulticastDelegateUtilities.SafeInvoke: InternalTestLoggerEvents.SendTestResult: Invoking callback 1/1 for Microsoft.VisualStudio.TestPlatform.CommandLine.Internal.ConsoleLogger., took 0 ms.
TpTrace Verbose: 0 : 11008, 14, 2024/03/12, 12:10:24.605, 744556156477, vstest.console.dll, TcpClientExtensions.MessageLoopAsync: Polling on remoteEndPoint: 127.0.0.1:13124 localEndPoint: 127.0.0.1:13123
TpTrace Verbose: 0 : 11008, 14, 2024/03/12, 12:10:25.621, 744566308752, vstest.console.dll, TcpClientExtensions.MessageLoopAsync: Polling on remoteEndPoint: 127.0.0.1:13124 localEndPoint: 127.0.0.1:13123
TpTrace Verbose: 0 : 11008, 14, 2024/03/12, 12:10:26.635, 744576451083, vstest.console.dll, TcpClientExtensions.MessageLoopAsync: Polling on remoteEndPoint: 127.0.0.1:13124 localEndPoint: 127.0.0.1:13123
TpTrace Verbose: 0 : 11008, 14, 2024/03/12, 12:10:27.639, 744586489547, vstest.console.dll, TcpClientExtensions.MessageLoopAsync: Polling on remoteEndPoint: 127.0.0.1:13124 localEndPoint: 127.0.0.1:13123
TpTrace Verbose: 0 : 11008, 14, 2024/03/12, 12:10:27.644, 744586546204, vstest.console.dll, TcpClientExtensions.MessageLoopAsync: NotifyDataAvailable remoteEndPoint: 127.0.0.1:13124 localEndPoint: 127.0.0.1:13123
TpTrace Verbose: 0 : 11008, 14, 2024/03/12, 12:10:27.645, 744586547901, vstest.console.dll, TestRequestSender.OnExecutionMessageReceived: Received message: {"Version":7,"MessageType":"TestExecution.StatsChange","Payload":{"NewTestResults":[{"TestCase":{"Id":"3065e05a-d118-ec80-9318-33aaa8415fcc","FullyQualifiedName":"Eventmi.Tests.Tests.Details_GetRequest_ShouldReturnDetailedView","DisplayName":"Details_GetRequest_ShouldReturnDetailedView","ExecutorUri":"executor://NUnit3TestExecutor","Source":"C:\\Users\\Ivan\\Desktop\\Eventmi-AppSkeleton\\EventmiTest\\bin\\Debug\\net6.0\\fine-code-coverage\\build-output\\EventmiTest.dll","CodeFilePath":null,"LineNumber":0,"Properties":[{"Key":{"Id":"NUnit.Seed","Label":"Seed","Category":"","Description":"","Attributes":0,"ValueType":"System.String"},"Value":"1278104916"}]},"Attachments":[],"Outcome":2,"ErrorMessage":"  Expected: OK\r\n  But was:  0\r\n","ErrorStackTrace":"   at Eventmi.Tests.Tests.Details_GetRequest_ShouldReturnDetailedView() in C:\\Users\\Ivan\\Desktop\\Eventmi-AppSkeleton\\EventmiTest\\EventControllerTest.cs:line 90\r\n   at NUnit.Framework.Internal.TaskAwaitAdapter.GenericAdapter`1.BlockUntilCompleted()\r\n   at NUnit.Framework.Internal.MessagePumpStrategy.NoMessagePumpStrategy.WaitForCompletion(AwaitAdapter awaiter)\r\n   at NUnit.Framework.Internal.AsyncToSyncAdapter.Await(Func`1 invoke)\r\n   at NUnit.Framework.Internal.Commands.TestMethodCommand.RunTestMethod(TestExecutionContext context)\r\n   at NUnit.Framework.Internal.Commands.TestMethodCommand.Execute(TestExecutionContext context)\r\n   at NUnit.Framework.Internal.Commands.BeforeAndAfterTestCommand.<>c__DisplayClass1_0.<Execute>b__0()\r\n   at NUnit.Framework.Internal.Commands.DelegatingTestCommand.RunTestMethodInThreadAbortSafeZone(TestExecutionContext context, Action action)\r\n\n1)    at Eventmi.Tests.Tests.Details_GetRequest_ShouldReturnDetailedView() in C:\\Users\\Ivan\\Desktop\\Eventmi-AppSkeleton\\EventmiTest\\EventControllerTest.cs:line 90\r\n   at System.Runtime.CompilerServices.AsyncTaskMethodBuilder`1.AsyncStateMachineBox`1.ExecutionContextCallback(Object s)\r\n\n","DisplayName":"Details_GetRequest_ShouldReturnDetailedView","Messages":[],"ComputerName":"DESKTOP-QI8JBMK","Duration":"00:00:04.0547290","StartTime":"2024-03-12T10:10:23.5877717+00:00","EndTime":"2024-03-12T10:10:27.6425007+00:00","Properties":[{"Key":{"Id":"NUnit.Seed","Label":"Seed","Category":"","Description":"","Attributes":0,"ValueType":"System.String"},"Value":"1278104916"}]}],"TestRunStatistics":{"ExecutedTests":6,"Stats":{"Failed":6}},"ActiveTests":[{"Id":"810d09ad-70bd-1805-5f89-bd435f532981","FullyQualifiedName":"Eventmi.Tests.Tests.Details_GetRequest_ShouldReturnNotFoundIfNoIdIsGiven","DisplayName":"Details_GetRequest_ShouldReturnNotFoundIfNoIdIsGiven","ExecutorUri":"executor://NUnit3TestExecutor","Source":"C:\\Users\\Ivan\\Desktop\\Eventmi-AppSkeleton\\EventmiTest\\bin\\Debug\\net6.0\\fine-code-coverage\\build-output\\EventmiTest.dll","CodeFilePath":null,"LineNumber":0,"Properties":[{"Key":{"Id":"NUnit.Seed","Label":"Seed","Category":"","Description":"","Attributes":0,"ValueType":"System.String"},"Value":"1433662463"}]}]}}
TpTrace Verbose: 0 : 11008, 14, 2024/03/12, 12:10:27.645, 744586552868, vstest.console.dll, TestRunRequest:SendTestRunStatsChange: Starting.
TpTrace Verbose: 0 : 11008, 14, 2024/03/12, 12:10:27.645, 744586553324, vstest.console.dll, InProgress is Details_GetRequest_ShouldReturnNotFoundIfNoIdIsGiven
TpTrace Verbose: 0 : 11008, 14, 2024/03/12, 12:10:27.645, 744586553776, vstest.console.dll, MulticastDelegateUtilities.SafeInvoke: TestRun.RunStatsChanged: Invoking callbacks was skipped because there are no subscribers.
TpTrace Information: 0 : 11008, 14, 2024/03/12, 12:10:27.645, 744586554032, vstest.console.dll, TestRunRequest:SendTestRunStatsChange: Completed.
TpTrace Verbose: 0 : 11008, 14, 2024/03/12, 12:10:27.645, 744586554280, vstest.console.dll, MulticastDelegateUtilities.SafeInvoke: LengthPrefixCommunicationChannel: MessageReceived: Invoking callback 1/1 for Microsoft.VisualStudio.TestPlatform.CommunicationUtilities.TestRequestSender+<>c__DisplayClass34_0., took 0 ms.
TpTrace Verbose: 0 : 11008, 14, 2024/03/12, 12:10:27.645, 744586554586, vstest.console.dll, TcpClientExtensions.MessageLoopAsync: Polling on remoteEndPoint: 127.0.0.1:13124 localEndPoint: 127.0.0.1:13123
TpTrace Verbose: 0 : 11008, 4, 2024/03/12, 12:10:27.645, 744586556119, vstest.console.dll, MulticastDelegateUtilities.SafeInvoke: InternalTestLoggerEvents.SendTestResult: Invoking callback 1/1 for Microsoft.VisualStudio.TestPlatform.CommandLine.Internal.ConsoleLogger., took 0 ms.
TpTrace Verbose: 0 : 11008, 14, 2024/03/12, 12:10:28.653, 744596636269, vstest.console.dll, TcpClientExtensions.MessageLoopAsync: Polling on remoteEndPoint: 127.0.0.1:13124 localEndPoint: 127.0.0.1:13123
TpTrace Verbose: 0 : 11008, 14, 2024/03/12, 12:10:29.667, 744606775417, vstest.console.dll, TcpClientExtensions.MessageLoopAsync: Polling on remoteEndPoint: 127.0.0.1:13124 localEndPoint: 127.0.0.1:13123
TpTrace Verbose: 0 : 11008, 14, 2024/03/12, 12:10:30.673, 744616836055, vstest.console.dll, TcpClientExtensions.MessageLoopAsync: Polling on remoteEndPoint: 127.0.0.1:13124 localEndPoint: 127.0.0.1:13123
TpTrace Verbose: 0 : 11008, 14, 2024/03/12, 12:10:31.675, 744626848218, vstest.console.dll, TcpClientExtensions.MessageLoopAsync: Polling on remoteEndPoint: 127.0.0.1:13124 localEndPoint: 127.0.0.1:13123
TpTrace Verbose: 0 : 11008, 14, 2024/03/12, 12:10:31.695, 744627051192, vstest.console.dll, TcpClientExtensions.MessageLoopAsync: NotifyDataAvailable remoteEndPoint: 127.0.0.1:13124 localEndPoint: 127.0.0.1:13123
TpTrace Verbose: 0 : 11008, 14, 2024/03/12, 12:10:31.695, 744627053131, vstest.console.dll, TestRequestSender.OnExecutionMessageReceived: Received message: {"Version":7,"MessageType":"TestExecution.StatsChange","Payload":{"NewTestResults":[{"TestCase":{"Id":"810d09ad-70bd-1805-5f89-bd435f532981","FullyQualifiedName":"Eventmi.Tests.Tests.Details_GetRequest_ShouldReturnNotFoundIfNoIdIsGiven","DisplayName":"Details_GetRequest_ShouldReturnNotFoundIfNoIdIsGiven","ExecutorUri":"executor://NUnit3TestExecutor","Source":"C:\\Users\\Ivan\\Desktop\\Eventmi-AppSkeleton\\EventmiTest\\bin\\Debug\\net6.0\\fine-code-coverage\\build-output\\EventmiTest.dll","CodeFilePath":null,"LineNumber":0,"Properties":[{"Key":{"Id":"NUnit.Seed","Label":"Seed","Category":"","Description":"","Attributes":0,"ValueType":"System.String"},"Value":"1433662463"}]},"Attachments":[],"Outcome":2,"ErrorMessage":"  Expected: NotFound\r\n  But was:  0\r\n","ErrorStackTrace":"   at Eventmi.Tests.Tests.Details_GetRequest_ShouldReturnNotFoundIfNoIdIsGiven() in C:\\Users\\Ivan\\Desktop\\Eventmi-AppSkeleton\\EventmiTest\\EventControllerTest.cs:line 131\r\n   at NUnit.Framework.Internal.TaskAwaitAdapter.GenericAdapter`1.BlockUntilCompleted()\r\n   at NUnit.Framework.Internal.MessagePumpStrategy.NoMessagePumpStrategy.WaitForCompletion(AwaitAdapter awaiter)\r\n   at NUnit.Framework.Internal.AsyncToSyncAdapter.Await(Func`1 invoke)\r\n   at NUnit.Framework.Internal.Commands.TestMethodCommand.RunTestMethod(TestExecutionContext context)\r\n   at NUnit.Framework.Internal.Commands.TestMethodCommand.Execute(TestExecutionContext context)\r\n   at NUnit.Framework.Internal.Commands.BeforeAndAfterTestCommand.<>c__DisplayClass1_0.<Execute>b__0()\r\n   at NUnit.Framework.Internal.Commands.DelegatingTestCommand.RunTestMethodInThreadAbortSafeZone(TestExecutionContext context, Action action)\r\n\n1)    at Eventmi.Tests.Tests.Details_GetRequest_ShouldReturnNotFoundIfNoIdIsGiven() in C:\\Users\\Ivan\\Desktop\\Eventmi-AppSkeleton\\EventmiTest\\EventControllerTest.cs:line 131\r\n   at System.Runtime.CompilerServices.AsyncTaskMethodBuilder`1.AsyncStateMachineBox`1.ExecutionContextCallback(Object s)\r\n\n","DisplayName":"Details_GetRequest_ShouldReturnNotFoundIfNoIdIsGiven","Messages":[],"ComputerName":"DESKTOP-QI8JBMK","Duration":"00:00:04.0503500","StartTime":"2024-03-12T10:10:27.6425371+00:00","EndTime":"2024-03-12T10:10:31.6928874+00:00","Properties":[{"Key":{"Id":"NUnit.Seed","Label":"Seed","Category":"","Description":"","Attributes":0,"ValueType":"System.String"},"Value":"1433662463"}]}],"TestRunStatistics":{"ExecutedTests":7,"Stats":{"Failed":7}},"ActiveTests":[{"Id":"5848fcda-5168-6f62-c4d6-f35c8440ee82","FullyQualifiedName":"Eventmi.Tests.Tests.Edit_GetRequest_ShouldReturnEditView","DisplayName":"Edit_GetRequest_ShouldReturnEditView","ExecutorUri":"executor://NUnit3TestExecutor","Source":"C:\\Users\\Ivan\\Desktop\\Eventmi-AppSkeleton\\EventmiTest\\bin\\Debug\\net6.0\\fine-code-coverage\\build-output\\EventmiTest.dll","CodeFilePath":null,"LineNumber":0,"Properties":[{"Key":{"Id":"NUnit.Seed","Label":"Seed","Category":"","Description":"","Attributes":0,"ValueType":"System.String"},"Value":"2087367151"}]}]}}
TpTrace Verbose: 0 : 11008, 14, 2024/03/12, 12:10:31.696, 744627059408, vstest.console.dll, TestRunRequest:SendTestRunStatsChange: Starting.
TpTrace Verbose: 0 : 11008, 14, 2024/03/12, 12:10:31.696, 744627059928, vstest.console.dll, InProgress is Edit_GetRequest_ShouldReturnEditView
TpTrace Verbose: 0 : 11008, 14, 2024/03/12, 12:10:31.696, 744627060582, vstest.console.dll, MulticastDelegateUtilities.SafeInvoke: TestRun.RunStatsChanged: Invoking callbacks was skipped because there are no subscribers.
TpTrace Information: 0 : 11008, 14, 2024/03/12, 12:10:31.696, 744627061192, vstest.console.dll, TestRunRequest:SendTestRunStatsChange: Completed.
TpTrace Verbose: 0 : 11008, 14, 2024/03/12, 12:10:31.696, 744627061535, vstest.console.dll, MulticastDelegateUtilities.SafeInvoke: LengthPrefixCommunicationChannel: MessageReceived: Invoking callback 1/1 for Microsoft.VisualStudio.TestPlatform.CommunicationUtilities.TestRequestSender+<>c__DisplayClass34_0., took 0 ms.
TpTrace Verbose: 0 : 11008, 14, 2024/03/12, 12:10:31.696, 744627061835, vstest.console.dll, TcpClientExtensions.MessageLoopAsync: Polling on remoteEndPoint: 127.0.0.1:13124 localEndPoint: 127.0.0.1:13123
TpTrace Verbose: 0 : 11008, 4, 2024/03/12, 12:10:31.696, 744627062938, vstest.console.dll, MulticastDelegateUtilities.SafeInvoke: InternalTestLoggerEvents.SendTestResult: Invoking callback 1/1 for Microsoft.VisualStudio.TestPlatform.CommandLine.Internal.ConsoleLogger., took 0 ms.
TpTrace Verbose: 0 : 11008, 14, 2024/03/12, 12:10:32.706, 744637158943, vstest.console.dll, TcpClientExtensions.MessageLoopAsync: Polling on remoteEndPoint: 127.0.0.1:13124 localEndPoint: 127.0.0.1:13123
TpTrace Verbose: 0 : 11008, 14, 2024/03/12, 12:10:33.707, 744647172823, vstest.console.dll, TcpClientExtensions.MessageLoopAsync: Polling on remoteEndPoint: 127.0.0.1:13124 localEndPoint: 127.0.0.1:13123
TpTrace Verbose: 0 : 11008, 14, 2024/03/12, 12:10:34.719, 744657292088, vstest.console.dll, TcpClientExtensions.MessageLoopAsync: Polling on remoteEndPoint: 127.0.0.1:13124 localEndPoint: 127.0.0.1:13123
TpTrace Verbose: 0 : 11008, 14, 2024/03/12, 12:10:35.731, 744667413565, vstest.console.dll, TcpClientExtensions.MessageLoopAsync: Polling on remoteEndPoint: 127.0.0.1:13124 localEndPoint: 127.0.0.1:13123
TpTrace Verbose: 0 : 11008, 14, 2024/03/12, 12:10:35.751, 744667614944, vstest.console.dll, TcpClientExtensions.MessageLoopAsync: NotifyDataAvailable remoteEndPoint: 127.0.0.1:13124 localEndPoint: 127.0.0.1:13123
TpTrace Verbose: 0 : 11008, 14, 2024/03/12, 12:10:35.751, 744667616764, vstest.console.dll, TestRequestSender.OnExecutionMessageReceived: Received message: {"Version":7,"MessageType":"TestExecution.StatsChange","Payload":{"NewTestResults":[{"TestCase":{"Id":"5848fcda-5168-6f62-c4d6-f35c8440ee82","FullyQualifiedName":"Eventmi.Tests.Tests.Edit_GetRequest_ShouldReturnEditView","DisplayName":"Edit_GetRequest_ShouldReturnEditView","ExecutorUri":"executor://NUnit3TestExecutor","Source":"C:\\Users\\Ivan\\Desktop\\Eventmi-AppSkeleton\\EventmiTest\\bin\\Debug\\net6.0\\fine-code-coverage\\build-output\\EventmiTest.dll","CodeFilePath":null,"LineNumber":0,"Properties":[{"Key":{"Id":"NUnit.Seed","Label":"Seed","Category":"","Description":"","Attributes":0,"ValueType":"System.String"},"Value":"2087367151"}]},"Attachments":[],"Outcome":2,"ErrorMessage":"  Expected: OK\r\n  But was:  0\r\n","ErrorStackTrace":"   at Eventmi.Tests.Tests.Edit_GetRequest_ShouldReturnEditView() in C:\\Users\\Ivan\\Desktop\\Eventmi-AppSkeleton\\EventmiTest\\EventControllerTest.cs:line 104\r\n   at NUnit.Framework.Internal.TaskAwaitAdapter.GenericAdapter`1.BlockUntilCompleted()\r\n   at NUnit.Framework.Internal.MessagePumpStrategy.NoMessagePumpStrategy.WaitForCompletion(AwaitAdapter awaiter)\r\n   at NUnit.Framework.Internal.AsyncToSyncAdapter.Await(Func`1 invoke)\r\n   at NUnit.Framework.Internal.Commands.TestMethodCommand.RunTestMethod(TestExecutionContext context)\r\n   at NUnit.Framework.Internal.Commands.TestMethodCommand.Execute(TestExecutionContext context)\r\n   at NUnit.Framework.Internal.Commands.BeforeAndAfterTestCommand.<>c__DisplayClass1_0.<Execute>b__0()\r\n   at NUnit.Framework.Internal.Commands.DelegatingTestCommand.RunTestMethodInThreadAbortSafeZone(TestExecutionContext context, Action action)\r\n\n1)    at Eventmi.Tests.Tests.Edit_GetRequest_ShouldReturnEditView() in C:\\Users\\Ivan\\Desktop\\Eventmi-AppSkeleton\\EventmiTest\\EventControllerTest.cs:line 104\r\n   at System.Runtime.CompilerServices.AsyncTaskMethodBuilder`1.AsyncStateMachineBox`1.ExecutionContextCallback(Object s)\r\n\n","DisplayName":"Edit_GetRequest_ShouldReturnEditView","Messages":[],"ComputerName":"DESKTOP-QI8JBMK","Duration":"00:00:04.0566840","StartTime":"2024-03-12T10:10:31.6929282+00:00","EndTime":"2024-03-12T10:10:35.7496117+00:00","Properties":[{"Key":{"Id":"NUnit.Seed","Label":"Seed","Category":"","Description":"","Attributes":0,"ValueType":"System.String"},"Value":"2087367151"}]}],"TestRunStatistics":{"ExecutedTests":8,"Stats":{"Failed":8}},"ActiveTests":[{"Id":"57b23ad4-9751-99c1-72c4-16c70705f9e8","FullyQualifiedName":"Eventmi.Tests.Tests.Edit_GetRequest_ShouldReturnNotFoundIfNoIdIsGiven","DisplayName":"Edit_GetRequest_ShouldReturnNotFoundIfNoIdIsGiven","ExecutorUri":"executor://NUnit3TestExecutor","Source":"C:\\Users\\Ivan\\Desktop\\Eventmi-AppSkeleton\\EventmiTest\\bin\\Debug\\net6.0\\fine-code-coverage\\build-output\\EventmiTest.dll","CodeFilePath":null,"LineNumber":0,"Properties":[{"Key":{"Id":"NUnit.Seed","Label":"Seed","Category":"","Description":"","Attributes":0,"ValueType":"System.String"},"Value":"1845879175"}]}]}}
TpTrace Verbose: 0 : 11008, 14, 2024/03/12, 12:10:35.752, 744667623310, vstest.console.dll, TestRunRequest:SendTestRunStatsChange: Starting.
TpTrace Verbose: 0 : 11008, 14, 2024/03/12, 12:10:35.752, 744667623801, vstest.console.dll, InProgress is Edit_GetRequest_ShouldReturnNotFoundIfNoIdIsGiven
TpTrace Verbose: 0 : 11008, 14, 2024/03/12, 12:10:35.752, 744667624356, vstest.console.dll, MulticastDelegateUtilities.SafeInvoke: TestRun.RunStatsChanged: Invoking callbacks was skipped because there are no subscribers.
TpTrace Information: 0 : 11008, 14, 2024/03/12, 12:10:35.752, 744667624645, vstest.console.dll, TestRunRequest:SendTestRunStatsChange: Completed.
TpTrace Verbose: 0 : 11008, 14, 2024/03/12, 12:10:35.752, 744667624948, vstest.console.dll, MulticastDelegateUtilities.SafeInvoke: LengthPrefixCommunicationChannel: MessageReceived: Invoking callback 1/1 for Microsoft.VisualStudio.TestPlatform.CommunicationUtilities.TestRequestSender+<>c__DisplayClass34_0., took 0 ms.
TpTrace Verbose: 0 : 11008, 14, 2024/03/12, 12:10:35.752, 744667625269, vstest.console.dll, TcpClientExtensions.MessageLoopAsync: Polling on remoteEndPoint: 127.0.0.1:13124 localEndPoint: 127.0.0.1:13123
TpTrace Verbose: 0 : 11008, 4, 2024/03/12, 12:10:35.753, 744667627182, vstest.console.dll, MulticastDelegateUtilities.SafeInvoke: InternalTestLoggerEvents.SendTestResult: Invoking callback 1/1 for Microsoft.VisualStudio.TestPlatform.CommandLine.Internal.ConsoleLogger., took 0 ms.
TpTrace Verbose: 0 : 11008, 14, 2024/03/12, 12:10:36.760, 744677703440, vstest.console.dll, TcpClientExtensions.MessageLoopAsync: Polling on remoteEndPoint: 127.0.0.1:13124 localEndPoint: 127.0.0.1:13123
TpTrace Verbose: 0 : 11008, 14, 2024/03/12, 12:10:37.775, 744687847391, vstest.console.dll, TcpClientExtensions.MessageLoopAsync: Polling on remoteEndPoint: 127.0.0.1:13124 localEndPoint: 127.0.0.1:13123
TpTrace Verbose: 0 : 11008, 14, 2024/03/12, 12:10:38.785, 744697953028, vstest.console.dll, TcpClientExtensions.MessageLoopAsync: Polling on remoteEndPoint: 127.0.0.1:13124 localEndPoint: 127.0.0.1:13123
TpTrace Verbose: 0 : 11008, 14, 2024/03/12, 12:10:39.797, 744708076629, vstest.console.dll, TcpClientExtensions.MessageLoopAsync: Polling on remoteEndPoint: 127.0.0.1:13124 localEndPoint: 127.0.0.1:13123
TpTrace Verbose: 0 : 11008, 14, 2024/03/12, 12:10:39.849, 744708591272, vstest.console.dll, TcpClientExtensions.MessageLoopAsync: NotifyDataAvailable remoteEndPoint: 127.0.0.1:13124 localEndPoint: 127.0.0.1:13123
TpTrace Verbose: 0 : 11008, 14, 2024/03/12, 12:10:39.849, 744708593010, vstest.console.dll, TestRequestSender.OnExecutionMessageReceived: Received message: {"Version":7,"MessageType":"TestExecution.StatsChange","Payload":{"NewTestResults":[{"TestCase":{"Id":"57b23ad4-9751-99c1-72c4-16c70705f9e8","FullyQualifiedName":"Eventmi.Tests.Tests.Edit_GetRequest_ShouldReturnNotFoundIfNoIdIsGiven","DisplayName":"Edit_GetRequest_ShouldReturnNotFoundIfNoIdIsGiven","ExecutorUri":"executor://NUnit3TestExecutor","Source":"C:\\Users\\Ivan\\Desktop\\Eventmi-AppSkeleton\\EventmiTest\\bin\\Debug\\net6.0\\fine-code-coverage\\build-output\\EventmiTest.dll","CodeFilePath":null,"LineNumber":0,"Properties":[{"Key":{"Id":"NUnit.Seed","Label":"Seed","Category":"","Description":"","Attributes":0,"ValueType":"System.String"},"Value":"1845879175"}]},"Attachments":[],"Outcome":2,"ErrorMessage":"  Expected: NotFound\r\n  But was:  0\r\n","ErrorStackTrace":"   at Eventmi.Tests.Tests.Edit_GetRequest_ShouldReturnNotFoundIfNoIdIsGiven() in C:\\Users\\Ivan\\Desktop\\Eventmi-AppSkeleton\\EventmiTest\\EventControllerTest.cs:line 117\r\n   at NUnit.Framework.Internal.TaskAwaitAdapter.GenericAdapter`1.BlockUntilCompleted()\r\n   at NUnit.Framework.Internal.MessagePumpStrategy.NoMessagePumpStrategy.WaitForCompletion(AwaitAdapter awaiter)\r\n   at NUnit.Framework.Internal.AsyncToSyncAdapter.Await(Func`1 invoke)\r\n   at NUnit.Framework.Internal.Commands.TestMethodCommand.RunTestMethod(TestExecutionContext context)\r\n   at NUnit.Framework.Internal.Commands.TestMethodCommand.Execute(TestExecutionContext context)\r\n   at NUnit.Framework.Internal.Commands.BeforeAndAfterTestCommand.<>c__DisplayClass1_0.<Execute>b__0()\r\n   at NUnit.Framework.Internal.Commands.DelegatingTestCommand.RunTestMethodInThreadAbortSafeZone(TestExecutionContext context, Action action)\r\n\n1)    at Eventmi.Tests.Tests.Edit_GetRequest_ShouldReturnNotFoundIfNoIdIsGiven() in C:\\Users\\Ivan\\Desktop\\Eventmi-AppSkeleton\\EventmiTest\\EventControllerTest.cs:line 117\r\n   at System.Runtime.CompilerServices.AsyncTaskMethodBuilder`1.AsyncStateMachineBox`1.ExecutionContextCallback(Object s)\r\n\n","DisplayName":"Edit_GetRequest_ShouldReturnNotFoundIfNoIdIsGiven","Messages":[],"ComputerName":"DESKTOP-QI8JBMK","Duration":"00:00:04.0977910","StartTime":"2024-03-12T10:10:35.7496436+00:00","EndTime":"2024-03-12T10:10:39.8474346+00:00","Properties":[{"Key":{"Id":"NUnit.Seed","Label":"Seed","Category":"","Description":"","Attributes":0,"ValueType":"System.String"},"Value":"1845879175"}]}],"TestRunStatistics":{"ExecutedTests":9,"Stats":{"Failed":9}},"ActiveTests":[{"Id":"cf36e9dc-efb3-f023-d4e8-3bac21e034f3","FullyQualifiedName":"Eventmi.Tests.Tests.Edit_PostRequest_ShouldEditAnEvent","DisplayName":"Edit_PostRequest_ShouldEditAnEvent","ExecutorUri":"executor://NUnit3TestExecutor","Source":"C:\\Users\\Ivan\\Desktop\\Eventmi-AppSkeleton\\EventmiTest\\bin\\Debug\\net6.0\\fine-code-coverage\\build-output\\EventmiTest.dll","CodeFilePath":null,"LineNumber":0,"Properties":[{"Key":{"Id":"NUnit.Seed","Label":"Seed","Category":"","Description":"","Attributes":0,"ValueType":"System.String"},"Value":"748905667"}]}]}}
TpTrace Verbose: 0 : 11008, 14, 2024/03/12, 12:10:39.850, 744708597800, vstest.console.dll, TestRunRequest:SendTestRunStatsChange: Starting.
TpTrace Verbose: 0 : 11008, 14, 2024/03/12, 12:10:39.850, 744708598424, vstest.console.dll, InProgress is Edit_PostRequest_ShouldEditAnEvent
TpTrace Verbose: 0 : 11008, 14, 2024/03/12, 12:10:39.850, 744708598937, vstest.console.dll, MulticastDelegateUtilities.SafeInvoke: TestRun.RunStatsChanged: Invoking callbacks was skipped because there are no subscribers.
TpTrace Information: 0 : 11008, 14, 2024/03/12, 12:10:39.850, 744708599245, vstest.console.dll, TestRunRequest:SendTestRunStatsChange: Completed.
TpTrace Verbose: 0 : 11008, 14, 2024/03/12, 12:10:39.850, 744708599525, vstest.console.dll, MulticastDelegateUtilities.SafeInvoke: LengthPrefixCommunicationChannel: MessageReceived: Invoking callback 1/1 for Microsoft.VisualStudio.TestPlatform.CommunicationUtilities.TestRequestSender+<>c__DisplayClass34_0., took 0 ms.
TpTrace Verbose: 0 : 11008, 14, 2024/03/12, 12:10:39.850, 744708599902, vstest.console.dll, TcpClientExtensions.MessageLoopAsync: Polling on remoteEndPoint: 127.0.0.1:13124 localEndPoint: 127.0.0.1:13123
TpTrace Verbose: 0 : 11008, 4, 2024/03/12, 12:10:39.850, 744708601316, vstest.console.dll, MulticastDelegateUtilities.SafeInvoke: InternalTestLoggerEvents.SendTestResult: Invoking callback 1/1 for Microsoft.VisualStudio.TestPlatform.CommandLine.Internal.ConsoleLogger., took 0 ms.
TpTrace Verbose: 0 : 11008, 14, 2024/03/12, 12:10:40.857, 744718671474, vstest.console.dll, TcpClientExtensions.MessageLoopAsync: Polling on remoteEndPoint: 127.0.0.1:13124 localEndPoint: 127.0.0.1:13123
TpTrace Verbose: 0 : 11008, 14, 2024/03/12, 12:10:41.872, 744728825981, vstest.console.dll, TcpClientExtensions.MessageLoopAsync: Polling on remoteEndPoint: 127.0.0.1:13124 localEndPoint: 127.0.0.1:13123
TpTrace Verbose: 0 : 11008, 14, 2024/03/12, 12:10:42.886, 744738967034, vstest.console.dll, TcpClientExtensions.MessageLoopAsync: Polling on remoteEndPoint: 127.0.0.1:13124 localEndPoint: 127.0.0.1:13123
TpTrace Verbose: 0 : 11008, 14, 2024/03/12, 12:10:43.900, 744749100639, vstest.console.dll, TcpClientExtensions.MessageLoopAsync: Polling on remoteEndPoint: 127.0.0.1:13124 localEndPoint: 127.0.0.1:13123
TpTrace Verbose: 0 : 11008, 14, 2024/03/12, 12:10:44.912, 744759222843, vstest.console.dll, TcpClientExtensions.MessageLoopAsync: Polling on remoteEndPoint: 127.0.0.1:13124 localEndPoint: 127.0.0.1:13123
TpTrace Verbose: 0 : 11008, 14, 2024/03/12, 12:10:45.913, 744769227903, vstest.console.dll, TcpClientExtensions.MessageLoopAsync: Polling on remoteEndPoint: 127.0.0.1:13124 localEndPoint: 127.0.0.1:13123
TpTrace Verbose: 0 : 11008, 14, 2024/03/12, 12:10:46.926, 744779359864, vstest.console.dll, TcpClientExtensions.MessageLoopAsync: Polling on remoteEndPoint: 127.0.0.1:13124 localEndPoint: 127.0.0.1:13123
TpTrace Verbose: 0 : 11008, 14, 2024/03/12, 12:10:47.936, 744789461509, vstest.console.dll, TcpClientExtensions.MessageLoopAsync: Polling on remoteEndPoint: 127.0.0.1:13124 localEndPoint: 127.0.0.1:13123
TpTrace Verbose: 0 : 11008, 14, 2024/03/12, 12:10:48.949, 744799594204, vstest.console.dll, TcpClientExtensions.MessageLoopAsync: Polling on remoteEndPoint: 127.0.0.1:13124 localEndPoint: 127.0.0.1:13123
TpTrace Verbose: 0 : 11008, 14, 2024/03/12, 12:10:49.962, 744809719562, vstest.console.dll, TcpClientExtensions.MessageLoopAsync: Polling on remoteEndPoint: 127.0.0.1:13124 localEndPoint: 127.0.0.1:13123
TpTrace Verbose: 0 : 11008, 14, 2024/03/12, 12:10:50.964, 744819739698, vstest.console.dll, TcpClientExtensions.MessageLoopAsync: Polling on remoteEndPoint: 127.0.0.1:13124 localEndPoint: 127.0.0.1:13123
TpTrace Verbose: 0 : 11008, 14, 2024/03/12, 12:10:51.976, 744829865590, vstest.console.dll, TcpClientExtensions.MessageLoopAsync: Polling on remoteEndPoint: 127.0.0.1:13124 localEndPoint: 127.0.0.1:13123
TpTrace Verbose: 0 : 11008, 14, 2024/03/12, 12:10:52.979, 744839890141, vstest.console.dll, TcpClientExtensions.MessageLoopAsync: Polling on remoteEndPoint: 127.0.0.1:13124 localEndPoint: 127.0.0.1:13123
TpTrace Verbose: 0 : 11008, 14, 2024/03/12, 12:10:53.991, 744850013231, vstest.console.dll, TcpClientExtensions.MessageLoopAsync: Polling on remoteEndPoint: 127.0.0.1:13124 localEndPoint: 127.0.0.1:13123
TpTrace Verbose: 0 : 11008, 14, 2024/03/12, 12:10:55.006, 744860166241, vstest.console.dll, TcpClientExtensions.MessageLoopAsync: Polling on remoteEndPoint: 127.0.0.1:13124 localEndPoint: 127.0.0.1:13123
TpTrace Verbose: 0 : 11008, 14, 2024/03/12, 12:10:56.020, 744870300878, vstest.console.dll, TcpClientExtensions.MessageLoopAsync: Polling on remoteEndPoint: 127.0.0.1:13124 localEndPoint: 127.0.0.1:13123
TpTrace Verbose: 0 : 11008, 14, 2024/03/12, 12:10:56.904, 744879145142, vstest.console.dll, TcpClientExtensions.MessageLoopAsync: NotifyDataAvailable remoteEndPoint: 127.0.0.1:13124 localEndPoint: 127.0.0.1:13123
TpTrace Verbose: 0 : 11008, 14, 2024/03/12, 12:10:56.905, 744879148046, vstest.console.dll, TestRequestSender.OnExecutionMessageReceived: Received message: {"Version":7,"MessageType":"TestExecution.StatsChange","Payload":{"NewTestResults":[{"TestCase":{"Id":"cf36e9dc-efb3-f023-d4e8-3bac21e034f3","FullyQualifiedName":"Eventmi.Tests.Tests.Edit_PostRequest_ShouldEditAnEvent","DisplayName":"Edit_PostRequest_ShouldEditAnEvent","ExecutorUri":"executor://NUnit3TestExecutor","Source":"C:\\Users\\Ivan\\Desktop\\Eventmi-AppSkeleton\\EventmiTest\\bin\\Debug\\net6.0\\fine-code-coverage\\build-output\\EventmiTest.dll","CodeFilePath":null,"LineNumber":0,"Properties":[{"Key":{"Id":"NUnit.Seed","Label":"Seed","Category":"","Description":"","Attributes":0,"ValueType":"System.String"},"Value":"748905667"}]},"Attachments":[],"Outcome":2,"ErrorMessage":"Microsoft.Data.SqlClient.SqlException : A network-related or instance-specific error occurred while establishing a connection to SQL Server. The server was not found or was not accessible. Verify that the instance name is correct and that SQL Server is configured to allow remote connections. (provider: Named Pipes Provider, error: 40 - Could not open a connection to SQL Server)\r\nData:\r\n  HelpLink.ProdName: Microsoft SQL Server\r\n  HelpLink.EvtSrc: MSSQLServer\r\n  HelpLink.EvtID: 2\r\n  HelpLink.BaseHelpUrl: https://go.microsoft.com/fwlink\r\n  HelpLink.LinkId: 20476\r\n  ----> System.ComponentModel.Win32Exception : The system cannot find the file specified.","ErrorStackTrace":"   at Microsoft.Data.SqlClient.SqlInternalConnection.OnError(SqlException exception, Boolean breakConnection, Action`1 wrapCloseInAction)\r\n   at Microsoft.Data.SqlClient.TdsParser.ThrowExceptionAndWarning(TdsParserStateObject stateObj, Boolean callerHasConnectionLock, Boolean asyncClose)\r\n   at Microsoft.Data.SqlClient.TdsParser.Connect(ServerInfo serverInfo, SqlInternalConnectionTds connHandler, Boolean ignoreSniOpenTimeout, Int64 timerExpire, Boolean encrypt, Boolean trustServerCert, Boolean integratedSecurity, Boolean withFailover, SqlAuthenticationMethod authType)\r\n   at Microsoft.Data.SqlClient.SqlInternalConnectionTds.AttemptOneLogin(ServerInfo serverInfo, String newPassword, SecureString newSecurePassword, Boolean ignoreSniOpenTimeout, TimeoutTimer timeout, Boolean withFailover)\r\n   at Microsoft.Data.SqlClient.SqlInternalConnectionTds.LoginNoFailover(ServerInfo serverInfo, String newPassword, SecureString newSecurePassword, Boolean redirectedUserInstance, SqlConnectionString connectionOptions, SqlCredential credential, TimeoutTimer timeout)\r\n   at Microsoft.Data.SqlClient.SqlInternalConnectionTds.OpenLoginEnlist(TimeoutTimer timeout, SqlConnectionString connectionOptions, SqlCredential credential, String newPassword, SecureString newSecurePassword, Boolean redirectedUserInstance)\r\n   at Microsoft.Data.SqlClient.SqlInternalConnectionTds..ctor(DbConnectionPoolIdentity identity, SqlConnectionString connectionOptions, SqlCredential credential, Object providerInfo, String newPassword, SecureString newSecurePassword, Boolean redirectedUserInstance, SqlConnectionString userConnectionOptions, SessionData reconnectSessionData, Boolean applyTransientFaultHandling, String accessToken, DbConnectionPool pool)\r\n   at Microsoft.Data.SqlClient.SqlConnectionFactory.CreateConnection(DbConnectionOptions options, DbConnectionPoolKey poolKey, Object poolGroupProviderInfo, DbConnectionPool pool, DbConnection owningConnection, DbConnectionOptions userOptions)\r\n   at Microsoft.Data.ProviderBase.DbConnectionFactory.CreatePooledConnection(DbConnectionPool pool, DbConnection owningObject, DbConnectionOptions options, DbConnectionPoolKey poolKey, DbConnectionOptions userOptions)\r\n   at Microsoft.Data.ProviderBase.DbConnectionPool.CreateObject(DbConnection owningObject, DbConnectionOptions userOptions, DbConnectionInternal oldConnection)\r\n   at Microsoft.Data.ProviderBase.DbConnectionPool.UserCreateRequest(DbConnection owningObject, DbConnectionOptions userOptions, DbConnectionInternal oldConnection)\r\n   at Microsoft.Data.ProviderBase.DbConnectionPool.TryGetConnection(DbConnection owningObject, UInt32 waitForMultipleObjectsTimeout, Boolean allowCreate, Boolean onlyOneCheckConnection, DbConnectionOptions userOptions, DbConnectionInternal& connection)\r\n   at Microsoft.Data.ProviderBase.DbConnectionPool.TryGetConnection(DbConnection owningObject, TaskCompletionSource`1 retry, DbConnectionOptions userOptions, DbConnectionInternal& connection)\r\n   at Microsoft.Data.ProviderBase.DbConnectionFactory.TryGetConnection(DbConnection owningConnection, TaskCompletionSource`1 retry, DbConnectionOptions userOptions, DbConnectionInternal oldConnection, DbConnectionInternal& connection)\r\n   at Microsoft.Data.ProviderBase.DbConnectionInternal.TryOpenConnectionInternal(DbConnection outerConnection, DbConnectionFactory connectionFactory, TaskCompletionSource`1 retry, DbConnectionOptions userOptions)\r\n   at Microsoft.Data.ProviderBase.DbConnectionClosed.TryOpenConnection(DbConnection outerConnection, DbConnectionFactory connectionFactory, TaskCompletionSource`1 retry, DbConnectionOptions userOptions)\r\n   at Microsoft.Data.SqlClient.SqlConnection.TryOpen(TaskCompletionSource`1 retry, SqlConnectionOverrides overrides)\r\n   at Microsoft.Data.SqlClient.SqlConnection.Open(SqlConnectionOverrides overrides)\r\n   at Microsoft.Data.SqlClient.SqlConnection.Open()\r\n   at Microsoft.EntityFrameworkCore.SqlServer.Storage.Internal.SqlServerConnection.OpenDbConnection(Boolean errorsExpected)\r\n   at Microsoft.EntityFrameworkCore.Storage.RelationalConnection.OpenInternal(Boolean errorsExpected)\r\n   at Microsoft.EntityFrameworkCore.Storage.RelationalConnection.Open(Boolean errorsExpected)\r\n   at Microsoft.EntityFrameworkCore.Storage.RelationalCommand.ExecuteReader(RelationalCommandParameterObject parameterObject)\r\n   at Microsoft.EntityFrameworkCore.Query.Internal.SingleQueryingEnumerable`1.Enumerator.InitializeReader(Enumerator enumerator)\r\n   at Microsoft.EntityFrameworkCore.Query.Internal.SingleQueryingEnumerable`1.Enumerator.<>c.<MoveNext>b__19_0(DbContext _, Enumerator enumerator)\r\n   at Microsoft.EntityFrameworkCore.SqlServer.Storage.Internal.SqlServerExecutionStrategy.Execute[TState,TResult](TState state, Func`3 operation, Func`3 verifySucceeded)\r\n   at Microsoft.EntityFrameworkCore.Query.Internal.SingleQueryingEnumerable`1.Enumerator.MoveNext()\r\n   at System.Linq.Enumerable.TryGetSingle[TSource](IEnumerable`1 source, Boolean& found)\r\n   at lambda_method129(Closure , QueryContext )\r\n   at Microsoft.EntityFrameworkCore.Query.Internal.QueryCompiler.Execute[TResult](Expression query)\r\n   at Microsoft.EntityFrameworkCore.Query.Internal.EntityQueryProvider.Execute[TResult](Expression expression)\r\n   at System.Linq.Queryable.FirstOrDefault[TSource](IQueryable`1 source, Expression`1 predicate)\r\n   at Eventmi.Tests.Tests.GetEventById(Int32 id) in C:\\Users\\Ivan\\Desktop\\Eventmi-AppSkeleton\\EventmiTest\\EventControllerTest.cs:line 330\r\n   at Eventmi.Tests.Tests.Edit_PostRequest_ShouldEditAnEvent() in C:\\Users\\Ivan\\Desktop\\Eventmi-AppSkeleton\\EventmiTest\\EventControllerTest.cs:line 167\r\n   at NUnit.Framework.Internal.TaskAwaitAdapter.GenericAdapter`1.GetResult()\r\n   at NUnit.Framework.Internal.AsyncToSyncAdapter.Await(Func`1 invoke)\r\n   at NUnit.Framework.Internal.Commands.TestMethodCommand.RunTestMethod(TestExecutionContext context)\r\n   at NUnit.Framework.Internal.Commands.TestMethodCommand.Execute(TestExecutionContext context)\r\n   at NUnit.Framework.Internal.Commands.BeforeAndAfterTestCommand.<>c__DisplayClass1_0.<Execute>b__0()\r\n   at NUnit.Framework.Internal.Commands.DelegatingTestCommand.RunTestMethodInThreadAbortSafeZone(TestExecutionContext context, Action action)\r\n--Win32Exception\r\n\n","DisplayName":"Edit_PostRequest_ShouldEditAnEvent","Messages":[],"ComputerName":"DESKTOP-QI8JBMK","Duration":"00:00:17.0539730","StartTime":"2024-03-12T10:10:39.8474665+00:00","EndTime":"2024-03-12T10:10:56.9014396+00:00","Properties":[{"Key":{"Id":"NUnit.Seed","Label":"Seed","Category":"","Description":"","Attributes":0,"ValueType":"System.String"},"Value":"748905667"}]}],"TestRunStatistics":{"ExecutedTests":10,"Stats":{"Failed":10}},"ActiveTests":[{"Id":"246128c7-f0ce-6b30-deaf-34f6376f1ec2","FullyQualifiedName":"Eventmi.Tests.Tests.Edit_PostRequest_ShouldReturnBackTheSameViewIfModelErrorArePresent","DisplayName":"Edit_PostRequest_ShouldReturnBackTheSameViewIfModelErrorArePresent","ExecutorUri":"executor://NUnit3TestExecutor","Source":"C:\\Users\\Ivan\\Desktop\\Eventmi-AppSkeleton\\EventmiTest\\bin\\Debug\\net6.0\\fine-code-coverage\\build-output\\EventmiTest.dll","CodeFilePath":null,"LineNumber":0,"Properties":[{"Key":{"Id":"NUnit.Seed","Label":"Seed","Category":"","Description":"","Attributes":0,"ValueType":"System.String"},"Value":"1668867538"}]}]}}
TpTrace Verbose: 0 : 11008, 14, 2024/03/12, 12:10:56.905, 744879153974, vstest.console.dll, TestRunRequest:SendTestRunStatsChange: Starting.
TpTrace Verbose: 0 : 11008, 14, 2024/03/12, 12:10:56.905, 744879154322, vstest.console.dll, InProgress is Edit_PostRequest_ShouldReturnBackTheSameViewIfModelErrorArePresent
TpTrace Verbose: 0 : 11008, 14, 2024/03/12, 12:10:56.905, 744879154672, vstest.console.dll, MulticastDelegateUtilities.SafeInvoke: TestRun.RunStatsChanged: Invoking callbacks was skipped because there are no subscribers.
TpTrace Information: 0 : 11008, 14, 2024/03/12, 12:10:56.905, 744879154836, vstest.console.dll, TestRunRequest:SendTestRunStatsChange: Completed.
TpTrace Verbose: 0 : 11008, 14, 2024/03/12, 12:10:56.905, 744879155013, vstest.console.dll, MulticastDelegateUtilities.SafeInvoke: LengthPrefixCommunicationChannel: MessageReceived: Invoking callback 1/1 for Microsoft.VisualStudio.TestPlatform.CommunicationUtilities.TestRequestSender+<>c__DisplayClass34_0., took 0 ms.
TpTrace Verbose: 0 : 11008, 14, 2024/03/12, 12:10:56.905, 744879155224, vstest.console.dll, TcpClientExtensions.MessageLoopAsync: Polling on remoteEndPoint: 127.0.0.1:13124 localEndPoint: 127.0.0.1:13123
TpTrace Verbose: 0 : 11008, 4, 2024/03/12, 12:10:56.906, 744879161706, vstest.console.dll, MulticastDelegateUtilities.SafeInvoke: InternalTestLoggerEvents.SendTestResult: Invoking callback 1/1 for Microsoft.VisualStudio.TestPlatform.CommandLine.Internal.ConsoleLogger., took 0 ms.
TpTrace Verbose: 0 : 11008, 14, 2024/03/12, 12:10:57.908, 744889186263, vstest.console.dll, TcpClientExtensions.MessageLoopAsync: Polling on remoteEndPoint: 127.0.0.1:13124 localEndPoint: 127.0.0.1:13123
TpTrace Verbose: 0 : 11008, 14, 2024/03/12, 12:10:58.409, 744894191529, vstest.console.dll, TcpClientExtensions.MessageLoopAsync: NotifyDataAvailable remoteEndPoint: 127.0.0.1:13124 localEndPoint: 127.0.0.1:13123
TpTrace Verbose: 0 : 11008, 14, 2024/03/12, 12:10:58.409, 744894194216, vstest.console.dll, TestRequestSender.OnExecutionMessageReceived: Received message: {"Version":7,"MessageType":"TestExecution.StatsChange","Payload":{"NewTestResults":[{"TestCase":{"Id":"246128c7-f0ce-6b30-deaf-34f6376f1ec2","FullyQualifiedName":"Eventmi.Tests.Tests.Edit_PostRequest_ShouldReturnBackTheSameViewIfModelErrorArePresent","DisplayName":"Edit_PostRequest_ShouldReturnBackTheSameViewIfModelErrorArePresent","ExecutorUri":"executor://NUnit3TestExecutor","Source":"C:\\Users\\Ivan\\Desktop\\Eventmi-AppSkeleton\\EventmiTest\\bin\\Debug\\net6.0\\fine-code-coverage\\build-output\\EventmiTest.dll","CodeFilePath":null,"LineNumber":0,"Properties":[{"Key":{"Id":"NUnit.Seed","Label":"Seed","Category":"","Description":"","Attributes":0,"ValueType":"System.String"},"Value":"1668867538"}]},"Attachments":[],"Outcome":2,"ErrorMessage":"Microsoft.Data.SqlClient.SqlException : A network-related or instance-specific error occurred while establishing a connection to SQL Server. The server was not found or was not accessible. Verify that the instance name is correct and that SQL Server is configured to allow remote connections. (provider: Named Pipes Provider, error: 40 - Could not open a connection to SQL Server)\r\nData:\r\n  HelpLink.ProdName: Microsoft SQL Server\r\n  HelpLink.EvtSrc: MSSQLServer\r\n  HelpLink.EvtID: 2\r\n  HelpLink.BaseHelpUrl: https://go.microsoft.com/fwlink\r\n  HelpLink.LinkId: 20476\r\n  ----> System.ComponentModel.Win32Exception : The system cannot find the file specified.","ErrorStackTrace":"   at Microsoft.Data.ProviderBase.DbConnectionPool.TryGetConnection(DbConnection owningObject, UInt32 waitForMultipleObjectsTimeout, Boolean allowCreate, Boolean onlyOneCheckConnection, DbConnectionOptions userOptions, DbConnectionInternal& connection)\r\n   at Microsoft.Data.ProviderBase.DbConnectionPool.TryGetConnection(DbConnection owningObject, TaskCompletionSource`1 retry, DbConnectionOptions userOptions, DbConnectionInternal& connection)\r\n   at Microsoft.Data.ProviderBase.DbConnectionFactory.TryGetConnection(DbConnection owningConnection, TaskCompletionSource`1 retry, DbConnectionOptions userOptions, DbConnectionInternal oldConnection, DbConnectionInternal& connection)\r\n   at Microsoft.Data.ProviderBase.DbConnectionInternal.TryOpenConnectionInternal(DbConnection outerConnection, DbConnectionFactory connectionFactory, TaskCompletionSource`1 retry, DbConnectionOptions userOptions)\r\n   at Microsoft.Data.ProviderBase.DbConnectionClosed.TryOpenConnection(DbConnection outerConnection, DbConnectionFactory connectionFactory, TaskCompletionSource`1 retry, DbConnectionOptions userOptions)\r\n   at Microsoft.Data.SqlClient.SqlConnection.TryOpen(TaskCompletionSource`1 retry, SqlConnectionOverrides overrides)\r\n   at Microsoft.Data.SqlClient.SqlConnection.Open(SqlConnectionOverrides overrides)\r\n   at Microsoft.Data.SqlClient.SqlConnection.Open()\r\n   at Microsoft.EntityFrameworkCore.SqlServer.Storage.Internal.SqlServerConnection.OpenDbConnection(Boolean errorsExpected)\r\n   at Microsoft.EntityFrameworkCore.Storage.RelationalConnection.OpenInternal(Boolean errorsExpected)\r\n   at Microsoft.EntityFrameworkCore.Storage.RelationalConnection.Open(Boolean errorsExpected)\r\n   at Microsoft.EntityFrameworkCore.Storage.RelationalCommand.ExecuteReader(RelationalCommandParameterObject parameterObject)\r\n   at Microsoft.EntityFrameworkCore.Query.Internal.SingleQueryingEnumerable`1.Enumerator.InitializeReader(Enumerator enumerator)\r\n   at Microsoft.EntityFrameworkCore.Query.Internal.SingleQueryingEnumerable`1.Enumerator.<>c.<MoveNext>b__19_0(DbContext _, Enumerator enumerator)\r\n   at Microsoft.EntityFrameworkCore.SqlServer.Storage.Internal.SqlServerExecutionStrategy.Execute[TState,TResult](TState state, Func`3 operation, Func`3 verifySucceeded)\r\n   at Microsoft.EntityFrameworkCore.Query.Internal.SingleQueryingEnumerable`1.Enumerator.MoveNext()\r\n   at System.Linq.Enumerable.TryGetSingle[TSource](IEnumerable`1 source, Boolean& found)\r\n   at lambda_method129(Closure , QueryContext )\r\n   at Microsoft.EntityFrameworkCore.Query.Internal.QueryCompiler.Execute[TResult](Expression query)\r\n   at Microsoft.EntityFrameworkCore.Query.Internal.EntityQueryProvider.Execute[TResult](Expression expression)\r\n   at System.Linq.Queryable.FirstOrDefault[TSource](IQueryable`1 source, Expression`1 predicate)\r\n   at Eventmi.Tests.Tests.GetEventById(Int32 id) in C:\\Users\\Ivan\\Desktop\\Eventmi-AppSkeleton\\EventmiTest\\EventControllerTest.cs:line 330\r\n   at Eventmi.Tests.Tests.Edit_PostRequest_ShouldReturnBackTheSameViewIfModelErrorArePresent() in C:\\Users\\Ivan\\Desktop\\Eventmi-AppSkeleton\\EventmiTest\\EventControllerTest.cs:line 237\r\n   at NUnit.Framework.Internal.TaskAwaitAdapter.GenericAdapter`1.GetResult()\r\n   at NUnit.Framework.Internal.AsyncToSyncAdapter.Await(Func`1 invoke)\r\n   at NUnit.Framework.Internal.Commands.TestMethodCommand.RunTestMethod(TestExecutionContext context)\r\n   at NUnit.Framework.Internal.Commands.TestMethodCommand.Execute(TestExecutionContext context)\r\n   at NUnit.Framework.Internal.Commands.BeforeAndAfterTestCommand.<>c__DisplayClass1_0.<Execute>b__0()\r\n   at NUnit.Framework.Internal.Commands.DelegatingTestCommand.RunTestMethodInThreadAbortSafeZone(TestExecutionContext context, Action action)\r\n--Win32Exception\r\n\n","DisplayName":"Edit_PostRequest_ShouldReturnBackTheSameViewIfModelErrorArePresent","Messages":[],"ComputerName":"DESKTOP-QI8JBMK","Duration":"00:00:00.0431290","StartTime":"2024-03-12T10:10:56.9014904+00:00","EndTime":"2024-03-12T10:10:56.9446196+00:00","Properties":[{"Key":{"Id":"NUnit.Seed","Label":"Seed","Category":"","Description":"","Attributes":0,"ValueType":"System.String"},"Value":"1668867538"}]},{"TestCase":{"Id":"422db039-d4ee-b2e8-9f96-5ba1ea7aedc9","FullyQualifiedName":"Eventmi.Tests.Tests.Edit_WithIdMismatch_ShouldReturnNotFound","DisplayName":"Edit_WithIdMismatch_ShouldReturnNotFound","ExecutorUri":"executor://NUnit3TestExecutor","Source":"C:\\Users\\Ivan\\Desktop\\Eventmi-AppSkeleton\\EventmiTest\\bin\\Debug\\net6.0\\fine-code-coverage\\build-output\\EventmiTest.dll","CodeFilePath":null,"LineNumber":0,"Properties":[{"Key":{"Id":"NUnit.Seed","Label":"Seed","Category":"","Description":"","Attributes":0,"ValueType":"System.String"},"Value":"2057362734"}]},"Attachments":[],"Outcome":2,"ErrorMessage":"Microsoft.Data.SqlClient.SqlException : A network-related or instance-specific error occurred while establishing a connection to SQL Server. The server was not found or was not accessible. Verify that the instance name is correct and that SQL Server is configured to allow remote connections. (provider: Named Pipes Provider, error: 40 - Could not open a connection to SQL Server)\r\nData:\r\n  HelpLink.ProdName: Microsoft SQL Server\r\n  HelpLink.EvtSrc: MSSQLServer\r\n  HelpLink.EvtID: 2\r\n  HelpLink.BaseHelpUrl: https://go.microsoft.com/fwlink\r\n  HelpLink.LinkId: 20476\r\n  ----> System.ComponentModel.Win32Exception : The system cannot find the file specified.","ErrorStackTrace":"   at Microsoft.Data.ProviderBase.DbConnectionPool.TryGetConnection(DbConnection owningObject, UInt32 waitForMultipleObjectsTimeout, Boolean allowCreate, Boolean onlyOneCheckConnection, DbConnectionOptions userOptions, DbConnectionInternal& connection)\r\n   at Microsoft.Data.ProviderBase.DbConnectionPool.TryGetConnection(DbConnection owningObject, TaskCompletionSource`1 retry, DbConnectionOptions userOptions, DbConnectionInternal& connection)\r\n   at Microsoft.Data.ProviderBase.DbConnectionFactory.TryGetConnection(DbConnection owningConnection, TaskCompletionSource`1 retry, DbConnectionOptions userOptions, DbConnectionInternal oldConnection, DbConnectionInternal& connection)\r\n   at Microsoft.Data.ProviderBase.DbConnectionInternal.TryOpenConnectionInternal(DbConnection outerConnection, DbConnectionFactory connectionFactory, TaskCompletionSource`1 retry, DbConnectionOptions userOptions)\r\n   at Microsoft.Data.ProviderBase.DbConnectionClosed.TryOpenConnection(DbConnection outerConnection, DbConnectionFactory connectionFactory, TaskCompletionSource`1 retry, DbConnectionOptions userOptions)\r\n   at Microsoft.Data.SqlClient.SqlConnection.TryOpen(TaskCompletionSource`1 retry, SqlConnectionOverrides overrides)\r\n   at Microsoft.Data.SqlClient.SqlConnection.Open(SqlConnectionOverrides overrides)\r\n   at Microsoft.Data.SqlClient.SqlConnection.Open()\r\n   at Microsoft.EntityFrameworkCore.SqlServer.Storage.Internal.SqlServerConnection.OpenDbConnection(Boolean errorsExpected)\r\n   at Microsoft.EntityFrameworkCore.Storage.RelationalConnection.OpenInternal(Boolean errorsExpected)\r\n   at Microsoft.EntityFrameworkCore.Storage.RelationalConnection.Open(Boolean errorsExpected)\r\n   at Microsoft.EntityFrameworkCore.Storage.RelationalCommand.ExecuteReader(RelationalCommandParameterObject parameterObject)\r\n   at Microsoft.EntityFrameworkCore.Query.Internal.SingleQueryingEnumerable`1.Enumerator.InitializeReader(Enumerator enumerator)\r\n   at Microsoft.EntityFrameworkCore.Query.Internal.SingleQueryingEnumerable`1.Enumerator.<>c.<MoveNext>b__19_0(DbContext _, Enumerator enumerator)\r\n   at Microsoft.EntityFrameworkCore.SqlServer.Storage.Internal.SqlServerExecutionStrategy.Execute[TState,TResult](TState state, Func`3 operation, Func`3 verifySucceeded)\r\n   at Microsoft.EntityFrameworkCore.Query.Internal.SingleQueryingEnumerable`1.Enumerator.MoveNext()\r\n   at System.Linq.Enumerable.TryGetSingle[TSource](IEnumerable`1 source, Boolean& found)\r\n   at lambda_method129(Closure , QueryContext )\r\n   at Microsoft.EntityFrameworkCore.Query.Internal.QueryCompiler.Execute[TResult](Expression query)\r\n   at Microsoft.EntityFrameworkCore.Query.Internal.EntityQueryProvider.Execute[TResult](Expression expression)\r\n   at System.Linq.Queryable.FirstOrDefault[TSource](IQueryable`1 source, Expression`1 predicate)\r\n   at Eventmi.Tests.Tests.GetEventById(Int32 id) in C:\\Users\\Ivan\\Desktop\\Eventmi-AppSkeleton\\EventmiTest\\EventControllerTest.cs:line 330\r\n   at Eventmi.Tests.Tests.Edit_WithIdMismatch_ShouldReturnNotFound() in C:\\Users\\Ivan\\Desktop\\Eventmi-AppSkeleton\\EventmiTest\\EventControllerTest.cs:line 205\r\n   at NUnit.Framework.Internal.TaskAwaitAdapter.GenericAdapter`1.GetResult()\r\n   at NUnit.Framework.Internal.AsyncToSyncAdapter.Await(Func`1 invoke)\r\n   at NUnit.Framework.Internal.Commands.TestMethodCommand.RunTestMethod(TestExecutionContext context)\r\n   at NUnit.Framework.Internal.Commands.TestMethodCommand.Execute(TestExecutionContext context)\r\n   at NUnit.Framework.Internal.Commands.BeforeAndAfterTestCommand.<>c__DisplayClass1_0.<Execute>b__0()\r\n   at NUnit.Framework.Internal.Commands.DelegatingTestCommand.RunTestMethodInThreadAbortSafeZone(TestExecutionContext context, Action action)\r\n--Win32Exception\r\n\n","DisplayName":"Edit_WithIdMismatch_ShouldReturnNotFound","Messages":[],"ComputerName":"DESKTOP-QI8JBMK","Duration":"00:00:00.0021360","StartTime":"2024-03-12T10:10:56.9446515+00:00","EndTime":"2024-03-12T10:10:56.9467869+00:00","Properties":[{"Key":{"Id":"NUnit.Seed","Label":"Seed","Category":"","Description":"","Attributes":0,"ValueType":"System.String"},"Value":"2057362734"}]}],"TestRunStatistics":{"ExecutedTests":12,"Stats":{"Failed":12}},"ActiveTests":[{"Id":"fedca5a7-0636-a494-90c5-3cdc4929a6ee","FullyQualifiedName":"Eventmi.Tests.Tests.GetAllEvents_ReturnsSuccessStatusCode","DisplayName":"GetAllEvents_ReturnsSuccessStatusCode","ExecutorUri":"executor://NUnit3TestExecutor","Source":"C:\\Users\\Ivan\\Desktop\\Eventmi-AppSkeleton\\EventmiTest\\bin\\Debug\\net6.0\\fine-code-coverage\\build-output\\EventmiTest.dll","CodeFilePath":null,"LineNumber":0,"Properties":[{"Key":{"Id":"NUnit.Seed","Label":"Seed","Category":"","Description":"","Attributes":0,"ValueType":"System.String"},"Value":"1454959683"}]}]}}
TpTrace Verbose: 0 : 11008, 14, 2024/03/12, 12:10:58.410, 744894201074, vstest.console.dll, TestRunRequest:SendTestRunStatsChange: Starting.
TpTrace Verbose: 0 : 11008, 14, 2024/03/12, 12:10:58.410, 744894201556, vstest.console.dll, InProgress is GetAllEvents_ReturnsSuccessStatusCode
TpTrace Verbose: 0 : 11008, 14, 2024/03/12, 12:10:58.410, 744894202077, vstest.console.dll, MulticastDelegateUtilities.SafeInvoke: TestRun.RunStatsChanged: Invoking callbacks was skipped because there are no subscribers.
TpTrace Information: 0 : 11008, 14, 2024/03/12, 12:10:58.410, 744894202382, vstest.console.dll, TestRunRequest:SendTestRunStatsChange: Completed.
TpTrace Verbose: 0 : 11008, 14, 2024/03/12, 12:10:58.410, 744894204747, vstest.console.dll, MulticastDelegateUtilities.SafeInvoke: LengthPrefixCommunicationChannel: MessageReceived: Invoking callback 1/1 for Microsoft.VisualStudio.TestPlatform.CommunicationUtilities.TestRequestSender+<>c__DisplayClass34_0., took 1 ms.
TpTrace Verbose: 0 : 11008, 14, 2024/03/12, 12:10:58.410, 744894205169, vstest.console.dll, TcpClientExtensions.MessageLoopAsync: Polling on remoteEndPoint: 127.0.0.1:13124 localEndPoint: 127.0.0.1:13123
TpTrace Verbose: 0 : 11008, 4, 2024/03/12, 12:10:58.410, 744894205268, vstest.console.dll, MulticastDelegateUtilities.SafeInvoke: InternalTestLoggerEvents.SendTestResult: Invoking callback 1/1 for Microsoft.VisualStudio.TestPlatform.CommandLine.Internal.ConsoleLogger., took 0 ms.
TpTrace Verbose: 0 : 11008, 4, 2024/03/12, 12:10:58.411, 744894211828, vstest.console.dll, MulticastDelegateUtilities.SafeInvoke: InternalTestLoggerEvents.SendTestResult: Invoking callback 1/1 for Microsoft.VisualStudio.TestPlatform.CommandLine.Internal.ConsoleLogger., took 0 ms.
TpTrace Verbose: 0 : 11008, 14, 2024/03/12, 12:10:59.424, 744904338785, vstest.console.dll, TcpClientExtensions.MessageLoopAsync: Polling on remoteEndPoint: 127.0.0.1:13124 localEndPoint: 127.0.0.1:13123
TpTrace Verbose: 0 : 11008, 14, 2024/03/12, 12:11:00.437, 744914474395, vstest.console.dll, TcpClientExtensions.MessageLoopAsync: Polling on remoteEndPoint: 127.0.0.1:13124 localEndPoint: 127.0.0.1:13123
TpTrace Verbose: 0 : 11008, 14, 2024/03/12, 12:11:01.046, 744920557738, vstest.console.dll, TcpClientExtensions.MessageLoopAsync: NotifyDataAvailable remoteEndPoint: 127.0.0.1:13124 localEndPoint: 127.0.0.1:13123
TpTrace Verbose: 0 : 11008, 14, 2024/03/12, 12:11:01.046, 744920558915, vstest.console.dll, TestRequestSender.OnExecutionMessageReceived: Received message: {"Version":7,"MessageType":"TestSession.Message","Payload":{"MessageLevel":0,"Message":"NUnit Adapter 4.4.0.0: Test execution complete"}}
TpTrace Verbose: 0 : 11008, 14, 2024/03/12, 12:11:01.046, 744920559862, vstest.console.dll, TestRunRequest:SendTestRunMessage: Starting.
TpTrace Verbose: 0 : 11008, 14, 2024/03/12, 12:11:01.046, 744920560500, vstest.console.dll, MulticastDelegateUtilities.SafeInvoke: TestRun.LogMessages: Invoking callback 1/1 for Microsoft.VisualStudio.TestPlatform.CommandLine.TestRunResultAggregator., took 0 ms.
TpTrace Verbose: 0 : 11008, 4, 2024/03/12, 12:11:01.046, 744920560732, vstest.console.dll, MulticastDelegateUtilities.SafeInvoke: InternalTestLoggerEvents.SendTestRunMessage: Invoking callback 1/1 for Microsoft.VisualStudio.TestPlatform.CommandLine.Internal.ConsoleLogger., took 0 ms.
TpTrace Information: 0 : 11008, 14, 2024/03/12, 12:11:01.046, 744920560839, vstest.console.dll, TestRunRequest:SendTestRunMessage: Completed.
TpTrace Verbose: 0 : 11008, 14, 2024/03/12, 12:11:01.046, 744920561577, vstest.console.dll, MulticastDelegateUtilities.SafeInvoke: LengthPrefixCommunicationChannel: MessageReceived: Invoking callback 1/1 for Microsoft.VisualStudio.TestPlatform.CommunicationUtilities.TestRequestSender+<>c__DisplayClass34_0., took 0 ms.
TpTrace Verbose: 0 : 11008, 14, 2024/03/12, 12:11:01.046, 744920561868, vstest.console.dll, TcpClientExtensions.MessageLoopAsync: Polling on remoteEndPoint: 127.0.0.1:13124 localEndPoint: 127.0.0.1:13123
TpTrace Verbose: 0 : 11008, 14, 2024/03/12, 12:11:01.058, 744920686834, vstest.console.dll, TcpClientExtensions.MessageLoopAsync: NotifyDataAvailable remoteEndPoint: 127.0.0.1:13124 localEndPoint: 127.0.0.1:13123
TpTrace Verbose: 0 : 11008, 14, 2024/03/12, 12:11:01.059, 744920688667, vstest.console.dll, TestRequestSender.OnExecutionMessageReceived: Received message: {"Version":7,"MessageType":"TestExecution.Completed","Payload":{"TestRunCompleteArgs":{"TestRunStatistics":{"ExecutedTests":13,"Stats":{"Failed":13}},"IsCanceled":false,"IsAborted":false,"Error":null,"AttachmentSets":[],"InvokedDataCollectors":[],"ElapsedTimeInRunningTests":"00:01:16.0081513","Metrics":{},"DiscoveredExtensions":{"TestDiscoverers":["NUnit.VisualStudio.TestAdapter.NUnit3TestDiscoverer, NUnit3.TestAdapter, Version=4.4.0.0, Culture=neutral, PublicKeyToken=4cb40d35494691ac"],"TestExecutors":["executor://NUnit3TestExecutor"],"TestExecutors2":[],"TestSettingsProviders":[]}},"LastRunTests":{"NewTestResults":[{"TestCase":{"Id":"fedca5a7-0636-a494-90c5-3cdc4929a6ee","FullyQualifiedName":"Eventmi.Tests.Tests.GetAllEvents_ReturnsSuccessStatusCode","DisplayName":"GetAllEvents_ReturnsSuccessStatusCode","ExecutorUri":"executor://NUnit3TestExecutor","Source":"C:\\Users\\Ivan\\Desktop\\Eventmi-AppSkeleton\\EventmiTest\\bin\\Debug\\net6.0\\fine-code-coverage\\build-output\\EventmiTest.dll","CodeFilePath":null,"LineNumber":0,"Properties":[{"Key":{"Id":"NUnit.Seed","Label":"Seed","Category":"","Description":"","Attributes":0,"ValueType":"System.String"},"Value":"1454959683"}]},"Attachments":[],"Outcome":2,"ErrorMessage":"  Expected: OK\r\n  But was:  0\r\n","ErrorStackTrace":"   at Eventmi.Tests.Tests.GetAllEvents_ReturnsSuccessStatusCode() in C:\\Users\\Ivan\\Desktop\\Eventmi-AppSkeleton\\EventmiTest\\EventControllerTest.cs:line 35\r\n   at NUnit.Framework.Internal.TaskAwaitAdapter.GenericAdapter`1.BlockUntilCompleted()\r\n   at NUnit.Framework.Internal.MessagePumpStrategy.NoMessagePumpStrategy.WaitForCompletion(AwaitAdapter awaiter)\r\n   at NUnit.Framework.Internal.AsyncToSyncAdapter.Await(Func`1 invoke)\r\n   at NUnit.Framework.Internal.Commands.TestMethodCommand.RunTestMethod(TestExecutionContext context)\r\n   at NUnit.Framework.Internal.Commands.TestMethodCommand.Execute(TestExecutionContext context)\r\n   at NUnit.Framework.Internal.Commands.BeforeAndAfterTestCommand.<>c__DisplayClass1_0.<Execute>b__0()\r\n   at NUnit.Framework.Internal.Commands.DelegatingTestCommand.RunTestMethodInThreadAbortSafeZone(TestExecutionContext context, Action action)\r\n\n1)    at Eventmi.Tests.Tests.GetAllEvents_ReturnsSuccessStatusCode() in C:\\Users\\Ivan\\Desktop\\Eventmi-AppSkeleton\\EventmiTest\\EventControllerTest.cs:line 35\r\n   at System.Runtime.CompilerServices.AsyncTaskMethodBuilder`1.AsyncStateMachineBox`1.ExecutionContextCallback(Object s)\r\n\n","DisplayName":"GetAllEvents_ReturnsSuccessStatusCode","Messages":[],"ComputerName":"DESKTOP-QI8JBMK","Duration":"00:00:04.0915370","StartTime":"2024-03-12T10:10:56.9468023+00:00","EndTime":"2024-03-12T10:11:01.0383387+00:00","Properties":[{"Key":{"Id":"NUnit.Seed","Label":"Seed","Category":"","Description":"","Attributes":0,"ValueType":"System.String"},"Value":"1454959683"}]}],"TestRunStatistics":{"ExecutedTests":13,"Stats":{"Failed":13}},"ActiveTests":[]},"RunAttachments":[],"ExecutorUris":["executor://nunit3testexecutor/"]}}
TpTrace Verbose: 0 : 11008, 14, 2024/03/12, 12:11:01.059, 744920689528, vstest.console.dll, TestRequestSender.EndSession: Sending end session.
TpTrace Verbose: 0 : 11008, 14, 2024/03/12, 12:11:01.059, 744920690972, vstest.console.dll, ProxyOperationManager.Close: waiting for test host to exit for 100 ms
TpTrace Verbose: 0 : 11008, 12, 2024/03/12, 12:11:01.080, 744920899826, vstest.console.dll, TestHostManagerCallbacks.ctor: Experimental forwarding output is disabled.
TpTrace Warning: 0 : 11008, 12, 2024/03/12, 12:11:01.080, 744920900836, vstest.console.dll, TestHostManagerCallbacks.ErrorReceivedCallback Test host standard error line: 
TpTrace Verbose: 0 : 11008, 12, 2024/03/12, 12:11:01.088, 744920985252, vstest.console.dll, TestHostProvider.ExitCallBack: Host exited starting callback.
TpTrace Information: 0 : 11008, 12, 2024/03/12, 12:11:01.088, 744920986312, vstest.console.dll, TestHostManagerCallbacks.ExitCallBack: Testhost processId: 14480 exited with exitcode: 0 error: ''
TpTrace Verbose: 0 : 11008, 12, 2024/03/12, 12:11:01.088, 744920986539, vstest.console.dll, DotnetTestHostManager.OnHostExited: invoking OnHostExited callback
TpTrace Verbose: 0 : 11008, 12, 2024/03/12, 12:11:01.088, 744920986953, vstest.console.dll, CrossPlatEngine.TestHostManagerHostExited: calling on client process exit callback.
TpTrace Information: 0 : 11008, 12, 2024/03/12, 12:11:01.089, 744920987367, vstest.console.dll, TestRequestSender.OnClientProcessExit: Test host process exited. Standard error: 
TpTrace Information: 0 : 11008, 12, 2024/03/12, 12:11:01.089, 744920987740, vstest.console.dll, SocketServer.Stop: Stop server endPoint: 127.0.0.1:13123
TpTrace Information: 0 : 11008, 14, 2024/03/12, 12:11:01.089, 744920987857, vstest.console.dll, SocketServer.Stop: Stop server endPoint: 127.0.0.1:13123
TpTrace Information: 0 : 11008, 12, 2024/03/12, 12:11:01.089, 744920987957, vstest.console.dll, SocketServer.Stop: Cancellation requested. Stopping message loop.
TpTrace Information: 0 : 11008, 14, 2024/03/12, 12:11:01.089, 744920988366, vstest.console.dll, SocketServer.Stop: Cancellation requested. Stopping message loop.
TpTrace Information: 0 : 11008, 14, 2024/03/12, 12:11:01.089, 744920988974, vstest.console.dll, Closing the connection
TpTrace Verbose: 0 : 11008, 12, 2024/03/12, 12:11:01.089, 744920989213, vstest.console.dll, MulticastDelegateUtilities.SafeInvoke: HostProviderEvents.OnHostExited: Invoking callback 1/1 for Microsoft.VisualStudio.TestPlatform.CrossPlatEngine.Client.ProxyOperationManager., took 0 ms.
TpTrace Verbose: 0 : 11008, 14, 2024/03/12, 12:11:01.089, 744920990847, vstest.console.dll, ProxyDataCollectionManager.InvokeDataCollectionServiceAction: Starting.
TpTrace Information: 0 : 11008, 14, 2024/03/12, 12:11:01.089, 744920991145, vstest.console.dll, ProxyDataCollectionManager.AfterTestRunEnd: Get attachment set and invoked data collectors processId: 18564 port: 13120
TpTrace Verbose: 0 : 11008, 14, 2024/03/12, 12:11:01.089, 744920991446, vstest.console.dll, DataCollectionRequestSender.SendAfterTestRunStartAndGetResult: Send AfterTestRunEnd message with isCancelled: False
TpTrace Verbose: 0 : 11008, 14, 2024/03/12, 12:11:01.093, 744921033312, vstest.console.dll, DataCollectionRequestSender.SendAfterTestRunStartAndGetResult: Received message: (DataCollection.AfterTestRunEndResult) -> {"MessageType":"DataCollection.AfterTestRunEndResult","Payload":{"AttachmentSets":[],"InvokedDataCollectors":[{"Uri":"datacollector://Microsoft/TestPlatform/Extensions/Blame/v1","FriendlyName":"Blame","AssemblyQualifiedName":"Microsoft.TestPlatform.Extensions.BlameDataCollector.BlameCollector, Microsoft.TestPlatform.Extensions.BlameDataCollector, Version=15.0.0.0, Culture=neutral, PublicKeyToken=b03f5f7f11d50a3a","FilePath":"C:\\Program Files\\dotnet\\sdk\\8.0.101\\Extensions\\Microsoft.TestPlatform.Extensions.BlameDataCollector.dll","HasAttachmentProcessor":false}],"Metrics":{}}}
TpTrace Information: 0 : 11008, 14, 2024/03/12, 12:11:01.097, 744921069026, vstest.console.dll, ProxyDataCollectionManager.InvokeDataCollectionServiceAction: Completed.
TpTrace Warning: 0 : 11008, 11, 2024/03/12, 12:11:01.097, 744921073263, vstest.console.dll, DataCollectionLauncher.ErrorReceivedCallback datacollector standard error line: 
TpTrace Information: 0 : 11008, 11, 2024/03/12, 12:11:01.103, 744921134558, vstest.console.dll, DataCollectionLauncher.ExitCallBack: Data collector exited with exitcode: 0 error: ''
TpTrace Verbose: 0 : 11008, 14, 2024/03/12, 12:11:01.120, 744921303765, vstest.console.dll, TestRunRequest:SendTestRunStatsChange: Starting.
TpTrace Verbose: 0 : 11008, 14, 2024/03/12, 12:11:01.120, 744921304746, vstest.console.dll, MulticastDelegateUtilities.SafeInvoke: TestRun.RunStatsChanged: Invoking callbacks was skipped because there are no subscribers.
TpTrace Information: 0 : 11008, 14, 2024/03/12, 12:11:01.120, 744921304985, vstest.console.dll, TestRunRequest:SendTestRunStatsChange: Completed.
TpTrace Verbose: 0 : 11008, 14, 2024/03/12, 12:11:01.121, 744921307781, vstest.console.dll, ParallelProxyExecutionManager: HandlePartialRunComplete: Total workloads = 1, Total started clients = 1 Total completed clients = 1, Run complete = True, Run canceled: False.
TpTrace Verbose: 0 : 11008, 14, 2024/03/12, 12:11:01.121, 744921308112, vstest.console.dll, ParallelProxyExecutionManager: HandlePartialRunComplete: All runs completed stopping all managers.
TpTrace Verbose: 0 : 11008, 14, 2024/03/12, 12:11:01.121, 744921308424, vstest.console.dll, ParallelOperationManager.StopAllManagers: Stopping all managers.
TpTrace Verbose: 0 : 11008, 14, 2024/03/12, 12:11:01.121, 744921308660, vstest.console.dll, ParallelOperationManager.ClearSlots: Clearing all slots. Slots should accept more work: False
TpTrace Verbose: 0 : 11008, 14, 2024/03/12, 12:11:01.121, 744921309041, vstest.console.dll, ParallelOperationManager.SetOccupiedSlotCount: Setting slot counts AvailableSlotCount = 1, OccupiedSlotCount = 0.
TpTrace Verbose: 0 : 11008, 14, 2024/03/12, 12:11:01.121, 744921309470, vstest.console.dll, Occupied slots:

TpTrace Verbose: 0 : 11008, 4, 2024/03/12, 12:11:01.121, 744921315180, vstest.console.dll, MulticastDelegateUtilities.SafeInvoke: InternalTestLoggerEvents.SendTestResult: Invoking callback 1/1 for Microsoft.VisualStudio.TestPlatform.CommandLine.Internal.ConsoleLogger., took 1 ms.
TpTrace Verbose: 0 : 11008, 4, 2024/03/12, 12:11:01.126, 744921359864, vstest.console.dll, MulticastDelegateUtilities.SafeInvoke: InternalTestLoggerEvents.SendTestRunComplete: Invoking callback 1/2 for Microsoft.TestPlatform.Extensions.BlameDataCollector.BlameLogger., took 0 ms.
TpTrace Verbose: 0 : 11008, 4, 2024/03/12, 12:11:01.129, 744921390714, vstest.console.dll, MulticastDelegateUtilities.SafeInvoke: InternalTestLoggerEvents.SendTestRunComplete: Invoking callback 2/2 for Microsoft.VisualStudio.TestPlatform.CommandLine.Internal.ConsoleLogger., took 3 ms.
TpTrace Verbose: 0 : 11008, 14, 2024/03/12, 12:11:01.129, 744921392376, vstest.console.dll, TestRunRequest:TestRunComplete: Starting. IsAborted:False IsCanceled:False.
TpTrace Verbose: 0 : 11008, 14, 2024/03/12, 12:11:01.129, 744921393407, vstest.console.dll, ParallelOperationManager.DoActionOnAllManagers: Calling an action on all managers.
TpTrace Verbose: 0 : 11008, 14, 2024/03/12, 12:11:01.130, 744921398389, vstest.console.dll, TestLoggerManager.HandleTestRunComplete: Ignoring as the object is disposed.
TpTrace Verbose: 0 : 11008, 14, 2024/03/12, 12:11:01.130, 744921399274, vstest.console.dll, MulticastDelegateUtilities.SafeInvoke: TestRun.TestRunComplete: Invoking callback 1/2 for Microsoft.VisualStudio.TestPlatform.CommandLine.TestRunResultAggregator., took 0 ms.
TpTrace Verbose: 0 : 11008, 14, 2024/03/12, 12:11:01.130, 744921399905, vstest.console.dll, MulticastDelegateUtilities.SafeInvoke: TestRun.TestRunComplete: Invoking callback 2/2 for Microsoft.VisualStudio.TestPlatform.CommandLine.Processors.RunTestsArgumentExecutor+TestRunRequestEventsRegistrar., took 0 ms.
TpTrace Information: 0 : 11008, 14, 2024/03/12, 12:11:01.130, 744921400566, vstest.console.dll, TestRunRequest:TestRunComplete: Completed.
TpTrace Verbose: 0 : 11008, 1, 2024/03/12, 12:11:01.130, 744921400642, vstest.console.dll, TestRunRequest.Dispose: Starting.
TpTrace Verbose: 0 : 11008, 14, 2024/03/12, 12:11:01.130, 744921400888, vstest.console.dll, TestRequestSender.SetOperationComplete: Setting operation complete.
TpTrace Information: 0 : 11008, 1, 2024/03/12, 12:11:01.130, 744921401145, vstest.console.dll, TestRunRequest.Dispose: Completed.
TpTrace Information: 0 : 11008, 14, 2024/03/12, 12:11:01.130, 744921401538, vstest.console.dll, SocketServer.Stop: Stop server endPoint: 127.0.0.1:13123
TpTrace Information: 0 : 11008, 1, 2024/03/12, 12:11:01.130, 744921401984, vstest.console.dll, TestRequestManager.RunTests: run tests completed.
TpTrace Information: 0 : 11008, 14, 2024/03/12, 12:11:01.130, 744921402164, vstest.console.dll, SocketServer.Stop: Cancellation requested. Stopping message loop.
TpTrace Verbose: 0 : 11008, 14, 2024/03/12, 12:11:01.130, 744921402730, vstest.console.dll, MulticastDelegateUtilities.SafeInvoke: LengthPrefixCommunicationChannel: MessageReceived: Invoking callback 1/1 for Microsoft.VisualStudio.TestPlatform.CommunicationUtilities.TestRequestSender+<>c__DisplayClass34_0., took 71 ms.
TpTrace Information: 0 : 11008, 1, 2024/03/12, 12:11:01.130, 744921402869, vstest.console.dll, RunTestsArgumentProcessor:Execute: Test run is completed.
TpTrace Information: 0 : 11008, 14, 2024/03/12, 12:11:01.130, 744921403313, vstest.console.dll, SocketServer.PrivateStop: Stopping server endPoint: 127.0.0.1:13123 error: 
TpTrace Verbose: 0 : 11008, 1, 2024/03/12, 12:11:01.130, 744921404786, vstest.console.dll, Executor.Execute: Exiting with exit code of 1
TpTrace Verbose: 0 : 11008, 14, 2024/03/12, 12:11:01.131, 744921407274, vstest.console.dll, LengthPrefixCommunicationChannel.Dispose: Dispose reader and writer.
TpTrace Information: 0 : 11008, 14, 2024/03/12, 12:11:01.131, 744921407787, vstest.console.dll, SocketServer.Stop: Raise disconnected event endPoint: 127.0.0.1:13123 error: 
