TpTrace Verbose: 0 : 16856, 1, 2024/03/07, 09:23:27.987, 18606293078549, vstest.console.dll, Version: 17.8.0-release-23578-02 Current process architecture: X64
TpTrace Verbose: 0 : 16856, 1, 2024/03/07, 09:23:27.989, 18606293097605, vstest.console.dll, Runtime location: C:\Program Files\dotnet\shared\Microsoft.NETCore.App\8.0.1
TpTrace Verbose: 0 : 16856, 1, 2024/03/07, 09:23:27.990, 18606293109499, vstest.console.dll, ArtifactProcessingPostProcessModeProcessorExecutor.Initialize: ArtifactProcessingMode.Collect
TpTrace Verbose: 0 : 16856, 1, 2024/03/07, 09:23:27.990, 18606293110224, vstest.console.dll, TestSessionCorrelationIdProcessorModeProcessorExecutor.Initialize: TestSessionCorrelationId '20868_d20ebcd4-bf3a-4a1e-95b4-f882f7a52f8d'
TpTrace Information: 0 : 16856, 1, 2024/03/07, 09:23:27.995, 18606293154092, vstest.console.dll, FilePatternParser: The given file D:\Иван\QA SoftUni\Back-End Test Automation\Back-End Test Automation\02. API Testing with C#\APITestingDemoProject\RestSharpTest\bin\Debug\net6.0\fine-code-coverage\build-output\RestSharpTest.dll is a full path.
TpTrace Verbose: 0 : 16856, 1, 2024/03/07, 09:23:27.997, 18606293179144, vstest.console.dll, TestPluginCache.DiscoverTestExtensions: finding test extensions in assemblies ends with: RuntimeProvider.dll TPluginInfo: Microsoft.VisualStudio.TestPlatform.Common.ExtensionFramework.Utilities.TestRuntimePluginInformation TExtension: Microsoft.VisualStudio.TestPlatform.ObjectModel.Host.ITestRuntimeProvider
TpTrace Verbose: 0 : 16856, 1, 2024/03/07, 09:23:27.998, 18606293181060, vstest.console.dll, TestPluginCache.GetExtensionPaths: Filtered extension paths: 
TpTrace Verbose: 0 : 16856, 1, 2024/03/07, 09:23:27.998, 18606293181649, vstest.console.dll, TestPluginCache.GetExtensionPaths: Added default extension paths: C:\Program Files\dotnet\sdk\8.0.101\Extensions\Microsoft.Diagnostics.NETCore.Client.dll
C:\Program Files\dotnet\sdk\8.0.101\Extensions\Microsoft.TestPlatform.Extensions.BlameDataCollector.dll
C:\Program Files\dotnet\sdk\8.0.101\Extensions\Microsoft.TestPlatform.Extensions.EventLogCollector.dll
C:\Program Files\dotnet\sdk\8.0.101\Extensions\Microsoft.TestPlatform.TestHostRuntimeProvider.dll
C:\Program Files\dotnet\sdk\8.0.101\Extensions\Microsoft.VisualStudio.TestPlatform.Extensions.Html.TestLogger.dll
C:\Program Files\dotnet\sdk\8.0.101\Extensions\Microsoft.VisualStudio.TestPlatform.Extensions.Trx.TestLogger.dll
TpTrace Verbose: 0 : 16856, 1, 2024/03/07, 09:23:27.998, 18606293181857, vstest.console.dll, TestPluginCache.GetExtensionPaths: Added unfilterableExtensionPaths: 
TpTrace Information: 0 : 16856, 1, 2024/03/07, 09:23:27.998, 18606293185311, vstest.console.dll, AssemblyResolver.ctor: Creating AssemblyResolver with searchDirectories C:\Program Files\dotnet\sdk\8.0.101\Extensions,C:\Program Files\dotnet\sdk\8.0.101
TpTrace Verbose: 0 : 16856, 1, 2024/03/07, 09:23:27.999, 18606293192996, vstest.console.dll, TestPluginCache.DiscoverTestExtensions: Discovering the extensions using extension path.
TpTrace Verbose: 0 : 16856, 1, 2024/03/07, 09:23:27.999, 18606293193740, vstest.console.dll, TestPluginCache.GetExtensionPaths: Filtered extension paths: 
TpTrace Verbose: 0 : 16856, 1, 2024/03/07, 09:23:27.999, 18606293194003, vstest.console.dll, TestPluginCache.GetExtensionPaths: Added default extension paths: C:\Program Files\dotnet\sdk\8.0.101\Extensions\Microsoft.Diagnostics.NETCore.Client.dll
C:\Program Files\dotnet\sdk\8.0.101\Extensions\Microsoft.TestPlatform.Extensions.BlameDataCollector.dll
C:\Program Files\dotnet\sdk\8.0.101\Extensions\Microsoft.TestPlatform.Extensions.EventLogCollector.dll
C:\Program Files\dotnet\sdk\8.0.101\Extensions\Microsoft.TestPlatform.TestHostRuntimeProvider.dll
C:\Program Files\dotnet\sdk\8.0.101\Extensions\Microsoft.VisualStudio.TestPlatform.Extensions.Html.TestLogger.dll
C:\Program Files\dotnet\sdk\8.0.101\Extensions\Microsoft.VisualStudio.TestPlatform.Extensions.Trx.TestLogger.dll
TpTrace Verbose: 0 : 16856, 1, 2024/03/07, 09:23:27.999, 18606293194170, vstest.console.dll, TestPluginCache.GetExtensionPaths: Added unfilterableExtensionPaths: 
TpTrace Verbose: 0 : 16856, 1, 2024/03/07, 09:23:27.999, 18606293194793, vstest.console.dll, TestPluginCache.DiscoverTestExtensions: Discovering the extensions using allExtensionPaths: C:\Program Files\dotnet\sdk\8.0.101\Extensions\Microsoft.Diagnostics.NETCore.Client.dll
C:\Program Files\dotnet\sdk\8.0.101\Extensions\Microsoft.TestPlatform.Extensions.BlameDataCollector.dll
C:\Program Files\dotnet\sdk\8.0.101\Extensions\Microsoft.TestPlatform.Extensions.EventLogCollector.dll
C:\Program Files\dotnet\sdk\8.0.101\Extensions\Microsoft.TestPlatform.TestHostRuntimeProvider.dll
C:\Program Files\dotnet\sdk\8.0.101\Extensions\Microsoft.VisualStudio.TestPlatform.Extensions.Html.TestLogger.dll
C:\Program Files\dotnet\sdk\8.0.101\Extensions\Microsoft.VisualStudio.TestPlatform.Extensions.Trx.TestLogger.dll
TpTrace Information: 0 : 16856, 1, 2024/03/07, 09:23:27.999, 18606293195394, vstest.console.dll, AssemblyResolver.AddSearchDirectories: Adding more searchDirectories C:\Program Files\dotnet\sdk\8.0.101\Extensions,C:\Program Files\dotnet\sdk\8.0.101
TpTrace Information: 0 : 16856, 1, 2024/03/07, 09:23:27.999, 18606293195708, vstest.console.dll, AssemblyResolver.AddSearchDirectories: Adding more searchDirectories C:\Program Files\dotnet\sdk\8.0.101\Extensions,C:\Program Files\dotnet\sdk\8.0.101
TpTrace Information: 0 : 16856, 1, 2024/03/07, 09:23:27.999, 18606293195926, vstest.console.dll, AssemblyResolver.AddSearchDirectories: Adding more searchDirectories C:\Program Files\dotnet\sdk\8.0.101\Extensions,C:\Program Files\dotnet\sdk\8.0.101
TpTrace Information: 0 : 16856, 1, 2024/03/07, 09:23:27.999, 18606293196083, vstest.console.dll, AssemblyResolver.AddSearchDirectories: Adding more searchDirectories C:\Program Files\dotnet\sdk\8.0.101\Extensions,C:\Program Files\dotnet\sdk\8.0.101
TpTrace Information: 0 : 16856, 1, 2024/03/07, 09:23:27.999, 18606293196233, vstest.console.dll, AssemblyResolver.AddSearchDirectories: Adding more searchDirectories C:\Program Files\dotnet\sdk\8.0.101\Extensions,C:\Program Files\dotnet\sdk\8.0.101
TpTrace Information: 0 : 16856, 1, 2024/03/07, 09:23:27.999, 18606293196406, vstest.console.dll, AssemblyResolver.AddSearchDirectories: Adding more searchDirectories C:\Program Files\dotnet\sdk\8.0.101\Extensions,C:\Program Files\dotnet\sdk\8.0.101
TpTrace Information: 0 : 16856, 1, 2024/03/07, 09:23:27.999, 18606293199412, vstest.console.dll, AssemblyResolver.OnResolve: Microsoft.Diagnostics.NETCore.Client: Resolving assembly.
TpTrace Information: 0 : 16856, 1, 2024/03/07, 09:23:27.999, 18606293199951, vstest.console.dll, AssemblyResolver.OnResolve: Microsoft.Diagnostics.NETCore.Client: Searching in: 'C:\Program Files\dotnet\sdk\8.0.101\Extensions'.
TpTrace Information: 0 : 16856, 1, 2024/03/07, 09:23:28.004, 18606293241295, vstest.console.dll, AssemblyResolver.OnResolve: Microsoft.Diagnostics.NETCore.Client: Loading assembly 'C:\Program Files\dotnet\sdk\8.0.101\Extensions\Microsoft.Diagnostics.NETCore.Client.dll'.
TpTrace Information: 0 : 16856, 1, 2024/03/07, 09:23:28.004, 18606293245566, vstest.console.dll, AssemblyResolver.OnResolve: Resolved assembly: Microsoft.Diagnostics.NETCore.Client, from path: C:\Program Files\dotnet\sdk\8.0.101\Extensions\Microsoft.Diagnostics.NETCore.Client.dll
TpTrace Verbose: 0 : 16856, 1, 2024/03/07, 09:23:28.007, 18606293276250, vstest.console.dll, MetadataReaderExtensionsHelper: Discovering extensions inside assembly 'Microsoft.Diagnostics.NETCore.Client, Version=0.2.8.21101, Culture=neutral, PublicKeyToken=31bf3856ad364e35' file path 'C:\Program Files\dotnet\sdk\8.0.101\Extensions\Microsoft.Diagnostics.NETCore.Client.dll'
TpTrace Information: 0 : 16856, 1, 2024/03/07, 09:23:28.010, 18606293301099, vstest.console.dll, AssemblyResolver.OnResolve: Microsoft.Bcl.AsyncInterfaces: Resolving assembly.
TpTrace Information: 0 : 16856, 1, 2024/03/07, 09:23:28.010, 18606293301637, vstest.console.dll, AssemblyResolver.OnResolve: Microsoft.Bcl.AsyncInterfaces: Searching in: 'C:\Program Files\dotnet\sdk\8.0.101\Extensions'.
TpTrace Information: 0 : 16856, 1, 2024/03/07, 09:23:28.010, 18606293302486, vstest.console.dll, AssemblyResolver.OnResolve: Microsoft.Bcl.AsyncInterfaces: Assembly path does not exist: 'C:\Program Files\dotnet\sdk\8.0.101\Extensions\Microsoft.Bcl.AsyncInterfaces.dll', returning.
TpTrace Information: 0 : 16856, 1, 2024/03/07, 09:23:28.010, 18606293302853, vstest.console.dll, AssemblyResolver.OnResolve: Microsoft.Bcl.AsyncInterfaces: Assembly path does not exist: 'C:\Program Files\dotnet\sdk\8.0.101\Extensions\Microsoft.Bcl.AsyncInterfaces.exe', returning.
TpTrace Information: 0 : 16856, 1, 2024/03/07, 09:23:28.010, 18606293303067, vstest.console.dll, AssemblyResolver.OnResolve: Microsoft.Bcl.AsyncInterfaces: Searching in: 'C:\Program Files\dotnet\sdk\8.0.101'.
TpTrace Information: 0 : 16856, 1, 2024/03/07, 09:23:28.010, 18606293303429, vstest.console.dll, AssemblyResolver.OnResolve: Microsoft.Bcl.AsyncInterfaces: Assembly path does not exist: 'C:\Program Files\dotnet\sdk\8.0.101\Microsoft.Bcl.AsyncInterfaces.dll', returning.
TpTrace Information: 0 : 16856, 1, 2024/03/07, 09:23:28.010, 18606293303714, vstest.console.dll, AssemblyResolver.OnResolve: Microsoft.Bcl.AsyncInterfaces: Assembly path does not exist: 'C:\Program Files\dotnet\sdk\8.0.101\Microsoft.Bcl.AsyncInterfaces.exe', returning.
TpTrace Information: 0 : 16856, 1, 2024/03/07, 09:23:28.010, 18606293303876, vstest.console.dll, AssemblyResolver.OnResolve: Microsoft.Bcl.AsyncInterfaces: Failed to load assembly.
TpTrace Verbose: 0 : 16856, 1, 2024/03/07, 09:23:28.010, 18606293304074, vstest.console.dll, CurrentDomainAssemblyResolve: Resolving assembly 'Microsoft.Bcl.AsyncInterfaces'.
TpTrace Information: 0 : 16856, 1, 2024/03/07, 09:23:28.010, 18606293304439, vstest.console.dll, AssemblyResolver.OnResolve: Microsoft.Bcl.AsyncInterfaces: Resolving assembly.
TpTrace Information: 0 : 16856, 1, 2024/03/07, 09:23:28.010, 18606293304645, vstest.console.dll, AssemblyResolver.OnResolve: Microsoft.Bcl.AsyncInterfaces: Resolved from cache.
TpTrace Verbose: 0 : 16856, 1, 2024/03/07, 09:23:28.010, 18606293304790, vstest.console.dll, CurrentDomainAssemblyResolve: Resolving assembly 'Microsoft.Bcl.AsyncInterfaces'.
TpTrace Verbose: 0 : 16856, 1, 2024/03/07, 09:23:28.010, 18606293304964, vstest.console.dll, CurrentDomainAssemblyResolve: Failed to resolve assembly 'Microsoft.Bcl.AsyncInterfaces'.
TpTrace Verbose: 0 : 16856, 1, 2024/03/07, 09:23:28.010, 18606293309715, vstest.console.dll, CurrentDomainAssemblyResolve: Failed to resolve assembly 'Microsoft.Bcl.AsyncInterfaces'.
TpTrace Warning: 0 : 16856, 1, 2024/03/07, 09:23:28.016, 18606293365759, vstest.console.dll, TestPluginDiscoverer: Failed to get types from assembly 'Microsoft.Diagnostics.NETCore.Client, Version=0.2.8.21101, Culture=neutral, PublicKeyToken=31bf3856ad364e35'. Error: System.Reflection.ReflectionTypeLoadException: Unable to load one or more of the requested types.
Could not load file or assembly 'Microsoft.Bcl.AsyncInterfaces, Version=1.0.0.0, Culture=neutral, PublicKeyToken=cc7b13ffcd2ddd51'. The system cannot find the file specified.
   at System.Reflection.RuntimeModule.GetTypes(RuntimeModule module)
   at System.Reflection.RuntimeModule.GetTypes()
   at Microsoft.VisualStudio.TestPlatform.Common.ExtensionFramework.TestPluginDiscoverer.GetTestExtensionsFromAssembly[TPluginInfo,TExtension](Assembly assembly, Dictionary`2 pluginInfos, String filePath) in /_/src/Microsoft.TestPlatform.Common/ExtensionFramework/TestPluginDiscoverer.cs:line 158
System.IO.FileNotFoundException: Could not load file or assembly 'Microsoft.Bcl.AsyncInterfaces, Version=1.0.0.0, Culture=neutral, PublicKeyToken=cc7b13ffcd2ddd51'. The system cannot find the file specified.
File name: 'Microsoft.Bcl.AsyncInterfaces, Version=1.0.0.0, Culture=neutral, PublicKeyToken=cc7b13ffcd2ddd51'
 ---> System.IO.FileNotFoundException: Could not load file or assembly 'Microsoft.Bcl.AsyncInterfaces, Culture=neutral, PublicKeyToken=null'. The system cannot find the file specified.
File name: 'Microsoft.Bcl.AsyncInterfaces, Culture=neutral, PublicKeyToken=null'
   at System.Reflection.RuntimeAssembly.InternalLoad(AssemblyName assemblyName, StackCrawlMark& stackMark, AssemblyLoadContext assemblyLoadContext, RuntimeAssembly requestingAssembly, Boolean throwOnFileNotFound)
   at System.Reflection.Assembly.Load(AssemblyName assemblyRef)
   at Microsoft.VisualStudio.TestPlatform.Common.ExtensionFramework.TestPluginCache.CurrentDomainAssemblyResolve(Object sender, AssemblyResolveEventArgs args) in /_/src/Microsoft.TestPlatform.Common/ExtensionFramework/TestPluginCache.cs:line 513
   at System.Runtime.Loader.AssemblyLoadContext.GetFirstResolvedAssemblyFromResolvingEvent(AssemblyName assemblyName)
   at System.Runtime.Loader.AssemblyLoadContext.ResolveUsingEvent(AssemblyName assemblyName)
   at System.Runtime.Loader.AssemblyLoadContext.ResolveUsingResolvingEvent(IntPtr gchManagedAssemblyLoadContext, AssemblyName assemblyName)
TpTrace Warning: 0 : 16856, 1, 2024/03/07, 09:23:28.016, 18606293367885, vstest.console.dll, LoaderExceptions: System.IO.FileNotFoundException: Could not load file or assembly 'Microsoft.Bcl.AsyncInterfaces, Version=1.0.0.0, Culture=neutral, PublicKeyToken=cc7b13ffcd2ddd51'. The system cannot find the file specified.
File name: 'Microsoft.Bcl.AsyncInterfaces, Version=1.0.0.0, Culture=neutral, PublicKeyToken=cc7b13ffcd2ddd51'
 ---> System.IO.FileNotFoundException: Could not load file or assembly 'Microsoft.Bcl.AsyncInterfaces, Culture=neutral, PublicKeyToken=null'. The system cannot find the file specified.
File name: 'Microsoft.Bcl.AsyncInterfaces, Culture=neutral, PublicKeyToken=null'
   at System.Reflection.RuntimeAssembly.InternalLoad(AssemblyName assemblyName, StackCrawlMark& stackMark, AssemblyLoadContext assemblyLoadContext, RuntimeAssembly requestingAssembly, Boolean throwOnFileNotFound)
   at System.Reflection.Assembly.Load(AssemblyName assemblyRef)
   at Microsoft.VisualStudio.TestPlatform.Common.ExtensionFramework.TestPluginCache.CurrentDomainAssemblyResolve(Object sender, AssemblyResolveEventArgs args) in /_/src/Microsoft.TestPlatform.Common/ExtensionFramework/TestPluginCache.cs:line 513
   at System.Runtime.Loader.AssemblyLoadContext.GetFirstResolvedAssemblyFromResolvingEvent(AssemblyName assemblyName)
   at System.Runtime.Loader.AssemblyLoadContext.ResolveUsingEvent(AssemblyName assemblyName)
   at System.Runtime.Loader.AssemblyLoadContext.ResolveUsingResolvingEvent(IntPtr gchManagedAssemblyLoadContext, AssemblyName assemblyName)
TpTrace Information: 0 : 16856, 1, 2024/03/07, 09:23:28.016, 18606293368764, vstest.console.dll, AssemblyResolver.OnResolve: Microsoft.TestPlatform.Extensions.BlameDataCollector: Resolving assembly.
TpTrace Information: 0 : 16856, 1, 2024/03/07, 09:23:28.016, 18606293369070, vstest.console.dll, AssemblyResolver.OnResolve: Microsoft.TestPlatform.Extensions.BlameDataCollector: Searching in: 'C:\Program Files\dotnet\sdk\8.0.101\Extensions'.
TpTrace Information: 0 : 16856, 1, 2024/03/07, 09:23:28.016, 18606293370740, vstest.console.dll, AssemblyResolver.OnResolve: Microsoft.TestPlatform.Extensions.BlameDataCollector: Loading assembly 'C:\Program Files\dotnet\sdk\8.0.101\Extensions\Microsoft.TestPlatform.Extensions.BlameDataCollector.dll'.
TpTrace Information: 0 : 16856, 1, 2024/03/07, 09:23:28.017, 18606293373190, vstest.console.dll, AssemblyResolver.OnResolve: Resolved assembly: Microsoft.TestPlatform.Extensions.BlameDataCollector, from path: C:\Program Files\dotnet\sdk\8.0.101\Extensions\Microsoft.TestPlatform.Extensions.BlameDataCollector.dll
TpTrace Verbose: 0 : 16856, 1, 2024/03/07, 09:23:28.017, 18606293373700, vstest.console.dll, MetadataReaderExtensionsHelper: Discovering extensions inside assembly 'Microsoft.TestPlatform.Extensions.BlameDataCollector, Version=15.0.0.0, Culture=neutral, PublicKeyToken=b03f5f7f11d50a3a' file path 'C:\Program Files\dotnet\sdk\8.0.101\Extensions\Microsoft.TestPlatform.Extensions.BlameDataCollector.dll'
TpTrace Information: 0 : 16856, 1, 2024/03/07, 09:23:28.018, 18606293382161, vstest.console.dll, AssemblyResolver.OnResolve: Microsoft.TestPlatform.Extensions.EventLogCollector: Resolving assembly.
TpTrace Information: 0 : 16856, 1, 2024/03/07, 09:23:28.018, 18606293382967, vstest.console.dll, AssemblyResolver.OnResolve: Microsoft.TestPlatform.Extensions.EventLogCollector: Searching in: 'C:\Program Files\dotnet\sdk\8.0.101\Extensions'.
TpTrace Information: 0 : 16856, 1, 2024/03/07, 09:23:28.018, 18606293384470, vstest.console.dll, AssemblyResolver.OnResolve: Microsoft.TestPlatform.Extensions.EventLogCollector: Loading assembly 'C:\Program Files\dotnet\sdk\8.0.101\Extensions\Microsoft.TestPlatform.Extensions.EventLogCollector.dll'.
TpTrace Information: 0 : 16856, 1, 2024/03/07, 09:23:28.018, 18606293386694, vstest.console.dll, AssemblyResolver.OnResolve: Resolved assembly: Microsoft.TestPlatform.Extensions.EventLogCollector, from path: C:\Program Files\dotnet\sdk\8.0.101\Extensions\Microsoft.TestPlatform.Extensions.EventLogCollector.dll
TpTrace Verbose: 0 : 16856, 1, 2024/03/07, 09:23:28.018, 18606293387130, vstest.console.dll, MetadataReaderExtensionsHelper: Discovering extensions inside assembly 'Microsoft.TestPlatform.Extensions.EventLogCollector, Version=15.0.0.0, Culture=neutral, PublicKeyToken=b03f5f7f11d50a3a' file path 'C:\Program Files\dotnet\sdk\8.0.101\Extensions\Microsoft.TestPlatform.Extensions.EventLogCollector.dll'
TpTrace Information: 0 : 16856, 1, 2024/03/07, 09:23:28.019, 18606293397945, vstest.console.dll, AssemblyResolver.OnResolve: Microsoft.TestPlatform.TestHostRuntimeProvider: Resolving assembly.
TpTrace Information: 0 : 16856, 1, 2024/03/07, 09:23:28.019, 18606293398431, vstest.console.dll, AssemblyResolver.OnResolve: Microsoft.TestPlatform.TestHostRuntimeProvider: Searching in: 'C:\Program Files\dotnet\sdk\8.0.101\Extensions'.
TpTrace Information: 0 : 16856, 1, 2024/03/07, 09:23:28.019, 18606293399818, vstest.console.dll, AssemblyResolver.OnResolve: Microsoft.TestPlatform.TestHostRuntimeProvider: Loading assembly 'C:\Program Files\dotnet\sdk\8.0.101\Extensions\Microsoft.TestPlatform.TestHostRuntimeProvider.dll'.
TpTrace Information: 0 : 16856, 1, 2024/03/07, 09:23:28.020, 18606293402031, vstest.console.dll, AssemblyResolver.OnResolve: Resolved assembly: Microsoft.TestPlatform.TestHostRuntimeProvider, from path: C:\Program Files\dotnet\sdk\8.0.101\Extensions\Microsoft.TestPlatform.TestHostRuntimeProvider.dll
TpTrace Verbose: 0 : 16856, 1, 2024/03/07, 09:23:28.020, 18606293402445, vstest.console.dll, MetadataReaderExtensionsHelper: Discovering extensions inside assembly 'Microsoft.TestPlatform.TestHostRuntimeProvider, Version=15.0.0.0, Culture=neutral, PublicKeyToken=b03f5f7f11d50a3a' file path 'C:\Program Files\dotnet\sdk\8.0.101\Extensions\Microsoft.TestPlatform.TestHostRuntimeProvider.dll'
TpTrace Information: 0 : 16856, 1, 2024/03/07, 09:23:28.020, 18606293410906, vstest.console.dll, GetTestExtensionFromType: Register extension with identifier data 'HostProvider://DefaultTestHost' and type 'Microsoft.VisualStudio.TestPlatform.CrossPlatEngine.Hosting.DefaultTestHostManager, Microsoft.TestPlatform.TestHostRuntimeProvider, Version=15.0.0.0, Culture=neutral, PublicKeyToken=b03f5f7f11d50a3a' inside file 'C:\Program Files\dotnet\sdk\8.0.101\Extensions\Microsoft.TestPlatform.TestHostRuntimeProvider.dll'
TpTrace Information: 0 : 16856, 1, 2024/03/07, 09:23:28.021, 18606293412498, vstest.console.dll, GetTestExtensionFromType: Register extension with identifier data 'HostProvider://DotnetTestHost' and type 'Microsoft.VisualStudio.TestPlatform.CrossPlatEngine.Hosting.DotnetTestHostManager, Microsoft.TestPlatform.TestHostRuntimeProvider, Version=15.0.0.0, Culture=neutral, PublicKeyToken=b03f5f7f11d50a3a' inside file 'C:\Program Files\dotnet\sdk\8.0.101\Extensions\Microsoft.TestPlatform.TestHostRuntimeProvider.dll'
TpTrace Information: 0 : 16856, 1, 2024/03/07, 09:23:28.021, 18606293412989, vstest.console.dll, AssemblyResolver.OnResolve: Microsoft.VisualStudio.TestPlatform.Extensions.Html.TestLogger: Resolving assembly.
TpTrace Information: 0 : 16856, 1, 2024/03/07, 09:23:28.021, 18606293413283, vstest.console.dll, AssemblyResolver.OnResolve: Microsoft.VisualStudio.TestPlatform.Extensions.Html.TestLogger: Searching in: 'C:\Program Files\dotnet\sdk\8.0.101\Extensions'.
TpTrace Information: 0 : 16856, 1, 2024/03/07, 09:23:28.021, 18606293414686, vstest.console.dll, AssemblyResolver.OnResolve: Microsoft.VisualStudio.TestPlatform.Extensions.Html.TestLogger: Loading assembly 'C:\Program Files\dotnet\sdk\8.0.101\Extensions\Microsoft.VisualStudio.TestPlatform.Extensions.Html.TestLogger.dll'.
TpTrace Information: 0 : 16856, 1, 2024/03/07, 09:23:28.021, 18606293416889, vstest.console.dll, AssemblyResolver.OnResolve: Resolved assembly: Microsoft.VisualStudio.TestPlatform.Extensions.Html.TestLogger, from path: C:\Program Files\dotnet\sdk\8.0.101\Extensions\Microsoft.VisualStudio.TestPlatform.Extensions.Html.TestLogger.dll
TpTrace Verbose: 0 : 16856, 1, 2024/03/07, 09:23:28.021, 18606293417360, vstest.console.dll, MetadataReaderExtensionsHelper: Discovering extensions inside assembly 'Microsoft.VisualStudio.TestPlatform.Extensions.Html.TestLogger, Version=15.0.0.0, Culture=neutral, PublicKeyToken=b03f5f7f11d50a3a' file path 'C:\Program Files\dotnet\sdk\8.0.101\Extensions\Microsoft.VisualStudio.TestPlatform.Extensions.Html.TestLogger.dll'
TpTrace Information: 0 : 16856, 1, 2024/03/07, 09:23:28.022, 18606293421365, vstest.console.dll, AssemblyResolver.OnResolve: Microsoft.VisualStudio.TestPlatform.Extensions.Trx.TestLogger: Resolving assembly.
TpTrace Information: 0 : 16856, 1, 2024/03/07, 09:23:28.022, 18606293421765, vstest.console.dll, AssemblyResolver.OnResolve: Microsoft.VisualStudio.TestPlatform.Extensions.Trx.TestLogger: Searching in: 'C:\Program Files\dotnet\sdk\8.0.101\Extensions'.
TpTrace Information: 0 : 16856, 1, 2024/03/07, 09:23:28.022, 18606293423160, vstest.console.dll, AssemblyResolver.OnResolve: Microsoft.VisualStudio.TestPlatform.Extensions.Trx.TestLogger: Loading assembly 'C:\Program Files\dotnet\sdk\8.0.101\Extensions\Microsoft.VisualStudio.TestPlatform.Extensions.Trx.TestLogger.dll'.
TpTrace Information: 0 : 16856, 1, 2024/03/07, 09:23:28.022, 18606293425726, vstest.console.dll, AssemblyResolver.OnResolve: Resolved assembly: Microsoft.VisualStudio.TestPlatform.Extensions.Trx.TestLogger, from path: C:\Program Files\dotnet\sdk\8.0.101\Extensions\Microsoft.VisualStudio.TestPlatform.Extensions.Trx.TestLogger.dll
TpTrace Verbose: 0 : 16856, 1, 2024/03/07, 09:23:28.022, 18606293426141, vstest.console.dll, MetadataReaderExtensionsHelper: Discovering extensions inside assembly 'Microsoft.VisualStudio.TestPlatform.Extensions.Trx.TestLogger, Version=15.0.0.0, Culture=neutral, PublicKeyToken=b03f5f7f11d50a3a' file path 'C:\Program Files\dotnet\sdk\8.0.101\Extensions\Microsoft.VisualStudio.TestPlatform.Extensions.Trx.TestLogger.dll'
TpTrace Verbose: 0 : 16856, 1, 2024/03/07, 09:23:28.023, 18606293431542, vstest.console.dll, TestPluginCache: Discovered the extensions using extension path ''.
TpTrace Verbose: 0 : 16856, 1, 2024/03/07, 09:23:28.023, 18606293431953, vstest.console.dll, TestPluginCache: Discoverers are ''.
TpTrace Verbose: 0 : 16856, 1, 2024/03/07, 09:23:28.023, 18606293432170, vstest.console.dll, TestPluginCache: Executors are ''.
TpTrace Verbose: 0 : 16856, 1, 2024/03/07, 09:23:28.023, 18606293432303, vstest.console.dll, TestPluginCache: Executors2 are ''.
TpTrace Verbose: 0 : 16856, 1, 2024/03/07, 09:23:28.023, 18606293432428, vstest.console.dll, TestPluginCache: Setting providers are ''.
TpTrace Verbose: 0 : 16856, 1, 2024/03/07, 09:23:28.023, 18606293432553, vstest.console.dll, TestPluginCache: Loggers are ''.
TpTrace Verbose: 0 : 16856, 1, 2024/03/07, 09:23:28.023, 18606293433139, vstest.console.dll, TestPluginCache: TestHosts are 'HostProvider://DefaultTestHost,HostProvider://DotnetTestHost'.
TpTrace Verbose: 0 : 16856, 1, 2024/03/07, 09:23:28.023, 18606293433346, vstest.console.dll, TestPluginCache: DataCollectors are ''.
TpTrace Information: 0 : 16856, 1, 2024/03/07, 09:23:28.029, 18606293499753, vstest.console.dll, RunTestsArgumentProcessor:Execute: Test run is starting.
TpTrace Verbose: 0 : 16856, 1, 2024/03/07, 09:23:28.029, 18606293500226, vstest.console.dll, RunTestsArgumentProcessor:Execute: Queuing Test run.
TpTrace Information: 0 : 16856, 1, 2024/03/07, 09:23:28.030, 18606293501590, vstest.console.dll, TestRequestManager.RunTests: run tests started.
TpTrace Information: 0 : 16856, 1, 2024/03/07, 09:23:28.030, 18606293508793, vstest.console.dll, AssemblyMetadataProvider.GetFrameworkName: Determined framework:'.NETCoreApp,Version=v6.0' for source: 'D:\Иван\QA SoftUni\Back-End Test Automation\Back-End Test Automation\02. API Testing with C#\APITestingDemoProject\RestSharpTest\bin\Debug\net6.0\fine-code-coverage\build-output\RestSharpTest.dll'
TpTrace Information: 0 : 16856, 1, 2024/03/07, 09:23:28.030, 18606293509623, vstest.console.dll, Determined framework for all sources: .NETCoreApp,Version=v6.0
TpTrace Verbose: 0 : 16856, 1, 2024/03/07, 09:23:28.031, 18606293512603, vstest.console.dll, TestRequestManager.UpdateRunSettingsIfRequired: Default architecture: X64 IsDefaultTargetArchitecture: True, Current process architecture: X64 OperatingSystem: Windows.
TpTrace Information: 0 : 16856, 1, 2024/03/07, 09:23:28.032, 18606293521849, vstest.console.dll, AssemblyMetadataProvider.GetArchitecture: Determined architecture:AnyCPU info for assembly: D:\Иван\QA SoftUni\Back-End Test Automation\Back-End Test Automation\02. API Testing with C#\APITestingDemoProject\RestSharpTest\bin\Debug\net6.0\fine-code-coverage\build-output\RestSharpTest.dll
TpTrace Information: 0 : 16856, 1, 2024/03/07, 09:23:28.032, 18606293522178, vstest.console.dll, Determined platform for source 'D:\Иван\QA SoftUni\Back-End Test Automation\Back-End Test Automation\02. API Testing with C#\APITestingDemoProject\RestSharpTest\bin\Debug\net6.0\fine-code-coverage\build-output\RestSharpTest.dll' was AnyCPU and it will use the default plaform X64.
TpTrace Information: 0 : 16856, 1, 2024/03/07, 09:23:28.032, 18606293522346, vstest.console.dll, None of the sources provided any runnable platform, using the default platform: X64
TpTrace Information: 0 : 16856, 1, 2024/03/07, 09:23:28.032, 18606293522855, vstest.console.dll, Platform was updated to 'X64'.
TpTrace Information: 0 : 16856, 1, 2024/03/07, 09:23:28.034, 18606293542372, vstest.console.dll, InferRunSettingsHelper.IsTestSettingsEnabled: Unable to navigate to RunSettings/MSTest. Current node: RunSettings
TpTrace Information: 0 : 16856, 1, 2024/03/07, 09:23:28.034, 18606293546051, vstest.console.dll, AssemblyResolver.OnResolve: Microsoft.VisualStudio.TestPlatform.Fakes: Resolving assembly.
TpTrace Information: 0 : 16856, 1, 2024/03/07, 09:23:28.034, 18606293546542, vstest.console.dll, AssemblyResolver.OnResolve: Microsoft.VisualStudio.TestPlatform.Fakes: Searching in: 'C:\Program Files\dotnet\sdk\8.0.101\Extensions'.
TpTrace Information: 0 : 16856, 1, 2024/03/07, 09:23:28.034, 18606293547065, vstest.console.dll, AssemblyResolver.OnResolve: Microsoft.VisualStudio.TestPlatform.Fakes: Assembly path does not exist: 'C:\Program Files\dotnet\sdk\8.0.101\Extensions\Microsoft.VisualStudio.TestPlatform.Fakes.dll', returning.
TpTrace Information: 0 : 16856, 1, 2024/03/07, 09:23:28.034, 18606293547395, vstest.console.dll, AssemblyResolver.OnResolve: Microsoft.VisualStudio.TestPlatform.Fakes: Assembly path does not exist: 'C:\Program Files\dotnet\sdk\8.0.101\Extensions\Microsoft.VisualStudio.TestPlatform.Fakes.exe', returning.
TpTrace Information: 0 : 16856, 1, 2024/03/07, 09:23:28.034, 18606293547626, vstest.console.dll, AssemblyResolver.OnResolve: Microsoft.VisualStudio.TestPlatform.Fakes: Searching in: 'C:\Program Files\dotnet\sdk\8.0.101'.
TpTrace Information: 0 : 16856, 1, 2024/03/07, 09:23:28.034, 18606293547964, vstest.console.dll, AssemblyResolver.OnResolve: Microsoft.VisualStudio.TestPlatform.Fakes: Assembly path does not exist: 'C:\Program Files\dotnet\sdk\8.0.101\Microsoft.VisualStudio.TestPlatform.Fakes.dll', returning.
TpTrace Information: 0 : 16856, 1, 2024/03/07, 09:23:28.034, 18606293548250, vstest.console.dll, AssemblyResolver.OnResolve: Microsoft.VisualStudio.TestPlatform.Fakes: Assembly path does not exist: 'C:\Program Files\dotnet\sdk\8.0.101\Microsoft.VisualStudio.TestPlatform.Fakes.exe', returning.
TpTrace Information: 0 : 16856, 1, 2024/03/07, 09:23:28.034, 18606293548428, vstest.console.dll, AssemblyResolver.OnResolve: Microsoft.VisualStudio.TestPlatform.Fakes: Failed to load assembly.
TpTrace Information: 0 : 16856, 1, 2024/03/07, 09:23:28.034, 18606293550286, vstest.console.dll, Failed to load assembly Microsoft.VisualStudio.TestPlatform.Fakes, Version=17.0.0.0, Culture=neutral. Reason:System.IO.FileNotFoundException: Could not load file or assembly 'Microsoft.VisualStudio.TestPlatform.Fakes, Version=17.0.0.0, Culture=neutral, PublicKeyToken=null'. The system cannot find the file specified.
File name: 'Microsoft.VisualStudio.TestPlatform.Fakes, Version=17.0.0.0, Culture=neutral, PublicKeyToken=null'
   at System.Reflection.RuntimeAssembly.InternalLoad(AssemblyName assemblyName, StackCrawlMark& stackMark, AssemblyLoadContext assemblyLoadContext, RuntimeAssembly requestingAssembly, Boolean throwOnFileNotFound)
   at System.Reflection.Assembly.Load(AssemblyName assemblyRef)
   at Microsoft.VisualStudio.TestPlatform.Common.Utilities.FakesUtilities.LoadTestPlatformAssembly() in /_/src/Microsoft.TestPlatform.Common/Utilities/FakesUtilities.cs:line 272
TpTrace Verbose: 0 : 16856, 1, 2024/03/07, 09:23:28.036, 18606293568476, vstest.console.dll, TestPluginCache.DiscoverTestExtensions: finding test extensions in assemblies ends with: TestLogger.dll TPluginInfo: Microsoft.VisualStudio.TestPlatform.Common.ExtensionFramework.Utilities.TestLoggerPluginInformation TExtension: Microsoft.VisualStudio.TestPlatform.ObjectModel.Client.ITestLogger
TpTrace Verbose: 0 : 16856, 1, 2024/03/07, 09:23:28.036, 18606293569007, vstest.console.dll, TestPluginCache.GetExtensionPaths: Filtered extension paths: 
TpTrace Verbose: 0 : 16856, 1, 2024/03/07, 09:23:28.036, 18606293569224, vstest.console.dll, TestPluginCache.GetExtensionPaths: Added default extension paths: C:\Program Files\dotnet\sdk\8.0.101\Extensions\Microsoft.Diagnostics.NETCore.Client.dll
C:\Program Files\dotnet\sdk\8.0.101\Extensions\Microsoft.TestPlatform.Extensions.BlameDataCollector.dll
C:\Program Files\dotnet\sdk\8.0.101\Extensions\Microsoft.TestPlatform.Extensions.EventLogCollector.dll
C:\Program Files\dotnet\sdk\8.0.101\Extensions\Microsoft.TestPlatform.TestHostRuntimeProvider.dll
C:\Program Files\dotnet\sdk\8.0.101\Extensions\Microsoft.VisualStudio.TestPlatform.Extensions.Html.TestLogger.dll
C:\Program Files\dotnet\sdk\8.0.101\Extensions\Microsoft.VisualStudio.TestPlatform.Extensions.Trx.TestLogger.dll
TpTrace Verbose: 0 : 16856, 1, 2024/03/07, 09:23:28.036, 18606293569383, vstest.console.dll, TestPluginCache.GetExtensionPaths: Added unfilterableExtensionPaths: 
TpTrace Information: 0 : 16856, 1, 2024/03/07, 09:23:28.036, 18606293570076, vstest.console.dll, AssemblyResolver.AddSearchDirectories: Adding more searchDirectories C:\Program Files\dotnet\sdk\8.0.101\Extensions,C:\Program Files\dotnet\sdk\8.0.101
TpTrace Verbose: 0 : 16856, 1, 2024/03/07, 09:23:28.036, 18606293570352, vstest.console.dll, TestPluginCache.DiscoverTestExtensions: Discovering the extensions using extension path.
TpTrace Verbose: 0 : 16856, 1, 2024/03/07, 09:23:28.036, 18606293570539, vstest.console.dll, TestPluginCache.GetExtensionPaths: Filtered extension paths: 
TpTrace Verbose: 0 : 16856, 1, 2024/03/07, 09:23:28.036, 18606293570724, vstest.console.dll, TestPluginCache.GetExtensionPaths: Added default extension paths: C:\Program Files\dotnet\sdk\8.0.101\Extensions\Microsoft.Diagnostics.NETCore.Client.dll
C:\Program Files\dotnet\sdk\8.0.101\Extensions\Microsoft.TestPlatform.Extensions.BlameDataCollector.dll
C:\Program Files\dotnet\sdk\8.0.101\Extensions\Microsoft.TestPlatform.Extensions.EventLogCollector.dll
C:\Program Files\dotnet\sdk\8.0.101\Extensions\Microsoft.TestPlatform.TestHostRuntimeProvider.dll
C:\Program Files\dotnet\sdk\8.0.101\Extensions\Microsoft.VisualStudio.TestPlatform.Extensions.Html.TestLogger.dll
C:\Program Files\dotnet\sdk\8.0.101\Extensions\Microsoft.VisualStudio.TestPlatform.Extensions.Trx.TestLogger.dll
TpTrace Verbose: 0 : 16856, 1, 2024/03/07, 09:23:28.037, 18606293571217, vstest.console.dll, TestPluginCache.GetExtensionPaths: Added unfilterableExtensionPaths: 
TpTrace Verbose: 0 : 16856, 1, 2024/03/07, 09:23:28.037, 18606293571475, vstest.console.dll, TestPluginCache.DiscoverTestExtensions: Discovering the extensions using allExtensionPaths: C:\Program Files\dotnet\sdk\8.0.101\Extensions\Microsoft.Diagnostics.NETCore.Client.dll
C:\Program Files\dotnet\sdk\8.0.101\Extensions\Microsoft.TestPlatform.Extensions.BlameDataCollector.dll
C:\Program Files\dotnet\sdk\8.0.101\Extensions\Microsoft.TestPlatform.Extensions.EventLogCollector.dll
C:\Program Files\dotnet\sdk\8.0.101\Extensions\Microsoft.TestPlatform.TestHostRuntimeProvider.dll
C:\Program Files\dotnet\sdk\8.0.101\Extensions\Microsoft.VisualStudio.TestPlatform.Extensions.Html.TestLogger.dll
C:\Program Files\dotnet\sdk\8.0.101\Extensions\Microsoft.VisualStudio.TestPlatform.Extensions.Trx.TestLogger.dll
TpTrace Information: 0 : 16856, 1, 2024/03/07, 09:23:28.037, 18606293571733, vstest.console.dll, AssemblyResolver.AddSearchDirectories: Adding more searchDirectories C:\Program Files\dotnet\sdk\8.0.101\Extensions,C:\Program Files\dotnet\sdk\8.0.101
TpTrace Information: 0 : 16856, 1, 2024/03/07, 09:23:28.037, 18606293571939, vstest.console.dll, AssemblyResolver.AddSearchDirectories: Adding more searchDirectories C:\Program Files\dotnet\sdk\8.0.101\Extensions,C:\Program Files\dotnet\sdk\8.0.101
TpTrace Information: 0 : 16856, 1, 2024/03/07, 09:23:28.037, 18606293572097, vstest.console.dll, AssemblyResolver.AddSearchDirectories: Adding more searchDirectories C:\Program Files\dotnet\sdk\8.0.101\Extensions,C:\Program Files\dotnet\sdk\8.0.101
TpTrace Information: 0 : 16856, 1, 2024/03/07, 09:23:28.037, 18606293572246, vstest.console.dll, AssemblyResolver.AddSearchDirectories: Adding more searchDirectories C:\Program Files\dotnet\sdk\8.0.101\Extensions,C:\Program Files\dotnet\sdk\8.0.101
TpTrace Information: 0 : 16856, 1, 2024/03/07, 09:23:28.037, 18606293572394, vstest.console.dll, AssemblyResolver.AddSearchDirectories: Adding more searchDirectories C:\Program Files\dotnet\sdk\8.0.101\Extensions,C:\Program Files\dotnet\sdk\8.0.101
TpTrace Information: 0 : 16856, 1, 2024/03/07, 09:23:28.037, 18606293572574, vstest.console.dll, AssemblyResolver.AddSearchDirectories: Adding more searchDirectories C:\Program Files\dotnet\sdk\8.0.101\Extensions,C:\Program Files\dotnet\sdk\8.0.101
TpTrace Verbose: 0 : 16856, 1, 2024/03/07, 09:23:28.037, 18606293573162, vstest.console.dll, MetadataReaderExtensionsHelper: Discovering extensions inside assembly 'Microsoft.Diagnostics.NETCore.Client, Version=0.2.8.21101, Culture=neutral, PublicKeyToken=31bf3856ad364e35' file path 'C:\Program Files\dotnet\sdk\8.0.101\Extensions\Microsoft.Diagnostics.NETCore.Client.dll'
TpTrace Information: 0 : 16856, 1, 2024/03/07, 09:23:28.037, 18606293577062, vstest.console.dll, AssemblyResolver.OnResolve: Microsoft.Bcl.AsyncInterfaces: Resolving assembly.
TpTrace Information: 0 : 16856, 1, 2024/03/07, 09:23:28.037, 18606293577395, vstest.console.dll, AssemblyResolver.OnResolve: Microsoft.Bcl.AsyncInterfaces: Resolved from cache.
TpTrace Verbose: 0 : 16856, 1, 2024/03/07, 09:23:28.037, 18606293577562, vstest.console.dll, CurrentDomainAssemblyResolve: Resolving assembly 'Microsoft.Bcl.AsyncInterfaces'.
TpTrace Information: 0 : 16856, 1, 2024/03/07, 09:23:28.037, 18606293577797, vstest.console.dll, AssemblyResolver.OnResolve: Microsoft.Bcl.AsyncInterfaces: Resolving assembly.
TpTrace Information: 0 : 16856, 1, 2024/03/07, 09:23:28.037, 18606293577989, vstest.console.dll, AssemblyResolver.OnResolve: Microsoft.Bcl.AsyncInterfaces: Resolved from cache.
TpTrace Verbose: 0 : 16856, 1, 2024/03/07, 09:23:28.037, 18606293578122, vstest.console.dll, CurrentDomainAssemblyResolve: Resolving assembly 'Microsoft.Bcl.AsyncInterfaces'.
TpTrace Verbose: 0 : 16856, 1, 2024/03/07, 09:23:28.037, 18606293578253, vstest.console.dll, CurrentDomainAssemblyResolve: Failed to resolve assembly 'Microsoft.Bcl.AsyncInterfaces'.
TpTrace Verbose: 0 : 16856, 1, 2024/03/07, 09:23:28.037, 18606293579056, vstest.console.dll, CurrentDomainAssemblyResolve: Failed to resolve assembly 'Microsoft.Bcl.AsyncInterfaces'.
TpTrace Warning: 0 : 16856, 1, 2024/03/07, 09:23:28.038, 18606293581107, vstest.console.dll, TestPluginDiscoverer: Failed to get types from assembly 'Microsoft.Diagnostics.NETCore.Client, Version=0.2.8.21101, Culture=neutral, PublicKeyToken=31bf3856ad364e35'. Error: System.Reflection.ReflectionTypeLoadException: Unable to load one or more of the requested types.
Could not load file or assembly 'Microsoft.Bcl.AsyncInterfaces, Version=1.0.0.0, Culture=neutral, PublicKeyToken=cc7b13ffcd2ddd51'. The system cannot find the file specified.
   at System.Reflection.RuntimeModule.GetTypes(RuntimeModule module)
   at System.Reflection.RuntimeModule.GetTypes()
   at Microsoft.VisualStudio.TestPlatform.Common.ExtensionFramework.TestPluginDiscoverer.GetTestExtensionsFromAssembly[TPluginInfo,TExtension](Assembly assembly, Dictionary`2 pluginInfos, String filePath) in /_/src/Microsoft.TestPlatform.Common/ExtensionFramework/TestPluginDiscoverer.cs:line 158
System.IO.FileNotFoundException: Could not load file or assembly 'Microsoft.Bcl.AsyncInterfaces, Version=1.0.0.0, Culture=neutral, PublicKeyToken=cc7b13ffcd2ddd51'. The system cannot find the file specified.
File name: 'Microsoft.Bcl.AsyncInterfaces, Version=1.0.0.0, Culture=neutral, PublicKeyToken=cc7b13ffcd2ddd51'
 ---> System.IO.FileNotFoundException: Could not load file or assembly 'Microsoft.Bcl.AsyncInterfaces, Culture=neutral, PublicKeyToken=null'. The system cannot find the file specified.
File name: 'Microsoft.Bcl.AsyncInterfaces, Culture=neutral, PublicKeyToken=null'
   at System.Reflection.RuntimeAssembly.InternalLoad(AssemblyName assemblyName, StackCrawlMark& stackMark, AssemblyLoadContext assemblyLoadContext, RuntimeAssembly requestingAssembly, Boolean throwOnFileNotFound)
   at System.Reflection.Assembly.Load(AssemblyName assemblyRef)
   at Microsoft.VisualStudio.TestPlatform.Common.ExtensionFramework.TestPluginCache.CurrentDomainAssemblyResolve(Object sender, AssemblyResolveEventArgs args) in /_/src/Microsoft.TestPlatform.Common/ExtensionFramework/TestPluginCache.cs:line 513
   at System.Runtime.Loader.AssemblyLoadContext.GetFirstResolvedAssemblyFromResolvingEvent(AssemblyName assemblyName)
   at System.Runtime.Loader.AssemblyLoadContext.ResolveUsingEvent(AssemblyName assemblyName)
   at System.Runtime.Loader.AssemblyLoadContext.ResolveUsingResolvingEvent(IntPtr gchManagedAssemblyLoadContext, AssemblyName assemblyName)
TpTrace Warning: 0 : 16856, 1, 2024/03/07, 09:23:28.038, 18606293582158, vstest.console.dll, LoaderExceptions: System.IO.FileNotFoundException: Could not load file or assembly 'Microsoft.Bcl.AsyncInterfaces, Version=1.0.0.0, Culture=neutral, PublicKeyToken=cc7b13ffcd2ddd51'. The system cannot find the file specified.
File name: 'Microsoft.Bcl.AsyncInterfaces, Version=1.0.0.0, Culture=neutral, PublicKeyToken=cc7b13ffcd2ddd51'
 ---> System.IO.FileNotFoundException: Could not load file or assembly 'Microsoft.Bcl.AsyncInterfaces, Culture=neutral, PublicKeyToken=null'. The system cannot find the file specified.
File name: 'Microsoft.Bcl.AsyncInterfaces, Culture=neutral, PublicKeyToken=null'
   at System.Reflection.RuntimeAssembly.InternalLoad(AssemblyName assemblyName, StackCrawlMark& stackMark, AssemblyLoadContext assemblyLoadContext, RuntimeAssembly requestingAssembly, Boolean throwOnFileNotFound)
   at System.Reflection.Assembly.Load(AssemblyName assemblyRef)
   at Microsoft.VisualStudio.TestPlatform.Common.ExtensionFramework.TestPluginCache.CurrentDomainAssemblyResolve(Object sender, AssemblyResolveEventArgs args) in /_/src/Microsoft.TestPlatform.Common/ExtensionFramework/TestPluginCache.cs:line 513
   at System.Runtime.Loader.AssemblyLoadContext.GetFirstResolvedAssemblyFromResolvingEvent(AssemblyName assemblyName)
   at System.Runtime.Loader.AssemblyLoadContext.ResolveUsingEvent(AssemblyName assemblyName)
   at System.Runtime.Loader.AssemblyLoadContext.ResolveUsingResolvingEvent(IntPtr gchManagedAssemblyLoadContext, AssemblyName assemblyName)
TpTrace Verbose: 0 : 16856, 1, 2024/03/07, 09:23:28.038, 18606293582616, vstest.console.dll, MetadataReaderExtensionsHelper: Discovering extensions inside assembly 'Microsoft.TestPlatform.Extensions.BlameDataCollector, Version=15.0.0.0, Culture=neutral, PublicKeyToken=b03f5f7f11d50a3a' file path 'C:\Program Files\dotnet\sdk\8.0.101\Extensions\Microsoft.TestPlatform.Extensions.BlameDataCollector.dll'
TpTrace Information: 0 : 16856, 1, 2024/03/07, 09:23:28.038, 18606293585065, vstest.console.dll, GetTestExtensionFromType: Register extension with identifier data 'logger://Microsoft/TestPlatform/Extensions/Blame/v1' and type 'Microsoft.TestPlatform.Extensions.BlameDataCollector.BlameLogger, Microsoft.TestPlatform.Extensions.BlameDataCollector, Version=15.0.0.0, Culture=neutral, PublicKeyToken=b03f5f7f11d50a3a' inside file 'C:\Program Files\dotnet\sdk\8.0.101\Extensions\Microsoft.TestPlatform.Extensions.BlameDataCollector.dll'
TpTrace Verbose: 0 : 16856, 1, 2024/03/07, 09:23:28.038, 18606293585462, vstest.console.dll, MetadataReaderExtensionsHelper: Discovering extensions inside assembly 'Microsoft.TestPlatform.Extensions.EventLogCollector, Version=15.0.0.0, Culture=neutral, PublicKeyToken=b03f5f7f11d50a3a' file path 'C:\Program Files\dotnet\sdk\8.0.101\Extensions\Microsoft.TestPlatform.Extensions.EventLogCollector.dll'
TpTrace Verbose: 0 : 16856, 1, 2024/03/07, 09:23:28.038, 18606293587070, vstest.console.dll, MetadataReaderExtensionsHelper: Discovering extensions inside assembly 'Microsoft.TestPlatform.TestHostRuntimeProvider, Version=15.0.0.0, Culture=neutral, PublicKeyToken=b03f5f7f11d50a3a' file path 'C:\Program Files\dotnet\sdk\8.0.101\Extensions\Microsoft.TestPlatform.TestHostRuntimeProvider.dll'
TpTrace Verbose: 0 : 16856, 1, 2024/03/07, 09:23:28.038, 18606293588822, vstest.console.dll, MetadataReaderExtensionsHelper: Discovering extensions inside assembly 'Microsoft.VisualStudio.TestPlatform.Extensions.Html.TestLogger, Version=15.0.0.0, Culture=neutral, PublicKeyToken=b03f5f7f11d50a3a' file path 'C:\Program Files\dotnet\sdk\8.0.101\Extensions\Microsoft.VisualStudio.TestPlatform.Extensions.Html.TestLogger.dll'
TpTrace Information: 0 : 16856, 1, 2024/03/07, 09:23:28.039, 18606293591764, vstest.console.dll, GetTestExtensionFromType: Register extension with identifier data 'logger://Microsoft/TestPlatform/HtmlLogger/v1' and type 'Microsoft.VisualStudio.TestPlatform.Extensions.HtmlLogger.HtmlLogger, Microsoft.VisualStudio.TestPlatform.Extensions.Html.TestLogger, Version=15.0.0.0, Culture=neutral, PublicKeyToken=b03f5f7f11d50a3a' inside file 'C:\Program Files\dotnet\sdk\8.0.101\Extensions\Microsoft.VisualStudio.TestPlatform.Extensions.Html.TestLogger.dll'
TpTrace Verbose: 0 : 16856, 1, 2024/03/07, 09:23:28.039, 18606293592180, vstest.console.dll, MetadataReaderExtensionsHelper: Discovering extensions inside assembly 'Microsoft.VisualStudio.TestPlatform.Extensions.Trx.TestLogger, Version=15.0.0.0, Culture=neutral, PublicKeyToken=b03f5f7f11d50a3a' file path 'C:\Program Files\dotnet\sdk\8.0.101\Extensions\Microsoft.VisualStudio.TestPlatform.Extensions.Trx.TestLogger.dll'
TpTrace Information: 0 : 16856, 1, 2024/03/07, 09:23:28.039, 18606293594164, vstest.console.dll, GetTestExtensionFromType: Register extension with identifier data 'logger://Microsoft/TestPlatform/TrxLogger/v1' and type 'Microsoft.VisualStudio.TestPlatform.Extensions.TrxLogger.TrxLogger, Microsoft.VisualStudio.TestPlatform.Extensions.Trx.TestLogger, Version=15.0.0.0, Culture=neutral, PublicKeyToken=b03f5f7f11d50a3a' inside file 'C:\Program Files\dotnet\sdk\8.0.101\Extensions\Microsoft.VisualStudio.TestPlatform.Extensions.Trx.TestLogger.dll'
TpTrace Verbose: 0 : 16856, 1, 2024/03/07, 09:23:28.039, 18606293594592, vstest.console.dll, TestPluginCache: Discovered the extensions using extension path ''.
TpTrace Verbose: 0 : 16856, 1, 2024/03/07, 09:23:28.039, 18606293594797, vstest.console.dll, TestPluginCache: Discoverers are ''.
TpTrace Verbose: 0 : 16856, 1, 2024/03/07, 09:23:28.039, 18606293594948, vstest.console.dll, TestPluginCache: Executors are ''.
TpTrace Verbose: 0 : 16856, 1, 2024/03/07, 09:23:28.039, 18606293595087, vstest.console.dll, TestPluginCache: Executors2 are ''.
TpTrace Verbose: 0 : 16856, 1, 2024/03/07, 09:23:28.039, 18606293595214, vstest.console.dll, TestPluginCache: Setting providers are ''.
TpTrace Verbose: 0 : 16856, 1, 2024/03/07, 09:23:28.039, 18606293595562, vstest.console.dll, TestPluginCache: Loggers are 'logger://Microsoft/TestPlatform/Extensions/Blame/v1,logger://Microsoft/TestPlatform/HtmlLogger/v1,logger://Microsoft/TestPlatform/TrxLogger/v1'.
TpTrace Verbose: 0 : 16856, 1, 2024/03/07, 09:23:28.039, 18606293595778, vstest.console.dll, TestPluginCache: TestHosts are 'HostProvider://DefaultTestHost,HostProvider://DotnetTestHost'.
TpTrace Verbose: 0 : 16856, 1, 2024/03/07, 09:23:28.039, 18606293595971, vstest.console.dll, TestPluginCache: DataCollectors are ''.
TpTrace Information: 0 : 16856, 1, 2024/03/07, 09:23:28.039, 18606293600725, vstest.console.dll, TestPluginManager.CreateTestExtension: Attempting to load test extension: Microsoft.TestPlatform.Extensions.BlameDataCollector.BlameLogger
TpTrace Verbose: 0 : 16856, 1, 2024/03/07, 09:23:28.044, 18606293644062, vstest.console.dll, TestEngine: Initializing Parallel Execution as MaxCpuCount is set to: 1
TpTrace Information: 0 : 16856, 1, 2024/03/07, 09:23:28.045, 18606293653117, vstest.console.dll, TestPluginManager.CreateTestExtension: Attempting to load test extension: Microsoft.VisualStudio.TestPlatform.CrossPlatEngine.Hosting.DefaultTestHostManager
TpTrace Information: 0 : 16856, 1, 2024/03/07, 09:23:28.045, 18606293657105, vstest.console.dll, TestPluginManager.CreateTestExtension: Attempting to load test extension: Microsoft.VisualStudio.TestPlatform.CrossPlatEngine.Hosting.DotnetTestHostManager
TpTrace Information: 0 : 16856, 1, 2024/03/07, 09:23:28.045, 18606293660694, vstest.console.dll, InferRunSettingsHelper.IsTestSettingsEnabled: Unable to navigate to RunSettings/MSTest. Current node: RunSettings
TpTrace Verbose: 0 : 16856, 1, 2024/03/07, 09:23:28.046, 18606293664219, vstest.console.dll, ParallelOperationManager.ClearSlots: Clearing all slots. Slots should accept more work: True
TpTrace Verbose: 0 : 16856, 1, 2024/03/07, 09:23:28.046, 18606293668064, vstest.console.dll, ParallelOperationManager.SetOccupiedSlotCount: Setting slot counts AvailableSlotCount = 1, OccupiedSlotCount = 0.
TpTrace Verbose: 0 : 16856, 1, 2024/03/07, 09:23:28.046, 18606293670053, vstest.console.dll, Occupied slots:

TpTrace Verbose: 0 : 16856, 1, 2024/03/07, 09:23:28.048, 18606293690185, vstest.console.dll, TestEngine.GetExecutionManager: Chosen execution manager 'Microsoft.VisualStudio.TestPlatform.CrossPlatEngine.Client.Parallel.ParallelProxyExecutionManager, Microsoft.TestPlatform.CrossPlatEngine, Version=15.0.0.0, Culture=neutral, PublicKeyToken=b03f5f7f11d50a3a' ParallelLevel '1'.
TpTrace Verbose: 0 : 16856, 1, 2024/03/07, 09:23:28.049, 18606293691406, vstest.console.dll, TestRunRequest.ExecuteAsync: Creating test run request.
TpTrace Verbose: 0 : 16856, 1, 2024/03/07, 09:23:28.049, 18606293693036, vstest.console.dll, TestRunRequest.ExecuteAsync: Starting.
TpTrace Information: 0 : 16856, 1, 2024/03/07, 09:23:28.049, 18606293700501, vstest.console.dll, TestRunRequest.ExecuteAsync: Starting run with settings:TestRunCriteria:
   KeepAlive=False,FrequencyOfRunStatsChangeEvent=10,RunStatsChangeEventTimeout=00:00:01.5000000,TestCaseFilter=,TestExecutorLauncher=
   Settingsxml=<RunSettings>
  <RunConfiguration>
    <ResultsDirectory>D:\Иван\QA SoftUni\Back-End Test Automation\Back-End Test Automation\02. API Testing with C#\APITestingDemoProject\RestSharpTest\bin\Debug\net6.0\fine-code-coverage\coverage-tool-output</ResultsDirectory>
    <TargetPlatform>X64</TargetPlatform>
    <TargetFrameworkVersion>.NETCoreApp,Version=v6.0</TargetFrameworkVersion>
    <DesignMode>False</DesignMode>
    <CollectSourceInformation>False</CollectSourceInformation>
  </RunConfiguration>
  <LoggerRunSettings>
    <Loggers>
      <Logger friendlyName="blame" enabled="True" />
      <Logger friendlyName="Console" uri="logger://microsoft/TestPlatform/ConsoleLogger/v1" assemblyQualifiedName="Microsoft.VisualStudio.TestPlatform.CommandLine.Internal.ConsoleLogger, vstest.console, Version=15.0.0.0, Culture=neutral, PublicKeyToken=b03f5f7f11d50a3a" codeBase="C:\Program Files\dotnet\sdk\8.0.101\vstest.console.dll" enabled="True" />
    </Loggers>
  </LoggerRunSettings>
  <DataCollectionRunSettings>
    <DataCollectors>
      <DataCollector friendlyName="blame" enabled="True">
        <Configuration>
          <ResultsDirectory>D:\Иван\QA SoftUni\Back-End Test Automation\Back-End Test Automation\02. API Testing with C#\APITestingDemoProject\RestSharpTest\bin\Debug\net6.0\fine-code-coverage\coverage-tool-output</ResultsDirectory>
        </Configuration>
      </DataCollector>
    </DataCollectors>
  </DataCollectionRunSettings>
</RunSettings>

TpTrace Verbose: 0 : 16856, 1, 2024/03/07, 09:23:28.049, 18606293700880, vstest.console.dll, TestRunRequest.ExecuteAsync: Wait for the first run request is over.
TpTrace Verbose: 0 : 16856, 1, 2024/03/07, 09:23:28.050, 18606293703021, vstest.console.dll, MulticastDelegateUtilities.SafeInvoke: TestRun.TestRunStart: Invoking callbacks was skipped because there are no subscribers.
TpTrace Verbose: 0 : 16856, 5, 2024/03/07, 09:23:28.050, 18606293704316, vstest.console.dll, MulticastDelegateUtilities.SafeInvoke: InternalTestLoggerEvents.SendTestRunStart: Invoking callback 1/1 for Microsoft.VisualStudio.TestPlatform.CommandLine.Internal.ConsoleLogger., took 0 ms.
TpTrace Verbose: 0 : 16856, 1, 2024/03/07, 09:23:28.050, 18606293709462, vstest.console.dll, ParallelProxyExecutionManager: Start execution. Total sources: 1
TpTrace Verbose: 0 : 16856, 1, 2024/03/07, 09:23:28.051, 18606293711638, vstest.console.dll, ParallelOperationManager.StartWork: Starting adding 1 workloads.
TpTrace Verbose: 0 : 16856, 1, 2024/03/07, 09:23:28.051, 18606293712088, vstest.console.dll, ParallelOperationManager.ClearSlots: Clearing all slots. Slots should accept more work: True
TpTrace Verbose: 0 : 16856, 1, 2024/03/07, 09:23:28.051, 18606293712504, vstest.console.dll, ParallelOperationManager.SetOccupiedSlotCount: Setting slot counts AvailableSlotCount = 1, OccupiedSlotCount = 0.
TpTrace Verbose: 0 : 16856, 1, 2024/03/07, 09:23:28.051, 18606293712726, vstest.console.dll, Occupied slots:

TpTrace Verbose: 0 : 16856, 1, 2024/03/07, 09:23:28.052, 18606293721278, vstest.console.dll, TestRequestSender is acting as server.
TpTrace Verbose: 0 : 16856, 1, 2024/03/07, 09:23:28.052, 18606293728192, vstest.console.dll, ParallelOperationManager.RunWorkInParallel: Adding 1 workload to slot, remaining workloads 0.
TpTrace Verbose: 0 : 16856, 1, 2024/03/07, 09:23:28.052, 18606293728571, vstest.console.dll, ParallelOperationManager.SetOccupiedSlotCount: Setting slot counts AvailableSlotCount = 0, OccupiedSlotCount = 1.
TpTrace Verbose: 0 : 16856, 1, 2024/03/07, 09:23:28.052, 18606293729238, vstest.console.dll, Occupied slots:
0: D:\Иван\QA SoftUni\Back-End Test Automation\Back-End Test Automation\02. API Testing with C#\APITestingDemoProject\RestSharpTest\bin\Debug\net6.0\fine-code-coverage\build-output\RestSharpTest.dll
TpTrace Verbose: 0 : 16856, 1, 2024/03/07, 09:23:28.053, 18606293735528, vstest.console.dll, ParallelOperationManager.RunWorkInParallel: Started host in slot number 0 for work (source): D:\Иван\QA SoftUni\Back-End Test Automation\Back-End Test Automation\02. API Testing with C#\APITestingDemoProject\RestSharpTest\bin\Debug\net6.0\fine-code-coverage\build-output\RestSharpTest.dll.
TpTrace Verbose: 0 : 16856, 1, 2024/03/07, 09:23:28.053, 18606293740894, vstest.console.dll, ParallelOperationManager.RunWorkInParallel: We started 1 work items, which is the max parallel level. Won't start more work.
TpTrace Verbose: 0 : 16856, 1, 2024/03/07, 09:23:28.054, 18606293741215, vstest.console.dll, ParallelOperationManager.RunWorkInParallel: We started 1 work items in here, returning True.
TpTrace Information: 0 : 16856, 1, 2024/03/07, 09:23:28.054, 18606293741444, vstest.console.dll, TestRunRequest.ExecuteAsync: Started.
TpTrace Verbose: 0 : 16856, 6, 2024/03/07, 09:23:28.054, 18606293742981, vstest.console.dll, ParallelProxyExecutionManager.StartTestRunOnConcurrentManager: Initializing uninitialized client. Started clients: 0
TpTrace Verbose: 0 : 16856, 6, 2024/03/07, 09:23:28.054, 18606293744323, vstest.console.dll, DataCollectionRequestSender.InitializeCommunication : Initialize communication. 
TpTrace Verbose: 0 : 16856, 1, 2024/03/07, 09:23:28.054, 18606293745213, vstest.console.dll, TestRunRequest.WaitForCompletion: Waiting with timeout -1.
TpTrace Information: 0 : 16856, 6, 2024/03/07, 09:23:28.058, 18606293790182, vstest.console.dll, Listening on Endpoint : 127.0.0.1:7422
TpTrace Verbose: 0 : 16856, 6, 2024/03/07, 09:23:28.062, 18606293830908, vstest.console.dll, DotnetDataCollectionLauncher: Adding  --runtimeconfig "C:\Program Files\dotnet\sdk\8.0.101\datacollector.runtimeconfig.json" in args
TpTrace Verbose: 0 : 16856, 6, 2024/03/07, 09:23:28.063, 18606293831503, vstest.console.dll, DotnetDataCollectionLauncher: Adding  --depsfile "C:\Program Files\dotnet\sdk\8.0.101\datacollector.deps.json" in args
TpTrace Verbose: 0 : 16856, 6, 2024/03/07, 09:23:28.063, 18606293832689, vstest.console.dll, DotnetDataCollectionLauncher: Full path of dotnet.exe is C:\Program Files\dotnet\dotnet.exe
TpTrace Information: 0 : 16856, 6, 2024/03/07, 09:23:28.067, 18606293877529, vstest.console.dll, ProxyDataCollectionManager.Initialize: Launched datacollector processId: 27452 port: 7422
TpTrace Information: 0 : 16856, 6, 2024/03/07, 09:23:28.067, 18606293878578, vstest.console.dll, ProxyDataCollectionManager.Initialize: waiting for connection with timeout: 90 seconds
TpTrace Verbose: 0 : 16856, 6, 2024/03/07, 09:23:28.067, 18606293878885, vstest.console.dll, DataCollectionRequestSender.WaitForRequestHandlerConnection : Waiting for connection with timeout: 90000
TpTrace Information: 0 : 16856, 8, 2024/03/07, 09:23:28.166, 18606294867773, vstest.console.dll, Using the buffer size of 16384 bytes
TpTrace Verbose: 0 : 16856, 6, 2024/03/07, 09:23:28.166, 18606294867826, vstest.console.dll, SocketCommunicationManager.WaitForClientConnection took: 98 ms, with 90000 ms timeout, and finished with True.
TpTrace Information: 0 : 16856, 8, 2024/03/07, 09:23:28.166, 18606294868561, vstest.console.dll, Accepted Client request and set the flag
TpTrace Verbose: 0 : 16856, 6, 2024/03/07, 09:23:28.166, 18606294869585, vstest.console.dll, ProxyDataCollectionManager.InvokeDataCollectionServiceAction: Starting.
TpTrace Information: 0 : 16856, 6, 2024/03/07, 09:23:28.166, 18606294870044, vstest.console.dll, ProxyDataCollectionManager.BeforeTestRunStart: Get environment variable and port for datacollector processId: 27452 port: 7422
TpTrace Verbose: 0 : 16856, 6, 2024/03/07, 09:23:28.166, 18606294870774, vstest.console.dll, DataCollectionRequestSender.SendBeforeTestRunStartAndGetResult: Send BeforeTestRunStart message with settingsXml <RunSettings><RunConfiguration><ResultsDirectory>D:\Иван\QA SoftUni\Back-End Test Automation\Back-End Test Automation\02. API Testing with C#\APITestingDemoProject\RestSharpTest\bin\Debug\net6.0\fine-code-coverage\coverage-tool-output</ResultsDirectory><TargetPlatform>X64</TargetPlatform><TargetFrameworkVersion>.NETCoreApp,Version=v6.0</TargetFrameworkVersion><DesignMode>False</DesignMode><CollectSourceInformation>False</CollectSourceInformation><TestAdaptersPaths>C:\Program Files\dotnet\sdk\8.0.101\Extensions</TestAdaptersPaths></RunConfiguration><LoggerRunSettings><Loggers><Logger friendlyName="blame" enabled="True" /><Logger friendlyName="Console" uri="logger://microsoft/TestPlatform/ConsoleLogger/v1" assemblyQualifiedName="Microsoft.VisualStudio.TestPlatform.CommandLine.Internal.ConsoleLogger, vstest.console, Version=15.0.0.0, Culture=neutral, PublicKeyToken=b03f5f7f11d50a3a" codeBase="C:\Program Files\dotnet\sdk\8.0.101\vstest.console.dll" enabled="True" /></Loggers></LoggerRunSettings><DataCollectionRunSettings><DataCollectors><DataCollector friendlyName="blame" enabled="True"><Configuration><ResultsDirectory>D:\Иван\QA SoftUni\Back-End Test Automation\Back-End Test Automation\02. API Testing with C#\APITestingDemoProject\RestSharpTest\bin\Debug\net6.0\fine-code-coverage\coverage-tool-output</ResultsDirectory></Configuration></DataCollector></DataCollectors></DataCollectionRunSettings></RunSettings> and sources System.Collections.Generic.List`1[System.String]: 
TpTrace Verbose: 0 : 16856, 6, 2024/03/07, 09:23:28.194, 18606295150291, vstest.console.dll, DataCollectionRequestSender.SendBeforeTestRunStartAndGetResult: Received message: (DataCollection.SendMessage) -> {"MessageType":"DataCollection.SendMessage","Payload":{"FriendlyName":null,"Uri":null,"TestCaseId":"00000000-0000-0000-0000-000000000000","Message":"Logging DataCollector Diagnostics in file: D:\\Иван\\QA SoftUni\\Back-End Test Automation\\Back-End Test Automation\\02. API Testing with C#\\APITestingDemoProject\\RestSharpTest\\bin\\Debug\\net6.0\\fine-code-coverage\\coverage-tool-output\\diagnostics.datacollector.24-03-07_09-23-28_06285_6.log","Level":0}}
TpTrace Verbose: 0 : 16856, 6, 2024/03/07, 09:23:28.242, 18606295623525, vstest.console.dll, DataCollectionRequestSender.SendBeforeTestRunStartAndGetResult: Received message: (DataCollection.BeforeTestRunStartResult) -> {"MessageType":"DataCollection.BeforeTestRunStartResult","Payload":{"EnvironmentVariables":{},"DataCollectionEventsPort":7424}}
TpTrace Information: 0 : 16856, 6, 2024/03/07, 09:23:28.245, 18606295653574, vstest.console.dll, ProxyDataCollectionManager.BeforeTestRunStart: SendBeforeTestRunStartAndGetResult successful, env variable from datacollector:   and testhost port: 7424
TpTrace Information: 0 : 16856, 6, 2024/03/07, 09:23:28.245, 18606295654013, vstest.console.dll, ProxyDataCollectionManager.InvokeDataCollectionServiceAction: Completed.
TpTrace Verbose: 0 : 16856, 6, 2024/03/07, 09:23:28.245, 18606295654245, vstest.console.dll, ParallelProxyExecutionManager.StartTestRunOnConcurrentManager: Initializing test run. Started clients: 0
TpTrace Verbose: 0 : 16856, 6, 2024/03/07, 09:23:28.245, 18606295654834, vstest.console.dll, ProxyExecutionManager: Test host is always Lazy initialize.
TpTrace Verbose: 0 : 16856, 6, 2024/03/07, 09:23:28.245, 18606295656187, vstest.console.dll, TestRequestSender.InitializeCommunication: initialize communication. 
TpTrace Information: 0 : 16856, 6, 2024/03/07, 09:23:28.245, 18606295659481, vstest.console.dll, SocketServer.Start: Listening on endpoint : 127.0.0.1:7425
TpTrace Verbose: 0 : 16856, 6, 2024/03/07, 09:23:28.246, 18606295664639, vstest.console.dll, DotnetTestHostmanager.GetTestHostProcessStartInfo: Platform environment 'X64' target architecture 'X64' framework '.NETCoreApp,Version=v6.0' OS 'Windows'
TpTrace Verbose: 0 : 16856, 6, 2024/03/07, 09:23:28.246, 18606295665734, vstest.console.dll, DotnetTestHostmanager: Adding  --runtimeconfig "D:\Иван\QA SoftUni\Back-End Test Automation\Back-End Test Automation\02. API Testing with C#\APITestingDemoProject\RestSharpTest\bin\Debug\net6.0\fine-code-coverage\build-output\RestSharpTest.runtimeconfig.json" in args
TpTrace Verbose: 0 : 16856, 6, 2024/03/07, 09:23:28.246, 18606295666043, vstest.console.dll, DotnetTestHostmanager: Adding  --depsfile "D:\Иван\QA SoftUni\Back-End Test Automation\Back-End Test Automation\02. API Testing with C#\APITestingDemoProject\RestSharpTest\bin\Debug\net6.0\fine-code-coverage\build-output\RestSharpTest.deps.json" in args
TpTrace Verbose: 0 : 16856, 6, 2024/03/07, 09:23:28.246, 18606295667116, vstest.console.dll, DotnetTestHostmanager.IsWinOnArm: Current PROCESSOR_ARCHITECTURE from environment variable 'AMD64'
TpTrace Verbose: 0 : 16856, 6, 2024/03/07, 09:23:28.246, 18606295667490, vstest.console.dll, DotnetTestHostmanager.IsWinOnArm: Is Windows on ARM 'False'
TpTrace Verbose: 0 : 16856, 6, 2024/03/07, 09:23:28.246, 18606295667780, vstest.console.dll, DotnetTestHostManager: testhost.exe found at path: D:\Иван\QA SoftUni\Back-End Test Automation\Back-End Test Automation\02. API Testing with C#\APITestingDemoProject\RestSharpTest\bin\Debug\net6.0\fine-code-coverage\build-output\testhost.exe
TpTrace Verbose: 0 : 16856, 6, 2024/03/07, 09:23:28.246, 18606295668014, vstest.console.dll, DotnetTestHostmanager: Full path of host exe is D:\Иван\QA SoftUni\Back-End Test Automation\Back-End Test Automation\02. API Testing with C#\APITestingDemoProject\RestSharpTest\bin\Debug\net6.0\fine-code-coverage\build-output\testhost.exe
TpTrace Verbose: 0 : 16856, 6, 2024/03/07, 09:23:28.246, 18606295668770, vstest.console.dll, DotnetTestHostmanager.LaunchTestHostAsync: Found 'VSTEST_WINAPPHOST_DOTNET_ROOT' in env variables, value 'C:\Program Files\dotnet', forwarding to 'DOTNET_ROOT'
TpTrace Verbose: 0 : 16856, 6, 2024/03/07, 09:23:28.246, 18606295669638, vstest.console.dll, DotnetTestHostManager: Starting process 'D:\Иван\QA SoftUni\Back-End Test Automation\Back-End Test Automation\02. API Testing with C#\APITestingDemoProject\RestSharpTest\bin\Debug\net6.0\fine-code-coverage\build-output\testhost.exe' with command line ' --runtimeconfig "D:\Иван\QA SoftUni\Back-End Test Automation\Back-End Test Automation\02. API Testing with C#\APITestingDemoProject\RestSharpTest\bin\Debug\net6.0\fine-code-coverage\build-output\RestSharpTest.runtimeconfig.json" --depsfile "D:\Иван\QA SoftUni\Back-End Test Automation\Back-End Test Automation\02. API Testing with C#\APITestingDemoProject\RestSharpTest\bin\Debug\net6.0\fine-code-coverage\build-output\RestSharpTest.deps.json" --port 7425 --endpoint 127.0.0.1:07425 --role client --parentprocessid 16856 --diag "D:\Иван\QA SoftUni\Back-End Test Automation\Back-End Test Automation\02. API Testing with C#\APITestingDemoProject\RestSharpTest\bin\Debug\net6.0\fine-code-coverage\coverage-tool-output\diagnostics.host.24-03-07_09-23-28_24611_6.log" --tracelevel 4 --datacollectionport 7424 --telemetryoptedin false'
TpTrace Verbose: 0 : 16856, 6, 2024/03/07, 09:23:28.251, 18606295715977, vstest.console.dll, MulticastDelegateUtilities.SafeInvoke: HostProviderEvents.OnHostLaunched: Invoking callback 1/2 for Microsoft.VisualStudio.TestPlatform.CrossPlatEngine.Client.ProxyExecutionManagerWithDataCollection., took 0 ms.
TpTrace Verbose: 0 : 16856, 6, 2024/03/07, 09:23:28.251, 18606295718012, vstest.console.dll, Test Runtime launched
TpTrace Verbose: 0 : 16856, 6, 2024/03/07, 09:23:28.251, 18606295718390, vstest.console.dll, MulticastDelegateUtilities.SafeInvoke: HostProviderEvents.OnHostLaunched: Invoking callback 2/2 for Microsoft.VisualStudio.TestPlatform.CrossPlatEngine.Client.ProxyOperationManager., took 0 ms.
TpTrace Verbose: 0 : 16856, 6, 2024/03/07, 09:23:28.251, 18606295719147, vstest.console.dll, TestRequestSender.WaitForRequestHandlerConnection: waiting for connection with timeout: 90000.
TpTrace Verbose: 0 : 16856, 6, 2024/03/07, 09:23:28.358, 18606296784395, vstest.console.dll, TestRequestSender.WaitForRequestHandlerConnection: waiting took 106 ms, with timeout 90000 ms, and result 0, which is success.
TpTrace Verbose: 0 : 16856, 13, 2024/03/07, 09:23:28.358, 18606296784394, vstest.console.dll, MulticastDelegateUtilities.SafeInvoke: SocketServer: ClientConnected: Invoking callback 1/1 for Microsoft.VisualStudio.TestPlatform.CommunicationUtilities.TestRequestSender., took 0 ms.
TpTrace Verbose: 0 : 16856, 13, 2024/03/07, 09:23:28.358, 18606296785980, vstest.console.dll, SocketServer.OnClientConnected: Client connected for endPoint: 127.0.0.1:7425, starting MessageLoopAsync:
TpTrace Verbose: 0 : 16856, 15, 2024/03/07, 09:23:28.358, 18606296789582, vstest.console.dll, TcpClientExtensions.MessageLoopAsync: Polling on remoteEndPoint: 127.0.0.1:7426 localEndPoint: 127.0.0.1:7425
TpTrace Verbose: 0 : 16856, 6, 2024/03/07, 09:23:28.359, 18606296791706, vstest.console.dll, TestRequestSender.CheckVersionWithTestHost: Sending check version message: {"MessageType":"ProtocolVersion","Payload":7}
TpTrace Verbose: 0 : 16856, 15, 2024/03/07, 09:23:28.450, 18606297705947, vstest.console.dll, TcpClientExtensions.MessageLoopAsync: NotifyDataAvailable remoteEndPoint: 127.0.0.1:7426 localEndPoint: 127.0.0.1:7425
TpTrace Verbose: 0 : 16856, 15, 2024/03/07, 09:23:28.450, 18606297708658, vstest.console.dll, TestRequestSender.CheckVersionWithTestHost: onMessageReceived received message: (ProtocolVersion) -> {"MessageType":"ProtocolVersion","Payload":7}
TpTrace Verbose: 0 : 16856, 15, 2024/03/07, 09:23:28.451, 18606297714092, vstest.console.dll, MulticastDelegateUtilities.SafeInvoke: LengthPrefixCommunicationChannel: MessageReceived: Invoking callback 1/1 for Microsoft.VisualStudio.TestPlatform.CommunicationUtilities.TestRequestSender+<>c__DisplayClass29_0., took 0 ms.
TpTrace Verbose: 0 : 16856, 15, 2024/03/07, 09:23:28.451, 18606297714689, vstest.console.dll, TcpClientExtensions.MessageLoopAsync: Polling on remoteEndPoint: 127.0.0.1:7426 localEndPoint: 127.0.0.1:7425
TpTrace Verbose: 0 : 16856, 6, 2024/03/07, 09:23:28.451, 18606297716711, vstest.console.dll, TestPluginCache.GetExtensionPaths: Filtered extension paths: 
TpTrace Verbose: 0 : 16856, 6, 2024/03/07, 09:23:28.451, 18606297717226, vstest.console.dll, TestPluginCache.GetExtensionPaths: Added default extension paths: C:\Program Files\dotnet\sdk\8.0.101\Extensions\Microsoft.Diagnostics.NETCore.Client.dll
C:\Program Files\dotnet\sdk\8.0.101\Extensions\Microsoft.TestPlatform.Extensions.BlameDataCollector.dll
C:\Program Files\dotnet\sdk\8.0.101\Extensions\Microsoft.TestPlatform.Extensions.EventLogCollector.dll
C:\Program Files\dotnet\sdk\8.0.101\Extensions\Microsoft.TestPlatform.TestHostRuntimeProvider.dll
C:\Program Files\dotnet\sdk\8.0.101\Extensions\Microsoft.VisualStudio.TestPlatform.Extensions.Html.TestLogger.dll
C:\Program Files\dotnet\sdk\8.0.101\Extensions\Microsoft.VisualStudio.TestPlatform.Extensions.Trx.TestLogger.dll
TpTrace Verbose: 0 : 16856, 6, 2024/03/07, 09:23:28.451, 18606297717519, vstest.console.dll, TestPluginCache.GetExtensionPaths: Added unfilterableExtensionPaths: 
TpTrace Verbose: 0 : 16856, 6, 2024/03/07, 09:23:28.453, 18606297734229, vstest.console.dll, TestRequestSender.InitializeExecution: Sending initialize execution with message: {"Version":7,"MessageType":"TestExecution.Initialize","Payload":["D:\\Иван\\QA SoftUni\\Back-End Test Automation\\Back-End Test Automation\\02. API Testing with C#\\APITestingDemoProject\\RestSharpTest\\bin\\Debug\\net6.0\\fine-code-coverage\\build-output\\NUnit3.TestAdapter.dll"]}
TpTrace Verbose: 0 : 16856, 6, 2024/03/07, 09:23:28.453, 18606297735802, vstest.console.dll, ParallelProxyExecutionManager.StartTestRunOnConcurrentManager: Execution starting. Started clients: 1
TpTrace Verbose: 0 : 16856, 6, 2024/03/07, 09:23:28.453, 18606297737863, vstest.console.dll, TestRunRequest:SendTestRunMessage: Starting.
TpTrace Verbose: 0 : 16856, 6, 2024/03/07, 09:23:28.453, 18606297739287, vstest.console.dll, MulticastDelegateUtilities.SafeInvoke: TestRun.LogMessages: Invoking callback 1/1 for Microsoft.VisualStudio.TestPlatform.CommandLine.TestRunResultAggregator., took 0 ms.
TpTrace Information: 0 : 16856, 6, 2024/03/07, 09:23:28.453, 18606297739524, vstest.console.dll, TestRunRequest:SendTestRunMessage: Completed.
TpTrace Verbose: 0 : 16856, 5, 2024/03/07, 09:23:28.453, 18606297740894, vstest.console.dll, MulticastDelegateUtilities.SafeInvoke: InternalTestLoggerEvents.SendTestRunMessage: Invoking callback 1/1 for Microsoft.VisualStudio.TestPlatform.CommandLine.Internal.ConsoleLogger., took 0 ms.
TpTrace Warning: 0 : 16856, 6, 2024/03/07, 09:23:28.454, 18606297742075, vstest.console.dll, InferRunSettingsHelper.MakeRunsettingsCompatible: Removing the following settings: TargetPlatform from RunSettings file. To use those settings please move to latest version of Microsoft.NET.Test.Sdk
TpTrace Verbose: 0 : 16856, 15, 2024/03/07, 09:23:28.454, 18606297745460, vstest.console.dll, TcpClientExtensions.MessageLoopAsync: NotifyDataAvailable remoteEndPoint: 127.0.0.1:7426 localEndPoint: 127.0.0.1:7425
TpTrace Verbose: 0 : 16856, 15, 2024/03/07, 09:23:28.454, 18606297748087, vstest.console.dll, TestRequestSender.OnExecutionMessageReceived: Received message: {"Version":7,"MessageType":"TestSession.Message","Payload":{"MessageLevel":0,"Message":"Logging TestHost Diagnostics in file: D:\\Иван\\QA SoftUni\\Back-End Test Automation\\Back-End Test Automation\\02. API Testing with C#\\APITestingDemoProject\\RestSharpTest\\bin\\Debug\\net6.0\\fine-code-coverage\\coverage-tool-output\\diagnostics.host.24-03-07_09-23-28_24611_6.log"}}
TpTrace Verbose: 0 : 16856, 15, 2024/03/07, 09:23:28.456, 18606297764277, vstest.console.dll, TestRunRequest:SendTestRunMessage: Starting.
TpTrace Verbose: 0 : 16856, 15, 2024/03/07, 09:23:28.456, 18606297764982, vstest.console.dll, MulticastDelegateUtilities.SafeInvoke: TestRun.LogMessages: Invoking callback 1/1 for Microsoft.VisualStudio.TestPlatform.CommandLine.TestRunResultAggregator., took 0 ms.
TpTrace Information: 0 : 16856, 15, 2024/03/07, 09:23:28.456, 18606297765185, vstest.console.dll, TestRunRequest:SendTestRunMessage: Completed.
TpTrace Verbose: 0 : 16856, 15, 2024/03/07, 09:23:28.456, 18606297765382, vstest.console.dll, MulticastDelegateUtilities.SafeInvoke: LengthPrefixCommunicationChannel: MessageReceived: Invoking callback 1/1 for Microsoft.VisualStudio.TestPlatform.CommunicationUtilities.TestRequestSender+<>c__DisplayClass34_0., took 1 ms.
TpTrace Verbose: 0 : 16856, 15, 2024/03/07, 09:23:28.456, 18606297765598, vstest.console.dll, TcpClientExtensions.MessageLoopAsync: Polling on remoteEndPoint: 127.0.0.1:7426 localEndPoint: 127.0.0.1:7425
TpTrace Verbose: 0 : 16856, 5, 2024/03/07, 09:23:28.456, 18606297765385, vstest.console.dll, MulticastDelegateUtilities.SafeInvoke: InternalTestLoggerEvents.SendTestRunMessage: Invoking callback 1/1 for Microsoft.VisualStudio.TestPlatform.CommandLine.Internal.ConsoleLogger., took 0 ms.
TpTrace Verbose: 0 : 16856, 6, 2024/03/07, 09:23:28.457, 18606297777351, vstest.console.dll, TestRequestSender.StartTestRun: Sending test run with message: {"Version":7,"MessageType":"TestExecution.StartWithSources","Payload":{"AdapterSourceMap":{"_none_":["D:\\Иван\\QA SoftUni\\Back-End Test Automation\\Back-End Test Automation\\02. API Testing with C#\\APITestingDemoProject\\RestSharpTest\\bin\\Debug\\net6.0\\fine-code-coverage\\build-output\\RestSharpTest.dll"]},"RunSettings":"<RunSettings>\r\n  <RunConfiguration>\r\n    <ResultsDirectory>D:\\Иван\\QA SoftUni\\Back-End Test Automation\\Back-End Test Automation\\02. API Testing with C#\\APITestingDemoProject\\RestSharpTest\\bin\\Debug\\net6.0\\fine-code-coverage\\coverage-tool-output</ResultsDirectory>\r\n    <TargetFrameworkVersion>.NETCoreApp,Version=v6.0</TargetFrameworkVersion>\r\n    <DesignMode>False</DesignMode>\r\n    <CollectSourceInformation>False</CollectSourceInformation>\r\n  </RunConfiguration>\r\n  <LoggerRunSettings>\r\n    <Loggers>\r\n      <Logger friendlyName=\"blame\" enabled=\"True\" />\r\n      <Logger friendlyName=\"Console\" uri=\"logger://microsoft/TestPlatform/ConsoleLogger/v1\" assemblyQualifiedName=\"Microsoft.VisualStudio.TestPlatform.CommandLine.Internal.ConsoleLogger, vstest.console, Version=15.0.0.0, Culture=neutral, PublicKeyToken=b03f5f7f11d50a3a\" codeBase=\"C:\\Program Files\\dotnet\\sdk\\8.0.101\\vstest.console.dll\" enabled=\"True\" />\r\n    </Loggers>\r\n  </LoggerRunSettings>\r\n  <DataCollectionRunSettings>\r\n    <DataCollectors>\r\n      <DataCollector friendlyName=\"blame\" enabled=\"True\">\r\n        <Configuration>\r\n          <ResultsDirectory>D:\\Иван\\QA SoftUni\\Back-End Test Automation\\Back-End Test Automation\\02. API Testing with C#\\APITestingDemoProject\\RestSharpTest\\bin\\Debug\\net6.0\\fine-code-coverage\\coverage-tool-output</ResultsDirectory>\r\n        </Configuration>\r\n      </DataCollector>\r\n    </DataCollectors>\r\n  </DataCollectionRunSettings>\r\n</RunSettings>","TestExecutionContext":{"FrequencyOfRunStatsChangeEvent":10,"RunStatsChangeEventTimeout":"00:00:01.5000000","InIsolation":false,"KeepAlive":false,"AreTestCaseLevelEventsRequired":false,"IsDebug":false,"TestCaseFilter":null,"FilterOptions":null},"Package":null}}
TpTrace Verbose: 0 : 16856, 6, 2024/03/07, 09:23:28.457, 18606297778331, vstest.console.dll, ParallelProxyExecutionManager.StartTestRunOnConcurrentManager: Execution started. Started clients: 1
TpTrace Verbose: 0 : 16856, 15, 2024/03/07, 09:23:28.578, 18606298984075, vstest.console.dll, TcpClientExtensions.MessageLoopAsync: NotifyDataAvailable remoteEndPoint: 127.0.0.1:7426 localEndPoint: 127.0.0.1:7425
TpTrace Verbose: 0 : 16856, 15, 2024/03/07, 09:23:28.578, 18606298985487, vstest.console.dll, TestRequestSender.OnExecutionMessageReceived: Received message: {"Version":7,"MessageType":"TestSession.Message","Payload":{"MessageLevel":0,"Message":"NUnit Adapter 4.4.0.0: Test execution started"}}
TpTrace Verbose: 0 : 16856, 15, 2024/03/07, 09:23:28.578, 18606298987206, vstest.console.dll, TestRunRequest:SendTestRunMessage: Starting.
TpTrace Verbose: 0 : 16856, 15, 2024/03/07, 09:23:28.578, 18606298987651, vstest.console.dll, MulticastDelegateUtilities.SafeInvoke: TestRun.LogMessages: Invoking callback 1/1 for Microsoft.VisualStudio.TestPlatform.CommandLine.TestRunResultAggregator., took 0 ms.
TpTrace Information: 0 : 16856, 15, 2024/03/07, 09:23:28.578, 18606298987824, vstest.console.dll, TestRunRequest:SendTestRunMessage: Completed.
TpTrace Verbose: 0 : 16856, 15, 2024/03/07, 09:23:28.578, 18606298987982, vstest.console.dll, MulticastDelegateUtilities.SafeInvoke: LengthPrefixCommunicationChannel: MessageReceived: Invoking callback 1/1 for Microsoft.VisualStudio.TestPlatform.CommunicationUtilities.TestRequestSender+<>c__DisplayClass34_0., took 0 ms.
TpTrace Verbose: 0 : 16856, 5, 2024/03/07, 09:23:28.578, 18606298988008, vstest.console.dll, MulticastDelegateUtilities.SafeInvoke: InternalTestLoggerEvents.SendTestRunMessage: Invoking callback 1/1 for Microsoft.VisualStudio.TestPlatform.CommandLine.Internal.ConsoleLogger., took 0 ms.
TpTrace Verbose: 0 : 16856, 15, 2024/03/07, 09:23:28.578, 18606298988225, vstest.console.dll, TcpClientExtensions.MessageLoopAsync: Polling on remoteEndPoint: 127.0.0.1:7426 localEndPoint: 127.0.0.1:7425
TpTrace Verbose: 0 : 16856, 15, 2024/03/07, 09:23:28.601, 18606299216281, vstest.console.dll, TcpClientExtensions.MessageLoopAsync: NotifyDataAvailable remoteEndPoint: 127.0.0.1:7426 localEndPoint: 127.0.0.1:7425
TpTrace Verbose: 0 : 16856, 15, 2024/03/07, 09:23:28.601, 18606299218243, vstest.console.dll, TestRequestSender.OnExecutionMessageReceived: Received message: {"Version":7,"MessageType":"TestSession.Message","Payload":{"MessageLevel":0,"Message":"Running all tests in D:\\Иван\\QA SoftUni\\Back-End Test Automation\\Back-End Test Automation\\02. API Testing with C#\\APITestingDemoProject\\RestSharpTest\\bin\\Debug\\net6.0\\fine-code-coverage\\build-output\\RestSharpTest.dll"}}
TpTrace Verbose: 0 : 16856, 15, 2024/03/07, 09:23:28.601, 18606299219460, vstest.console.dll, TestRunRequest:SendTestRunMessage: Starting.
TpTrace Verbose: 0 : 16856, 15, 2024/03/07, 09:23:28.601, 18606299219945, vstest.console.dll, MulticastDelegateUtilities.SafeInvoke: TestRun.LogMessages: Invoking callback 1/1 for Microsoft.VisualStudio.TestPlatform.CommandLine.TestRunResultAggregator., took 0 ms.
TpTrace Information: 0 : 16856, 15, 2024/03/07, 09:23:28.601, 18606299220156, vstest.console.dll, TestRunRequest:SendTestRunMessage: Completed.
TpTrace Verbose: 0 : 16856, 5, 2024/03/07, 09:23:28.601, 18606299220230, vstest.console.dll, MulticastDelegateUtilities.SafeInvoke: InternalTestLoggerEvents.SendTestRunMessage: Invoking callback 1/1 for Microsoft.VisualStudio.TestPlatform.CommandLine.Internal.ConsoleLogger., took 0 ms.
TpTrace Verbose: 0 : 16856, 15, 2024/03/07, 09:23:28.601, 18606299220351, vstest.console.dll, MulticastDelegateUtilities.SafeInvoke: LengthPrefixCommunicationChannel: MessageReceived: Invoking callback 1/1 for Microsoft.VisualStudio.TestPlatform.CommunicationUtilities.TestRequestSender+<>c__DisplayClass34_0., took 0 ms.
TpTrace Verbose: 0 : 16856, 15, 2024/03/07, 09:23:28.602, 18606299221192, vstest.console.dll, TcpClientExtensions.MessageLoopAsync: Polling on remoteEndPoint: 127.0.0.1:7426 localEndPoint: 127.0.0.1:7425
TpTrace Verbose: 0 : 16856, 15, 2024/03/07, 09:23:28.698, 18606300188895, vstest.console.dll, TcpClientExtensions.MessageLoopAsync: NotifyDataAvailable remoteEndPoint: 127.0.0.1:7426 localEndPoint: 127.0.0.1:7425
TpTrace Verbose: 0 : 16856, 15, 2024/03/07, 09:23:28.698, 18606300190782, vstest.console.dll, TestRequestSender.OnExecutionMessageReceived: Received message: {"Version":7,"MessageType":"TestSession.Message","Payload":{"MessageLevel":0,"Message":"   NUnit3TestExecutor discovered 3 of 3 NUnit test cases using Current Discovery mode, Non-Explicit run"}}
TpTrace Verbose: 0 : 16856, 15, 2024/03/07, 09:23:28.699, 18606300192204, vstest.console.dll, TestRunRequest:SendTestRunMessage: Starting.
TpTrace Verbose: 0 : 16856, 15, 2024/03/07, 09:23:28.699, 18606300192781, vstest.console.dll, MulticastDelegateUtilities.SafeInvoke: TestRun.LogMessages: Invoking callback 1/1 for Microsoft.VisualStudio.TestPlatform.CommandLine.TestRunResultAggregator., took 0 ms.
TpTrace Information: 0 : 16856, 15, 2024/03/07, 09:23:28.699, 18606300192991, vstest.console.dll, TestRunRequest:SendTestRunMessage: Completed.
TpTrace Verbose: 0 : 16856, 5, 2024/03/07, 09:23:28.699, 18606300193129, vstest.console.dll, MulticastDelegateUtilities.SafeInvoke: InternalTestLoggerEvents.SendTestRunMessage: Invoking callback 1/1 for Microsoft.VisualStudio.TestPlatform.CommandLine.Internal.ConsoleLogger., took 0 ms.
TpTrace Verbose: 0 : 16856, 15, 2024/03/07, 09:23:28.699, 18606300193214, vstest.console.dll, MulticastDelegateUtilities.SafeInvoke: LengthPrefixCommunicationChannel: MessageReceived: Invoking callback 1/1 for Microsoft.VisualStudio.TestPlatform.CommunicationUtilities.TestRequestSender+<>c__DisplayClass34_0., took 0 ms.
TpTrace Verbose: 0 : 16856, 15, 2024/03/07, 09:23:28.699, 18606300194091, vstest.console.dll, TcpClientExtensions.MessageLoopAsync: Polling on remoteEndPoint: 127.0.0.1:7426 localEndPoint: 127.0.0.1:7425
TpTrace Verbose: 0 : 16856, 15, 2024/03/07, 09:23:29.702, 18606310230542, vstest.console.dll, TcpClientExtensions.MessageLoopAsync: Polling on remoteEndPoint: 127.0.0.1:7426 localEndPoint: 127.0.0.1:7425
TpTrace Verbose: 0 : 16856, 15, 2024/03/07, 09:23:29.866, 18606311864885, vstest.console.dll, TcpClientExtensions.MessageLoopAsync: NotifyDataAvailable remoteEndPoint: 127.0.0.1:7426 localEndPoint: 127.0.0.1:7425
TpTrace Verbose: 0 : 16856, 15, 2024/03/07, 09:23:29.866, 18606311866701, vstest.console.dll, TestRequestSender.OnExecutionMessageReceived: Received message: {"Version":7,"MessageType":"TestSession.Message","Payload":{"MessageLevel":0,"Message":"NUnit Adapter 4.4.0.0: Test execution complete"}}
TpTrace Verbose: 0 : 16856, 15, 2024/03/07, 09:23:29.866, 18606311868159, vstest.console.dll, TestRunRequest:SendTestRunMessage: Starting.
TpTrace Verbose: 0 : 16856, 15, 2024/03/07, 09:23:29.866, 18606311868743, vstest.console.dll, MulticastDelegateUtilities.SafeInvoke: TestRun.LogMessages: Invoking callback 1/1 for Microsoft.VisualStudio.TestPlatform.CommandLine.TestRunResultAggregator., took 0 ms.
TpTrace Information: 0 : 16856, 15, 2024/03/07, 09:23:29.866, 18606311869075, vstest.console.dll, TestRunRequest:SendTestRunMessage: Completed.
TpTrace Verbose: 0 : 16856, 5, 2024/03/07, 09:23:29.866, 18606311869273, vstest.console.dll, MulticastDelegateUtilities.SafeInvoke: InternalTestLoggerEvents.SendTestRunMessage: Invoking callback 1/1 for Microsoft.VisualStudio.TestPlatform.CommandLine.Internal.ConsoleLogger., took 0 ms.
TpTrace Verbose: 0 : 16856, 15, 2024/03/07, 09:23:29.866, 18606311869328, vstest.console.dll, MulticastDelegateUtilities.SafeInvoke: LengthPrefixCommunicationChannel: MessageReceived: Invoking callback 1/1 for Microsoft.VisualStudio.TestPlatform.CommunicationUtilities.TestRequestSender+<>c__DisplayClass34_0., took 0 ms.
TpTrace Verbose: 0 : 16856, 15, 2024/03/07, 09:23:29.866, 18606311870457, vstest.console.dll, TcpClientExtensions.MessageLoopAsync: Polling on remoteEndPoint: 127.0.0.1:7426 localEndPoint: 127.0.0.1:7425
TpTrace Verbose: 0 : 16856, 15, 2024/03/07, 09:23:29.895, 18606312160311, vstest.console.dll, TcpClientExtensions.MessageLoopAsync: NotifyDataAvailable remoteEndPoint: 127.0.0.1:7426 localEndPoint: 127.0.0.1:7425
TpTrace Verbose: 0 : 16856, 15, 2024/03/07, 09:23:29.896, 18606312163113, vstest.console.dll, TestRequestSender.OnExecutionMessageReceived: Received message: {"Version":7,"MessageType":"TestExecution.Completed","Payload":{"TestRunCompleteArgs":{"TestRunStatistics":{"ExecutedTests":3,"Stats":{"Passed":2,"Failed":1}},"IsCanceled":false,"IsAborted":false,"Error":null,"AttachmentSets":[],"InvokedDataCollectors":[],"ElapsedTimeInRunningTests":"00:00:01.3080211","Metrics":{},"DiscoveredExtensions":{"TestDiscoverers":["NUnit.VisualStudio.TestAdapter.NUnit3TestDiscoverer, NUnit3.TestAdapter, Version=4.4.0.0, Culture=neutral, PublicKeyToken=4cb40d35494691ac"],"TestExecutors":["executor://NUnit3TestExecutor"],"TestExecutors2":[],"TestSettingsProviders":[]}},"LastRunTests":{"NewTestResults":[{"TestCase":{"Id":"fe508215-2ddb-d2c0-b5a1-49ef1d13df4a","FullyQualifiedName":"RestSharpTest.Tests.Test_GitIssuesEndPoint","DisplayName":"Test_GitIssuesEndPoint","ExecutorUri":"executor://NUnit3TestExecutor","Source":"D:\\Иван\\QA SoftUni\\Back-End Test Automation\\Back-End Test Automation\\02. API Testing with C#\\APITestingDemoProject\\RestSharpTest\\bin\\Debug\\net6.0\\fine-code-coverage\\build-output\\RestSharpTest.dll","CodeFilePath":null,"LineNumber":0,"Properties":[{"Key":{"Id":"NUnit.Seed","Label":"Seed","Category":"","Description":"","Attributes":0,"ValueType":"System.String"},"Value":"1353607516"}]},"Attachments":[],"Outcome":1,"ErrorMessage":null,"ErrorStackTrace":null,"DisplayName":"Test_GitIssuesEndPoint","Messages":[],"ComputerName":"DESKTOP-QI8JBMK","Duration":"00:00:00.4626330","StartTime":"2024-03-07T07:23:28.7177741+00:00","EndTime":"2024-03-07T07:23:29.1803513+00:00","Properties":[{"Key":{"Id":"NUnit.Seed","Label":"Seed","Category":"","Description":"","Attributes":0,"ValueType":"System.String"},"Value":"1353607516"}]},{"TestCase":{"Id":"375c4606-501f-5655-0243-2ca4ad27ced8","FullyQualifiedName":"RestSharpTest.Tests.Test_GitIssuesEndPoint_MoreValidation","DisplayName":"Test_GitIssuesEndPoint_MoreValidation","ExecutorUri":"executor://NUnit3TestExecutor","Source":"D:\\Иван\\QA SoftUni\\Back-End Test Automation\\Back-End Test Automation\\02. API Testing with C#\\APITestingDemoProject\\RestSharpTest\\bin\\Debug\\net6.0\\fine-code-coverage\\build-output\\RestSharpTest.dll","CodeFilePath":null,"LineNumber":0,"Properties":[{"Key":{"Id":"NUnit.Seed","Label":"Seed","Category":"","Description":"","Attributes":0,"ValueType":"System.String"},"Value":"94491115"}]},"Attachments":[],"Outcome":1,"ErrorMessage":null,"ErrorStackTrace":null,"DisplayName":"Test_GitIssuesEndPoint_MoreValidation","Messages":[],"ComputerName":"DESKTOP-QI8JBMK","Duration":"00:00:00.3160040","StartTime":"2024-03-07T07:23:29.1814495+00:00","EndTime":"2024-03-07T07:23:29.4974536+00:00","Properties":[{"Key":{"Id":"NUnit.Seed","Label":"Seed","Category":"","Description":"","Attributes":0,"ValueType":"System.String"},"Value":"94491115"}]},{"TestCase":{"Id":"28fee24e-d14d-00d6-b2d7-4f22d6804a07","FullyQualifiedName":"RestSharpTest.Tests.Test_GitPostMethod","DisplayName":"Test_GitPostMethod","ExecutorUri":"executor://NUnit3TestExecutor","Source":"D:\\Иван\\QA SoftUni\\Back-End Test Automation\\Back-End Test Automation\\02. API Testing with C#\\APITestingDemoProject\\RestSharpTest\\bin\\Debug\\net6.0\\fine-code-coverage\\build-output\\RestSharpTest.dll","CodeFilePath":null,"LineNumber":0,"Properties":[{"Key":{"Id":"NUnit.Seed","Label":"Seed","Category":"","Description":"","Attributes":0,"ValueType":"System.String"},"Value":"1708016859"}]},"Attachments":[],"Outcome":2,"ErrorMessage":"Newtonsoft.Json.JsonSerializationException : Cannot deserialize the current JSON array (e.g. [1,2,3]) into type 'RestSharpTest.Issue' because the type requires a JSON object (e.g. {\"name\":\"value\"}) to deserialize correctly.\r\nTo fix this error either change the JSON to a JSON object (e.g. {\"name\":\"value\"}) or change the deserialized type to an array or a type that implements a collection interface (e.g. ICollection, IList) like List<T> that can be deserialized from a JSON array. JsonArrayAttribute can also be added to the type to force it to deserialize from a JSON array.\r\nPath '', line 1, position 1.","ErrorStackTrace":"   at Newtonsoft.Json.Serialization.JsonSerializerInternalReader.EnsureArrayContract(JsonReader reader, Type objectType, JsonContract contract)\r\n   at Newtonsoft.Json.Serialization.JsonSerializerInternalReader.CreateList(JsonReader reader, Type objectType, JsonContract contract, JsonProperty member, Object existingValue, String id)\r\n   at Newtonsoft.Json.Serialization.JsonSerializerInternalReader.CreateValueInternal(JsonReader reader, Type objectType, JsonContract contract, JsonProperty member, JsonContainerContract containerContract, JsonProperty containerMember, Object existingValue)\r\n   at Newtonsoft.Json.Serialization.JsonSerializerInternalReader.Deserialize(JsonReader reader, Type objectType, Boolean checkAdditionalContent)\r\n   at Newtonsoft.Json.JsonSerializer.DeserializeInternal(JsonReader reader, Type objectType)\r\n   at Newtonsoft.Json.JsonSerializer.Deserialize(JsonReader reader, Type objectType)\r\n   at Newtonsoft.Json.JsonConvert.DeserializeObject(String value, Type type, JsonSerializerSettings settings)\r\n   at Newtonsoft.Json.JsonConvert.DeserializeObject[T](String value, JsonSerializerSettings settings)\r\n   at Newtonsoft.Json.JsonConvert.DeserializeObject[T](String value)\r\n   at RestSharpTest.Tests.CreateIssue(String title, String body) in D:\\Иван\\QA SoftUni\\Back-End Test Automation\\Back-End Test Automation\\02. API Testing with C#\\APITestingDemoProject\\RestSharpTest\\UnitTest1.cs:line 66\r\n   at RestSharpTest.Tests.Test_GitPostMethod() in D:\\Иван\\QA SoftUni\\Back-End Test Automation\\Back-End Test Automation\\02. API Testing with C#\\APITestingDemoProject\\RestSharpTest\\UnitTest1.cs:line 53\n","DisplayName":"Test_GitPostMethod","Messages":[],"ComputerName":"DESKTOP-QI8JBMK","Duration":"00:00:00.3557510","StartTime":"2024-03-07T07:23:29.4974914+00:00","EndTime":"2024-03-07T07:23:29.853242+00:00","Properties":[{"Key":{"Id":"NUnit.Seed","Label":"Seed","Category":"","Description":"","Attributes":0,"ValueType":"System.String"},"Value":"1708016859"}]}],"TestRunStatistics":{"ExecutedTests":3,"Stats":{"Passed":2,"Failed":1}},"ActiveTests":[]},"RunAttachments":[],"ExecutorUris":["executor://nunit3testexecutor/"]}}
TpTrace Verbose: 0 : 16856, 15, 2024/03/07, 09:23:29.896, 18606312164362, vstest.console.dll, TestRequestSender.EndSession: Sending end session.
TpTrace Verbose: 0 : 16856, 15, 2024/03/07, 09:23:29.896, 18606312165815, vstest.console.dll, ProxyOperationManager.Close: waiting for test host to exit for 100 ms
TpTrace Verbose: 0 : 16856, 14, 2024/03/07, 09:23:29.913, 18606312331390, vstest.console.dll, TestHostManagerCallbacks.ctor: Experimental forwarding output is disabled.
TpTrace Warning: 0 : 16856, 14, 2024/03/07, 09:23:29.913, 18606312332854, vstest.console.dll, TestHostManagerCallbacks.ErrorReceivedCallback Test host standard error line: 
TpTrace Verbose: 0 : 16856, 14, 2024/03/07, 09:23:29.919, 18606312399172, vstest.console.dll, TestHostProvider.ExitCallBack: Host exited starting callback.
TpTrace Information: 0 : 16856, 14, 2024/03/07, 09:23:29.919, 18606312400540, vstest.console.dll, TestHostManagerCallbacks.ExitCallBack: Testhost processId: 19776 exited with exitcode: 0 error: ''
TpTrace Verbose: 0 : 16856, 14, 2024/03/07, 09:23:29.919, 18606312400862, vstest.console.dll, DotnetTestHostManager.OnHostExited: invoking OnHostExited callback
TpTrace Verbose: 0 : 16856, 14, 2024/03/07, 09:23:29.920, 18606312402319, vstest.console.dll, CrossPlatEngine.TestHostManagerHostExited: calling on client process exit callback.
TpTrace Information: 0 : 16856, 14, 2024/03/07, 09:23:29.920, 18606312402828, vstest.console.dll, TestRequestSender.OnClientProcessExit: Test host process exited. Standard error: 
TpTrace Information: 0 : 16856, 14, 2024/03/07, 09:23:29.920, 18606312403144, vstest.console.dll, SocketServer.Stop: Stop server endPoint: 127.0.0.1:7425
TpTrace Information: 0 : 16856, 14, 2024/03/07, 09:23:29.920, 18606312403420, vstest.console.dll, SocketServer.Stop: Cancellation requested. Stopping message loop.
TpTrace Information: 0 : 16856, 15, 2024/03/07, 09:23:29.920, 18606312403422, vstest.console.dll, SocketServer.Stop: Stop server endPoint: 127.0.0.1:7425
TpTrace Verbose: 0 : 16856, 14, 2024/03/07, 09:23:29.920, 18606312404473, vstest.console.dll, MulticastDelegateUtilities.SafeInvoke: HostProviderEvents.OnHostExited: Invoking callback 1/1 for Microsoft.VisualStudio.TestPlatform.CrossPlatEngine.Client.ProxyOperationManager., took 0 ms.
TpTrace Information: 0 : 16856, 15, 2024/03/07, 09:23:29.920, 18606312404455, vstest.console.dll, SocketServer.Stop: Cancellation requested. Stopping message loop.
TpTrace Information: 0 : 16856, 15, 2024/03/07, 09:23:29.920, 18606312405722, vstest.console.dll, Closing the connection
TpTrace Verbose: 0 : 16856, 15, 2024/03/07, 09:23:29.920, 18606312408058, vstest.console.dll, ProxyDataCollectionManager.InvokeDataCollectionServiceAction: Starting.
TpTrace Information: 0 : 16856, 15, 2024/03/07, 09:23:29.920, 18606312408528, vstest.console.dll, ProxyDataCollectionManager.AfterTestRunEnd: Get attachment set and invoked data collectors processId: 27452 port: 7422
TpTrace Verbose: 0 : 16856, 15, 2024/03/07, 09:23:29.920, 18606312408881, vstest.console.dll, DataCollectionRequestSender.SendAfterTestRunStartAndGetResult: Send AfterTestRunEnd message with isCancelled: False
TpTrace Verbose: 0 : 16856, 15, 2024/03/07, 09:23:29.925, 18606312451992, vstest.console.dll, DataCollectionRequestSender.SendAfterTestRunStartAndGetResult: Received message: (DataCollection.AfterTestRunEndResult) -> {"MessageType":"DataCollection.AfterTestRunEndResult","Payload":{"AttachmentSets":[],"InvokedDataCollectors":[{"Uri":"datacollector://Microsoft/TestPlatform/Extensions/Blame/v1","FriendlyName":"Blame","AssemblyQualifiedName":"Microsoft.TestPlatform.Extensions.BlameDataCollector.BlameCollector, Microsoft.TestPlatform.Extensions.BlameDataCollector, Version=15.0.0.0, Culture=neutral, PublicKeyToken=b03f5f7f11d50a3a","FilePath":"C:\\Program Files\\dotnet\\sdk\\8.0.101\\Extensions\\Microsoft.TestPlatform.Extensions.BlameDataCollector.dll","HasAttachmentProcessor":false}],"Metrics":{}}}
TpTrace Information: 0 : 16856, 15, 2024/03/07, 09:23:29.929, 18606312493120, vstest.console.dll, ProxyDataCollectionManager.InvokeDataCollectionServiceAction: Completed.
TpTrace Warning: 0 : 16856, 12, 2024/03/07, 09:23:29.937, 18606312573335, vstest.console.dll, DataCollectionLauncher.ErrorReceivedCallback datacollector standard error line: 
TpTrace Information: 0 : 16856, 12, 2024/03/07, 09:23:29.941, 18606312615790, vstest.console.dll, DataCollectionLauncher.ExitCallBack: Data collector exited with exitcode: 0 error: ''
TpTrace Verbose: 0 : 16856, 15, 2024/03/07, 09:23:29.974, 18606312943733, vstest.console.dll, TestRunRequest:SendTestRunStatsChange: Starting.
TpTrace Verbose: 0 : 16856, 15, 2024/03/07, 09:23:29.974, 18606312945646, vstest.console.dll, MulticastDelegateUtilities.SafeInvoke: TestRun.RunStatsChanged: Invoking callbacks was skipped because there are no subscribers.
TpTrace Information: 0 : 16856, 15, 2024/03/07, 09:23:29.974, 18606312945917, vstest.console.dll, TestRunRequest:SendTestRunStatsChange: Completed.
TpTrace Verbose: 0 : 16856, 15, 2024/03/07, 09:23:29.974, 18606312947730, vstest.console.dll, ParallelProxyExecutionManager: HandlePartialRunComplete: Total workloads = 1, Total started clients = 1 Total completed clients = 1, Run complete = True, Run canceled: False.
TpTrace Verbose: 0 : 16856, 15, 2024/03/07, 09:23:29.974, 18606312948073, vstest.console.dll, ParallelProxyExecutionManager: HandlePartialRunComplete: All runs completed stopping all managers.
TpTrace Verbose: 0 : 16856, 15, 2024/03/07, 09:23:29.974, 18606312948303, vstest.console.dll, ParallelOperationManager.StopAllManagers: Stopping all managers.
TpTrace Verbose: 0 : 16856, 15, 2024/03/07, 09:23:29.974, 18606312948561, vstest.console.dll, ParallelOperationManager.ClearSlots: Clearing all slots. Slots should accept more work: False
TpTrace Verbose: 0 : 16856, 15, 2024/03/07, 09:23:29.974, 18606312948830, vstest.console.dll, ParallelOperationManager.SetOccupiedSlotCount: Setting slot counts AvailableSlotCount = 1, OccupiedSlotCount = 0.
TpTrace Verbose: 0 : 16856, 15, 2024/03/07, 09:23:29.974, 18606312949049, vstest.console.dll, Occupied slots:

TpTrace Verbose: 0 : 16856, 5, 2024/03/07, 09:23:29.975, 18606312956178, vstest.console.dll, MulticastDelegateUtilities.SafeInvoke: InternalTestLoggerEvents.SendTestResult: Invoking callback 1/1 for Microsoft.VisualStudio.TestPlatform.CommandLine.Internal.ConsoleLogger., took 1 ms.
TpTrace Verbose: 0 : 16856, 5, 2024/03/07, 09:23:29.975, 18606312958905, vstest.console.dll, MulticastDelegateUtilities.SafeInvoke: InternalTestLoggerEvents.SendTestResult: Invoking callback 1/1 for Microsoft.VisualStudio.TestPlatform.CommandLine.Internal.ConsoleLogger., took 0 ms.
TpTrace Verbose: 0 : 16856, 5, 2024/03/07, 09:23:29.976, 18606312963683, vstest.console.dll, MulticastDelegateUtilities.SafeInvoke: InternalTestLoggerEvents.SendTestResult: Invoking callback 1/1 for Microsoft.VisualStudio.TestPlatform.CommandLine.Internal.ConsoleLogger., took 0 ms.
TpTrace Verbose: 0 : 16856, 5, 2024/03/07, 09:23:29.980, 18606313001794, vstest.console.dll, MulticastDelegateUtilities.SafeInvoke: InternalTestLoggerEvents.SendTestRunComplete: Invoking callback 1/2 for Microsoft.TestPlatform.Extensions.BlameDataCollector.BlameLogger., took 0 ms.
TpTrace Verbose: 0 : 16856, 5, 2024/03/07, 09:23:29.983, 18606313035299, vstest.console.dll, MulticastDelegateUtilities.SafeInvoke: InternalTestLoggerEvents.SendTestRunComplete: Invoking callback 2/2 for Microsoft.VisualStudio.TestPlatform.CommandLine.Internal.ConsoleLogger., took 3 ms.
TpTrace Verbose: 0 : 16856, 15, 2024/03/07, 09:23:29.983, 18606313037527, vstest.console.dll, TestRunRequest:TestRunComplete: Starting. IsAborted:False IsCanceled:False.
TpTrace Verbose: 0 : 16856, 15, 2024/03/07, 09:23:29.983, 18606313038967, vstest.console.dll, ParallelOperationManager.DoActionOnAllManagers: Calling an action on all managers.
TpTrace Verbose: 0 : 16856, 15, 2024/03/07, 09:23:29.984, 18606313048477, vstest.console.dll, TestLoggerManager.HandleTestRunComplete: Ignoring as the object is disposed.
TpTrace Verbose: 0 : 16856, 15, 2024/03/07, 09:23:29.984, 18606313049774, vstest.console.dll, MulticastDelegateUtilities.SafeInvoke: TestRun.TestRunComplete: Invoking callback 1/2 for Microsoft.VisualStudio.TestPlatform.CommandLine.TestRunResultAggregator., took 0 ms.
TpTrace Verbose: 0 : 16856, 15, 2024/03/07, 09:23:29.984, 18606313050709, vstest.console.dll, MulticastDelegateUtilities.SafeInvoke: TestRun.TestRunComplete: Invoking callback 2/2 for Microsoft.VisualStudio.TestPlatform.CommandLine.Processors.RunTestsArgumentExecutor+TestRunRequestEventsRegistrar., took 0 ms.
TpTrace Information: 0 : 16856, 15, 2024/03/07, 09:23:29.985, 18606313051325, vstest.console.dll, TestRunRequest:TestRunComplete: Completed.
TpTrace Verbose: 0 : 16856, 15, 2024/03/07, 09:23:29.985, 18606313051588, vstest.console.dll, TestRequestSender.SetOperationComplete: Setting operation complete.
TpTrace Verbose: 0 : 16856, 1, 2024/03/07, 09:23:29.985, 18606313051558, vstest.console.dll, TestRunRequest.Dispose: Starting.
TpTrace Information: 0 : 16856, 15, 2024/03/07, 09:23:29.985, 18606313051782, vstest.console.dll, SocketServer.Stop: Stop server endPoint: 127.0.0.1:7425
TpTrace Information: 0 : 16856, 1, 2024/03/07, 09:23:29.985, 18606313052310, vstest.console.dll, TestRunRequest.Dispose: Completed.
TpTrace Information: 0 : 16856, 15, 2024/03/07, 09:23:29.985, 18606313052630, vstest.console.dll, SocketServer.Stop: Cancellation requested. Stopping message loop.
TpTrace Information: 0 : 16856, 1, 2024/03/07, 09:23:29.985, 18606313053077, vstest.console.dll, TestRequestManager.RunTests: run tests completed.
TpTrace Verbose: 0 : 16856, 15, 2024/03/07, 09:23:29.985, 18606313053312, vstest.console.dll, MulticastDelegateUtilities.SafeInvoke: LengthPrefixCommunicationChannel: MessageReceived: Invoking callback 1/1 for Microsoft.VisualStudio.TestPlatform.CommunicationUtilities.TestRequestSender+<>c__DisplayClass34_0., took 89 ms.
TpTrace Information: 0 : 16856, 15, 2024/03/07, 09:23:29.985, 18606313053708, vstest.console.dll, SocketServer.PrivateStop: Stopping server endPoint: 127.0.0.1:7425 error: 
TpTrace Information: 0 : 16856, 1, 2024/03/07, 09:23:29.985, 18606313053790, vstest.console.dll, RunTestsArgumentProcessor:Execute: Test run is completed.
TpTrace Verbose: 0 : 16856, 1, 2024/03/07, 09:23:29.985, 18606313055441, vstest.console.dll, Executor.Execute: Exiting with exit code of 1
TpTrace Verbose: 0 : 16856, 15, 2024/03/07, 09:23:29.985, 18606313057180, vstest.console.dll, LengthPrefixCommunicationChannel.Dispose: Dispose reader and writer.
TpTrace Information: 0 : 16856, 15, 2024/03/07, 09:23:29.985, 18606313057886, vstest.console.dll, SocketServer.Stop: Raise disconnected event endPoint: 127.0.0.1:7425 error: 
TpTrace Verbose: 0 : 16856, 15, 2024/03/07, 09:23:29.985, 18606313058397, vstest.console.dll, TestRequestSender: OnTestRunAbort: Operation is already complete. Skip error message.
TpTrace Verbose: 0 : 16856, 15, 2024/03/07, 09:23:29.985, 18606313058644, vstest.console.dll, MulticastDelegateUtilities.SafeInvoke: SocketServer: ClientDisconnected: Invoking callback 1/1 for Microsoft.VisualStudio.TestPlatform.CommunicationUtilities.TestRequestSender., took 0 ms.
TpTrace Verbose: 0 : 16856, 15, 2024/03/07, 09:23:29.985, 18606313058876, vstest.console.dll, TcpClientExtensions.MessageLoopAsync: exiting MessageLoopAsync remoteEndPoint: 127.0.0.1:7426 localEndPoint: 127.0.0.1:7425
