TpTrace Verbose: 0 : 25756, 1, 2024/02/20, 12:39:54.294, 4899487686703, vstest.console.dll, Version: 17.8.0-release-23578-02 Current process architecture: X64
TpTrace Verbose: 0 : 25756, 1, 2024/02/20, 12:39:54.296, 4899487708904, vstest.console.dll, Runtime location: C:\Program Files\dotnet\shared\Microsoft.NETCore.App\8.0.1
TpTrace Verbose: 0 : 25756, 1, 2024/02/20, 12:39:54.298, 4899487723275, vstest.console.dll, ArtifactProcessingPostProcessModeProcessorExecutor.Initialize: ArtifactProcessingMode.Collect
TpTrace Verbose: 0 : 25756, 1, 2024/02/20, 12:39:54.298, 4899487724141, vstest.console.dll, TestSessionCorrelationIdProcessorModeProcessorExecutor.Initialize: TestSessionCorrelationId '1876_c22730ad-a0f1-4dee-81ab-d7bae83e5a30'
TpTrace Information: 0 : 25756, 1, 2024/02/20, 12:39:54.303, 4899487774509, vstest.console.dll, FilePatternParser: The given file D:\Иван\GitHub\Back-EndTestAutomation\Back-End Technologies\17. Code Coverage\LibraryManagementSystem\LibraryManagementTest\bin\Debug\net6.0\fine-code-coverage\build-output\LibraryManagementTest.dll is a full path.
TpTrace Verbose: 0 : 25756, 1, 2024/02/20, 12:39:54.306, 4899487803078, vstest.console.dll, TestPluginCache.DiscoverTestExtensions: finding test extensions in assemblies ends with: RuntimeProvider.dll TPluginInfo: Microsoft.VisualStudio.TestPlatform.Common.ExtensionFramework.Utilities.TestRuntimePluginInformation TExtension: Microsoft.VisualStudio.TestPlatform.ObjectModel.Host.ITestRuntimeProvider
TpTrace Verbose: 0 : 25756, 1, 2024/02/20, 12:39:54.306, 4899487805390, vstest.console.dll, TestPluginCache.GetExtensionPaths: Filtered extension paths: 
TpTrace Verbose: 0 : 25756, 1, 2024/02/20, 12:39:54.306, 4899487805988, vstest.console.dll, TestPluginCache.GetExtensionPaths: Added default extension paths: C:\Program Files\dotnet\sdk\8.0.101\Extensions\Microsoft.Diagnostics.NETCore.Client.dll
C:\Program Files\dotnet\sdk\8.0.101\Extensions\Microsoft.TestPlatform.Extensions.BlameDataCollector.dll
C:\Program Files\dotnet\sdk\8.0.101\Extensions\Microsoft.TestPlatform.Extensions.EventLogCollector.dll
C:\Program Files\dotnet\sdk\8.0.101\Extensions\Microsoft.TestPlatform.TestHostRuntimeProvider.dll
C:\Program Files\dotnet\sdk\8.0.101\Extensions\Microsoft.VisualStudio.TestPlatform.Extensions.Html.TestLogger.dll
C:\Program Files\dotnet\sdk\8.0.101\Extensions\Microsoft.VisualStudio.TestPlatform.Extensions.Trx.TestLogger.dll
TpTrace Verbose: 0 : 25756, 1, 2024/02/20, 12:39:54.306, 4899487806207, vstest.console.dll, TestPluginCache.GetExtensionPaths: Added unfilterableExtensionPaths: 
TpTrace Information: 0 : 25756, 1, 2024/02/20, 12:39:54.306, 4899487809928, vstest.console.dll, AssemblyResolver.ctor: Creating AssemblyResolver with searchDirectories C:\Program Files\dotnet\sdk\8.0.101\Extensions,C:\Program Files\dotnet\sdk\8.0.101
TpTrace Verbose: 0 : 25756, 1, 2024/02/20, 12:39:54.307, 4899487818592, vstest.console.dll, TestPluginCache.DiscoverTestExtensions: Discovering the extensions using extension path.
TpTrace Verbose: 0 : 25756, 1, 2024/02/20, 12:39:54.307, 4899487819405, vstest.console.dll, TestPluginCache.GetExtensionPaths: Filtered extension paths: 
TpTrace Verbose: 0 : 25756, 1, 2024/02/20, 12:39:54.307, 4899487819697, vstest.console.dll, TestPluginCache.GetExtensionPaths: Added default extension paths: C:\Program Files\dotnet\sdk\8.0.101\Extensions\Microsoft.Diagnostics.NETCore.Client.dll
C:\Program Files\dotnet\sdk\8.0.101\Extensions\Microsoft.TestPlatform.Extensions.BlameDataCollector.dll
C:\Program Files\dotnet\sdk\8.0.101\Extensions\Microsoft.TestPlatform.Extensions.EventLogCollector.dll
C:\Program Files\dotnet\sdk\8.0.101\Extensions\Microsoft.TestPlatform.TestHostRuntimeProvider.dll
C:\Program Files\dotnet\sdk\8.0.101\Extensions\Microsoft.VisualStudio.TestPlatform.Extensions.Html.TestLogger.dll
C:\Program Files\dotnet\sdk\8.0.101\Extensions\Microsoft.VisualStudio.TestPlatform.Extensions.Trx.TestLogger.dll
TpTrace Verbose: 0 : 25756, 1, 2024/02/20, 12:39:54.307, 4899487819878, vstest.console.dll, TestPluginCache.GetExtensionPaths: Added unfilterableExtensionPaths: 
TpTrace Verbose: 0 : 25756, 1, 2024/02/20, 12:39:54.308, 4899487820728, vstest.console.dll, TestPluginCache.DiscoverTestExtensions: Discovering the extensions using allExtensionPaths: C:\Program Files\dotnet\sdk\8.0.101\Extensions\Microsoft.Diagnostics.NETCore.Client.dll
C:\Program Files\dotnet\sdk\8.0.101\Extensions\Microsoft.TestPlatform.Extensions.BlameDataCollector.dll
C:\Program Files\dotnet\sdk\8.0.101\Extensions\Microsoft.TestPlatform.Extensions.EventLogCollector.dll
C:\Program Files\dotnet\sdk\8.0.101\Extensions\Microsoft.TestPlatform.TestHostRuntimeProvider.dll
C:\Program Files\dotnet\sdk\8.0.101\Extensions\Microsoft.VisualStudio.TestPlatform.Extensions.Html.TestLogger.dll
C:\Program Files\dotnet\sdk\8.0.101\Extensions\Microsoft.VisualStudio.TestPlatform.Extensions.Trx.TestLogger.dll
TpTrace Information: 0 : 25756, 1, 2024/02/20, 12:39:54.308, 4899487821405, vstest.console.dll, AssemblyResolver.AddSearchDirectories: Adding more searchDirectories C:\Program Files\dotnet\sdk\8.0.101\Extensions,C:\Program Files\dotnet\sdk\8.0.101
TpTrace Information: 0 : 25756, 1, 2024/02/20, 12:39:54.308, 4899487821747, vstest.console.dll, AssemblyResolver.AddSearchDirectories: Adding more searchDirectories C:\Program Files\dotnet\sdk\8.0.101\Extensions,C:\Program Files\dotnet\sdk\8.0.101
TpTrace Information: 0 : 25756, 1, 2024/02/20, 12:39:54.308, 4899487821985, vstest.console.dll, AssemblyResolver.AddSearchDirectories: Adding more searchDirectories C:\Program Files\dotnet\sdk\8.0.101\Extensions,C:\Program Files\dotnet\sdk\8.0.101
TpTrace Information: 0 : 25756, 1, 2024/02/20, 12:39:54.308, 4899487822155, vstest.console.dll, AssemblyResolver.AddSearchDirectories: Adding more searchDirectories C:\Program Files\dotnet\sdk\8.0.101\Extensions,C:\Program Files\dotnet\sdk\8.0.101
TpTrace Information: 0 : 25756, 1, 2024/02/20, 12:39:54.308, 4899487822310, vstest.console.dll, AssemblyResolver.AddSearchDirectories: Adding more searchDirectories C:\Program Files\dotnet\sdk\8.0.101\Extensions,C:\Program Files\dotnet\sdk\8.0.101
TpTrace Information: 0 : 25756, 1, 2024/02/20, 12:39:54.308, 4899487822485, vstest.console.dll, AssemblyResolver.AddSearchDirectories: Adding more searchDirectories C:\Program Files\dotnet\sdk\8.0.101\Extensions,C:\Program Files\dotnet\sdk\8.0.101
TpTrace Information: 0 : 25756, 1, 2024/02/20, 12:39:54.308, 4899487826237, vstest.console.dll, AssemblyResolver.OnResolve: Microsoft.Diagnostics.NETCore.Client: Resolving assembly.
TpTrace Information: 0 : 25756, 1, 2024/02/20, 12:39:54.308, 4899487826955, vstest.console.dll, AssemblyResolver.OnResolve: Microsoft.Diagnostics.NETCore.Client: Searching in: 'C:\Program Files\dotnet\sdk\8.0.101\Extensions'.
TpTrace Information: 0 : 25756, 1, 2024/02/20, 12:39:54.313, 4899487873542, vstest.console.dll, AssemblyResolver.OnResolve: Microsoft.Diagnostics.NETCore.Client: Loading assembly 'C:\Program Files\dotnet\sdk\8.0.101\Extensions\Microsoft.Diagnostics.NETCore.Client.dll'.
TpTrace Information: 0 : 25756, 1, 2024/02/20, 12:39:54.313, 4899487877540, vstest.console.dll, AssemblyResolver.OnResolve: Resolved assembly: Microsoft.Diagnostics.NETCore.Client, from path: C:\Program Files\dotnet\sdk\8.0.101\Extensions\Microsoft.Diagnostics.NETCore.Client.dll
TpTrace Verbose: 0 : 25756, 1, 2024/02/20, 12:39:54.316, 4899487910133, vstest.console.dll, MetadataReaderExtensionsHelper: Discovering extensions inside assembly 'Microsoft.Diagnostics.NETCore.Client, Version=0.2.8.21101, Culture=neutral, PublicKeyToken=31bf3856ad364e35' file path 'C:\Program Files\dotnet\sdk\8.0.101\Extensions\Microsoft.Diagnostics.NETCore.Client.dll'
TpTrace Information: 0 : 25756, 1, 2024/02/20, 12:39:54.319, 4899487935503, vstest.console.dll, AssemblyResolver.OnResolve: Microsoft.Bcl.AsyncInterfaces: Resolving assembly.
TpTrace Information: 0 : 25756, 1, 2024/02/20, 12:39:54.319, 4899487936076, vstest.console.dll, AssemblyResolver.OnResolve: Microsoft.Bcl.AsyncInterfaces: Searching in: 'C:\Program Files\dotnet\sdk\8.0.101\Extensions'.
TpTrace Information: 0 : 25756, 1, 2024/02/20, 12:39:54.319, 4899487936572, vstest.console.dll, AssemblyResolver.OnResolve: Microsoft.Bcl.AsyncInterfaces: Assembly path does not exist: 'C:\Program Files\dotnet\sdk\8.0.101\Extensions\Microsoft.Bcl.AsyncInterfaces.dll', returning.
TpTrace Information: 0 : 25756, 1, 2024/02/20, 12:39:54.319, 4899487937296, vstest.console.dll, AssemblyResolver.OnResolve: Microsoft.Bcl.AsyncInterfaces: Assembly path does not exist: 'C:\Program Files\dotnet\sdk\8.0.101\Extensions\Microsoft.Bcl.AsyncInterfaces.exe', returning.
TpTrace Information: 0 : 25756, 1, 2024/02/20, 12:39:54.319, 4899487937594, vstest.console.dll, AssemblyResolver.OnResolve: Microsoft.Bcl.AsyncInterfaces: Searching in: 'C:\Program Files\dotnet\sdk\8.0.101'.
TpTrace Information: 0 : 25756, 1, 2024/02/20, 12:39:54.319, 4899487937960, vstest.console.dll, AssemblyResolver.OnResolve: Microsoft.Bcl.AsyncInterfaces: Assembly path does not exist: 'C:\Program Files\dotnet\sdk\8.0.101\Microsoft.Bcl.AsyncInterfaces.dll', returning.
TpTrace Information: 0 : 25756, 1, 2024/02/20, 12:39:54.319, 4899487938269, vstest.console.dll, AssemblyResolver.OnResolve: Microsoft.Bcl.AsyncInterfaces: Assembly path does not exist: 'C:\Program Files\dotnet\sdk\8.0.101\Microsoft.Bcl.AsyncInterfaces.exe', returning.
TpTrace Information: 0 : 25756, 1, 2024/02/20, 12:39:54.319, 4899487938447, vstest.console.dll, AssemblyResolver.OnResolve: Microsoft.Bcl.AsyncInterfaces: Failed to load assembly.
TpTrace Verbose: 0 : 25756, 1, 2024/02/20, 12:39:54.319, 4899487938658, vstest.console.dll, CurrentDomainAssemblyResolve: Resolving assembly 'Microsoft.Bcl.AsyncInterfaces'.
TpTrace Information: 0 : 25756, 1, 2024/02/20, 12:39:54.319, 4899487939072, vstest.console.dll, AssemblyResolver.OnResolve: Microsoft.Bcl.AsyncInterfaces: Resolving assembly.
TpTrace Information: 0 : 25756, 1, 2024/02/20, 12:39:54.319, 4899487939302, vstest.console.dll, AssemblyResolver.OnResolve: Microsoft.Bcl.AsyncInterfaces: Resolved from cache.
TpTrace Verbose: 0 : 25756, 1, 2024/02/20, 12:39:54.319, 4899487939457, vstest.console.dll, CurrentDomainAssemblyResolve: Resolving assembly 'Microsoft.Bcl.AsyncInterfaces'.
TpTrace Verbose: 0 : 25756, 1, 2024/02/20, 12:39:54.319, 4899487939644, vstest.console.dll, CurrentDomainAssemblyResolve: Failed to resolve assembly 'Microsoft.Bcl.AsyncInterfaces'.
TpTrace Verbose: 0 : 25756, 1, 2024/02/20, 12:39:54.320, 4899487944524, vstest.console.dll, CurrentDomainAssemblyResolve: Failed to resolve assembly 'Microsoft.Bcl.AsyncInterfaces'.
TpTrace Warning: 0 : 25756, 1, 2024/02/20, 12:39:54.326, 4899488005318, vstest.console.dll, TestPluginDiscoverer: Failed to get types from assembly 'Microsoft.Diagnostics.NETCore.Client, Version=0.2.8.21101, Culture=neutral, PublicKeyToken=31bf3856ad364e35'. Error: System.Reflection.ReflectionTypeLoadException: Unable to load one or more of the requested types.
Could not load file or assembly 'Microsoft.Bcl.AsyncInterfaces, Version=1.0.0.0, Culture=neutral, PublicKeyToken=cc7b13ffcd2ddd51'. The system cannot find the file specified.
   at System.Reflection.RuntimeModule.GetTypes(RuntimeModule module)
   at System.Reflection.RuntimeModule.GetTypes()
   at Microsoft.VisualStudio.TestPlatform.Common.ExtensionFramework.TestPluginDiscoverer.GetTestExtensionsFromAssembly[TPluginInfo,TExtension](Assembly assembly, Dictionary`2 pluginInfos, String filePath) in /_/src/Microsoft.TestPlatform.Common/ExtensionFramework/TestPluginDiscoverer.cs:line 158
System.IO.FileNotFoundException: Could not load file or assembly 'Microsoft.Bcl.AsyncInterfaces, Version=1.0.0.0, Culture=neutral, PublicKeyToken=cc7b13ffcd2ddd51'. The system cannot find the file specified.
File name: 'Microsoft.Bcl.AsyncInterfaces, Version=1.0.0.0, Culture=neutral, PublicKeyToken=cc7b13ffcd2ddd51'
 ---> System.IO.FileNotFoundException: Could not load file or assembly 'Microsoft.Bcl.AsyncInterfaces, Culture=neutral, PublicKeyToken=null'. The system cannot find the file specified.
File name: 'Microsoft.Bcl.AsyncInterfaces, Culture=neutral, PublicKeyToken=null'
   at System.Reflection.RuntimeAssembly.InternalLoad(AssemblyName assemblyName, StackCrawlMark& stackMark, AssemblyLoadContext assemblyLoadContext, RuntimeAssembly requestingAssembly, Boolean throwOnFileNotFound)
   at System.Reflection.Assembly.Load(AssemblyName assemblyRef)
   at Microsoft.VisualStudio.TestPlatform.Common.ExtensionFramework.TestPluginCache.CurrentDomainAssemblyResolve(Object sender, AssemblyResolveEventArgs args) in /_/src/Microsoft.TestPlatform.Common/ExtensionFramework/TestPluginCache.cs:line 513
   at System.Runtime.Loader.AssemblyLoadContext.GetFirstResolvedAssemblyFromResolvingEvent(AssemblyName assemblyName)
   at System.Runtime.Loader.AssemblyLoadContext.ResolveUsingEvent(AssemblyName assemblyName)
   at System.Runtime.Loader.AssemblyLoadContext.ResolveUsingResolvingEvent(IntPtr gchManagedAssemblyLoadContext, AssemblyName assemblyName)
TpTrace Warning: 0 : 25756, 1, 2024/02/20, 12:39:54.326, 4899488007948, vstest.console.dll, LoaderExceptions: System.IO.FileNotFoundException: Could not load file or assembly 'Microsoft.Bcl.AsyncInterfaces, Version=1.0.0.0, Culture=neutral, PublicKeyToken=cc7b13ffcd2ddd51'. The system cannot find the file specified.
File name: 'Microsoft.Bcl.AsyncInterfaces, Version=1.0.0.0, Culture=neutral, PublicKeyToken=cc7b13ffcd2ddd51'
 ---> System.IO.FileNotFoundException: Could not load file or assembly 'Microsoft.Bcl.AsyncInterfaces, Culture=neutral, PublicKeyToken=null'. The system cannot find the file specified.
File name: 'Microsoft.Bcl.AsyncInterfaces, Culture=neutral, PublicKeyToken=null'
   at System.Reflection.RuntimeAssembly.InternalLoad(AssemblyName assemblyName, StackCrawlMark& stackMark, AssemblyLoadContext assemblyLoadContext, RuntimeAssembly requestingAssembly, Boolean throwOnFileNotFound)
   at System.Reflection.Assembly.Load(AssemblyName assemblyRef)
   at Microsoft.VisualStudio.TestPlatform.Common.ExtensionFramework.TestPluginCache.CurrentDomainAssemblyResolve(Object sender, AssemblyResolveEventArgs args) in /_/src/Microsoft.TestPlatform.Common/ExtensionFramework/TestPluginCache.cs:line 513
   at System.Runtime.Loader.AssemblyLoadContext.GetFirstResolvedAssemblyFromResolvingEvent(AssemblyName assemblyName)
   at System.Runtime.Loader.AssemblyLoadContext.ResolveUsingEvent(AssemblyName assemblyName)
   at System.Runtime.Loader.AssemblyLoadContext.ResolveUsingResolvingEvent(IntPtr gchManagedAssemblyLoadContext, AssemblyName assemblyName)
TpTrace Information: 0 : 25756, 1, 2024/02/20, 12:39:54.326, 4899488008932, vstest.console.dll, AssemblyResolver.OnResolve: Microsoft.TestPlatform.Extensions.BlameDataCollector: Resolving assembly.
TpTrace Information: 0 : 25756, 1, 2024/02/20, 12:39:54.326, 4899488009305, vstest.console.dll, AssemblyResolver.OnResolve: Microsoft.TestPlatform.Extensions.BlameDataCollector: Searching in: 'C:\Program Files\dotnet\sdk\8.0.101\Extensions'.
TpTrace Information: 0 : 25756, 1, 2024/02/20, 12:39:54.327, 4899488011266, vstest.console.dll, AssemblyResolver.OnResolve: Microsoft.TestPlatform.Extensions.BlameDataCollector: Loading assembly 'C:\Program Files\dotnet\sdk\8.0.101\Extensions\Microsoft.TestPlatform.Extensions.BlameDataCollector.dll'.
TpTrace Information: 0 : 25756, 1, 2024/02/20, 12:39:54.327, 4899488014072, vstest.console.dll, AssemblyResolver.OnResolve: Resolved assembly: Microsoft.TestPlatform.Extensions.BlameDataCollector, from path: C:\Program Files\dotnet\sdk\8.0.101\Extensions\Microsoft.TestPlatform.Extensions.BlameDataCollector.dll
TpTrace Verbose: 0 : 25756, 1, 2024/02/20, 12:39:54.327, 4899488014658, vstest.console.dll, MetadataReaderExtensionsHelper: Discovering extensions inside assembly 'Microsoft.TestPlatform.Extensions.BlameDataCollector, Version=15.0.0.0, Culture=neutral, PublicKeyToken=b03f5f7f11d50a3a' file path 'C:\Program Files\dotnet\sdk\8.0.101\Extensions\Microsoft.TestPlatform.Extensions.BlameDataCollector.dll'
TpTrace Information: 0 : 25756, 1, 2024/02/20, 12:39:54.328, 4899488023381, vstest.console.dll, AssemblyResolver.OnResolve: Microsoft.TestPlatform.Extensions.EventLogCollector: Resolving assembly.
TpTrace Information: 0 : 25756, 1, 2024/02/20, 12:39:54.328, 4899488024197, vstest.console.dll, AssemblyResolver.OnResolve: Microsoft.TestPlatform.Extensions.EventLogCollector: Searching in: 'C:\Program Files\dotnet\sdk\8.0.101\Extensions'.
TpTrace Information: 0 : 25756, 1, 2024/02/20, 12:39:54.328, 4899488025832, vstest.console.dll, AssemblyResolver.OnResolve: Microsoft.TestPlatform.Extensions.EventLogCollector: Loading assembly 'C:\Program Files\dotnet\sdk\8.0.101\Extensions\Microsoft.TestPlatform.Extensions.EventLogCollector.dll'.
TpTrace Information: 0 : 25756, 1, 2024/02/20, 12:39:54.328, 4899488028215, vstest.console.dll, AssemblyResolver.OnResolve: Resolved assembly: Microsoft.TestPlatform.Extensions.EventLogCollector, from path: C:\Program Files\dotnet\sdk\8.0.101\Extensions\Microsoft.TestPlatform.Extensions.EventLogCollector.dll
TpTrace Verbose: 0 : 25756, 1, 2024/02/20, 12:39:54.328, 4899488028669, vstest.console.dll, MetadataReaderExtensionsHelper: Discovering extensions inside assembly 'Microsoft.TestPlatform.Extensions.EventLogCollector, Version=15.0.0.0, Culture=neutral, PublicKeyToken=b03f5f7f11d50a3a' file path 'C:\Program Files\dotnet\sdk\8.0.101\Extensions\Microsoft.TestPlatform.Extensions.EventLogCollector.dll'
TpTrace Information: 0 : 25756, 1, 2024/02/20, 12:39:54.329, 4899488039524, vstest.console.dll, AssemblyResolver.OnResolve: Microsoft.TestPlatform.TestHostRuntimeProvider: Resolving assembly.
TpTrace Information: 0 : 25756, 1, 2024/02/20, 12:39:54.329, 4899488040002, vstest.console.dll, AssemblyResolver.OnResolve: Microsoft.TestPlatform.TestHostRuntimeProvider: Searching in: 'C:\Program Files\dotnet\sdk\8.0.101\Extensions'.
TpTrace Information: 0 : 25756, 1, 2024/02/20, 12:39:54.330, 4899488041547, vstest.console.dll, AssemblyResolver.OnResolve: Microsoft.TestPlatform.TestHostRuntimeProvider: Loading assembly 'C:\Program Files\dotnet\sdk\8.0.101\Extensions\Microsoft.TestPlatform.TestHostRuntimeProvider.dll'.
TpTrace Information: 0 : 25756, 1, 2024/02/20, 12:39:54.330, 4899488043907, vstest.console.dll, AssemblyResolver.OnResolve: Resolved assembly: Microsoft.TestPlatform.TestHostRuntimeProvider, from path: C:\Program Files\dotnet\sdk\8.0.101\Extensions\Microsoft.TestPlatform.TestHostRuntimeProvider.dll
TpTrace Verbose: 0 : 25756, 1, 2024/02/20, 12:39:54.330, 4899488044349, vstest.console.dll, MetadataReaderExtensionsHelper: Discovering extensions inside assembly 'Microsoft.TestPlatform.TestHostRuntimeProvider, Version=15.0.0.0, Culture=neutral, PublicKeyToken=b03f5f7f11d50a3a' file path 'C:\Program Files\dotnet\sdk\8.0.101\Extensions\Microsoft.TestPlatform.TestHostRuntimeProvider.dll'
TpTrace Information: 0 : 25756, 1, 2024/02/20, 12:39:54.331, 4899488053383, vstest.console.dll, GetTestExtensionFromType: Register extension with identifier data 'HostProvider://DefaultTestHost' and type 'Microsoft.VisualStudio.TestPlatform.CrossPlatEngine.Hosting.DefaultTestHostManager, Microsoft.TestPlatform.TestHostRuntimeProvider, Version=15.0.0.0, Culture=neutral, PublicKeyToken=b03f5f7f11d50a3a' inside file 'C:\Program Files\dotnet\sdk\8.0.101\Extensions\Microsoft.TestPlatform.TestHostRuntimeProvider.dll'
TpTrace Information: 0 : 25756, 1, 2024/02/20, 12:39:54.331, 4899488055099, vstest.console.dll, GetTestExtensionFromType: Register extension with identifier data 'HostProvider://DotnetTestHost' and type 'Microsoft.VisualStudio.TestPlatform.CrossPlatEngine.Hosting.DotnetTestHostManager, Microsoft.TestPlatform.TestHostRuntimeProvider, Version=15.0.0.0, Culture=neutral, PublicKeyToken=b03f5f7f11d50a3a' inside file 'C:\Program Files\dotnet\sdk\8.0.101\Extensions\Microsoft.TestPlatform.TestHostRuntimeProvider.dll'
TpTrace Information: 0 : 25756, 1, 2024/02/20, 12:39:54.331, 4899488055692, vstest.console.dll, AssemblyResolver.OnResolve: Microsoft.VisualStudio.TestPlatform.Extensions.Html.TestLogger: Resolving assembly.
TpTrace Information: 0 : 25756, 1, 2024/02/20, 12:39:54.331, 4899488055961, vstest.console.dll, AssemblyResolver.OnResolve: Microsoft.VisualStudio.TestPlatform.Extensions.Html.TestLogger: Searching in: 'C:\Program Files\dotnet\sdk\8.0.101\Extensions'.
TpTrace Information: 0 : 25756, 1, 2024/02/20, 12:39:54.331, 4899488057543, vstest.console.dll, AssemblyResolver.OnResolve: Microsoft.VisualStudio.TestPlatform.Extensions.Html.TestLogger: Loading assembly 'C:\Program Files\dotnet\sdk\8.0.101\Extensions\Microsoft.VisualStudio.TestPlatform.Extensions.Html.TestLogger.dll'.
TpTrace Information: 0 : 25756, 1, 2024/02/20, 12:39:54.331, 4899488060045, vstest.console.dll, AssemblyResolver.OnResolve: Resolved assembly: Microsoft.VisualStudio.TestPlatform.Extensions.Html.TestLogger, from path: C:\Program Files\dotnet\sdk\8.0.101\Extensions\Microsoft.VisualStudio.TestPlatform.Extensions.Html.TestLogger.dll
TpTrace Verbose: 0 : 25756, 1, 2024/02/20, 12:39:54.332, 4899488060540, vstest.console.dll, MetadataReaderExtensionsHelper: Discovering extensions inside assembly 'Microsoft.VisualStudio.TestPlatform.Extensions.Html.TestLogger, Version=15.0.0.0, Culture=neutral, PublicKeyToken=b03f5f7f11d50a3a' file path 'C:\Program Files\dotnet\sdk\8.0.101\Extensions\Microsoft.VisualStudio.TestPlatform.Extensions.Html.TestLogger.dll'
TpTrace Information: 0 : 25756, 1, 2024/02/20, 12:39:54.332, 4899488064446, vstest.console.dll, AssemblyResolver.OnResolve: Microsoft.VisualStudio.TestPlatform.Extensions.Trx.TestLogger: Resolving assembly.
TpTrace Information: 0 : 25756, 1, 2024/02/20, 12:39:54.332, 4899488064854, vstest.console.dll, AssemblyResolver.OnResolve: Microsoft.VisualStudio.TestPlatform.Extensions.Trx.TestLogger: Searching in: 'C:\Program Files\dotnet\sdk\8.0.101\Extensions'.
TpTrace Information: 0 : 25756, 1, 2024/02/20, 12:39:54.332, 4899488066368, vstest.console.dll, AssemblyResolver.OnResolve: Microsoft.VisualStudio.TestPlatform.Extensions.Trx.TestLogger: Loading assembly 'C:\Program Files\dotnet\sdk\8.0.101\Extensions\Microsoft.VisualStudio.TestPlatform.Extensions.Trx.TestLogger.dll'.
TpTrace Information: 0 : 25756, 1, 2024/02/20, 12:39:54.332, 4899488069078, vstest.console.dll, AssemblyResolver.OnResolve: Resolved assembly: Microsoft.VisualStudio.TestPlatform.Extensions.Trx.TestLogger, from path: C:\Program Files\dotnet\sdk\8.0.101\Extensions\Microsoft.VisualStudio.TestPlatform.Extensions.Trx.TestLogger.dll
TpTrace Verbose: 0 : 25756, 1, 2024/02/20, 12:39:54.332, 4899488069849, vstest.console.dll, MetadataReaderExtensionsHelper: Discovering extensions inside assembly 'Microsoft.VisualStudio.TestPlatform.Extensions.Trx.TestLogger, Version=15.0.0.0, Culture=neutral, PublicKeyToken=b03f5f7f11d50a3a' file path 'C:\Program Files\dotnet\sdk\8.0.101\Extensions\Microsoft.VisualStudio.TestPlatform.Extensions.Trx.TestLogger.dll'
TpTrace Verbose: 0 : 25756, 1, 2024/02/20, 12:39:54.333, 4899488075683, vstest.console.dll, TestPluginCache: Discovered the extensions using extension path ''.
TpTrace Verbose: 0 : 25756, 1, 2024/02/20, 12:39:54.333, 4899488076107, vstest.console.dll, TestPluginCache: Discoverers are ''.
TpTrace Verbose: 0 : 25756, 1, 2024/02/20, 12:39:54.333, 4899488076353, vstest.console.dll, TestPluginCache: Executors are ''.
TpTrace Verbose: 0 : 25756, 1, 2024/02/20, 12:39:54.333, 4899488076503, vstest.console.dll, TestPluginCache: Executors2 are ''.
TpTrace Verbose: 0 : 25756, 1, 2024/02/20, 12:39:54.333, 4899488076646, vstest.console.dll, TestPluginCache: Setting providers are ''.
TpTrace Verbose: 0 : 25756, 1, 2024/02/20, 12:39:54.333, 4899488076788, vstest.console.dll, TestPluginCache: Loggers are ''.
TpTrace Verbose: 0 : 25756, 1, 2024/02/20, 12:39:54.333, 4899488077995, vstest.console.dll, TestPluginCache: TestHosts are 'HostProvider://DefaultTestHost,HostProvider://DotnetTestHost'.
TpTrace Verbose: 0 : 25756, 1, 2024/02/20, 12:39:54.333, 4899488078275, vstest.console.dll, TestPluginCache: DataCollectors are ''.
TpTrace Information: 0 : 25756, 1, 2024/02/20, 12:39:54.341, 4899488158779, vstest.console.dll, RunTestsArgumentProcessor:Execute: Test run is starting.
TpTrace Verbose: 0 : 25756, 1, 2024/02/20, 12:39:54.341, 4899488159460, vstest.console.dll, RunTestsArgumentProcessor:Execute: Queuing Test run.
TpTrace Information: 0 : 25756, 1, 2024/02/20, 12:39:54.342, 4899488161247, vstest.console.dll, TestRequestManager.RunTests: run tests started.
TpTrace Information: 0 : 25756, 1, 2024/02/20, 12:39:54.342, 4899488169889, vstest.console.dll, AssemblyMetadataProvider.GetFrameworkName: Determined framework:'.NETCoreApp,Version=v6.0' for source: 'D:\Иван\GitHub\Back-EndTestAutomation\Back-End Technologies\17. Code Coverage\LibraryManagementSystem\LibraryManagementTest\bin\Debug\net6.0\fine-code-coverage\build-output\LibraryManagementTest.dll'
TpTrace Information: 0 : 25756, 1, 2024/02/20, 12:39:54.343, 4899488170888, vstest.console.dll, Determined framework for all sources: .NETCoreApp,Version=v6.0
TpTrace Verbose: 0 : 25756, 1, 2024/02/20, 12:39:54.343, 4899488173302, vstest.console.dll, TestRequestManager.UpdateRunSettingsIfRequired: Default architecture: X64 IsDefaultTargetArchitecture: True, Current process architecture: X64 OperatingSystem: Windows.
TpTrace Information: 0 : 25756, 1, 2024/02/20, 12:39:54.344, 4899488183624, vstest.console.dll, AssemblyMetadataProvider.GetArchitecture: Determined architecture:AnyCPU info for assembly: D:\Иван\GitHub\Back-EndTestAutomation\Back-End Technologies\17. Code Coverage\LibraryManagementSystem\LibraryManagementTest\bin\Debug\net6.0\fine-code-coverage\build-output\LibraryManagementTest.dll
TpTrace Information: 0 : 25756, 1, 2024/02/20, 12:39:54.344, 4899488184031, vstest.console.dll, Determined platform for source 'D:\Иван\GitHub\Back-EndTestAutomation\Back-End Technologies\17. Code Coverage\LibraryManagementSystem\LibraryManagementTest\bin\Debug\net6.0\fine-code-coverage\build-output\LibraryManagementTest.dll' was AnyCPU and it will use the default plaform X64.
TpTrace Information: 0 : 25756, 1, 2024/02/20, 12:39:54.344, 4899488184214, vstest.console.dll, None of the sources provided any runnable platform, using the default platform: X64
TpTrace Information: 0 : 25756, 1, 2024/02/20, 12:39:54.344, 4899488184751, vstest.console.dll, Platform was updated to 'X64'.
TpTrace Information: 0 : 25756, 1, 2024/02/20, 12:39:54.346, 4899488206305, vstest.console.dll, InferRunSettingsHelper.IsTestSettingsEnabled: Unable to navigate to RunSettings/MSTest. Current node: RunSettings
TpTrace Information: 0 : 25756, 1, 2024/02/20, 12:39:54.346, 4899488210318, vstest.console.dll, AssemblyResolver.OnResolve: Microsoft.VisualStudio.TestPlatform.Fakes: Resolving assembly.
TpTrace Information: 0 : 25756, 1, 2024/02/20, 12:39:54.347, 4899488210863, vstest.console.dll, AssemblyResolver.OnResolve: Microsoft.VisualStudio.TestPlatform.Fakes: Searching in: 'C:\Program Files\dotnet\sdk\8.0.101\Extensions'.
TpTrace Information: 0 : 25756, 1, 2024/02/20, 12:39:54.347, 4899488211453, vstest.console.dll, AssemblyResolver.OnResolve: Microsoft.VisualStudio.TestPlatform.Fakes: Assembly path does not exist: 'C:\Program Files\dotnet\sdk\8.0.101\Extensions\Microsoft.VisualStudio.TestPlatform.Fakes.dll', returning.
TpTrace Information: 0 : 25756, 1, 2024/02/20, 12:39:54.347, 4899488211856, vstest.console.dll, AssemblyResolver.OnResolve: Microsoft.VisualStudio.TestPlatform.Fakes: Assembly path does not exist: 'C:\Program Files\dotnet\sdk\8.0.101\Extensions\Microsoft.VisualStudio.TestPlatform.Fakes.exe', returning.
TpTrace Information: 0 : 25756, 1, 2024/02/20, 12:39:54.347, 4899488212056, vstest.console.dll, AssemblyResolver.OnResolve: Microsoft.VisualStudio.TestPlatform.Fakes: Searching in: 'C:\Program Files\dotnet\sdk\8.0.101'.
TpTrace Information: 0 : 25756, 1, 2024/02/20, 12:39:54.347, 4899488212408, vstest.console.dll, AssemblyResolver.OnResolve: Microsoft.VisualStudio.TestPlatform.Fakes: Assembly path does not exist: 'C:\Program Files\dotnet\sdk\8.0.101\Microsoft.VisualStudio.TestPlatform.Fakes.dll', returning.
TpTrace Information: 0 : 25756, 1, 2024/02/20, 12:39:54.347, 4899488212711, vstest.console.dll, AssemblyResolver.OnResolve: Microsoft.VisualStudio.TestPlatform.Fakes: Assembly path does not exist: 'C:\Program Files\dotnet\sdk\8.0.101\Microsoft.VisualStudio.TestPlatform.Fakes.exe', returning.
TpTrace Information: 0 : 25756, 1, 2024/02/20, 12:39:54.347, 4899488212956, vstest.console.dll, AssemblyResolver.OnResolve: Microsoft.VisualStudio.TestPlatform.Fakes: Failed to load assembly.
TpTrace Information: 0 : 25756, 1, 2024/02/20, 12:39:54.347, 4899488214920, vstest.console.dll, Failed to load assembly Microsoft.VisualStudio.TestPlatform.Fakes, Version=17.0.0.0, Culture=neutral. Reason:System.IO.FileNotFoundException: Could not load file or assembly 'Microsoft.VisualStudio.TestPlatform.Fakes, Version=17.0.0.0, Culture=neutral, PublicKeyToken=null'. The system cannot find the file specified.
File name: 'Microsoft.VisualStudio.TestPlatform.Fakes, Version=17.0.0.0, Culture=neutral, PublicKeyToken=null'
   at System.Reflection.RuntimeAssembly.InternalLoad(AssemblyName assemblyName, StackCrawlMark& stackMark, AssemblyLoadContext assemblyLoadContext, RuntimeAssembly requestingAssembly, Boolean throwOnFileNotFound)
   at System.Reflection.Assembly.Load(AssemblyName assemblyRef)
   at Microsoft.VisualStudio.TestPlatform.Common.Utilities.FakesUtilities.LoadTestPlatformAssembly() in /_/src/Microsoft.TestPlatform.Common/Utilities/FakesUtilities.cs:line 272
TpTrace Verbose: 0 : 25756, 1, 2024/02/20, 12:39:54.349, 4899488236119, vstest.console.dll, TestPluginCache.DiscoverTestExtensions: finding test extensions in assemblies ends with: TestLogger.dll TPluginInfo: Microsoft.VisualStudio.TestPlatform.Common.ExtensionFramework.Utilities.TestLoggerPluginInformation TExtension: Microsoft.VisualStudio.TestPlatform.ObjectModel.Client.ITestLogger
TpTrace Verbose: 0 : 25756, 1, 2024/02/20, 12:39:54.349, 4899488236853, vstest.console.dll, TestPluginCache.GetExtensionPaths: Filtered extension paths: 
TpTrace Verbose: 0 : 25756, 1, 2024/02/20, 12:39:54.349, 4899488237083, vstest.console.dll, TestPluginCache.GetExtensionPaths: Added default extension paths: C:\Program Files\dotnet\sdk\8.0.101\Extensions\Microsoft.Diagnostics.NETCore.Client.dll
C:\Program Files\dotnet\sdk\8.0.101\Extensions\Microsoft.TestPlatform.Extensions.BlameDataCollector.dll
C:\Program Files\dotnet\sdk\8.0.101\Extensions\Microsoft.TestPlatform.Extensions.EventLogCollector.dll
C:\Program Files\dotnet\sdk\8.0.101\Extensions\Microsoft.TestPlatform.TestHostRuntimeProvider.dll
C:\Program Files\dotnet\sdk\8.0.101\Extensions\Microsoft.VisualStudio.TestPlatform.Extensions.Html.TestLogger.dll
C:\Program Files\dotnet\sdk\8.0.101\Extensions\Microsoft.VisualStudio.TestPlatform.Extensions.Trx.TestLogger.dll
TpTrace Verbose: 0 : 25756, 1, 2024/02/20, 12:39:54.349, 4899488237583, vstest.console.dll, TestPluginCache.GetExtensionPaths: Added unfilterableExtensionPaths: 
TpTrace Information: 0 : 25756, 1, 2024/02/20, 12:39:54.349, 4899488238712, vstest.console.dll, AssemblyResolver.AddSearchDirectories: Adding more searchDirectories C:\Program Files\dotnet\sdk\8.0.101\Extensions,C:\Program Files\dotnet\sdk\8.0.101
TpTrace Verbose: 0 : 25756, 1, 2024/02/20, 12:39:54.349, 4899488239099, vstest.console.dll, TestPluginCache.DiscoverTestExtensions: Discovering the extensions using extension path.
TpTrace Verbose: 0 : 25756, 1, 2024/02/20, 12:39:54.349, 4899488239529, vstest.console.dll, TestPluginCache.GetExtensionPaths: Filtered extension paths: 
TpTrace Verbose: 0 : 25756, 1, 2024/02/20, 12:39:54.349, 4899488239858, vstest.console.dll, TestPluginCache.GetExtensionPaths: Added default extension paths: C:\Program Files\dotnet\sdk\8.0.101\Extensions\Microsoft.Diagnostics.NETCore.Client.dll
C:\Program Files\dotnet\sdk\8.0.101\Extensions\Microsoft.TestPlatform.Extensions.BlameDataCollector.dll
C:\Program Files\dotnet\sdk\8.0.101\Extensions\Microsoft.TestPlatform.Extensions.EventLogCollector.dll
C:\Program Files\dotnet\sdk\8.0.101\Extensions\Microsoft.TestPlatform.TestHostRuntimeProvider.dll
C:\Program Files\dotnet\sdk\8.0.101\Extensions\Microsoft.VisualStudio.TestPlatform.Extensions.Html.TestLogger.dll
C:\Program Files\dotnet\sdk\8.0.101\Extensions\Microsoft.VisualStudio.TestPlatform.Extensions.Trx.TestLogger.dll
TpTrace Verbose: 0 : 25756, 1, 2024/02/20, 12:39:54.349, 4899488240039, vstest.console.dll, TestPluginCache.GetExtensionPaths: Added unfilterableExtensionPaths: 
TpTrace Verbose: 0 : 25756, 1, 2024/02/20, 12:39:54.350, 4899488241171, vstest.console.dll, TestPluginCache.DiscoverTestExtensions: Discovering the extensions using allExtensionPaths: C:\Program Files\dotnet\sdk\8.0.101\Extensions\Microsoft.Diagnostics.NETCore.Client.dll
C:\Program Files\dotnet\sdk\8.0.101\Extensions\Microsoft.TestPlatform.Extensions.BlameDataCollector.dll
C:\Program Files\dotnet\sdk\8.0.101\Extensions\Microsoft.TestPlatform.Extensions.EventLogCollector.dll
C:\Program Files\dotnet\sdk\8.0.101\Extensions\Microsoft.TestPlatform.TestHostRuntimeProvider.dll
C:\Program Files\dotnet\sdk\8.0.101\Extensions\Microsoft.VisualStudio.TestPlatform.Extensions.Html.TestLogger.dll
C:\Program Files\dotnet\sdk\8.0.101\Extensions\Microsoft.VisualStudio.TestPlatform.Extensions.Trx.TestLogger.dll
TpTrace Information: 0 : 25756, 1, 2024/02/20, 12:39:54.350, 4899488241838, vstest.console.dll, AssemblyResolver.AddSearchDirectories: Adding more searchDirectories C:\Program Files\dotnet\sdk\8.0.101\Extensions,C:\Program Files\dotnet\sdk\8.0.101
TpTrace Information: 0 : 25756, 1, 2024/02/20, 12:39:54.350, 4899488242062, vstest.console.dll, AssemblyResolver.AddSearchDirectories: Adding more searchDirectories C:\Program Files\dotnet\sdk\8.0.101\Extensions,C:\Program Files\dotnet\sdk\8.0.101
TpTrace Information: 0 : 25756, 1, 2024/02/20, 12:39:54.350, 4899488242233, vstest.console.dll, AssemblyResolver.AddSearchDirectories: Adding more searchDirectories C:\Program Files\dotnet\sdk\8.0.101\Extensions,C:\Program Files\dotnet\sdk\8.0.101
TpTrace Information: 0 : 25756, 1, 2024/02/20, 12:39:54.350, 4899488242392, vstest.console.dll, AssemblyResolver.AddSearchDirectories: Adding more searchDirectories C:\Program Files\dotnet\sdk\8.0.101\Extensions,C:\Program Files\dotnet\sdk\8.0.101
TpTrace Information: 0 : 25756, 1, 2024/02/20, 12:39:54.350, 4899488242590, vstest.console.dll, AssemblyResolver.AddSearchDirectories: Adding more searchDirectories C:\Program Files\dotnet\sdk\8.0.101\Extensions,C:\Program Files\dotnet\sdk\8.0.101
TpTrace Information: 0 : 25756, 1, 2024/02/20, 12:39:54.350, 4899488242750, vstest.console.dll, AssemblyResolver.AddSearchDirectories: Adding more searchDirectories C:\Program Files\dotnet\sdk\8.0.101\Extensions,C:\Program Files\dotnet\sdk\8.0.101
TpTrace Verbose: 0 : 25756, 1, 2024/02/20, 12:39:54.350, 4899488243388, vstest.console.dll, MetadataReaderExtensionsHelper: Discovering extensions inside assembly 'Microsoft.Diagnostics.NETCore.Client, Version=0.2.8.21101, Culture=neutral, PublicKeyToken=31bf3856ad364e35' file path 'C:\Program Files\dotnet\sdk\8.0.101\Extensions\Microsoft.Diagnostics.NETCore.Client.dll'
TpTrace Information: 0 : 25756, 1, 2024/02/20, 12:39:54.350, 4899488248285, vstest.console.dll, AssemblyResolver.OnResolve: Microsoft.Bcl.AsyncInterfaces: Resolving assembly.
TpTrace Information: 0 : 25756, 1, 2024/02/20, 12:39:54.350, 4899488248651, vstest.console.dll, AssemblyResolver.OnResolve: Microsoft.Bcl.AsyncInterfaces: Resolved from cache.
TpTrace Verbose: 0 : 25756, 1, 2024/02/20, 12:39:54.350, 4899488248864, vstest.console.dll, CurrentDomainAssemblyResolve: Resolving assembly 'Microsoft.Bcl.AsyncInterfaces'.
TpTrace Information: 0 : 25756, 1, 2024/02/20, 12:39:54.350, 4899488249123, vstest.console.dll, AssemblyResolver.OnResolve: Microsoft.Bcl.AsyncInterfaces: Resolving assembly.
TpTrace Information: 0 : 25756, 1, 2024/02/20, 12:39:54.350, 4899488249291, vstest.console.dll, AssemblyResolver.OnResolve: Microsoft.Bcl.AsyncInterfaces: Resolved from cache.
TpTrace Verbose: 0 : 25756, 1, 2024/02/20, 12:39:54.350, 4899488249434, vstest.console.dll, CurrentDomainAssemblyResolve: Resolving assembly 'Microsoft.Bcl.AsyncInterfaces'.
TpTrace Verbose: 0 : 25756, 1, 2024/02/20, 12:39:54.350, 4899488249573, vstest.console.dll, CurrentDomainAssemblyResolve: Failed to resolve assembly 'Microsoft.Bcl.AsyncInterfaces'.
TpTrace Verbose: 0 : 25756, 1, 2024/02/20, 12:39:54.351, 4899488250536, vstest.console.dll, CurrentDomainAssemblyResolve: Failed to resolve assembly 'Microsoft.Bcl.AsyncInterfaces'.
TpTrace Warning: 0 : 25756, 1, 2024/02/20, 12:39:54.351, 4899488252840, vstest.console.dll, TestPluginDiscoverer: Failed to get types from assembly 'Microsoft.Diagnostics.NETCore.Client, Version=0.2.8.21101, Culture=neutral, PublicKeyToken=31bf3856ad364e35'. Error: System.Reflection.ReflectionTypeLoadException: Unable to load one or more of the requested types.
Could not load file or assembly 'Microsoft.Bcl.AsyncInterfaces, Version=1.0.0.0, Culture=neutral, PublicKeyToken=cc7b13ffcd2ddd51'. The system cannot find the file specified.
   at System.Reflection.RuntimeModule.GetTypes(RuntimeModule module)
   at System.Reflection.RuntimeModule.GetTypes()
   at Microsoft.VisualStudio.TestPlatform.Common.ExtensionFramework.TestPluginDiscoverer.GetTestExtensionsFromAssembly[TPluginInfo,TExtension](Assembly assembly, Dictionary`2 pluginInfos, String filePath) in /_/src/Microsoft.TestPlatform.Common/ExtensionFramework/TestPluginDiscoverer.cs:line 158
System.IO.FileNotFoundException: Could not load file or assembly 'Microsoft.Bcl.AsyncInterfaces, Version=1.0.0.0, Culture=neutral, PublicKeyToken=cc7b13ffcd2ddd51'. The system cannot find the file specified.
File name: 'Microsoft.Bcl.AsyncInterfaces, Version=1.0.0.0, Culture=neutral, PublicKeyToken=cc7b13ffcd2ddd51'
 ---> System.IO.FileNotFoundException: Could not load file or assembly 'Microsoft.Bcl.AsyncInterfaces, Culture=neutral, PublicKeyToken=null'. The system cannot find the file specified.
File name: 'Microsoft.Bcl.AsyncInterfaces, Culture=neutral, PublicKeyToken=null'
   at System.Reflection.RuntimeAssembly.InternalLoad(AssemblyName assemblyName, StackCrawlMark& stackMark, AssemblyLoadContext assemblyLoadContext, RuntimeAssembly requestingAssembly, Boolean throwOnFileNotFound)
   at System.Reflection.Assembly.Load(AssemblyName assemblyRef)
   at Microsoft.VisualStudio.TestPlatform.Common.ExtensionFramework.TestPluginCache.CurrentDomainAssemblyResolve(Object sender, AssemblyResolveEventArgs args) in /_/src/Microsoft.TestPlatform.Common/ExtensionFramework/TestPluginCache.cs:line 513
   at System.Runtime.Loader.AssemblyLoadContext.GetFirstResolvedAssemblyFromResolvingEvent(AssemblyName assemblyName)
   at System.Runtime.Loader.AssemblyLoadContext.ResolveUsingEvent(AssemblyName assemblyName)
   at System.Runtime.Loader.AssemblyLoadContext.ResolveUsingResolvingEvent(IntPtr gchManagedAssemblyLoadContext, AssemblyName assemblyName)
TpTrace Warning: 0 : 25756, 1, 2024/02/20, 12:39:54.351, 4899488253943, vstest.console.dll, LoaderExceptions: System.IO.FileNotFoundException: Could not load file or assembly 'Microsoft.Bcl.AsyncInterfaces, Version=1.0.0.0, Culture=neutral, PublicKeyToken=cc7b13ffcd2ddd51'. The system cannot find the file specified.
File name: 'Microsoft.Bcl.AsyncInterfaces, Version=1.0.0.0, Culture=neutral, PublicKeyToken=cc7b13ffcd2ddd51'
 ---> System.IO.FileNotFoundException: Could not load file or assembly 'Microsoft.Bcl.AsyncInterfaces, Culture=neutral, PublicKeyToken=null'. The system cannot find the file specified.
File name: 'Microsoft.Bcl.AsyncInterfaces, Culture=neutral, PublicKeyToken=null'
   at System.Reflection.RuntimeAssembly.InternalLoad(AssemblyName assemblyName, StackCrawlMark& stackMark, AssemblyLoadContext assemblyLoadContext, RuntimeAssembly requestingAssembly, Boolean throwOnFileNotFound)
   at System.Reflection.Assembly.Load(AssemblyName assemblyRef)
   at Microsoft.VisualStudio.TestPlatform.Common.ExtensionFramework.TestPluginCache.CurrentDomainAssemblyResolve(Object sender, AssemblyResolveEventArgs args) in /_/src/Microsoft.TestPlatform.Common/ExtensionFramework/TestPluginCache.cs:line 513
   at System.Runtime.Loader.AssemblyLoadContext.GetFirstResolvedAssemblyFromResolvingEvent(AssemblyName assemblyName)
   at System.Runtime.Loader.AssemblyLoadContext.ResolveUsingEvent(AssemblyName assemblyName)
   at System.Runtime.Loader.AssemblyLoadContext.ResolveUsingResolvingEvent(IntPtr gchManagedAssemblyLoadContext, AssemblyName assemblyName)
TpTrace Verbose: 0 : 25756, 1, 2024/02/20, 12:39:54.351, 4899488254450, vstest.console.dll, MetadataReaderExtensionsHelper: Discovering extensions inside assembly 'Microsoft.TestPlatform.Extensions.BlameDataCollector, Version=15.0.0.0, Culture=neutral, PublicKeyToken=b03f5f7f11d50a3a' file path 'C:\Program Files\dotnet\sdk\8.0.101\Extensions\Microsoft.TestPlatform.Extensions.BlameDataCollector.dll'
TpTrace Information: 0 : 25756, 1, 2024/02/20, 12:39:54.351, 4899488257065, vstest.console.dll, GetTestExtensionFromType: Register extension with identifier data 'logger://Microsoft/TestPlatform/Extensions/Blame/v1' and type 'Microsoft.TestPlatform.Extensions.BlameDataCollector.BlameLogger, Microsoft.TestPlatform.Extensions.BlameDataCollector, Version=15.0.0.0, Culture=neutral, PublicKeyToken=b03f5f7f11d50a3a' inside file 'C:\Program Files\dotnet\sdk\8.0.101\Extensions\Microsoft.TestPlatform.Extensions.BlameDataCollector.dll'
TpTrace Verbose: 0 : 25756, 1, 2024/02/20, 12:39:54.351, 4899488257525, vstest.console.dll, MetadataReaderExtensionsHelper: Discovering extensions inside assembly 'Microsoft.TestPlatform.Extensions.EventLogCollector, Version=15.0.0.0, Culture=neutral, PublicKeyToken=b03f5f7f11d50a3a' file path 'C:\Program Files\dotnet\sdk\8.0.101\Extensions\Microsoft.TestPlatform.Extensions.EventLogCollector.dll'
TpTrace Verbose: 0 : 25756, 1, 2024/02/20, 12:39:54.351, 4899488259347, vstest.console.dll, MetadataReaderExtensionsHelper: Discovering extensions inside assembly 'Microsoft.TestPlatform.TestHostRuntimeProvider, Version=15.0.0.0, Culture=neutral, PublicKeyToken=b03f5f7f11d50a3a' file path 'C:\Program Files\dotnet\sdk\8.0.101\Extensions\Microsoft.TestPlatform.TestHostRuntimeProvider.dll'
TpTrace Verbose: 0 : 25756, 1, 2024/02/20, 12:39:54.352, 4899488261257, vstest.console.dll, MetadataReaderExtensionsHelper: Discovering extensions inside assembly 'Microsoft.VisualStudio.TestPlatform.Extensions.Html.TestLogger, Version=15.0.0.0, Culture=neutral, PublicKeyToken=b03f5f7f11d50a3a' file path 'C:\Program Files\dotnet\sdk\8.0.101\Extensions\Microsoft.VisualStudio.TestPlatform.Extensions.Html.TestLogger.dll'
TpTrace Information: 0 : 25756, 1, 2024/02/20, 12:39:54.352, 4899488264278, vstest.console.dll, GetTestExtensionFromType: Register extension with identifier data 'logger://Microsoft/TestPlatform/HtmlLogger/v1' and type 'Microsoft.VisualStudio.TestPlatform.Extensions.HtmlLogger.HtmlLogger, Microsoft.VisualStudio.TestPlatform.Extensions.Html.TestLogger, Version=15.0.0.0, Culture=neutral, PublicKeyToken=b03f5f7f11d50a3a' inside file 'C:\Program Files\dotnet\sdk\8.0.101\Extensions\Microsoft.VisualStudio.TestPlatform.Extensions.Html.TestLogger.dll'
TpTrace Verbose: 0 : 25756, 1, 2024/02/20, 12:39:54.352, 4899488264779, vstest.console.dll, MetadataReaderExtensionsHelper: Discovering extensions inside assembly 'Microsoft.VisualStudio.TestPlatform.Extensions.Trx.TestLogger, Version=15.0.0.0, Culture=neutral, PublicKeyToken=b03f5f7f11d50a3a' file path 'C:\Program Files\dotnet\sdk\8.0.101\Extensions\Microsoft.VisualStudio.TestPlatform.Extensions.Trx.TestLogger.dll'
TpTrace Information: 0 : 25756, 1, 2024/02/20, 12:39:54.352, 4899488266885, vstest.console.dll, GetTestExtensionFromType: Register extension with identifier data 'logger://Microsoft/TestPlatform/TrxLogger/v1' and type 'Microsoft.VisualStudio.TestPlatform.Extensions.TrxLogger.TrxLogger, Microsoft.VisualStudio.TestPlatform.Extensions.Trx.TestLogger, Version=15.0.0.0, Culture=neutral, PublicKeyToken=b03f5f7f11d50a3a' inside file 'C:\Program Files\dotnet\sdk\8.0.101\Extensions\Microsoft.VisualStudio.TestPlatform.Extensions.Trx.TestLogger.dll'
TpTrace Verbose: 0 : 25756, 1, 2024/02/20, 12:39:54.352, 4899488267669, vstest.console.dll, TestPluginCache: Discovered the extensions using extension path ''.
TpTrace Verbose: 0 : 25756, 1, 2024/02/20, 12:39:54.352, 4899488267891, vstest.console.dll, TestPluginCache: Discoverers are ''.
TpTrace Verbose: 0 : 25756, 1, 2024/02/20, 12:39:54.352, 4899488268044, vstest.console.dll, TestPluginCache: Executors are ''.
TpTrace Verbose: 0 : 25756, 1, 2024/02/20, 12:39:54.352, 4899488268198, vstest.console.dll, TestPluginCache: Executors2 are ''.
TpTrace Verbose: 0 : 25756, 1, 2024/02/20, 12:39:54.352, 4899488268343, vstest.console.dll, TestPluginCache: Setting providers are ''.
TpTrace Verbose: 0 : 25756, 1, 2024/02/20, 12:39:54.352, 4899488268777, vstest.console.dll, TestPluginCache: Loggers are 'logger://Microsoft/TestPlatform/Extensions/Blame/v1,logger://Microsoft/TestPlatform/HtmlLogger/v1,logger://Microsoft/TestPlatform/TrxLogger/v1'.
TpTrace Verbose: 0 : 25756, 1, 2024/02/20, 12:39:54.352, 4899488269059, vstest.console.dll, TestPluginCache: TestHosts are 'HostProvider://DefaultTestHost,HostProvider://DotnetTestHost'.
TpTrace Verbose: 0 : 25756, 1, 2024/02/20, 12:39:54.352, 4899488269215, vstest.console.dll, TestPluginCache: DataCollectors are ''.
TpTrace Information: 0 : 25756, 1, 2024/02/20, 12:39:54.353, 4899488275035, vstest.console.dll, TestPluginManager.CreateTestExtension: Attempting to load test extension: Microsoft.TestPlatform.Extensions.BlameDataCollector.BlameLogger
TpTrace Verbose: 0 : 25756, 1, 2024/02/20, 12:39:54.358, 4899488324994, vstest.console.dll, TestEngine: Initializing Parallel Execution as MaxCpuCount is set to: 1
TpTrace Information: 0 : 25756, 1, 2024/02/20, 12:39:54.359, 4899488336489, vstest.console.dll, TestPluginManager.CreateTestExtension: Attempting to load test extension: Microsoft.VisualStudio.TestPlatform.CrossPlatEngine.Hosting.DefaultTestHostManager
TpTrace Information: 0 : 25756, 1, 2024/02/20, 12:39:54.360, 4899488341496, vstest.console.dll, TestPluginManager.CreateTestExtension: Attempting to load test extension: Microsoft.VisualStudio.TestPlatform.CrossPlatEngine.Hosting.DotnetTestHostManager
TpTrace Information: 0 : 25756, 1, 2024/02/20, 12:39:54.360, 4899488345447, vstest.console.dll, InferRunSettingsHelper.IsTestSettingsEnabled: Unable to navigate to RunSettings/MSTest. Current node: RunSettings
TpTrace Verbose: 0 : 25756, 1, 2024/02/20, 12:39:54.360, 4899488349476, vstest.console.dll, ParallelOperationManager.ClearSlots: Clearing all slots. Slots should accept more work: True
TpTrace Verbose: 0 : 25756, 1, 2024/02/20, 12:39:54.361, 4899488353944, vstest.console.dll, ParallelOperationManager.SetOccupiedSlotCount: Setting slot counts AvailableSlotCount = 1, OccupiedSlotCount = 0.
TpTrace Verbose: 0 : 25756, 1, 2024/02/20, 12:39:54.361, 4899488356161, vstest.console.dll, Occupied slots:

TpTrace Verbose: 0 : 25756, 1, 2024/02/20, 12:39:54.363, 4899488378855, vstest.console.dll, TestEngine.GetExecutionManager: Chosen execution manager 'Microsoft.VisualStudio.TestPlatform.CrossPlatEngine.Client.Parallel.ParallelProxyExecutionManager, Microsoft.TestPlatform.CrossPlatEngine, Version=15.0.0.0, Culture=neutral, PublicKeyToken=b03f5f7f11d50a3a' ParallelLevel '1'.
TpTrace Verbose: 0 : 25756, 1, 2024/02/20, 12:39:54.363, 4899488379811, vstest.console.dll, TestRunRequest.ExecuteAsync: Creating test run request.
TpTrace Verbose: 0 : 25756, 1, 2024/02/20, 12:39:54.364, 4899488381394, vstest.console.dll, TestRunRequest.ExecuteAsync: Starting.
TpTrace Information: 0 : 25756, 1, 2024/02/20, 12:39:54.364, 4899488389299, vstest.console.dll, TestRunRequest.ExecuteAsync: Starting run with settings:TestRunCriteria:
   KeepAlive=False,FrequencyOfRunStatsChangeEvent=10,RunStatsChangeEventTimeout=00:00:01.5000000,TestCaseFilter=,TestExecutorLauncher=
   Settingsxml=<RunSettings>
  <RunConfiguration>
    <ResultsDirectory>D:\Иван\GitHub\Back-EndTestAutomation\Back-End Technologies\17. Code Coverage\LibraryManagementSystem\LibraryManagementTest\bin\Debug\net6.0\fine-code-coverage\coverage-tool-output</ResultsDirectory>
    <TargetPlatform>X64</TargetPlatform>
    <TargetFrameworkVersion>.NETCoreApp,Version=v6.0</TargetFrameworkVersion>
    <DesignMode>False</DesignMode>
    <CollectSourceInformation>False</CollectSourceInformation>
  </RunConfiguration>
  <LoggerRunSettings>
    <Loggers>
      <Logger friendlyName="blame" enabled="True" />
      <Logger friendlyName="Console" uri="logger://microsoft/TestPlatform/ConsoleLogger/v1" assemblyQualifiedName="Microsoft.VisualStudio.TestPlatform.CommandLine.Internal.ConsoleLogger, vstest.console, Version=15.0.0.0, Culture=neutral, PublicKeyToken=b03f5f7f11d50a3a" codeBase="C:\Program Files\dotnet\sdk\8.0.101\vstest.console.dll" enabled="True" />
    </Loggers>
  </LoggerRunSettings>
  <DataCollectionRunSettings>
    <DataCollectors>
      <DataCollector friendlyName="blame" enabled="True">
        <Configuration>
          <ResultsDirectory>D:\Иван\GitHub\Back-EndTestAutomation\Back-End Technologies\17. Code Coverage\LibraryManagementSystem\LibraryManagementTest\bin\Debug\net6.0\fine-code-coverage\coverage-tool-output</ResultsDirectory>
        </Configuration>
      </DataCollector>
    </DataCollectors>
  </DataCollectionRunSettings>
</RunSettings>

TpTrace Verbose: 0 : 25756, 1, 2024/02/20, 12:39:54.364, 4899488389753, vstest.console.dll, TestRunRequest.ExecuteAsync: Wait for the first run request is over.
TpTrace Verbose: 0 : 25756, 1, 2024/02/20, 12:39:54.365, 4899488392115, vstest.console.dll, MulticastDelegateUtilities.SafeInvoke: TestRun.TestRunStart: Invoking callbacks was skipped because there are no subscribers.
TpTrace Verbose: 0 : 25756, 4, 2024/02/20, 12:39:54.365, 4899488393888, vstest.console.dll, MulticastDelegateUtilities.SafeInvoke: InternalTestLoggerEvents.SendTestRunStart: Invoking callback 1/1 for Microsoft.VisualStudio.TestPlatform.CommandLine.Internal.ConsoleLogger., took 0 ms.
TpTrace Verbose: 0 : 25756, 1, 2024/02/20, 12:39:54.365, 4899488399154, vstest.console.dll, ParallelProxyExecutionManager: Start execution. Total sources: 1
TpTrace Verbose: 0 : 25756, 1, 2024/02/20, 12:39:54.366, 4899488402033, vstest.console.dll, ParallelOperationManager.StartWork: Starting adding 1 workloads.
TpTrace Verbose: 0 : 25756, 1, 2024/02/20, 12:39:54.366, 4899488402534, vstest.console.dll, ParallelOperationManager.ClearSlots: Clearing all slots. Slots should accept more work: True
TpTrace Verbose: 0 : 25756, 1, 2024/02/20, 12:39:54.366, 4899488403012, vstest.console.dll, ParallelOperationManager.SetOccupiedSlotCount: Setting slot counts AvailableSlotCount = 1, OccupiedSlotCount = 0.
TpTrace Verbose: 0 : 25756, 1, 2024/02/20, 12:39:54.366, 4899488403256, vstest.console.dll, Occupied slots:

TpTrace Verbose: 0 : 25756, 1, 2024/02/20, 12:39:54.367, 4899488412971, vstest.console.dll, TestRequestSender is acting as server.
TpTrace Verbose: 0 : 25756, 1, 2024/02/20, 12:39:54.368, 4899488420851, vstest.console.dll, ParallelOperationManager.RunWorkInParallel: Adding 1 workload to slot, remaining workloads 0.
TpTrace Verbose: 0 : 25756, 1, 2024/02/20, 12:39:54.368, 4899488421251, vstest.console.dll, ParallelOperationManager.SetOccupiedSlotCount: Setting slot counts AvailableSlotCount = 0, OccupiedSlotCount = 1.
TpTrace Verbose: 0 : 25756, 1, 2024/02/20, 12:39:54.368, 4899488422014, vstest.console.dll, Occupied slots:
0: D:\Иван\GitHub\Back-EndTestAutomation\Back-End Technologies\17. Code Coverage\LibraryManagementSystem\LibraryManagementTest\bin\Debug\net6.0\fine-code-coverage\build-output\LibraryManagementTest.dll
TpTrace Verbose: 0 : 25756, 1, 2024/02/20, 12:39:54.368, 4899488428786, vstest.console.dll, ParallelOperationManager.RunWorkInParallel: Started host in slot number 0 for work (source): D:\Иван\GitHub\Back-EndTestAutomation\Back-End Technologies\17. Code Coverage\LibraryManagementSystem\LibraryManagementTest\bin\Debug\net6.0\fine-code-coverage\build-output\LibraryManagementTest.dll.
TpTrace Verbose: 0 : 25756, 1, 2024/02/20, 12:39:54.369, 4899488434272, vstest.console.dll, ParallelOperationManager.RunWorkInParallel: We started 1 work items, which is the max parallel level. Won't start more work.
TpTrace Verbose: 0 : 25756, 1, 2024/02/20, 12:39:54.369, 4899488434752, vstest.console.dll, ParallelOperationManager.RunWorkInParallel: We started 1 work items in here, returning True.
TpTrace Information: 0 : 25756, 1, 2024/02/20, 12:39:54.369, 4899488434989, vstest.console.dll, TestRunRequest.ExecuteAsync: Started.
TpTrace Verbose: 0 : 25756, 5, 2024/02/20, 12:39:54.369, 4899488435690, vstest.console.dll, ParallelProxyExecutionManager.StartTestRunOnConcurrentManager: Initializing uninitialized client. Started clients: 0
TpTrace Verbose: 0 : 25756, 5, 2024/02/20, 12:39:54.369, 4899488436778, vstest.console.dll, DataCollectionRequestSender.InitializeCommunication : Initialize communication. 
TpTrace Verbose: 0 : 25756, 1, 2024/02/20, 12:39:54.369, 4899488438756, vstest.console.dll, TestRunRequest.WaitForCompletion: Waiting with timeout -1.
TpTrace Information: 0 : 25756, 5, 2024/02/20, 12:39:54.374, 4899488485699, vstest.console.dll, Listening on Endpoint : 127.0.0.1:10960
TpTrace Verbose: 0 : 25756, 5, 2024/02/20, 12:39:54.379, 4899488537341, vstest.console.dll, DotnetDataCollectionLauncher: Adding  --runtimeconfig "C:\Program Files\dotnet\sdk\8.0.101\datacollector.runtimeconfig.json" in args
TpTrace Verbose: 0 : 25756, 5, 2024/02/20, 12:39:54.379, 4899488538643, vstest.console.dll, DotnetDataCollectionLauncher: Adding  --depsfile "C:\Program Files\dotnet\sdk\8.0.101\datacollector.deps.json" in args
TpTrace Verbose: 0 : 25756, 5, 2024/02/20, 12:39:54.379, 4899488540246, vstest.console.dll, DotnetDataCollectionLauncher: Full path of dotnet.exe is C:\Program Files\dotnet\dotnet.exe
TpTrace Information: 0 : 25756, 5, 2024/02/20, 12:39:54.385, 4899488597788, vstest.console.dll, ProxyDataCollectionManager.Initialize: Launched datacollector processId: 5420 port: 10960
TpTrace Information: 0 : 25756, 5, 2024/02/20, 12:39:54.385, 4899488599373, vstest.console.dll, ProxyDataCollectionManager.Initialize: waiting for connection with timeout: 90 seconds
TpTrace Verbose: 0 : 25756, 5, 2024/02/20, 12:39:54.385, 4899488599944, vstest.console.dll, DataCollectionRequestSender.WaitForRequestHandlerConnection : Waiting for connection with timeout: 90000
TpTrace Information: 0 : 25756, 7, 2024/02/20, 12:39:54.491, 4899489653741, vstest.console.dll, Using the buffer size of 16384 bytes
TpTrace Verbose: 0 : 25756, 5, 2024/02/20, 12:39:54.491, 4899489653799, vstest.console.dll, SocketCommunicationManager.WaitForClientConnection took: 105 ms, with 90000 ms timeout, and finished with True.
TpTrace Information: 0 : 25756, 7, 2024/02/20, 12:39:54.491, 4899489654680, vstest.console.dll, Accepted Client request and set the flag
TpTrace Verbose: 0 : 25756, 5, 2024/02/20, 12:39:54.491, 4899489655651, vstest.console.dll, ProxyDataCollectionManager.InvokeDataCollectionServiceAction: Starting.
TpTrace Information: 0 : 25756, 5, 2024/02/20, 12:39:54.491, 4899489656271, vstest.console.dll, ProxyDataCollectionManager.BeforeTestRunStart: Get environment variable and port for datacollector processId: 5420 port: 10960
TpTrace Verbose: 0 : 25756, 5, 2024/02/20, 12:39:54.491, 4899489657092, vstest.console.dll, DataCollectionRequestSender.SendBeforeTestRunStartAndGetResult: Send BeforeTestRunStart message with settingsXml <RunSettings><RunConfiguration><ResultsDirectory>D:\Иван\GitHub\Back-EndTestAutomation\Back-End Technologies\17. Code Coverage\LibraryManagementSystem\LibraryManagementTest\bin\Debug\net6.0\fine-code-coverage\coverage-tool-output</ResultsDirectory><TargetPlatform>X64</TargetPlatform><TargetFrameworkVersion>.NETCoreApp,Version=v6.0</TargetFrameworkVersion><DesignMode>False</DesignMode><CollectSourceInformation>False</CollectSourceInformation><TestAdaptersPaths>C:\Program Files\dotnet\sdk\8.0.101\Extensions</TestAdaptersPaths></RunConfiguration><LoggerRunSettings><Loggers><Logger friendlyName="blame" enabled="True" /><Logger friendlyName="Console" uri="logger://microsoft/TestPlatform/ConsoleLogger/v1" assemblyQualifiedName="Microsoft.VisualStudio.TestPlatform.CommandLine.Internal.ConsoleLogger, vstest.console, Version=15.0.0.0, Culture=neutral, PublicKeyToken=b03f5f7f11d50a3a" codeBase="C:\Program Files\dotnet\sdk\8.0.101\vstest.console.dll" enabled="True" /></Loggers></LoggerRunSettings><DataCollectionRunSettings><DataCollectors><DataCollector friendlyName="blame" enabled="True"><Configuration><ResultsDirectory>D:\Иван\GitHub\Back-EndTestAutomation\Back-End Technologies\17. Code Coverage\LibraryManagementSystem\LibraryManagementTest\bin\Debug\net6.0\fine-code-coverage\coverage-tool-output</ResultsDirectory></Configuration></DataCollector></DataCollectors></DataCollectionRunSettings></RunSettings> and sources System.Collections.Generic.List`1[System.String]: 
TpTrace Verbose: 0 : 25756, 5, 2024/02/20, 12:39:54.526, 4899490004536, vstest.console.dll, DataCollectionRequestSender.SendBeforeTestRunStartAndGetResult: Received message: (DataCollection.SendMessage) -> {"MessageType":"DataCollection.SendMessage","Payload":{"FriendlyName":null,"Uri":null,"TestCaseId":"00000000-0000-0000-0000-000000000000","Message":"Logging DataCollector Diagnostics in file: D:\\Иван\\GitHub\\Back-EndTestAutomation\\Back-End Technologies\\17. Code Coverage\\LibraryManagementSystem\\LibraryManagementTest\\bin\\Debug\\net6.0\\fine-code-coverage\\coverage-tool-output\\diagnostics.datacollector.24-02-20_12-39-54_37940_5.log","Level":0}}
TpTrace Verbose: 0 : 25756, 5, 2024/02/20, 12:39:54.581, 4899490553488, vstest.console.dll, DataCollectionRequestSender.SendBeforeTestRunStartAndGetResult: Received message: (DataCollection.BeforeTestRunStartResult) -> {"MessageType":"DataCollection.BeforeTestRunStartResult","Payload":{"EnvironmentVariables":{},"DataCollectionEventsPort":10962}}
TpTrace Information: 0 : 25756, 5, 2024/02/20, 12:39:54.584, 4899490585556, vstest.console.dll, ProxyDataCollectionManager.BeforeTestRunStart: SendBeforeTestRunStartAndGetResult successful, env variable from datacollector:   and testhost port: 10962
TpTrace Information: 0 : 25756, 5, 2024/02/20, 12:39:54.584, 4899490586294, vstest.console.dll, ProxyDataCollectionManager.InvokeDataCollectionServiceAction: Completed.
TpTrace Verbose: 0 : 25756, 5, 2024/02/20, 12:39:54.584, 4899490586549, vstest.console.dll, ParallelProxyExecutionManager.StartTestRunOnConcurrentManager: Initializing test run. Started clients: 0
TpTrace Verbose: 0 : 25756, 5, 2024/02/20, 12:39:54.584, 4899490587172, vstest.console.dll, ProxyExecutionManager: Test host is always Lazy initialize.
TpTrace Verbose: 0 : 25756, 5, 2024/02/20, 12:39:54.584, 4899490588750, vstest.console.dll, TestRequestSender.InitializeCommunication: initialize communication. 
TpTrace Information: 0 : 25756, 5, 2024/02/20, 12:39:54.585, 4899490592606, vstest.console.dll, SocketServer.Start: Listening on endpoint : 127.0.0.1:10963
TpTrace Verbose: 0 : 25756, 5, 2024/02/20, 12:39:54.585, 4899490598140, vstest.console.dll, DotnetTestHostmanager.GetTestHostProcessStartInfo: Platform environment 'X64' target architecture 'X64' framework '.NETCoreApp,Version=v6.0' OS 'Windows'
TpTrace Verbose: 0 : 25756, 5, 2024/02/20, 12:39:54.585, 4899490599258, vstest.console.dll, DotnetTestHostmanager: Adding  --runtimeconfig "D:\Иван\GitHub\Back-EndTestAutomation\Back-End Technologies\17. Code Coverage\LibraryManagementSystem\LibraryManagementTest\bin\Debug\net6.0\fine-code-coverage\build-output\LibraryManagementTest.runtimeconfig.json" in args
TpTrace Verbose: 0 : 25756, 5, 2024/02/20, 12:39:54.585, 4899490599643, vstest.console.dll, DotnetTestHostmanager: Adding  --depsfile "D:\Иван\GitHub\Back-EndTestAutomation\Back-End Technologies\17. Code Coverage\LibraryManagementSystem\LibraryManagementTest\bin\Debug\net6.0\fine-code-coverage\build-output\LibraryManagementTest.deps.json" in args
TpTrace Verbose: 0 : 25756, 5, 2024/02/20, 12:39:54.586, 4899490600770, vstest.console.dll, DotnetTestHostmanager.IsWinOnArm: Current PROCESSOR_ARCHITECTURE from environment variable 'AMD64'
TpTrace Verbose: 0 : 25756, 5, 2024/02/20, 12:39:54.586, 4899490601172, vstest.console.dll, DotnetTestHostmanager.IsWinOnArm: Is Windows on ARM 'False'
TpTrace Verbose: 0 : 25756, 5, 2024/02/20, 12:39:54.586, 4899490601502, vstest.console.dll, DotnetTestHostManager: testhost.exe found at path: D:\Иван\GitHub\Back-EndTestAutomation\Back-End Technologies\17. Code Coverage\LibraryManagementSystem\LibraryManagementTest\bin\Debug\net6.0\fine-code-coverage\build-output\testhost.exe
TpTrace Verbose: 0 : 25756, 5, 2024/02/20, 12:39:54.586, 4899490601808, vstest.console.dll, DotnetTestHostmanager: Full path of host exe is D:\Иван\GitHub\Back-EndTestAutomation\Back-End Technologies\17. Code Coverage\LibraryManagementSystem\LibraryManagementTest\bin\Debug\net6.0\fine-code-coverage\build-output\testhost.exe
TpTrace Verbose: 0 : 25756, 5, 2024/02/20, 12:39:54.586, 4899490602606, vstest.console.dll, DotnetTestHostmanager.LaunchTestHostAsync: Found 'VSTEST_WINAPPHOST_DOTNET_ROOT' in env variables, value 'C:\Program Files\dotnet', forwarding to 'DOTNET_ROOT'
TpTrace Verbose: 0 : 25756, 5, 2024/02/20, 12:39:54.586, 4899490603568, vstest.console.dll, DotnetTestHostManager: Starting process 'D:\Иван\GitHub\Back-EndTestAutomation\Back-End Technologies\17. Code Coverage\LibraryManagementSystem\LibraryManagementTest\bin\Debug\net6.0\fine-code-coverage\build-output\testhost.exe' with command line ' --runtimeconfig "D:\Иван\GitHub\Back-EndTestAutomation\Back-End Technologies\17. Code Coverage\LibraryManagementSystem\LibraryManagementTest\bin\Debug\net6.0\fine-code-coverage\build-output\LibraryManagementTest.runtimeconfig.json" --depsfile "D:\Иван\GitHub\Back-EndTestAutomation\Back-End Technologies\17. Code Coverage\LibraryManagementSystem\LibraryManagementTest\bin\Debug\net6.0\fine-code-coverage\build-output\LibraryManagementTest.deps.json" --port 10963 --endpoint 127.0.0.1:010963 --role client --parentprocessid 25756 --diag "D:\Иван\GitHub\Back-EndTestAutomation\Back-End Technologies\17. Code Coverage\LibraryManagementSystem\LibraryManagementTest\bin\Debug\net6.0\fine-code-coverage\coverage-tool-output\diagnostics.host.24-02-20_12-39-54_58548_5.log" --tracelevel 4 --datacollectionport 10962 --telemetryoptedin false'
TpTrace Verbose: 0 : 25756, 5, 2024/02/20, 12:39:54.616, 4899490908687, vstest.console.dll, MulticastDelegateUtilities.SafeInvoke: HostProviderEvents.OnHostLaunched: Invoking callback 1/2 for Microsoft.VisualStudio.TestPlatform.CrossPlatEngine.Client.ProxyExecutionManagerWithDataCollection., took 0 ms.
TpTrace Verbose: 0 : 25756, 5, 2024/02/20, 12:39:54.617, 4899490911002, vstest.console.dll, Test Runtime launched
TpTrace Verbose: 0 : 25756, 5, 2024/02/20, 12:39:54.617, 4899490911620, vstest.console.dll, MulticastDelegateUtilities.SafeInvoke: HostProviderEvents.OnHostLaunched: Invoking callback 2/2 for Microsoft.VisualStudio.TestPlatform.CrossPlatEngine.Client.ProxyOperationManager., took 0 ms.
TpTrace Verbose: 0 : 25756, 5, 2024/02/20, 12:39:54.617, 4899490912936, vstest.console.dll, TestRequestSender.WaitForRequestHandlerConnection: waiting for connection with timeout: 90000.
TpTrace Verbose: 0 : 25756, 7, 2024/02/20, 12:39:54.745, 4899492190684, vstest.console.dll, MulticastDelegateUtilities.SafeInvoke: SocketServer: ClientConnected: Invoking callback 1/1 for Microsoft.VisualStudio.TestPlatform.CommunicationUtilities.TestRequestSender., took 0 ms.
TpTrace Verbose: 0 : 25756, 5, 2024/02/20, 12:39:54.745, 4899492190684, vstest.console.dll, TestRequestSender.WaitForRequestHandlerConnection: waiting took 127 ms, with timeout 90000 ms, and result 0, which is success.
TpTrace Verbose: 0 : 25756, 7, 2024/02/20, 12:39:54.745, 4899492191642, vstest.console.dll, SocketServer.OnClientConnected: Client connected for endPoint: 127.0.0.1:10963, starting MessageLoopAsync:
TpTrace Verbose: 0 : 25756, 14, 2024/02/20, 12:39:54.745, 4899492195749, vstest.console.dll, TcpClientExtensions.MessageLoopAsync: Polling on remoteEndPoint: 127.0.0.1:10964 localEndPoint: 127.0.0.1:10963
TpTrace Verbose: 0 : 25756, 5, 2024/02/20, 12:39:54.745, 4899492198853, vstest.console.dll, TestRequestSender.CheckVersionWithTestHost: Sending check version message: {"MessageType":"ProtocolVersion","Payload":7}
TpTrace Verbose: 0 : 25756, 14, 2024/02/20, 12:39:54.850, 4899493244668, vstest.console.dll, TcpClientExtensions.MessageLoopAsync: NotifyDataAvailable remoteEndPoint: 127.0.0.1:10964 localEndPoint: 127.0.0.1:10963
TpTrace Verbose: 0 : 25756, 14, 2024/02/20, 12:39:54.850, 4899493246836, vstest.console.dll, TestRequestSender.CheckVersionWithTestHost: onMessageReceived received message: (ProtocolVersion) -> {"MessageType":"ProtocolVersion","Payload":7}
TpTrace Verbose: 0 : 25756, 14, 2024/02/20, 12:39:54.851, 4899493252511, vstest.console.dll, MulticastDelegateUtilities.SafeInvoke: LengthPrefixCommunicationChannel: MessageReceived: Invoking callback 1/1 for Microsoft.VisualStudio.TestPlatform.CommunicationUtilities.TestRequestSender+<>c__DisplayClass29_0., took 0 ms.
TpTrace Verbose: 0 : 25756, 14, 2024/02/20, 12:39:54.851, 4899493253133, vstest.console.dll, TcpClientExtensions.MessageLoopAsync: Polling on remoteEndPoint: 127.0.0.1:10964 localEndPoint: 127.0.0.1:10963
TpTrace Verbose: 0 : 25756, 5, 2024/02/20, 12:39:54.851, 4899493253371, vstest.console.dll, TestPluginCache.GetExtensionPaths: Filtered extension paths: 
TpTrace Verbose: 0 : 25756, 5, 2024/02/20, 12:39:54.851, 4899493253977, vstest.console.dll, TestPluginCache.GetExtensionPaths: Added default extension paths: C:\Program Files\dotnet\sdk\8.0.101\Extensions\Microsoft.Diagnostics.NETCore.Client.dll
C:\Program Files\dotnet\sdk\8.0.101\Extensions\Microsoft.TestPlatform.Extensions.BlameDataCollector.dll
C:\Program Files\dotnet\sdk\8.0.101\Extensions\Microsoft.TestPlatform.Extensions.EventLogCollector.dll
C:\Program Files\dotnet\sdk\8.0.101\Extensions\Microsoft.TestPlatform.TestHostRuntimeProvider.dll
C:\Program Files\dotnet\sdk\8.0.101\Extensions\Microsoft.VisualStudio.TestPlatform.Extensions.Html.TestLogger.dll
C:\Program Files\dotnet\sdk\8.0.101\Extensions\Microsoft.VisualStudio.TestPlatform.Extensions.Trx.TestLogger.dll
TpTrace Verbose: 0 : 25756, 5, 2024/02/20, 12:39:54.851, 4899493254227, vstest.console.dll, TestPluginCache.GetExtensionPaths: Added unfilterableExtensionPaths: 
TpTrace Verbose: 0 : 25756, 5, 2024/02/20, 12:39:54.853, 4899493273000, vstest.console.dll, TestRequestSender.InitializeExecution: Sending initialize execution with message: {"Version":7,"MessageType":"TestExecution.Initialize","Payload":["D:\\Иван\\GitHub\\Back-EndTestAutomation\\Back-End Technologies\\17. Code Coverage\\LibraryManagementSystem\\LibraryManagementTest\\bin\\Debug\\net6.0\\fine-code-coverage\\build-output\\NUnit3.TestAdapter.dll"]}
TpTrace Verbose: 0 : 25756, 5, 2024/02/20, 12:39:54.853, 4899493274454, vstest.console.dll, ParallelProxyExecutionManager.StartTestRunOnConcurrentManager: Execution starting. Started clients: 1
TpTrace Verbose: 0 : 25756, 5, 2024/02/20, 12:39:54.853, 4899493276399, vstest.console.dll, TestRunRequest:SendTestRunMessage: Starting.
TpTrace Verbose: 0 : 25756, 5, 2024/02/20, 12:39:54.853, 4899493277545, vstest.console.dll, MulticastDelegateUtilities.SafeInvoke: TestRun.LogMessages: Invoking callback 1/1 for Microsoft.VisualStudio.TestPlatform.CommandLine.TestRunResultAggregator., took 0 ms.
TpTrace Information: 0 : 25756, 5, 2024/02/20, 12:39:54.853, 4899493277802, vstest.console.dll, TestRunRequest:SendTestRunMessage: Completed.
TpTrace Verbose: 0 : 25756, 4, 2024/02/20, 12:39:54.853, 4899493279081, vstest.console.dll, MulticastDelegateUtilities.SafeInvoke: InternalTestLoggerEvents.SendTestRunMessage: Invoking callback 1/1 for Microsoft.VisualStudio.TestPlatform.CommandLine.Internal.ConsoleLogger., took 0 ms.
TpTrace Warning: 0 : 25756, 5, 2024/02/20, 12:39:54.853, 4899493280481, vstest.console.dll, InferRunSettingsHelper.MakeRunsettingsCompatible: Removing the following settings: TargetPlatform from RunSettings file. To use those settings please move to latest version of Microsoft.NET.Test.Sdk
TpTrace Verbose: 0 : 25756, 14, 2024/02/20, 12:39:54.854, 4899493286394, vstest.console.dll, TcpClientExtensions.MessageLoopAsync: NotifyDataAvailable remoteEndPoint: 127.0.0.1:10964 localEndPoint: 127.0.0.1:10963
TpTrace Verbose: 0 : 25756, 14, 2024/02/20, 12:39:54.854, 4899493288274, vstest.console.dll, TestRequestSender.OnExecutionMessageReceived: Received message: {"Version":7,"MessageType":"TestSession.Message","Payload":{"MessageLevel":0,"Message":"Logging TestHost Diagnostics in file: D:\\Иван\\GitHub\\Back-EndTestAutomation\\Back-End Technologies\\17. Code Coverage\\LibraryManagementSystem\\LibraryManagementTest\\bin\\Debug\\net6.0\\fine-code-coverage\\coverage-tool-output\\diagnostics.host.24-02-20_12-39-54_58548_5.log"}}
TpTrace Verbose: 0 : 25756, 14, 2024/02/20, 12:39:54.856, 4899493304866, vstest.console.dll, TestRunRequest:SendTestRunMessage: Starting.
TpTrace Verbose: 0 : 25756, 14, 2024/02/20, 12:39:54.856, 4899493305716, vstest.console.dll, MulticastDelegateUtilities.SafeInvoke: TestRun.LogMessages: Invoking callback 1/1 for Microsoft.VisualStudio.TestPlatform.CommandLine.TestRunResultAggregator., took 0 ms.
TpTrace Verbose: 0 : 25756, 4, 2024/02/20, 12:39:54.856, 4899493305881, vstest.console.dll, MulticastDelegateUtilities.SafeInvoke: InternalTestLoggerEvents.SendTestRunMessage: Invoking callback 1/1 for Microsoft.VisualStudio.TestPlatform.CommandLine.Internal.ConsoleLogger., took 0 ms.
TpTrace Information: 0 : 25756, 14, 2024/02/20, 12:39:54.856, 4899493305935, vstest.console.dll, TestRunRequest:SendTestRunMessage: Completed.
TpTrace Verbose: 0 : 25756, 14, 2024/02/20, 12:39:54.856, 4899493306755, vstest.console.dll, MulticastDelegateUtilities.SafeInvoke: LengthPrefixCommunicationChannel: MessageReceived: Invoking callback 1/1 for Microsoft.VisualStudio.TestPlatform.CommunicationUtilities.TestRequestSender+<>c__DisplayClass34_0., took 1 ms.
TpTrace Verbose: 0 : 25756, 14, 2024/02/20, 12:39:54.856, 4899493306987, vstest.console.dll, TcpClientExtensions.MessageLoopAsync: Polling on remoteEndPoint: 127.0.0.1:10964 localEndPoint: 127.0.0.1:10963
TpTrace Verbose: 0 : 25756, 5, 2024/02/20, 12:39:54.857, 4899493319096, vstest.console.dll, TestRequestSender.StartTestRun: Sending test run with message: {"Version":7,"MessageType":"TestExecution.StartWithSources","Payload":{"AdapterSourceMap":{"_none_":["D:\\Иван\\GitHub\\Back-EndTestAutomation\\Back-End Technologies\\17. Code Coverage\\LibraryManagementSystem\\LibraryManagementTest\\bin\\Debug\\net6.0\\fine-code-coverage\\build-output\\LibraryManagementTest.dll"]},"RunSettings":"<RunSettings>\r\n  <RunConfiguration>\r\n    <ResultsDirectory>D:\\Иван\\GitHub\\Back-EndTestAutomation\\Back-End Technologies\\17. Code Coverage\\LibraryManagementSystem\\LibraryManagementTest\\bin\\Debug\\net6.0\\fine-code-coverage\\coverage-tool-output</ResultsDirectory>\r\n    <TargetFrameworkVersion>.NETCoreApp,Version=v6.0</TargetFrameworkVersion>\r\n    <DesignMode>False</DesignMode>\r\n    <CollectSourceInformation>False</CollectSourceInformation>\r\n  </RunConfiguration>\r\n  <LoggerRunSettings>\r\n    <Loggers>\r\n      <Logger friendlyName=\"blame\" enabled=\"True\" />\r\n      <Logger friendlyName=\"Console\" uri=\"logger://microsoft/TestPlatform/ConsoleLogger/v1\" assemblyQualifiedName=\"Microsoft.VisualStudio.TestPlatform.CommandLine.Internal.ConsoleLogger, vstest.console, Version=15.0.0.0, Culture=neutral, PublicKeyToken=b03f5f7f11d50a3a\" codeBase=\"C:\\Program Files\\dotnet\\sdk\\8.0.101\\vstest.console.dll\" enabled=\"True\" />\r\n    </Loggers>\r\n  </LoggerRunSettings>\r\n  <DataCollectionRunSettings>\r\n    <DataCollectors>\r\n      <DataCollector friendlyName=\"blame\" enabled=\"True\">\r\n        <Configuration>\r\n          <ResultsDirectory>D:\\Иван\\GitHub\\Back-EndTestAutomation\\Back-End Technologies\\17. Code Coverage\\LibraryManagementSystem\\LibraryManagementTest\\bin\\Debug\\net6.0\\fine-code-coverage\\coverage-tool-output</ResultsDirectory>\r\n        </Configuration>\r\n      </DataCollector>\r\n    </DataCollectors>\r\n  </DataCollectionRunSettings>\r\n</RunSettings>","TestExecutionContext":{"FrequencyOfRunStatsChangeEvent":10,"RunStatsChangeEventTimeout":"00:00:01.5000000","InIsolation":false,"KeepAlive":false,"AreTestCaseLevelEventsRequired":false,"IsDebug":false,"TestCaseFilter":null,"FilterOptions":null},"Package":null}}
TpTrace Verbose: 0 : 25756, 5, 2024/02/20, 12:39:54.857, 4899493320232, vstest.console.dll, ParallelProxyExecutionManager.StartTestRunOnConcurrentManager: Execution started. Started clients: 1
TpTrace Verbose: 0 : 25756, 14, 2024/02/20, 12:39:54.991, 4899494658568, vstest.console.dll, TcpClientExtensions.MessageLoopAsync: NotifyDataAvailable remoteEndPoint: 127.0.0.1:10964 localEndPoint: 127.0.0.1:10963
TpTrace Verbose: 0 : 25756, 14, 2024/02/20, 12:39:54.991, 4899494660150, vstest.console.dll, TestRequestSender.OnExecutionMessageReceived: Received message: {"Version":7,"MessageType":"TestSession.Message","Payload":{"MessageLevel":0,"Message":"NUnit Adapter 4.4.0.0: Test execution started"}}
TpTrace Verbose: 0 : 25756, 14, 2024/02/20, 12:39:54.992, 4899494662004, vstest.console.dll, TestRunRequest:SendTestRunMessage: Starting.
TpTrace Verbose: 0 : 25756, 14, 2024/02/20, 12:39:54.992, 4899494662475, vstest.console.dll, MulticastDelegateUtilities.SafeInvoke: TestRun.LogMessages: Invoking callback 1/1 for Microsoft.VisualStudio.TestPlatform.CommandLine.TestRunResultAggregator., took 0 ms.
TpTrace Information: 0 : 25756, 14, 2024/02/20, 12:39:54.992, 4899494662669, vstest.console.dll, TestRunRequest:SendTestRunMessage: Completed.
TpTrace Verbose: 0 : 25756, 4, 2024/02/20, 12:39:54.992, 4899494662703, vstest.console.dll, MulticastDelegateUtilities.SafeInvoke: InternalTestLoggerEvents.SendTestRunMessage: Invoking callback 1/1 for Microsoft.VisualStudio.TestPlatform.CommandLine.Internal.ConsoleLogger., took 0 ms.
TpTrace Verbose: 0 : 25756, 14, 2024/02/20, 12:39:54.992, 4899494662833, vstest.console.dll, MulticastDelegateUtilities.SafeInvoke: LengthPrefixCommunicationChannel: MessageReceived: Invoking callback 1/1 for Microsoft.VisualStudio.TestPlatform.CommunicationUtilities.TestRequestSender+<>c__DisplayClass34_0., took 0 ms.
TpTrace Verbose: 0 : 25756, 14, 2024/02/20, 12:39:54.992, 4899494663781, vstest.console.dll, TcpClientExtensions.MessageLoopAsync: Polling on remoteEndPoint: 127.0.0.1:10964 localEndPoint: 127.0.0.1:10963
TpTrace Verbose: 0 : 25756, 14, 2024/02/20, 12:39:55.014, 4899494885911, vstest.console.dll, TcpClientExtensions.MessageLoopAsync: NotifyDataAvailable remoteEndPoint: 127.0.0.1:10964 localEndPoint: 127.0.0.1:10963
TpTrace Verbose: 0 : 25756, 14, 2024/02/20, 12:39:55.014, 4899494887987, vstest.console.dll, TestRequestSender.OnExecutionMessageReceived: Received message: {"Version":7,"MessageType":"TestSession.Message","Payload":{"MessageLevel":0,"Message":"Running all tests in D:\\Иван\\GitHub\\Back-EndTestAutomation\\Back-End Technologies\\17. Code Coverage\\LibraryManagementSystem\\LibraryManagementTest\\bin\\Debug\\net6.0\\fine-code-coverage\\build-output\\LibraryManagementTest.dll"}}
TpTrace Verbose: 0 : 25756, 14, 2024/02/20, 12:39:55.014, 4899494889319, vstest.console.dll, TestRunRequest:SendTestRunMessage: Starting.
TpTrace Verbose: 0 : 25756, 14, 2024/02/20, 12:39:55.014, 4899494889835, vstest.console.dll, MulticastDelegateUtilities.SafeInvoke: TestRun.LogMessages: Invoking callback 1/1 for Microsoft.VisualStudio.TestPlatform.CommandLine.TestRunResultAggregator., took 0 ms.
TpTrace Information: 0 : 25756, 14, 2024/02/20, 12:39:55.014, 4899494890078, vstest.console.dll, TestRunRequest:SendTestRunMessage: Completed.
TpTrace Verbose: 0 : 25756, 4, 2024/02/20, 12:39:55.014, 4899494890072, vstest.console.dll, MulticastDelegateUtilities.SafeInvoke: InternalTestLoggerEvents.SendTestRunMessage: Invoking callback 1/1 for Microsoft.VisualStudio.TestPlatform.CommandLine.Internal.ConsoleLogger., took 0 ms.
TpTrace Verbose: 0 : 25756, 14, 2024/02/20, 12:39:55.014, 4899494890269, vstest.console.dll, MulticastDelegateUtilities.SafeInvoke: LengthPrefixCommunicationChannel: MessageReceived: Invoking callback 1/1 for Microsoft.VisualStudio.TestPlatform.CommunicationUtilities.TestRequestSender+<>c__DisplayClass34_0., took 0 ms.
TpTrace Verbose: 0 : 25756, 14, 2024/02/20, 12:39:55.015, 4899494890951, vstest.console.dll, TcpClientExtensions.MessageLoopAsync: Polling on remoteEndPoint: 127.0.0.1:10964 localEndPoint: 127.0.0.1:10963
TpTrace Verbose: 0 : 25756, 14, 2024/02/20, 12:39:55.136, 4899496109354, vstest.console.dll, TcpClientExtensions.MessageLoopAsync: NotifyDataAvailable remoteEndPoint: 127.0.0.1:10964 localEndPoint: 127.0.0.1:10963
TpTrace Verbose: 0 : 25756, 14, 2024/02/20, 12:39:55.137, 4899496112026, vstest.console.dll, TestRequestSender.OnExecutionMessageReceived: Received message: {"Version":7,"MessageType":"TestSession.Message","Payload":{"MessageLevel":0,"Message":"   NUnit3TestExecutor discovered 7 of 7 NUnit test cases using Current Discovery mode, Non-Explicit run"}}
TpTrace Verbose: 0 : 25756, 14, 2024/02/20, 12:39:55.137, 4899496113955, vstest.console.dll, TestRunRequest:SendTestRunMessage: Starting.
TpTrace Verbose: 0 : 25756, 14, 2024/02/20, 12:39:55.137, 4899496114685, vstest.console.dll, MulticastDelegateUtilities.SafeInvoke: TestRun.LogMessages: Invoking callback 1/1 for Microsoft.VisualStudio.TestPlatform.CommandLine.TestRunResultAggregator., took 0 ms.
TpTrace Information: 0 : 25756, 14, 2024/02/20, 12:39:55.137, 4899496114922, vstest.console.dll, TestRunRequest:SendTestRunMessage: Completed.
TpTrace Verbose: 0 : 25756, 4, 2024/02/20, 12:39:55.137, 4899496115000, vstest.console.dll, MulticastDelegateUtilities.SafeInvoke: InternalTestLoggerEvents.SendTestRunMessage: Invoking callback 1/1 for Microsoft.VisualStudio.TestPlatform.CommandLine.Internal.ConsoleLogger., took 0 ms.
TpTrace Verbose: 0 : 25756, 14, 2024/02/20, 12:39:55.137, 4899496115186, vstest.console.dll, MulticastDelegateUtilities.SafeInvoke: LengthPrefixCommunicationChannel: MessageReceived: Invoking callback 1/1 for Microsoft.VisualStudio.TestPlatform.CommunicationUtilities.TestRequestSender+<>c__DisplayClass34_0., took 0 ms.
TpTrace Verbose: 0 : 25756, 14, 2024/02/20, 12:39:55.137, 4899496116235, vstest.console.dll, TcpClientExtensions.MessageLoopAsync: Polling on remoteEndPoint: 127.0.0.1:10964 localEndPoint: 127.0.0.1:10963
TpTrace Verbose: 0 : 25756, 14, 2024/02/20, 12:39:55.245, 4899497198274, vstest.console.dll, TcpClientExtensions.MessageLoopAsync: NotifyDataAvailable remoteEndPoint: 127.0.0.1:10964 localEndPoint: 127.0.0.1:10963
TpTrace Verbose: 0 : 25756, 14, 2024/02/20, 12:39:55.245, 4899497200366, vstest.console.dll, TestRequestSender.OnExecutionMessageReceived: Received message: {"Version":7,"MessageType":"TestSession.Message","Payload":{"MessageLevel":0,"Message":"NUnit Adapter 4.4.0.0: Test execution complete"}}
TpTrace Verbose: 0 : 25756, 14, 2024/02/20, 12:39:55.246, 4899497201692, vstest.console.dll, TestRunRequest:SendTestRunMessage: Starting.
TpTrace Verbose: 0 : 25756, 14, 2024/02/20, 12:39:55.246, 4899497202340, vstest.console.dll, MulticastDelegateUtilities.SafeInvoke: TestRun.LogMessages: Invoking callback 1/1 for Microsoft.VisualStudio.TestPlatform.CommandLine.TestRunResultAggregator., took 0 ms.
TpTrace Information: 0 : 25756, 14, 2024/02/20, 12:39:55.246, 4899497202594, vstest.console.dll, TestRunRequest:SendTestRunMessage: Completed.
TpTrace Verbose: 0 : 25756, 4, 2024/02/20, 12:39:55.246, 4899497202559, vstest.console.dll, MulticastDelegateUtilities.SafeInvoke: InternalTestLoggerEvents.SendTestRunMessage: Invoking callback 1/1 for Microsoft.VisualStudio.TestPlatform.CommandLine.Internal.ConsoleLogger., took 0 ms.
TpTrace Verbose: 0 : 25756, 14, 2024/02/20, 12:39:55.246, 4899497202973, vstest.console.dll, MulticastDelegateUtilities.SafeInvoke: LengthPrefixCommunicationChannel: MessageReceived: Invoking callback 1/1 for Microsoft.VisualStudio.TestPlatform.CommunicationUtilities.TestRequestSender+<>c__DisplayClass34_0., took 0 ms.
TpTrace Verbose: 0 : 25756, 14, 2024/02/20, 12:39:55.246, 4899497203784, vstest.console.dll, TcpClientExtensions.MessageLoopAsync: Polling on remoteEndPoint: 127.0.0.1:10964 localEndPoint: 127.0.0.1:10963
TpTrace Verbose: 0 : 25756, 14, 2024/02/20, 12:39:55.277, 4899497520182, vstest.console.dll, TcpClientExtensions.MessageLoopAsync: NotifyDataAvailable remoteEndPoint: 127.0.0.1:10964 localEndPoint: 127.0.0.1:10963
TpTrace Verbose: 0 : 25756, 14, 2024/02/20, 12:39:55.278, 4899497523279, vstest.console.dll, TestRequestSender.OnExecutionMessageReceived: Received message: {"Version":7,"MessageType":"TestExecution.Completed","Payload":{"TestRunCompleteArgs":{"TestRunStatistics":{"ExecutedTests":7,"Stats":{"Passed":7}},"IsCanceled":false,"IsAborted":false,"Error":null,"AttachmentSets":[],"InvokedDataCollectors":[],"ElapsedTimeInRunningTests":"00:00:00.2766716","Metrics":{},"DiscoveredExtensions":{"TestDiscoverers":["NUnit.VisualStudio.TestAdapter.NUnit3TestDiscoverer, NUnit3.TestAdapter, Version=4.4.0.0, Culture=neutral, PublicKeyToken=4cb40d35494691ac"],"TestExecutors":["executor://NUnit3TestExecutor"],"TestExecutors2":[],"TestSettingsProviders":[]}},"LastRunTests":{"NewTestResults":[{"TestCase":{"Id":"30f5dd6e-c876-cfbf-a0c4-66b497e24e47","FullyQualifiedName":"LibraryManagementTest.LibraryTests.AddBook_ShouldAddANewBookToTheLibrary","DisplayName":"AddBook_ShouldAddANewBookToTheLibrary","ExecutorUri":"executor://NUnit3TestExecutor","Source":"D:\\Иван\\GitHub\\Back-EndTestAutomation\\Back-End Technologies\\17. Code Coverage\\LibraryManagementSystem\\LibraryManagementTest\\bin\\Debug\\net6.0\\fine-code-coverage\\build-output\\LibraryManagementTest.dll","CodeFilePath":null,"LineNumber":0,"Properties":[{"Key":{"Id":"NUnit.Seed","Label":"Seed","Category":"","Description":"","Attributes":0,"ValueType":"System.String"},"Value":"1656815079"}]},"Attachments":[],"Outcome":1,"ErrorMessage":null,"ErrorStackTrace":null,"DisplayName":"AddBook_ShouldAddANewBookToTheLibrary","Messages":[],"ComputerName":"DESKTOP-QI8JBMK","Duration":"00:00:00.0117770","StartTime":"2024-02-20T10:39:55.1644637+00:00","EndTime":"2024-02-20T10:39:55.1761714+00:00","Properties":[{"Key":{"Id":"NUnit.Seed","Label":"Seed","Category":"","Description":"","Attributes":0,"ValueType":"System.String"},"Value":"1656815079"}]},{"TestCase":{"Id":"02240ee2-afb6-430b-bb13-42645f9e7516","FullyQualifiedName":"LibraryManagementTest.LibraryTests.CheckOutBook_ShouldReturnFalse_IfBookDoesNotExist","DisplayName":"CheckOutBook_ShouldReturnFalse_IfBookDoesNotExist","ExecutorUri":"executor://NUnit3TestExecutor","Source":"D:\\Иван\\GitHub\\Back-EndTestAutomation\\Back-End Technologies\\17. Code Coverage\\LibraryManagementSystem\\LibraryManagementTest\\bin\\Debug\\net6.0\\fine-code-coverage\\build-output\\LibraryManagementTest.dll","CodeFilePath":null,"LineNumber":0,"Properties":[{"Key":{"Id":"NUnit.Seed","Label":"Seed","Category":"","Description":"","Attributes":0,"ValueType":"System.String"},"Value":"53973531"}]},"Attachments":[],"Outcome":1,"ErrorMessage":null,"ErrorStackTrace":null,"DisplayName":"CheckOutBook_ShouldReturnFalse_IfBookDoesNotExist","Messages":[],"ComputerName":"DESKTOP-QI8JBMK","Duration":"00:00:00.0004780","StartTime":"2024-02-20T10:39:55.1776378+00:00","EndTime":"2024-02-20T10:39:55.1781156+00:00","Properties":[{"Key":{"Id":"NUnit.Seed","Label":"Seed","Category":"","Description":"","Attributes":0,"ValueType":"System.String"},"Value":"53973531"}]},{"TestCase":{"Id":"9375f8c9-bf34-9883-de5a-ddecd647931b","FullyQualifiedName":"LibraryManagementTest.LibraryTests.CheckOutBook_ShouldReturnFalse_IfBookIsAlreadyCheckedOut","DisplayName":"CheckOutBook_ShouldReturnFalse_IfBookIsAlreadyCheckedOut","ExecutorUri":"executor://NUnit3TestExecutor","Source":"D:\\Иван\\GitHub\\Back-EndTestAutomation\\Back-End Technologies\\17. Code Coverage\\LibraryManagementSystem\\LibraryManagementTest\\bin\\Debug\\net6.0\\fine-code-coverage\\build-output\\LibraryManagementTest.dll","CodeFilePath":null,"LineNumber":0,"Properties":[{"Key":{"Id":"NUnit.Seed","Label":"Seed","Category":"","Description":"","Attributes":0,"ValueType":"System.String"},"Value":"1983520816"}]},"Attachments":[],"Outcome":1,"ErrorMessage":null,"ErrorStackTrace":null,"DisplayName":"CheckOutBook_ShouldReturnFalse_IfBookIsAlreadyCheckedOut","Messages":[],"ComputerName":"DESKTOP-QI8JBMK","Duration":"00:00:00.0001410","StartTime":"2024-02-20T10:39:55.1781409+00:00","EndTime":"2024-02-20T10:39:55.1782817+00:00","Properties":[{"Key":{"Id":"NUnit.Seed","Label":"Seed","Category":"","Description":"","Attributes":0,"ValueType":"System.String"},"Value":"1983520816"}]},{"TestCase":{"Id":"2d7225fc-7a89-45a9-da69-76d1b043daee","FullyQualifiedName":"LibraryManagementTest.LibraryTests.CheckOutBook_ShouldReturnTrue_IfWeCanCheckoutTheBook","DisplayName":"CheckOutBook_ShouldReturnTrue_IfWeCanCheckoutTheBook","ExecutorUri":"executor://NUnit3TestExecutor","Source":"D:\\Иван\\GitHub\\Back-EndTestAutomation\\Back-End Technologies\\17. Code Coverage\\LibraryManagementSystem\\LibraryManagementTest\\bin\\Debug\\net6.0\\fine-code-coverage\\build-output\\LibraryManagementTest.dll","CodeFilePath":null,"LineNumber":0,"Properties":[{"Key":{"Id":"NUnit.Seed","Label":"Seed","Category":"","Description":"","Attributes":0,"ValueType":"System.String"},"Value":"1153504386"}]},"Attachments":[],"Outcome":1,"ErrorMessage":null,"ErrorStackTrace":null,"DisplayName":"CheckOutBook_ShouldReturnTrue_IfWeCanCheckoutTheBook","Messages":[],"ComputerName":"DESKTOP-QI8JBMK","Duration":"00:00:00.0003920","StartTime":"2024-02-20T10:39:55.1782952+00:00","EndTime":"2024-02-20T10:39:55.1786866+00:00","Properties":[{"Key":{"Id":"NUnit.Seed","Label":"Seed","Category":"","Description":"","Attributes":0,"ValueType":"System.String"},"Value":"1153504386"}]},{"TestCase":{"Id":"81cbdc5d-fe55-304e-f890-b9e9a6db36eb","FullyQualifiedName":"LibraryManagementTest.LibraryTests.ReturnBook_ShouldReturnFalse_IfBookDoesNotExist","DisplayName":"ReturnBook_ShouldReturnFalse_IfBookDoesNotExist","ExecutorUri":"executor://NUnit3TestExecutor","Source":"D:\\Иван\\GitHub\\Back-EndTestAutomation\\Back-End Technologies\\17. Code Coverage\\LibraryManagementSystem\\LibraryManagementTest\\bin\\Debug\\net6.0\\fine-code-coverage\\build-output\\LibraryManagementTest.dll","CodeFilePath":null,"LineNumber":0,"Properties":[{"Key":{"Id":"NUnit.Seed","Label":"Seed","Category":"","Description":"","Attributes":0,"ValueType":"System.String"},"Value":"497122828"}]},"Attachments":[],"Outcome":1,"ErrorMessage":null,"ErrorStackTrace":null,"DisplayName":"ReturnBook_ShouldReturnFalse_IfBookDoesNotExist","Messages":[],"ComputerName":"DESKTOP-QI8JBMK","Duration":"00:00:00.0003450","StartTime":"2024-02-20T10:39:55.1786977+00:00","EndTime":"2024-02-20T10:39:55.1790429+00:00","Properties":[{"Key":{"Id":"NUnit.Seed","Label":"Seed","Category":"","Description":"","Attributes":0,"ValueType":"System.String"},"Value":"497122828"}]},{"TestCase":{"Id":"aa634f53-aaef-ef7c-86bf-ce465753718b","FullyQualifiedName":"LibraryManagementTest.LibraryTests.ReturnBook_ShouldReturnFalse_IfBookIsNotCheckedOut","DisplayName":"ReturnBook_ShouldReturnFalse_IfBookIsNotCheckedOut","ExecutorUri":"executor://NUnit3TestExecutor","Source":"D:\\Иван\\GitHub\\Back-EndTestAutomation\\Back-End Technologies\\17. Code Coverage\\LibraryManagementSystem\\LibraryManagementTest\\bin\\Debug\\net6.0\\fine-code-coverage\\build-output\\LibraryManagementTest.dll","CodeFilePath":null,"LineNumber":0,"Properties":[{"Key":{"Id":"NUnit.Seed","Label":"Seed","Category":"","Description":"","Attributes":0,"ValueType":"System.String"},"Value":"325601735"}]},"Attachments":[],"Outcome":1,"ErrorMessage":null,"ErrorStackTrace":null,"DisplayName":"ReturnBook_ShouldReturnFalse_IfBookIsNotCheckedOut","Messages":[],"ComputerName":"DESKTOP-QI8JBMK","Duration":"00:00:00.0000980","StartTime":"2024-02-20T10:39:55.1790541+00:00","EndTime":"2024-02-20T10:39:55.1791522+00:00","Properties":[{"Key":{"Id":"NUnit.Seed","Label":"Seed","Category":"","Description":"","Attributes":0,"ValueType":"System.String"},"Value":"325601735"}]},{"TestCase":{"Id":"b8758619-1c9b-1fb4-61bd-838783775275","FullyQualifiedName":"LibraryManagementTest.LibraryTests.ReturnBook_ShouldReturnTrue_IfBookCanBeCheckedOut","DisplayName":"ReturnBook_ShouldReturnTrue_IfBookCanBeCheckedOut","ExecutorUri":"executor://NUnit3TestExecutor","Source":"D:\\Иван\\GitHub\\Back-EndTestAutomation\\Back-End Technologies\\17. Code Coverage\\LibraryManagementSystem\\LibraryManagementTest\\bin\\Debug\\net6.0\\fine-code-coverage\\build-output\\LibraryManagementTest.dll","CodeFilePath":null,"LineNumber":0,"Properties":[{"Key":{"Id":"NUnit.Seed","Label":"Seed","Category":"","Description":"","Attributes":0,"ValueType":"System.String"},"Value":"1014386242"}]},"Attachments":[],"Outcome":1,"ErrorMessage":null,"ErrorStackTrace":null,"DisplayName":"ReturnBook_ShouldReturnTrue_IfBookCanBeCheckedOut","Messages":[],"ComputerName":"DESKTOP-QI8JBMK","Duration":"00:00:00.0001380","StartTime":"2024-02-20T10:39:55.1791613+00:00","EndTime":"2024-02-20T10:39:55.1792992+00:00","Properties":[{"Key":{"Id":"NUnit.Seed","Label":"Seed","Category":"","Description":"","Attributes":0,"ValueType":"System.String"},"Value":"1014386242"}]}],"TestRunStatistics":{"ExecutedTests":7,"Stats":{"Passed":7}},"ActiveTests":[]},"RunAttachments":[],"ExecutorUris":["executor://nunit3testexecutor/"]}}
TpTrace Verbose: 0 : 25756, 14, 2024/02/20, 12:39:55.278, 4899497524751, vstest.console.dll, TestRequestSender.EndSession: Sending end session.
TpTrace Verbose: 0 : 25756, 14, 2024/02/20, 12:39:55.278, 4899497526166, vstest.console.dll, ProxyOperationManager.Close: waiting for test host to exit for 100 ms
TpTrace Verbose: 0 : 25756, 12, 2024/02/20, 12:39:55.300, 4899497741044, vstest.console.dll, TestHostManagerCallbacks.ctor: Experimental forwarding output is disabled.
TpTrace Warning: 0 : 25756, 12, 2024/02/20, 12:39:55.300, 4899497742832, vstest.console.dll, TestHostManagerCallbacks.ErrorReceivedCallback Test host standard error line: 
TpTrace Verbose: 0 : 25756, 12, 2024/02/20, 12:39:55.306, 4899497801936, vstest.console.dll, TestHostProvider.ExitCallBack: Host exited starting callback.
TpTrace Information: 0 : 25756, 12, 2024/02/20, 12:39:55.306, 4899497803978, vstest.console.dll, TestHostManagerCallbacks.ExitCallBack: Testhost processId: 20112 exited with exitcode: 0 error: ''
TpTrace Verbose: 0 : 25756, 12, 2024/02/20, 12:39:55.306, 4899497804348, vstest.console.dll, DotnetTestHostManager.OnHostExited: invoking OnHostExited callback
TpTrace Verbose: 0 : 25756, 12, 2024/02/20, 12:39:55.306, 4899497806755, vstest.console.dll, CrossPlatEngine.TestHostManagerHostExited: calling on client process exit callback.
TpTrace Information: 0 : 25756, 12, 2024/02/20, 12:39:55.306, 4899497807417, vstest.console.dll, TestRequestSender.OnClientProcessExit: Test host process exited. Standard error: 
TpTrace Information: 0 : 25756, 12, 2024/02/20, 12:39:55.306, 4899497807759, vstest.console.dll, SocketServer.Stop: Stop server endPoint: 127.0.0.1:10963
TpTrace Information: 0 : 25756, 14, 2024/02/20, 12:39:55.306, 4899497807844, vstest.console.dll, SocketServer.Stop: Stop server endPoint: 127.0.0.1:10963
TpTrace Information: 0 : 25756, 12, 2024/02/20, 12:39:55.306, 4899497808080, vstest.console.dll, SocketServer.Stop: Cancellation requested. Stopping message loop.
TpTrace Information: 0 : 25756, 14, 2024/02/20, 12:39:55.306, 4899497808698, vstest.console.dll, SocketServer.Stop: Cancellation requested. Stopping message loop.
TpTrace Information: 0 : 25756, 14, 2024/02/20, 12:39:55.306, 4899497809973, vstest.console.dll, Closing the connection
TpTrace Verbose: 0 : 25756, 12, 2024/02/20, 12:39:55.306, 4899497810045, vstest.console.dll, MulticastDelegateUtilities.SafeInvoke: HostProviderEvents.OnHostExited: Invoking callback 1/1 for Microsoft.VisualStudio.TestPlatform.CrossPlatEngine.Client.ProxyOperationManager., took 0 ms.
TpTrace Verbose: 0 : 25756, 14, 2024/02/20, 12:39:55.307, 4899497811815, vstest.console.dll, ProxyDataCollectionManager.InvokeDataCollectionServiceAction: Starting.
TpTrace Information: 0 : 25756, 14, 2024/02/20, 12:39:55.307, 4899497812244, vstest.console.dll, ProxyDataCollectionManager.AfterTestRunEnd: Get attachment set and invoked data collectors processId: 5420 port: 10960
TpTrace Verbose: 0 : 25756, 14, 2024/02/20, 12:39:55.307, 4899497812644, vstest.console.dll, DataCollectionRequestSender.SendAfterTestRunStartAndGetResult: Send AfterTestRunEnd message with isCancelled: False
TpTrace Verbose: 0 : 25756, 14, 2024/02/20, 12:39:55.312, 4899497869360, vstest.console.dll, DataCollectionRequestSender.SendAfterTestRunStartAndGetResult: Received message: (DataCollection.AfterTestRunEndResult) -> {"MessageType":"DataCollection.AfterTestRunEndResult","Payload":{"AttachmentSets":[],"InvokedDataCollectors":[{"Uri":"datacollector://Microsoft/TestPlatform/Extensions/Blame/v1","FriendlyName":"Blame","AssemblyQualifiedName":"Microsoft.TestPlatform.Extensions.BlameDataCollector.BlameCollector, Microsoft.TestPlatform.Extensions.BlameDataCollector, Version=15.0.0.0, Culture=neutral, PublicKeyToken=b03f5f7f11d50a3a","FilePath":"C:\\Program Files\\dotnet\\sdk\\8.0.101\\Extensions\\Microsoft.TestPlatform.Extensions.BlameDataCollector.dll","HasAttachmentProcessor":false}],"Metrics":{}}}
TpTrace Information: 0 : 25756, 14, 2024/02/20, 12:39:55.318, 4899497921067, vstest.console.dll, ProxyDataCollectionManager.InvokeDataCollectionServiceAction: Completed.
TpTrace Warning: 0 : 25756, 11, 2024/02/20, 12:39:55.330, 4899498048062, vstest.console.dll, DataCollectionLauncher.ErrorReceivedCallback datacollector standard error line: 
TpTrace Information: 0 : 25756, 11, 2024/02/20, 12:39:55.335, 4899498093574, vstest.console.dll, DataCollectionLauncher.ExitCallBack: Data collector exited with exitcode: 0 error: ''
TpTrace Verbose: 0 : 25756, 14, 2024/02/20, 12:39:55.368, 4899498425935, vstest.console.dll, TestRunRequest:SendTestRunStatsChange: Starting.
TpTrace Verbose: 0 : 25756, 14, 2024/02/20, 12:39:55.368, 4899498428296, vstest.console.dll, MulticastDelegateUtilities.SafeInvoke: TestRun.RunStatsChanged: Invoking callbacks was skipped because there are no subscribers.
TpTrace Information: 0 : 25756, 14, 2024/02/20, 12:39:55.368, 4899498428611, vstest.console.dll, TestRunRequest:SendTestRunStatsChange: Completed.
TpTrace Verbose: 0 : 25756, 14, 2024/02/20, 12:39:55.369, 4899498430945, vstest.console.dll, ParallelProxyExecutionManager: HandlePartialRunComplete: Total workloads = 1, Total started clients = 1 Total completed clients = 1, Run complete = True, Run canceled: False.
TpTrace Verbose: 0 : 25756, 14, 2024/02/20, 12:39:55.369, 4899498431396, vstest.console.dll, ParallelProxyExecutionManager: HandlePartialRunComplete: All runs completed stopping all managers.
TpTrace Verbose: 0 : 25756, 14, 2024/02/20, 12:39:55.369, 4899498431696, vstest.console.dll, ParallelOperationManager.StopAllManagers: Stopping all managers.
TpTrace Verbose: 0 : 25756, 14, 2024/02/20, 12:39:55.369, 4899498431915, vstest.console.dll, ParallelOperationManager.ClearSlots: Clearing all slots. Slots should accept more work: False
TpTrace Verbose: 0 : 25756, 14, 2024/02/20, 12:39:55.369, 4899498432286, vstest.console.dll, ParallelOperationManager.SetOccupiedSlotCount: Setting slot counts AvailableSlotCount = 1, OccupiedSlotCount = 0.
TpTrace Verbose: 0 : 25756, 14, 2024/02/20, 12:39:55.369, 4899498432536, vstest.console.dll, Occupied slots:

TpTrace Verbose: 0 : 25756, 4, 2024/02/20, 12:39:55.369, 4899498439301, vstest.console.dll, MulticastDelegateUtilities.SafeInvoke: InternalTestLoggerEvents.SendTestResult: Invoking callback 1/1 for Microsoft.VisualStudio.TestPlatform.CommandLine.Internal.ConsoleLogger., took 1 ms.
TpTrace Verbose: 0 : 25756, 4, 2024/02/20, 12:39:55.370, 4899498441842, vstest.console.dll, MulticastDelegateUtilities.SafeInvoke: InternalTestLoggerEvents.SendTestResult: Invoking callback 1/1 for Microsoft.VisualStudio.TestPlatform.CommandLine.Internal.ConsoleLogger., took 0 ms.
TpTrace Verbose: 0 : 25756, 4, 2024/02/20, 12:39:55.370, 4899498442418, vstest.console.dll, MulticastDelegateUtilities.SafeInvoke: InternalTestLoggerEvents.SendTestResult: Invoking callback 1/1 for Microsoft.VisualStudio.TestPlatform.CommandLine.Internal.ConsoleLogger., took 0 ms.
TpTrace Verbose: 0 : 25756, 4, 2024/02/20, 12:39:55.370, 4899498442804, vstest.console.dll, MulticastDelegateUtilities.SafeInvoke: InternalTestLoggerEvents.SendTestResult: Invoking callback 1/1 for Microsoft.VisualStudio.TestPlatform.CommandLine.Internal.ConsoleLogger., took 0 ms.
TpTrace Verbose: 0 : 25756, 4, 2024/02/20, 12:39:55.370, 4899498443128, vstest.console.dll, MulticastDelegateUtilities.SafeInvoke: InternalTestLoggerEvents.SendTestResult: Invoking callback 1/1 for Microsoft.VisualStudio.TestPlatform.CommandLine.Internal.ConsoleLogger., took 0 ms.
TpTrace Verbose: 0 : 25756, 4, 2024/02/20, 12:39:55.370, 4899498443409, vstest.console.dll, MulticastDelegateUtilities.SafeInvoke: InternalTestLoggerEvents.SendTestResult: Invoking callback 1/1 for Microsoft.VisualStudio.TestPlatform.CommandLine.Internal.ConsoleLogger., took 0 ms.
TpTrace Verbose: 0 : 25756, 4, 2024/02/20, 12:39:55.370, 4899498443777, vstest.console.dll, MulticastDelegateUtilities.SafeInvoke: InternalTestLoggerEvents.SendTestResult: Invoking callback 1/1 for Microsoft.VisualStudio.TestPlatform.CommandLine.Internal.ConsoleLogger., took 0 ms.
TpTrace Verbose: 0 : 25756, 4, 2024/02/20, 12:39:55.375, 4899498495766, vstest.console.dll, MulticastDelegateUtilities.SafeInvoke: InternalTestLoggerEvents.SendTestRunComplete: Invoking callback 1/2 for Microsoft.TestPlatform.Extensions.BlameDataCollector.BlameLogger., took 0 ms.
TpTrace Verbose: 0 : 25756, 4, 2024/02/20, 12:39:55.379, 4899498535183, vstest.console.dll, MulticastDelegateUtilities.SafeInvoke: InternalTestLoggerEvents.SendTestRunComplete: Invoking callback 2/2 for Microsoft.VisualStudio.TestPlatform.CommandLine.Internal.ConsoleLogger., took 3 ms.
TpTrace Verbose: 0 : 25756, 14, 2024/02/20, 12:39:55.379, 4899498539129, vstest.console.dll, TestRunRequest:TestRunComplete: Starting. IsAborted:False IsCanceled:False.
TpTrace Verbose: 0 : 25756, 14, 2024/02/20, 12:39:55.380, 4899498540601, vstest.console.dll, ParallelOperationManager.DoActionOnAllManagers: Calling an action on all managers.
TpTrace Verbose: 0 : 25756, 14, 2024/02/20, 12:39:55.381, 4899498550650, vstest.console.dll, TestLoggerManager.HandleTestRunComplete: Ignoring as the object is disposed.
TpTrace Verbose: 0 : 25756, 14, 2024/02/20, 12:39:55.381, 4899498552721, vstest.console.dll, MulticastDelegateUtilities.SafeInvoke: TestRun.TestRunComplete: Invoking callback 1/2 for Microsoft.VisualStudio.TestPlatform.CommandLine.TestRunResultAggregator., took 0 ms.
TpTrace Verbose: 0 : 25756, 14, 2024/02/20, 12:39:55.381, 4899498553992, vstest.console.dll, MulticastDelegateUtilities.SafeInvoke: TestRun.TestRunComplete: Invoking callback 2/2 for Microsoft.VisualStudio.TestPlatform.CommandLine.Processors.RunTestsArgumentExecutor+TestRunRequestEventsRegistrar., took 0 ms.
TpTrace Information: 0 : 25756, 14, 2024/02/20, 12:39:55.381, 4899498554947, vstest.console.dll, TestRunRequest:TestRunComplete: Completed.
TpTrace Verbose: 0 : 25756, 1, 2024/02/20, 12:39:55.381, 4899498555035, vstest.console.dll, TestRunRequest.Dispose: Starting.
TpTrace Verbose: 0 : 25756, 14, 2024/02/20, 12:39:55.381, 4899498555670, vstest.console.dll, TestRequestSender.SetOperationComplete: Setting operation complete.
TpTrace Information: 0 : 25756, 1, 2024/02/20, 12:39:55.381, 4899498556213, vstest.console.dll, TestRunRequest.Dispose: Completed.
TpTrace Information: 0 : 25756, 14, 2024/02/20, 12:39:55.381, 4899498556613, vstest.console.dll, SocketServer.Stop: Stop server endPoint: 127.0.0.1:10963
TpTrace Information: 0 : 25756, 14, 2024/02/20, 12:39:55.381, 4899498556896, vstest.console.dll, SocketServer.Stop: Cancellation requested. Stopping message loop.
TpTrace Information: 0 : 25756, 1, 2024/02/20, 12:39:55.381, 4899498556714, vstest.console.dll, TestRequestManager.RunTests: run tests completed.
TpTrace Verbose: 0 : 25756, 14, 2024/02/20, 12:39:55.381, 4899498557155, vstest.console.dll, MulticastDelegateUtilities.SafeInvoke: LengthPrefixCommunicationChannel: MessageReceived: Invoking callback 1/1 for Microsoft.VisualStudio.TestPlatform.CommunicationUtilities.TestRequestSender+<>c__DisplayClass34_0., took 103 ms.
TpTrace Information: 0 : 25756, 1, 2024/02/20, 12:39:55.381, 4899498557913, vstest.console.dll, RunTestsArgumentProcessor:Execute: Test run is completed.
TpTrace Information: 0 : 25756, 14, 2024/02/20, 12:39:55.381, 4899498557957, vstest.console.dll, SocketServer.PrivateStop: Stopping server endPoint: 127.0.0.1:10963 error: 
TpTrace Verbose: 0 : 25756, 1, 2024/02/20, 12:39:55.381, 4899498559796, vstest.console.dll, Executor.Execute: Exiting with exit code of 0
TpTrace Verbose: 0 : 25756, 14, 2024/02/20, 12:39:55.382, 4899498562421, vstest.console.dll, LengthPrefixCommunicationChannel.Dispose: Dispose reader and writer.
TpTrace Information: 0 : 25756, 14, 2024/02/20, 12:39:55.382, 4899498563181, vstest.console.dll, SocketServer.Stop: Raise disconnected event endPoint: 127.0.0.1:10963 error: 
