TpTrace Verbose: 0 : 10676, 1, 2024/02/20, 12:41:16.374, 4900308485713, vstest.console.dll, Version: 17.8.0-release-23578-02 Current process architecture: X64
TpTrace Verbose: 0 : 10676, 1, 2024/02/20, 12:41:16.376, 4900308508267, vstest.console.dll, Runtime location: C:\Program Files\dotnet\shared\Microsoft.NETCore.App\8.0.1
TpTrace Verbose: 0 : 10676, 1, 2024/02/20, 12:41:16.378, 4900308523850, vstest.console.dll, ArtifactProcessingPostProcessModeProcessorExecutor.Initialize: ArtifactProcessingMode.Collect
TpTrace Verbose: 0 : 10676, 1, 2024/02/20, 12:41:16.378, 4900308524773, vstest.console.dll, TestSessionCorrelationIdProcessorModeProcessorExecutor.Initialize: TestSessionCorrelationId '24740_c5516b08-9801-4713-a61b-dc4708ee51f5'
TpTrace Information: 0 : 10676, 1, 2024/02/20, 12:41:16.383, 4900308576387, vstest.console.dll, FilePatternParser: The given file C:\Users\Ivan\Desktop\from ExamPrep1-task3\ContactsConsoleAPI\ContactsConsoleAPI.IntegrationTests.NUnit\bin\Debug\net6.0\fine-code-coverage\build-output\ContactsConsoleAPI.IntegrationTests.NUnit.dll is a full path.
TpTrace Verbose: 0 : 10676, 1, 2024/02/20, 12:41:16.386, 4900308605338, vstest.console.dll, TestPluginCache.DiscoverTestExtensions: finding test extensions in assemblies ends with: RuntimeProvider.dll TPluginInfo: Microsoft.VisualStudio.TestPlatform.Common.ExtensionFramework.Utilities.TestRuntimePluginInformation TExtension: Microsoft.VisualStudio.TestPlatform.ObjectModel.Host.ITestRuntimeProvider
TpTrace Verbose: 0 : 10676, 1, 2024/02/20, 12:41:16.386, 4900308607752, vstest.console.dll, TestPluginCache.GetExtensionPaths: Filtered extension paths: 
TpTrace Verbose: 0 : 10676, 1, 2024/02/20, 12:41:16.386, 4900308608340, vstest.console.dll, TestPluginCache.GetExtensionPaths: Added default extension paths: C:\Program Files\dotnet\sdk\8.0.101\Extensions\Microsoft.Diagnostics.NETCore.Client.dll
C:\Program Files\dotnet\sdk\8.0.101\Extensions\Microsoft.TestPlatform.Extensions.BlameDataCollector.dll
C:\Program Files\dotnet\sdk\8.0.101\Extensions\Microsoft.TestPlatform.Extensions.EventLogCollector.dll
C:\Program Files\dotnet\sdk\8.0.101\Extensions\Microsoft.TestPlatform.TestHostRuntimeProvider.dll
C:\Program Files\dotnet\sdk\8.0.101\Extensions\Microsoft.VisualStudio.TestPlatform.Extensions.Html.TestLogger.dll
C:\Program Files\dotnet\sdk\8.0.101\Extensions\Microsoft.VisualStudio.TestPlatform.Extensions.Trx.TestLogger.dll
TpTrace Verbose: 0 : 10676, 1, 2024/02/20, 12:41:16.386, 4900308608615, vstest.console.dll, TestPluginCache.GetExtensionPaths: Added unfilterableExtensionPaths: 
TpTrace Information: 0 : 10676, 1, 2024/02/20, 12:41:16.387, 4900308613437, vstest.console.dll, AssemblyResolver.ctor: Creating AssemblyResolver with searchDirectories C:\Program Files\dotnet\sdk\8.0.101\Extensions,C:\Program Files\dotnet\sdk\8.0.101
TpTrace Verbose: 0 : 10676, 1, 2024/02/20, 12:41:16.388, 4900308622622, vstest.console.dll, TestPluginCache.DiscoverTestExtensions: Discovering the extensions using extension path.
TpTrace Verbose: 0 : 10676, 1, 2024/02/20, 12:41:16.388, 4900308623468, vstest.console.dll, TestPluginCache.GetExtensionPaths: Filtered extension paths: 
TpTrace Verbose: 0 : 10676, 1, 2024/02/20, 12:41:16.388, 4900308623720, vstest.console.dll, TestPluginCache.GetExtensionPaths: Added default extension paths: C:\Program Files\dotnet\sdk\8.0.101\Extensions\Microsoft.Diagnostics.NETCore.Client.dll
C:\Program Files\dotnet\sdk\8.0.101\Extensions\Microsoft.TestPlatform.Extensions.BlameDataCollector.dll
C:\Program Files\dotnet\sdk\8.0.101\Extensions\Microsoft.TestPlatform.Extensions.EventLogCollector.dll
C:\Program Files\dotnet\sdk\8.0.101\Extensions\Microsoft.TestPlatform.TestHostRuntimeProvider.dll
C:\Program Files\dotnet\sdk\8.0.101\Extensions\Microsoft.VisualStudio.TestPlatform.Extensions.Html.TestLogger.dll
C:\Program Files\dotnet\sdk\8.0.101\Extensions\Microsoft.VisualStudio.TestPlatform.Extensions.Trx.TestLogger.dll
TpTrace Verbose: 0 : 10676, 1, 2024/02/20, 12:41:16.388, 4900308623950, vstest.console.dll, TestPluginCache.GetExtensionPaths: Added unfilterableExtensionPaths: 
TpTrace Verbose: 0 : 10676, 1, 2024/02/20, 12:41:16.388, 4900308624732, vstest.console.dll, TestPluginCache.DiscoverTestExtensions: Discovering the extensions using allExtensionPaths: C:\Program Files\dotnet\sdk\8.0.101\Extensions\Microsoft.Diagnostics.NETCore.Client.dll
C:\Program Files\dotnet\sdk\8.0.101\Extensions\Microsoft.TestPlatform.Extensions.BlameDataCollector.dll
C:\Program Files\dotnet\sdk\8.0.101\Extensions\Microsoft.TestPlatform.Extensions.EventLogCollector.dll
C:\Program Files\dotnet\sdk\8.0.101\Extensions\Microsoft.TestPlatform.TestHostRuntimeProvider.dll
C:\Program Files\dotnet\sdk\8.0.101\Extensions\Microsoft.VisualStudio.TestPlatform.Extensions.Html.TestLogger.dll
C:\Program Files\dotnet\sdk\8.0.101\Extensions\Microsoft.VisualStudio.TestPlatform.Extensions.Trx.TestLogger.dll
TpTrace Information: 0 : 10676, 1, 2024/02/20, 12:41:16.388, 4900308625492, vstest.console.dll, AssemblyResolver.AddSearchDirectories: Adding more searchDirectories C:\Program Files\dotnet\sdk\8.0.101\Extensions,C:\Program Files\dotnet\sdk\8.0.101
TpTrace Information: 0 : 10676, 1, 2024/02/20, 12:41:16.388, 4900308625856, vstest.console.dll, AssemblyResolver.AddSearchDirectories: Adding more searchDirectories C:\Program Files\dotnet\sdk\8.0.101\Extensions,C:\Program Files\dotnet\sdk\8.0.101
TpTrace Information: 0 : 10676, 1, 2024/02/20, 12:41:16.388, 4900308626055, vstest.console.dll, AssemblyResolver.AddSearchDirectories: Adding more searchDirectories C:\Program Files\dotnet\sdk\8.0.101\Extensions,C:\Program Files\dotnet\sdk\8.0.101
TpTrace Information: 0 : 10676, 1, 2024/02/20, 12:41:16.388, 4900308626330, vstest.console.dll, AssemblyResolver.AddSearchDirectories: Adding more searchDirectories C:\Program Files\dotnet\sdk\8.0.101\Extensions,C:\Program Files\dotnet\sdk\8.0.101
TpTrace Information: 0 : 10676, 1, 2024/02/20, 12:41:16.388, 4900308626559, vstest.console.dll, AssemblyResolver.AddSearchDirectories: Adding more searchDirectories C:\Program Files\dotnet\sdk\8.0.101\Extensions,C:\Program Files\dotnet\sdk\8.0.101
TpTrace Information: 0 : 10676, 1, 2024/02/20, 12:41:16.388, 4900308626736, vstest.console.dll, AssemblyResolver.AddSearchDirectories: Adding more searchDirectories C:\Program Files\dotnet\sdk\8.0.101\Extensions,C:\Program Files\dotnet\sdk\8.0.101
TpTrace Information: 0 : 10676, 1, 2024/02/20, 12:41:16.388, 4900308630295, vstest.console.dll, AssemblyResolver.OnResolve: Microsoft.Diagnostics.NETCore.Client: Resolving assembly.
TpTrace Information: 0 : 10676, 1, 2024/02/20, 12:41:16.389, 4900308630927, vstest.console.dll, AssemblyResolver.OnResolve: Microsoft.Diagnostics.NETCore.Client: Searching in: 'C:\Program Files\dotnet\sdk\8.0.101\Extensions'.
TpTrace Information: 0 : 10676, 1, 2024/02/20, 12:41:16.393, 4900308676427, vstest.console.dll, AssemblyResolver.OnResolve: Microsoft.Diagnostics.NETCore.Client: Loading assembly 'C:\Program Files\dotnet\sdk\8.0.101\Extensions\Microsoft.Diagnostics.NETCore.Client.dll'.
TpTrace Information: 0 : 10676, 1, 2024/02/20, 12:41:16.393, 4900308679663, vstest.console.dll, AssemblyResolver.OnResolve: Resolved assembly: Microsoft.Diagnostics.NETCore.Client, from path: C:\Program Files\dotnet\sdk\8.0.101\Extensions\Microsoft.Diagnostics.NETCore.Client.dll
TpTrace Verbose: 0 : 10676, 1, 2024/02/20, 12:41:16.397, 4900308718887, vstest.console.dll, MetadataReaderExtensionsHelper: Discovering extensions inside assembly 'Microsoft.Diagnostics.NETCore.Client, Version=0.2.8.21101, Culture=neutral, PublicKeyToken=31bf3856ad364e35' file path 'C:\Program Files\dotnet\sdk\8.0.101\Extensions\Microsoft.Diagnostics.NETCore.Client.dll'
TpTrace Information: 0 : 10676, 1, 2024/02/20, 12:41:16.400, 4900308744954, vstest.console.dll, AssemblyResolver.OnResolve: Microsoft.Bcl.AsyncInterfaces: Resolving assembly.
TpTrace Information: 0 : 10676, 1, 2024/02/20, 12:41:16.400, 4900308745724, vstest.console.dll, AssemblyResolver.OnResolve: Microsoft.Bcl.AsyncInterfaces: Searching in: 'C:\Program Files\dotnet\sdk\8.0.101\Extensions'.
TpTrace Information: 0 : 10676, 1, 2024/02/20, 12:41:16.400, 4900308746272, vstest.console.dll, AssemblyResolver.OnResolve: Microsoft.Bcl.AsyncInterfaces: Assembly path does not exist: 'C:\Program Files\dotnet\sdk\8.0.101\Extensions\Microsoft.Bcl.AsyncInterfaces.dll', returning.
TpTrace Information: 0 : 10676, 1, 2024/02/20, 12:41:16.400, 4900308747000, vstest.console.dll, AssemblyResolver.OnResolve: Microsoft.Bcl.AsyncInterfaces: Assembly path does not exist: 'C:\Program Files\dotnet\sdk\8.0.101\Extensions\Microsoft.Bcl.AsyncInterfaces.exe', returning.
TpTrace Information: 0 : 10676, 1, 2024/02/20, 12:41:16.400, 4900308747248, vstest.console.dll, AssemblyResolver.OnResolve: Microsoft.Bcl.AsyncInterfaces: Searching in: 'C:\Program Files\dotnet\sdk\8.0.101'.
TpTrace Information: 0 : 10676, 1, 2024/02/20, 12:41:16.400, 4900308747628, vstest.console.dll, AssemblyResolver.OnResolve: Microsoft.Bcl.AsyncInterfaces: Assembly path does not exist: 'C:\Program Files\dotnet\sdk\8.0.101\Microsoft.Bcl.AsyncInterfaces.dll', returning.
TpTrace Information: 0 : 10676, 1, 2024/02/20, 12:41:16.400, 4900308748047, vstest.console.dll, AssemblyResolver.OnResolve: Microsoft.Bcl.AsyncInterfaces: Assembly path does not exist: 'C:\Program Files\dotnet\sdk\8.0.101\Microsoft.Bcl.AsyncInterfaces.exe', returning.
TpTrace Information: 0 : 10676, 1, 2024/02/20, 12:41:16.400, 4900308748236, vstest.console.dll, AssemblyResolver.OnResolve: Microsoft.Bcl.AsyncInterfaces: Failed to load assembly.
TpTrace Verbose: 0 : 10676, 1, 2024/02/20, 12:41:16.400, 4900308748463, vstest.console.dll, CurrentDomainAssemblyResolve: Resolving assembly 'Microsoft.Bcl.AsyncInterfaces'.
TpTrace Information: 0 : 10676, 1, 2024/02/20, 12:41:16.400, 4900308748872, vstest.console.dll, AssemblyResolver.OnResolve: Microsoft.Bcl.AsyncInterfaces: Resolving assembly.
TpTrace Information: 0 : 10676, 1, 2024/02/20, 12:41:16.400, 4900308749119, vstest.console.dll, AssemblyResolver.OnResolve: Microsoft.Bcl.AsyncInterfaces: Resolved from cache.
TpTrace Verbose: 0 : 10676, 1, 2024/02/20, 12:41:16.400, 4900308749343, vstest.console.dll, CurrentDomainAssemblyResolve: Resolving assembly 'Microsoft.Bcl.AsyncInterfaces'.
TpTrace Verbose: 0 : 10676, 1, 2024/02/20, 12:41:16.400, 4900308749549, vstest.console.dll, CurrentDomainAssemblyResolve: Failed to resolve assembly 'Microsoft.Bcl.AsyncInterfaces'.
TpTrace Verbose: 0 : 10676, 1, 2024/02/20, 12:41:16.401, 4900308755739, vstest.console.dll, CurrentDomainAssemblyResolve: Failed to resolve assembly 'Microsoft.Bcl.AsyncInterfaces'.
TpTrace Warning: 0 : 10676, 1, 2024/02/20, 12:41:16.408, 4900308824981, vstest.console.dll, TestPluginDiscoverer: Failed to get types from assembly 'Microsoft.Diagnostics.NETCore.Client, Version=0.2.8.21101, Culture=neutral, PublicKeyToken=31bf3856ad364e35'. Error: System.Reflection.ReflectionTypeLoadException: Unable to load one or more of the requested types.
Could not load file or assembly 'Microsoft.Bcl.AsyncInterfaces, Version=1.0.0.0, Culture=neutral, PublicKeyToken=cc7b13ffcd2ddd51'. The system cannot find the file specified.
   at System.Reflection.RuntimeModule.GetTypes(RuntimeModule module)
   at System.Reflection.RuntimeModule.GetTypes()
   at Microsoft.VisualStudio.TestPlatform.Common.ExtensionFramework.TestPluginDiscoverer.GetTestExtensionsFromAssembly[TPluginInfo,TExtension](Assembly assembly, Dictionary`2 pluginInfos, String filePath) in /_/src/Microsoft.TestPlatform.Common/ExtensionFramework/TestPluginDiscoverer.cs:line 158
System.IO.FileNotFoundException: Could not load file or assembly 'Microsoft.Bcl.AsyncInterfaces, Version=1.0.0.0, Culture=neutral, PublicKeyToken=cc7b13ffcd2ddd51'. The system cannot find the file specified.
File name: 'Microsoft.Bcl.AsyncInterfaces, Version=1.0.0.0, Culture=neutral, PublicKeyToken=cc7b13ffcd2ddd51'
 ---> System.IO.FileNotFoundException: Could not load file or assembly 'Microsoft.Bcl.AsyncInterfaces, Culture=neutral, PublicKeyToken=null'. The system cannot find the file specified.
File name: 'Microsoft.Bcl.AsyncInterfaces, Culture=neutral, PublicKeyToken=null'
   at System.Reflection.RuntimeAssembly.InternalLoad(AssemblyName assemblyName, StackCrawlMark& stackMark, AssemblyLoadContext assemblyLoadContext, RuntimeAssembly requestingAssembly, Boolean throwOnFileNotFound)
   at System.Reflection.Assembly.Load(AssemblyName assemblyRef)
   at Microsoft.VisualStudio.TestPlatform.Common.ExtensionFramework.TestPluginCache.CurrentDomainAssemblyResolve(Object sender, AssemblyResolveEventArgs args) in /_/src/Microsoft.TestPlatform.Common/ExtensionFramework/TestPluginCache.cs:line 513
   at System.Runtime.Loader.AssemblyLoadContext.GetFirstResolvedAssemblyFromResolvingEvent(AssemblyName assemblyName)
   at System.Runtime.Loader.AssemblyLoadContext.ResolveUsingEvent(AssemblyName assemblyName)
   at System.Runtime.Loader.AssemblyLoadContext.ResolveUsingResolvingEvent(IntPtr gchManagedAssemblyLoadContext, AssemblyName assemblyName)
TpTrace Warning: 0 : 10676, 1, 2024/02/20, 12:41:16.408, 4900308828151, vstest.console.dll, LoaderExceptions: System.IO.FileNotFoundException: Could not load file or assembly 'Microsoft.Bcl.AsyncInterfaces, Version=1.0.0.0, Culture=neutral, PublicKeyToken=cc7b13ffcd2ddd51'. The system cannot find the file specified.
File name: 'Microsoft.Bcl.AsyncInterfaces, Version=1.0.0.0, Culture=neutral, PublicKeyToken=cc7b13ffcd2ddd51'
 ---> System.IO.FileNotFoundException: Could not load file or assembly 'Microsoft.Bcl.AsyncInterfaces, Culture=neutral, PublicKeyToken=null'. The system cannot find the file specified.
File name: 'Microsoft.Bcl.AsyncInterfaces, Culture=neutral, PublicKeyToken=null'
   at System.Reflection.RuntimeAssembly.InternalLoad(AssemblyName assemblyName, StackCrawlMark& stackMark, AssemblyLoadContext assemblyLoadContext, RuntimeAssembly requestingAssembly, Boolean throwOnFileNotFound)
   at System.Reflection.Assembly.Load(AssemblyName assemblyRef)
   at Microsoft.VisualStudio.TestPlatform.Common.ExtensionFramework.TestPluginCache.CurrentDomainAssemblyResolve(Object sender, AssemblyResolveEventArgs args) in /_/src/Microsoft.TestPlatform.Common/ExtensionFramework/TestPluginCache.cs:line 513
   at System.Runtime.Loader.AssemblyLoadContext.GetFirstResolvedAssemblyFromResolvingEvent(AssemblyName assemblyName)
   at System.Runtime.Loader.AssemblyLoadContext.ResolveUsingEvent(AssemblyName assemblyName)
   at System.Runtime.Loader.AssemblyLoadContext.ResolveUsingResolvingEvent(IntPtr gchManagedAssemblyLoadContext, AssemblyName assemblyName)
TpTrace Information: 0 : 10676, 1, 2024/02/20, 12:41:16.408, 4900308829465, vstest.console.dll, AssemblyResolver.OnResolve: Microsoft.TestPlatform.Extensions.BlameDataCollector: Resolving assembly.
TpTrace Information: 0 : 10676, 1, 2024/02/20, 12:41:16.408, 4900308829932, vstest.console.dll, AssemblyResolver.OnResolve: Microsoft.TestPlatform.Extensions.BlameDataCollector: Searching in: 'C:\Program Files\dotnet\sdk\8.0.101\Extensions'.
TpTrace Information: 0 : 10676, 1, 2024/02/20, 12:41:16.409, 4900308832640, vstest.console.dll, AssemblyResolver.OnResolve: Microsoft.TestPlatform.Extensions.BlameDataCollector: Loading assembly 'C:\Program Files\dotnet\sdk\8.0.101\Extensions\Microsoft.TestPlatform.Extensions.BlameDataCollector.dll'.
TpTrace Information: 0 : 10676, 1, 2024/02/20, 12:41:16.409, 4900308835580, vstest.console.dll, AssemblyResolver.OnResolve: Resolved assembly: Microsoft.TestPlatform.Extensions.BlameDataCollector, from path: C:\Program Files\dotnet\sdk\8.0.101\Extensions\Microsoft.TestPlatform.Extensions.BlameDataCollector.dll
TpTrace Verbose: 0 : 10676, 1, 2024/02/20, 12:41:16.409, 4900308837315, vstest.console.dll, MetadataReaderExtensionsHelper: Discovering extensions inside assembly 'Microsoft.TestPlatform.Extensions.BlameDataCollector, Version=15.0.0.0, Culture=neutral, PublicKeyToken=b03f5f7f11d50a3a' file path 'C:\Program Files\dotnet\sdk\8.0.101\Extensions\Microsoft.TestPlatform.Extensions.BlameDataCollector.dll'
TpTrace Information: 0 : 10676, 1, 2024/02/20, 12:41:16.410, 4900308850151, vstest.console.dll, AssemblyResolver.OnResolve: Microsoft.TestPlatform.Extensions.EventLogCollector: Resolving assembly.
TpTrace Information: 0 : 10676, 1, 2024/02/20, 12:41:16.411, 4900308851399, vstest.console.dll, AssemblyResolver.OnResolve: Microsoft.TestPlatform.Extensions.EventLogCollector: Searching in: 'C:\Program Files\dotnet\sdk\8.0.101\Extensions'.
TpTrace Information: 0 : 10676, 1, 2024/02/20, 12:41:16.411, 4900308853515, vstest.console.dll, AssemblyResolver.OnResolve: Microsoft.TestPlatform.Extensions.EventLogCollector: Loading assembly 'C:\Program Files\dotnet\sdk\8.0.101\Extensions\Microsoft.TestPlatform.Extensions.EventLogCollector.dll'.
TpTrace Information: 0 : 10676, 1, 2024/02/20, 12:41:16.411, 4900308856646, vstest.console.dll, AssemblyResolver.OnResolve: Resolved assembly: Microsoft.TestPlatform.Extensions.EventLogCollector, from path: C:\Program Files\dotnet\sdk\8.0.101\Extensions\Microsoft.TestPlatform.Extensions.EventLogCollector.dll
TpTrace Verbose: 0 : 10676, 1, 2024/02/20, 12:41:16.411, 4900308857258, vstest.console.dll, MetadataReaderExtensionsHelper: Discovering extensions inside assembly 'Microsoft.TestPlatform.Extensions.EventLogCollector, Version=15.0.0.0, Culture=neutral, PublicKeyToken=b03f5f7f11d50a3a' file path 'C:\Program Files\dotnet\sdk\8.0.101\Extensions\Microsoft.TestPlatform.Extensions.EventLogCollector.dll'
TpTrace Information: 0 : 10676, 1, 2024/02/20, 12:41:16.413, 4900308872065, vstest.console.dll, AssemblyResolver.OnResolve: Microsoft.TestPlatform.TestHostRuntimeProvider: Resolving assembly.
TpTrace Information: 0 : 10676, 1, 2024/02/20, 12:41:16.413, 4900308872587, vstest.console.dll, AssemblyResolver.OnResolve: Microsoft.TestPlatform.TestHostRuntimeProvider: Searching in: 'C:\Program Files\dotnet\sdk\8.0.101\Extensions'.
TpTrace Information: 0 : 10676, 1, 2024/02/20, 12:41:16.413, 4900308874542, vstest.console.dll, AssemblyResolver.OnResolve: Microsoft.TestPlatform.TestHostRuntimeProvider: Loading assembly 'C:\Program Files\dotnet\sdk\8.0.101\Extensions\Microsoft.TestPlatform.TestHostRuntimeProvider.dll'.
TpTrace Information: 0 : 10676, 1, 2024/02/20, 12:41:16.413, 4900308877802, vstest.console.dll, AssemblyResolver.OnResolve: Resolved assembly: Microsoft.TestPlatform.TestHostRuntimeProvider, from path: C:\Program Files\dotnet\sdk\8.0.101\Extensions\Microsoft.TestPlatform.TestHostRuntimeProvider.dll
TpTrace Verbose: 0 : 10676, 1, 2024/02/20, 12:41:16.413, 4900308878408, vstest.console.dll, MetadataReaderExtensionsHelper: Discovering extensions inside assembly 'Microsoft.TestPlatform.TestHostRuntimeProvider, Version=15.0.0.0, Culture=neutral, PublicKeyToken=b03f5f7f11d50a3a' file path 'C:\Program Files\dotnet\sdk\8.0.101\Extensions\Microsoft.TestPlatform.TestHostRuntimeProvider.dll'
TpTrace Information: 0 : 10676, 1, 2024/02/20, 12:41:16.415, 4900308891280, vstest.console.dll, GetTestExtensionFromType: Register extension with identifier data 'HostProvider://DefaultTestHost' and type 'Microsoft.VisualStudio.TestPlatform.CrossPlatEngine.Hosting.DefaultTestHostManager, Microsoft.TestPlatform.TestHostRuntimeProvider, Version=15.0.0.0, Culture=neutral, PublicKeyToken=b03f5f7f11d50a3a' inside file 'C:\Program Files\dotnet\sdk\8.0.101\Extensions\Microsoft.TestPlatform.TestHostRuntimeProvider.dll'
TpTrace Information: 0 : 10676, 1, 2024/02/20, 12:41:16.415, 4900308893462, vstest.console.dll, GetTestExtensionFromType: Register extension with identifier data 'HostProvider://DotnetTestHost' and type 'Microsoft.VisualStudio.TestPlatform.CrossPlatEngine.Hosting.DotnetTestHostManager, Microsoft.TestPlatform.TestHostRuntimeProvider, Version=15.0.0.0, Culture=neutral, PublicKeyToken=b03f5f7f11d50a3a' inside file 'C:\Program Files\dotnet\sdk\8.0.101\Extensions\Microsoft.TestPlatform.TestHostRuntimeProvider.dll'
TpTrace Information: 0 : 10676, 1, 2024/02/20, 12:41:16.415, 4900308894269, vstest.console.dll, AssemblyResolver.OnResolve: Microsoft.VisualStudio.TestPlatform.Extensions.Html.TestLogger: Resolving assembly.
TpTrace Information: 0 : 10676, 1, 2024/02/20, 12:41:16.415, 4900308894614, vstest.console.dll, AssemblyResolver.OnResolve: Microsoft.VisualStudio.TestPlatform.Extensions.Html.TestLogger: Searching in: 'C:\Program Files\dotnet\sdk\8.0.101\Extensions'.
TpTrace Information: 0 : 10676, 1, 2024/02/20, 12:41:16.415, 4900308896684, vstest.console.dll, AssemblyResolver.OnResolve: Microsoft.VisualStudio.TestPlatform.Extensions.Html.TestLogger: Loading assembly 'C:\Program Files\dotnet\sdk\8.0.101\Extensions\Microsoft.VisualStudio.TestPlatform.Extensions.Html.TestLogger.dll'.
TpTrace Information: 0 : 10676, 1, 2024/02/20, 12:41:16.415, 4900308899509, vstest.console.dll, AssemblyResolver.OnResolve: Resolved assembly: Microsoft.VisualStudio.TestPlatform.Extensions.Html.TestLogger, from path: C:\Program Files\dotnet\sdk\8.0.101\Extensions\Microsoft.VisualStudio.TestPlatform.Extensions.Html.TestLogger.dll
TpTrace Verbose: 0 : 10676, 1, 2024/02/20, 12:41:16.415, 4900308899991, vstest.console.dll, MetadataReaderExtensionsHelper: Discovering extensions inside assembly 'Microsoft.VisualStudio.TestPlatform.Extensions.Html.TestLogger, Version=15.0.0.0, Culture=neutral, PublicKeyToken=b03f5f7f11d50a3a' file path 'C:\Program Files\dotnet\sdk\8.0.101\Extensions\Microsoft.VisualStudio.TestPlatform.Extensions.Html.TestLogger.dll'
TpTrace Information: 0 : 10676, 1, 2024/02/20, 12:41:16.416, 4900308905055, vstest.console.dll, AssemblyResolver.OnResolve: Microsoft.VisualStudio.TestPlatform.Extensions.Trx.TestLogger: Resolving assembly.
TpTrace Information: 0 : 10676, 1, 2024/02/20, 12:41:16.416, 4900308905605, vstest.console.dll, AssemblyResolver.OnResolve: Microsoft.VisualStudio.TestPlatform.Extensions.Trx.TestLogger: Searching in: 'C:\Program Files\dotnet\sdk\8.0.101\Extensions'.
TpTrace Information: 0 : 10676, 1, 2024/02/20, 12:41:16.416, 4900308907926, vstest.console.dll, AssemblyResolver.OnResolve: Microsoft.VisualStudio.TestPlatform.Extensions.Trx.TestLogger: Loading assembly 'C:\Program Files\dotnet\sdk\8.0.101\Extensions\Microsoft.VisualStudio.TestPlatform.Extensions.Trx.TestLogger.dll'.
TpTrace Information: 0 : 10676, 1, 2024/02/20, 12:41:16.417, 4900308911174, vstest.console.dll, AssemblyResolver.OnResolve: Resolved assembly: Microsoft.VisualStudio.TestPlatform.Extensions.Trx.TestLogger, from path: C:\Program Files\dotnet\sdk\8.0.101\Extensions\Microsoft.VisualStudio.TestPlatform.Extensions.Trx.TestLogger.dll
TpTrace Verbose: 0 : 10676, 1, 2024/02/20, 12:41:16.417, 4900308911874, vstest.console.dll, MetadataReaderExtensionsHelper: Discovering extensions inside assembly 'Microsoft.VisualStudio.TestPlatform.Extensions.Trx.TestLogger, Version=15.0.0.0, Culture=neutral, PublicKeyToken=b03f5f7f11d50a3a' file path 'C:\Program Files\dotnet\sdk\8.0.101\Extensions\Microsoft.VisualStudio.TestPlatform.Extensions.Trx.TestLogger.dll'
TpTrace Verbose: 0 : 10676, 1, 2024/02/20, 12:41:16.417, 4900308919211, vstest.console.dll, TestPluginCache: Discovered the extensions using extension path ''.
TpTrace Verbose: 0 : 10676, 1, 2024/02/20, 12:41:16.417, 4900308919786, vstest.console.dll, TestPluginCache: Discoverers are ''.
TpTrace Verbose: 0 : 10676, 1, 2024/02/20, 12:41:16.417, 4900308919995, vstest.console.dll, TestPluginCache: Executors are ''.
TpTrace Verbose: 0 : 10676, 1, 2024/02/20, 12:41:16.417, 4900308920146, vstest.console.dll, TestPluginCache: Executors2 are ''.
TpTrace Verbose: 0 : 10676, 1, 2024/02/20, 12:41:16.417, 4900308920391, vstest.console.dll, TestPluginCache: Setting providers are ''.
TpTrace Verbose: 0 : 10676, 1, 2024/02/20, 12:41:16.418, 4900308920537, vstest.console.dll, TestPluginCache: Loggers are ''.
TpTrace Verbose: 0 : 10676, 1, 2024/02/20, 12:41:16.418, 4900308922233, vstest.console.dll, TestPluginCache: TestHosts are 'HostProvider://DefaultTestHost,HostProvider://DotnetTestHost'.
TpTrace Verbose: 0 : 10676, 1, 2024/02/20, 12:41:16.418, 4900308922623, vstest.console.dll, TestPluginCache: DataCollectors are ''.
TpTrace Information: 0 : 10676, 1, 2024/02/20, 12:41:16.428, 4900309027720, vstest.console.dll, RunTestsArgumentProcessor:Execute: Test run is starting.
TpTrace Verbose: 0 : 10676, 1, 2024/02/20, 12:41:16.428, 4900309028528, vstest.console.dll, RunTestsArgumentProcessor:Execute: Queuing Test run.
TpTrace Information: 0 : 10676, 1, 2024/02/20, 12:41:16.428, 4900309030447, vstest.console.dll, TestRequestManager.RunTests: run tests started.
TpTrace Information: 0 : 10676, 1, 2024/02/20, 12:41:16.429, 4900309040357, vstest.console.dll, AssemblyMetadataProvider.GetFrameworkName: Determined framework:'.NETCoreApp,Version=v6.0' for source: 'C:\Users\Ivan\Desktop\from ExamPrep1-task3\ContactsConsoleAPI\ContactsConsoleAPI.IntegrationTests.NUnit\bin\Debug\net6.0\fine-code-coverage\build-output\ContactsConsoleAPI.IntegrationTests.NUnit.dll'
TpTrace Information: 0 : 10676, 1, 2024/02/20, 12:41:16.430, 4900309041541, vstest.console.dll, Determined framework for all sources: .NETCoreApp,Version=v6.0
TpTrace Verbose: 0 : 10676, 1, 2024/02/20, 12:41:16.430, 4900309044052, vstest.console.dll, TestRequestManager.UpdateRunSettingsIfRequired: Default architecture: X64 IsDefaultTargetArchitecture: True, Current process architecture: X64 OperatingSystem: Windows.
TpTrace Information: 0 : 10676, 1, 2024/02/20, 12:41:16.431, 4900309054624, vstest.console.dll, AssemblyMetadataProvider.GetArchitecture: Determined architecture:AnyCPU info for assembly: C:\Users\Ivan\Desktop\from ExamPrep1-task3\ContactsConsoleAPI\ContactsConsoleAPI.IntegrationTests.NUnit\bin\Debug\net6.0\fine-code-coverage\build-output\ContactsConsoleAPI.IntegrationTests.NUnit.dll
TpTrace Information: 0 : 10676, 1, 2024/02/20, 12:41:16.431, 4900309055055, vstest.console.dll, Determined platform for source 'C:\Users\Ivan\Desktop\from ExamPrep1-task3\ContactsConsoleAPI\ContactsConsoleAPI.IntegrationTests.NUnit\bin\Debug\net6.0\fine-code-coverage\build-output\ContactsConsoleAPI.IntegrationTests.NUnit.dll' was AnyCPU and it will use the default plaform X64.
TpTrace Information: 0 : 10676, 1, 2024/02/20, 12:41:16.431, 4900309055241, vstest.console.dll, None of the sources provided any runnable platform, using the default platform: X64
TpTrace Information: 0 : 10676, 1, 2024/02/20, 12:41:16.431, 4900309055909, vstest.console.dll, Platform was updated to 'X64'.
TpTrace Information: 0 : 10676, 1, 2024/02/20, 12:41:16.433, 4900309078877, vstest.console.dll, InferRunSettingsHelper.IsTestSettingsEnabled: Unable to navigate to RunSettings/MSTest. Current node: RunSettings
TpTrace Information: 0 : 10676, 1, 2024/02/20, 12:41:16.434, 4900309083182, vstest.console.dll, AssemblyResolver.OnResolve: Microsoft.VisualStudio.TestPlatform.Fakes: Resolving assembly.
TpTrace Information: 0 : 10676, 1, 2024/02/20, 12:41:16.434, 4900309083726, vstest.console.dll, AssemblyResolver.OnResolve: Microsoft.VisualStudio.TestPlatform.Fakes: Searching in: 'C:\Program Files\dotnet\sdk\8.0.101\Extensions'.
TpTrace Information: 0 : 10676, 1, 2024/02/20, 12:41:16.434, 4900309084263, vstest.console.dll, AssemblyResolver.OnResolve: Microsoft.VisualStudio.TestPlatform.Fakes: Assembly path does not exist: 'C:\Program Files\dotnet\sdk\8.0.101\Extensions\Microsoft.VisualStudio.TestPlatform.Fakes.dll', returning.
TpTrace Information: 0 : 10676, 1, 2024/02/20, 12:41:16.434, 4900309084679, vstest.console.dll, AssemblyResolver.OnResolve: Microsoft.VisualStudio.TestPlatform.Fakes: Assembly path does not exist: 'C:\Program Files\dotnet\sdk\8.0.101\Extensions\Microsoft.VisualStudio.TestPlatform.Fakes.exe', returning.
TpTrace Information: 0 : 10676, 1, 2024/02/20, 12:41:16.434, 4900309084886, vstest.console.dll, AssemblyResolver.OnResolve: Microsoft.VisualStudio.TestPlatform.Fakes: Searching in: 'C:\Program Files\dotnet\sdk\8.0.101'.
TpTrace Information: 0 : 10676, 1, 2024/02/20, 12:41:16.434, 4900309085256, vstest.console.dll, AssemblyResolver.OnResolve: Microsoft.VisualStudio.TestPlatform.Fakes: Assembly path does not exist: 'C:\Program Files\dotnet\sdk\8.0.101\Microsoft.VisualStudio.TestPlatform.Fakes.dll', returning.
TpTrace Information: 0 : 10676, 1, 2024/02/20, 12:41:16.434, 4900309085583, vstest.console.dll, AssemblyResolver.OnResolve: Microsoft.VisualStudio.TestPlatform.Fakes: Assembly path does not exist: 'C:\Program Files\dotnet\sdk\8.0.101\Microsoft.VisualStudio.TestPlatform.Fakes.exe', returning.
TpTrace Information: 0 : 10676, 1, 2024/02/20, 12:41:16.434, 4900309085798, vstest.console.dll, AssemblyResolver.OnResolve: Microsoft.VisualStudio.TestPlatform.Fakes: Failed to load assembly.
TpTrace Information: 0 : 10676, 1, 2024/02/20, 12:41:16.434, 4900309087912, vstest.console.dll, Failed to load assembly Microsoft.VisualStudio.TestPlatform.Fakes, Version=17.0.0.0, Culture=neutral. Reason:System.IO.FileNotFoundException: Could not load file or assembly 'Microsoft.VisualStudio.TestPlatform.Fakes, Version=17.0.0.0, Culture=neutral, PublicKeyToken=null'. The system cannot find the file specified.
File name: 'Microsoft.VisualStudio.TestPlatform.Fakes, Version=17.0.0.0, Culture=neutral, PublicKeyToken=null'
   at System.Reflection.RuntimeAssembly.InternalLoad(AssemblyName assemblyName, StackCrawlMark& stackMark, AssemblyLoadContext assemblyLoadContext, RuntimeAssembly requestingAssembly, Boolean throwOnFileNotFound)
   at System.Reflection.Assembly.Load(AssemblyName assemblyRef)
   at Microsoft.VisualStudio.TestPlatform.Common.Utilities.FakesUtilities.LoadTestPlatformAssembly() in /_/src/Microsoft.TestPlatform.Common/Utilities/FakesUtilities.cs:line 272
TpTrace Verbose: 0 : 10676, 1, 2024/02/20, 12:41:16.436, 4900309109263, vstest.console.dll, TestPluginCache.DiscoverTestExtensions: finding test extensions in assemblies ends with: TestLogger.dll TPluginInfo: Microsoft.VisualStudio.TestPlatform.Common.ExtensionFramework.Utilities.TestLoggerPluginInformation TExtension: Microsoft.VisualStudio.TestPlatform.ObjectModel.Client.ITestLogger
TpTrace Verbose: 0 : 10676, 1, 2024/02/20, 12:41:16.436, 4900309109803, vstest.console.dll, TestPluginCache.GetExtensionPaths: Filtered extension paths: 
TpTrace Verbose: 0 : 10676, 1, 2024/02/20, 12:41:16.436, 4900309110070, vstest.console.dll, TestPluginCache.GetExtensionPaths: Added default extension paths: C:\Program Files\dotnet\sdk\8.0.101\Extensions\Microsoft.Diagnostics.NETCore.Client.dll
C:\Program Files\dotnet\sdk\8.0.101\Extensions\Microsoft.TestPlatform.Extensions.BlameDataCollector.dll
C:\Program Files\dotnet\sdk\8.0.101\Extensions\Microsoft.TestPlatform.Extensions.EventLogCollector.dll
C:\Program Files\dotnet\sdk\8.0.101\Extensions\Microsoft.TestPlatform.TestHostRuntimeProvider.dll
C:\Program Files\dotnet\sdk\8.0.101\Extensions\Microsoft.VisualStudio.TestPlatform.Extensions.Html.TestLogger.dll
C:\Program Files\dotnet\sdk\8.0.101\Extensions\Microsoft.VisualStudio.TestPlatform.Extensions.Trx.TestLogger.dll
TpTrace Verbose: 0 : 10676, 1, 2024/02/20, 12:41:16.436, 4900309110249, vstest.console.dll, TestPluginCache.GetExtensionPaths: Added unfilterableExtensionPaths: 
TpTrace Information: 0 : 10676, 1, 2024/02/20, 12:41:16.437, 4900309111751, vstest.console.dll, AssemblyResolver.AddSearchDirectories: Adding more searchDirectories C:\Program Files\dotnet\sdk\8.0.101\Extensions,C:\Program Files\dotnet\sdk\8.0.101
TpTrace Verbose: 0 : 10676, 1, 2024/02/20, 12:41:16.437, 4900309112124, vstest.console.dll, TestPluginCache.DiscoverTestExtensions: Discovering the extensions using extension path.
TpTrace Verbose: 0 : 10676, 1, 2024/02/20, 12:41:16.437, 4900309112345, vstest.console.dll, TestPluginCache.GetExtensionPaths: Filtered extension paths: 
TpTrace Verbose: 0 : 10676, 1, 2024/02/20, 12:41:16.437, 4900309112568, vstest.console.dll, TestPluginCache.GetExtensionPaths: Added default extension paths: C:\Program Files\dotnet\sdk\8.0.101\Extensions\Microsoft.Diagnostics.NETCore.Client.dll
C:\Program Files\dotnet\sdk\8.0.101\Extensions\Microsoft.TestPlatform.Extensions.BlameDataCollector.dll
C:\Program Files\dotnet\sdk\8.0.101\Extensions\Microsoft.TestPlatform.Extensions.EventLogCollector.dll
C:\Program Files\dotnet\sdk\8.0.101\Extensions\Microsoft.TestPlatform.TestHostRuntimeProvider.dll
C:\Program Files\dotnet\sdk\8.0.101\Extensions\Microsoft.VisualStudio.TestPlatform.Extensions.Html.TestLogger.dll
C:\Program Files\dotnet\sdk\8.0.101\Extensions\Microsoft.VisualStudio.TestPlatform.Extensions.Trx.TestLogger.dll
TpTrace Verbose: 0 : 10676, 1, 2024/02/20, 12:41:16.437, 4900309112737, vstest.console.dll, TestPluginCache.GetExtensionPaths: Added unfilterableExtensionPaths: 
TpTrace Verbose: 0 : 10676, 1, 2024/02/20, 12:41:16.437, 4900309113343, vstest.console.dll, TestPluginCache.DiscoverTestExtensions: Discovering the extensions using allExtensionPaths: C:\Program Files\dotnet\sdk\8.0.101\Extensions\Microsoft.Diagnostics.NETCore.Client.dll
C:\Program Files\dotnet\sdk\8.0.101\Extensions\Microsoft.TestPlatform.Extensions.BlameDataCollector.dll
C:\Program Files\dotnet\sdk\8.0.101\Extensions\Microsoft.TestPlatform.Extensions.EventLogCollector.dll
C:\Program Files\dotnet\sdk\8.0.101\Extensions\Microsoft.TestPlatform.TestHostRuntimeProvider.dll
C:\Program Files\dotnet\sdk\8.0.101\Extensions\Microsoft.VisualStudio.TestPlatform.Extensions.Html.TestLogger.dll
C:\Program Files\dotnet\sdk\8.0.101\Extensions\Microsoft.VisualStudio.TestPlatform.Extensions.Trx.TestLogger.dll
TpTrace Information: 0 : 10676, 1, 2024/02/20, 12:41:16.437, 4900309113687, vstest.console.dll, AssemblyResolver.AddSearchDirectories: Adding more searchDirectories C:\Program Files\dotnet\sdk\8.0.101\Extensions,C:\Program Files\dotnet\sdk\8.0.101
TpTrace Information: 0 : 10676, 1, 2024/02/20, 12:41:16.437, 4900309113887, vstest.console.dll, AssemblyResolver.AddSearchDirectories: Adding more searchDirectories C:\Program Files\dotnet\sdk\8.0.101\Extensions,C:\Program Files\dotnet\sdk\8.0.101
TpTrace Information: 0 : 10676, 1, 2024/02/20, 12:41:16.437, 4900309114099, vstest.console.dll, AssemblyResolver.AddSearchDirectories: Adding more searchDirectories C:\Program Files\dotnet\sdk\8.0.101\Extensions,C:\Program Files\dotnet\sdk\8.0.101
TpTrace Information: 0 : 10676, 1, 2024/02/20, 12:41:16.437, 4900309114260, vstest.console.dll, AssemblyResolver.AddSearchDirectories: Adding more searchDirectories C:\Program Files\dotnet\sdk\8.0.101\Extensions,C:\Program Files\dotnet\sdk\8.0.101
TpTrace Information: 0 : 10676, 1, 2024/02/20, 12:41:16.437, 4900309114419, vstest.console.dll, AssemblyResolver.AddSearchDirectories: Adding more searchDirectories C:\Program Files\dotnet\sdk\8.0.101\Extensions,C:\Program Files\dotnet\sdk\8.0.101
TpTrace Information: 0 : 10676, 1, 2024/02/20, 12:41:16.437, 4900309114614, vstest.console.dll, AssemblyResolver.AddSearchDirectories: Adding more searchDirectories C:\Program Files\dotnet\sdk\8.0.101\Extensions,C:\Program Files\dotnet\sdk\8.0.101
TpTrace Verbose: 0 : 10676, 1, 2024/02/20, 12:41:16.437, 4900309115267, vstest.console.dll, MetadataReaderExtensionsHelper: Discovering extensions inside assembly 'Microsoft.Diagnostics.NETCore.Client, Version=0.2.8.21101, Culture=neutral, PublicKeyToken=31bf3856ad364e35' file path 'C:\Program Files\dotnet\sdk\8.0.101\Extensions\Microsoft.Diagnostics.NETCore.Client.dll'
TpTrace Information: 0 : 10676, 1, 2024/02/20, 12:41:16.437, 4900309120243, vstest.console.dll, AssemblyResolver.OnResolve: Microsoft.Bcl.AsyncInterfaces: Resolving assembly.
TpTrace Information: 0 : 10676, 1, 2024/02/20, 12:41:16.438, 4900309120612, vstest.console.dll, AssemblyResolver.OnResolve: Microsoft.Bcl.AsyncInterfaces: Resolved from cache.
TpTrace Verbose: 0 : 10676, 1, 2024/02/20, 12:41:16.438, 4900309120787, vstest.console.dll, CurrentDomainAssemblyResolve: Resolving assembly 'Microsoft.Bcl.AsyncInterfaces'.
TpTrace Information: 0 : 10676, 1, 2024/02/20, 12:41:16.438, 4900309121120, vstest.console.dll, AssemblyResolver.OnResolve: Microsoft.Bcl.AsyncInterfaces: Resolving assembly.
TpTrace Information: 0 : 10676, 1, 2024/02/20, 12:41:16.438, 4900309121306, vstest.console.dll, AssemblyResolver.OnResolve: Microsoft.Bcl.AsyncInterfaces: Resolved from cache.
TpTrace Verbose: 0 : 10676, 1, 2024/02/20, 12:41:16.438, 4900309121451, vstest.console.dll, CurrentDomainAssemblyResolve: Resolving assembly 'Microsoft.Bcl.AsyncInterfaces'.
TpTrace Verbose: 0 : 10676, 1, 2024/02/20, 12:41:16.438, 4900309121590, vstest.console.dll, CurrentDomainAssemblyResolve: Failed to resolve assembly 'Microsoft.Bcl.AsyncInterfaces'.
TpTrace Verbose: 0 : 10676, 1, 2024/02/20, 12:41:16.438, 4900309122537, vstest.console.dll, CurrentDomainAssemblyResolve: Failed to resolve assembly 'Microsoft.Bcl.AsyncInterfaces'.
TpTrace Warning: 0 : 10676, 1, 2024/02/20, 12:41:16.438, 4900309125189, vstest.console.dll, TestPluginDiscoverer: Failed to get types from assembly 'Microsoft.Diagnostics.NETCore.Client, Version=0.2.8.21101, Culture=neutral, PublicKeyToken=31bf3856ad364e35'. Error: System.Reflection.ReflectionTypeLoadException: Unable to load one or more of the requested types.
Could not load file or assembly 'Microsoft.Bcl.AsyncInterfaces, Version=1.0.0.0, Culture=neutral, PublicKeyToken=cc7b13ffcd2ddd51'. The system cannot find the file specified.
   at System.Reflection.RuntimeModule.GetTypes(RuntimeModule module)
   at System.Reflection.RuntimeModule.GetTypes()
   at Microsoft.VisualStudio.TestPlatform.Common.ExtensionFramework.TestPluginDiscoverer.GetTestExtensionsFromAssembly[TPluginInfo,TExtension](Assembly assembly, Dictionary`2 pluginInfos, String filePath) in /_/src/Microsoft.TestPlatform.Common/ExtensionFramework/TestPluginDiscoverer.cs:line 158
System.IO.FileNotFoundException: Could not load file or assembly 'Microsoft.Bcl.AsyncInterfaces, Version=1.0.0.0, Culture=neutral, PublicKeyToken=cc7b13ffcd2ddd51'. The system cannot find the file specified.
File name: 'Microsoft.Bcl.AsyncInterfaces, Version=1.0.0.0, Culture=neutral, PublicKeyToken=cc7b13ffcd2ddd51'
 ---> System.IO.FileNotFoundException: Could not load file or assembly 'Microsoft.Bcl.AsyncInterfaces, Culture=neutral, PublicKeyToken=null'. The system cannot find the file specified.
File name: 'Microsoft.Bcl.AsyncInterfaces, Culture=neutral, PublicKeyToken=null'
   at System.Reflection.RuntimeAssembly.InternalLoad(AssemblyName assemblyName, StackCrawlMark& stackMark, AssemblyLoadContext assemblyLoadContext, RuntimeAssembly requestingAssembly, Boolean throwOnFileNotFound)
   at System.Reflection.Assembly.Load(AssemblyName assemblyRef)
   at Microsoft.VisualStudio.TestPlatform.Common.ExtensionFramework.TestPluginCache.CurrentDomainAssemblyResolve(Object sender, AssemblyResolveEventArgs args) in /_/src/Microsoft.TestPlatform.Common/ExtensionFramework/TestPluginCache.cs:line 513
   at System.Runtime.Loader.AssemblyLoadContext.GetFirstResolvedAssemblyFromResolvingEvent(AssemblyName assemblyName)
   at System.Runtime.Loader.AssemblyLoadContext.ResolveUsingEvent(AssemblyName assemblyName)
   at System.Runtime.Loader.AssemblyLoadContext.ResolveUsingResolvingEvent(IntPtr gchManagedAssemblyLoadContext, AssemblyName assemblyName)
TpTrace Warning: 0 : 10676, 1, 2024/02/20, 12:41:16.438, 4900309126405, vstest.console.dll, LoaderExceptions: System.IO.FileNotFoundException: Could not load file or assembly 'Microsoft.Bcl.AsyncInterfaces, Version=1.0.0.0, Culture=neutral, PublicKeyToken=cc7b13ffcd2ddd51'. The system cannot find the file specified.
File name: 'Microsoft.Bcl.AsyncInterfaces, Version=1.0.0.0, Culture=neutral, PublicKeyToken=cc7b13ffcd2ddd51'
 ---> System.IO.FileNotFoundException: Could not load file or assembly 'Microsoft.Bcl.AsyncInterfaces, Culture=neutral, PublicKeyToken=null'. The system cannot find the file specified.
File name: 'Microsoft.Bcl.AsyncInterfaces, Culture=neutral, PublicKeyToken=null'
   at System.Reflection.RuntimeAssembly.InternalLoad(AssemblyName assemblyName, StackCrawlMark& stackMark, AssemblyLoadContext assemblyLoadContext, RuntimeAssembly requestingAssembly, Boolean throwOnFileNotFound)
   at System.Reflection.Assembly.Load(AssemblyName assemblyRef)
   at Microsoft.VisualStudio.TestPlatform.Common.ExtensionFramework.TestPluginCache.CurrentDomainAssemblyResolve(Object sender, AssemblyResolveEventArgs args) in /_/src/Microsoft.TestPlatform.Common/ExtensionFramework/TestPluginCache.cs:line 513
   at System.Runtime.Loader.AssemblyLoadContext.GetFirstResolvedAssemblyFromResolvingEvent(AssemblyName assemblyName)
   at System.Runtime.Loader.AssemblyLoadContext.ResolveUsingEvent(AssemblyName assemblyName)
   at System.Runtime.Loader.AssemblyLoadContext.ResolveUsingResolvingEvent(IntPtr gchManagedAssemblyLoadContext, AssemblyName assemblyName)
TpTrace Verbose: 0 : 10676, 1, 2024/02/20, 12:41:16.438, 4900309127177, vstest.console.dll, MetadataReaderExtensionsHelper: Discovering extensions inside assembly 'Microsoft.TestPlatform.Extensions.BlameDataCollector, Version=15.0.0.0, Culture=neutral, PublicKeyToken=b03f5f7f11d50a3a' file path 'C:\Program Files\dotnet\sdk\8.0.101\Extensions\Microsoft.TestPlatform.Extensions.BlameDataCollector.dll'
TpTrace Information: 0 : 10676, 1, 2024/02/20, 12:41:16.438, 4900309129978, vstest.console.dll, GetTestExtensionFromType: Register extension with identifier data 'logger://Microsoft/TestPlatform/Extensions/Blame/v1' and type 'Microsoft.TestPlatform.Extensions.BlameDataCollector.BlameLogger, Microsoft.TestPlatform.Extensions.BlameDataCollector, Version=15.0.0.0, Culture=neutral, PublicKeyToken=b03f5f7f11d50a3a' inside file 'C:\Program Files\dotnet\sdk\8.0.101\Extensions\Microsoft.TestPlatform.Extensions.BlameDataCollector.dll'
TpTrace Verbose: 0 : 10676, 1, 2024/02/20, 12:41:16.438, 4900309130408, vstest.console.dll, MetadataReaderExtensionsHelper: Discovering extensions inside assembly 'Microsoft.TestPlatform.Extensions.EventLogCollector, Version=15.0.0.0, Culture=neutral, PublicKeyToken=b03f5f7f11d50a3a' file path 'C:\Program Files\dotnet\sdk\8.0.101\Extensions\Microsoft.TestPlatform.Extensions.EventLogCollector.dll'
TpTrace Verbose: 0 : 10676, 1, 2024/02/20, 12:41:16.439, 4900309132488, vstest.console.dll, MetadataReaderExtensionsHelper: Discovering extensions inside assembly 'Microsoft.TestPlatform.TestHostRuntimeProvider, Version=15.0.0.0, Culture=neutral, PublicKeyToken=b03f5f7f11d50a3a' file path 'C:\Program Files\dotnet\sdk\8.0.101\Extensions\Microsoft.TestPlatform.TestHostRuntimeProvider.dll'
TpTrace Verbose: 0 : 10676, 1, 2024/02/20, 12:41:16.439, 4900309134386, vstest.console.dll, MetadataReaderExtensionsHelper: Discovering extensions inside assembly 'Microsoft.VisualStudio.TestPlatform.Extensions.Html.TestLogger, Version=15.0.0.0, Culture=neutral, PublicKeyToken=b03f5f7f11d50a3a' file path 'C:\Program Files\dotnet\sdk\8.0.101\Extensions\Microsoft.VisualStudio.TestPlatform.Extensions.Html.TestLogger.dll'
TpTrace Information: 0 : 10676, 1, 2024/02/20, 12:41:16.439, 4900309137603, vstest.console.dll, GetTestExtensionFromType: Register extension with identifier data 'logger://Microsoft/TestPlatform/HtmlLogger/v1' and type 'Microsoft.VisualStudio.TestPlatform.Extensions.HtmlLogger.HtmlLogger, Microsoft.VisualStudio.TestPlatform.Extensions.Html.TestLogger, Version=15.0.0.0, Culture=neutral, PublicKeyToken=b03f5f7f11d50a3a' inside file 'C:\Program Files\dotnet\sdk\8.0.101\Extensions\Microsoft.VisualStudio.TestPlatform.Extensions.Html.TestLogger.dll'
TpTrace Verbose: 0 : 10676, 1, 2024/02/20, 12:41:16.439, 4900309138052, vstest.console.dll, MetadataReaderExtensionsHelper: Discovering extensions inside assembly 'Microsoft.VisualStudio.TestPlatform.Extensions.Trx.TestLogger, Version=15.0.0.0, Culture=neutral, PublicKeyToken=b03f5f7f11d50a3a' file path 'C:\Program Files\dotnet\sdk\8.0.101\Extensions\Microsoft.VisualStudio.TestPlatform.Extensions.Trx.TestLogger.dll'
TpTrace Information: 0 : 10676, 1, 2024/02/20, 12:41:16.439, 4900309140211, vstest.console.dll, GetTestExtensionFromType: Register extension with identifier data 'logger://Microsoft/TestPlatform/TrxLogger/v1' and type 'Microsoft.VisualStudio.TestPlatform.Extensions.TrxLogger.TrxLogger, Microsoft.VisualStudio.TestPlatform.Extensions.Trx.TestLogger, Version=15.0.0.0, Culture=neutral, PublicKeyToken=b03f5f7f11d50a3a' inside file 'C:\Program Files\dotnet\sdk\8.0.101\Extensions\Microsoft.VisualStudio.TestPlatform.Extensions.Trx.TestLogger.dll'
TpTrace Verbose: 0 : 10676, 1, 2024/02/20, 12:41:16.440, 4900309141112, vstest.console.dll, TestPluginCache: Discovered the extensions using extension path ''.
TpTrace Verbose: 0 : 10676, 1, 2024/02/20, 12:41:16.440, 4900309141342, vstest.console.dll, TestPluginCache: Discoverers are ''.
TpTrace Verbose: 0 : 10676, 1, 2024/02/20, 12:41:16.440, 4900309141494, vstest.console.dll, TestPluginCache: Executors are ''.
TpTrace Verbose: 0 : 10676, 1, 2024/02/20, 12:41:16.440, 4900309141924, vstest.console.dll, TestPluginCache: Executors2 are ''.
TpTrace Verbose: 0 : 10676, 1, 2024/02/20, 12:41:16.440, 4900309142122, vstest.console.dll, TestPluginCache: Setting providers are ''.
TpTrace Verbose: 0 : 10676, 1, 2024/02/20, 12:41:16.440, 4900309142554, vstest.console.dll, TestPluginCache: Loggers are 'logger://Microsoft/TestPlatform/Extensions/Blame/v1,logger://Microsoft/TestPlatform/HtmlLogger/v1,logger://Microsoft/TestPlatform/TrxLogger/v1'.
TpTrace Verbose: 0 : 10676, 1, 2024/02/20, 12:41:16.440, 4900309142939, vstest.console.dll, TestPluginCache: TestHosts are 'HostProvider://DefaultTestHost,HostProvider://DotnetTestHost'.
TpTrace Verbose: 0 : 10676, 1, 2024/02/20, 12:41:16.440, 4900309143103, vstest.console.dll, TestPluginCache: DataCollectors are ''.
TpTrace Information: 0 : 10676, 1, 2024/02/20, 12:41:16.440, 4900309148533, vstest.console.dll, TestPluginManager.CreateTestExtension: Attempting to load test extension: Microsoft.TestPlatform.Extensions.BlameDataCollector.BlameLogger
TpTrace Verbose: 0 : 10676, 1, 2024/02/20, 12:41:16.446, 4900309201192, vstest.console.dll, TestEngine: Initializing Parallel Execution as MaxCpuCount is set to: 1
TpTrace Information: 0 : 10676, 1, 2024/02/20, 12:41:16.447, 4900309212360, vstest.console.dll, TestPluginManager.CreateTestExtension: Attempting to load test extension: Microsoft.VisualStudio.TestPlatform.CrossPlatEngine.Hosting.DefaultTestHostManager
TpTrace Information: 0 : 10676, 1, 2024/02/20, 12:41:16.447, 4900309217106, vstest.console.dll, TestPluginManager.CreateTestExtension: Attempting to load test extension: Microsoft.VisualStudio.TestPlatform.CrossPlatEngine.Hosting.DotnetTestHostManager
TpTrace Information: 0 : 10676, 1, 2024/02/20, 12:41:16.448, 4900309221174, vstest.console.dll, InferRunSettingsHelper.IsTestSettingsEnabled: Unable to navigate to RunSettings/MSTest. Current node: RunSettings
TpTrace Verbose: 0 : 10676, 1, 2024/02/20, 12:41:16.448, 4900309225222, vstest.console.dll, ParallelOperationManager.ClearSlots: Clearing all slots. Slots should accept more work: True
TpTrace Verbose: 0 : 10676, 1, 2024/02/20, 12:41:16.448, 4900309229446, vstest.console.dll, ParallelOperationManager.SetOccupiedSlotCount: Setting slot counts AvailableSlotCount = 1, OccupiedSlotCount = 0.
TpTrace Verbose: 0 : 10676, 1, 2024/02/20, 12:41:16.449, 4900309232115, vstest.console.dll, Occupied slots:

TpTrace Verbose: 0 : 10676, 1, 2024/02/20, 12:41:16.451, 4900309253742, vstest.console.dll, TestEngine.GetExecutionManager: Chosen execution manager 'Microsoft.VisualStudio.TestPlatform.CrossPlatEngine.Client.Parallel.ParallelProxyExecutionManager, Microsoft.TestPlatform.CrossPlatEngine, Version=15.0.0.0, Culture=neutral, PublicKeyToken=b03f5f7f11d50a3a' ParallelLevel '1'.
TpTrace Verbose: 0 : 10676, 1, 2024/02/20, 12:41:16.451, 4900309254621, vstest.console.dll, TestRunRequest.ExecuteAsync: Creating test run request.
TpTrace Verbose: 0 : 10676, 1, 2024/02/20, 12:41:16.451, 4900309256175, vstest.console.dll, TestRunRequest.ExecuteAsync: Starting.
TpTrace Information: 0 : 10676, 1, 2024/02/20, 12:41:16.452, 4900309263896, vstest.console.dll, TestRunRequest.ExecuteAsync: Starting run with settings:TestRunCriteria:
   KeepAlive=False,FrequencyOfRunStatsChangeEvent=10,RunStatsChangeEventTimeout=00:00:01.5000000,TestCaseFilter=,TestExecutorLauncher=
   Settingsxml=<RunSettings>
  <RunConfiguration>
    <ResultsDirectory>C:\Users\Ivan\Desktop\from ExamPrep1-task3\ContactsConsoleAPI\ContactsConsoleAPI.IntegrationTests.NUnit\bin\Debug\net6.0\fine-code-coverage\coverage-tool-output</ResultsDirectory>
    <TargetPlatform>X64</TargetPlatform>
    <TargetFrameworkVersion>.NETCoreApp,Version=v6.0</TargetFrameworkVersion>
    <DesignMode>False</DesignMode>
    <CollectSourceInformation>False</CollectSourceInformation>
  </RunConfiguration>
  <LoggerRunSettings>
    <Loggers>
      <Logger friendlyName="blame" enabled="True" />
      <Logger friendlyName="Console" uri="logger://microsoft/TestPlatform/ConsoleLogger/v1" assemblyQualifiedName="Microsoft.VisualStudio.TestPlatform.CommandLine.Internal.ConsoleLogger, vstest.console, Version=15.0.0.0, Culture=neutral, PublicKeyToken=b03f5f7f11d50a3a" codeBase="C:\Program Files\dotnet\sdk\8.0.101\vstest.console.dll" enabled="True" />
    </Loggers>
  </LoggerRunSettings>
  <DataCollectionRunSettings>
    <DataCollectors>
      <DataCollector friendlyName="blame" enabled="True">
        <Configuration>
          <ResultsDirectory>C:\Users\Ivan\Desktop\from ExamPrep1-task3\ContactsConsoleAPI\ContactsConsoleAPI.IntegrationTests.NUnit\bin\Debug\net6.0\fine-code-coverage\coverage-tool-output</ResultsDirectory>
        </Configuration>
      </DataCollector>
    </DataCollectors>
  </DataCollectionRunSettings>
</RunSettings>

TpTrace Verbose: 0 : 10676, 1, 2024/02/20, 12:41:16.452, 4900309264318, vstest.console.dll, TestRunRequest.ExecuteAsync: Wait for the first run request is over.
TpTrace Verbose: 0 : 10676, 1, 2024/02/20, 12:41:16.452, 4900309266224, vstest.console.dll, MulticastDelegateUtilities.SafeInvoke: TestRun.TestRunStart: Invoking callbacks was skipped because there are no subscribers.
TpTrace Verbose: 0 : 10676, 4, 2024/02/20, 12:41:16.452, 4900309267454, vstest.console.dll, MulticastDelegateUtilities.SafeInvoke: InternalTestLoggerEvents.SendTestRunStart: Invoking callback 1/1 for Microsoft.VisualStudio.TestPlatform.CommandLine.Internal.ConsoleLogger., took 0 ms.
TpTrace Verbose: 0 : 10676, 1, 2024/02/20, 12:41:16.453, 4900309273800, vstest.console.dll, ParallelProxyExecutionManager: Start execution. Total sources: 1
TpTrace Verbose: 0 : 10676, 1, 2024/02/20, 12:41:16.453, 4900309276424, vstest.console.dll, ParallelOperationManager.StartWork: Starting adding 1 workloads.
TpTrace Verbose: 0 : 10676, 1, 2024/02/20, 12:41:16.453, 4900309276885, vstest.console.dll, ParallelOperationManager.ClearSlots: Clearing all slots. Slots should accept more work: True
TpTrace Verbose: 0 : 10676, 1, 2024/02/20, 12:41:16.453, 4900309277539, vstest.console.dll, ParallelOperationManager.SetOccupiedSlotCount: Setting slot counts AvailableSlotCount = 1, OccupiedSlotCount = 0.
TpTrace Verbose: 0 : 10676, 1, 2024/02/20, 12:41:16.453, 4900309277802, vstest.console.dll, Occupied slots:

TpTrace Verbose: 0 : 10676, 1, 2024/02/20, 12:41:16.454, 4900309287565, vstest.console.dll, TestRequestSender is acting as server.
TpTrace Verbose: 0 : 10676, 1, 2024/02/20, 12:41:16.455, 4900309295271, vstest.console.dll, ParallelOperationManager.RunWorkInParallel: Adding 1 workload to slot, remaining workloads 0.
TpTrace Verbose: 0 : 10676, 1, 2024/02/20, 12:41:16.455, 4900309295673, vstest.console.dll, ParallelOperationManager.SetOccupiedSlotCount: Setting slot counts AvailableSlotCount = 0, OccupiedSlotCount = 1.
TpTrace Verbose: 0 : 10676, 1, 2024/02/20, 12:41:16.455, 4900309296364, vstest.console.dll, Occupied slots:
0: C:\Users\Ivan\Desktop\from ExamPrep1-task3\ContactsConsoleAPI\ContactsConsoleAPI.IntegrationTests.NUnit\bin\Debug\net6.0\fine-code-coverage\build-output\ContactsConsoleAPI.IntegrationTests.NUnit.dll
TpTrace Verbose: 0 : 10676, 1, 2024/02/20, 12:41:16.456, 4900309303000, vstest.console.dll, ParallelOperationManager.RunWorkInParallel: Started host in slot number 0 for work (source): C:\Users\Ivan\Desktop\from ExamPrep1-task3\ContactsConsoleAPI\ContactsConsoleAPI.IntegrationTests.NUnit\bin\Debug\net6.0\fine-code-coverage\build-output\ContactsConsoleAPI.IntegrationTests.NUnit.dll.
TpTrace Verbose: 0 : 10676, 1, 2024/02/20, 12:41:16.456, 4900309308746, vstest.console.dll, ParallelOperationManager.RunWorkInParallel: We started 1 work items, which is the max parallel level. Won't start more work.
TpTrace Verbose: 0 : 10676, 1, 2024/02/20, 12:41:16.456, 4900309309231, vstest.console.dll, ParallelOperationManager.RunWorkInParallel: We started 1 work items in here, returning True.
TpTrace Information: 0 : 10676, 1, 2024/02/20, 12:41:16.456, 4900309309489, vstest.console.dll, TestRunRequest.ExecuteAsync: Started.
TpTrace Verbose: 0 : 10676, 5, 2024/02/20, 12:41:16.456, 4900309309662, vstest.console.dll, ParallelProxyExecutionManager.StartTestRunOnConcurrentManager: Initializing uninitialized client. Started clients: 0
TpTrace Verbose: 0 : 10676, 5, 2024/02/20, 12:41:16.457, 4900309311012, vstest.console.dll, DataCollectionRequestSender.InitializeCommunication : Initialize communication. 
TpTrace Verbose: 0 : 10676, 1, 2024/02/20, 12:41:16.457, 4900309314498, vstest.console.dll, TestRunRequest.WaitForCompletion: Waiting with timeout -1.
TpTrace Information: 0 : 10676, 5, 2024/02/20, 12:41:16.461, 4900309359380, vstest.console.dll, Listening on Endpoint : 127.0.0.1:11015
TpTrace Verbose: 0 : 10676, 5, 2024/02/20, 12:41:16.465, 4900309398219, vstest.console.dll, DotnetDataCollectionLauncher: Adding  --runtimeconfig "C:\Program Files\dotnet\sdk\8.0.101\datacollector.runtimeconfig.json" in args
TpTrace Verbose: 0 : 10676, 5, 2024/02/20, 12:41:16.465, 4900309398913, vstest.console.dll, DotnetDataCollectionLauncher: Adding  --depsfile "C:\Program Files\dotnet\sdk\8.0.101\datacollector.deps.json" in args
TpTrace Verbose: 0 : 10676, 5, 2024/02/20, 12:41:16.465, 4900309400290, vstest.console.dll, DotnetDataCollectionLauncher: Full path of dotnet.exe is C:\Program Files\dotnet\dotnet.exe
TpTrace Information: 0 : 10676, 5, 2024/02/20, 12:41:16.470, 4900309445216, vstest.console.dll, ProxyDataCollectionManager.Initialize: Launched datacollector processId: 19580 port: 11015
TpTrace Information: 0 : 10676, 5, 2024/02/20, 12:41:16.470, 4900309446140, vstest.console.dll, ProxyDataCollectionManager.Initialize: waiting for connection with timeout: 90 seconds
TpTrace Verbose: 0 : 10676, 5, 2024/02/20, 12:41:16.470, 4900309446472, vstest.console.dll, DataCollectionRequestSender.WaitForRequestHandlerConnection : Waiting for connection with timeout: 90000
TpTrace Information: 0 : 10676, 7, 2024/02/20, 12:41:16.566, 4900310408363, vstest.console.dll, Using the buffer size of 16384 bytes
TpTrace Verbose: 0 : 10676, 5, 2024/02/20, 12:41:16.566, 4900310408440, vstest.console.dll, SocketCommunicationManager.WaitForClientConnection took: 96 ms, with 90000 ms timeout, and finished with True.
TpTrace Information: 0 : 10676, 7, 2024/02/20, 12:41:16.566, 4900310409419, vstest.console.dll, Accepted Client request and set the flag
TpTrace Verbose: 0 : 10676, 5, 2024/02/20, 12:41:16.566, 4900310410286, vstest.console.dll, ProxyDataCollectionManager.InvokeDataCollectionServiceAction: Starting.
TpTrace Information: 0 : 10676, 5, 2024/02/20, 12:41:16.567, 4900310410874, vstest.console.dll, ProxyDataCollectionManager.BeforeTestRunStart: Get environment variable and port for datacollector processId: 19580 port: 11015
TpTrace Verbose: 0 : 10676, 5, 2024/02/20, 12:41:16.567, 4900310411676, vstest.console.dll, DataCollectionRequestSender.SendBeforeTestRunStartAndGetResult: Send BeforeTestRunStart message with settingsXml <RunSettings><RunConfiguration><ResultsDirectory>C:\Users\Ivan\Desktop\from ExamPrep1-task3\ContactsConsoleAPI\ContactsConsoleAPI.IntegrationTests.NUnit\bin\Debug\net6.0\fine-code-coverage\coverage-tool-output</ResultsDirectory><TargetPlatform>X64</TargetPlatform><TargetFrameworkVersion>.NETCoreApp,Version=v6.0</TargetFrameworkVersion><DesignMode>False</DesignMode><CollectSourceInformation>False</CollectSourceInformation><TestAdaptersPaths>C:\Program Files\dotnet\sdk\8.0.101\Extensions</TestAdaptersPaths></RunConfiguration><LoggerRunSettings><Loggers><Logger friendlyName="blame" enabled="True" /><Logger friendlyName="Console" uri="logger://microsoft/TestPlatform/ConsoleLogger/v1" assemblyQualifiedName="Microsoft.VisualStudio.TestPlatform.CommandLine.Internal.ConsoleLogger, vstest.console, Version=15.0.0.0, Culture=neutral, PublicKeyToken=b03f5f7f11d50a3a" codeBase="C:\Program Files\dotnet\sdk\8.0.101\vstest.console.dll" enabled="True" /></Loggers></LoggerRunSettings><DataCollectionRunSettings><DataCollectors><DataCollector friendlyName="blame" enabled="True"><Configuration><ResultsDirectory>C:\Users\Ivan\Desktop\from ExamPrep1-task3\ContactsConsoleAPI\ContactsConsoleAPI.IntegrationTests.NUnit\bin\Debug\net6.0\fine-code-coverage\coverage-tool-output</ResultsDirectory></Configuration></DataCollector></DataCollectors></DataCollectionRunSettings></RunSettings> and sources System.Collections.Generic.List`1[System.String]: 
TpTrace Verbose: 0 : 10676, 5, 2024/02/20, 12:41:16.600, 4900310745138, vstest.console.dll, DataCollectionRequestSender.SendBeforeTestRunStartAndGetResult: Received message: (DataCollection.SendMessage) -> {"MessageType":"DataCollection.SendMessage","Payload":{"FriendlyName":null,"Uri":null,"TestCaseId":"00000000-0000-0000-0000-000000000000","Message":"Logging DataCollector Diagnostics in file: C:\\Users\\Ivan\\Desktop\\from ExamPrep1-task3\\ContactsConsoleAPI\\ContactsConsoleAPI.IntegrationTests.NUnit\\bin\\Debug\\net6.0\\fine-code-coverage\\coverage-tool-output\\diagnostics.datacollector.24-02-20_12-41-16_46560_5.log","Level":0}}
TpTrace Verbose: 0 : 10676, 5, 2024/02/20, 12:41:16.655, 4900311296591, vstest.console.dll, DataCollectionRequestSender.SendBeforeTestRunStartAndGetResult: Received message: (DataCollection.BeforeTestRunStartResult) -> {"MessageType":"DataCollection.BeforeTestRunStartResult","Payload":{"EnvironmentVariables":{},"DataCollectionEventsPort":11017}}
TpTrace Information: 0 : 10676, 5, 2024/02/20, 12:41:16.658, 4900311330373, vstest.console.dll, ProxyDataCollectionManager.BeforeTestRunStart: SendBeforeTestRunStartAndGetResult successful, env variable from datacollector:   and testhost port: 11017
TpTrace Information: 0 : 10676, 5, 2024/02/20, 12:41:16.659, 4900311331063, vstest.console.dll, ProxyDataCollectionManager.InvokeDataCollectionServiceAction: Completed.
TpTrace Verbose: 0 : 10676, 5, 2024/02/20, 12:41:16.659, 4900311331390, vstest.console.dll, ParallelProxyExecutionManager.StartTestRunOnConcurrentManager: Initializing test run. Started clients: 0
TpTrace Verbose: 0 : 10676, 5, 2024/02/20, 12:41:16.659, 4900311332175, vstest.console.dll, ProxyExecutionManager: Test host is always Lazy initialize.
TpTrace Verbose: 0 : 10676, 5, 2024/02/20, 12:41:16.659, 4900311333782, vstest.console.dll, TestRequestSender.InitializeCommunication: initialize communication. 
TpTrace Information: 0 : 10676, 5, 2024/02/20, 12:41:16.659, 4900311337694, vstest.console.dll, SocketServer.Start: Listening on endpoint : 127.0.0.1:11018
TpTrace Verbose: 0 : 10676, 5, 2024/02/20, 12:41:16.660, 4900311343781, vstest.console.dll, DotnetTestHostmanager.GetTestHostProcessStartInfo: Platform environment 'X64' target architecture 'X64' framework '.NETCoreApp,Version=v6.0' OS 'Windows'
TpTrace Verbose: 0 : 10676, 5, 2024/02/20, 12:41:16.660, 4900311345286, vstest.console.dll, DotnetTestHostmanager: Adding  --runtimeconfig "C:\Users\Ivan\Desktop\from ExamPrep1-task3\ContactsConsoleAPI\ContactsConsoleAPI.IntegrationTests.NUnit\bin\Debug\net6.0\fine-code-coverage\build-output\ContactsConsoleAPI.IntegrationTests.NUnit.runtimeconfig.json" in args
TpTrace Verbose: 0 : 10676, 5, 2024/02/20, 12:41:16.660, 4900311346722, vstest.console.dll, DotnetTestHostmanager: Adding  --depsfile "C:\Users\Ivan\Desktop\from ExamPrep1-task3\ContactsConsoleAPI\ContactsConsoleAPI.IntegrationTests.NUnit\bin\Debug\net6.0\fine-code-coverage\build-output\ContactsConsoleAPI.IntegrationTests.NUnit.deps.json" in args
TpTrace Verbose: 0 : 10676, 5, 2024/02/20, 12:41:16.660, 4900311347948, vstest.console.dll, DotnetTestHostmanager.IsWinOnArm: Current PROCESSOR_ARCHITECTURE from environment variable 'AMD64'
TpTrace Verbose: 0 : 10676, 5, 2024/02/20, 12:41:16.660, 4900311348370, vstest.console.dll, DotnetTestHostmanager.IsWinOnArm: Is Windows on ARM 'False'
TpTrace Verbose: 0 : 10676, 5, 2024/02/20, 12:41:16.660, 4900311348896, vstest.console.dll, DotnetTestHostManager: testhost.exe found at path: C:\Users\Ivan\Desktop\from ExamPrep1-task3\ContactsConsoleAPI\ContactsConsoleAPI.IntegrationTests.NUnit\bin\Debug\net6.0\fine-code-coverage\build-output\testhost.exe
TpTrace Verbose: 0 : 10676, 5, 2024/02/20, 12:41:16.660, 4900311349296, vstest.console.dll, DotnetTestHostmanager: Full path of host exe is C:\Users\Ivan\Desktop\from ExamPrep1-task3\ContactsConsoleAPI\ContactsConsoleAPI.IntegrationTests.NUnit\bin\Debug\net6.0\fine-code-coverage\build-output\testhost.exe
TpTrace Verbose: 0 : 10676, 5, 2024/02/20, 12:41:16.660, 4900311350209, vstest.console.dll, DotnetTestHostmanager.LaunchTestHostAsync: Found 'VSTEST_WINAPPHOST_DOTNET_ROOT' in env variables, value 'C:\Program Files\dotnet', forwarding to 'DOTNET_ROOT'
TpTrace Verbose: 0 : 10676, 5, 2024/02/20, 12:41:16.661, 4900311351350, vstest.console.dll, DotnetTestHostManager: Starting process 'C:\Users\Ivan\Desktop\from ExamPrep1-task3\ContactsConsoleAPI\ContactsConsoleAPI.IntegrationTests.NUnit\bin\Debug\net6.0\fine-code-coverage\build-output\testhost.exe' with command line ' --runtimeconfig "C:\Users\Ivan\Desktop\from ExamPrep1-task3\ContactsConsoleAPI\ContactsConsoleAPI.IntegrationTests.NUnit\bin\Debug\net6.0\fine-code-coverage\build-output\ContactsConsoleAPI.IntegrationTests.NUnit.runtimeconfig.json" --depsfile "C:\Users\Ivan\Desktop\from ExamPrep1-task3\ContactsConsoleAPI\ContactsConsoleAPI.IntegrationTests.NUnit\bin\Debug\net6.0\fine-code-coverage\build-output\ContactsConsoleAPI.IntegrationTests.NUnit.deps.json" --port 11018 --endpoint 127.0.0.1:011018 --role client --parentprocessid 10676 --diag "C:\Users\Ivan\Desktop\from ExamPrep1-task3\ContactsConsoleAPI\ContactsConsoleAPI.IntegrationTests.NUnit\bin\Debug\net6.0\fine-code-coverage\coverage-tool-output\diagnostics.host.24-02-20_12-41-16_66002_5.log" --tracelevel 4 --datacollectionport 11017 --telemetryoptedin false'
TpTrace Verbose: 0 : 10676, 5, 2024/02/20, 12:41:16.668, 4900311424806, vstest.console.dll, MulticastDelegateUtilities.SafeInvoke: HostProviderEvents.OnHostLaunched: Invoking callback 1/2 for Microsoft.VisualStudio.TestPlatform.CrossPlatEngine.Client.ProxyExecutionManagerWithDataCollection., took 0 ms.
TpTrace Verbose: 0 : 10676, 5, 2024/02/20, 12:41:16.668, 4900311427130, vstest.console.dll, Test Runtime launched
TpTrace Verbose: 0 : 10676, 5, 2024/02/20, 12:41:16.668, 4900311427750, vstest.console.dll, MulticastDelegateUtilities.SafeInvoke: HostProviderEvents.OnHostLaunched: Invoking callback 2/2 for Microsoft.VisualStudio.TestPlatform.CrossPlatEngine.Client.ProxyOperationManager., took 0 ms.
TpTrace Verbose: 0 : 10676, 5, 2024/02/20, 12:41:16.668, 4900311428929, vstest.console.dll, TestRequestSender.WaitForRequestHandlerConnection: waiting for connection with timeout: 90000.
TpTrace Verbose: 0 : 10676, 5, 2024/02/20, 12:41:16.787, 4900312618423, vstest.console.dll, TestRequestSender.WaitForRequestHandlerConnection: waiting took 118 ms, with timeout 90000 ms, and result 0, which is success.
TpTrace Verbose: 0 : 10676, 13, 2024/02/20, 12:41:16.787, 4900312618424, vstest.console.dll, MulticastDelegateUtilities.SafeInvoke: SocketServer: ClientConnected: Invoking callback 1/1 for Microsoft.VisualStudio.TestPlatform.CommunicationUtilities.TestRequestSender., took 0 ms.
TpTrace Verbose: 0 : 10676, 13, 2024/02/20, 12:41:16.787, 4900312620237, vstest.console.dll, SocketServer.OnClientConnected: Client connected for endPoint: 127.0.0.1:11018, starting MessageLoopAsync:
TpTrace Verbose: 0 : 10676, 14, 2024/02/20, 12:41:16.788, 4900312623694, vstest.console.dll, TcpClientExtensions.MessageLoopAsync: Polling on remoteEndPoint: 127.0.0.1:11019 localEndPoint: 127.0.0.1:11018
TpTrace Verbose: 0 : 10676, 5, 2024/02/20, 12:41:16.788, 4900312626004, vstest.console.dll, TestRequestSender.CheckVersionWithTestHost: Sending check version message: {"MessageType":"ProtocolVersion","Payload":7}
TpTrace Verbose: 0 : 10676, 14, 2024/02/20, 12:41:16.891, 4900313651964, vstest.console.dll, TcpClientExtensions.MessageLoopAsync: NotifyDataAvailable remoteEndPoint: 127.0.0.1:11019 localEndPoint: 127.0.0.1:11018
TpTrace Verbose: 0 : 10676, 14, 2024/02/20, 12:41:16.891, 4900313654257, vstest.console.dll, TestRequestSender.CheckVersionWithTestHost: onMessageReceived received message: (ProtocolVersion) -> {"MessageType":"ProtocolVersion","Payload":5}
TpTrace Verbose: 0 : 10676, 14, 2024/02/20, 12:41:16.892, 4900313660669, vstest.console.dll, MulticastDelegateUtilities.SafeInvoke: LengthPrefixCommunicationChannel: MessageReceived: Invoking callback 1/1 for Microsoft.VisualStudio.TestPlatform.CommunicationUtilities.TestRequestSender+<>c__DisplayClass29_0., took 0 ms.
TpTrace Verbose: 0 : 10676, 5, 2024/02/20, 12:41:16.892, 4900313661337, vstest.console.dll, TestPluginCache.GetExtensionPaths: Filtered extension paths: 
TpTrace Verbose: 0 : 10676, 14, 2024/02/20, 12:41:16.892, 4900313661721, vstest.console.dll, TcpClientExtensions.MessageLoopAsync: Polling on remoteEndPoint: 127.0.0.1:11019 localEndPoint: 127.0.0.1:11018
TpTrace Verbose: 0 : 10676, 5, 2024/02/20, 12:41:16.892, 4900313661845, vstest.console.dll, TestPluginCache.GetExtensionPaths: Added default extension paths: C:\Program Files\dotnet\sdk\8.0.101\Extensions\Microsoft.Diagnostics.NETCore.Client.dll
C:\Program Files\dotnet\sdk\8.0.101\Extensions\Microsoft.TestPlatform.Extensions.BlameDataCollector.dll
C:\Program Files\dotnet\sdk\8.0.101\Extensions\Microsoft.TestPlatform.Extensions.EventLogCollector.dll
C:\Program Files\dotnet\sdk\8.0.101\Extensions\Microsoft.TestPlatform.TestHostRuntimeProvider.dll
C:\Program Files\dotnet\sdk\8.0.101\Extensions\Microsoft.VisualStudio.TestPlatform.Extensions.Html.TestLogger.dll
C:\Program Files\dotnet\sdk\8.0.101\Extensions\Microsoft.VisualStudio.TestPlatform.Extensions.Trx.TestLogger.dll
TpTrace Verbose: 0 : 10676, 5, 2024/02/20, 12:41:16.892, 4900313662461, vstest.console.dll, TestPluginCache.GetExtensionPaths: Added unfilterableExtensionPaths: 
TpTrace Verbose: 0 : 10676, 5, 2024/02/20, 12:41:16.894, 4900313682672, vstest.console.dll, TestRequestSender.InitializeExecution: Sending initialize execution with message: {"Version":5,"MessageType":"TestExecution.Initialize","Payload":["C:\\Users\\Ivan\\Desktop\\from ExamPrep1-task3\\ContactsConsoleAPI\\ContactsConsoleAPI.IntegrationTests.NUnit\\bin\\Debug\\net6.0\\fine-code-coverage\\build-output\\NUnit3.TestAdapter.dll"]}
TpTrace Verbose: 0 : 10676, 5, 2024/02/20, 12:41:16.894, 4900313684362, vstest.console.dll, ParallelProxyExecutionManager.StartTestRunOnConcurrentManager: Execution starting. Started clients: 1
TpTrace Verbose: 0 : 10676, 5, 2024/02/20, 12:41:16.894, 4900313686494, vstest.console.dll, TestRunRequest:SendTestRunMessage: Starting.
TpTrace Verbose: 0 : 10676, 5, 2024/02/20, 12:41:16.894, 4900313687732, vstest.console.dll, MulticastDelegateUtilities.SafeInvoke: TestRun.LogMessages: Invoking callback 1/1 for Microsoft.VisualStudio.TestPlatform.CommandLine.TestRunResultAggregator., took 0 ms.
TpTrace Information: 0 : 10676, 5, 2024/02/20, 12:41:16.894, 4900313688003, vstest.console.dll, TestRunRequest:SendTestRunMessage: Completed.
TpTrace Verbose: 0 : 10676, 4, 2024/02/20, 12:41:16.894, 4900313689384, vstest.console.dll, MulticastDelegateUtilities.SafeInvoke: InternalTestLoggerEvents.SendTestRunMessage: Invoking callback 1/1 for Microsoft.VisualStudio.TestPlatform.CommandLine.Internal.ConsoleLogger., took 0 ms.
TpTrace Warning: 0 : 10676, 5, 2024/02/20, 12:41:16.895, 4900313691673, vstest.console.dll, InferRunSettingsHelper.MakeRunsettingsCompatible: Removing the following settings: TargetPlatform from RunSettings file. To use those settings please move to latest version of Microsoft.NET.Test.Sdk
TpTrace Verbose: 0 : 10676, 14, 2024/02/20, 12:41:16.900, 4900313743349, vstest.console.dll, TcpClientExtensions.MessageLoopAsync: NotifyDataAvailable remoteEndPoint: 127.0.0.1:11019 localEndPoint: 127.0.0.1:11018
TpTrace Verbose: 0 : 10676, 14, 2024/02/20, 12:41:16.900, 4900313747078, vstest.console.dll, TestRequestSender.OnExecutionMessageReceived: Received message: {"Version":5,"MessageType":"TestSession.Message","Payload":{"MessageLevel":0,"Message":"Logging TestHost Diagnostics in file: C:\\Users\\Ivan\\Desktop\\from ExamPrep1-task3\\ContactsConsoleAPI\\ContactsConsoleAPI.IntegrationTests.NUnit\\bin\\Debug\\net6.0\\fine-code-coverage\\coverage-tool-output\\diagnostics.host.24-02-20_12-41-16_66002_5.log"}}
TpTrace Verbose: 0 : 10676, 5, 2024/02/20, 12:41:16.900, 4900313749419, vstest.console.dll, TestRequestSender.StartTestRun: Sending test run with message: {"Version":5,"MessageType":"TestExecution.StartWithSources","Payload":{"AdapterSourceMap":{"_none_":["C:\\Users\\Ivan\\Desktop\\from ExamPrep1-task3\\ContactsConsoleAPI\\ContactsConsoleAPI.IntegrationTests.NUnit\\bin\\Debug\\net6.0\\fine-code-coverage\\build-output\\ContactsConsoleAPI.IntegrationTests.NUnit.dll"]},"RunSettings":"<RunSettings>\r\n  <RunConfiguration>\r\n    <ResultsDirectory>C:\\Users\\Ivan\\Desktop\\from ExamPrep1-task3\\ContactsConsoleAPI\\ContactsConsoleAPI.IntegrationTests.NUnit\\bin\\Debug\\net6.0\\fine-code-coverage\\coverage-tool-output</ResultsDirectory>\r\n    <TargetFrameworkVersion>.NETCoreApp,Version=v6.0</TargetFrameworkVersion>\r\n    <DesignMode>False</DesignMode>\r\n    <CollectSourceInformation>False</CollectSourceInformation>\r\n  </RunConfiguration>\r\n  <LoggerRunSettings>\r\n    <Loggers>\r\n      <Logger friendlyName=\"blame\" enabled=\"True\" />\r\n      <Logger friendlyName=\"Console\" uri=\"logger://microsoft/TestPlatform/ConsoleLogger/v1\" assemblyQualifiedName=\"Microsoft.VisualStudio.TestPlatform.CommandLine.Internal.ConsoleLogger, vstest.console, Version=15.0.0.0, Culture=neutral, PublicKeyToken=b03f5f7f11d50a3a\" codeBase=\"C:\\Program Files\\dotnet\\sdk\\8.0.101\\vstest.console.dll\" enabled=\"True\" />\r\n    </Loggers>\r\n  </LoggerRunSettings>\r\n  <DataCollectionRunSettings>\r\n    <DataCollectors>\r\n      <DataCollector friendlyName=\"blame\" enabled=\"True\">\r\n        <Configuration>\r\n          <ResultsDirectory>C:\\Users\\Ivan\\Desktop\\from ExamPrep1-task3\\ContactsConsoleAPI\\ContactsConsoleAPI.IntegrationTests.NUnit\\bin\\Debug\\net6.0\\fine-code-coverage\\coverage-tool-output</ResultsDirectory>\r\n        </Configuration>\r\n      </DataCollector>\r\n    </DataCollectors>\r\n  </DataCollectionRunSettings>\r\n</RunSettings>","TestExecutionContext":{"FrequencyOfRunStatsChangeEvent":10,"RunStatsChangeEventTimeout":"00:00:01.5000000","InIsolation":false,"KeepAlive":false,"AreTestCaseLevelEventsRequired":false,"IsDebug":false,"TestCaseFilter":null,"FilterOptions":null},"Package":null}}
TpTrace Verbose: 0 : 10676, 5, 2024/02/20, 12:41:16.901, 4900313750966, vstest.console.dll, ParallelProxyExecutionManager.StartTestRunOnConcurrentManager: Execution started. Started clients: 1
TpTrace Verbose: 0 : 10676, 14, 2024/02/20, 12:41:16.903, 4900313771343, vstest.console.dll, TestRunRequest:SendTestRunMessage: Starting.
TpTrace Verbose: 0 : 10676, 14, 2024/02/20, 12:41:16.903, 4900313773008, vstest.console.dll, MulticastDelegateUtilities.SafeInvoke: TestRun.LogMessages: Invoking callback 1/1 for Microsoft.VisualStudio.TestPlatform.CommandLine.TestRunResultAggregator., took 0 ms.
TpTrace Verbose: 0 : 10676, 4, 2024/02/20, 12:41:16.903, 4900313773202, vstest.console.dll, MulticastDelegateUtilities.SafeInvoke: InternalTestLoggerEvents.SendTestRunMessage: Invoking callback 1/1 for Microsoft.VisualStudio.TestPlatform.CommandLine.Internal.ConsoleLogger., took 0 ms.
TpTrace Information: 0 : 10676, 14, 2024/02/20, 12:41:16.903, 4900313773280, vstest.console.dll, TestRunRequest:SendTestRunMessage: Completed.
TpTrace Verbose: 0 : 10676, 14, 2024/02/20, 12:41:16.903, 4900313774525, vstest.console.dll, MulticastDelegateUtilities.SafeInvoke: LengthPrefixCommunicationChannel: MessageReceived: Invoking callback 1/1 for Microsoft.VisualStudio.TestPlatform.CommunicationUtilities.TestRequestSender+<>c__DisplayClass34_0., took 2 ms.
TpTrace Verbose: 0 : 10676, 14, 2024/02/20, 12:41:16.903, 4900313775046, vstest.console.dll, TcpClientExtensions.MessageLoopAsync: Polling on remoteEndPoint: 127.0.0.1:11019 localEndPoint: 127.0.0.1:11018
TpTrace Verbose: 0 : 10676, 14, 2024/02/20, 12:41:17.045, 4900315198446, vstest.console.dll, TcpClientExtensions.MessageLoopAsync: NotifyDataAvailable remoteEndPoint: 127.0.0.1:11019 localEndPoint: 127.0.0.1:11018
TpTrace Verbose: 0 : 10676, 14, 2024/02/20, 12:41:17.045, 4900315200190, vstest.console.dll, TestRequestSender.OnExecutionMessageReceived: Received message: {"Version":5,"MessageType":"TestSession.Message","Payload":{"MessageLevel":0,"Message":"NUnit Adapter 4.2.0.0: Test execution started"}}
TpTrace Verbose: 0 : 10676, 14, 2024/02/20, 12:41:17.046, 4900315202537, vstest.console.dll, TestRunRequest:SendTestRunMessage: Starting.
TpTrace Verbose: 0 : 10676, 14, 2024/02/20, 12:41:17.046, 4900315203377, vstest.console.dll, MulticastDelegateUtilities.SafeInvoke: TestRun.LogMessages: Invoking callback 1/1 for Microsoft.VisualStudio.TestPlatform.CommandLine.TestRunResultAggregator., took 0 ms.
TpTrace Verbose: 0 : 10676, 4, 2024/02/20, 12:41:17.046, 4900315203629, vstest.console.dll, MulticastDelegateUtilities.SafeInvoke: InternalTestLoggerEvents.SendTestRunMessage: Invoking callback 1/1 for Microsoft.VisualStudio.TestPlatform.CommandLine.Internal.ConsoleLogger., took 0 ms.
TpTrace Information: 0 : 10676, 14, 2024/02/20, 12:41:17.046, 4900315203812, vstest.console.dll, TestRunRequest:SendTestRunMessage: Completed.
TpTrace Verbose: 0 : 10676, 14, 2024/02/20, 12:41:17.046, 4900315204720, vstest.console.dll, MulticastDelegateUtilities.SafeInvoke: LengthPrefixCommunicationChannel: MessageReceived: Invoking callback 1/1 for Microsoft.VisualStudio.TestPlatform.CommunicationUtilities.TestRequestSender+<>c__DisplayClass34_0., took 0 ms.
TpTrace Verbose: 0 : 10676, 14, 2024/02/20, 12:41:17.046, 4900315204987, vstest.console.dll, TcpClientExtensions.MessageLoopAsync: Polling on remoteEndPoint: 127.0.0.1:11019 localEndPoint: 127.0.0.1:11018
TpTrace Verbose: 0 : 10676, 14, 2024/02/20, 12:41:17.076, 4900315501961, vstest.console.dll, TcpClientExtensions.MessageLoopAsync: NotifyDataAvailable remoteEndPoint: 127.0.0.1:11019 localEndPoint: 127.0.0.1:11018
TpTrace Verbose: 0 : 10676, 14, 2024/02/20, 12:41:17.076, 4900315503907, vstest.console.dll, TestRequestSender.OnExecutionMessageReceived: Received message: {"Version":5,"MessageType":"TestSession.Message","Payload":{"MessageLevel":0,"Message":"Running all tests in C:\\Users\\Ivan\\Desktop\\from ExamPrep1-task3\\ContactsConsoleAPI\\ContactsConsoleAPI.IntegrationTests.NUnit\\bin\\Debug\\net6.0\\fine-code-coverage\\build-output\\ContactsConsoleAPI.IntegrationTests.NUnit.dll"}}
TpTrace Verbose: 0 : 10676, 14, 2024/02/20, 12:41:17.076, 4900315505014, vstest.console.dll, TestRunRequest:SendTestRunMessage: Starting.
TpTrace Verbose: 0 : 10676, 14, 2024/02/20, 12:41:17.076, 4900315505514, vstest.console.dll, MulticastDelegateUtilities.SafeInvoke: TestRun.LogMessages: Invoking callback 1/1 for Microsoft.VisualStudio.TestPlatform.CommandLine.TestRunResultAggregator., took 0 ms.
TpTrace Information: 0 : 10676, 14, 2024/02/20, 12:41:17.076, 4900315505714, vstest.console.dll, TestRunRequest:SendTestRunMessage: Completed.
TpTrace Verbose: 0 : 10676, 4, 2024/02/20, 12:41:17.076, 4900315505721, vstest.console.dll, MulticastDelegateUtilities.SafeInvoke: InternalTestLoggerEvents.SendTestRunMessage: Invoking callback 1/1 for Microsoft.VisualStudio.TestPlatform.CommandLine.Internal.ConsoleLogger., took 0 ms.
TpTrace Verbose: 0 : 10676, 14, 2024/02/20, 12:41:17.076, 4900315505882, vstest.console.dll, MulticastDelegateUtilities.SafeInvoke: LengthPrefixCommunicationChannel: MessageReceived: Invoking callback 1/1 for Microsoft.VisualStudio.TestPlatform.CommunicationUtilities.TestRequestSender+<>c__DisplayClass34_0., took 0 ms.
TpTrace Verbose: 0 : 10676, 14, 2024/02/20, 12:41:17.076, 4900315506587, vstest.console.dll, TcpClientExtensions.MessageLoopAsync: Polling on remoteEndPoint: 127.0.0.1:11019 localEndPoint: 127.0.0.1:11018
TpTrace Verbose: 0 : 10676, 14, 2024/02/20, 12:41:17.220, 4900316946210, vstest.console.dll, TcpClientExtensions.MessageLoopAsync: NotifyDataAvailable remoteEndPoint: 127.0.0.1:11019 localEndPoint: 127.0.0.1:11018
TpTrace Verbose: 0 : 10676, 14, 2024/02/20, 12:41:17.220, 4900316948237, vstest.console.dll, TestRequestSender.OnExecutionMessageReceived: Received message: {"Version":5,"MessageType":"TestSession.Message","Payload":{"MessageLevel":0,"Message":"   NUnit3TestExecutor discovered 16 of 16 NUnit test cases using Current Discovery mode, Non-Explicit run"}}
TpTrace Verbose: 0 : 10676, 14, 2024/02/20, 12:41:17.220, 4900316949650, vstest.console.dll, TestRunRequest:SendTestRunMessage: Starting.
TpTrace Verbose: 0 : 10676, 14, 2024/02/20, 12:41:17.220, 4900316950204, vstest.console.dll, MulticastDelegateUtilities.SafeInvoke: TestRun.LogMessages: Invoking callback 1/1 for Microsoft.VisualStudio.TestPlatform.CommandLine.TestRunResultAggregator., took 0 ms.
TpTrace Information: 0 : 10676, 14, 2024/02/20, 12:41:17.220, 4900316950499, vstest.console.dll, TestRunRequest:SendTestRunMessage: Completed.
TpTrace Verbose: 0 : 10676, 4, 2024/02/20, 12:41:17.220, 4900316950441, vstest.console.dll, MulticastDelegateUtilities.SafeInvoke: InternalTestLoggerEvents.SendTestRunMessage: Invoking callback 1/1 for Microsoft.VisualStudio.TestPlatform.CommandLine.Internal.ConsoleLogger., took 0 ms.
TpTrace Verbose: 0 : 10676, 14, 2024/02/20, 12:41:17.221, 4900316951287, vstest.console.dll, MulticastDelegateUtilities.SafeInvoke: LengthPrefixCommunicationChannel: MessageReceived: Invoking callback 1/1 for Microsoft.VisualStudio.TestPlatform.CommunicationUtilities.TestRequestSender+<>c__DisplayClass34_0., took 0 ms.
TpTrace Verbose: 0 : 10676, 14, 2024/02/20, 12:41:17.221, 4900316951841, vstest.console.dll, TcpClientExtensions.MessageLoopAsync: Polling on remoteEndPoint: 127.0.0.1:11019 localEndPoint: 127.0.0.1:11018
TpTrace Verbose: 0 : 10676, 14, 2024/02/20, 12:41:17.813, 4900322879359, vstest.console.dll, TcpClientExtensions.MessageLoopAsync: NotifyDataAvailable remoteEndPoint: 127.0.0.1:11019 localEndPoint: 127.0.0.1:11018
TpTrace Verbose: 0 : 10676, 14, 2024/02/20, 12:41:17.814, 4900322881571, vstest.console.dll, TestRequestSender.OnExecutionMessageReceived: Received message: {"Version":5,"MessageType":"TestSession.Message","Payload":{"MessageLevel":1,"Message":"Validation Error: The Email field is not a valid e-mail address.\r\n"}}
TpTrace Verbose: 0 : 10676, 14, 2024/02/20, 12:41:17.814, 4900322882815, vstest.console.dll, TestRunRequest:SendTestRunMessage: Starting.
TpTrace Verbose: 0 : 10676, 14, 2024/02/20, 12:41:17.814, 4900322883432, vstest.console.dll, MulticastDelegateUtilities.SafeInvoke: TestRun.LogMessages: Invoking callback 1/1 for Microsoft.VisualStudio.TestPlatform.CommandLine.TestRunResultAggregator., took 0 ms.
TpTrace Information: 0 : 10676, 14, 2024/02/20, 12:41:17.814, 4900322883683, vstest.console.dll, TestRunRequest:SendTestRunMessage: Completed.
TpTrace Verbose: 0 : 10676, 14, 2024/02/20, 12:41:17.814, 4900322883973, vstest.console.dll, MulticastDelegateUtilities.SafeInvoke: LengthPrefixCommunicationChannel: MessageReceived: Invoking callback 1/1 for Microsoft.VisualStudio.TestPlatform.CommunicationUtilities.TestRequestSender+<>c__DisplayClass34_0., took 0 ms.
TpTrace Verbose: 0 : 10676, 14, 2024/02/20, 12:41:17.814, 4900322884241, vstest.console.dll, TcpClientExtensions.MessageLoopAsync: Polling on remoteEndPoint: 127.0.0.1:11019 localEndPoint: 127.0.0.1:11018
TpTrace Verbose: 0 : 10676, 4, 2024/02/20, 12:41:17.814, 4900322884788, vstest.console.dll, MulticastDelegateUtilities.SafeInvoke: InternalTestLoggerEvents.SendTestRunMessage: Invoking callback 1/1 for Microsoft.VisualStudio.TestPlatform.CommandLine.Internal.ConsoleLogger., took 0 ms.
TpTrace Verbose: 0 : 10676, 14, 2024/02/20, 12:41:17.879, 4900323539135, vstest.console.dll, TcpClientExtensions.MessageLoopAsync: NotifyDataAvailable remoteEndPoint: 127.0.0.1:11019 localEndPoint: 127.0.0.1:11018
TpTrace Verbose: 0 : 10676, 14, 2024/02/20, 12:41:17.880, 4900323542873, vstest.console.dll, TestRequestSender.OnExecutionMessageReceived: Received message: {"Version":5,"MessageType":"TestExecution.StatsChange","Payload":{"NewTestResults":[{"TestCase":{"Id":"f4941ba1-2c97-fd8d-de47-769048bbe098","FullyQualifiedName":"ContactsConsoleAPI.IntegrationTests.NUnit.IntegrationTests.AddContactAsync_ShouldAddNewContact","DisplayName":"AddContactAsync_ShouldAddNewContact","ExecutorUri":"executor://NUnit3TestExecutor","Source":"C:\\Users\\Ivan\\Desktop\\from ExamPrep1-task3\\ContactsConsoleAPI\\ContactsConsoleAPI.IntegrationTests.NUnit\\bin\\Debug\\net6.0\\fine-code-coverage\\build-output\\ContactsConsoleAPI.IntegrationTests.NUnit.dll","CodeFilePath":null,"LineNumber":0,"Properties":[{"Key":{"Id":"NUnit.Seed","Label":"Seed","Category":"","Description":"","Attributes":0,"ValueType":"System.String"},"Value":"43577320"}]},"Attachments":[],"Outcome":1,"ErrorMessage":null,"ErrorStackTrace":null,"DisplayName":"AddContactAsync_ShouldAddNewContact","Messages":[],"ComputerName":"DESKTOP-QI8JBMK","Duration":"00:00:00.5386080","StartTime":"2024-02-20T10:41:17.2423993+00:00","EndTime":"2024-02-20T10:41:17.7809483+00:00","Properties":[{"Key":{"Id":"NUnit.Seed","Label":"Seed","Category":"","Description":"","Attributes":0,"ValueType":"System.String"},"Value":"43577320"}]},{"TestCase":{"Id":"55ab7dee-bb71-e26a-b365-c70104665981","FullyQualifiedName":"ContactsConsoleAPI.IntegrationTests.NUnit.IntegrationTests.AddContactAsync_TryToAddContactWithInvalidCredentials_ShouldThrowException","DisplayName":"AddContactAsync_TryToAddContactWithInvalidCredentials_ShouldThrowException","ExecutorUri":"executor://NUnit3TestExecutor","Source":"C:\\Users\\Ivan\\Desktop\\from ExamPrep1-task3\\ContactsConsoleAPI\\ContactsConsoleAPI.IntegrationTests.NUnit\\bin\\Debug\\net6.0\\fine-code-coverage\\build-output\\ContactsConsoleAPI.IntegrationTests.NUnit.dll","CodeFilePath":null,"LineNumber":0,"Properties":[{"Key":{"Id":"NUnit.Seed","Label":"Seed","Category":"","Description":"","Attributes":0,"ValueType":"System.String"},"Value":"427470453"}]},"Attachments":[],"Outcome":1,"ErrorMessage":null,"ErrorStackTrace":null,"DisplayName":"AddContactAsync_TryToAddContactWithInvalidCredentials_ShouldThrowException","Messages":[{"Category":"StdOutMsgs","Text":"Validation Error: The Email field is not a valid e-mail address.\r\n"}],"ComputerName":"DESKTOP-QI8JBMK","Duration":"00:00:00.0305830","StartTime":"2024-02-20T10:41:17.7821634+00:00","EndTime":"2024-02-20T10:41:17.8127461+00:00","Properties":[{"Key":{"Id":"NUnit.Seed","Label":"Seed","Category":"","Description":"","Attributes":0,"ValueType":"System.String"},"Value":"427470453"}]},{"TestCase":{"Id":"fc9bd7fa-df0e-5839-4d2c-d93c40a3563d","FullyQualifiedName":"ContactsConsoleAPI.IntegrationTests.NUnit.IntegrationTests.DeleteContactAsync_TryToDeleteWithNullOrWhiteSpaceULID_ShouldThrowException(\"\")","DisplayName":"DeleteContactAsync_TryToDeleteWithNullOrWhiteSpaceULID_ShouldThrowException(\"\")","ExecutorUri":"executor://NUnit3TestExecutor","Source":"C:\\Users\\Ivan\\Desktop\\from ExamPrep1-task3\\ContactsConsoleAPI\\ContactsConsoleAPI.IntegrationTests.NUnit\\bin\\Debug\\net6.0\\fine-code-coverage\\build-output\\ContactsConsoleAPI.IntegrationTests.NUnit.dll","CodeFilePath":null,"LineNumber":0,"Properties":[{"Key":{"Id":"NUnit.Seed","Label":"Seed","Category":"","Description":"","Attributes":0,"ValueType":"System.String"},"Value":"563565246"}]},"Attachments":[],"Outcome":1,"ErrorMessage":null,"ErrorStackTrace":null,"DisplayName":"DeleteContactAsync_TryToDeleteWithNullOrWhiteSpaceULID_ShouldThrowException(\"\")","Messages":[],"ComputerName":"DESKTOP-QI8JBMK","Duration":"00:00:00.0097730","StartTime":"2024-02-20T10:41:17.8128+00:00","EndTime":"2024-02-20T10:41:17.8225727+00:00","Properties":[{"Key":{"Id":"NUnit.Seed","Label":"Seed","Category":"","Description":"","Attributes":0,"ValueType":"System.String"},"Value":"563565246"}]},{"TestCase":{"Id":"243a2e61-df0c-2a3d-eae7-0d3a4c483200","FullyQualifiedName":"ContactsConsoleAPI.IntegrationTests.NUnit.IntegrationTests.DeleteContactAsync_TryToDeleteWithNullOrWhiteSpaceULID_ShouldThrowException(\"     \")","DisplayName":"DeleteContactAsync_TryToDeleteWithNullOrWhiteSpaceULID_ShouldThrowException(\"     \")","ExecutorUri":"executor://NUnit3TestExecutor","Source":"C:\\Users\\Ivan\\Desktop\\from ExamPrep1-task3\\ContactsConsoleAPI\\ContactsConsoleAPI.IntegrationTests.NUnit\\bin\\Debug\\net6.0\\fine-code-coverage\\build-output\\ContactsConsoleAPI.IntegrationTests.NUnit.dll","CodeFilePath":null,"LineNumber":0,"Properties":[{"Key":{"Id":"NUnit.Seed","Label":"Seed","Category":"","Description":"","Attributes":0,"ValueType":"System.String"},"Value":"1556400580"}]},"Attachments":[],"Outcome":1,"ErrorMessage":null,"ErrorStackTrace":null,"DisplayName":"DeleteContactAsync_TryToDeleteWithNullOrWhiteSpaceULID_ShouldThrowException(\"     \")","Messages":[],"ComputerName":"DESKTOP-QI8JBMK","Duration":"00:00:00.0002740","StartTime":"2024-02-20T10:41:17.8225969+00:00","EndTime":"2024-02-20T10:41:17.8228702+00:00","Properties":[{"Key":{"Id":"NUnit.Seed","Label":"Seed","Category":"","Description":"","Attributes":0,"ValueType":"System.String"},"Value":"1556400580"}]},{"TestCase":{"Id":"cdaaedde-b130-e60a-ecb1-2376a3d73dc4","FullyQualifiedName":"ContactsConsoleAPI.IntegrationTests.NUnit.IntegrationTests.DeleteContactAsync_TryToDeleteWithNullOrWhiteSpaceULID_ShouldThrowException(null)","DisplayName":"DeleteContactAsync_TryToDeleteWithNullOrWhiteSpaceULID_ShouldThrowException(null)","ExecutorUri":"executor://NUnit3TestExecutor","Source":"C:\\Users\\Ivan\\Desktop\\from ExamPrep1-task3\\ContactsConsoleAPI\\ContactsConsoleAPI.IntegrationTests.NUnit\\bin\\Debug\\net6.0\\fine-code-coverage\\build-output\\ContactsConsoleAPI.IntegrationTests.NUnit.dll","CodeFilePath":null,"LineNumber":0,"Properties":[{"Key":{"Id":"NUnit.Seed","Label":"Seed","Category":"","Description":"","Attributes":0,"ValueType":"System.String"},"Value":"687517289"}]},"Attachments":[],"Outcome":1,"ErrorMessage":null,"ErrorStackTrace":null,"DisplayName":"DeleteContactAsync_TryToDeleteWithNullOrWhiteSpaceULID_ShouldThrowException(null)","Messages":[],"ComputerName":"DESKTOP-QI8JBMK","Duration":"00:00:00.0001360","StartTime":"2024-02-20T10:41:17.8228798+00:00","EndTime":"2024-02-20T10:41:17.823016+00:00","Properties":[{"Key":{"Id":"NUnit.Seed","Label":"Seed","Category":"","Description":"","Attributes":0,"ValueType":"System.String"},"Value":"687517289"}]},{"TestCase":{"Id":"74cc77e6-db5b-ef8c-2859-82e51a662295","FullyQualifiedName":"ContactsConsoleAPI.IntegrationTests.NUnit.IntegrationTests.DeleteContactAsync_WithValidULID_ShouldRemoveContactFromDb","DisplayName":"DeleteContactAsync_WithValidULID_ShouldRemoveContactFromDb","ExecutorUri":"executor://NUnit3TestExecutor","Source":"C:\\Users\\Ivan\\Desktop\\from ExamPrep1-task3\\ContactsConsoleAPI\\ContactsConsoleAPI.IntegrationTests.NUnit\\bin\\Debug\\net6.0\\fine-code-coverage\\build-output\\ContactsConsoleAPI.IntegrationTests.NUnit.dll","CodeFilePath":null,"LineNumber":0,"Properties":[{"Key":{"Id":"NUnit.Seed","Label":"Seed","Category":"","Description":"","Attributes":0,"ValueType":"System.String"},"Value":"1079325681"}]},"Attachments":[],"Outcome":1,"ErrorMessage":null,"ErrorStackTrace":null,"DisplayName":"DeleteContactAsync_WithValidULID_ShouldRemoveContactFromDb","Messages":[],"ComputerName":"DESKTOP-QI8JBMK","Duration":"00:00:00.0169640","StartTime":"2024-02-20T10:41:17.8241083+00:00","EndTime":"2024-02-20T10:41:17.8410724+00:00","Properties":[{"Key":{"Id":"NUnit.Seed","Label":"Seed","Category":"","Description":"","Attributes":0,"ValueType":"System.String"},"Value":"1079325681"}]},{"TestCase":{"Id":"e412566c-2120-8892-d55f-2c56f90d6094","FullyQualifiedName":"ContactsConsoleAPI.IntegrationTests.NUnit.IntegrationTests.GetAllAsync_WhenContactsExist_ShouldReturnAllContacts","DisplayName":"GetAllAsync_WhenContactsExist_ShouldReturnAllContacts","ExecutorUri":"executor://NUnit3TestExecutor","Source":"C:\\Users\\Ivan\\Desktop\\from ExamPrep1-task3\\ContactsConsoleAPI\\ContactsConsoleAPI.IntegrationTests.NUnit\\bin\\Debug\\net6.0\\fine-code-coverage\\build-output\\ContactsConsoleAPI.IntegrationTests.NUnit.dll","CodeFilePath":null,"LineNumber":0,"Properties":[{"Key":{"Id":"NUnit.Seed","Label":"Seed","Category":"","Description":"","Attributes":0,"ValueType":"System.String"},"Value":"625796359"}]},"Attachments":[],"Outcome":1,"ErrorMessage":null,"ErrorStackTrace":null,"DisplayName":"GetAllAsync_WhenContactsExist_ShouldReturnAllContacts","Messages":[],"ComputerName":"DESKTOP-QI8JBMK","Duration":"00:00:00.0125940","StartTime":"2024-02-20T10:41:17.8410969+00:00","EndTime":"2024-02-20T10:41:17.8536908+00:00","Properties":[{"Key":{"Id":"NUnit.Seed","Label":"Seed","Category":"","Description":"","Attributes":0,"ValueType":"System.String"},"Value":"625796359"}]},{"TestCase":{"Id":"cea60d6b-5fd5-5838-1bf2-29739f455e0c","FullyQualifiedName":"ContactsConsoleAPI.IntegrationTests.NUnit.IntegrationTests.GetAllAsync_WhenNoContactsExist_ShouldThrowKeyNotFoundException","DisplayName":"GetAllAsync_WhenNoContactsExist_ShouldThrowKeyNotFoundException","ExecutorUri":"executor://NUnit3TestExecutor","Source":"C:\\Users\\Ivan\\Desktop\\from ExamPrep1-task3\\ContactsConsoleAPI\\ContactsConsoleAPI.IntegrationTests.NUnit\\bin\\Debug\\net6.0\\fine-code-coverage\\build-output\\ContactsConsoleAPI.IntegrationTests.NUnit.dll","CodeFilePath":null,"LineNumber":0,"Properties":[{"Key":{"Id":"NUnit.Seed","Label":"Seed","Category":"","Description":"","Attributes":0,"ValueType":"System.String"},"Value":"1786254752"}]},"Attachments":[],"Outcome":1,"ErrorMessage":null,"ErrorStackTrace":null,"DisplayName":"GetAllAsync_WhenNoContactsExist_ShouldThrowKeyNotFoundException","Messages":[],"ComputerName":"DESKTOP-QI8JBMK","Duration":"00:00:00.0008990","StartTime":"2024-02-20T10:41:17.8537146+00:00","EndTime":"2024-02-20T10:41:17.8546138+00:00","Properties":[{"Key":{"Id":"NUnit.Seed","Label":"Seed","Category":"","Description":"","Attributes":0,"ValueType":"System.String"},"Value":"1786254752"}]},{"TestCase":{"Id":"905b0d4f-bfc1-28b8-8cd6-f6dd5841f645","FullyQualifiedName":"ContactsConsoleAPI.IntegrationTests.NUnit.IntegrationTests.GetSpecificAsync_WithInvalidULID_ShouldThrowKeyNotFoundException","DisplayName":"GetSpecificAsync_WithInvalidULID_ShouldThrowKeyNotFoundException","ExecutorUri":"executor://NUnit3TestExecutor","Source":"C:\\Users\\Ivan\\Desktop\\from ExamPrep1-task3\\ContactsConsoleAPI\\ContactsConsoleAPI.IntegrationTests.NUnit\\bin\\Debug\\net6.0\\fine-code-coverage\\build-output\\ContactsConsoleAPI.IntegrationTests.NUnit.dll","CodeFilePath":null,"LineNumber":0,"Properties":[{"Key":{"Id":"NUnit.Seed","Label":"Seed","Category":"","Description":"","Attributes":0,"ValueType":"System.String"},"Value":"721504945"}]},"Attachments":[],"Outcome":1,"ErrorMessage":null,"ErrorStackTrace":null,"DisplayName":"GetSpecificAsync_WithInvalidULID_ShouldThrowKeyNotFoundException","Messages":[],"ComputerName":"DESKTOP-QI8JBMK","Duration":"00:00:00.0015410","StartTime":"2024-02-20T10:41:17.8546252+00:00","EndTime":"2024-02-20T10:41:17.8561662+00:00","Properties":[{"Key":{"Id":"NUnit.Seed","Label":"Seed","Category":"","Description":"","Attributes":0,"ValueType":"System.String"},"Value":"721504945"}]}],"TestRunStatistics":{"ExecutedTests":9,"Stats":{"Passed":9}},"ActiveTests":[{"Id":"d813a19e-8897-55cc-5315-a599afdfda90","FullyQualifiedName":"ContactsConsoleAPI.IntegrationTests.NUnit.IntegrationTests.GetSpecificAsync_WithValidULID_ShouldReturnContact","DisplayName":"GetSpecificAsync_WithValidULID_ShouldReturnContact","ExecutorUri":"executor://NUnit3TestExecutor","Source":"C:\\Users\\Ivan\\Desktop\\from ExamPrep1-task3\\ContactsConsoleAPI\\ContactsConsoleAPI.IntegrationTests.NUnit\\bin\\Debug\\net6.0\\fine-code-coverage\\build-output\\ContactsConsoleAPI.IntegrationTests.NUnit.dll","CodeFilePath":null,"LineNumber":0,"Properties":[{"Key":{"Id":"NUnit.Seed","Label":"Seed","Category":"","Description":"","Attributes":0,"ValueType":"System.String"},"Value":"1542079059"}]}]}}
TpTrace Verbose: 0 : 10676, 14, 2024/02/20, 12:41:17.900, 4900323745027, vstest.console.dll, TestRunRequest:SendTestRunStatsChange: Starting.
TpTrace Verbose: 0 : 10676, 14, 2024/02/20, 12:41:17.900, 4900323746854, vstest.console.dll, InProgress is GetSpecificAsync_WithValidULID_ShouldReturnContact
TpTrace Verbose: 0 : 10676, 14, 2024/02/20, 12:41:17.900, 4900323749405, vstest.console.dll, MulticastDelegateUtilities.SafeInvoke: TestRun.RunStatsChanged: Invoking callbacks was skipped because there are no subscribers.
TpTrace Information: 0 : 10676, 14, 2024/02/20, 12:41:17.900, 4900323749857, vstest.console.dll, TestRunRequest:SendTestRunStatsChange: Completed.
TpTrace Verbose: 0 : 10676, 14, 2024/02/20, 12:41:17.900, 4900323750105, vstest.console.dll, MulticastDelegateUtilities.SafeInvoke: LengthPrefixCommunicationChannel: MessageReceived: Invoking callback 1/1 for Microsoft.VisualStudio.TestPlatform.CommunicationUtilities.TestRequestSender+<>c__DisplayClass34_0., took 20 ms.
TpTrace Verbose: 0 : 10676, 14, 2024/02/20, 12:41:17.900, 4900323750450, vstest.console.dll, TcpClientExtensions.MessageLoopAsync: Polling on remoteEndPoint: 127.0.0.1:11019 localEndPoint: 127.0.0.1:11018
TpTrace Verbose: 0 : 10676, 14, 2024/02/20, 12:41:17.901, 4900323750833, vstest.console.dll, TcpClientExtensions.MessageLoopAsync: NotifyDataAvailable remoteEndPoint: 127.0.0.1:11019 localEndPoint: 127.0.0.1:11018
TpTrace Verbose: 0 : 10676, 14, 2024/02/20, 12:41:17.901, 4900323751544, vstest.console.dll, TestRequestSender.OnExecutionMessageReceived: Received message: {"Version":5,"MessageType":"TestSession.Message","Payload":{"MessageLevel":1,"Message":"Validation Error: The FirstName field is required.\r\nValidation Error: The LastName field is required.\r\nValidation Error: The Address field is required.\r\nValidation Error: The Phone field is required.\r\nValidation Error: The Email field is required.\r\nValidation Error: The Gender field is required.\r\nValidation Error: The Contact_ULID field is required.\r\n"}}
TpTrace Verbose: 0 : 10676, 14, 2024/02/20, 12:41:17.901, 4900323752370, vstest.console.dll, TestRunRequest:SendTestRunMessage: Starting.
TpTrace Verbose: 0 : 10676, 14, 2024/02/20, 12:41:17.901, 4900323752763, vstest.console.dll, MulticastDelegateUtilities.SafeInvoke: TestRun.LogMessages: Invoking callback 1/1 for Microsoft.VisualStudio.TestPlatform.CommandLine.TestRunResultAggregator., took 0 ms.
TpTrace Information: 0 : 10676, 14, 2024/02/20, 12:41:17.901, 4900323752977, vstest.console.dll, TestRunRequest:SendTestRunMessage: Completed.
TpTrace Verbose: 0 : 10676, 14, 2024/02/20, 12:41:17.901, 4900323753263, vstest.console.dll, MulticastDelegateUtilities.SafeInvoke: LengthPrefixCommunicationChannel: MessageReceived: Invoking callback 1/1 for Microsoft.VisualStudio.TestPlatform.CommunicationUtilities.TestRequestSender+<>c__DisplayClass34_0., took 0 ms.
TpTrace Verbose: 0 : 10676, 14, 2024/02/20, 12:41:17.901, 4900323753661, vstest.console.dll, TcpClientExtensions.MessageLoopAsync: Polling on remoteEndPoint: 127.0.0.1:11019 localEndPoint: 127.0.0.1:11018
TpTrace Verbose: 0 : 10676, 14, 2024/02/20, 12:41:17.901, 4900323753940, vstest.console.dll, TcpClientExtensions.MessageLoopAsync: NotifyDataAvailable remoteEndPoint: 127.0.0.1:11019 localEndPoint: 127.0.0.1:11018
TpTrace Verbose: 0 : 10676, 14, 2024/02/20, 12:41:17.901, 4900323754296, vstest.console.dll, TestRequestSender.OnExecutionMessageReceived: Received message: {"Version":5,"MessageType":"TestSession.Message","Payload":{"MessageLevel":0,"Message":"NUnit Adapter 4.2.0.0: Test execution complete"}}
TpTrace Verbose: 0 : 10676, 14, 2024/02/20, 12:41:17.901, 4900323754860, vstest.console.dll, TestRunRequest:SendTestRunMessage: Starting.
TpTrace Verbose: 0 : 10676, 14, 2024/02/20, 12:41:17.901, 4900323755215, vstest.console.dll, MulticastDelegateUtilities.SafeInvoke: TestRun.LogMessages: Invoking callback 1/1 for Microsoft.VisualStudio.TestPlatform.CommandLine.TestRunResultAggregator., took 0 ms.
TpTrace Information: 0 : 10676, 14, 2024/02/20, 12:41:17.901, 4900323755418, vstest.console.dll, TestRunRequest:SendTestRunMessage: Completed.
TpTrace Verbose: 0 : 10676, 14, 2024/02/20, 12:41:17.901, 4900323755601, vstest.console.dll, MulticastDelegateUtilities.SafeInvoke: LengthPrefixCommunicationChannel: MessageReceived: Invoking callback 1/1 for Microsoft.VisualStudio.TestPlatform.CommunicationUtilities.TestRequestSender+<>c__DisplayClass34_0., took 0 ms.
TpTrace Verbose: 0 : 10676, 14, 2024/02/20, 12:41:17.901, 4900323755838, vstest.console.dll, TcpClientExtensions.MessageLoopAsync: Polling on remoteEndPoint: 127.0.0.1:11019 localEndPoint: 127.0.0.1:11018
TpTrace Verbose: 0 : 10676, 4, 2024/02/20, 12:41:17.902, 4900323762615, vstest.console.dll, MulticastDelegateUtilities.SafeInvoke: InternalTestLoggerEvents.SendTestResult: Invoking callback 1/1 for Microsoft.VisualStudio.TestPlatform.CommandLine.Internal.ConsoleLogger., took 1 ms.
TpTrace Verbose: 0 : 10676, 4, 2024/02/20, 12:41:17.902, 4900323764791, vstest.console.dll, MulticastDelegateUtilities.SafeInvoke: InternalTestLoggerEvents.SendTestResult: Invoking callback 1/1 for Microsoft.VisualStudio.TestPlatform.CommandLine.Internal.ConsoleLogger., took 0 ms.
TpTrace Verbose: 0 : 10676, 4, 2024/02/20, 12:41:17.902, 4900323765432, vstest.console.dll, MulticastDelegateUtilities.SafeInvoke: InternalTestLoggerEvents.SendTestResult: Invoking callback 1/1 for Microsoft.VisualStudio.TestPlatform.CommandLine.Internal.ConsoleLogger., took 0 ms.
TpTrace Verbose: 0 : 10676, 4, 2024/02/20, 12:41:17.902, 4900323765767, vstest.console.dll, MulticastDelegateUtilities.SafeInvoke: InternalTestLoggerEvents.SendTestResult: Invoking callback 1/1 for Microsoft.VisualStudio.TestPlatform.CommandLine.Internal.ConsoleLogger., took 0 ms.
TpTrace Verbose: 0 : 10676, 4, 2024/02/20, 12:41:17.902, 4900323766100, vstest.console.dll, MulticastDelegateUtilities.SafeInvoke: InternalTestLoggerEvents.SendTestResult: Invoking callback 1/1 for Microsoft.VisualStudio.TestPlatform.CommandLine.Internal.ConsoleLogger., took 0 ms.
TpTrace Verbose: 0 : 10676, 4, 2024/02/20, 12:41:17.902, 4900323766413, vstest.console.dll, MulticastDelegateUtilities.SafeInvoke: InternalTestLoggerEvents.SendTestResult: Invoking callback 1/1 for Microsoft.VisualStudio.TestPlatform.CommandLine.Internal.ConsoleLogger., took 0 ms.
TpTrace Verbose: 0 : 10676, 4, 2024/02/20, 12:41:17.902, 4900323766709, vstest.console.dll, MulticastDelegateUtilities.SafeInvoke: InternalTestLoggerEvents.SendTestResult: Invoking callback 1/1 for Microsoft.VisualStudio.TestPlatform.CommandLine.Internal.ConsoleLogger., took 0 ms.
TpTrace Verbose: 0 : 10676, 4, 2024/02/20, 12:41:17.902, 4900323767073, vstest.console.dll, MulticastDelegateUtilities.SafeInvoke: InternalTestLoggerEvents.SendTestResult: Invoking callback 1/1 for Microsoft.VisualStudio.TestPlatform.CommandLine.Internal.ConsoleLogger., took 0 ms.
TpTrace Verbose: 0 : 10676, 4, 2024/02/20, 12:41:17.902, 4900323767411, vstest.console.dll, MulticastDelegateUtilities.SafeInvoke: InternalTestLoggerEvents.SendTestResult: Invoking callback 1/1 for Microsoft.VisualStudio.TestPlatform.CommandLine.Internal.ConsoleLogger., took 0 ms.
TpTrace Verbose: 0 : 10676, 4, 2024/02/20, 12:41:17.902, 4900323768153, vstest.console.dll, MulticastDelegateUtilities.SafeInvoke: InternalTestLoggerEvents.SendTestRunMessage: Invoking callback 1/1 for Microsoft.VisualStudio.TestPlatform.CommandLine.Internal.ConsoleLogger., took 0 ms.
TpTrace Verbose: 0 : 10676, 4, 2024/02/20, 12:41:17.902, 4900323768522, vstest.console.dll, MulticastDelegateUtilities.SafeInvoke: InternalTestLoggerEvents.SendTestRunMessage: Invoking callback 1/1 for Microsoft.VisualStudio.TestPlatform.CommandLine.Internal.ConsoleLogger., took 0 ms.
TpTrace Verbose: 0 : 10676, 14, 2024/02/20, 12:41:17.916, 4900323902876, vstest.console.dll, TcpClientExtensions.MessageLoopAsync: NotifyDataAvailable remoteEndPoint: 127.0.0.1:11019 localEndPoint: 127.0.0.1:11018
TpTrace Verbose: 0 : 10676, 14, 2024/02/20, 12:41:17.916, 4900323906552, vstest.console.dll, TestRequestSender.OnExecutionMessageReceived: Received message: {"Version":5,"MessageType":"TestExecution.Completed","Payload":{"TestRunCompleteArgs":{"TestRunStatistics":{"ExecutedTests":16,"Stats":{"Passed":16}},"IsCanceled":false,"IsAborted":false,"Error":null,"AttachmentSets":[],"ElapsedTimeInRunningTests":"00:00:00.8738407","Metrics":{}},"LastRunTests":{"NewTestResults":[{"TestCase":{"Id":"d813a19e-8897-55cc-5315-a599afdfda90","FullyQualifiedName":"ContactsConsoleAPI.IntegrationTests.NUnit.IntegrationTests.GetSpecificAsync_WithValidULID_ShouldReturnContact","DisplayName":"GetSpecificAsync_WithValidULID_ShouldReturnContact","ExecutorUri":"executor://NUnit3TestExecutor","Source":"C:\\Users\\Ivan\\Desktop\\from ExamPrep1-task3\\ContactsConsoleAPI\\ContactsConsoleAPI.IntegrationTests.NUnit\\bin\\Debug\\net6.0\\fine-code-coverage\\build-output\\ContactsConsoleAPI.IntegrationTests.NUnit.dll","CodeFilePath":null,"LineNumber":0,"Properties":[{"Key":{"Id":"NUnit.Seed","Label":"Seed","Category":"","Description":"","Attributes":0,"ValueType":"System.String"},"Value":"1542079059"}]},"Attachments":[],"Outcome":1,"ErrorMessage":null,"ErrorStackTrace":null,"DisplayName":"GetSpecificAsync_WithValidULID_ShouldReturnContact","Messages":[],"ComputerName":"DESKTOP-QI8JBMK","Duration":"00:00:00.0010670","StartTime":"2024-02-20T10:41:17.8561775+00:00","EndTime":"2024-02-20T10:41:17.8572445+00:00","Properties":[{"Key":{"Id":"NUnit.Seed","Label":"Seed","Category":"","Description":"","Attributes":0,"ValueType":"System.String"},"Value":"1542079059"}]},{"TestCase":{"Id":"43147d44-0d07-353a-411d-4531b9d5f8cb","FullyQualifiedName":"ContactsConsoleAPI.IntegrationTests.NUnit.IntegrationTests.SearchByFirstNameAsync_WithExistingFirstName_ShouldReturnMatchingContacts","DisplayName":"SearchByFirstNameAsync_WithExistingFirstName_ShouldReturnMatchingContacts","ExecutorUri":"executor://NUnit3TestExecutor","Source":"C:\\Users\\Ivan\\Desktop\\from ExamPrep1-task3\\ContactsConsoleAPI\\ContactsConsoleAPI.IntegrationTests.NUnit\\bin\\Debug\\net6.0\\fine-code-coverage\\build-output\\ContactsConsoleAPI.IntegrationTests.NUnit.dll","CodeFilePath":null,"LineNumber":0,"Properties":[{"Key":{"Id":"NUnit.Seed","Label":"Seed","Category":"","Description":"","Attributes":0,"ValueType":"System.String"},"Value":"1792006860"}]},"Attachments":[],"Outcome":1,"ErrorMessage":null,"ErrorStackTrace":null,"DisplayName":"SearchByFirstNameAsync_WithExistingFirstName_ShouldReturnMatchingContacts","Messages":[],"ComputerName":"DESKTOP-QI8JBMK","Duration":"00:00:00.0052940","StartTime":"2024-02-20T10:41:17.857255+00:00","EndTime":"2024-02-20T10:41:17.8625489+00:00","Properties":[{"Key":{"Id":"NUnit.Seed","Label":"Seed","Category":"","Description":"","Attributes":0,"ValueType":"System.String"},"Value":"1792006860"}]},{"TestCase":{"Id":"4f6c7925-6f52-eebe-29fd-d28fde0a3360","FullyQualifiedName":"ContactsConsoleAPI.IntegrationTests.NUnit.IntegrationTests.SearchByFirstNameAsync_WithNonExistingFirstName_ShouldThrowKeyNotFoundException","DisplayName":"SearchByFirstNameAsync_WithNonExistingFirstName_ShouldThrowKeyNotFoundException","ExecutorUri":"executor://NUnit3TestExecutor","Source":"C:\\Users\\Ivan\\Desktop\\from ExamPrep1-task3\\ContactsConsoleAPI\\ContactsConsoleAPI.IntegrationTests.NUnit\\bin\\Debug\\net6.0\\fine-code-coverage\\build-output\\ContactsConsoleAPI.IntegrationTests.NUnit.dll","CodeFilePath":null,"LineNumber":0,"Properties":[{"Key":{"Id":"NUnit.Seed","Label":"Seed","Category":"","Description":"","Attributes":0,"ValueType":"System.String"},"Value":"441398228"}]},"Attachments":[],"Outcome":1,"ErrorMessage":null,"ErrorStackTrace":null,"DisplayName":"SearchByFirstNameAsync_WithNonExistingFirstName_ShouldThrowKeyNotFoundException","Messages":[],"ComputerName":"DESKTOP-QI8JBMK","Duration":"00:00:00.0006620","StartTime":"2024-02-20T10:41:17.8625628+00:00","EndTime":"2024-02-20T10:41:17.8632251+00:00","Properties":[{"Key":{"Id":"NUnit.Seed","Label":"Seed","Category":"","Description":"","Attributes":0,"ValueType":"System.String"},"Value":"441398228"}]},{"TestCase":{"Id":"2b2547a2-3f41-844a-9dee-e9b057e784f6","FullyQualifiedName":"ContactsConsoleAPI.IntegrationTests.NUnit.IntegrationTests.SearchByLastNameAsync_WithExistingLastName_ShouldReturnMatchingContacts","DisplayName":"SearchByLastNameAsync_WithExistingLastName_ShouldReturnMatchingContacts","ExecutorUri":"executor://NUnit3TestExecutor","Source":"C:\\Users\\Ivan\\Desktop\\from ExamPrep1-task3\\ContactsConsoleAPI\\ContactsConsoleAPI.IntegrationTests.NUnit\\bin\\Debug\\net6.0\\fine-code-coverage\\build-output\\ContactsConsoleAPI.IntegrationTests.NUnit.dll","CodeFilePath":null,"LineNumber":0,"Properties":[{"Key":{"Id":"NUnit.Seed","Label":"Seed","Category":"","Description":"","Attributes":0,"ValueType":"System.String"},"Value":"1754490784"}]},"Attachments":[],"Outcome":1,"ErrorMessage":null,"ErrorStackTrace":null,"DisplayName":"SearchByLastNameAsync_WithExistingLastName_ShouldReturnMatchingContacts","Messages":[],"ComputerName":"DESKTOP-QI8JBMK","Duration":"00:00:00.0048120","StartTime":"2024-02-20T10:41:17.863235+00:00","EndTime":"2024-02-20T10:41:17.8680464+00:00","Properties":[{"Key":{"Id":"NUnit.Seed","Label":"Seed","Category":"","Description":"","Attributes":0,"ValueType":"System.String"},"Value":"1754490784"}]},{"TestCase":{"Id":"5d6fd08a-8970-ebd9-6321-72a2485c7e0c","FullyQualifiedName":"ContactsConsoleAPI.IntegrationTests.NUnit.IntegrationTests.SearchByLastNameAsync_WithNonExistingLastName_ShouldThrowKeyNotFoundException","DisplayName":"SearchByLastNameAsync_WithNonExistingLastName_ShouldThrowKeyNotFoundException","ExecutorUri":"executor://NUnit3TestExecutor","Source":"C:\\Users\\Ivan\\Desktop\\from ExamPrep1-task3\\ContactsConsoleAPI\\ContactsConsoleAPI.IntegrationTests.NUnit\\bin\\Debug\\net6.0\\fine-code-coverage\\build-output\\ContactsConsoleAPI.IntegrationTests.NUnit.dll","CodeFilePath":null,"LineNumber":0,"Properties":[{"Key":{"Id":"NUnit.Seed","Label":"Seed","Category":"","Description":"","Attributes":0,"ValueType":"System.String"},"Value":"1989789556"}]},"Attachments":[],"Outcome":1,"ErrorMessage":null,"ErrorStackTrace":null,"DisplayName":"SearchByLastNameAsync_WithNonExistingLastName_ShouldThrowKeyNotFoundException","Messages":[],"ComputerName":"DESKTOP-QI8JBMK","Duration":"00:00:00.0006330","StartTime":"2024-02-20T10:41:17.8680589+00:00","EndTime":"2024-02-20T10:41:17.8686912+00:00","Properties":[{"Key":{"Id":"NUnit.Seed","Label":"Seed","Category":"","Description":"","Attributes":0,"ValueType":"System.String"},"Value":"1989789556"}]},{"TestCase":{"Id":"5eb5d99b-47a4-3015-9fb7-36735a6c7867","FullyQualifiedName":"ContactsConsoleAPI.IntegrationTests.NUnit.IntegrationTests.UpdateAsync_WithInvalidContact_ShouldThrowValidationException","DisplayName":"UpdateAsync_WithInvalidContact_ShouldThrowValidationException","ExecutorUri":"executor://NUnit3TestExecutor","Source":"C:\\Users\\Ivan\\Desktop\\from ExamPrep1-task3\\ContactsConsoleAPI\\ContactsConsoleAPI.IntegrationTests.NUnit\\bin\\Debug\\net6.0\\fine-code-coverage\\build-output\\ContactsConsoleAPI.IntegrationTests.NUnit.dll","CodeFilePath":null,"LineNumber":0,"Properties":[{"Key":{"Id":"NUnit.Seed","Label":"Seed","Category":"","Description":"","Attributes":0,"ValueType":"System.String"},"Value":"1576492220"}]},"Attachments":[],"Outcome":1,"ErrorMessage":null,"ErrorStackTrace":null,"DisplayName":"UpdateAsync_WithInvalidContact_ShouldThrowValidationException","Messages":[{"Category":"StdOutMsgs","Text":"Validation Error: The FirstName field is required.\r\nValidation Error: The LastName field is required.\r\nValidation Error: The Address field is required.\r\nValidation Error: The Phone field is required.\r\nValidation Error: The Email field is required.\r\nValidation Error: The Gender field is required.\r\nValidation Error: The Contact_ULID field is required.\r\n"}],"ComputerName":"DESKTOP-QI8JBMK","Duration":"00:00:00.0008460","StartTime":"2024-02-20T10:41:17.868702+00:00","EndTime":"2024-02-20T10:41:17.8695476+00:00","Properties":[{"Key":{"Id":"NUnit.Seed","Label":"Seed","Category":"","Description":"","Attributes":0,"ValueType":"System.String"},"Value":"1576492220"}]},{"TestCase":{"Id":"3674fb56-e7b5-1c84-6ef7-f5e7421038e4","FullyQualifiedName":"ContactsConsoleAPI.IntegrationTests.NUnit.IntegrationTests.UpdateAsync_WithValidContact_ShouldUpdateContact","DisplayName":"UpdateAsync_WithValidContact_ShouldUpdateContact","ExecutorUri":"executor://NUnit3TestExecutor","Source":"C:\\Users\\Ivan\\Desktop\\from ExamPrep1-task3\\ContactsConsoleAPI\\ContactsConsoleAPI.IntegrationTests.NUnit\\bin\\Debug\\net6.0\\fine-code-coverage\\build-output\\ContactsConsoleAPI.IntegrationTests.NUnit.dll","CodeFilePath":null,"LineNumber":0,"Properties":[{"Key":{"Id":"NUnit.Seed","Label":"Seed","Category":"","Description":"","Attributes":0,"ValueType":"System.String"},"Value":"652248454"}]},"Attachments":[],"Outcome":1,"ErrorMessage":null,"ErrorStackTrace":null,"DisplayName":"UpdateAsync_WithValidContact_ShouldUpdateContact","Messages":[],"ComputerName":"DESKTOP-QI8JBMK","Duration":"00:00:00.0063860","StartTime":"2024-02-20T10:41:17.8695578+00:00","EndTime":"2024-02-20T10:41:17.8759435+00:00","Properties":[{"Key":{"Id":"NUnit.Seed","Label":"Seed","Category":"","Description":"","Attributes":0,"ValueType":"System.String"},"Value":"652248454"}]}],"TestRunStatistics":{"ExecutedTests":16,"Stats":{"Passed":16}},"ActiveTests":[]},"RunAttachments":[],"ExecutorUris":["executor://nunit3testexecutor/"]}}
TpTrace Verbose: 0 : 10676, 14, 2024/02/20, 12:41:17.916, 4900323908271, vstest.console.dll, TestRequestSender.EndSession: Sending end session.
TpTrace Verbose: 0 : 10676, 14, 2024/02/20, 12:41:17.916, 4900323909729, vstest.console.dll, ProxyOperationManager.Close: waiting for test host to exit for 100 ms
TpTrace Verbose: 0 : 10676, 12, 2024/02/20, 12:41:17.935, 4900324098204, vstest.console.dll, TestHostManagerCallbacks.ctor: Experimental forwarding output is disabled.
TpTrace Warning: 0 : 10676, 12, 2024/02/20, 12:41:17.935, 4900324099704, vstest.console.dll, TestHostManagerCallbacks.ErrorReceivedCallback Test host standard error line: 
TpTrace Verbose: 0 : 10676, 12, 2024/02/20, 12:41:17.941, 4900324160284, vstest.console.dll, TestHostProvider.ExitCallBack: Host exited starting callback.
TpTrace Information: 0 : 10676, 12, 2024/02/20, 12:41:17.942, 4900324161758, vstest.console.dll, TestHostManagerCallbacks.ExitCallBack: Testhost processId: 15132 exited with exitcode: 0 error: ''
TpTrace Verbose: 0 : 10676, 12, 2024/02/20, 12:41:17.942, 4900324162189, vstest.console.dll, DotnetTestHostManager.OnHostExited: invoking OnHostExited callback
TpTrace Verbose: 0 : 10676, 12, 2024/02/20, 12:41:17.942, 4900324162665, vstest.console.dll, CrossPlatEngine.TestHostManagerHostExited: calling on client process exit callback.
TpTrace Information: 0 : 10676, 12, 2024/02/20, 12:41:17.942, 4900324163113, vstest.console.dll, TestRequestSender.OnClientProcessExit: Test host process exited. Standard error: 
TpTrace Information: 0 : 10676, 14, 2024/02/20, 12:41:17.942, 4900324163501, vstest.console.dll, SocketServer.Stop: Stop server endPoint: 127.0.0.1:11018
TpTrace Information: 0 : 10676, 12, 2024/02/20, 12:41:17.942, 4900324163774, vstest.console.dll, SocketServer.Stop: Stop server endPoint: 127.0.0.1:11018
TpTrace Information: 0 : 10676, 14, 2024/02/20, 12:41:17.942, 4900324164108, vstest.console.dll, SocketServer.Stop: Cancellation requested. Stopping message loop.
TpTrace Information: 0 : 10676, 12, 2024/02/20, 12:41:17.942, 4900324164460, vstest.console.dll, SocketServer.Stop: Cancellation requested. Stopping message loop.
TpTrace Verbose: 0 : 10676, 12, 2024/02/20, 12:41:17.942, 4900324165136, vstest.console.dll, MulticastDelegateUtilities.SafeInvoke: HostProviderEvents.OnHostExited: Invoking callback 1/1 for Microsoft.VisualStudio.TestPlatform.CrossPlatEngine.Client.ProxyOperationManager., took 0 ms.
TpTrace Information: 0 : 10676, 14, 2024/02/20, 12:41:17.942, 4900324165491, vstest.console.dll, Closing the connection
TpTrace Verbose: 0 : 10676, 14, 2024/02/20, 12:41:17.942, 4900324167496, vstest.console.dll, ProxyDataCollectionManager.InvokeDataCollectionServiceAction: Starting.
TpTrace Information: 0 : 10676, 14, 2024/02/20, 12:41:17.942, 4900324167892, vstest.console.dll, ProxyDataCollectionManager.AfterTestRunEnd: Get attachment set and invoked data collectors processId: 19580 port: 11015
TpTrace Verbose: 0 : 10676, 14, 2024/02/20, 12:41:17.942, 4900324168650, vstest.console.dll, DataCollectionRequestSender.SendAfterTestRunStartAndGetResult: Send AfterTestRunEnd message with isCancelled: False
TpTrace Verbose: 0 : 10676, 14, 2024/02/20, 12:41:17.948, 4900324222722, vstest.console.dll, DataCollectionRequestSender.SendAfterTestRunStartAndGetResult: Received message: (DataCollection.AfterTestRunEndResult) -> {"MessageType":"DataCollection.AfterTestRunEndResult","Payload":{"AttachmentSets":[],"InvokedDataCollectors":[{"Uri":"datacollector://Microsoft/TestPlatform/Extensions/Blame/v1","FriendlyName":"Blame","AssemblyQualifiedName":"Microsoft.TestPlatform.Extensions.BlameDataCollector.BlameCollector, Microsoft.TestPlatform.Extensions.BlameDataCollector, Version=15.0.0.0, Culture=neutral, PublicKeyToken=b03f5f7f11d50a3a","FilePath":"C:\\Program Files\\dotnet\\sdk\\8.0.101\\Extensions\\Microsoft.TestPlatform.Extensions.BlameDataCollector.dll","HasAttachmentProcessor":false}],"Metrics":{}}}
TpTrace Warning: 0 : 10676, 11, 2024/02/20, 12:41:17.952, 4900324262852, vstest.console.dll, DataCollectionLauncher.ErrorReceivedCallback datacollector standard error line: 
TpTrace Information: 0 : 10676, 14, 2024/02/20, 12:41:17.952, 4900324265202, vstest.console.dll, ProxyDataCollectionManager.InvokeDataCollectionServiceAction: Completed.
TpTrace Information: 0 : 10676, 11, 2024/02/20, 12:41:17.958, 4900324329145, vstest.console.dll, DataCollectionLauncher.ExitCallBack: Data collector exited with exitcode: 0 error: ''
TpTrace Verbose: 0 : 10676, 14, 2024/02/20, 12:41:17.980, 4900324544453, vstest.console.dll, TestRunRequest:SendTestRunStatsChange: Starting.
TpTrace Verbose: 0 : 10676, 14, 2024/02/20, 12:41:17.980, 4900324545860, vstest.console.dll, MulticastDelegateUtilities.SafeInvoke: TestRun.RunStatsChanged: Invoking callbacks was skipped because there are no subscribers.
TpTrace Information: 0 : 10676, 14, 2024/02/20, 12:41:17.980, 4900324546187, vstest.console.dll, TestRunRequest:SendTestRunStatsChange: Completed.
TpTrace Verbose: 0 : 10676, 4, 2024/02/20, 12:41:17.980, 4900324546546, vstest.console.dll, MulticastDelegateUtilities.SafeInvoke: InternalTestLoggerEvents.SendTestResult: Invoking callback 1/1 for Microsoft.VisualStudio.TestPlatform.CommandLine.Internal.ConsoleLogger., took 0 ms.
TpTrace Verbose: 0 : 10676, 4, 2024/02/20, 12:41:17.980, 4900324547178, vstest.console.dll, MulticastDelegateUtilities.SafeInvoke: InternalTestLoggerEvents.SendTestResult: Invoking callback 1/1 for Microsoft.VisualStudio.TestPlatform.CommandLine.Internal.ConsoleLogger., took 0 ms.
TpTrace Verbose: 0 : 10676, 4, 2024/02/20, 12:41:17.980, 4900324547578, vstest.console.dll, MulticastDelegateUtilities.SafeInvoke: InternalTestLoggerEvents.SendTestResult: Invoking callback 1/1 for Microsoft.VisualStudio.TestPlatform.CommandLine.Internal.ConsoleLogger., took 0 ms.
TpTrace Verbose: 0 : 10676, 4, 2024/02/20, 12:41:17.980, 4900324547894, vstest.console.dll, MulticastDelegateUtilities.SafeInvoke: InternalTestLoggerEvents.SendTestResult: Invoking callback 1/1 for Microsoft.VisualStudio.TestPlatform.CommandLine.Internal.ConsoleLogger., took 0 ms.
TpTrace Verbose: 0 : 10676, 14, 2024/02/20, 12:41:17.980, 4900324548688, vstest.console.dll, ParallelProxyExecutionManager: HandlePartialRunComplete: Total workloads = 1, Total started clients = 1 Total completed clients = 1, Run complete = True, Run canceled: False.
TpTrace Verbose: 0 : 10676, 14, 2024/02/20, 12:41:17.980, 4900324549012, vstest.console.dll, ParallelProxyExecutionManager: HandlePartialRunComplete: All runs completed stopping all managers.
TpTrace Verbose: 0 : 10676, 14, 2024/02/20, 12:41:17.980, 4900324549269, vstest.console.dll, ParallelOperationManager.StopAllManagers: Stopping all managers.
TpTrace Verbose: 0 : 10676, 14, 2024/02/20, 12:41:17.980, 4900324549536, vstest.console.dll, ParallelOperationManager.ClearSlots: Clearing all slots. Slots should accept more work: False
TpTrace Verbose: 0 : 10676, 14, 2024/02/20, 12:41:17.980, 4900324549821, vstest.console.dll, ParallelOperationManager.SetOccupiedSlotCount: Setting slot counts AvailableSlotCount = 1, OccupiedSlotCount = 0.
TpTrace Verbose: 0 : 10676, 14, 2024/02/20, 12:41:17.980, 4900324550074, vstest.console.dll, Occupied slots:

TpTrace Verbose: 0 : 10676, 4, 2024/02/20, 12:41:17.981, 4900324555558, vstest.console.dll, MulticastDelegateUtilities.SafeInvoke: InternalTestLoggerEvents.SendTestResult: Invoking callback 1/1 for Microsoft.VisualStudio.TestPlatform.CommandLine.Internal.ConsoleLogger., took 0 ms.
TpTrace Verbose: 0 : 10676, 4, 2024/02/20, 12:41:17.981, 4900324556266, vstest.console.dll, MulticastDelegateUtilities.SafeInvoke: InternalTestLoggerEvents.SendTestResult: Invoking callback 1/1 for Microsoft.VisualStudio.TestPlatform.CommandLine.Internal.ConsoleLogger., took 0 ms.
TpTrace Verbose: 0 : 10676, 4, 2024/02/20, 12:41:17.981, 4900324556795, vstest.console.dll, MulticastDelegateUtilities.SafeInvoke: InternalTestLoggerEvents.SendTestResult: Invoking callback 1/1 for Microsoft.VisualStudio.TestPlatform.CommandLine.Internal.ConsoleLogger., took 0 ms.
TpTrace Verbose: 0 : 10676, 4, 2024/02/20, 12:41:17.987, 4900324619955, vstest.console.dll, MulticastDelegateUtilities.SafeInvoke: InternalTestLoggerEvents.SendTestRunComplete: Invoking callback 1/2 for Microsoft.TestPlatform.Extensions.BlameDataCollector.BlameLogger., took 0 ms.
TpTrace Verbose: 0 : 10676, 4, 2024/02/20, 12:41:17.991, 4900324657085, vstest.console.dll, MulticastDelegateUtilities.SafeInvoke: InternalTestLoggerEvents.SendTestRunComplete: Invoking callback 2/2 for Microsoft.VisualStudio.TestPlatform.CommandLine.Internal.ConsoleLogger., took 3 ms.
TpTrace Verbose: 0 : 10676, 14, 2024/02/20, 12:41:17.991, 4900324659411, vstest.console.dll, TestRunRequest:TestRunComplete: Starting. IsAborted:False IsCanceled:False.
TpTrace Verbose: 0 : 10676, 14, 2024/02/20, 12:41:17.992, 4900324660705, vstest.console.dll, ParallelOperationManager.DoActionOnAllManagers: Calling an action on all managers.
TpTrace Verbose: 0 : 10676, 14, 2024/02/20, 12:41:17.992, 4900324667359, vstest.console.dll, TestLoggerManager.HandleTestRunComplete: Ignoring as the object is disposed.
TpTrace Verbose: 0 : 10676, 14, 2024/02/20, 12:41:17.992, 4900324668748, vstest.console.dll, MulticastDelegateUtilities.SafeInvoke: TestRun.TestRunComplete: Invoking callback 1/2 for Microsoft.VisualStudio.TestPlatform.CommandLine.TestRunResultAggregator., took 0 ms.
TpTrace Verbose: 0 : 10676, 14, 2024/02/20, 12:41:17.992, 4900324669716, vstest.console.dll, MulticastDelegateUtilities.SafeInvoke: TestRun.TestRunComplete: Invoking callback 2/2 for Microsoft.VisualStudio.TestPlatform.CommandLine.Processors.RunTestsArgumentExecutor+TestRunRequestEventsRegistrar., took 0 ms.
TpTrace Information: 0 : 10676, 14, 2024/02/20, 12:41:17.992, 4900324670429, vstest.console.dll, TestRunRequest:TestRunComplete: Completed.
TpTrace Verbose: 0 : 10676, 1, 2024/02/20, 12:41:17.993, 4900324670606, vstest.console.dll, TestRunRequest.Dispose: Starting.
TpTrace Verbose: 0 : 10676, 14, 2024/02/20, 12:41:17.993, 4900324670740, vstest.console.dll, TestRequestSender.SetOperationComplete: Setting operation complete.
TpTrace Information: 0 : 10676, 1, 2024/02/20, 12:41:17.993, 4900324671158, vstest.console.dll, TestRunRequest.Dispose: Completed.
TpTrace Information: 0 : 10676, 1, 2024/02/20, 12:41:17.993, 4900324671614, vstest.console.dll, TestRequestManager.RunTests: run tests completed.
TpTrace Information: 0 : 10676, 14, 2024/02/20, 12:41:17.993, 4900324671634, vstest.console.dll, SocketServer.Stop: Stop server endPoint: 127.0.0.1:11018
TpTrace Information: 0 : 10676, 14, 2024/02/20, 12:41:17.993, 4900324672235, vstest.console.dll, SocketServer.Stop: Cancellation requested. Stopping message loop.
TpTrace Verbose: 0 : 10676, 14, 2024/02/20, 12:41:17.993, 4900324672587, vstest.console.dll, MulticastDelegateUtilities.SafeInvoke: LengthPrefixCommunicationChannel: MessageReceived: Invoking callback 1/1 for Microsoft.VisualStudio.TestPlatform.CommunicationUtilities.TestRequestSender+<>c__DisplayClass34_0., took 76 ms.
TpTrace Information: 0 : 10676, 1, 2024/02/20, 12:41:17.993, 4900324672764, vstest.console.dll, RunTestsArgumentProcessor:Execute: Test run is completed.
TpTrace Information: 0 : 10676, 14, 2024/02/20, 12:41:17.993, 4900324672986, vstest.console.dll, SocketServer.PrivateStop: Stopping server endPoint: 127.0.0.1:11018 error: 
TpTrace Verbose: 0 : 10676, 1, 2024/02/20, 12:41:17.993, 4900324674342, vstest.console.dll, Executor.Execute: Exiting with exit code of 0
TpTrace Verbose: 0 : 10676, 14, 2024/02/20, 12:41:17.993, 4900324677077, vstest.console.dll, LengthPrefixCommunicationChannel.Dispose: Dispose reader and writer.
