TpTrace Verbose: 0 : 8196, 1, 2024/02/25, 11:46:27.013, 9187627143176, vstest.console.dll, Version: 17.8.0-release-23578-02 Current process architecture: X64
TpTrace Verbose: 0 : 8196, 1, 2024/02/25, 11:46:27.015, 9187627162949, vstest.console.dll, Runtime location: C:\Program Files\dotnet\shared\Microsoft.NETCore.App\8.0.1
TpTrace Verbose: 0 : 8196, 1, 2024/02/25, 11:46:27.016, 9187627175979, vstest.console.dll, ArtifactProcessingPostProcessModeProcessorExecutor.Initialize: ArtifactProcessingMode.Collect
TpTrace Verbose: 0 : 8196, 1, 2024/02/25, 11:46:27.016, 9187627176679, vstest.console.dll, TestSessionCorrelationIdProcessorModeProcessorExecutor.Initialize: TestSessionCorrelationId '6904_aebc2a81-38c6-4294-8e1f-64f2fdefe7db'
TpTrace Information: 0 : 8196, 1, 2024/02/25, 11:46:27.021, 9187627221679, vstest.console.dll, FilePatternParser: The given file C:\Users\Ivan\Desktop\Exam\03\03-Garden-Resources\GardenConsoleAPI\GardenConsoleAPI.IntegrationTests.NUnit\bin\Debug\net6.0\fine-code-coverage\build-output\GardenConsoleAPI.IntegrationTests.NUnit.dll is a full path.
TpTrace Verbose: 0 : 8196, 1, 2024/02/25, 11:46:27.023, 9187627247681, vstest.console.dll, TestPluginCache.DiscoverTestExtensions: finding test extensions in assemblies ends with: RuntimeProvider.dll TPluginInfo: Microsoft.VisualStudio.TestPlatform.Common.ExtensionFramework.Utilities.TestRuntimePluginInformation TExtension: Microsoft.VisualStudio.TestPlatform.ObjectModel.Host.ITestRuntimeProvider
TpTrace Verbose: 0 : 8196, 1, 2024/02/25, 11:46:27.023, 9187627249890, vstest.console.dll, TestPluginCache.GetExtensionPaths: Filtered extension paths: 
TpTrace Verbose: 0 : 8196, 1, 2024/02/25, 11:46:27.023, 9187627250421, vstest.console.dll, TestPluginCache.GetExtensionPaths: Added default extension paths: C:\Program Files\dotnet\sdk\8.0.101\Extensions\Microsoft.Diagnostics.NETCore.Client.dll
C:\Program Files\dotnet\sdk\8.0.101\Extensions\Microsoft.TestPlatform.Extensions.BlameDataCollector.dll
C:\Program Files\dotnet\sdk\8.0.101\Extensions\Microsoft.TestPlatform.Extensions.EventLogCollector.dll
C:\Program Files\dotnet\sdk\8.0.101\Extensions\Microsoft.TestPlatform.TestHostRuntimeProvider.dll
C:\Program Files\dotnet\sdk\8.0.101\Extensions\Microsoft.VisualStudio.TestPlatform.Extensions.Html.TestLogger.dll
C:\Program Files\dotnet\sdk\8.0.101\Extensions\Microsoft.VisualStudio.TestPlatform.Extensions.Trx.TestLogger.dll
TpTrace Verbose: 0 : 8196, 1, 2024/02/25, 11:46:27.023, 9187627250663, vstest.console.dll, TestPluginCache.GetExtensionPaths: Added unfilterableExtensionPaths: 
TpTrace Information: 0 : 8196, 1, 2024/02/25, 11:46:27.024, 9187627254066, vstest.console.dll, AssemblyResolver.ctor: Creating AssemblyResolver with searchDirectories C:\Program Files\dotnet\sdk\8.0.101\Extensions,C:\Program Files\dotnet\sdk\8.0.101
TpTrace Verbose: 0 : 8196, 1, 2024/02/25, 11:46:27.025, 9187627261941, vstest.console.dll, TestPluginCache.DiscoverTestExtensions: Discovering the extensions using extension path.
TpTrace Verbose: 0 : 8196, 1, 2024/02/25, 11:46:27.025, 9187627262680, vstest.console.dll, TestPluginCache.GetExtensionPaths: Filtered extension paths: 
TpTrace Verbose: 0 : 8196, 1, 2024/02/25, 11:46:27.025, 9187627262908, vstest.console.dll, TestPluginCache.GetExtensionPaths: Added default extension paths: C:\Program Files\dotnet\sdk\8.0.101\Extensions\Microsoft.Diagnostics.NETCore.Client.dll
C:\Program Files\dotnet\sdk\8.0.101\Extensions\Microsoft.TestPlatform.Extensions.BlameDataCollector.dll
C:\Program Files\dotnet\sdk\8.0.101\Extensions\Microsoft.TestPlatform.Extensions.EventLogCollector.dll
C:\Program Files\dotnet\sdk\8.0.101\Extensions\Microsoft.TestPlatform.TestHostRuntimeProvider.dll
C:\Program Files\dotnet\sdk\8.0.101\Extensions\Microsoft.VisualStudio.TestPlatform.Extensions.Html.TestLogger.dll
C:\Program Files\dotnet\sdk\8.0.101\Extensions\Microsoft.VisualStudio.TestPlatform.Extensions.Trx.TestLogger.dll
TpTrace Verbose: 0 : 8196, 1, 2024/02/25, 11:46:27.025, 9187627263113, vstest.console.dll, TestPluginCache.GetExtensionPaths: Added unfilterableExtensionPaths: 
TpTrace Verbose: 0 : 8196, 1, 2024/02/25, 11:46:27.025, 9187627263802, vstest.console.dll, TestPluginCache.DiscoverTestExtensions: Discovering the extensions using allExtensionPaths: C:\Program Files\dotnet\sdk\8.0.101\Extensions\Microsoft.Diagnostics.NETCore.Client.dll
C:\Program Files\dotnet\sdk\8.0.101\Extensions\Microsoft.TestPlatform.Extensions.BlameDataCollector.dll
C:\Program Files\dotnet\sdk\8.0.101\Extensions\Microsoft.TestPlatform.Extensions.EventLogCollector.dll
C:\Program Files\dotnet\sdk\8.0.101\Extensions\Microsoft.TestPlatform.TestHostRuntimeProvider.dll
C:\Program Files\dotnet\sdk\8.0.101\Extensions\Microsoft.VisualStudio.TestPlatform.Extensions.Html.TestLogger.dll
C:\Program Files\dotnet\sdk\8.0.101\Extensions\Microsoft.VisualStudio.TestPlatform.Extensions.Trx.TestLogger.dll
TpTrace Information: 0 : 8196, 1, 2024/02/25, 11:46:27.025, 9187627264458, vstest.console.dll, AssemblyResolver.AddSearchDirectories: Adding more searchDirectories C:\Program Files\dotnet\sdk\8.0.101\Extensions,C:\Program Files\dotnet\sdk\8.0.101
TpTrace Information: 0 : 8196, 1, 2024/02/25, 11:46:27.025, 9187627264770, vstest.console.dll, AssemblyResolver.AddSearchDirectories: Adding more searchDirectories C:\Program Files\dotnet\sdk\8.0.101\Extensions,C:\Program Files\dotnet\sdk\8.0.101
TpTrace Information: 0 : 8196, 1, 2024/02/25, 11:46:27.025, 9187627264952, vstest.console.dll, AssemblyResolver.AddSearchDirectories: Adding more searchDirectories C:\Program Files\dotnet\sdk\8.0.101\Extensions,C:\Program Files\dotnet\sdk\8.0.101
TpTrace Information: 0 : 8196, 1, 2024/02/25, 11:46:27.025, 9187627265140, vstest.console.dll, AssemblyResolver.AddSearchDirectories: Adding more searchDirectories C:\Program Files\dotnet\sdk\8.0.101\Extensions,C:\Program Files\dotnet\sdk\8.0.101
TpTrace Information: 0 : 8196, 1, 2024/02/25, 11:46:27.025, 9187627265290, vstest.console.dll, AssemblyResolver.AddSearchDirectories: Adding more searchDirectories C:\Program Files\dotnet\sdk\8.0.101\Extensions,C:\Program Files\dotnet\sdk\8.0.101
TpTrace Information: 0 : 8196, 1, 2024/02/25, 11:46:27.025, 9187627265434, vstest.console.dll, AssemblyResolver.AddSearchDirectories: Adding more searchDirectories C:\Program Files\dotnet\sdk\8.0.101\Extensions,C:\Program Files\dotnet\sdk\8.0.101
TpTrace Information: 0 : 8196, 1, 2024/02/25, 11:46:27.025, 9187627268707, vstest.console.dll, AssemblyResolver.OnResolve: Microsoft.Diagnostics.NETCore.Client: Resolving assembly.
TpTrace Information: 0 : 8196, 1, 2024/02/25, 11:46:27.025, 9187627269274, vstest.console.dll, AssemblyResolver.OnResolve: Microsoft.Diagnostics.NETCore.Client: Searching in: 'C:\Program Files\dotnet\sdk\8.0.101\Extensions'.
TpTrace Information: 0 : 8196, 1, 2024/02/25, 11:46:27.029, 9187627309976, vstest.console.dll, AssemblyResolver.OnResolve: Microsoft.Diagnostics.NETCore.Client: Loading assembly 'C:\Program Files\dotnet\sdk\8.0.101\Extensions\Microsoft.Diagnostics.NETCore.Client.dll'.
TpTrace Information: 0 : 8196, 1, 2024/02/25, 11:46:27.030, 9187627313088, vstest.console.dll, AssemblyResolver.OnResolve: Resolved assembly: Microsoft.Diagnostics.NETCore.Client, from path: C:\Program Files\dotnet\sdk\8.0.101\Extensions\Microsoft.Diagnostics.NETCore.Client.dll
TpTrace Verbose: 0 : 8196, 1, 2024/02/25, 11:46:27.033, 9187627342796, vstest.console.dll, MetadataReaderExtensionsHelper: Discovering extensions inside assembly 'Microsoft.Diagnostics.NETCore.Client, Version=0.2.8.21101, Culture=neutral, PublicKeyToken=31bf3856ad364e35' file path 'C:\Program Files\dotnet\sdk\8.0.101\Extensions\Microsoft.Diagnostics.NETCore.Client.dll'
TpTrace Information: 0 : 8196, 1, 2024/02/25, 11:46:27.035, 9187627364785, vstest.console.dll, AssemblyResolver.OnResolve: Microsoft.Bcl.AsyncInterfaces: Resolving assembly.
TpTrace Information: 0 : 8196, 1, 2024/02/25, 11:46:27.035, 9187627365283, vstest.console.dll, AssemblyResolver.OnResolve: Microsoft.Bcl.AsyncInterfaces: Searching in: 'C:\Program Files\dotnet\sdk\8.0.101\Extensions'.
TpTrace Information: 0 : 8196, 1, 2024/02/25, 11:46:27.035, 9187627365767, vstest.console.dll, AssemblyResolver.OnResolve: Microsoft.Bcl.AsyncInterfaces: Assembly path does not exist: 'C:\Program Files\dotnet\sdk\8.0.101\Extensions\Microsoft.Bcl.AsyncInterfaces.dll', returning.
TpTrace Information: 0 : 8196, 1, 2024/02/25, 11:46:27.035, 9187627366389, vstest.console.dll, AssemblyResolver.OnResolve: Microsoft.Bcl.AsyncInterfaces: Assembly path does not exist: 'C:\Program Files\dotnet\sdk\8.0.101\Extensions\Microsoft.Bcl.AsyncInterfaces.exe', returning.
TpTrace Information: 0 : 8196, 1, 2024/02/25, 11:46:27.035, 9187627366643, vstest.console.dll, AssemblyResolver.OnResolve: Microsoft.Bcl.AsyncInterfaces: Searching in: 'C:\Program Files\dotnet\sdk\8.0.101'.
TpTrace Information: 0 : 8196, 1, 2024/02/25, 11:46:27.035, 9187627367001, vstest.console.dll, AssemblyResolver.OnResolve: Microsoft.Bcl.AsyncInterfaces: Assembly path does not exist: 'C:\Program Files\dotnet\sdk\8.0.101\Microsoft.Bcl.AsyncInterfaces.dll', returning.
TpTrace Information: 0 : 8196, 1, 2024/02/25, 11:46:27.035, 9187627367293, vstest.console.dll, AssemblyResolver.OnResolve: Microsoft.Bcl.AsyncInterfaces: Assembly path does not exist: 'C:\Program Files\dotnet\sdk\8.0.101\Microsoft.Bcl.AsyncInterfaces.exe', returning.
TpTrace Information: 0 : 8196, 1, 2024/02/25, 11:46:27.035, 9187627367451, vstest.console.dll, AssemblyResolver.OnResolve: Microsoft.Bcl.AsyncInterfaces: Failed to load assembly.
TpTrace Verbose: 0 : 8196, 1, 2024/02/25, 11:46:27.035, 9187627367640, vstest.console.dll, CurrentDomainAssemblyResolve: Resolving assembly 'Microsoft.Bcl.AsyncInterfaces'.
TpTrace Information: 0 : 8196, 1, 2024/02/25, 11:46:27.035, 9187627368010, vstest.console.dll, AssemblyResolver.OnResolve: Microsoft.Bcl.AsyncInterfaces: Resolving assembly.
TpTrace Information: 0 : 8196, 1, 2024/02/25, 11:46:27.035, 9187627368224, vstest.console.dll, AssemblyResolver.OnResolve: Microsoft.Bcl.AsyncInterfaces: Resolved from cache.
TpTrace Verbose: 0 : 8196, 1, 2024/02/25, 11:46:27.035, 9187627368451, vstest.console.dll, CurrentDomainAssemblyResolve: Resolving assembly 'Microsoft.Bcl.AsyncInterfaces'.
TpTrace Verbose: 0 : 8196, 1, 2024/02/25, 11:46:27.035, 9187627368644, vstest.console.dll, CurrentDomainAssemblyResolve: Failed to resolve assembly 'Microsoft.Bcl.AsyncInterfaces'.
TpTrace Verbose: 0 : 8196, 1, 2024/02/25, 11:46:27.036, 9187627373578, vstest.console.dll, CurrentDomainAssemblyResolve: Failed to resolve assembly 'Microsoft.Bcl.AsyncInterfaces'.
TpTrace Warning: 0 : 8196, 1, 2024/02/25, 11:46:27.041, 9187627429382, vstest.console.dll, TestPluginDiscoverer: Failed to get types from assembly 'Microsoft.Diagnostics.NETCore.Client, Version=0.2.8.21101, Culture=neutral, PublicKeyToken=31bf3856ad364e35'. Error: System.Reflection.ReflectionTypeLoadException: Unable to load one or more of the requested types.
Could not load file or assembly 'Microsoft.Bcl.AsyncInterfaces, Version=1.0.0.0, Culture=neutral, PublicKeyToken=cc7b13ffcd2ddd51'. The system cannot find the file specified.
   at System.Reflection.RuntimeModule.GetTypes(RuntimeModule module)
   at System.Reflection.RuntimeModule.GetTypes()
   at Microsoft.VisualStudio.TestPlatform.Common.ExtensionFramework.TestPluginDiscoverer.GetTestExtensionsFromAssembly[TPluginInfo,TExtension](Assembly assembly, Dictionary`2 pluginInfos, String filePath) in /_/src/Microsoft.TestPlatform.Common/ExtensionFramework/TestPluginDiscoverer.cs:line 158
System.IO.FileNotFoundException: Could not load file or assembly 'Microsoft.Bcl.AsyncInterfaces, Version=1.0.0.0, Culture=neutral, PublicKeyToken=cc7b13ffcd2ddd51'. The system cannot find the file specified.
File name: 'Microsoft.Bcl.AsyncInterfaces, Version=1.0.0.0, Culture=neutral, PublicKeyToken=cc7b13ffcd2ddd51'
 ---> System.IO.FileNotFoundException: Could not load file or assembly 'Microsoft.Bcl.AsyncInterfaces, Culture=neutral, PublicKeyToken=null'. The system cannot find the file specified.
File name: 'Microsoft.Bcl.AsyncInterfaces, Culture=neutral, PublicKeyToken=null'
   at System.Reflection.RuntimeAssembly.InternalLoad(AssemblyName assemblyName, StackCrawlMark& stackMark, AssemblyLoadContext assemblyLoadContext, RuntimeAssembly requestingAssembly, Boolean throwOnFileNotFound)
   at System.Reflection.Assembly.Load(AssemblyName assemblyRef)
   at Microsoft.VisualStudio.TestPlatform.Common.ExtensionFramework.TestPluginCache.CurrentDomainAssemblyResolve(Object sender, AssemblyResolveEventArgs args) in /_/src/Microsoft.TestPlatform.Common/ExtensionFramework/TestPluginCache.cs:line 513
   at System.Runtime.Loader.AssemblyLoadContext.GetFirstResolvedAssemblyFromResolvingEvent(AssemblyName assemblyName)
   at System.Runtime.Loader.AssemblyLoadContext.ResolveUsingEvent(AssemblyName assemblyName)
   at System.Runtime.Loader.AssemblyLoadContext.ResolveUsingResolvingEvent(IntPtr gchManagedAssemblyLoadContext, AssemblyName assemblyName)
TpTrace Warning: 0 : 8196, 1, 2024/02/25, 11:46:27.042, 9187627432023, vstest.console.dll, LoaderExceptions: System.IO.FileNotFoundException: Could not load file or assembly 'Microsoft.Bcl.AsyncInterfaces, Version=1.0.0.0, Culture=neutral, PublicKeyToken=cc7b13ffcd2ddd51'. The system cannot find the file specified.
File name: 'Microsoft.Bcl.AsyncInterfaces, Version=1.0.0.0, Culture=neutral, PublicKeyToken=cc7b13ffcd2ddd51'
 ---> System.IO.FileNotFoundException: Could not load file or assembly 'Microsoft.Bcl.AsyncInterfaces, Culture=neutral, PublicKeyToken=null'. The system cannot find the file specified.
File name: 'Microsoft.Bcl.AsyncInterfaces, Culture=neutral, PublicKeyToken=null'
   at System.Reflection.RuntimeAssembly.InternalLoad(AssemblyName assemblyName, StackCrawlMark& stackMark, AssemblyLoadContext assemblyLoadContext, RuntimeAssembly requestingAssembly, Boolean throwOnFileNotFound)
   at System.Reflection.Assembly.Load(AssemblyName assemblyRef)
   at Microsoft.VisualStudio.TestPlatform.Common.ExtensionFramework.TestPluginCache.CurrentDomainAssemblyResolve(Object sender, AssemblyResolveEventArgs args) in /_/src/Microsoft.TestPlatform.Common/ExtensionFramework/TestPluginCache.cs:line 513
   at System.Runtime.Loader.AssemblyLoadContext.GetFirstResolvedAssemblyFromResolvingEvent(AssemblyName assemblyName)
   at System.Runtime.Loader.AssemblyLoadContext.ResolveUsingEvent(AssemblyName assemblyName)
   at System.Runtime.Loader.AssemblyLoadContext.ResolveUsingResolvingEvent(IntPtr gchManagedAssemblyLoadContext, AssemblyName assemblyName)
TpTrace Information: 0 : 8196, 1, 2024/02/25, 11:46:27.042, 9187627432949, vstest.console.dll, AssemblyResolver.OnResolve: Microsoft.TestPlatform.Extensions.BlameDataCollector: Resolving assembly.
TpTrace Information: 0 : 8196, 1, 2024/02/25, 11:46:27.042, 9187627433294, vstest.console.dll, AssemblyResolver.OnResolve: Microsoft.TestPlatform.Extensions.BlameDataCollector: Searching in: 'C:\Program Files\dotnet\sdk\8.0.101\Extensions'.
TpTrace Information: 0 : 8196, 1, 2024/02/25, 11:46:27.042, 9187627435035, vstest.console.dll, AssemblyResolver.OnResolve: Microsoft.TestPlatform.Extensions.BlameDataCollector: Loading assembly 'C:\Program Files\dotnet\sdk\8.0.101\Extensions\Microsoft.TestPlatform.Extensions.BlameDataCollector.dll'.
TpTrace Information: 0 : 8196, 1, 2024/02/25, 11:46:27.042, 9187627437485, vstest.console.dll, AssemblyResolver.OnResolve: Resolved assembly: Microsoft.TestPlatform.Extensions.BlameDataCollector, from path: C:\Program Files\dotnet\sdk\8.0.101\Extensions\Microsoft.TestPlatform.Extensions.BlameDataCollector.dll
TpTrace Verbose: 0 : 8196, 1, 2024/02/25, 11:46:27.042, 9187627437966, vstest.console.dll, MetadataReaderExtensionsHelper: Discovering extensions inside assembly 'Microsoft.TestPlatform.Extensions.BlameDataCollector, Version=15.0.0.0, Culture=neutral, PublicKeyToken=b03f5f7f11d50a3a' file path 'C:\Program Files\dotnet\sdk\8.0.101\Extensions\Microsoft.TestPlatform.Extensions.BlameDataCollector.dll'
TpTrace Information: 0 : 8196, 1, 2024/02/25, 11:46:27.043, 9187627445646, vstest.console.dll, AssemblyResolver.OnResolve: Microsoft.TestPlatform.Extensions.EventLogCollector: Resolving assembly.
TpTrace Information: 0 : 8196, 1, 2024/02/25, 11:46:27.043, 9187627446070, vstest.console.dll, AssemblyResolver.OnResolve: Microsoft.TestPlatform.Extensions.EventLogCollector: Searching in: 'C:\Program Files\dotnet\sdk\8.0.101\Extensions'.
TpTrace Information: 0 : 8196, 1, 2024/02/25, 11:46:27.043, 9187627447462, vstest.console.dll, AssemblyResolver.OnResolve: Microsoft.TestPlatform.Extensions.EventLogCollector: Loading assembly 'C:\Program Files\dotnet\sdk\8.0.101\Extensions\Microsoft.TestPlatform.Extensions.EventLogCollector.dll'.
TpTrace Information: 0 : 8196, 1, 2024/02/25, 11:46:27.043, 9187627449606, vstest.console.dll, AssemblyResolver.OnResolve: Resolved assembly: Microsoft.TestPlatform.Extensions.EventLogCollector, from path: C:\Program Files\dotnet\sdk\8.0.101\Extensions\Microsoft.TestPlatform.Extensions.EventLogCollector.dll
TpTrace Verbose: 0 : 8196, 1, 2024/02/25, 11:46:27.043, 9187627450015, vstest.console.dll, MetadataReaderExtensionsHelper: Discovering extensions inside assembly 'Microsoft.TestPlatform.Extensions.EventLogCollector, Version=15.0.0.0, Culture=neutral, PublicKeyToken=b03f5f7f11d50a3a' file path 'C:\Program Files\dotnet\sdk\8.0.101\Extensions\Microsoft.TestPlatform.Extensions.EventLogCollector.dll'
TpTrace Information: 0 : 8196, 1, 2024/02/25, 11:46:27.044, 9187627459782, vstest.console.dll, AssemblyResolver.OnResolve: Microsoft.TestPlatform.TestHostRuntimeProvider: Resolving assembly.
TpTrace Information: 0 : 8196, 1, 2024/02/25, 11:46:27.044, 9187627460180, vstest.console.dll, AssemblyResolver.OnResolve: Microsoft.TestPlatform.TestHostRuntimeProvider: Searching in: 'C:\Program Files\dotnet\sdk\8.0.101\Extensions'.
TpTrace Information: 0 : 8196, 1, 2024/02/25, 11:46:27.045, 9187627461559, vstest.console.dll, AssemblyResolver.OnResolve: Microsoft.TestPlatform.TestHostRuntimeProvider: Loading assembly 'C:\Program Files\dotnet\sdk\8.0.101\Extensions\Microsoft.TestPlatform.TestHostRuntimeProvider.dll'.
TpTrace Information: 0 : 8196, 1, 2024/02/25, 11:46:27.045, 9187627463600, vstest.console.dll, AssemblyResolver.OnResolve: Resolved assembly: Microsoft.TestPlatform.TestHostRuntimeProvider, from path: C:\Program Files\dotnet\sdk\8.0.101\Extensions\Microsoft.TestPlatform.TestHostRuntimeProvider.dll
TpTrace Verbose: 0 : 8196, 1, 2024/02/25, 11:46:27.045, 9187627464003, vstest.console.dll, MetadataReaderExtensionsHelper: Discovering extensions inside assembly 'Microsoft.TestPlatform.TestHostRuntimeProvider, Version=15.0.0.0, Culture=neutral, PublicKeyToken=b03f5f7f11d50a3a' file path 'C:\Program Files\dotnet\sdk\8.0.101\Extensions\Microsoft.TestPlatform.TestHostRuntimeProvider.dll'
TpTrace Information: 0 : 8196, 1, 2024/02/25, 11:46:27.046, 9187627472451, vstest.console.dll, GetTestExtensionFromType: Register extension with identifier data 'HostProvider://DefaultTestHost' and type 'Microsoft.VisualStudio.TestPlatform.CrossPlatEngine.Hosting.DefaultTestHostManager, Microsoft.TestPlatform.TestHostRuntimeProvider, Version=15.0.0.0, Culture=neutral, PublicKeyToken=b03f5f7f11d50a3a' inside file 'C:\Program Files\dotnet\sdk\8.0.101\Extensions\Microsoft.TestPlatform.TestHostRuntimeProvider.dll'
TpTrace Information: 0 : 8196, 1, 2024/02/25, 11:46:27.046, 9187627473984, vstest.console.dll, GetTestExtensionFromType: Register extension with identifier data 'HostProvider://DotnetTestHost' and type 'Microsoft.VisualStudio.TestPlatform.CrossPlatEngine.Hosting.DotnetTestHostManager, Microsoft.TestPlatform.TestHostRuntimeProvider, Version=15.0.0.0, Culture=neutral, PublicKeyToken=b03f5f7f11d50a3a' inside file 'C:\Program Files\dotnet\sdk\8.0.101\Extensions\Microsoft.TestPlatform.TestHostRuntimeProvider.dll'
TpTrace Information: 0 : 8196, 1, 2024/02/25, 11:46:27.046, 9187627474508, vstest.console.dll, AssemblyResolver.OnResolve: Microsoft.VisualStudio.TestPlatform.Extensions.Html.TestLogger: Resolving assembly.
TpTrace Information: 0 : 8196, 1, 2024/02/25, 11:46:27.046, 9187627474751, vstest.console.dll, AssemblyResolver.OnResolve: Microsoft.VisualStudio.TestPlatform.Extensions.Html.TestLogger: Searching in: 'C:\Program Files\dotnet\sdk\8.0.101\Extensions'.
TpTrace Information: 0 : 8196, 1, 2024/02/25, 11:46:27.046, 9187627476155, vstest.console.dll, AssemblyResolver.OnResolve: Microsoft.VisualStudio.TestPlatform.Extensions.Html.TestLogger: Loading assembly 'C:\Program Files\dotnet\sdk\8.0.101\Extensions\Microsoft.VisualStudio.TestPlatform.Extensions.Html.TestLogger.dll'.
TpTrace Information: 0 : 8196, 1, 2024/02/25, 11:46:27.046, 9187627478266, vstest.console.dll, AssemblyResolver.OnResolve: Resolved assembly: Microsoft.VisualStudio.TestPlatform.Extensions.Html.TestLogger, from path: C:\Program Files\dotnet\sdk\8.0.101\Extensions\Microsoft.VisualStudio.TestPlatform.Extensions.Html.TestLogger.dll
TpTrace Verbose: 0 : 8196, 1, 2024/02/25, 11:46:27.046, 9187627478751, vstest.console.dll, MetadataReaderExtensionsHelper: Discovering extensions inside assembly 'Microsoft.VisualStudio.TestPlatform.Extensions.Html.TestLogger, Version=15.0.0.0, Culture=neutral, PublicKeyToken=b03f5f7f11d50a3a' file path 'C:\Program Files\dotnet\sdk\8.0.101\Extensions\Microsoft.VisualStudio.TestPlatform.Extensions.Html.TestLogger.dll'
TpTrace Information: 0 : 8196, 1, 2024/02/25, 11:46:27.047, 9187627482354, vstest.console.dll, AssemblyResolver.OnResolve: Microsoft.VisualStudio.TestPlatform.Extensions.Trx.TestLogger: Resolving assembly.
TpTrace Information: 0 : 8196, 1, 2024/02/25, 11:46:27.047, 9187627482769, vstest.console.dll, AssemblyResolver.OnResolve: Microsoft.VisualStudio.TestPlatform.Extensions.Trx.TestLogger: Searching in: 'C:\Program Files\dotnet\sdk\8.0.101\Extensions'.
TpTrace Information: 0 : 8196, 1, 2024/02/25, 11:46:27.047, 9187627484104, vstest.console.dll, AssemblyResolver.OnResolve: Microsoft.VisualStudio.TestPlatform.Extensions.Trx.TestLogger: Loading assembly 'C:\Program Files\dotnet\sdk\8.0.101\Extensions\Microsoft.VisualStudio.TestPlatform.Extensions.Trx.TestLogger.dll'.
TpTrace Information: 0 : 8196, 1, 2024/02/25, 11:46:27.047, 9187627486644, vstest.console.dll, AssemblyResolver.OnResolve: Resolved assembly: Microsoft.VisualStudio.TestPlatform.Extensions.Trx.TestLogger, from path: C:\Program Files\dotnet\sdk\8.0.101\Extensions\Microsoft.VisualStudio.TestPlatform.Extensions.Trx.TestLogger.dll
TpTrace Verbose: 0 : 8196, 1, 2024/02/25, 11:46:27.047, 9187627487059, vstest.console.dll, MetadataReaderExtensionsHelper: Discovering extensions inside assembly 'Microsoft.VisualStudio.TestPlatform.Extensions.Trx.TestLogger, Version=15.0.0.0, Culture=neutral, PublicKeyToken=b03f5f7f11d50a3a' file path 'C:\Program Files\dotnet\sdk\8.0.101\Extensions\Microsoft.VisualStudio.TestPlatform.Extensions.Trx.TestLogger.dll'
TpTrace Verbose: 0 : 8196, 1, 2024/02/25, 11:46:27.048, 9187627494613, vstest.console.dll, TestPluginCache: Discovered the extensions using extension path ''.
TpTrace Verbose: 0 : 8196, 1, 2024/02/25, 11:46:27.048, 9187627495343, vstest.console.dll, TestPluginCache: Discoverers are ''.
TpTrace Verbose: 0 : 8196, 1, 2024/02/25, 11:46:27.048, 9187627495800, vstest.console.dll, TestPluginCache: Executors are ''.
TpTrace Verbose: 0 : 8196, 1, 2024/02/25, 11:46:27.048, 9187627496077, vstest.console.dll, TestPluginCache: Executors2 are ''.
TpTrace Verbose: 0 : 8196, 1, 2024/02/25, 11:46:27.048, 9187627496447, vstest.console.dll, TestPluginCache: Setting providers are ''.
TpTrace Verbose: 0 : 8196, 1, 2024/02/25, 11:46:27.048, 9187627497218, vstest.console.dll, TestPluginCache: Loggers are ''.
TpTrace Verbose: 0 : 8196, 1, 2024/02/25, 11:46:27.048, 9187627499205, vstest.console.dll, TestPluginCache: TestHosts are 'HostProvider://DefaultTestHost,HostProvider://DotnetTestHost'.
TpTrace Verbose: 0 : 8196, 1, 2024/02/25, 11:46:27.048, 9187627499653, vstest.console.dll, TestPluginCache: DataCollectors are ''.
TpTrace Information: 0 : 8196, 1, 2024/02/25, 11:46:27.056, 9187627573929, vstest.console.dll, RunTestsArgumentProcessor:Execute: Test run is starting.
TpTrace Verbose: 0 : 8196, 1, 2024/02/25, 11:46:27.056, 9187627574475, vstest.console.dll, RunTestsArgumentProcessor:Execute: Queuing Test run.
TpTrace Information: 0 : 8196, 1, 2024/02/25, 11:46:27.056, 9187627576026, vstest.console.dll, TestRequestManager.RunTests: run tests started.
TpTrace Information: 0 : 8196, 1, 2024/02/25, 11:46:27.057, 9187627585156, vstest.console.dll, AssemblyMetadataProvider.GetFrameworkName: Determined framework:'.NETCoreApp,Version=v6.0' for source: 'C:\Users\Ivan\Desktop\Exam\03\03-Garden-Resources\GardenConsoleAPI\GardenConsoleAPI.IntegrationTests.NUnit\bin\Debug\net6.0\fine-code-coverage\build-output\GardenConsoleAPI.IntegrationTests.NUnit.dll'
TpTrace Information: 0 : 8196, 1, 2024/02/25, 11:46:27.057, 9187627586057, vstest.console.dll, Determined framework for all sources: .NETCoreApp,Version=v6.0
TpTrace Verbose: 0 : 8196, 1, 2024/02/25, 11:46:27.057, 9187627588293, vstest.console.dll, TestRequestManager.UpdateRunSettingsIfRequired: Default architecture: X64 IsDefaultTargetArchitecture: True, Current process architecture: X64 OperatingSystem: Windows.
TpTrace Information: 0 : 8196, 1, 2024/02/25, 11:46:27.058, 9187627597670, vstest.console.dll, AssemblyMetadataProvider.GetArchitecture: Determined architecture:AnyCPU info for assembly: C:\Users\Ivan\Desktop\Exam\03\03-Garden-Resources\GardenConsoleAPI\GardenConsoleAPI.IntegrationTests.NUnit\bin\Debug\net6.0\fine-code-coverage\build-output\GardenConsoleAPI.IntegrationTests.NUnit.dll
TpTrace Information: 0 : 8196, 1, 2024/02/25, 11:46:27.058, 9187627598020, vstest.console.dll, Determined platform for source 'C:\Users\Ivan\Desktop\Exam\03\03-Garden-Resources\GardenConsoleAPI\GardenConsoleAPI.IntegrationTests.NUnit\bin\Debug\net6.0\fine-code-coverage\build-output\GardenConsoleAPI.IntegrationTests.NUnit.dll' was AnyCPU and it will use the default plaform X64.
TpTrace Information: 0 : 8196, 1, 2024/02/25, 11:46:27.058, 9187627598192, vstest.console.dll, None of the sources provided any runnable platform, using the default platform: X64
TpTrace Information: 0 : 8196, 1, 2024/02/25, 11:46:27.058, 9187627598667, vstest.console.dll, Platform was updated to 'X64'.
TpTrace Information: 0 : 8196, 1, 2024/02/25, 11:46:27.060, 9187627618674, vstest.console.dll, InferRunSettingsHelper.IsTestSettingsEnabled: Unable to navigate to RunSettings/MSTest. Current node: RunSettings
TpTrace Information: 0 : 8196, 1, 2024/02/25, 11:46:27.061, 9187627622270, vstest.console.dll, AssemblyResolver.OnResolve: Microsoft.VisualStudio.TestPlatform.Fakes: Resolving assembly.
TpTrace Information: 0 : 8196, 1, 2024/02/25, 11:46:27.061, 9187627622812, vstest.console.dll, AssemblyResolver.OnResolve: Microsoft.VisualStudio.TestPlatform.Fakes: Searching in: 'C:\Program Files\dotnet\sdk\8.0.101\Extensions'.
TpTrace Information: 0 : 8196, 1, 2024/02/25, 11:46:27.061, 9187627623334, vstest.console.dll, AssemblyResolver.OnResolve: Microsoft.VisualStudio.TestPlatform.Fakes: Assembly path does not exist: 'C:\Program Files\dotnet\sdk\8.0.101\Extensions\Microsoft.VisualStudio.TestPlatform.Fakes.dll', returning.
TpTrace Information: 0 : 8196, 1, 2024/02/25, 11:46:27.061, 9187627623653, vstest.console.dll, AssemblyResolver.OnResolve: Microsoft.VisualStudio.TestPlatform.Fakes: Assembly path does not exist: 'C:\Program Files\dotnet\sdk\8.0.101\Extensions\Microsoft.VisualStudio.TestPlatform.Fakes.exe', returning.
TpTrace Information: 0 : 8196, 1, 2024/02/25, 11:46:27.061, 9187627623817, vstest.console.dll, AssemblyResolver.OnResolve: Microsoft.VisualStudio.TestPlatform.Fakes: Searching in: 'C:\Program Files\dotnet\sdk\8.0.101'.
TpTrace Information: 0 : 8196, 1, 2024/02/25, 11:46:27.061, 9187627624188, vstest.console.dll, AssemblyResolver.OnResolve: Microsoft.VisualStudio.TestPlatform.Fakes: Assembly path does not exist: 'C:\Program Files\dotnet\sdk\8.0.101\Microsoft.VisualStudio.TestPlatform.Fakes.dll', returning.
TpTrace Information: 0 : 8196, 1, 2024/02/25, 11:46:27.061, 9187627624481, vstest.console.dll, AssemblyResolver.OnResolve: Microsoft.VisualStudio.TestPlatform.Fakes: Assembly path does not exist: 'C:\Program Files\dotnet\sdk\8.0.101\Microsoft.VisualStudio.TestPlatform.Fakes.exe', returning.
TpTrace Information: 0 : 8196, 1, 2024/02/25, 11:46:27.061, 9187627624639, vstest.console.dll, AssemblyResolver.OnResolve: Microsoft.VisualStudio.TestPlatform.Fakes: Failed to load assembly.
TpTrace Information: 0 : 8196, 1, 2024/02/25, 11:46:27.061, 9187627626440, vstest.console.dll, Failed to load assembly Microsoft.VisualStudio.TestPlatform.Fakes, Version=17.0.0.0, Culture=neutral. Reason:System.IO.FileNotFoundException: Could not load file or assembly 'Microsoft.VisualStudio.TestPlatform.Fakes, Version=17.0.0.0, Culture=neutral, PublicKeyToken=null'. The system cannot find the file specified.
File name: 'Microsoft.VisualStudio.TestPlatform.Fakes, Version=17.0.0.0, Culture=neutral, PublicKeyToken=null'
   at System.Reflection.RuntimeAssembly.InternalLoad(AssemblyName assemblyName, StackCrawlMark& stackMark, AssemblyLoadContext assemblyLoadContext, RuntimeAssembly requestingAssembly, Boolean throwOnFileNotFound)
   at System.Reflection.Assembly.Load(AssemblyName assemblyRef)
   at Microsoft.VisualStudio.TestPlatform.Common.Utilities.FakesUtilities.LoadTestPlatformAssembly() in /_/src/Microsoft.TestPlatform.Common/Utilities/FakesUtilities.cs:line 272
TpTrace Verbose: 0 : 8196, 1, 2024/02/25, 11:46:27.063, 9187627646499, vstest.console.dll, TestPluginCache.DiscoverTestExtensions: finding test extensions in assemblies ends with: TestLogger.dll TPluginInfo: Microsoft.VisualStudio.TestPlatform.Common.ExtensionFramework.Utilities.TestLoggerPluginInformation TExtension: Microsoft.VisualStudio.TestPlatform.ObjectModel.Client.ITestLogger
TpTrace Verbose: 0 : 8196, 1, 2024/02/25, 11:46:27.063, 9187627647013, vstest.console.dll, TestPluginCache.GetExtensionPaths: Filtered extension paths: 
TpTrace Verbose: 0 : 8196, 1, 2024/02/25, 11:46:27.063, 9187627647210, vstest.console.dll, TestPluginCache.GetExtensionPaths: Added default extension paths: C:\Program Files\dotnet\sdk\8.0.101\Extensions\Microsoft.Diagnostics.NETCore.Client.dll
C:\Program Files\dotnet\sdk\8.0.101\Extensions\Microsoft.TestPlatform.Extensions.BlameDataCollector.dll
C:\Program Files\dotnet\sdk\8.0.101\Extensions\Microsoft.TestPlatform.Extensions.EventLogCollector.dll
C:\Program Files\dotnet\sdk\8.0.101\Extensions\Microsoft.TestPlatform.TestHostRuntimeProvider.dll
C:\Program Files\dotnet\sdk\8.0.101\Extensions\Microsoft.VisualStudio.TestPlatform.Extensions.Html.TestLogger.dll
C:\Program Files\dotnet\sdk\8.0.101\Extensions\Microsoft.VisualStudio.TestPlatform.Extensions.Trx.TestLogger.dll
TpTrace Verbose: 0 : 8196, 1, 2024/02/25, 11:46:27.063, 9187627647363, vstest.console.dll, TestPluginCache.GetExtensionPaths: Added unfilterableExtensionPaths: 
TpTrace Information: 0 : 8196, 1, 2024/02/25, 11:46:27.063, 9187627648085, vstest.console.dll, AssemblyResolver.AddSearchDirectories: Adding more searchDirectories C:\Program Files\dotnet\sdk\8.0.101\Extensions,C:\Program Files\dotnet\sdk\8.0.101
TpTrace Verbose: 0 : 8196, 1, 2024/02/25, 11:46:27.063, 9187627648359, vstest.console.dll, TestPluginCache.DiscoverTestExtensions: Discovering the extensions using extension path.
TpTrace Verbose: 0 : 8196, 1, 2024/02/25, 11:46:27.063, 9187627648544, vstest.console.dll, TestPluginCache.GetExtensionPaths: Filtered extension paths: 
TpTrace Verbose: 0 : 8196, 1, 2024/02/25, 11:46:27.063, 9187627648715, vstest.console.dll, TestPluginCache.GetExtensionPaths: Added default extension paths: C:\Program Files\dotnet\sdk\8.0.101\Extensions\Microsoft.Diagnostics.NETCore.Client.dll
C:\Program Files\dotnet\sdk\8.0.101\Extensions\Microsoft.TestPlatform.Extensions.BlameDataCollector.dll
C:\Program Files\dotnet\sdk\8.0.101\Extensions\Microsoft.TestPlatform.Extensions.EventLogCollector.dll
C:\Program Files\dotnet\sdk\8.0.101\Extensions\Microsoft.TestPlatform.TestHostRuntimeProvider.dll
C:\Program Files\dotnet\sdk\8.0.101\Extensions\Microsoft.VisualStudio.TestPlatform.Extensions.Html.TestLogger.dll
C:\Program Files\dotnet\sdk\8.0.101\Extensions\Microsoft.VisualStudio.TestPlatform.Extensions.Trx.TestLogger.dll
TpTrace Verbose: 0 : 8196, 1, 2024/02/25, 11:46:27.063, 9187627648869, vstest.console.dll, TestPluginCache.GetExtensionPaths: Added unfilterableExtensionPaths: 
TpTrace Verbose: 0 : 8196, 1, 2024/02/25, 11:46:27.063, 9187627649466, vstest.console.dll, TestPluginCache.DiscoverTestExtensions: Discovering the extensions using allExtensionPaths: C:\Program Files\dotnet\sdk\8.0.101\Extensions\Microsoft.Diagnostics.NETCore.Client.dll
C:\Program Files\dotnet\sdk\8.0.101\Extensions\Microsoft.TestPlatform.Extensions.BlameDataCollector.dll
C:\Program Files\dotnet\sdk\8.0.101\Extensions\Microsoft.TestPlatform.Extensions.EventLogCollector.dll
C:\Program Files\dotnet\sdk\8.0.101\Extensions\Microsoft.TestPlatform.TestHostRuntimeProvider.dll
C:\Program Files\dotnet\sdk\8.0.101\Extensions\Microsoft.VisualStudio.TestPlatform.Extensions.Html.TestLogger.dll
C:\Program Files\dotnet\sdk\8.0.101\Extensions\Microsoft.VisualStudio.TestPlatform.Extensions.Trx.TestLogger.dll
TpTrace Information: 0 : 8196, 1, 2024/02/25, 11:46:27.063, 9187627649762, vstest.console.dll, AssemblyResolver.AddSearchDirectories: Adding more searchDirectories C:\Program Files\dotnet\sdk\8.0.101\Extensions,C:\Program Files\dotnet\sdk\8.0.101
TpTrace Information: 0 : 8196, 1, 2024/02/25, 11:46:27.063, 9187627649980, vstest.console.dll, AssemblyResolver.AddSearchDirectories: Adding more searchDirectories C:\Program Files\dotnet\sdk\8.0.101\Extensions,C:\Program Files\dotnet\sdk\8.0.101
TpTrace Information: 0 : 8196, 1, 2024/02/25, 11:46:27.063, 9187627650140, vstest.console.dll, AssemblyResolver.AddSearchDirectories: Adding more searchDirectories C:\Program Files\dotnet\sdk\8.0.101\Extensions,C:\Program Files\dotnet\sdk\8.0.101
TpTrace Information: 0 : 8196, 1, 2024/02/25, 11:46:27.063, 9187627650289, vstest.console.dll, AssemblyResolver.AddSearchDirectories: Adding more searchDirectories C:\Program Files\dotnet\sdk\8.0.101\Extensions,C:\Program Files\dotnet\sdk\8.0.101
TpTrace Information: 0 : 8196, 1, 2024/02/25, 11:46:27.063, 9187627650434, vstest.console.dll, AssemblyResolver.AddSearchDirectories: Adding more searchDirectories C:\Program Files\dotnet\sdk\8.0.101\Extensions,C:\Program Files\dotnet\sdk\8.0.101
TpTrace Information: 0 : 8196, 1, 2024/02/25, 11:46:27.063, 9187627650611, vstest.console.dll, AssemblyResolver.AddSearchDirectories: Adding more searchDirectories C:\Program Files\dotnet\sdk\8.0.101\Extensions,C:\Program Files\dotnet\sdk\8.0.101
TpTrace Verbose: 0 : 8196, 1, 2024/02/25, 11:46:27.064, 9187627651364, vstest.console.dll, MetadataReaderExtensionsHelper: Discovering extensions inside assembly 'Microsoft.Diagnostics.NETCore.Client, Version=0.2.8.21101, Culture=neutral, PublicKeyToken=31bf3856ad364e35' file path 'C:\Program Files\dotnet\sdk\8.0.101\Extensions\Microsoft.Diagnostics.NETCore.Client.dll'
TpTrace Information: 0 : 8196, 1, 2024/02/25, 11:46:27.064, 9187627655786, vstest.console.dll, AssemblyResolver.OnResolve: Microsoft.Bcl.AsyncInterfaces: Resolving assembly.
TpTrace Information: 0 : 8196, 1, 2024/02/25, 11:46:27.064, 9187627656122, vstest.console.dll, AssemblyResolver.OnResolve: Microsoft.Bcl.AsyncInterfaces: Resolved from cache.
TpTrace Verbose: 0 : 8196, 1, 2024/02/25, 11:46:27.064, 9187627656285, vstest.console.dll, CurrentDomainAssemblyResolve: Resolving assembly 'Microsoft.Bcl.AsyncInterfaces'.
TpTrace Information: 0 : 8196, 1, 2024/02/25, 11:46:27.064, 9187627656863, vstest.console.dll, AssemblyResolver.OnResolve: Microsoft.Bcl.AsyncInterfaces: Resolving assembly.
TpTrace Information: 0 : 8196, 1, 2024/02/25, 11:46:27.064, 9187627657078, vstest.console.dll, AssemblyResolver.OnResolve: Microsoft.Bcl.AsyncInterfaces: Resolved from cache.
TpTrace Verbose: 0 : 8196, 1, 2024/02/25, 11:46:27.064, 9187627657261, vstest.console.dll, CurrentDomainAssemblyResolve: Resolving assembly 'Microsoft.Bcl.AsyncInterfaces'.
TpTrace Verbose: 0 : 8196, 1, 2024/02/25, 11:46:27.064, 9187627657395, vstest.console.dll, CurrentDomainAssemblyResolve: Failed to resolve assembly 'Microsoft.Bcl.AsyncInterfaces'.
TpTrace Verbose: 0 : 8196, 1, 2024/02/25, 11:46:27.064, 9187627658222, vstest.console.dll, CurrentDomainAssemblyResolve: Failed to resolve assembly 'Microsoft.Bcl.AsyncInterfaces'.
TpTrace Warning: 0 : 8196, 1, 2024/02/25, 11:46:27.064, 9187627660391, vstest.console.dll, TestPluginDiscoverer: Failed to get types from assembly 'Microsoft.Diagnostics.NETCore.Client, Version=0.2.8.21101, Culture=neutral, PublicKeyToken=31bf3856ad364e35'. Error: System.Reflection.ReflectionTypeLoadException: Unable to load one or more of the requested types.
Could not load file or assembly 'Microsoft.Bcl.AsyncInterfaces, Version=1.0.0.0, Culture=neutral, PublicKeyToken=cc7b13ffcd2ddd51'. The system cannot find the file specified.
   at System.Reflection.RuntimeModule.GetTypes(RuntimeModule module)
   at System.Reflection.RuntimeModule.GetTypes()
   at Microsoft.VisualStudio.TestPlatform.Common.ExtensionFramework.TestPluginDiscoverer.GetTestExtensionsFromAssembly[TPluginInfo,TExtension](Assembly assembly, Dictionary`2 pluginInfos, String filePath) in /_/src/Microsoft.TestPlatform.Common/ExtensionFramework/TestPluginDiscoverer.cs:line 158
System.IO.FileNotFoundException: Could not load file or assembly 'Microsoft.Bcl.AsyncInterfaces, Version=1.0.0.0, Culture=neutral, PublicKeyToken=cc7b13ffcd2ddd51'. The system cannot find the file specified.
File name: 'Microsoft.Bcl.AsyncInterfaces, Version=1.0.0.0, Culture=neutral, PublicKeyToken=cc7b13ffcd2ddd51'
 ---> System.IO.FileNotFoundException: Could not load file or assembly 'Microsoft.Bcl.AsyncInterfaces, Culture=neutral, PublicKeyToken=null'. The system cannot find the file specified.
File name: 'Microsoft.Bcl.AsyncInterfaces, Culture=neutral, PublicKeyToken=null'
   at System.Reflection.RuntimeAssembly.InternalLoad(AssemblyName assemblyName, StackCrawlMark& stackMark, AssemblyLoadContext assemblyLoadContext, RuntimeAssembly requestingAssembly, Boolean throwOnFileNotFound)
   at System.Reflection.Assembly.Load(AssemblyName assemblyRef)
   at Microsoft.VisualStudio.TestPlatform.Common.ExtensionFramework.TestPluginCache.CurrentDomainAssemblyResolve(Object sender, AssemblyResolveEventArgs args) in /_/src/Microsoft.TestPlatform.Common/ExtensionFramework/TestPluginCache.cs:line 513
   at System.Runtime.Loader.AssemblyLoadContext.GetFirstResolvedAssemblyFromResolvingEvent(AssemblyName assemblyName)
   at System.Runtime.Loader.AssemblyLoadContext.ResolveUsingEvent(AssemblyName assemblyName)
   at System.Runtime.Loader.AssemblyLoadContext.ResolveUsingResolvingEvent(IntPtr gchManagedAssemblyLoadContext, AssemblyName assemblyName)
TpTrace Warning: 0 : 8196, 1, 2024/02/25, 11:46:27.065, 9187627661371, vstest.console.dll, LoaderExceptions: System.IO.FileNotFoundException: Could not load file or assembly 'Microsoft.Bcl.AsyncInterfaces, Version=1.0.0.0, Culture=neutral, PublicKeyToken=cc7b13ffcd2ddd51'. The system cannot find the file specified.
File name: 'Microsoft.Bcl.AsyncInterfaces, Version=1.0.0.0, Culture=neutral, PublicKeyToken=cc7b13ffcd2ddd51'
 ---> System.IO.FileNotFoundException: Could not load file or assembly 'Microsoft.Bcl.AsyncInterfaces, Culture=neutral, PublicKeyToken=null'. The system cannot find the file specified.
File name: 'Microsoft.Bcl.AsyncInterfaces, Culture=neutral, PublicKeyToken=null'
   at System.Reflection.RuntimeAssembly.InternalLoad(AssemblyName assemblyName, StackCrawlMark& stackMark, AssemblyLoadContext assemblyLoadContext, RuntimeAssembly requestingAssembly, Boolean throwOnFileNotFound)
   at System.Reflection.Assembly.Load(AssemblyName assemblyRef)
   at Microsoft.VisualStudio.TestPlatform.Common.ExtensionFramework.TestPluginCache.CurrentDomainAssemblyResolve(Object sender, AssemblyResolveEventArgs args) in /_/src/Microsoft.TestPlatform.Common/ExtensionFramework/TestPluginCache.cs:line 513
   at System.Runtime.Loader.AssemblyLoadContext.GetFirstResolvedAssemblyFromResolvingEvent(AssemblyName assemblyName)
   at System.Runtime.Loader.AssemblyLoadContext.ResolveUsingEvent(AssemblyName assemblyName)
   at System.Runtime.Loader.AssemblyLoadContext.ResolveUsingResolvingEvent(IntPtr gchManagedAssemblyLoadContext, AssemblyName assemblyName)
TpTrace Verbose: 0 : 8196, 1, 2024/02/25, 11:46:27.065, 9187627661824, vstest.console.dll, MetadataReaderExtensionsHelper: Discovering extensions inside assembly 'Microsoft.TestPlatform.Extensions.BlameDataCollector, Version=15.0.0.0, Culture=neutral, PublicKeyToken=b03f5f7f11d50a3a' file path 'C:\Program Files\dotnet\sdk\8.0.101\Extensions\Microsoft.TestPlatform.Extensions.BlameDataCollector.dll'
TpTrace Information: 0 : 8196, 1, 2024/02/25, 11:46:27.065, 9187627664292, vstest.console.dll, GetTestExtensionFromType: Register extension with identifier data 'logger://Microsoft/TestPlatform/Extensions/Blame/v1' and type 'Microsoft.TestPlatform.Extensions.BlameDataCollector.BlameLogger, Microsoft.TestPlatform.Extensions.BlameDataCollector, Version=15.0.0.0, Culture=neutral, PublicKeyToken=b03f5f7f11d50a3a' inside file 'C:\Program Files\dotnet\sdk\8.0.101\Extensions\Microsoft.TestPlatform.Extensions.BlameDataCollector.dll'
TpTrace Verbose: 0 : 8196, 1, 2024/02/25, 11:46:27.065, 9187627664730, vstest.console.dll, MetadataReaderExtensionsHelper: Discovering extensions inside assembly 'Microsoft.TestPlatform.Extensions.EventLogCollector, Version=15.0.0.0, Culture=neutral, PublicKeyToken=b03f5f7f11d50a3a' file path 'C:\Program Files\dotnet\sdk\8.0.101\Extensions\Microsoft.TestPlatform.Extensions.EventLogCollector.dll'
TpTrace Verbose: 0 : 8196, 1, 2024/02/25, 11:46:27.065, 9187627666359, vstest.console.dll, MetadataReaderExtensionsHelper: Discovering extensions inside assembly 'Microsoft.TestPlatform.TestHostRuntimeProvider, Version=15.0.0.0, Culture=neutral, PublicKeyToken=b03f5f7f11d50a3a' file path 'C:\Program Files\dotnet\sdk\8.0.101\Extensions\Microsoft.TestPlatform.TestHostRuntimeProvider.dll'
TpTrace Verbose: 0 : 8196, 1, 2024/02/25, 11:46:27.065, 9187627668062, vstest.console.dll, MetadataReaderExtensionsHelper: Discovering extensions inside assembly 'Microsoft.VisualStudio.TestPlatform.Extensions.Html.TestLogger, Version=15.0.0.0, Culture=neutral, PublicKeyToken=b03f5f7f11d50a3a' file path 'C:\Program Files\dotnet\sdk\8.0.101\Extensions\Microsoft.VisualStudio.TestPlatform.Extensions.Html.TestLogger.dll'
TpTrace Information: 0 : 8196, 1, 2024/02/25, 11:46:27.065, 9187627670988, vstest.console.dll, GetTestExtensionFromType: Register extension with identifier data 'logger://Microsoft/TestPlatform/HtmlLogger/v1' and type 'Microsoft.VisualStudio.TestPlatform.Extensions.HtmlLogger.HtmlLogger, Microsoft.VisualStudio.TestPlatform.Extensions.Html.TestLogger, Version=15.0.0.0, Culture=neutral, PublicKeyToken=b03f5f7f11d50a3a' inside file 'C:\Program Files\dotnet\sdk\8.0.101\Extensions\Microsoft.VisualStudio.TestPlatform.Extensions.Html.TestLogger.dll'
TpTrace Verbose: 0 : 8196, 1, 2024/02/25, 11:46:27.066, 9187627671397, vstest.console.dll, MetadataReaderExtensionsHelper: Discovering extensions inside assembly 'Microsoft.VisualStudio.TestPlatform.Extensions.Trx.TestLogger, Version=15.0.0.0, Culture=neutral, PublicKeyToken=b03f5f7f11d50a3a' file path 'C:\Program Files\dotnet\sdk\8.0.101\Extensions\Microsoft.VisualStudio.TestPlatform.Extensions.Trx.TestLogger.dll'
TpTrace Information: 0 : 8196, 1, 2024/02/25, 11:46:27.066, 9187627673407, vstest.console.dll, GetTestExtensionFromType: Register extension with identifier data 'logger://Microsoft/TestPlatform/TrxLogger/v1' and type 'Microsoft.VisualStudio.TestPlatform.Extensions.TrxLogger.TrxLogger, Microsoft.VisualStudio.TestPlatform.Extensions.Trx.TestLogger, Version=15.0.0.0, Culture=neutral, PublicKeyToken=b03f5f7f11d50a3a' inside file 'C:\Program Files\dotnet\sdk\8.0.101\Extensions\Microsoft.VisualStudio.TestPlatform.Extensions.Trx.TestLogger.dll'
TpTrace Verbose: 0 : 8196, 1, 2024/02/25, 11:46:27.066, 9187627674156, vstest.console.dll, TestPluginCache: Discovered the extensions using extension path ''.
TpTrace Verbose: 0 : 8196, 1, 2024/02/25, 11:46:27.066, 9187627674364, vstest.console.dll, TestPluginCache: Discoverers are ''.
TpTrace Verbose: 0 : 8196, 1, 2024/02/25, 11:46:27.066, 9187627674500, vstest.console.dll, TestPluginCache: Executors are ''.
TpTrace Verbose: 0 : 8196, 1, 2024/02/25, 11:46:27.066, 9187627674626, vstest.console.dll, TestPluginCache: Executors2 are ''.
TpTrace Verbose: 0 : 8196, 1, 2024/02/25, 11:46:27.066, 9187627674763, vstest.console.dll, TestPluginCache: Setting providers are ''.
TpTrace Verbose: 0 : 8196, 1, 2024/02/25, 11:46:27.066, 9187627675202, vstest.console.dll, TestPluginCache: Loggers are 'logger://Microsoft/TestPlatform/Extensions/Blame/v1,logger://Microsoft/TestPlatform/HtmlLogger/v1,logger://Microsoft/TestPlatform/TrxLogger/v1'.
TpTrace Verbose: 0 : 8196, 1, 2024/02/25, 11:46:27.066, 9187627675463, vstest.console.dll, TestPluginCache: TestHosts are 'HostProvider://DefaultTestHost,HostProvider://DotnetTestHost'.
TpTrace Verbose: 0 : 8196, 1, 2024/02/25, 11:46:27.066, 9187627675609, vstest.console.dll, TestPluginCache: DataCollectors are ''.
TpTrace Information: 0 : 8196, 1, 2024/02/25, 11:46:27.066, 9187627680457, vstest.console.dll, TestPluginManager.CreateTestExtension: Attempting to load test extension: Microsoft.TestPlatform.Extensions.BlameDataCollector.BlameLogger
TpTrace Verbose: 0 : 8196, 1, 2024/02/25, 11:46:27.071, 9187627724889, vstest.console.dll, TestEngine: Initializing Parallel Execution as MaxCpuCount is set to: 1
TpTrace Information: 0 : 8196, 1, 2024/02/25, 11:46:27.072, 9187627734453, vstest.console.dll, TestPluginManager.CreateTestExtension: Attempting to load test extension: Microsoft.VisualStudio.TestPlatform.CrossPlatEngine.Hosting.DefaultTestHostManager
TpTrace Information: 0 : 8196, 1, 2024/02/25, 11:46:27.072, 9187627738716, vstest.console.dll, TestPluginManager.CreateTestExtension: Attempting to load test extension: Microsoft.VisualStudio.TestPlatform.CrossPlatEngine.Hosting.DotnetTestHostManager
TpTrace Information: 0 : 8196, 1, 2024/02/25, 11:46:27.073, 9187627742166, vstest.console.dll, InferRunSettingsHelper.IsTestSettingsEnabled: Unable to navigate to RunSettings/MSTest. Current node: RunSettings
TpTrace Verbose: 0 : 8196, 1, 2024/02/25, 11:46:27.073, 9187627745850, vstest.console.dll, ParallelOperationManager.ClearSlots: Clearing all slots. Slots should accept more work: True
TpTrace Verbose: 0 : 8196, 1, 2024/02/25, 11:46:27.073, 9187627749686, vstest.console.dll, ParallelOperationManager.SetOccupiedSlotCount: Setting slot counts AvailableSlotCount = 1, OccupiedSlotCount = 0.
TpTrace Verbose: 0 : 8196, 1, 2024/02/25, 11:46:27.074, 9187627751654, vstest.console.dll, Occupied slots:

TpTrace Verbose: 0 : 8196, 1, 2024/02/25, 11:46:27.076, 9187627771725, vstest.console.dll, TestEngine.GetExecutionManager: Chosen execution manager 'Microsoft.VisualStudio.TestPlatform.CrossPlatEngine.Client.Parallel.ParallelProxyExecutionManager, Microsoft.TestPlatform.CrossPlatEngine, Version=15.0.0.0, Culture=neutral, PublicKeyToken=b03f5f7f11d50a3a' ParallelLevel '1'.
TpTrace Verbose: 0 : 8196, 1, 2024/02/25, 11:46:27.076, 9187627772498, vstest.console.dll, TestRunRequest.ExecuteAsync: Creating test run request.
TpTrace Verbose: 0 : 8196, 1, 2024/02/25, 11:46:27.076, 9187627773887, vstest.console.dll, TestRunRequest.ExecuteAsync: Starting.
TpTrace Information: 0 : 8196, 1, 2024/02/25, 11:46:27.077, 9187627785127, vstest.console.dll, TestRunRequest.ExecuteAsync: Starting run with settings:TestRunCriteria:
   KeepAlive=False,FrequencyOfRunStatsChangeEvent=10,RunStatsChangeEventTimeout=00:00:01.5000000,TestCaseFilter=,TestExecutorLauncher=
   Settingsxml=<RunSettings>
  <RunConfiguration>
    <ResultsDirectory>C:\Users\Ivan\Desktop\Exam\03\03-Garden-Resources\GardenConsoleAPI\GardenConsoleAPI.IntegrationTests.NUnit\bin\Debug\net6.0\fine-code-coverage\coverage-tool-output</ResultsDirectory>
    <TargetPlatform>X64</TargetPlatform>
    <TargetFrameworkVersion>.NETCoreApp,Version=v6.0</TargetFrameworkVersion>
    <DesignMode>False</DesignMode>
    <CollectSourceInformation>False</CollectSourceInformation>
  </RunConfiguration>
  <LoggerRunSettings>
    <Loggers>
      <Logger friendlyName="blame" enabled="True" />
      <Logger friendlyName="Console" uri="logger://microsoft/TestPlatform/ConsoleLogger/v1" assemblyQualifiedName="Microsoft.VisualStudio.TestPlatform.CommandLine.Internal.ConsoleLogger, vstest.console, Version=15.0.0.0, Culture=neutral, PublicKeyToken=b03f5f7f11d50a3a" codeBase="C:\Program Files\dotnet\sdk\8.0.101\vstest.console.dll" enabled="True" />
    </Loggers>
  </LoggerRunSettings>
  <DataCollectionRunSettings>
    <DataCollectors>
      <DataCollector friendlyName="blame" enabled="True">
        <Configuration>
          <ResultsDirectory>C:\Users\Ivan\Desktop\Exam\03\03-Garden-Resources\GardenConsoleAPI\GardenConsoleAPI.IntegrationTests.NUnit\bin\Debug\net6.0\fine-code-coverage\coverage-tool-output</ResultsDirectory>
        </Configuration>
      </DataCollector>
    </DataCollectors>
  </DataCollectionRunSettings>
</RunSettings>

TpTrace Verbose: 0 : 8196, 1, 2024/02/25, 11:46:27.077, 9187627785536, vstest.console.dll, TestRunRequest.ExecuteAsync: Wait for the first run request is over.
TpTrace Verbose: 0 : 8196, 1, 2024/02/25, 11:46:27.077, 9187627787460, vstest.console.dll, MulticastDelegateUtilities.SafeInvoke: TestRun.TestRunStart: Invoking callbacks was skipped because there are no subscribers.
TpTrace Verbose: 0 : 8196, 4, 2024/02/25, 11:46:27.077, 9187627788795, vstest.console.dll, MulticastDelegateUtilities.SafeInvoke: InternalTestLoggerEvents.SendTestRunStart: Invoking callback 1/1 for Microsoft.VisualStudio.TestPlatform.CommandLine.Internal.ConsoleLogger., took 0 ms.
TpTrace Verbose: 0 : 8196, 1, 2024/02/25, 11:46:27.078, 9187627794254, vstest.console.dll, ParallelProxyExecutionManager: Start execution. Total sources: 1
TpTrace Verbose: 0 : 8196, 1, 2024/02/25, 11:46:27.078, 9187627796721, vstest.console.dll, ParallelOperationManager.StartWork: Starting adding 1 workloads.
TpTrace Verbose: 0 : 8196, 1, 2024/02/25, 11:46:27.078, 9187627797168, vstest.console.dll, ParallelOperationManager.ClearSlots: Clearing all slots. Slots should accept more work: True
TpTrace Verbose: 0 : 8196, 1, 2024/02/25, 11:46:27.078, 9187627797625, vstest.console.dll, ParallelOperationManager.SetOccupiedSlotCount: Setting slot counts AvailableSlotCount = 1, OccupiedSlotCount = 0.
TpTrace Verbose: 0 : 8196, 1, 2024/02/25, 11:46:27.078, 9187627797849, vstest.console.dll, Occupied slots:

TpTrace Verbose: 0 : 8196, 1, 2024/02/25, 11:46:27.079, 9187627806483, vstest.console.dll, TestRequestSender is acting as server.
TpTrace Verbose: 0 : 8196, 1, 2024/02/25, 11:46:27.080, 9187627813536, vstest.console.dll, ParallelOperationManager.RunWorkInParallel: Adding 1 workload to slot, remaining workloads 0.
TpTrace Verbose: 0 : 8196, 1, 2024/02/25, 11:46:27.080, 9187627813901, vstest.console.dll, ParallelOperationManager.SetOccupiedSlotCount: Setting slot counts AvailableSlotCount = 0, OccupiedSlotCount = 1.
TpTrace Verbose: 0 : 8196, 1, 2024/02/25, 11:46:27.080, 9187627814510, vstest.console.dll, Occupied slots:
0: C:\Users\Ivan\Desktop\Exam\03\03-Garden-Resources\GardenConsoleAPI\GardenConsoleAPI.IntegrationTests.NUnit\bin\Debug\net6.0\fine-code-coverage\build-output\GardenConsoleAPI.IntegrationTests.NUnit.dll
TpTrace Verbose: 0 : 8196, 1, 2024/02/25, 11:46:27.080, 9187627821067, vstest.console.dll, ParallelOperationManager.RunWorkInParallel: Started host in slot number 0 for work (source): C:\Users\Ivan\Desktop\Exam\03\03-Garden-Resources\GardenConsoleAPI\GardenConsoleAPI.IntegrationTests.NUnit\bin\Debug\net6.0\fine-code-coverage\build-output\GardenConsoleAPI.IntegrationTests.NUnit.dll.
TpTrace Verbose: 0 : 8196, 1, 2024/02/25, 11:46:27.081, 9187627826838, vstest.console.dll, ParallelOperationManager.RunWorkInParallel: We started 1 work items, which is the max parallel level. Won't start more work.
TpTrace Verbose: 0 : 8196, 1, 2024/02/25, 11:46:27.081, 9187627827413, vstest.console.dll, ParallelOperationManager.RunWorkInParallel: We started 1 work items in here, returning True.
TpTrace Information: 0 : 8196, 1, 2024/02/25, 11:46:27.081, 9187627827771, vstest.console.dll, TestRunRequest.ExecuteAsync: Started.
TpTrace Verbose: 0 : 8196, 5, 2024/02/25, 11:46:27.081, 9187627828606, vstest.console.dll, ParallelProxyExecutionManager.StartTestRunOnConcurrentManager: Initializing uninitialized client. Started clients: 0
TpTrace Verbose: 0 : 8196, 5, 2024/02/25, 11:46:27.081, 9187627829927, vstest.console.dll, DataCollectionRequestSender.InitializeCommunication : Initialize communication. 
TpTrace Verbose: 0 : 8196, 1, 2024/02/25, 11:46:27.082, 9187627832392, vstest.console.dll, TestRunRequest.WaitForCompletion: Waiting with timeout -1.
TpTrace Information: 0 : 8196, 5, 2024/02/25, 11:46:27.086, 9187627875801, vstest.console.dll, Listening on Endpoint : 127.0.0.1:1327
TpTrace Verbose: 0 : 8196, 5, 2024/02/25, 11:46:27.089, 9187627911113, vstest.console.dll, DotnetDataCollectionLauncher: Adding  --runtimeconfig "C:\Program Files\dotnet\sdk\8.0.101\datacollector.runtimeconfig.json" in args
TpTrace Verbose: 0 : 8196, 5, 2024/02/25, 11:46:27.090, 9187627911750, vstest.console.dll, DotnetDataCollectionLauncher: Adding  --depsfile "C:\Program Files\dotnet\sdk\8.0.101\datacollector.deps.json" in args
TpTrace Verbose: 0 : 8196, 5, 2024/02/25, 11:46:27.090, 9187627913015, vstest.console.dll, DotnetDataCollectionLauncher: Full path of dotnet.exe is C:\Program Files\dotnet\dotnet.exe
TpTrace Information: 0 : 8196, 5, 2024/02/25, 11:46:27.095, 9187627963680, vstest.console.dll, ProxyDataCollectionManager.Initialize: Launched datacollector processId: 11916 port: 1327
TpTrace Information: 0 : 8196, 5, 2024/02/25, 11:46:27.095, 9187627964855, vstest.console.dll, ProxyDataCollectionManager.Initialize: waiting for connection with timeout: 90 seconds
TpTrace Verbose: 0 : 8196, 5, 2024/02/25, 11:46:27.095, 9187627965165, vstest.console.dll, DataCollectionRequestSender.WaitForRequestHandlerConnection : Waiting for connection with timeout: 90000
TpTrace Information: 0 : 8196, 7, 2024/02/25, 11:46:27.181, 9187628831145, vstest.console.dll, Using the buffer size of 16384 bytes
TpTrace Verbose: 0 : 8196, 5, 2024/02/25, 11:46:27.181, 9187628831189, vstest.console.dll, SocketCommunicationManager.WaitForClientConnection took: 86 ms, with 90000 ms timeout, and finished with True.
TpTrace Information: 0 : 8196, 7, 2024/02/25, 11:46:27.182, 9187628832024, vstest.console.dll, Accepted Client request and set the flag
TpTrace Verbose: 0 : 8196, 5, 2024/02/25, 11:46:27.182, 9187628832832, vstest.console.dll, ProxyDataCollectionManager.InvokeDataCollectionServiceAction: Starting.
TpTrace Information: 0 : 8196, 5, 2024/02/25, 11:46:27.182, 9187628833351, vstest.console.dll, ProxyDataCollectionManager.BeforeTestRunStart: Get environment variable and port for datacollector processId: 11916 port: 1327
TpTrace Verbose: 0 : 8196, 5, 2024/02/25, 11:46:27.182, 9187628834064, vstest.console.dll, DataCollectionRequestSender.SendBeforeTestRunStartAndGetResult: Send BeforeTestRunStart message with settingsXml <RunSettings><RunConfiguration><ResultsDirectory>C:\Users\Ivan\Desktop\Exam\03\03-Garden-Resources\GardenConsoleAPI\GardenConsoleAPI.IntegrationTests.NUnit\bin\Debug\net6.0\fine-code-coverage\coverage-tool-output</ResultsDirectory><TargetPlatform>X64</TargetPlatform><TargetFrameworkVersion>.NETCoreApp,Version=v6.0</TargetFrameworkVersion><DesignMode>False</DesignMode><CollectSourceInformation>False</CollectSourceInformation><TestAdaptersPaths>C:\Program Files\dotnet\sdk\8.0.101\Extensions</TestAdaptersPaths></RunConfiguration><LoggerRunSettings><Loggers><Logger friendlyName="blame" enabled="True" /><Logger friendlyName="Console" uri="logger://microsoft/TestPlatform/ConsoleLogger/v1" assemblyQualifiedName="Microsoft.VisualStudio.TestPlatform.CommandLine.Internal.ConsoleLogger, vstest.console, Version=15.0.0.0, Culture=neutral, PublicKeyToken=b03f5f7f11d50a3a" codeBase="C:\Program Files\dotnet\sdk\8.0.101\vstest.console.dll" enabled="True" /></Loggers></LoggerRunSettings><DataCollectionRunSettings><DataCollectors><DataCollector friendlyName="blame" enabled="True"><Configuration><ResultsDirectory>C:\Users\Ivan\Desktop\Exam\03\03-Garden-Resources\GardenConsoleAPI\GardenConsoleAPI.IntegrationTests.NUnit\bin\Debug\net6.0\fine-code-coverage\coverage-tool-output</ResultsDirectory></Configuration></DataCollector></DataCollectors></DataCollectionRunSettings></RunSettings> and sources System.Collections.Generic.List`1[System.String]: 
TpTrace Verbose: 0 : 8196, 5, 2024/02/25, 11:46:27.214, 9187629151649, vstest.console.dll, DataCollectionRequestSender.SendBeforeTestRunStartAndGetResult: Received message: (DataCollection.SendMessage) -> {"MessageType":"DataCollection.SendMessage","Payload":{"FriendlyName":null,"Uri":null,"TestCaseId":"00000000-0000-0000-0000-000000000000","Message":"Logging DataCollector Diagnostics in file: C:\\Users\\Ivan\\Desktop\\Exam\\03\\03-Garden-Resources\\GardenConsoleAPI\\GardenConsoleAPI.IntegrationTests.NUnit\\bin\\Debug\\net6.0\\fine-code-coverage\\coverage-tool-output\\diagnostics.datacollector.24-02-25_11-46-27_08983_5.log","Level":0}}
TpTrace Verbose: 0 : 8196, 5, 2024/02/25, 11:46:27.265, 9187629667632, vstest.console.dll, DataCollectionRequestSender.SendBeforeTestRunStartAndGetResult: Received message: (DataCollection.BeforeTestRunStartResult) -> {"MessageType":"DataCollection.BeforeTestRunStartResult","Payload":{"EnvironmentVariables":{},"DataCollectionEventsPort":1331}}
TpTrace Information: 0 : 8196, 5, 2024/02/25, 11:46:27.268, 9187629696860, vstest.console.dll, ProxyDataCollectionManager.BeforeTestRunStart: SendBeforeTestRunStartAndGetResult successful, env variable from datacollector:   and testhost port: 1331
TpTrace Information: 0 : 8196, 5, 2024/02/25, 11:46:27.268, 9187629697399, vstest.console.dll, ProxyDataCollectionManager.InvokeDataCollectionServiceAction: Completed.
TpTrace Verbose: 0 : 8196, 5, 2024/02/25, 11:46:27.268, 9187629697637, vstest.console.dll, ParallelProxyExecutionManager.StartTestRunOnConcurrentManager: Initializing test run. Started clients: 0
TpTrace Verbose: 0 : 8196, 5, 2024/02/25, 11:46:27.268, 9187629698233, vstest.console.dll, ProxyExecutionManager: Test host is always Lazy initialize.
TpTrace Verbose: 0 : 8196, 5, 2024/02/25, 11:46:27.268, 9187629699686, vstest.console.dll, TestRequestSender.InitializeCommunication: initialize communication. 
TpTrace Information: 0 : 8196, 5, 2024/02/25, 11:46:27.269, 9187629703336, vstest.console.dll, SocketServer.Start: Listening on endpoint : 127.0.0.1:1332
TpTrace Verbose: 0 : 8196, 5, 2024/02/25, 11:46:27.269, 9187629708509, vstest.console.dll, DotnetTestHostmanager.GetTestHostProcessStartInfo: Platform environment 'X64' target architecture 'X64' framework '.NETCoreApp,Version=v6.0' OS 'Windows'
TpTrace Verbose: 0 : 8196, 5, 2024/02/25, 11:46:27.269, 9187629709999, vstest.console.dll, DotnetTestHostmanager: Adding  --runtimeconfig "C:\Users\Ivan\Desktop\Exam\03\03-Garden-Resources\GardenConsoleAPI\GardenConsoleAPI.IntegrationTests.NUnit\bin\Debug\net6.0\fine-code-coverage\build-output\GardenConsoleAPI.IntegrationTests.NUnit.runtimeconfig.json" in args
TpTrace Verbose: 0 : 8196, 5, 2024/02/25, 11:46:27.269, 9187629710530, vstest.console.dll, DotnetTestHostmanager: Adding  --depsfile "C:\Users\Ivan\Desktop\Exam\03\03-Garden-Resources\GardenConsoleAPI\GardenConsoleAPI.IntegrationTests.NUnit\bin\Debug\net6.0\fine-code-coverage\build-output\GardenConsoleAPI.IntegrationTests.NUnit.deps.json" in args
TpTrace Verbose: 0 : 8196, 5, 2024/02/25, 11:46:27.270, 9187629711684, vstest.console.dll, DotnetTestHostmanager.IsWinOnArm: Current PROCESSOR_ARCHITECTURE from environment variable 'AMD64'
TpTrace Verbose: 0 : 8196, 5, 2024/02/25, 11:46:27.270, 9187629712058, vstest.console.dll, DotnetTestHostmanager.IsWinOnArm: Is Windows on ARM 'False'
TpTrace Verbose: 0 : 8196, 5, 2024/02/25, 11:46:27.270, 9187629712572, vstest.console.dll, DotnetTestHostManager: testhost.exe found at path: C:\Users\Ivan\Desktop\Exam\03\03-Garden-Resources\GardenConsoleAPI\GardenConsoleAPI.IntegrationTests.NUnit\bin\Debug\net6.0\fine-code-coverage\build-output\testhost.exe
TpTrace Verbose: 0 : 8196, 5, 2024/02/25, 11:46:27.270, 9187629712820, vstest.console.dll, DotnetTestHostmanager: Full path of host exe is C:\Users\Ivan\Desktop\Exam\03\03-Garden-Resources\GardenConsoleAPI\GardenConsoleAPI.IntegrationTests.NUnit\bin\Debug\net6.0\fine-code-coverage\build-output\testhost.exe
TpTrace Verbose: 0 : 8196, 5, 2024/02/25, 11:46:27.270, 9187629713610, vstest.console.dll, DotnetTestHostmanager.LaunchTestHostAsync: Found 'VSTEST_WINAPPHOST_DOTNET_ROOT' in env variables, value 'C:\Program Files\dotnet', forwarding to 'DOTNET_ROOT'
TpTrace Verbose: 0 : 8196, 5, 2024/02/25, 11:46:27.270, 9187629714556, vstest.console.dll, DotnetTestHostManager: Starting process 'C:\Users\Ivan\Desktop\Exam\03\03-Garden-Resources\GardenConsoleAPI\GardenConsoleAPI.IntegrationTests.NUnit\bin\Debug\net6.0\fine-code-coverage\build-output\testhost.exe' with command line ' --runtimeconfig "C:\Users\Ivan\Desktop\Exam\03\03-Garden-Resources\GardenConsoleAPI\GardenConsoleAPI.IntegrationTests.NUnit\bin\Debug\net6.0\fine-code-coverage\build-output\GardenConsoleAPI.IntegrationTests.NUnit.runtimeconfig.json" --depsfile "C:\Users\Ivan\Desktop\Exam\03\03-Garden-Resources\GardenConsoleAPI\GardenConsoleAPI.IntegrationTests.NUnit\bin\Debug\net6.0\fine-code-coverage\build-output\GardenConsoleAPI.IntegrationTests.NUnit.deps.json" --port 1332 --endpoint 127.0.0.1:01332 --role client --parentprocessid 8196 --diag "C:\Users\Ivan\Desktop\Exam\03\03-Garden-Resources\GardenConsoleAPI\GardenConsoleAPI.IntegrationTests.NUnit\bin\Debug\net6.0\fine-code-coverage\coverage-tool-output\diagnostics.host.24-02-25_11-46-27_26946_5.log" --tracelevel 4 --datacollectionport 1331 --telemetryoptedin false'
TpTrace Verbose: 0 : 8196, 5, 2024/02/25, 11:46:27.274, 9187629760095, vstest.console.dll, MulticastDelegateUtilities.SafeInvoke: HostProviderEvents.OnHostLaunched: Invoking callback 1/2 for Microsoft.VisualStudio.TestPlatform.CrossPlatEngine.Client.ProxyExecutionManagerWithDataCollection., took 0 ms.
TpTrace Verbose: 0 : 8196, 5, 2024/02/25, 11:46:27.275, 9187629761944, vstest.console.dll, Test Runtime launched
TpTrace Verbose: 0 : 8196, 5, 2024/02/25, 11:46:27.275, 9187629762314, vstest.console.dll, MulticastDelegateUtilities.SafeInvoke: HostProviderEvents.OnHostLaunched: Invoking callback 2/2 for Microsoft.VisualStudio.TestPlatform.CrossPlatEngine.Client.ProxyOperationManager., took 0 ms.
TpTrace Verbose: 0 : 8196, 5, 2024/02/25, 11:46:27.275, 9187629763051, vstest.console.dll, TestRequestSender.WaitForRequestHandlerConnection: waiting for connection with timeout: 90000.
TpTrace Verbose: 0 : 8196, 7, 2024/02/25, 11:46:27.367, 9187630687902, vstest.console.dll, MulticastDelegateUtilities.SafeInvoke: SocketServer: ClientConnected: Invoking callback 1/1 for Microsoft.VisualStudio.TestPlatform.CommunicationUtilities.TestRequestSender., took 0 ms.
TpTrace Verbose: 0 : 8196, 5, 2024/02/25, 11:46:27.367, 9187630687902, vstest.console.dll, TestRequestSender.WaitForRequestHandlerConnection: waiting took 92 ms, with timeout 90000 ms, and result 0, which is success.
TpTrace Verbose: 0 : 8196, 7, 2024/02/25, 11:46:27.367, 9187630689269, vstest.console.dll, SocketServer.OnClientConnected: Client connected for endPoint: 127.0.0.1:1332, starting MessageLoopAsync:
TpTrace Verbose: 0 : 8196, 14, 2024/02/25, 11:46:27.368, 9187630693884, vstest.console.dll, TcpClientExtensions.MessageLoopAsync: Polling on remoteEndPoint: 127.0.0.1:1333 localEndPoint: 127.0.0.1:1332
TpTrace Verbose: 0 : 8196, 5, 2024/02/25, 11:46:27.368, 9187630696362, vstest.console.dll, TestRequestSender.CheckVersionWithTestHost: Sending check version message: {"MessageType":"ProtocolVersion","Payload":7}
TpTrace Verbose: 0 : 8196, 14, 2024/02/25, 11:46:27.457, 9187631585638, vstest.console.dll, TcpClientExtensions.MessageLoopAsync: NotifyDataAvailable remoteEndPoint: 127.0.0.1:1333 localEndPoint: 127.0.0.1:1332
TpTrace Verbose: 0 : 8196, 14, 2024/02/25, 11:46:27.457, 9187631587589, vstest.console.dll, TestRequestSender.CheckVersionWithTestHost: onMessageReceived received message: (ProtocolVersion) -> {"MessageType":"ProtocolVersion","Payload":5}
TpTrace Verbose: 0 : 8196, 14, 2024/02/25, 11:46:27.458, 9187631592886, vstest.console.dll, MulticastDelegateUtilities.SafeInvoke: LengthPrefixCommunicationChannel: MessageReceived: Invoking callback 1/1 for Microsoft.VisualStudio.TestPlatform.CommunicationUtilities.TestRequestSender+<>c__DisplayClass29_0., took 0 ms.
TpTrace Verbose: 0 : 8196, 5, 2024/02/25, 11:46:27.458, 9187631593610, vstest.console.dll, TestPluginCache.GetExtensionPaths: Filtered extension paths: 
TpTrace Verbose: 0 : 8196, 14, 2024/02/25, 11:46:27.458, 9187631593906, vstest.console.dll, TcpClientExtensions.MessageLoopAsync: Polling on remoteEndPoint: 127.0.0.1:1333 localEndPoint: 127.0.0.1:1332
TpTrace Verbose: 0 : 8196, 5, 2024/02/25, 11:46:27.458, 9187631594118, vstest.console.dll, TestPluginCache.GetExtensionPaths: Added default extension paths: C:\Program Files\dotnet\sdk\8.0.101\Extensions\Microsoft.Diagnostics.NETCore.Client.dll
C:\Program Files\dotnet\sdk\8.0.101\Extensions\Microsoft.TestPlatform.Extensions.BlameDataCollector.dll
C:\Program Files\dotnet\sdk\8.0.101\Extensions\Microsoft.TestPlatform.Extensions.EventLogCollector.dll
C:\Program Files\dotnet\sdk\8.0.101\Extensions\Microsoft.TestPlatform.TestHostRuntimeProvider.dll
C:\Program Files\dotnet\sdk\8.0.101\Extensions\Microsoft.VisualStudio.TestPlatform.Extensions.Html.TestLogger.dll
C:\Program Files\dotnet\sdk\8.0.101\Extensions\Microsoft.VisualStudio.TestPlatform.Extensions.Trx.TestLogger.dll
TpTrace Verbose: 0 : 8196, 5, 2024/02/25, 11:46:27.458, 9187631594786, vstest.console.dll, TestPluginCache.GetExtensionPaths: Added unfilterableExtensionPaths: 
TpTrace Verbose: 0 : 8196, 5, 2024/02/25, 11:46:27.460, 9187631611958, vstest.console.dll, TestRequestSender.InitializeExecution: Sending initialize execution with message: {"Version":5,"MessageType":"TestExecution.Initialize","Payload":["C:\\Users\\Ivan\\Desktop\\Exam\\03\\03-Garden-Resources\\GardenConsoleAPI\\GardenConsoleAPI.IntegrationTests.NUnit\\bin\\Debug\\net6.0\\fine-code-coverage\\build-output\\NUnit3.TestAdapter.dll"]}
TpTrace Verbose: 0 : 8196, 5, 2024/02/25, 11:46:27.460, 9187631613060, vstest.console.dll, ParallelProxyExecutionManager.StartTestRunOnConcurrentManager: Execution starting. Started clients: 1
TpTrace Verbose: 0 : 8196, 5, 2024/02/25, 11:46:27.460, 9187631614764, vstest.console.dll, TestRunRequest:SendTestRunMessage: Starting.
TpTrace Verbose: 0 : 8196, 5, 2024/02/25, 11:46:27.460, 9187631615852, vstest.console.dll, MulticastDelegateUtilities.SafeInvoke: TestRun.LogMessages: Invoking callback 1/1 for Microsoft.VisualStudio.TestPlatform.CommandLine.TestRunResultAggregator., took 0 ms.
TpTrace Information: 0 : 8196, 5, 2024/02/25, 11:46:27.460, 9187631616081, vstest.console.dll, TestRunRequest:SendTestRunMessage: Completed.
TpTrace Verbose: 0 : 8196, 4, 2024/02/25, 11:46:27.460, 9187631616998, vstest.console.dll, MulticastDelegateUtilities.SafeInvoke: InternalTestLoggerEvents.SendTestRunMessage: Invoking callback 1/1 for Microsoft.VisualStudio.TestPlatform.CommandLine.Internal.ConsoleLogger., took 0 ms.
TpTrace Warning: 0 : 8196, 5, 2024/02/25, 11:46:27.460, 9187631618483, vstest.console.dll, InferRunSettingsHelper.MakeRunsettingsCompatible: Removing the following settings: TargetPlatform from RunSettings file. To use those settings please move to latest version of Microsoft.NET.Test.Sdk
TpTrace Verbose: 0 : 8196, 14, 2024/02/25, 11:46:27.463, 9187631648292, vstest.console.dll, TcpClientExtensions.MessageLoopAsync: NotifyDataAvailable remoteEndPoint: 127.0.0.1:1333 localEndPoint: 127.0.0.1:1332
TpTrace Verbose: 0 : 8196, 14, 2024/02/25, 11:46:27.463, 9187631650424, vstest.console.dll, TestRequestSender.OnExecutionMessageReceived: Received message: {"Version":5,"MessageType":"TestSession.Message","Payload":{"MessageLevel":0,"Message":"Logging TestHost Diagnostics in file: C:\\Users\\Ivan\\Desktop\\Exam\\03\\03-Garden-Resources\\GardenConsoleAPI\\GardenConsoleAPI.IntegrationTests.NUnit\\bin\\Debug\\net6.0\\fine-code-coverage\\coverage-tool-output\\diagnostics.host.24-02-25_11-46-27_26946_5.log"}}
TpTrace Verbose: 0 : 8196, 5, 2024/02/25, 11:46:27.464, 9187631652753, vstest.console.dll, TestRequestSender.StartTestRun: Sending test run with message: {"Version":5,"MessageType":"TestExecution.StartWithSources","Payload":{"AdapterSourceMap":{"_none_":["C:\\Users\\Ivan\\Desktop\\Exam\\03\\03-Garden-Resources\\GardenConsoleAPI\\GardenConsoleAPI.IntegrationTests.NUnit\\bin\\Debug\\net6.0\\fine-code-coverage\\build-output\\GardenConsoleAPI.IntegrationTests.NUnit.dll"]},"RunSettings":"<RunSettings>\r\n  <RunConfiguration>\r\n    <ResultsDirectory>C:\\Users\\Ivan\\Desktop\\Exam\\03\\03-Garden-Resources\\GardenConsoleAPI\\GardenConsoleAPI.IntegrationTests.NUnit\\bin\\Debug\\net6.0\\fine-code-coverage\\coverage-tool-output</ResultsDirectory>\r\n    <TargetFrameworkVersion>.NETCoreApp,Version=v6.0</TargetFrameworkVersion>\r\n    <DesignMode>False</DesignMode>\r\n    <CollectSourceInformation>False</CollectSourceInformation>\r\n  </RunConfiguration>\r\n  <LoggerRunSettings>\r\n    <Loggers>\r\n      <Logger friendlyName=\"blame\" enabled=\"True\" />\r\n      <Logger friendlyName=\"Console\" uri=\"logger://microsoft/TestPlatform/ConsoleLogger/v1\" assemblyQualifiedName=\"Microsoft.VisualStudio.TestPlatform.CommandLine.Internal.ConsoleLogger, vstest.console, Version=15.0.0.0, Culture=neutral, PublicKeyToken=b03f5f7f11d50a3a\" codeBase=\"C:\\Program Files\\dotnet\\sdk\\8.0.101\\vstest.console.dll\" enabled=\"True\" />\r\n    </Loggers>\r\n  </LoggerRunSettings>\r\n  <DataCollectionRunSettings>\r\n    <DataCollectors>\r\n      <DataCollector friendlyName=\"blame\" enabled=\"True\">\r\n        <Configuration>\r\n          <ResultsDirectory>C:\\Users\\Ivan\\Desktop\\Exam\\03\\03-Garden-Resources\\GardenConsoleAPI\\GardenConsoleAPI.IntegrationTests.NUnit\\bin\\Debug\\net6.0\\fine-code-coverage\\coverage-tool-output</ResultsDirectory>\r\n        </Configuration>\r\n      </DataCollector>\r\n    </DataCollectors>\r\n  </DataCollectionRunSettings>\r\n</RunSettings>","TestExecutionContext":{"FrequencyOfRunStatsChangeEvent":10,"RunStatsChangeEventTimeout":"00:00:01.5000000","InIsolation":false,"KeepAlive":false,"AreTestCaseLevelEventsRequired":false,"IsDebug":false,"TestCaseFilter":null,"FilterOptions":null},"Package":null}}
TpTrace Verbose: 0 : 8196, 5, 2024/02/25, 11:46:27.464, 9187631653603, vstest.console.dll, ParallelProxyExecutionManager.StartTestRunOnConcurrentManager: Execution started. Started clients: 1
TpTrace Verbose: 0 : 8196, 14, 2024/02/25, 11:46:27.465, 9187631667003, vstest.console.dll, TestRunRequest:SendTestRunMessage: Starting.
TpTrace Verbose: 0 : 8196, 14, 2024/02/25, 11:46:27.465, 9187631667636, vstest.console.dll, MulticastDelegateUtilities.SafeInvoke: TestRun.LogMessages: Invoking callback 1/1 for Microsoft.VisualStudio.TestPlatform.CommandLine.TestRunResultAggregator., took 0 ms.
TpTrace Verbose: 0 : 8196, 4, 2024/02/25, 11:46:27.465, 9187631667776, vstest.console.dll, MulticastDelegateUtilities.SafeInvoke: InternalTestLoggerEvents.SendTestRunMessage: Invoking callback 1/1 for Microsoft.VisualStudio.TestPlatform.CommandLine.Internal.ConsoleLogger., took 0 ms.
TpTrace Information: 0 : 8196, 14, 2024/02/25, 11:46:27.465, 9187631667831, vstest.console.dll, TestRunRequest:SendTestRunMessage: Completed.
TpTrace Verbose: 0 : 8196, 14, 2024/02/25, 11:46:27.465, 9187631668495, vstest.console.dll, MulticastDelegateUtilities.SafeInvoke: LengthPrefixCommunicationChannel: MessageReceived: Invoking callback 1/1 for Microsoft.VisualStudio.TestPlatform.CommunicationUtilities.TestRequestSender+<>c__DisplayClass34_0., took 1 ms.
TpTrace Verbose: 0 : 8196, 14, 2024/02/25, 11:46:27.465, 9187631668755, vstest.console.dll, TcpClientExtensions.MessageLoopAsync: Polling on remoteEndPoint: 127.0.0.1:1333 localEndPoint: 127.0.0.1:1332
TpTrace Verbose: 0 : 8196, 14, 2024/02/25, 11:46:27.570, 9187632714384, vstest.console.dll, TcpClientExtensions.MessageLoopAsync: NotifyDataAvailable remoteEndPoint: 127.0.0.1:1333 localEndPoint: 127.0.0.1:1332
TpTrace Verbose: 0 : 8196, 14, 2024/02/25, 11:46:27.570, 9187632716172, vstest.console.dll, TestRequestSender.OnExecutionMessageReceived: Received message: {"Version":5,"MessageType":"TestSession.Message","Payload":{"MessageLevel":0,"Message":"NUnit Adapter 4.2.0.0: Test execution started"}}
TpTrace Verbose: 0 : 8196, 14, 2024/02/25, 11:46:27.570, 9187632718287, vstest.console.dll, TestRunRequest:SendTestRunMessage: Starting.
TpTrace Verbose: 0 : 8196, 14, 2024/02/25, 11:46:27.570, 9187632718864, vstest.console.dll, MulticastDelegateUtilities.SafeInvoke: TestRun.LogMessages: Invoking callback 1/1 for Microsoft.VisualStudio.TestPlatform.CommandLine.TestRunResultAggregator., took 0 ms.
TpTrace Information: 0 : 8196, 14, 2024/02/25, 11:46:27.570, 9187632719097, vstest.console.dll, TestRunRequest:SendTestRunMessage: Completed.
TpTrace Verbose: 0 : 8196, 4, 2024/02/25, 11:46:27.570, 9187632719095, vstest.console.dll, MulticastDelegateUtilities.SafeInvoke: InternalTestLoggerEvents.SendTestRunMessage: Invoking callback 1/1 for Microsoft.VisualStudio.TestPlatform.CommandLine.Internal.ConsoleLogger., took 0 ms.
TpTrace Verbose: 0 : 8196, 14, 2024/02/25, 11:46:27.570, 9187632719299, vstest.console.dll, MulticastDelegateUtilities.SafeInvoke: LengthPrefixCommunicationChannel: MessageReceived: Invoking callback 1/1 for Microsoft.VisualStudio.TestPlatform.CommunicationUtilities.TestRequestSender+<>c__DisplayClass34_0., took 0 ms.
TpTrace Verbose: 0 : 8196, 14, 2024/02/25, 11:46:27.570, 9187632720228, vstest.console.dll, TcpClientExtensions.MessageLoopAsync: Polling on remoteEndPoint: 127.0.0.1:1333 localEndPoint: 127.0.0.1:1332
TpTrace Verbose: 0 : 8196, 14, 2024/02/25, 11:46:27.592, 9187632935125, vstest.console.dll, TcpClientExtensions.MessageLoopAsync: NotifyDataAvailable remoteEndPoint: 127.0.0.1:1333 localEndPoint: 127.0.0.1:1332
TpTrace Verbose: 0 : 8196, 14, 2024/02/25, 11:46:27.592, 9187632936625, vstest.console.dll, TestRequestSender.OnExecutionMessageReceived: Received message: {"Version":5,"MessageType":"TestSession.Message","Payload":{"MessageLevel":0,"Message":"Running all tests in C:\\Users\\Ivan\\Desktop\\Exam\\03\\03-Garden-Resources\\GardenConsoleAPI\\GardenConsoleAPI.IntegrationTests.NUnit\\bin\\Debug\\net6.0\\fine-code-coverage\\build-output\\GardenConsoleAPI.IntegrationTests.NUnit.dll"}}
TpTrace Verbose: 0 : 8196, 14, 2024/02/25, 11:46:27.592, 9187632937744, vstest.console.dll, TestRunRequest:SendTestRunMessage: Starting.
TpTrace Verbose: 0 : 8196, 14, 2024/02/25, 11:46:27.592, 9187632938213, vstest.console.dll, MulticastDelegateUtilities.SafeInvoke: TestRun.LogMessages: Invoking callback 1/1 for Microsoft.VisualStudio.TestPlatform.CommandLine.TestRunResultAggregator., took 0 ms.
TpTrace Information: 0 : 8196, 14, 2024/02/25, 11:46:27.592, 9187632938422, vstest.console.dll, TestRunRequest:SendTestRunMessage: Completed.
TpTrace Verbose: 0 : 8196, 4, 2024/02/25, 11:46:27.592, 9187632938471, vstest.console.dll, MulticastDelegateUtilities.SafeInvoke: InternalTestLoggerEvents.SendTestRunMessage: Invoking callback 1/1 for Microsoft.VisualStudio.TestPlatform.CommandLine.Internal.ConsoleLogger., took 0 ms.
TpTrace Verbose: 0 : 8196, 14, 2024/02/25, 11:46:27.592, 9187632938666, vstest.console.dll, MulticastDelegateUtilities.SafeInvoke: LengthPrefixCommunicationChannel: MessageReceived: Invoking callback 1/1 for Microsoft.VisualStudio.TestPlatform.CommunicationUtilities.TestRequestSender+<>c__DisplayClass34_0., took 0 ms.
TpTrace Verbose: 0 : 8196, 14, 2024/02/25, 11:46:27.592, 9187632939418, vstest.console.dll, TcpClientExtensions.MessageLoopAsync: Polling on remoteEndPoint: 127.0.0.1:1333 localEndPoint: 127.0.0.1:1332
TpTrace Verbose: 0 : 8196, 14, 2024/02/25, 11:46:27.701, 9187634022687, vstest.console.dll, TcpClientExtensions.MessageLoopAsync: NotifyDataAvailable remoteEndPoint: 127.0.0.1:1333 localEndPoint: 127.0.0.1:1332
TpTrace Verbose: 0 : 8196, 14, 2024/02/25, 11:46:27.701, 9187634024079, vstest.console.dll, TestRequestSender.OnExecutionMessageReceived: Received message: {"Version":5,"MessageType":"TestSession.Message","Payload":{"MessageLevel":0,"Message":"   NUnit3TestExecutor discovered 12 of 12 NUnit test cases using Current Discovery mode, Non-Explicit run"}}
TpTrace Verbose: 0 : 8196, 14, 2024/02/25, 11:46:27.701, 9187634025140, vstest.console.dll, TestRunRequest:SendTestRunMessage: Starting.
TpTrace Verbose: 0 : 8196, 14, 2024/02/25, 11:46:27.701, 9187634025587, vstest.console.dll, MulticastDelegateUtilities.SafeInvoke: TestRun.LogMessages: Invoking callback 1/1 for Microsoft.VisualStudio.TestPlatform.CommandLine.TestRunResultAggregator., took 0 ms.
TpTrace Information: 0 : 8196, 14, 2024/02/25, 11:46:27.701, 9187634025831, vstest.console.dll, TestRunRequest:SendTestRunMessage: Completed.
TpTrace Verbose: 0 : 8196, 4, 2024/02/25, 11:46:27.701, 9187634025861, vstest.console.dll, MulticastDelegateUtilities.SafeInvoke: InternalTestLoggerEvents.SendTestRunMessage: Invoking callback 1/1 for Microsoft.VisualStudio.TestPlatform.CommandLine.Internal.ConsoleLogger., took 0 ms.
TpTrace Verbose: 0 : 8196, 14, 2024/02/25, 11:46:27.701, 9187634026039, vstest.console.dll, MulticastDelegateUtilities.SafeInvoke: LengthPrefixCommunicationChannel: MessageReceived: Invoking callback 1/1 for Microsoft.VisualStudio.TestPlatform.CommunicationUtilities.TestRequestSender+<>c__DisplayClass34_0., took 0 ms.
TpTrace Verbose: 0 : 8196, 14, 2024/02/25, 11:46:27.701, 9187634026853, vstest.console.dll, TcpClientExtensions.MessageLoopAsync: Polling on remoteEndPoint: 127.0.0.1:1333 localEndPoint: 127.0.0.1:1332
TpTrace Verbose: 0 : 8196, 14, 2024/02/25, 11:46:28.243, 9187639446022, vstest.console.dll, TcpClientExtensions.MessageLoopAsync: NotifyDataAvailable remoteEndPoint: 127.0.0.1:1333 localEndPoint: 127.0.0.1:1332
TpTrace Verbose: 0 : 8196, 14, 2024/02/25, 11:46:28.243, 9187639447869, vstest.console.dll, TestRequestSender.OnExecutionMessageReceived: Received message: {"Version":5,"MessageType":"TestSession.Message","Payload":{"MessageLevel":1,"Message":"Validation Error: The field CatalogNumber must match the regular expression '^([0-9A-Z]{12})$'.\r\nValidation Error: The field Quantity must be between 0 and 1000.\r\n"}}
TpTrace Verbose: 0 : 8196, 14, 2024/02/25, 11:46:28.243, 9187639449188, vstest.console.dll, TestRunRequest:SendTestRunMessage: Starting.
TpTrace Verbose: 0 : 8196, 14, 2024/02/25, 11:46:28.243, 9187639449753, vstest.console.dll, MulticastDelegateUtilities.SafeInvoke: TestRun.LogMessages: Invoking callback 1/1 for Microsoft.VisualStudio.TestPlatform.CommandLine.TestRunResultAggregator., took 0 ms.
TpTrace Information: 0 : 8196, 14, 2024/02/25, 11:46:28.243, 9187639449956, vstest.console.dll, TestRunRequest:SendTestRunMessage: Completed.
TpTrace Verbose: 0 : 8196, 14, 2024/02/25, 11:46:28.243, 9187639450191, vstest.console.dll, MulticastDelegateUtilities.SafeInvoke: LengthPrefixCommunicationChannel: MessageReceived: Invoking callback 1/1 for Microsoft.VisualStudio.TestPlatform.CommunicationUtilities.TestRequestSender+<>c__DisplayClass34_0., took 0 ms.
TpTrace Verbose: 0 : 8196, 14, 2024/02/25, 11:46:28.243, 9187639450393, vstest.console.dll, TcpClientExtensions.MessageLoopAsync: Polling on remoteEndPoint: 127.0.0.1:1333 localEndPoint: 127.0.0.1:1332
TpTrace Verbose: 0 : 8196, 4, 2024/02/25, 11:46:28.243, 9187639451118, vstest.console.dll, MulticastDelegateUtilities.SafeInvoke: InternalTestLoggerEvents.SendTestRunMessage: Invoking callback 1/1 for Microsoft.VisualStudio.TestPlatform.CommandLine.Internal.ConsoleLogger., took 0 ms.
TpTrace Verbose: 0 : 8196, 14, 2024/02/25, 11:46:28.302, 9187640033770, vstest.console.dll, TcpClientExtensions.MessageLoopAsync: NotifyDataAvailable remoteEndPoint: 127.0.0.1:1333 localEndPoint: 127.0.0.1:1332
TpTrace Verbose: 0 : 8196, 14, 2024/02/25, 11:46:28.302, 9187640037468, vstest.console.dll, TestRequestSender.OnExecutionMessageReceived: Received message: {"Version":5,"MessageType":"TestExecution.StatsChange","Payload":{"NewTestResults":[{"TestCase":{"Id":"5873c3dc-91c4-5831-5ab7-1b9900e90954","FullyQualifiedName":"GardenConsoleAPI.IntegrationTests.NUnit.IntegrationTests.AddPlantAsync_ShouldAddNewPlant","DisplayName":"AddPlantAsync_ShouldAddNewPlant","ExecutorUri":"executor://NUnit3TestExecutor","Source":"C:\\Users\\Ivan\\Desktop\\Exam\\03\\03-Garden-Resources\\GardenConsoleAPI\\GardenConsoleAPI.IntegrationTests.NUnit\\bin\\Debug\\net6.0\\fine-code-coverage\\build-output\\GardenConsoleAPI.IntegrationTests.NUnit.dll","CodeFilePath":null,"LineNumber":0,"Properties":[{"Key":{"Id":"NUnit.Seed","Label":"Seed","Category":"","Description":"","Attributes":0,"ValueType":"System.String"},"Value":"2031673785"}]},"Attachments":[],"Outcome":1,"ErrorMessage":null,"ErrorStackTrace":null,"DisplayName":"AddPlantAsync_ShouldAddNewPlant","Messages":[],"ComputerName":"DESKTOP-QI8JBMK","Duration":"00:00:00.4958300","StartTime":"2024-02-25T09:46:27.719515+00:00","EndTime":"2024-02-25T09:46:28.2152904+00:00","Properties":[{"Key":{"Id":"NUnit.Seed","Label":"Seed","Category":"","Description":"","Attributes":0,"ValueType":"System.String"},"Value":"2031673785"}]},{"TestCase":{"Id":"69b0f099-41ce-4f8a-236d-e84e6a2e443a","FullyQualifiedName":"GardenConsoleAPI.IntegrationTests.NUnit.IntegrationTests.AddPlantAsync_TryToAddPlantWithInvalidCredentials_ShouldThrowException","DisplayName":"AddPlantAsync_TryToAddPlantWithInvalidCredentials_ShouldThrowException","ExecutorUri":"executor://NUnit3TestExecutor","Source":"C:\\Users\\Ivan\\Desktop\\Exam\\03\\03-Garden-Resources\\GardenConsoleAPI\\GardenConsoleAPI.IntegrationTests.NUnit\\bin\\Debug\\net6.0\\fine-code-coverage\\build-output\\GardenConsoleAPI.IntegrationTests.NUnit.dll","CodeFilePath":null,"LineNumber":0,"Properties":[{"Key":{"Id":"NUnit.Seed","Label":"Seed","Category":"","Description":"","Attributes":0,"ValueType":"System.String"},"Value":"1793474924"}]},"Attachments":[],"Outcome":1,"ErrorMessage":null,"ErrorStackTrace":null,"DisplayName":"AddPlantAsync_TryToAddPlantWithInvalidCredentials_ShouldThrowException","Messages":[{"Category":"StdOutMsgs","Text":"Validation Error: The field CatalogNumber must match the regular expression '^([0-9A-Z]{12})$'.\r\nValidation Error: The field Quantity must be between 0 and 1000.\r\n"}],"ComputerName":"DESKTOP-QI8JBMK","Duration":"00:00:00.0256990","StartTime":"2024-02-25T09:46:28.216445+00:00","EndTime":"2024-02-25T09:46:28.2421439+00:00","Properties":[{"Key":{"Id":"NUnit.Seed","Label":"Seed","Category":"","Description":"","Attributes":0,"ValueType":"System.String"},"Value":"1793474924"}]},{"TestCase":{"Id":"0058f998-a5c7-cb17-4950-34f65ef3bc37","FullyQualifiedName":"GardenConsoleAPI.IntegrationTests.NUnit.IntegrationTests.DeletePlantAsync_TryToDeleteWithNullOrWhiteSpaceCatalogNumber_ShouldThrowException","DisplayName":"DeletePlantAsync_TryToDeleteWithNullOrWhiteSpaceCatalogNumber_ShouldThrowException","ExecutorUri":"executor://NUnit3TestExecutor","Source":"C:\\Users\\Ivan\\Desktop\\Exam\\03\\03-Garden-Resources\\GardenConsoleAPI\\GardenConsoleAPI.IntegrationTests.NUnit\\bin\\Debug\\net6.0\\fine-code-coverage\\build-output\\GardenConsoleAPI.IntegrationTests.NUnit.dll","CodeFilePath":null,"LineNumber":0,"Properties":[{"Key":{"Id":"NUnit.Seed","Label":"Seed","Category":"","Description":"","Attributes":0,"ValueType":"System.String"},"Value":"1733355951"}]},"Attachments":[],"Outcome":1,"ErrorMessage":null,"ErrorStackTrace":null,"DisplayName":"DeletePlantAsync_TryToDeleteWithNullOrWhiteSpaceCatalogNumber_ShouldThrowException","Messages":[],"ComputerName":"DESKTOP-QI8JBMK","Duration":"00:00:00.0094699","StartTime":"2024-02-25T09:46:28.2421852+00:00","EndTime":"2024-02-25T09:46:28.2516557+00:00","Properties":[{"Key":{"Id":"NUnit.Seed","Label":"Seed","Category":"","Description":"","Attributes":0,"ValueType":"System.String"},"Value":"1733355951"}]},{"TestCase":{"Id":"632528fc-8baf-6a9e-1535-5f537cf8f7bf","FullyQualifiedName":"GardenConsoleAPI.IntegrationTests.NUnit.IntegrationTests.DeletePlantAsync_WithValidCatalogNumber_ShouldRemovePlantFromDb","DisplayName":"DeletePlantAsync_WithValidCatalogNumber_ShouldRemovePlantFromDb","ExecutorUri":"executor://NUnit3TestExecutor","Source":"C:\\Users\\Ivan\\Desktop\\Exam\\03\\03-Garden-Resources\\GardenConsoleAPI\\GardenConsoleAPI.IntegrationTests.NUnit\\bin\\Debug\\net6.0\\fine-code-coverage\\build-output\\GardenConsoleAPI.IntegrationTests.NUnit.dll","CodeFilePath":null,"LineNumber":0,"Properties":[{"Key":{"Id":"NUnit.Seed","Label":"Seed","Category":"","Description":"","Attributes":0,"ValueType":"System.String"},"Value":"1971945827"}]},"Attachments":[],"Outcome":1,"ErrorMessage":null,"ErrorStackTrace":null,"DisplayName":"DeletePlantAsync_WithValidCatalogNumber_ShouldRemovePlantFromDb","Messages":[],"ComputerName":"DESKTOP-QI8JBMK","Duration":"00:00:00.0100780","StartTime":"2024-02-25T09:46:28.251683+00:00","EndTime":"2024-02-25T09:46:28.2617609+00:00","Properties":[{"Key":{"Id":"NUnit.Seed","Label":"Seed","Category":"","Description":"","Attributes":0,"ValueType":"System.String"},"Value":"1971945827"}]},{"TestCase":{"Id":"729381a8-113a-f95b-b06e-9d4dc36bfcf7","FullyQualifiedName":"GardenConsoleAPI.IntegrationTests.NUnit.IntegrationTests.GetAllAsync_WhenNoPlantsExist_ShouldThrowKeyNotFoundException","DisplayName":"GetAllAsync_WhenNoPlantsExist_ShouldThrowKeyNotFoundException","ExecutorUri":"executor://NUnit3TestExecutor","Source":"C:\\Users\\Ivan\\Desktop\\Exam\\03\\03-Garden-Resources\\GardenConsoleAPI\\GardenConsoleAPI.IntegrationTests.NUnit\\bin\\Debug\\net6.0\\fine-code-coverage\\build-output\\GardenConsoleAPI.IntegrationTests.NUnit.dll","CodeFilePath":null,"LineNumber":0,"Properties":[{"Key":{"Id":"NUnit.Seed","Label":"Seed","Category":"","Description":"","Attributes":0,"ValueType":"System.String"},"Value":"1926836718"}]},"Attachments":[],"Outcome":1,"ErrorMessage":null,"ErrorStackTrace":null,"DisplayName":"GetAllAsync_WhenNoPlantsExist_ShouldThrowKeyNotFoundException","Messages":[],"ComputerName":"DESKTOP-QI8JBMK","Duration":"00:00:00.0079399","StartTime":"2024-02-25T09:46:28.2617811+00:00","EndTime":"2024-02-25T09:46:28.2697204+00:00","Properties":[{"Key":{"Id":"NUnit.Seed","Label":"Seed","Category":"","Description":"","Attributes":0,"ValueType":"System.String"},"Value":"1926836718"}]},{"TestCase":{"Id":"1a0c6813-e387-80ac-a393-dc5cb4f0a3e2","FullyQualifiedName":"GardenConsoleAPI.IntegrationTests.NUnit.IntegrationTests.GetAllAsync_WhenPlantsExist_ShouldReturnAllPlants","DisplayName":"GetAllAsync_WhenPlantsExist_ShouldReturnAllPlants","ExecutorUri":"executor://NUnit3TestExecutor","Source":"C:\\Users\\Ivan\\Desktop\\Exam\\03\\03-Garden-Resources\\GardenConsoleAPI\\GardenConsoleAPI.IntegrationTests.NUnit\\bin\\Debug\\net6.0\\fine-code-coverage\\build-output\\GardenConsoleAPI.IntegrationTests.NUnit.dll","CodeFilePath":null,"LineNumber":0,"Properties":[{"Key":{"Id":"NUnit.Seed","Label":"Seed","Category":"","Description":"","Attributes":0,"ValueType":"System.String"},"Value":"398882749"}]},"Attachments":[],"Outcome":1,"ErrorMessage":null,"ErrorStackTrace":null,"DisplayName":"GetAllAsync_WhenPlantsExist_ShouldReturnAllPlants","Messages":[],"ComputerName":"DESKTOP-QI8JBMK","Duration":"00:00:00.0028270","StartTime":"2024-02-25T09:46:28.2697455+00:00","EndTime":"2024-02-25T09:46:28.272572+00:00","Properties":[{"Key":{"Id":"NUnit.Seed","Label":"Seed","Category":"","Description":"","Attributes":0,"ValueType":"System.String"},"Value":"398882749"}]},{"TestCase":{"Id":"018fa5fa-de17-8337-3498-11f7f4e77f8e","FullyQualifiedName":"GardenConsoleAPI.IntegrationTests.NUnit.IntegrationTests.GetSpecificAsync_WithInvalidCatalogNumber_ShouldThrowKeyNotFoundException","DisplayName":"GetSpecificAsync_WithInvalidCatalogNumber_ShouldThrowKeyNotFoundException","ExecutorUri":"executor://NUnit3TestExecutor","Source":"C:\\Users\\Ivan\\Desktop\\Exam\\03\\03-Garden-Resources\\GardenConsoleAPI\\GardenConsoleAPI.IntegrationTests.NUnit\\bin\\Debug\\net6.0\\fine-code-coverage\\build-output\\GardenConsoleAPI.IntegrationTests.NUnit.dll","CodeFilePath":null,"LineNumber":0,"Properties":[{"Key":{"Id":"NUnit.Seed","Label":"Seed","Category":"","Description":"","Attributes":0,"ValueType":"System.String"},"Value":"541815007"}]},"Attachments":[],"Outcome":1,"ErrorMessage":null,"ErrorStackTrace":null,"DisplayName":"GetSpecificAsync_WithInvalidCatalogNumber_ShouldThrowKeyNotFoundException","Messages":[],"ComputerName":"DESKTOP-QI8JBMK","Duration":"00:00:00.0008280","StartTime":"2024-02-25T09:46:28.2725907+00:00","EndTime":"2024-02-25T09:46:28.2734187+00:00","Properties":[{"Key":{"Id":"NUnit.Seed","Label":"Seed","Category":"","Description":"","Attributes":0,"ValueType":"System.String"},"Value":"541815007"}]},{"TestCase":{"Id":"6c0b3613-b64c-f7cb-ea89-4f7e877a9071","FullyQualifiedName":"GardenConsoleAPI.IntegrationTests.NUnit.IntegrationTests.GetSpecificAsync_WithValidCatalogNumber_ShouldReturnPlant","DisplayName":"GetSpecificAsync_WithValidCatalogNumber_ShouldReturnPlant","ExecutorUri":"executor://NUnit3TestExecutor","Source":"C:\\Users\\Ivan\\Desktop\\Exam\\03\\03-Garden-Resources\\GardenConsoleAPI\\GardenConsoleAPI.IntegrationTests.NUnit\\bin\\Debug\\net6.0\\fine-code-coverage\\build-output\\GardenConsoleAPI.IntegrationTests.NUnit.dll","CodeFilePath":null,"LineNumber":0,"Properties":[{"Key":{"Id":"NUnit.Seed","Label":"Seed","Category":"","Description":"","Attributes":0,"ValueType":"System.String"},"Value":"1352078873"}]},"Attachments":[],"Outcome":1,"ErrorMessage":null,"ErrorStackTrace":null,"DisplayName":"GetSpecificAsync_WithValidCatalogNumber_ShouldReturnPlant","Messages":[],"ComputerName":"DESKTOP-QI8JBMK","Duration":"00:00:00.0028090","StartTime":"2024-02-25T09:46:28.2734288+00:00","EndTime":"2024-02-25T09:46:28.2762376+00:00","Properties":[{"Key":{"Id":"NUnit.Seed","Label":"Seed","Category":"","Description":"","Attributes":0,"ValueType":"System.String"},"Value":"1352078873"}]},{"TestCase":{"Id":"ab562949-a9f1-ad11-4707-22f4a1542569","FullyQualifiedName":"GardenConsoleAPI.IntegrationTests.NUnit.IntegrationTests.SearchByFoodTypeAsync_WithExistingFoodType_ShouldReturnMatchingPlants","DisplayName":"SearchByFoodTypeAsync_WithExistingFoodType_ShouldReturnMatchingPlants","ExecutorUri":"executor://NUnit3TestExecutor","Source":"C:\\Users\\Ivan\\Desktop\\Exam\\03\\03-Garden-Resources\\GardenConsoleAPI\\GardenConsoleAPI.IntegrationTests.NUnit\\bin\\Debug\\net6.0\\fine-code-coverage\\build-output\\GardenConsoleAPI.IntegrationTests.NUnit.dll","CodeFilePath":null,"LineNumber":0,"Properties":[{"Key":{"Id":"NUnit.Seed","Label":"Seed","Category":"","Description":"","Attributes":0,"ValueType":"System.String"},"Value":"2067662034"}]},"Attachments":[],"Outcome":1,"ErrorMessage":null,"ErrorStackTrace":null,"DisplayName":"SearchByFoodTypeAsync_WithExistingFoodType_ShouldReturnMatchingPlants","Messages":[],"ComputerName":"DESKTOP-QI8JBMK","Duration":"00:00:00.0050440","StartTime":"2024-02-25T09:46:28.2762573+00:00","EndTime":"2024-02-25T09:46:28.2813012+00:00","Properties":[{"Key":{"Id":"NUnit.Seed","Label":"Seed","Category":"","Description":"","Attributes":0,"ValueType":"System.String"},"Value":"2067662034"}]}],"TestRunStatistics":{"ExecutedTests":9,"Stats":{"Passed":9}},"ActiveTests":[{"Id":"78f3cf5f-d63f-7fdd-36d8-b3bd7504ca5f","FullyQualifiedName":"GardenConsoleAPI.IntegrationTests.NUnit.IntegrationTests.SearchByFoodTypeAsync_WithNonExistingFoodType_ShouldThrowKeyNotFoundException","DisplayName":"SearchByFoodTypeAsync_WithNonExistingFoodType_ShouldThrowKeyNotFoundException","ExecutorUri":"executor://NUnit3TestExecutor","Source":"C:\\Users\\Ivan\\Desktop\\Exam\\03\\03-Garden-Resources\\GardenConsoleAPI\\GardenConsoleAPI.IntegrationTests.NUnit\\bin\\Debug\\net6.0\\fine-code-coverage\\build-output\\GardenConsoleAPI.IntegrationTests.NUnit.dll","CodeFilePath":null,"LineNumber":0,"Properties":[{"Key":{"Id":"NUnit.Seed","Label":"Seed","Category":"","Description":"","Attributes":0,"ValueType":"System.String"},"Value":"378315713"}]}]}}
TpTrace Verbose: 0 : 8196, 14, 2024/02/25, 11:46:28.320, 9187640211638, vstest.console.dll, TestRunRequest:SendTestRunStatsChange: Starting.
TpTrace Verbose: 0 : 8196, 14, 2024/02/25, 11:46:28.320, 9187640213103, vstest.console.dll, InProgress is SearchByFoodTypeAsync_WithNonExistingFoodType_ShouldThrowKeyNotFoundException
TpTrace Verbose: 0 : 8196, 14, 2024/02/25, 11:46:28.320, 9187640214790, vstest.console.dll, MulticastDelegateUtilities.SafeInvoke: TestRun.RunStatsChanged: Invoking callbacks was skipped because there are no subscribers.
TpTrace Information: 0 : 8196, 14, 2024/02/25, 11:46:28.320, 9187640215062, vstest.console.dll, TestRunRequest:SendTestRunStatsChange: Completed.
TpTrace Verbose: 0 : 8196, 14, 2024/02/25, 11:46:28.320, 9187640215298, vstest.console.dll, MulticastDelegateUtilities.SafeInvoke: LengthPrefixCommunicationChannel: MessageReceived: Invoking callback 1/1 for Microsoft.VisualStudio.TestPlatform.CommunicationUtilities.TestRequestSender+<>c__DisplayClass34_0., took 17 ms.
TpTrace Verbose: 0 : 8196, 14, 2024/02/25, 11:46:28.320, 9187640215669, vstest.console.dll, TcpClientExtensions.MessageLoopAsync: Polling on remoteEndPoint: 127.0.0.1:1333 localEndPoint: 127.0.0.1:1332
TpTrace Verbose: 0 : 8196, 14, 2024/02/25, 11:46:28.320, 9187640216021, vstest.console.dll, TcpClientExtensions.MessageLoopAsync: NotifyDataAvailable remoteEndPoint: 127.0.0.1:1333 localEndPoint: 127.0.0.1:1332
TpTrace Verbose: 0 : 8196, 14, 2024/02/25, 11:46:28.320, 9187640216509, vstest.console.dll, TestRequestSender.OnExecutionMessageReceived: Received message: {"Version":5,"MessageType":"TestSession.Message","Payload":{"MessageLevel":1,"Message":"Validation Error: The field CatalogNumber must match the regular expression '^([0-9A-Z]{12})$'.\r\nValidation Error: The Name field is required.\r\nValidation Error: The PlantType field is required.\r\nValidation Error: The FoodType field is required.\r\n"}}
TpTrace Verbose: 0 : 8196, 14, 2024/02/25, 11:46:28.320, 9187640217165, vstest.console.dll, TestRunRequest:SendTestRunMessage: Starting.
TpTrace Verbose: 0 : 8196, 14, 2024/02/25, 11:46:28.320, 9187640217513, vstest.console.dll, MulticastDelegateUtilities.SafeInvoke: TestRun.LogMessages: Invoking callback 1/1 for Microsoft.VisualStudio.TestPlatform.CommandLine.TestRunResultAggregator., took 0 ms.
TpTrace Information: 0 : 8196, 14, 2024/02/25, 11:46:28.320, 9187640217749, vstest.console.dll, TestRunRequest:SendTestRunMessage: Completed.
TpTrace Verbose: 0 : 8196, 14, 2024/02/25, 11:46:28.320, 9187640217908, vstest.console.dll, MulticastDelegateUtilities.SafeInvoke: LengthPrefixCommunicationChannel: MessageReceived: Invoking callback 1/1 for Microsoft.VisualStudio.TestPlatform.CommunicationUtilities.TestRequestSender+<>c__DisplayClass34_0., took 0 ms.
TpTrace Verbose: 0 : 8196, 14, 2024/02/25, 11:46:28.320, 9187640218065, vstest.console.dll, TcpClientExtensions.MessageLoopAsync: Polling on remoteEndPoint: 127.0.0.1:1333 localEndPoint: 127.0.0.1:1332
TpTrace Verbose: 0 : 8196, 14, 2024/02/25, 11:46:28.320, 9187640218247, vstest.console.dll, TcpClientExtensions.MessageLoopAsync: NotifyDataAvailable remoteEndPoint: 127.0.0.1:1333 localEndPoint: 127.0.0.1:1332
TpTrace Verbose: 0 : 8196, 14, 2024/02/25, 11:46:28.320, 9187640218518, vstest.console.dll, TestRequestSender.OnExecutionMessageReceived: Received message: {"Version":5,"MessageType":"TestSession.Message","Payload":{"MessageLevel":0,"Message":"NUnit Adapter 4.2.0.0: Test execution complete"}}
TpTrace Verbose: 0 : 8196, 14, 2024/02/25, 11:46:28.320, 9187640218914, vstest.console.dll, TestRunRequest:SendTestRunMessage: Starting.
TpTrace Verbose: 0 : 8196, 14, 2024/02/25, 11:46:28.320, 9187640219182, vstest.console.dll, MulticastDelegateUtilities.SafeInvoke: TestRun.LogMessages: Invoking callback 1/1 for Microsoft.VisualStudio.TestPlatform.CommandLine.TestRunResultAggregator., took 0 ms.
TpTrace Information: 0 : 8196, 14, 2024/02/25, 11:46:28.320, 9187640219348, vstest.console.dll, TestRunRequest:SendTestRunMessage: Completed.
TpTrace Verbose: 0 : 8196, 14, 2024/02/25, 11:46:28.320, 9187640219576, vstest.console.dll, MulticastDelegateUtilities.SafeInvoke: LengthPrefixCommunicationChannel: MessageReceived: Invoking callback 1/1 for Microsoft.VisualStudio.TestPlatform.CommunicationUtilities.TestRequestSender+<>c__DisplayClass34_0., took 0 ms.
TpTrace Verbose: 0 : 8196, 14, 2024/02/25, 11:46:28.320, 9187640219785, vstest.console.dll, TcpClientExtensions.MessageLoopAsync: Polling on remoteEndPoint: 127.0.0.1:1333 localEndPoint: 127.0.0.1:1332
TpTrace Verbose: 0 : 8196, 4, 2024/02/25, 11:46:28.321, 9187640226493, vstest.console.dll, MulticastDelegateUtilities.SafeInvoke: InternalTestLoggerEvents.SendTestResult: Invoking callback 1/1 for Microsoft.VisualStudio.TestPlatform.CommandLine.Internal.ConsoleLogger., took 1 ms.
TpTrace Verbose: 0 : 8196, 4, 2024/02/25, 11:46:28.321, 9187640228249, vstest.console.dll, MulticastDelegateUtilities.SafeInvoke: InternalTestLoggerEvents.SendTestResult: Invoking callback 1/1 for Microsoft.VisualStudio.TestPlatform.CommandLine.Internal.ConsoleLogger., took 0 ms.
TpTrace Verbose: 0 : 8196, 4, 2024/02/25, 11:46:28.321, 9187640228736, vstest.console.dll, MulticastDelegateUtilities.SafeInvoke: InternalTestLoggerEvents.SendTestResult: Invoking callback 1/1 for Microsoft.VisualStudio.TestPlatform.CommandLine.Internal.ConsoleLogger., took 0 ms.
TpTrace Verbose: 0 : 8196, 4, 2024/02/25, 11:46:28.321, 9187640229048, vstest.console.dll, MulticastDelegateUtilities.SafeInvoke: InternalTestLoggerEvents.SendTestResult: Invoking callback 1/1 for Microsoft.VisualStudio.TestPlatform.CommandLine.Internal.ConsoleLogger., took 0 ms.
TpTrace Verbose: 0 : 8196, 4, 2024/02/25, 11:46:28.321, 9187640229369, vstest.console.dll, MulticastDelegateUtilities.SafeInvoke: InternalTestLoggerEvents.SendTestResult: Invoking callback 1/1 for Microsoft.VisualStudio.TestPlatform.CommandLine.Internal.ConsoleLogger., took 0 ms.
TpTrace Verbose: 0 : 8196, 4, 2024/02/25, 11:46:28.321, 9187640229624, vstest.console.dll, MulticastDelegateUtilities.SafeInvoke: InternalTestLoggerEvents.SendTestResult: Invoking callback 1/1 for Microsoft.VisualStudio.TestPlatform.CommandLine.Internal.ConsoleLogger., took 0 ms.
TpTrace Verbose: 0 : 8196, 4, 2024/02/25, 11:46:28.321, 9187640229894, vstest.console.dll, MulticastDelegateUtilities.SafeInvoke: InternalTestLoggerEvents.SendTestResult: Invoking callback 1/1 for Microsoft.VisualStudio.TestPlatform.CommandLine.Internal.ConsoleLogger., took 0 ms.
TpTrace Verbose: 0 : 8196, 4, 2024/02/25, 11:46:28.321, 9187640230163, vstest.console.dll, MulticastDelegateUtilities.SafeInvoke: InternalTestLoggerEvents.SendTestResult: Invoking callback 1/1 for Microsoft.VisualStudio.TestPlatform.CommandLine.Internal.ConsoleLogger., took 0 ms.
TpTrace Verbose: 0 : 8196, 4, 2024/02/25, 11:46:28.321, 9187640230428, vstest.console.dll, MulticastDelegateUtilities.SafeInvoke: InternalTestLoggerEvents.SendTestResult: Invoking callback 1/1 for Microsoft.VisualStudio.TestPlatform.CommandLine.Internal.ConsoleLogger., took 0 ms.
TpTrace Verbose: 0 : 8196, 4, 2024/02/25, 11:46:28.321, 9187640231091, vstest.console.dll, MulticastDelegateUtilities.SafeInvoke: InternalTestLoggerEvents.SendTestRunMessage: Invoking callback 1/1 for Microsoft.VisualStudio.TestPlatform.CommandLine.Internal.ConsoleLogger., took 0 ms.
TpTrace Verbose: 0 : 8196, 4, 2024/02/25, 11:46:28.322, 9187640231338, vstest.console.dll, MulticastDelegateUtilities.SafeInvoke: InternalTestLoggerEvents.SendTestRunMessage: Invoking callback 1/1 for Microsoft.VisualStudio.TestPlatform.CommandLine.Internal.ConsoleLogger., took 0 ms.
TpTrace Verbose: 0 : 8196, 14, 2024/02/25, 11:46:28.323, 9187640241981, vstest.console.dll, TcpClientExtensions.MessageLoopAsync: NotifyDataAvailable remoteEndPoint: 127.0.0.1:1333 localEndPoint: 127.0.0.1:1332
TpTrace Verbose: 0 : 8196, 14, 2024/02/25, 11:46:28.323, 9187640243543, vstest.console.dll, TestRequestSender.OnExecutionMessageReceived: Received message: {"Version":5,"MessageType":"TestExecution.Completed","Payload":{"TestRunCompleteArgs":{"TestRunStatistics":{"ExecutedTests":12,"Stats":{"Passed":12}},"IsCanceled":false,"IsAborted":false,"Error":null,"AttachmentSets":[],"ElapsedTimeInRunningTests":"00:00:00.7570620","Metrics":{}},"LastRunTests":{"NewTestResults":[{"TestCase":{"Id":"78f3cf5f-d63f-7fdd-36d8-b3bd7504ca5f","FullyQualifiedName":"GardenConsoleAPI.IntegrationTests.NUnit.IntegrationTests.SearchByFoodTypeAsync_WithNonExistingFoodType_ShouldThrowKeyNotFoundException","DisplayName":"SearchByFoodTypeAsync_WithNonExistingFoodType_ShouldThrowKeyNotFoundException","ExecutorUri":"executor://NUnit3TestExecutor","Source":"C:\\Users\\Ivan\\Desktop\\Exam\\03\\03-Garden-Resources\\GardenConsoleAPI\\GardenConsoleAPI.IntegrationTests.NUnit\\bin\\Debug\\net6.0\\fine-code-coverage\\build-output\\GardenConsoleAPI.IntegrationTests.NUnit.dll","CodeFilePath":null,"LineNumber":0,"Properties":[{"Key":{"Id":"NUnit.Seed","Label":"Seed","Category":"","Description":"","Attributes":0,"ValueType":"System.String"},"Value":"378315713"}]},"Attachments":[],"Outcome":1,"ErrorMessage":null,"ErrorStackTrace":null,"DisplayName":"SearchByFoodTypeAsync_WithNonExistingFoodType_ShouldThrowKeyNotFoundException","Messages":[],"ComputerName":"DESKTOP-QI8JBMK","Duration":"00:00:00.0009150","StartTime":"2024-02-25T09:46:28.2813201+00:00","EndTime":"2024-02-25T09:46:28.2822353+00:00","Properties":[{"Key":{"Id":"NUnit.Seed","Label":"Seed","Category":"","Description":"","Attributes":0,"ValueType":"System.String"},"Value":"378315713"}]},{"TestCase":{"Id":"1ff17324-d05d-7bd3-9b02-aeebee0e6b30","FullyQualifiedName":"GardenConsoleAPI.IntegrationTests.NUnit.IntegrationTests.UpdateAsync_WithInvalidPlant_ShouldThrowValidationException","DisplayName":"UpdateAsync_WithInvalidPlant_ShouldThrowValidationException","ExecutorUri":"executor://NUnit3TestExecutor","Source":"C:\\Users\\Ivan\\Desktop\\Exam\\03\\03-Garden-Resources\\GardenConsoleAPI\\GardenConsoleAPI.IntegrationTests.NUnit\\bin\\Debug\\net6.0\\fine-code-coverage\\build-output\\GardenConsoleAPI.IntegrationTests.NUnit.dll","CodeFilePath":null,"LineNumber":0,"Properties":[{"Key":{"Id":"NUnit.Seed","Label":"Seed","Category":"","Description":"","Attributes":0,"ValueType":"System.String"},"Value":"1468061602"}]},"Attachments":[],"Outcome":1,"ErrorMessage":null,"ErrorStackTrace":null,"DisplayName":"UpdateAsync_WithInvalidPlant_ShouldThrowValidationException","Messages":[{"Category":"StdOutMsgs","Text":"Validation Error: The field CatalogNumber must match the regular expression '^([0-9A-Z]{12})$'.\r\nValidation Error: The Name field is required.\r\nValidation Error: The PlantType field is required.\r\nValidation Error: The FoodType field is required.\r\n"}],"ComputerName":"DESKTOP-QI8JBMK","Duration":"00:00:00.0011170","StartTime":"2024-02-25T09:46:28.2822446+00:00","EndTime":"2024-02-25T09:46:28.2833611+00:00","Properties":[{"Key":{"Id":"NUnit.Seed","Label":"Seed","Category":"","Description":"","Attributes":0,"ValueType":"System.String"},"Value":"1468061602"}]},{"TestCase":{"Id":"cef5383d-ca85-c64d-0f67-3ea4c773b530","FullyQualifiedName":"GardenConsoleAPI.IntegrationTests.NUnit.IntegrationTests.UpdateAsync_WithValidPlant_ShouldUpdatePlant","DisplayName":"UpdateAsync_WithValidPlant_ShouldUpdatePlant","ExecutorUri":"executor://NUnit3TestExecutor","Source":"C:\\Users\\Ivan\\Desktop\\Exam\\03\\03-Garden-Resources\\GardenConsoleAPI\\GardenConsoleAPI.IntegrationTests.NUnit\\bin\\Debug\\net6.0\\fine-code-coverage\\build-output\\GardenConsoleAPI.IntegrationTests.NUnit.dll","CodeFilePath":null,"LineNumber":0,"Properties":[{"Key":{"Id":"NUnit.Seed","Label":"Seed","Category":"","Description":"","Attributes":0,"ValueType":"System.String"},"Value":"1216552967"}]},"Attachments":[],"Outcome":1,"ErrorMessage":null,"ErrorStackTrace":null,"DisplayName":"UpdateAsync_WithValidPlant_ShouldUpdatePlant","Messages":[],"ComputerName":"DESKTOP-QI8JBMK","Duration":"00:00:00.0025860","StartTime":"2024-02-25T09:46:28.2835597+00:00","EndTime":"2024-02-25T09:46:28.2861454+00:00","Properties":[{"Key":{"Id":"NUnit.Seed","Label":"Seed","Category":"","Description":"","Attributes":0,"ValueType":"System.String"},"Value":"1216552967"}]}],"TestRunStatistics":{"ExecutedTests":12,"Stats":{"Passed":12}},"ActiveTests":[]},"RunAttachments":[],"ExecutorUris":["executor://nunit3testexecutor/"]}}
TpTrace Verbose: 0 : 8196, 14, 2024/02/25, 11:46:28.323, 9187640244683, vstest.console.dll, TestRequestSender.EndSession: Sending end session.
TpTrace Verbose: 0 : 8196, 14, 2024/02/25, 11:46:28.323, 9187640245955, vstest.console.dll, ProxyOperationManager.Close: waiting for test host to exit for 100 ms
TpTrace Verbose: 0 : 8196, 13, 2024/02/25, 11:46:28.340, 9187640413156, vstest.console.dll, TestHostManagerCallbacks.ctor: Experimental forwarding output is disabled.
TpTrace Warning: 0 : 8196, 13, 2024/02/25, 11:46:28.340, 9187640414630, vstest.console.dll, TestHostManagerCallbacks.ErrorReceivedCallback Test host standard error line: 
TpTrace Verbose: 0 : 8196, 13, 2024/02/25, 11:46:28.345, 9187640469291, vstest.console.dll, TestHostProvider.ExitCallBack: Host exited starting callback.
TpTrace Information: 0 : 8196, 13, 2024/02/25, 11:46:28.345, 9187640470732, vstest.console.dll, TestHostManagerCallbacks.ExitCallBack: Testhost processId: 11348 exited with exitcode: 0 error: ''
TpTrace Verbose: 0 : 8196, 13, 2024/02/25, 11:46:28.345, 9187640471127, vstest.console.dll, DotnetTestHostManager.OnHostExited: invoking OnHostExited callback
TpTrace Verbose: 0 : 8196, 13, 2024/02/25, 11:46:28.346, 9187640471606, vstest.console.dll, CrossPlatEngine.TestHostManagerHostExited: calling on client process exit callback.
TpTrace Information: 0 : 8196, 13, 2024/02/25, 11:46:28.346, 9187640472064, vstest.console.dll, TestRequestSender.OnClientProcessExit: Test host process exited. Standard error: 
TpTrace Information: 0 : 8196, 13, 2024/02/25, 11:46:28.346, 9187640472379, vstest.console.dll, SocketServer.Stop: Stop server endPoint: 127.0.0.1:1332
TpTrace Information: 0 : 8196, 14, 2024/02/25, 11:46:28.346, 9187640472492, vstest.console.dll, SocketServer.Stop: Stop server endPoint: 127.0.0.1:1332
TpTrace Information: 0 : 8196, 13, 2024/02/25, 11:46:28.346, 9187640472570, vstest.console.dll, SocketServer.Stop: Cancellation requested. Stopping message loop.
TpTrace Information: 0 : 8196, 14, 2024/02/25, 11:46:28.346, 9187640473028, vstest.console.dll, SocketServer.Stop: Cancellation requested. Stopping message loop.
TpTrace Information: 0 : 8196, 14, 2024/02/25, 11:46:28.346, 9187640473882, vstest.console.dll, Closing the connection
TpTrace Verbose: 0 : 8196, 13, 2024/02/25, 11:46:28.346, 9187640474063, vstest.console.dll, MulticastDelegateUtilities.SafeInvoke: HostProviderEvents.OnHostExited: Invoking callback 1/1 for Microsoft.VisualStudio.TestPlatform.CrossPlatEngine.Client.ProxyOperationManager., took 0 ms.
TpTrace Verbose: 0 : 8196, 14, 2024/02/25, 11:46:28.346, 9187640475955, vstest.console.dll, ProxyDataCollectionManager.InvokeDataCollectionServiceAction: Starting.
TpTrace Information: 0 : 8196, 14, 2024/02/25, 11:46:28.346, 9187640476359, vstest.console.dll, ProxyDataCollectionManager.AfterTestRunEnd: Get attachment set and invoked data collectors processId: 11916 port: 1327
TpTrace Verbose: 0 : 8196, 14, 2024/02/25, 11:46:28.346, 9187640476750, vstest.console.dll, DataCollectionRequestSender.SendAfterTestRunStartAndGetResult: Send AfterTestRunEnd message with isCancelled: False
TpTrace Verbose: 0 : 8196, 14, 2024/02/25, 11:46:28.351, 9187640525642, vstest.console.dll, DataCollectionRequestSender.SendAfterTestRunStartAndGetResult: Received message: (DataCollection.AfterTestRunEndResult) -> {"MessageType":"DataCollection.AfterTestRunEndResult","Payload":{"AttachmentSets":[],"InvokedDataCollectors":[{"Uri":"datacollector://Microsoft/TestPlatform/Extensions/Blame/v1","FriendlyName":"Blame","AssemblyQualifiedName":"Microsoft.TestPlatform.Extensions.BlameDataCollector.BlameCollector, Microsoft.TestPlatform.Extensions.BlameDataCollector, Version=15.0.0.0, Culture=neutral, PublicKeyToken=b03f5f7f11d50a3a","FilePath":"C:\\Program Files\\dotnet\\sdk\\8.0.101\\Extensions\\Microsoft.TestPlatform.Extensions.BlameDataCollector.dll","HasAttachmentProcessor":false}],"Metrics":{}}}
TpTrace Information: 0 : 8196, 14, 2024/02/25, 11:46:28.354, 9187640560378, vstest.console.dll, ProxyDataCollectionManager.InvokeDataCollectionServiceAction: Completed.
TpTrace Warning: 0 : 8196, 11, 2024/02/25, 11:46:28.355, 9187640563523, vstest.console.dll, DataCollectionLauncher.ErrorReceivedCallback datacollector standard error line: 
TpTrace Information: 0 : 8196, 11, 2024/02/25, 11:46:28.359, 9187640605154, vstest.console.dll, DataCollectionLauncher.ExitCallBack: Data collector exited with exitcode: 0 error: ''
TpTrace Verbose: 0 : 8196, 14, 2024/02/25, 11:46:28.377, 9187640790448, vstest.console.dll, TestRunRequest:SendTestRunStatsChange: Starting.
TpTrace Verbose: 0 : 8196, 14, 2024/02/25, 11:46:28.378, 9187640791759, vstest.console.dll, MulticastDelegateUtilities.SafeInvoke: TestRun.RunStatsChanged: Invoking callbacks was skipped because there are no subscribers.
TpTrace Information: 0 : 8196, 14, 2024/02/25, 11:46:28.378, 9187640791999, vstest.console.dll, TestRunRequest:SendTestRunStatsChange: Completed.
TpTrace Verbose: 0 : 8196, 4, 2024/02/25, 11:46:28.378, 9187640792380, vstest.console.dll, MulticastDelegateUtilities.SafeInvoke: InternalTestLoggerEvents.SendTestResult: Invoking callback 1/1 for Microsoft.VisualStudio.TestPlatform.CommandLine.Internal.ConsoleLogger., took 0 ms.
TpTrace Verbose: 0 : 8196, 4, 2024/02/25, 11:46:28.378, 9187640793078, vstest.console.dll, MulticastDelegateUtilities.SafeInvoke: InternalTestLoggerEvents.SendTestResult: Invoking callback 1/1 for Microsoft.VisualStudio.TestPlatform.CommandLine.Internal.ConsoleLogger., took 0 ms.
TpTrace Verbose: 0 : 8196, 14, 2024/02/25, 11:46:28.378, 9187640793981, vstest.console.dll, ParallelProxyExecutionManager: HandlePartialRunComplete: Total workloads = 1, Total started clients = 1 Total completed clients = 1, Run complete = True, Run canceled: False.
TpTrace Verbose: 0 : 8196, 14, 2024/02/25, 11:46:28.378, 9187640794324, vstest.console.dll, ParallelProxyExecutionManager: HandlePartialRunComplete: All runs completed stopping all managers.
TpTrace Verbose: 0 : 8196, 14, 2024/02/25, 11:46:28.378, 9187640794549, vstest.console.dll, ParallelOperationManager.StopAllManagers: Stopping all managers.
TpTrace Verbose: 0 : 8196, 14, 2024/02/25, 11:46:28.378, 9187640794734, vstest.console.dll, ParallelOperationManager.ClearSlots: Clearing all slots. Slots should accept more work: False
TpTrace Verbose: 0 : 8196, 14, 2024/02/25, 11:46:28.378, 9187640794971, vstest.console.dll, ParallelOperationManager.SetOccupiedSlotCount: Setting slot counts AvailableSlotCount = 1, OccupiedSlotCount = 0.
TpTrace Verbose: 0 : 8196, 14, 2024/02/25, 11:46:28.378, 9187640795180, vstest.console.dll, Occupied slots:

TpTrace Verbose: 0 : 8196, 4, 2024/02/25, 11:46:28.378, 9187640801045, vstest.console.dll, MulticastDelegateUtilities.SafeInvoke: InternalTestLoggerEvents.SendTestResult: Invoking callback 1/1 for Microsoft.VisualStudio.TestPlatform.CommandLine.Internal.ConsoleLogger., took 0 ms.
TpTrace Verbose: 0 : 8196, 4, 2024/02/25, 11:46:28.384, 9187640855727, vstest.console.dll, MulticastDelegateUtilities.SafeInvoke: InternalTestLoggerEvents.SendTestRunComplete: Invoking callback 1/2 for Microsoft.TestPlatform.Extensions.BlameDataCollector.BlameLogger., took 0 ms.
TpTrace Verbose: 0 : 8196, 4, 2024/02/25, 11:46:28.387, 9187640889636, vstest.console.dll, MulticastDelegateUtilities.SafeInvoke: InternalTestLoggerEvents.SendTestRunComplete: Invoking callback 2/2 for Microsoft.VisualStudio.TestPlatform.CommandLine.Internal.ConsoleLogger., took 3 ms.
TpTrace Verbose: 0 : 8196, 14, 2024/02/25, 11:46:28.388, 9187640892092, vstest.console.dll, TestRunRequest:TestRunComplete: Starting. IsAborted:False IsCanceled:False.
TpTrace Verbose: 0 : 8196, 14, 2024/02/25, 11:46:28.388, 9187640893474, vstest.console.dll, ParallelOperationManager.DoActionOnAllManagers: Calling an action on all managers.
TpTrace Verbose: 0 : 8196, 14, 2024/02/25, 11:46:28.388, 9187640900702, vstest.console.dll, TestLoggerManager.HandleTestRunComplete: Ignoring as the object is disposed.
TpTrace Verbose: 0 : 8196, 14, 2024/02/25, 11:46:28.389, 9187640901852, vstest.console.dll, MulticastDelegateUtilities.SafeInvoke: TestRun.TestRunComplete: Invoking callback 1/2 for Microsoft.VisualStudio.TestPlatform.CommandLine.TestRunResultAggregator., took 0 ms.
TpTrace Verbose: 0 : 8196, 14, 2024/02/25, 11:46:28.389, 9187640902631, vstest.console.dll, MulticastDelegateUtilities.SafeInvoke: TestRun.TestRunComplete: Invoking callback 2/2 for Microsoft.VisualStudio.TestPlatform.CommandLine.Processors.RunTestsArgumentExecutor+TestRunRequestEventsRegistrar., took 0 ms.
TpTrace Information: 0 : 8196, 14, 2024/02/25, 11:46:28.389, 9187640903345, vstest.console.dll, TestRunRequest:TestRunComplete: Completed.
TpTrace Verbose: 0 : 8196, 1, 2024/02/25, 11:46:28.389, 9187640903540, vstest.console.dll, TestRunRequest.Dispose: Starting.
TpTrace Verbose: 0 : 8196, 14, 2024/02/25, 11:46:28.389, 9187640903614, vstest.console.dll, TestRequestSender.SetOperationComplete: Setting operation complete.
TpTrace Information: 0 : 8196, 1, 2024/02/25, 11:46:28.389, 9187640904101, vstest.console.dll, TestRunRequest.Dispose: Completed.
TpTrace Information: 0 : 8196, 14, 2024/02/25, 11:46:28.389, 9187640904503, vstest.console.dll, SocketServer.Stop: Stop server endPoint: 127.0.0.1:1332
TpTrace Information: 0 : 8196, 1, 2024/02/25, 11:46:28.389, 9187640904897, vstest.console.dll, TestRequestManager.RunTests: run tests completed.
TpTrace Information: 0 : 8196, 14, 2024/02/25, 11:46:28.389, 9187640905061, vstest.console.dll, SocketServer.Stop: Cancellation requested. Stopping message loop.
TpTrace Verbose: 0 : 8196, 14, 2024/02/25, 11:46:28.389, 9187640905643, vstest.console.dll, MulticastDelegateUtilities.SafeInvoke: LengthPrefixCommunicationChannel: MessageReceived: Invoking callback 1/1 for Microsoft.VisualStudio.TestPlatform.CommunicationUtilities.TestRequestSender+<>c__DisplayClass34_0., took 66 ms.
TpTrace Information: 0 : 8196, 1, 2024/02/25, 11:46:28.389, 9187640905725, vstest.console.dll, RunTestsArgumentProcessor:Execute: Test run is completed.
TpTrace Information: 0 : 8196, 14, 2024/02/25, 11:46:28.389, 9187640905926, vstest.console.dll, SocketServer.PrivateStop: Stopping server endPoint: 127.0.0.1:1332 error: 
TpTrace Verbose: 0 : 8196, 1, 2024/02/25, 11:46:28.389, 9187640907262, vstest.console.dll, Executor.Execute: Exiting with exit code of 0
TpTrace Verbose: 0 : 8196, 14, 2024/02/25, 11:46:28.389, 9187640909620, vstest.console.dll, LengthPrefixCommunicationChannel.Dispose: Dispose reader and writer.
TpTrace Information: 0 : 8196, 14, 2024/02/25, 11:46:28.389, 9187640910305, vstest.console.dll, SocketServer.Stop: Raise disconnected event endPoint: 127.0.0.1:1332 error: 
