TpTrace Verbose: 0 : 24592, 1, 2024/04/16, 18:59:03.365, 4212699384913, vstest.console.dll, Version: 17.8.0-release-23578-02 Current process architecture: X64
TpTrace Verbose: 0 : 24592, 1, 2024/04/16, 18:59:03.368, 4212699405680, vstest.console.dll, Runtime location: C:\Program Files\dotnet\shared\Microsoft.NETCore.App\8.0.1
TpTrace Verbose: 0 : 24592, 1, 2024/04/16, 18:59:03.369, 4212699419253, vstest.console.dll, ArtifactProcessingPostProcessModeProcessorExecutor.Initialize: ArtifactProcessingMode.Collect
TpTrace Verbose: 0 : 24592, 1, 2024/04/16, 18:59:03.369, 4212699420017, vstest.console.dll, TestSessionCorrelationIdProcessorModeProcessorExecutor.Initialize: TestSessionCorrelationId '21508_ebe96f57-b390-4ee7-828b-74dd9b7c29eb'
TpTrace Information: 0 : 24592, 1, 2024/04/16, 18:59:03.376, 4212699489619, vstest.console.dll, FilePatternParser: The given file C:\Users\Ivan\Desktop\Exam Prep 1\IdeaAPItest\IdeaAPItest\bin\Debug\net6.0\fine-code-coverage\build-output\IdeaAPItest.dll is a full path.
TpTrace Verbose: 0 : 24592, 1, 2024/04/16, 18:59:03.380, 4212699525494, vstest.console.dll, TestPluginCache.DiscoverTestExtensions: finding test extensions in assemblies ends with: RuntimeProvider.dll TPluginInfo: Microsoft.VisualStudio.TestPlatform.Common.ExtensionFramework.Utilities.TestRuntimePluginInformation TExtension: Microsoft.VisualStudio.TestPlatform.ObjectModel.Host.ITestRuntimeProvider
TpTrace Verbose: 0 : 24592, 1, 2024/04/16, 18:59:03.380, 4212699528912, vstest.console.dll, TestPluginCache.GetExtensionPaths: Filtered extension paths: 
TpTrace Verbose: 0 : 24592, 1, 2024/04/16, 18:59:03.380, 4212699529596, vstest.console.dll, TestPluginCache.GetExtensionPaths: Added default extension paths: C:\Program Files\dotnet\sdk\8.0.101\Extensions\Microsoft.Diagnostics.NETCore.Client.dll
C:\Program Files\dotnet\sdk\8.0.101\Extensions\Microsoft.TestPlatform.Extensions.BlameDataCollector.dll
C:\Program Files\dotnet\sdk\8.0.101\Extensions\Microsoft.TestPlatform.Extensions.EventLogCollector.dll
C:\Program Files\dotnet\sdk\8.0.101\Extensions\Microsoft.TestPlatform.TestHostRuntimeProvider.dll
C:\Program Files\dotnet\sdk\8.0.101\Extensions\Microsoft.VisualStudio.TestPlatform.Extensions.Html.TestLogger.dll
C:\Program Files\dotnet\sdk\8.0.101\Extensions\Microsoft.VisualStudio.TestPlatform.Extensions.Trx.TestLogger.dll
TpTrace Verbose: 0 : 24592, 1, 2024/04/16, 18:59:03.380, 4212699529879, vstest.console.dll, TestPluginCache.GetExtensionPaths: Added unfilterableExtensionPaths: 
TpTrace Information: 0 : 24592, 1, 2024/04/16, 18:59:03.381, 4212699535097, vstest.console.dll, AssemblyResolver.ctor: Creating AssemblyResolver with searchDirectories C:\Program Files\dotnet\sdk\8.0.101\Extensions,C:\Program Files\dotnet\sdk\8.0.101
TpTrace Verbose: 0 : 24592, 1, 2024/04/16, 18:59:03.382, 4212699546884, vstest.console.dll, TestPluginCache.DiscoverTestExtensions: Discovering the extensions using extension path.
TpTrace Verbose: 0 : 24592, 1, 2024/04/16, 18:59:03.382, 4212699547941, vstest.console.dll, TestPluginCache.GetExtensionPaths: Filtered extension paths: 
TpTrace Verbose: 0 : 24592, 1, 2024/04/16, 18:59:03.382, 4212699548434, vstest.console.dll, TestPluginCache.GetExtensionPaths: Added default extension paths: C:\Program Files\dotnet\sdk\8.0.101\Extensions\Microsoft.Diagnostics.NETCore.Client.dll
C:\Program Files\dotnet\sdk\8.0.101\Extensions\Microsoft.TestPlatform.Extensions.BlameDataCollector.dll
C:\Program Files\dotnet\sdk\8.0.101\Extensions\Microsoft.TestPlatform.Extensions.EventLogCollector.dll
C:\Program Files\dotnet\sdk\8.0.101\Extensions\Microsoft.TestPlatform.TestHostRuntimeProvider.dll
C:\Program Files\dotnet\sdk\8.0.101\Extensions\Microsoft.VisualStudio.TestPlatform.Extensions.Html.TestLogger.dll
C:\Program Files\dotnet\sdk\8.0.101\Extensions\Microsoft.VisualStudio.TestPlatform.Extensions.Trx.TestLogger.dll
TpTrace Verbose: 0 : 24592, 1, 2024/04/16, 18:59:03.382, 4212699548651, vstest.console.dll, TestPluginCache.GetExtensionPaths: Added unfilterableExtensionPaths: 
TpTrace Verbose: 0 : 24592, 1, 2024/04/16, 18:59:03.382, 4212699549345, vstest.console.dll, TestPluginCache.DiscoverTestExtensions: Discovering the extensions using allExtensionPaths: C:\Program Files\dotnet\sdk\8.0.101\Extensions\Microsoft.Diagnostics.NETCore.Client.dll
C:\Program Files\dotnet\sdk\8.0.101\Extensions\Microsoft.TestPlatform.Extensions.BlameDataCollector.dll
C:\Program Files\dotnet\sdk\8.0.101\Extensions\Microsoft.TestPlatform.Extensions.EventLogCollector.dll
C:\Program Files\dotnet\sdk\8.0.101\Extensions\Microsoft.TestPlatform.TestHostRuntimeProvider.dll
C:\Program Files\dotnet\sdk\8.0.101\Extensions\Microsoft.VisualStudio.TestPlatform.Extensions.Html.TestLogger.dll
C:\Program Files\dotnet\sdk\8.0.101\Extensions\Microsoft.VisualStudio.TestPlatform.Extensions.Trx.TestLogger.dll
TpTrace Information: 0 : 24592, 1, 2024/04/16, 18:59:03.382, 4212699550872, vstest.console.dll, AssemblyResolver.AddSearchDirectories: Adding more searchDirectories C:\Program Files\dotnet\sdk\8.0.101\Extensions,C:\Program Files\dotnet\sdk\8.0.101
TpTrace Information: 0 : 24592, 1, 2024/04/16, 18:59:03.382, 4212699551388, vstest.console.dll, AssemblyResolver.AddSearchDirectories: Adding more searchDirectories C:\Program Files\dotnet\sdk\8.0.101\Extensions,C:\Program Files\dotnet\sdk\8.0.101
TpTrace Information: 0 : 24592, 1, 2024/04/16, 18:59:03.382, 4212699551823, vstest.console.dll, AssemblyResolver.AddSearchDirectories: Adding more searchDirectories C:\Program Files\dotnet\sdk\8.0.101\Extensions,C:\Program Files\dotnet\sdk\8.0.101
TpTrace Information: 0 : 24592, 1, 2024/04/16, 18:59:03.382, 4212699552177, vstest.console.dll, AssemblyResolver.AddSearchDirectories: Adding more searchDirectories C:\Program Files\dotnet\sdk\8.0.101\Extensions,C:\Program Files\dotnet\sdk\8.0.101
TpTrace Information: 0 : 24592, 1, 2024/04/16, 18:59:03.382, 4212699552531, vstest.console.dll, AssemblyResolver.AddSearchDirectories: Adding more searchDirectories C:\Program Files\dotnet\sdk\8.0.101\Extensions,C:\Program Files\dotnet\sdk\8.0.101
TpTrace Information: 0 : 24592, 1, 2024/04/16, 18:59:03.382, 4212699552932, vstest.console.dll, AssemblyResolver.AddSearchDirectories: Adding more searchDirectories C:\Program Files\dotnet\sdk\8.0.101\Extensions,C:\Program Files\dotnet\sdk\8.0.101
TpTrace Information: 0 : 24592, 1, 2024/04/16, 18:59:03.383, 4212699557910, vstest.console.dll, AssemblyResolver.OnResolve: Microsoft.Diagnostics.NETCore.Client: Resolving assembly.
TpTrace Information: 0 : 24592, 1, 2024/04/16, 18:59:03.383, 4212699558830, vstest.console.dll, AssemblyResolver.OnResolve: Microsoft.Diagnostics.NETCore.Client: Searching in: 'C:\Program Files\dotnet\sdk\8.0.101\Extensions'.
TpTrace Information: 0 : 24592, 1, 2024/04/16, 18:59:03.389, 4212699617581, vstest.console.dll, AssemblyResolver.OnResolve: Microsoft.Diagnostics.NETCore.Client: Loading assembly 'C:\Program Files\dotnet\sdk\8.0.101\Extensions\Microsoft.Diagnostics.NETCore.Client.dll'.
TpTrace Information: 0 : 24592, 1, 2024/04/16, 18:59:03.389, 4212699621771, vstest.console.dll, AssemblyResolver.OnResolve: Resolved assembly: Microsoft.Diagnostics.NETCore.Client, from path: C:\Program Files\dotnet\sdk\8.0.101\Extensions\Microsoft.Diagnostics.NETCore.Client.dll
TpTrace Verbose: 0 : 24592, 1, 2024/04/16, 18:59:03.393, 4212699662128, vstest.console.dll, MetadataReaderExtensionsHelper: Discovering extensions inside assembly 'Microsoft.Diagnostics.NETCore.Client, Version=0.2.8.21101, Culture=neutral, PublicKeyToken=31bf3856ad364e35' file path 'C:\Program Files\dotnet\sdk\8.0.101\Extensions\Microsoft.Diagnostics.NETCore.Client.dll'
TpTrace Information: 0 : 24592, 1, 2024/04/16, 18:59:03.396, 4212699692600, vstest.console.dll, AssemblyResolver.OnResolve: Microsoft.Bcl.AsyncInterfaces: Resolving assembly.
TpTrace Information: 0 : 24592, 1, 2024/04/16, 18:59:03.396, 4212699693534, vstest.console.dll, AssemblyResolver.OnResolve: Microsoft.Bcl.AsyncInterfaces: Searching in: 'C:\Program Files\dotnet\sdk\8.0.101\Extensions'.
TpTrace Information: 0 : 24592, 1, 2024/04/16, 18:59:03.396, 4212699694258, vstest.console.dll, AssemblyResolver.OnResolve: Microsoft.Bcl.AsyncInterfaces: Assembly path does not exist: 'C:\Program Files\dotnet\sdk\8.0.101\Extensions\Microsoft.Bcl.AsyncInterfaces.dll', returning.
TpTrace Information: 0 : 24592, 1, 2024/04/16, 18:59:03.397, 4212699695267, vstest.console.dll, AssemblyResolver.OnResolve: Microsoft.Bcl.AsyncInterfaces: Assembly path does not exist: 'C:\Program Files\dotnet\sdk\8.0.101\Extensions\Microsoft.Bcl.AsyncInterfaces.exe', returning.
TpTrace Information: 0 : 24592, 1, 2024/04/16, 18:59:03.397, 4212699695682, vstest.console.dll, AssemblyResolver.OnResolve: Microsoft.Bcl.AsyncInterfaces: Searching in: 'C:\Program Files\dotnet\sdk\8.0.101'.
TpTrace Information: 0 : 24592, 1, 2024/04/16, 18:59:03.397, 4212699696215, vstest.console.dll, AssemblyResolver.OnResolve: Microsoft.Bcl.AsyncInterfaces: Assembly path does not exist: 'C:\Program Files\dotnet\sdk\8.0.101\Microsoft.Bcl.AsyncInterfaces.dll', returning.
TpTrace Information: 0 : 24592, 1, 2024/04/16, 18:59:03.397, 4212699696593, vstest.console.dll, AssemblyResolver.OnResolve: Microsoft.Bcl.AsyncInterfaces: Assembly path does not exist: 'C:\Program Files\dotnet\sdk\8.0.101\Microsoft.Bcl.AsyncInterfaces.exe', returning.
TpTrace Information: 0 : 24592, 1, 2024/04/16, 18:59:03.397, 4212699696940, vstest.console.dll, AssemblyResolver.OnResolve: Microsoft.Bcl.AsyncInterfaces: Failed to load assembly.
TpTrace Verbose: 0 : 24592, 1, 2024/04/16, 18:59:03.397, 4212699697380, vstest.console.dll, CurrentDomainAssemblyResolve: Resolving assembly 'Microsoft.Bcl.AsyncInterfaces'.
TpTrace Information: 0 : 24592, 1, 2024/04/16, 18:59:03.397, 4212699697792, vstest.console.dll, AssemblyResolver.OnResolve: Microsoft.Bcl.AsyncInterfaces: Resolving assembly.
TpTrace Information: 0 : 24592, 1, 2024/04/16, 18:59:03.397, 4212699698215, vstest.console.dll, AssemblyResolver.OnResolve: Microsoft.Bcl.AsyncInterfaces: Resolved from cache.
TpTrace Verbose: 0 : 24592, 1, 2024/04/16, 18:59:03.397, 4212699698525, vstest.console.dll, CurrentDomainAssemblyResolve: Resolving assembly 'Microsoft.Bcl.AsyncInterfaces'.
TpTrace Verbose: 0 : 24592, 1, 2024/04/16, 18:59:03.397, 4212699698779, vstest.console.dll, CurrentDomainAssemblyResolve: Failed to resolve assembly 'Microsoft.Bcl.AsyncInterfaces'.
TpTrace Verbose: 0 : 24592, 1, 2024/04/16, 18:59:03.397, 4212699704938, vstest.console.dll, CurrentDomainAssemblyResolve: Failed to resolve assembly 'Microsoft.Bcl.AsyncInterfaces'.
TpTrace Warning: 0 : 24592, 1, 2024/04/16, 18:59:03.406, 4212699786997, vstest.console.dll, TestPluginDiscoverer: Failed to get types from assembly 'Microsoft.Diagnostics.NETCore.Client, Version=0.2.8.21101, Culture=neutral, PublicKeyToken=31bf3856ad364e35'. Error: System.Reflection.ReflectionTypeLoadException: Unable to load one or more of the requested types.
Could not load file or assembly 'Microsoft.Bcl.AsyncInterfaces, Version=1.0.0.0, Culture=neutral, PublicKeyToken=cc7b13ffcd2ddd51'. The system cannot find the file specified.
   at System.Reflection.RuntimeModule.GetTypes(RuntimeModule module)
   at System.Reflection.RuntimeModule.GetTypes()
   at Microsoft.VisualStudio.TestPlatform.Common.ExtensionFramework.TestPluginDiscoverer.GetTestExtensionsFromAssembly[TPluginInfo,TExtension](Assembly assembly, Dictionary`2 pluginInfos, String filePath) in /_/src/Microsoft.TestPlatform.Common/ExtensionFramework/TestPluginDiscoverer.cs:line 158
System.IO.FileNotFoundException: Could not load file or assembly 'Microsoft.Bcl.AsyncInterfaces, Version=1.0.0.0, Culture=neutral, PublicKeyToken=cc7b13ffcd2ddd51'. The system cannot find the file specified.
File name: 'Microsoft.Bcl.AsyncInterfaces, Version=1.0.0.0, Culture=neutral, PublicKeyToken=cc7b13ffcd2ddd51'
 ---> System.IO.FileNotFoundException: Could not load file or assembly 'Microsoft.Bcl.AsyncInterfaces, Culture=neutral, PublicKeyToken=null'. The system cannot find the file specified.
File name: 'Microsoft.Bcl.AsyncInterfaces, Culture=neutral, PublicKeyToken=null'
   at System.Reflection.RuntimeAssembly.InternalLoad(AssemblyName assemblyName, StackCrawlMark& stackMark, AssemblyLoadContext assemblyLoadContext, RuntimeAssembly requestingAssembly, Boolean throwOnFileNotFound)
   at System.Reflection.Assembly.Load(AssemblyName assemblyRef)
   at Microsoft.VisualStudio.TestPlatform.Common.ExtensionFramework.TestPluginCache.CurrentDomainAssemblyResolve(Object sender, AssemblyResolveEventArgs args) in /_/src/Microsoft.TestPlatform.Common/ExtensionFramework/TestPluginCache.cs:line 513
   at System.Runtime.Loader.AssemblyLoadContext.GetFirstResolvedAssemblyFromResolvingEvent(AssemblyName assemblyName)
   at System.Runtime.Loader.AssemblyLoadContext.ResolveUsingEvent(AssemblyName assemblyName)
   at System.Runtime.Loader.AssemblyLoadContext.ResolveUsingResolvingEvent(IntPtr gchManagedAssemblyLoadContext, AssemblyName assemblyName)
TpTrace Warning: 0 : 24592, 1, 2024/04/16, 18:59:03.406, 4212699790863, vstest.console.dll, LoaderExceptions: System.IO.FileNotFoundException: Could not load file or assembly 'Microsoft.Bcl.AsyncInterfaces, Version=1.0.0.0, Culture=neutral, PublicKeyToken=cc7b13ffcd2ddd51'. The system cannot find the file specified.
File name: 'Microsoft.Bcl.AsyncInterfaces, Version=1.0.0.0, Culture=neutral, PublicKeyToken=cc7b13ffcd2ddd51'
 ---> System.IO.FileNotFoundException: Could not load file or assembly 'Microsoft.Bcl.AsyncInterfaces, Culture=neutral, PublicKeyToken=null'. The system cannot find the file specified.
File name: 'Microsoft.Bcl.AsyncInterfaces, Culture=neutral, PublicKeyToken=null'
   at System.Reflection.RuntimeAssembly.InternalLoad(AssemblyName assemblyName, StackCrawlMark& stackMark, AssemblyLoadContext assemblyLoadContext, RuntimeAssembly requestingAssembly, Boolean throwOnFileNotFound)
   at System.Reflection.Assembly.Load(AssemblyName assemblyRef)
   at Microsoft.VisualStudio.TestPlatform.Common.ExtensionFramework.TestPluginCache.CurrentDomainAssemblyResolve(Object sender, AssemblyResolveEventArgs args) in /_/src/Microsoft.TestPlatform.Common/ExtensionFramework/TestPluginCache.cs:line 513
   at System.Runtime.Loader.AssemblyLoadContext.GetFirstResolvedAssemblyFromResolvingEvent(AssemblyName assemblyName)
   at System.Runtime.Loader.AssemblyLoadContext.ResolveUsingEvent(AssemblyName assemblyName)
   at System.Runtime.Loader.AssemblyLoadContext.ResolveUsingResolvingEvent(IntPtr gchManagedAssemblyLoadContext, AssemblyName assemblyName)
TpTrace Information: 0 : 24592, 1, 2024/04/16, 18:59:03.406, 4212699792178, vstest.console.dll, AssemblyResolver.OnResolve: Microsoft.TestPlatform.Extensions.BlameDataCollector: Resolving assembly.
TpTrace Information: 0 : 24592, 1, 2024/04/16, 18:59:03.406, 4212699792681, vstest.console.dll, AssemblyResolver.OnResolve: Microsoft.TestPlatform.Extensions.BlameDataCollector: Searching in: 'C:\Program Files\dotnet\sdk\8.0.101\Extensions'.
TpTrace Information: 0 : 24592, 1, 2024/04/16, 18:59:03.407, 4212699795212, vstest.console.dll, AssemblyResolver.OnResolve: Microsoft.TestPlatform.Extensions.BlameDataCollector: Loading assembly 'C:\Program Files\dotnet\sdk\8.0.101\Extensions\Microsoft.TestPlatform.Extensions.BlameDataCollector.dll'.
TpTrace Information: 0 : 24592, 1, 2024/04/16, 18:59:03.407, 4212699798404, vstest.console.dll, AssemblyResolver.OnResolve: Resolved assembly: Microsoft.TestPlatform.Extensions.BlameDataCollector, from path: C:\Program Files\dotnet\sdk\8.0.101\Extensions\Microsoft.TestPlatform.Extensions.BlameDataCollector.dll
TpTrace Verbose: 0 : 24592, 1, 2024/04/16, 18:59:03.407, 4212699799149, vstest.console.dll, MetadataReaderExtensionsHelper: Discovering extensions inside assembly 'Microsoft.TestPlatform.Extensions.BlameDataCollector, Version=15.0.0.0, Culture=neutral, PublicKeyToken=b03f5f7f11d50a3a' file path 'C:\Program Files\dotnet\sdk\8.0.101\Extensions\Microsoft.TestPlatform.Extensions.BlameDataCollector.dll'
TpTrace Information: 0 : 24592, 1, 2024/04/16, 18:59:03.408, 4212699809299, vstest.console.dll, AssemblyResolver.OnResolve: Microsoft.TestPlatform.Extensions.EventLogCollector: Resolving assembly.
TpTrace Information: 0 : 24592, 1, 2024/04/16, 18:59:03.408, 4212699809803, vstest.console.dll, AssemblyResolver.OnResolve: Microsoft.TestPlatform.Extensions.EventLogCollector: Searching in: 'C:\Program Files\dotnet\sdk\8.0.101\Extensions'.
TpTrace Information: 0 : 24592, 1, 2024/04/16, 18:59:03.408, 4212699812262, vstest.console.dll, AssemblyResolver.OnResolve: Microsoft.TestPlatform.Extensions.EventLogCollector: Loading assembly 'C:\Program Files\dotnet\sdk\8.0.101\Extensions\Microsoft.TestPlatform.Extensions.EventLogCollector.dll'.
TpTrace Information: 0 : 24592, 1, 2024/04/16, 18:59:03.409, 4212699815137, vstest.console.dll, AssemblyResolver.OnResolve: Resolved assembly: Microsoft.TestPlatform.Extensions.EventLogCollector, from path: C:\Program Files\dotnet\sdk\8.0.101\Extensions\Microsoft.TestPlatform.Extensions.EventLogCollector.dll
TpTrace Verbose: 0 : 24592, 1, 2024/04/16, 18:59:03.409, 4212699815764, vstest.console.dll, MetadataReaderExtensionsHelper: Discovering extensions inside assembly 'Microsoft.TestPlatform.Extensions.EventLogCollector, Version=15.0.0.0, Culture=neutral, PublicKeyToken=b03f5f7f11d50a3a' file path 'C:\Program Files\dotnet\sdk\8.0.101\Extensions\Microsoft.TestPlatform.Extensions.EventLogCollector.dll'
TpTrace Information: 0 : 24592, 1, 2024/04/16, 18:59:03.410, 4212699828560, vstest.console.dll, AssemblyResolver.OnResolve: Microsoft.TestPlatform.TestHostRuntimeProvider: Resolving assembly.
TpTrace Information: 0 : 24592, 1, 2024/04/16, 18:59:03.410, 4212699829133, vstest.console.dll, AssemblyResolver.OnResolve: Microsoft.TestPlatform.TestHostRuntimeProvider: Searching in: 'C:\Program Files\dotnet\sdk\8.0.101\Extensions'.
TpTrace Information: 0 : 24592, 1, 2024/04/16, 18:59:03.410, 4212699831136, vstest.console.dll, AssemblyResolver.OnResolve: Microsoft.TestPlatform.TestHostRuntimeProvider: Loading assembly 'C:\Program Files\dotnet\sdk\8.0.101\Extensions\Microsoft.TestPlatform.TestHostRuntimeProvider.dll'.
TpTrace Information: 0 : 24592, 1, 2024/04/16, 18:59:03.410, 4212699833795, vstest.console.dll, AssemblyResolver.OnResolve: Resolved assembly: Microsoft.TestPlatform.TestHostRuntimeProvider, from path: C:\Program Files\dotnet\sdk\8.0.101\Extensions\Microsoft.TestPlatform.TestHostRuntimeProvider.dll
TpTrace Verbose: 0 : 24592, 1, 2024/04/16, 18:59:03.410, 4212699834426, vstest.console.dll, MetadataReaderExtensionsHelper: Discovering extensions inside assembly 'Microsoft.TestPlatform.TestHostRuntimeProvider, Version=15.0.0.0, Culture=neutral, PublicKeyToken=b03f5f7f11d50a3a' file path 'C:\Program Files\dotnet\sdk\8.0.101\Extensions\Microsoft.TestPlatform.TestHostRuntimeProvider.dll'
TpTrace Information: 0 : 24592, 1, 2024/04/16, 18:59:03.412, 4212699847384, vstest.console.dll, GetTestExtensionFromType: Register extension with identifier data 'HostProvider://DefaultTestHost' and type 'Microsoft.VisualStudio.TestPlatform.CrossPlatEngine.Hosting.DefaultTestHostManager, Microsoft.TestPlatform.TestHostRuntimeProvider, Version=15.0.0.0, Culture=neutral, PublicKeyToken=b03f5f7f11d50a3a' inside file 'C:\Program Files\dotnet\sdk\8.0.101\Extensions\Microsoft.TestPlatform.TestHostRuntimeProvider.dll'
TpTrace Information: 0 : 24592, 1, 2024/04/16, 18:59:03.412, 4212699849493, vstest.console.dll, GetTestExtensionFromType: Register extension with identifier data 'HostProvider://DotnetTestHost' and type 'Microsoft.VisualStudio.TestPlatform.CrossPlatEngine.Hosting.DotnetTestHostManager, Microsoft.TestPlatform.TestHostRuntimeProvider, Version=15.0.0.0, Culture=neutral, PublicKeyToken=b03f5f7f11d50a3a' inside file 'C:\Program Files\dotnet\sdk\8.0.101\Extensions\Microsoft.TestPlatform.TestHostRuntimeProvider.dll'
TpTrace Information: 0 : 24592, 1, 2024/04/16, 18:59:03.412, 4212699850211, vstest.console.dll, AssemblyResolver.OnResolve: Microsoft.VisualStudio.TestPlatform.Extensions.Html.TestLogger: Resolving assembly.
TpTrace Information: 0 : 24592, 1, 2024/04/16, 18:59:03.412, 4212699850745, vstest.console.dll, AssemblyResolver.OnResolve: Microsoft.VisualStudio.TestPlatform.Extensions.Html.TestLogger: Searching in: 'C:\Program Files\dotnet\sdk\8.0.101\Extensions'.
TpTrace Information: 0 : 24592, 1, 2024/04/16, 18:59:03.412, 4212699853182, vstest.console.dll, AssemblyResolver.OnResolve: Microsoft.VisualStudio.TestPlatform.Extensions.Html.TestLogger: Loading assembly 'C:\Program Files\dotnet\sdk\8.0.101\Extensions\Microsoft.VisualStudio.TestPlatform.Extensions.Html.TestLogger.dll'.
TpTrace Information: 0 : 24592, 1, 2024/04/16, 18:59:03.413, 4212699856292, vstest.console.dll, AssemblyResolver.OnResolve: Resolved assembly: Microsoft.VisualStudio.TestPlatform.Extensions.Html.TestLogger, from path: C:\Program Files\dotnet\sdk\8.0.101\Extensions\Microsoft.VisualStudio.TestPlatform.Extensions.Html.TestLogger.dll
TpTrace Verbose: 0 : 24592, 1, 2024/04/16, 18:59:03.413, 4212699856947, vstest.console.dll, MetadataReaderExtensionsHelper: Discovering extensions inside assembly 'Microsoft.VisualStudio.TestPlatform.Extensions.Html.TestLogger, Version=15.0.0.0, Culture=neutral, PublicKeyToken=b03f5f7f11d50a3a' file path 'C:\Program Files\dotnet\sdk\8.0.101\Extensions\Microsoft.VisualStudio.TestPlatform.Extensions.Html.TestLogger.dll'
TpTrace Information: 0 : 24592, 1, 2024/04/16, 18:59:03.413, 4212699861937, vstest.console.dll, AssemblyResolver.OnResolve: Microsoft.VisualStudio.TestPlatform.Extensions.Trx.TestLogger: Resolving assembly.
TpTrace Information: 0 : 24592, 1, 2024/04/16, 18:59:03.413, 4212699862516, vstest.console.dll, AssemblyResolver.OnResolve: Microsoft.VisualStudio.TestPlatform.Extensions.Trx.TestLogger: Searching in: 'C:\Program Files\dotnet\sdk\8.0.101\Extensions'.
TpTrace Information: 0 : 24592, 1, 2024/04/16, 18:59:03.413, 4212699864316, vstest.console.dll, AssemblyResolver.OnResolve: Microsoft.VisualStudio.TestPlatform.Extensions.Trx.TestLogger: Loading assembly 'C:\Program Files\dotnet\sdk\8.0.101\Extensions\Microsoft.VisualStudio.TestPlatform.Extensions.Trx.TestLogger.dll'.
TpTrace Information: 0 : 24592, 1, 2024/04/16, 18:59:03.414, 4212699868067, vstest.console.dll, AssemblyResolver.OnResolve: Resolved assembly: Microsoft.VisualStudio.TestPlatform.Extensions.Trx.TestLogger, from path: C:\Program Files\dotnet\sdk\8.0.101\Extensions\Microsoft.VisualStudio.TestPlatform.Extensions.Trx.TestLogger.dll
TpTrace Verbose: 0 : 24592, 1, 2024/04/16, 18:59:03.414, 4212699868606, vstest.console.dll, MetadataReaderExtensionsHelper: Discovering extensions inside assembly 'Microsoft.VisualStudio.TestPlatform.Extensions.Trx.TestLogger, Version=15.0.0.0, Culture=neutral, PublicKeyToken=b03f5f7f11d50a3a' file path 'C:\Program Files\dotnet\sdk\8.0.101\Extensions\Microsoft.VisualStudio.TestPlatform.Extensions.Trx.TestLogger.dll'
TpTrace Verbose: 0 : 24592, 1, 2024/04/16, 18:59:03.415, 4212699876149, vstest.console.dll, TestPluginCache: Discovered the extensions using extension path ''.
TpTrace Verbose: 0 : 24592, 1, 2024/04/16, 18:59:03.415, 4212699876657, vstest.console.dll, TestPluginCache: Discoverers are ''.
TpTrace Verbose: 0 : 24592, 1, 2024/04/16, 18:59:03.415, 4212699876863, vstest.console.dll, TestPluginCache: Executors are ''.
TpTrace Verbose: 0 : 24592, 1, 2024/04/16, 18:59:03.415, 4212699877169, vstest.console.dll, TestPluginCache: Executors2 are ''.
TpTrace Verbose: 0 : 24592, 1, 2024/04/16, 18:59:03.415, 4212699877339, vstest.console.dll, TestPluginCache: Setting providers are ''.
TpTrace Verbose: 0 : 24592, 1, 2024/04/16, 18:59:03.415, 4212699877571, vstest.console.dll, TestPluginCache: Loggers are ''.
TpTrace Verbose: 0 : 24592, 1, 2024/04/16, 18:59:03.415, 4212699879338, vstest.console.dll, TestPluginCache: TestHosts are 'HostProvider://DefaultTestHost,HostProvider://DotnetTestHost'.
TpTrace Verbose: 0 : 24592, 1, 2024/04/16, 18:59:03.415, 4212699879798, vstest.console.dll, TestPluginCache: DataCollectors are ''.
TpTrace Information: 0 : 24592, 1, 2024/04/16, 18:59:03.425, 4212699980247, vstest.console.dll, RunTestsArgumentProcessor:Execute: Test run is starting.
TpTrace Verbose: 0 : 24592, 1, 2024/04/16, 18:59:03.425, 4212699980904, vstest.console.dll, RunTestsArgumentProcessor:Execute: Queuing Test run.
TpTrace Information: 0 : 24592, 1, 2024/04/16, 18:59:03.425, 4212699983238, vstest.console.dll, TestRequestManager.RunTests: run tests started.
TpTrace Information: 0 : 24592, 1, 2024/04/16, 18:59:03.426, 4212699992675, vstest.console.dll, AssemblyMetadataProvider.GetFrameworkName: Determined framework:'.NETCoreApp,Version=v6.0' for source: 'C:\Users\Ivan\Desktop\Exam Prep 1\IdeaAPItest\IdeaAPItest\bin\Debug\net6.0\fine-code-coverage\build-output\IdeaAPItest.dll'
TpTrace Information: 0 : 24592, 1, 2024/04/16, 18:59:03.426, 4212699993873, vstest.console.dll, Determined framework for all sources: .NETCoreApp,Version=v6.0
TpTrace Verbose: 0 : 24592, 1, 2024/04/16, 18:59:03.427, 4212699996707, vstest.console.dll, TestRequestManager.UpdateRunSettingsIfRequired: Default architecture: X64 IsDefaultTargetArchitecture: True, Current process architecture: X64 OperatingSystem: Windows.
TpTrace Information: 0 : 24592, 1, 2024/04/16, 18:59:03.428, 4212700009314, vstest.console.dll, AssemblyMetadataProvider.GetArchitecture: Determined architecture:AnyCPU info for assembly: C:\Users\Ivan\Desktop\Exam Prep 1\IdeaAPItest\IdeaAPItest\bin\Debug\net6.0\fine-code-coverage\build-output\IdeaAPItest.dll
TpTrace Information: 0 : 24592, 1, 2024/04/16, 18:59:03.428, 4212700009883, vstest.console.dll, Determined platform for source 'C:\Users\Ivan\Desktop\Exam Prep 1\IdeaAPItest\IdeaAPItest\bin\Debug\net6.0\fine-code-coverage\build-output\IdeaAPItest.dll' was AnyCPU and it will use the default plaform X64.
TpTrace Information: 0 : 24592, 1, 2024/04/16, 18:59:03.428, 4212700010229, vstest.console.dll, None of the sources provided any runnable platform, using the default platform: X64
TpTrace Information: 0 : 24592, 1, 2024/04/16, 18:59:03.428, 4212700011083, vstest.console.dll, Platform was updated to 'X64'.
TpTrace Information: 0 : 24592, 1, 2024/04/16, 18:59:03.431, 4212700038593, vstest.console.dll, InferRunSettingsHelper.IsTestSettingsEnabled: Unable to navigate to RunSettings/MSTest. Current node: RunSettings
TpTrace Information: 0 : 24592, 1, 2024/04/16, 18:59:03.431, 4212700043339, vstest.console.dll, AssemblyResolver.OnResolve: Microsoft.VisualStudio.TestPlatform.Fakes: Resolving assembly.
TpTrace Information: 0 : 24592, 1, 2024/04/16, 18:59:03.431, 4212700044040, vstest.console.dll, AssemblyResolver.OnResolve: Microsoft.VisualStudio.TestPlatform.Fakes: Searching in: 'C:\Program Files\dotnet\sdk\8.0.101\Extensions'.
TpTrace Information: 0 : 24592, 1, 2024/04/16, 18:59:03.431, 4212700044681, vstest.console.dll, AssemblyResolver.OnResolve: Microsoft.VisualStudio.TestPlatform.Fakes: Assembly path does not exist: 'C:\Program Files\dotnet\sdk\8.0.101\Extensions\Microsoft.VisualStudio.TestPlatform.Fakes.dll', returning.
TpTrace Information: 0 : 24592, 1, 2024/04/16, 18:59:03.432, 4212700045272, vstest.console.dll, AssemblyResolver.OnResolve: Microsoft.VisualStudio.TestPlatform.Fakes: Assembly path does not exist: 'C:\Program Files\dotnet\sdk\8.0.101\Extensions\Microsoft.VisualStudio.TestPlatform.Fakes.exe', returning.
TpTrace Information: 0 : 24592, 1, 2024/04/16, 18:59:03.432, 4212700045580, vstest.console.dll, AssemblyResolver.OnResolve: Microsoft.VisualStudio.TestPlatform.Fakes: Searching in: 'C:\Program Files\dotnet\sdk\8.0.101'.
TpTrace Information: 0 : 24592, 1, 2024/04/16, 18:59:03.432, 4212700046259, vstest.console.dll, AssemblyResolver.OnResolve: Microsoft.VisualStudio.TestPlatform.Fakes: Assembly path does not exist: 'C:\Program Files\dotnet\sdk\8.0.101\Microsoft.VisualStudio.TestPlatform.Fakes.dll', returning.
TpTrace Information: 0 : 24592, 1, 2024/04/16, 18:59:03.432, 4212700046896, vstest.console.dll, AssemblyResolver.OnResolve: Microsoft.VisualStudio.TestPlatform.Fakes: Assembly path does not exist: 'C:\Program Files\dotnet\sdk\8.0.101\Microsoft.VisualStudio.TestPlatform.Fakes.exe', returning.
TpTrace Information: 0 : 24592, 1, 2024/04/16, 18:59:03.432, 4212700047254, vstest.console.dll, AssemblyResolver.OnResolve: Microsoft.VisualStudio.TestPlatform.Fakes: Failed to load assembly.
TpTrace Information: 0 : 24592, 1, 2024/04/16, 18:59:03.432, 4212700049671, vstest.console.dll, Failed to load assembly Microsoft.VisualStudio.TestPlatform.Fakes, Version=17.0.0.0, Culture=neutral. Reason:System.IO.FileNotFoundException: Could not load file or assembly 'Microsoft.VisualStudio.TestPlatform.Fakes, Version=17.0.0.0, Culture=neutral, PublicKeyToken=null'. The system cannot find the file specified.
File name: 'Microsoft.VisualStudio.TestPlatform.Fakes, Version=17.0.0.0, Culture=neutral, PublicKeyToken=null'
   at System.Reflection.RuntimeAssembly.InternalLoad(AssemblyName assemblyName, StackCrawlMark& stackMark, AssemblyLoadContext assemblyLoadContext, RuntimeAssembly requestingAssembly, Boolean throwOnFileNotFound)
   at System.Reflection.Assembly.Load(AssemblyName assemblyRef)
   at Microsoft.VisualStudio.TestPlatform.Common.Utilities.FakesUtilities.LoadTestPlatformAssembly() in /_/src/Microsoft.TestPlatform.Common/Utilities/FakesUtilities.cs:line 272
TpTrace Verbose: 0 : 24592, 1, 2024/04/16, 18:59:03.435, 4212700075245, vstest.console.dll, TestPluginCache.DiscoverTestExtensions: finding test extensions in assemblies ends with: TestLogger.dll TPluginInfo: Microsoft.VisualStudio.TestPlatform.Common.ExtensionFramework.Utilities.TestLoggerPluginInformation TExtension: Microsoft.VisualStudio.TestPlatform.ObjectModel.Client.ITestLogger
TpTrace Verbose: 0 : 24592, 1, 2024/04/16, 18:59:03.435, 4212700075979, vstest.console.dll, TestPluginCache.GetExtensionPaths: Filtered extension paths: 
TpTrace Verbose: 0 : 24592, 1, 2024/04/16, 18:59:03.435, 4212700076297, vstest.console.dll, TestPluginCache.GetExtensionPaths: Added default extension paths: C:\Program Files\dotnet\sdk\8.0.101\Extensions\Microsoft.Diagnostics.NETCore.Client.dll
C:\Program Files\dotnet\sdk\8.0.101\Extensions\Microsoft.TestPlatform.Extensions.BlameDataCollector.dll
C:\Program Files\dotnet\sdk\8.0.101\Extensions\Microsoft.TestPlatform.Extensions.EventLogCollector.dll
C:\Program Files\dotnet\sdk\8.0.101\Extensions\Microsoft.TestPlatform.TestHostRuntimeProvider.dll
C:\Program Files\dotnet\sdk\8.0.101\Extensions\Microsoft.VisualStudio.TestPlatform.Extensions.Html.TestLogger.dll
C:\Program Files\dotnet\sdk\8.0.101\Extensions\Microsoft.VisualStudio.TestPlatform.Extensions.Trx.TestLogger.dll
TpTrace Verbose: 0 : 24592, 1, 2024/04/16, 18:59:03.435, 4212700076612, vstest.console.dll, TestPluginCache.GetExtensionPaths: Added unfilterableExtensionPaths: 
TpTrace Information: 0 : 24592, 1, 2024/04/16, 18:59:03.435, 4212700077633, vstest.console.dll, AssemblyResolver.AddSearchDirectories: Adding more searchDirectories C:\Program Files\dotnet\sdk\8.0.101\Extensions,C:\Program Files\dotnet\sdk\8.0.101
TpTrace Verbose: 0 : 24592, 1, 2024/04/16, 18:59:03.435, 4212700078022, vstest.console.dll, TestPluginCache.DiscoverTestExtensions: Discovering the extensions using extension path.
TpTrace Verbose: 0 : 24592, 1, 2024/04/16, 18:59:03.435, 4212700078390, vstest.console.dll, TestPluginCache.GetExtensionPaths: Filtered extension paths: 
TpTrace Verbose: 0 : 24592, 1, 2024/04/16, 18:59:03.435, 4212700078778, vstest.console.dll, TestPluginCache.GetExtensionPaths: Added default extension paths: C:\Program Files\dotnet\sdk\8.0.101\Extensions\Microsoft.Diagnostics.NETCore.Client.dll
C:\Program Files\dotnet\sdk\8.0.101\Extensions\Microsoft.TestPlatform.Extensions.BlameDataCollector.dll
C:\Program Files\dotnet\sdk\8.0.101\Extensions\Microsoft.TestPlatform.Extensions.EventLogCollector.dll
C:\Program Files\dotnet\sdk\8.0.101\Extensions\Microsoft.TestPlatform.TestHostRuntimeProvider.dll
C:\Program Files\dotnet\sdk\8.0.101\Extensions\Microsoft.VisualStudio.TestPlatform.Extensions.Html.TestLogger.dll
C:\Program Files\dotnet\sdk\8.0.101\Extensions\Microsoft.VisualStudio.TestPlatform.Extensions.Trx.TestLogger.dll
TpTrace Verbose: 0 : 24592, 1, 2024/04/16, 18:59:03.435, 4212700078994, vstest.console.dll, TestPluginCache.GetExtensionPaths: Added unfilterableExtensionPaths: 
TpTrace Verbose: 0 : 24592, 1, 2024/04/16, 18:59:03.435, 4212700079319, vstest.console.dll, TestPluginCache.DiscoverTestExtensions: Discovering the extensions using allExtensionPaths: C:\Program Files\dotnet\sdk\8.0.101\Extensions\Microsoft.Diagnostics.NETCore.Client.dll
C:\Program Files\dotnet\sdk\8.0.101\Extensions\Microsoft.TestPlatform.Extensions.BlameDataCollector.dll
C:\Program Files\dotnet\sdk\8.0.101\Extensions\Microsoft.TestPlatform.Extensions.EventLogCollector.dll
C:\Program Files\dotnet\sdk\8.0.101\Extensions\Microsoft.TestPlatform.TestHostRuntimeProvider.dll
C:\Program Files\dotnet\sdk\8.0.101\Extensions\Microsoft.VisualStudio.TestPlatform.Extensions.Html.TestLogger.dll
C:\Program Files\dotnet\sdk\8.0.101\Extensions\Microsoft.VisualStudio.TestPlatform.Extensions.Trx.TestLogger.dll
TpTrace Information: 0 : 24592, 1, 2024/04/16, 18:59:03.435, 4212700079814, vstest.console.dll, AssemblyResolver.AddSearchDirectories: Adding more searchDirectories C:\Program Files\dotnet\sdk\8.0.101\Extensions,C:\Program Files\dotnet\sdk\8.0.101
TpTrace Information: 0 : 24592, 1, 2024/04/16, 18:59:03.435, 4212700080168, vstest.console.dll, AssemblyResolver.AddSearchDirectories: Adding more searchDirectories C:\Program Files\dotnet\sdk\8.0.101\Extensions,C:\Program Files\dotnet\sdk\8.0.101
TpTrace Information: 0 : 24592, 1, 2024/04/16, 18:59:03.435, 4212700080554, vstest.console.dll, AssemblyResolver.AddSearchDirectories: Adding more searchDirectories C:\Program Files\dotnet\sdk\8.0.101\Extensions,C:\Program Files\dotnet\sdk\8.0.101
TpTrace Information: 0 : 24592, 1, 2024/04/16, 18:59:03.435, 4212700080810, vstest.console.dll, AssemblyResolver.AddSearchDirectories: Adding more searchDirectories C:\Program Files\dotnet\sdk\8.0.101\Extensions,C:\Program Files\dotnet\sdk\8.0.101
TpTrace Information: 0 : 24592, 1, 2024/04/16, 18:59:03.435, 4212700081151, vstest.console.dll, AssemblyResolver.AddSearchDirectories: Adding more searchDirectories C:\Program Files\dotnet\sdk\8.0.101\Extensions,C:\Program Files\dotnet\sdk\8.0.101
TpTrace Information: 0 : 24592, 1, 2024/04/16, 18:59:03.435, 4212700081421, vstest.console.dll, AssemblyResolver.AddSearchDirectories: Adding more searchDirectories C:\Program Files\dotnet\sdk\8.0.101\Extensions,C:\Program Files\dotnet\sdk\8.0.101
TpTrace Verbose: 0 : 24592, 1, 2024/04/16, 18:59:03.435, 4212700082188, vstest.console.dll, MetadataReaderExtensionsHelper: Discovering extensions inside assembly 'Microsoft.Diagnostics.NETCore.Client, Version=0.2.8.21101, Culture=neutral, PublicKeyToken=31bf3856ad364e35' file path 'C:\Program Files\dotnet\sdk\8.0.101\Extensions\Microsoft.Diagnostics.NETCore.Client.dll'
TpTrace Information: 0 : 24592, 1, 2024/04/16, 18:59:03.436, 4212700087838, vstest.console.dll, AssemblyResolver.OnResolve: Microsoft.Bcl.AsyncInterfaces: Resolving assembly.
TpTrace Information: 0 : 24592, 1, 2024/04/16, 18:59:03.436, 4212700088286, vstest.console.dll, AssemblyResolver.OnResolve: Microsoft.Bcl.AsyncInterfaces: Resolved from cache.
TpTrace Verbose: 0 : 24592, 1, 2024/04/16, 18:59:03.436, 4212700088602, vstest.console.dll, CurrentDomainAssemblyResolve: Resolving assembly 'Microsoft.Bcl.AsyncInterfaces'.
TpTrace Information: 0 : 24592, 1, 2024/04/16, 18:59:03.436, 4212700089057, vstest.console.dll, AssemblyResolver.OnResolve: Microsoft.Bcl.AsyncInterfaces: Resolving assembly.
TpTrace Information: 0 : 24592, 1, 2024/04/16, 18:59:03.436, 4212700089288, vstest.console.dll, AssemblyResolver.OnResolve: Microsoft.Bcl.AsyncInterfaces: Resolved from cache.
TpTrace Verbose: 0 : 24592, 1, 2024/04/16, 18:59:03.436, 4212700089488, vstest.console.dll, CurrentDomainAssemblyResolve: Resolving assembly 'Microsoft.Bcl.AsyncInterfaces'.
TpTrace Verbose: 0 : 24592, 1, 2024/04/16, 18:59:03.436, 4212700089787, vstest.console.dll, CurrentDomainAssemblyResolve: Failed to resolve assembly 'Microsoft.Bcl.AsyncInterfaces'.
TpTrace Verbose: 0 : 24592, 1, 2024/04/16, 18:59:03.436, 4212700090965, vstest.console.dll, CurrentDomainAssemblyResolve: Failed to resolve assembly 'Microsoft.Bcl.AsyncInterfaces'.
TpTrace Warning: 0 : 24592, 1, 2024/04/16, 18:59:03.436, 4212700093997, vstest.console.dll, TestPluginDiscoverer: Failed to get types from assembly 'Microsoft.Diagnostics.NETCore.Client, Version=0.2.8.21101, Culture=neutral, PublicKeyToken=31bf3856ad364e35'. Error: System.Reflection.ReflectionTypeLoadException: Unable to load one or more of the requested types.
Could not load file or assembly 'Microsoft.Bcl.AsyncInterfaces, Version=1.0.0.0, Culture=neutral, PublicKeyToken=cc7b13ffcd2ddd51'. The system cannot find the file specified.
   at System.Reflection.RuntimeModule.GetTypes(RuntimeModule module)
   at System.Reflection.RuntimeModule.GetTypes()
   at Microsoft.VisualStudio.TestPlatform.Common.ExtensionFramework.TestPluginDiscoverer.GetTestExtensionsFromAssembly[TPluginInfo,TExtension](Assembly assembly, Dictionary`2 pluginInfos, String filePath) in /_/src/Microsoft.TestPlatform.Common/ExtensionFramework/TestPluginDiscoverer.cs:line 158
System.IO.FileNotFoundException: Could not load file or assembly 'Microsoft.Bcl.AsyncInterfaces, Version=1.0.0.0, Culture=neutral, PublicKeyToken=cc7b13ffcd2ddd51'. The system cannot find the file specified.
File name: 'Microsoft.Bcl.AsyncInterfaces, Version=1.0.0.0, Culture=neutral, PublicKeyToken=cc7b13ffcd2ddd51'
 ---> System.IO.FileNotFoundException: Could not load file or assembly 'Microsoft.Bcl.AsyncInterfaces, Culture=neutral, PublicKeyToken=null'. The system cannot find the file specified.
File name: 'Microsoft.Bcl.AsyncInterfaces, Culture=neutral, PublicKeyToken=null'
   at System.Reflection.RuntimeAssembly.InternalLoad(AssemblyName assemblyName, StackCrawlMark& stackMark, AssemblyLoadContext assemblyLoadContext, RuntimeAssembly requestingAssembly, Boolean throwOnFileNotFound)
   at System.Reflection.Assembly.Load(AssemblyName assemblyRef)
   at Microsoft.VisualStudio.TestPlatform.Common.ExtensionFramework.TestPluginCache.CurrentDomainAssemblyResolve(Object sender, AssemblyResolveEventArgs args) in /_/src/Microsoft.TestPlatform.Common/ExtensionFramework/TestPluginCache.cs:line 513
   at System.Runtime.Loader.AssemblyLoadContext.GetFirstResolvedAssemblyFromResolvingEvent(AssemblyName assemblyName)
   at System.Runtime.Loader.AssemblyLoadContext.ResolveUsingEvent(AssemblyName assemblyName)
   at System.Runtime.Loader.AssemblyLoadContext.ResolveUsingResolvingEvent(IntPtr gchManagedAssemblyLoadContext, AssemblyName assemblyName)
TpTrace Warning: 0 : 24592, 1, 2024/04/16, 18:59:03.437, 4212700095776, vstest.console.dll, LoaderExceptions: System.IO.FileNotFoundException: Could not load file or assembly 'Microsoft.Bcl.AsyncInterfaces, Version=1.0.0.0, Culture=neutral, PublicKeyToken=cc7b13ffcd2ddd51'. The system cannot find the file specified.
File name: 'Microsoft.Bcl.AsyncInterfaces, Version=1.0.0.0, Culture=neutral, PublicKeyToken=cc7b13ffcd2ddd51'
 ---> System.IO.FileNotFoundException: Could not load file or assembly 'Microsoft.Bcl.AsyncInterfaces, Culture=neutral, PublicKeyToken=null'. The system cannot find the file specified.
File name: 'Microsoft.Bcl.AsyncInterfaces, Culture=neutral, PublicKeyToken=null'
   at System.Reflection.RuntimeAssembly.InternalLoad(AssemblyName assemblyName, StackCrawlMark& stackMark, AssemblyLoadContext assemblyLoadContext, RuntimeAssembly requestingAssembly, Boolean throwOnFileNotFound)
   at System.Reflection.Assembly.Load(AssemblyName assemblyRef)
   at Microsoft.VisualStudio.TestPlatform.Common.ExtensionFramework.TestPluginCache.CurrentDomainAssemblyResolve(Object sender, AssemblyResolveEventArgs args) in /_/src/Microsoft.TestPlatform.Common/ExtensionFramework/TestPluginCache.cs:line 513
   at System.Runtime.Loader.AssemblyLoadContext.GetFirstResolvedAssemblyFromResolvingEvent(AssemblyName assemblyName)
   at System.Runtime.Loader.AssemblyLoadContext.ResolveUsingEvent(AssemblyName assemblyName)
   at System.Runtime.Loader.AssemblyLoadContext.ResolveUsingResolvingEvent(IntPtr gchManagedAssemblyLoadContext, AssemblyName assemblyName)
TpTrace Verbose: 0 : 24592, 1, 2024/04/16, 18:59:03.437, 4212700096633, vstest.console.dll, MetadataReaderExtensionsHelper: Discovering extensions inside assembly 'Microsoft.TestPlatform.Extensions.BlameDataCollector, Version=15.0.0.0, Culture=neutral, PublicKeyToken=b03f5f7f11d50a3a' file path 'C:\Program Files\dotnet\sdk\8.0.101\Extensions\Microsoft.TestPlatform.Extensions.BlameDataCollector.dll'
TpTrace Information: 0 : 24592, 1, 2024/04/16, 18:59:03.437, 4212700099846, vstest.console.dll, GetTestExtensionFromType: Register extension with identifier data 'logger://Microsoft/TestPlatform/Extensions/Blame/v1' and type 'Microsoft.TestPlatform.Extensions.BlameDataCollector.BlameLogger, Microsoft.TestPlatform.Extensions.BlameDataCollector, Version=15.0.0.0, Culture=neutral, PublicKeyToken=b03f5f7f11d50a3a' inside file 'C:\Program Files\dotnet\sdk\8.0.101\Extensions\Microsoft.TestPlatform.Extensions.BlameDataCollector.dll'
TpTrace Verbose: 0 : 24592, 1, 2024/04/16, 18:59:03.437, 4212700100421, vstest.console.dll, MetadataReaderExtensionsHelper: Discovering extensions inside assembly 'Microsoft.TestPlatform.Extensions.EventLogCollector, Version=15.0.0.0, Culture=neutral, PublicKeyToken=b03f5f7f11d50a3a' file path 'C:\Program Files\dotnet\sdk\8.0.101\Extensions\Microsoft.TestPlatform.Extensions.EventLogCollector.dll'
TpTrace Verbose: 0 : 24592, 1, 2024/04/16, 18:59:03.437, 4212700102678, vstest.console.dll, MetadataReaderExtensionsHelper: Discovering extensions inside assembly 'Microsoft.TestPlatform.TestHostRuntimeProvider, Version=15.0.0.0, Culture=neutral, PublicKeyToken=b03f5f7f11d50a3a' file path 'C:\Program Files\dotnet\sdk\8.0.101\Extensions\Microsoft.TestPlatform.TestHostRuntimeProvider.dll'
TpTrace Verbose: 0 : 24592, 1, 2024/04/16, 18:59:03.437, 4212700105038, vstest.console.dll, MetadataReaderExtensionsHelper: Discovering extensions inside assembly 'Microsoft.VisualStudio.TestPlatform.Extensions.Html.TestLogger, Version=15.0.0.0, Culture=neutral, PublicKeyToken=b03f5f7f11d50a3a' file path 'C:\Program Files\dotnet\sdk\8.0.101\Extensions\Microsoft.VisualStudio.TestPlatform.Extensions.Html.TestLogger.dll'
TpTrace Information: 0 : 24592, 1, 2024/04/16, 18:59:03.438, 4212700108673, vstest.console.dll, GetTestExtensionFromType: Register extension with identifier data 'logger://Microsoft/TestPlatform/HtmlLogger/v1' and type 'Microsoft.VisualStudio.TestPlatform.Extensions.HtmlLogger.HtmlLogger, Microsoft.VisualStudio.TestPlatform.Extensions.Html.TestLogger, Version=15.0.0.0, Culture=neutral, PublicKeyToken=b03f5f7f11d50a3a' inside file 'C:\Program Files\dotnet\sdk\8.0.101\Extensions\Microsoft.VisualStudio.TestPlatform.Extensions.Html.TestLogger.dll'
TpTrace Verbose: 0 : 24592, 1, 2024/04/16, 18:59:03.438, 4212700109285, vstest.console.dll, MetadataReaderExtensionsHelper: Discovering extensions inside assembly 'Microsoft.VisualStudio.TestPlatform.Extensions.Trx.TestLogger, Version=15.0.0.0, Culture=neutral, PublicKeyToken=b03f5f7f11d50a3a' file path 'C:\Program Files\dotnet\sdk\8.0.101\Extensions\Microsoft.VisualStudio.TestPlatform.Extensions.Trx.TestLogger.dll'
TpTrace Information: 0 : 24592, 1, 2024/04/16, 18:59:03.438, 4212700111853, vstest.console.dll, GetTestExtensionFromType: Register extension with identifier data 'logger://Microsoft/TestPlatform/TrxLogger/v1' and type 'Microsoft.VisualStudio.TestPlatform.Extensions.TrxLogger.TrxLogger, Microsoft.VisualStudio.TestPlatform.Extensions.Trx.TestLogger, Version=15.0.0.0, Culture=neutral, PublicKeyToken=b03f5f7f11d50a3a' inside file 'C:\Program Files\dotnet\sdk\8.0.101\Extensions\Microsoft.VisualStudio.TestPlatform.Extensions.Trx.TestLogger.dll'
TpTrace Verbose: 0 : 24592, 1, 2024/04/16, 18:59:03.438, 4212700112777, vstest.console.dll, TestPluginCache: Discovered the extensions using extension path ''.
TpTrace Verbose: 0 : 24592, 1, 2024/04/16, 18:59:03.438, 4212700113229, vstest.console.dll, TestPluginCache: Discoverers are ''.
TpTrace Verbose: 0 : 24592, 1, 2024/04/16, 18:59:03.438, 4212700113404, vstest.console.dll, TestPluginCache: Executors are ''.
TpTrace Verbose: 0 : 24592, 1, 2024/04/16, 18:59:03.438, 4212700113575, vstest.console.dll, TestPluginCache: Executors2 are ''.
TpTrace Verbose: 0 : 24592, 1, 2024/04/16, 18:59:03.438, 4212700113833, vstest.console.dll, TestPluginCache: Setting providers are ''.
TpTrace Verbose: 0 : 24592, 1, 2024/04/16, 18:59:03.438, 4212700114261, vstest.console.dll, TestPluginCache: Loggers are 'logger://Microsoft/TestPlatform/Extensions/Blame/v1,logger://Microsoft/TestPlatform/HtmlLogger/v1,logger://Microsoft/TestPlatform/TrxLogger/v1'.
TpTrace Verbose: 0 : 24592, 1, 2024/04/16, 18:59:03.438, 4212700114790, vstest.console.dll, TestPluginCache: TestHosts are 'HostProvider://DefaultTestHost,HostProvider://DotnetTestHost'.
TpTrace Verbose: 0 : 24592, 1, 2024/04/16, 18:59:03.438, 4212700115036, vstest.console.dll, TestPluginCache: DataCollectors are ''.
TpTrace Information: 0 : 24592, 1, 2024/04/16, 18:59:03.439, 4212700121517, vstest.console.dll, TestPluginManager.CreateTestExtension: Attempting to load test extension: Microsoft.TestPlatform.Extensions.BlameDataCollector.BlameLogger
TpTrace Verbose: 0 : 24592, 1, 2024/04/16, 18:59:03.445, 4212700184724, vstest.console.dll, TestEngine: Initializing Parallel Execution as MaxCpuCount is set to: 1
TpTrace Information: 0 : 24592, 1, 2024/04/16, 18:59:03.447, 4212700198915, vstest.console.dll, TestPluginManager.CreateTestExtension: Attempting to load test extension: Microsoft.VisualStudio.TestPlatform.CrossPlatEngine.Hosting.DefaultTestHostManager
TpTrace Information: 0 : 24592, 1, 2024/04/16, 18:59:03.448, 4212700205110, vstest.console.dll, TestPluginManager.CreateTestExtension: Attempting to load test extension: Microsoft.VisualStudio.TestPlatform.CrossPlatEngine.Hosting.DotnetTestHostManager
TpTrace Information: 0 : 24592, 1, 2024/04/16, 18:59:03.448, 4212700211082, vstest.console.dll, InferRunSettingsHelper.IsTestSettingsEnabled: Unable to navigate to RunSettings/MSTest. Current node: RunSettings
TpTrace Verbose: 0 : 24592, 1, 2024/04/16, 18:59:03.449, 4212700216409, vstest.console.dll, ParallelOperationManager.ClearSlots: Clearing all slots. Slots should accept more work: True
TpTrace Verbose: 0 : 24592, 1, 2024/04/16, 18:59:03.449, 4212700222221, vstest.console.dll, ParallelOperationManager.SetOccupiedSlotCount: Setting slot counts AvailableSlotCount = 1, OccupiedSlotCount = 0.
TpTrace Verbose: 0 : 24592, 1, 2024/04/16, 18:59:03.450, 4212700225174, vstest.console.dll, Occupied slots:

TpTrace Verbose: 0 : 24592, 1, 2024/04/16, 18:59:03.452, 4212700253183, vstest.console.dll, TestEngine.GetExecutionManager: Chosen execution manager 'Microsoft.VisualStudio.TestPlatform.CrossPlatEngine.Client.Parallel.ParallelProxyExecutionManager, Microsoft.TestPlatform.CrossPlatEngine, Version=15.0.0.0, Culture=neutral, PublicKeyToken=b03f5f7f11d50a3a' ParallelLevel '1'.
TpTrace Verbose: 0 : 24592, 1, 2024/04/16, 18:59:03.452, 4212700254247, vstest.console.dll, TestRunRequest.ExecuteAsync: Creating test run request.
TpTrace Verbose: 0 : 24592, 1, 2024/04/16, 18:59:03.453, 4212700256257, vstest.console.dll, TestRunRequest.ExecuteAsync: Starting.
TpTrace Information: 0 : 24592, 1, 2024/04/16, 18:59:03.454, 4212700265998, vstest.console.dll, TestRunRequest.ExecuteAsync: Starting run with settings:TestRunCriteria:
   KeepAlive=False,FrequencyOfRunStatsChangeEvent=10,RunStatsChangeEventTimeout=00:00:01.5000000,TestCaseFilter=,TestExecutorLauncher=
   Settingsxml=<RunSettings>
  <RunConfiguration>
    <ResultsDirectory>C:\Users\Ivan\Desktop\Exam Prep 1\IdeaAPItest\IdeaAPItest\bin\Debug\net6.0\fine-code-coverage\coverage-tool-output</ResultsDirectory>
    <TargetPlatform>X64</TargetPlatform>
    <TargetFrameworkVersion>.NETCoreApp,Version=v6.0</TargetFrameworkVersion>
    <DesignMode>False</DesignMode>
    <CollectSourceInformation>False</CollectSourceInformation>
  </RunConfiguration>
  <LoggerRunSettings>
    <Loggers>
      <Logger friendlyName="blame" enabled="True" />
      <Logger friendlyName="Console" uri="logger://microsoft/TestPlatform/ConsoleLogger/v1" assemblyQualifiedName="Microsoft.VisualStudio.TestPlatform.CommandLine.Internal.ConsoleLogger, vstest.console, Version=15.0.0.0, Culture=neutral, PublicKeyToken=b03f5f7f11d50a3a" codeBase="C:\Program Files\dotnet\sdk\8.0.101\vstest.console.dll" enabled="True" />
    </Loggers>
  </LoggerRunSettings>
  <DataCollectionRunSettings>
    <DataCollectors>
      <DataCollector friendlyName="blame" enabled="True">
        <Configuration>
          <ResultsDirectory>C:\Users\Ivan\Desktop\Exam Prep 1\IdeaAPItest\IdeaAPItest\bin\Debug\net6.0\fine-code-coverage\coverage-tool-output</ResultsDirectory>
        </Configuration>
      </DataCollector>
    </DataCollectors>
  </DataCollectionRunSettings>
</RunSettings>

TpTrace Verbose: 0 : 24592, 1, 2024/04/16, 18:59:03.454, 4212700266563, vstest.console.dll, TestRunRequest.ExecuteAsync: Wait for the first run request is over.
TpTrace Verbose: 0 : 24592, 1, 2024/04/16, 18:59:03.454, 4212700269077, vstest.console.dll, MulticastDelegateUtilities.SafeInvoke: TestRun.TestRunStart: Invoking callbacks was skipped because there are no subscribers.
TpTrace Verbose: 0 : 24592, 4, 2024/04/16, 18:59:03.454, 4212700270598, vstest.console.dll, MulticastDelegateUtilities.SafeInvoke: InternalTestLoggerEvents.SendTestRunStart: Invoking callback 1/1 for Microsoft.VisualStudio.TestPlatform.CommandLine.Internal.ConsoleLogger., took 0 ms.
TpTrace Verbose: 0 : 24592, 1, 2024/04/16, 18:59:03.455, 4212700278081, vstest.console.dll, ParallelProxyExecutionManager: Start execution. Total sources: 1
TpTrace Verbose: 0 : 24592, 1, 2024/04/16, 18:59:03.455, 4212700281486, vstest.console.dll, ParallelOperationManager.StartWork: Starting adding 1 workloads.
TpTrace Verbose: 0 : 24592, 1, 2024/04/16, 18:59:03.455, 4212700282175, vstest.console.dll, ParallelOperationManager.ClearSlots: Clearing all slots. Slots should accept more work: True
TpTrace Verbose: 0 : 24592, 1, 2024/04/16, 18:59:03.455, 4212700282853, vstest.console.dll, ParallelOperationManager.SetOccupiedSlotCount: Setting slot counts AvailableSlotCount = 1, OccupiedSlotCount = 0.
TpTrace Verbose: 0 : 24592, 1, 2024/04/16, 18:59:03.455, 4212700283121, vstest.console.dll, Occupied slots:

TpTrace Verbose: 0 : 24592, 1, 2024/04/16, 18:59:03.456, 4212700294682, vstest.console.dll, TestRequestSender is acting as server.
TpTrace Verbose: 0 : 24592, 1, 2024/04/16, 18:59:03.458, 4212700305071, vstest.console.dll, ParallelOperationManager.RunWorkInParallel: Adding 1 workload to slot, remaining workloads 0.
TpTrace Verbose: 0 : 24592, 1, 2024/04/16, 18:59:03.458, 4212700305651, vstest.console.dll, ParallelOperationManager.SetOccupiedSlotCount: Setting slot counts AvailableSlotCount = 0, OccupiedSlotCount = 1.
TpTrace Verbose: 0 : 24592, 1, 2024/04/16, 18:59:03.458, 4212700306706, vstest.console.dll, Occupied slots:
0: C:\Users\Ivan\Desktop\Exam Prep 1\IdeaAPItest\IdeaAPItest\bin\Debug\net6.0\fine-code-coverage\build-output\IdeaAPItest.dll
TpTrace Verbose: 0 : 24592, 1, 2024/04/16, 18:59:03.459, 4212700315827, vstest.console.dll, ParallelOperationManager.RunWorkInParallel: Started host in slot number 0 for work (source): C:\Users\Ivan\Desktop\Exam Prep 1\IdeaAPItest\IdeaAPItest\bin\Debug\net6.0\fine-code-coverage\build-output\IdeaAPItest.dll.
TpTrace Verbose: 0 : 24592, 1, 2024/04/16, 18:59:03.459, 4212700322861, vstest.console.dll, ParallelOperationManager.RunWorkInParallel: We started 1 work items, which is the max parallel level. Won't start more work.
TpTrace Verbose: 0 : 24592, 1, 2024/04/16, 18:59:03.459, 4212700323428, vstest.console.dll, ParallelOperationManager.RunWorkInParallel: We started 1 work items in here, returning True.
TpTrace Information: 0 : 24592, 1, 2024/04/16, 18:59:03.459, 4212700323753, vstest.console.dll, TestRunRequest.ExecuteAsync: Started.
TpTrace Verbose: 0 : 24592, 5, 2024/04/16, 18:59:03.459, 4212700323787, vstest.console.dll, ParallelProxyExecutionManager.StartTestRunOnConcurrentManager: Initializing uninitialized client. Started clients: 0
TpTrace Verbose: 0 : 24592, 5, 2024/04/16, 18:59:03.459, 4212700324843, vstest.console.dll, DataCollectionRequestSender.InitializeCommunication : Initialize communication. 
TpTrace Verbose: 0 : 24592, 1, 2024/04/16, 18:59:03.460, 4212700327817, vstest.console.dll, TestRunRequest.WaitForCompletion: Waiting with timeout -1.
TpTrace Information: 0 : 24592, 5, 2024/04/16, 18:59:03.464, 4212700370283, vstest.console.dll, Listening on Endpoint : 127.0.0.1:9594
TpTrace Verbose: 0 : 24592, 5, 2024/04/16, 18:59:03.468, 4212700407267, vstest.console.dll, DotnetDataCollectionLauncher: Adding  --runtimeconfig "C:\Program Files\dotnet\sdk\8.0.101\datacollector.runtimeconfig.json" in args
TpTrace Verbose: 0 : 24592, 5, 2024/04/16, 18:59:03.468, 4212700407964, vstest.console.dll, DotnetDataCollectionLauncher: Adding  --depsfile "C:\Program Files\dotnet\sdk\8.0.101\datacollector.deps.json" in args
TpTrace Verbose: 0 : 24592, 5, 2024/04/16, 18:59:03.468, 4212700409197, vstest.console.dll, DotnetDataCollectionLauncher: Full path of dotnet.exe is C:\Program Files\dotnet\dotnet.exe
TpTrace Information: 0 : 24592, 5, 2024/04/16, 18:59:03.473, 4212700460928, vstest.console.dll, ProxyDataCollectionManager.Initialize: Launched datacollector processId: 18924 port: 9594
TpTrace Information: 0 : 24592, 5, 2024/04/16, 18:59:03.473, 4212700462097, vstest.console.dll, ProxyDataCollectionManager.Initialize: waiting for connection with timeout: 90 seconds
TpTrace Verbose: 0 : 24592, 5, 2024/04/16, 18:59:03.473, 4212700462530, vstest.console.dll, DataCollectionRequestSender.WaitForRequestHandlerConnection : Waiting for connection with timeout: 90000
TpTrace Information: 0 : 24592, 7, 2024/04/16, 18:59:03.578, 4212701506297, vstest.console.dll, Using the buffer size of 16384 bytes
TpTrace Verbose: 0 : 24592, 5, 2024/04/16, 18:59:03.578, 4212701506465, vstest.console.dll, SocketCommunicationManager.WaitForClientConnection took: 104 ms, with 90000 ms timeout, and finished with True.
TpTrace Information: 0 : 24592, 7, 2024/04/16, 18:59:03.578, 4212701507199, vstest.console.dll, Accepted Client request and set the flag
TpTrace Verbose: 0 : 24592, 5, 2024/04/16, 18:59:03.578, 4212701508144, vstest.console.dll, ProxyDataCollectionManager.InvokeDataCollectionServiceAction: Starting.
TpTrace Information: 0 : 24592, 5, 2024/04/16, 18:59:03.578, 4212701508799, vstest.console.dll, ProxyDataCollectionManager.BeforeTestRunStart: Get environment variable and port for datacollector processId: 18924 port: 9594
TpTrace Verbose: 0 : 24592, 5, 2024/04/16, 18:59:03.578, 4212701509693, vstest.console.dll, DataCollectionRequestSender.SendBeforeTestRunStartAndGetResult: Send BeforeTestRunStart message with settingsXml <RunSettings><RunConfiguration><ResultsDirectory>C:\Users\Ivan\Desktop\Exam Prep 1\IdeaAPItest\IdeaAPItest\bin\Debug\net6.0\fine-code-coverage\coverage-tool-output</ResultsDirectory><TargetPlatform>X64</TargetPlatform><TargetFrameworkVersion>.NETCoreApp,Version=v6.0</TargetFrameworkVersion><DesignMode>False</DesignMode><CollectSourceInformation>False</CollectSourceInformation><TestAdaptersPaths>C:\Program Files\dotnet\sdk\8.0.101\Extensions</TestAdaptersPaths></RunConfiguration><LoggerRunSettings><Loggers><Logger friendlyName="blame" enabled="True" /><Logger friendlyName="Console" uri="logger://microsoft/TestPlatform/ConsoleLogger/v1" assemblyQualifiedName="Microsoft.VisualStudio.TestPlatform.CommandLine.Internal.ConsoleLogger, vstest.console, Version=15.0.0.0, Culture=neutral, PublicKeyToken=b03f5f7f11d50a3a" codeBase="C:\Program Files\dotnet\sdk\8.0.101\vstest.console.dll" enabled="True" /></Loggers></LoggerRunSettings><DataCollectionRunSettings><DataCollectors><DataCollector friendlyName="blame" enabled="True"><Configuration><ResultsDirectory>C:\Users\Ivan\Desktop\Exam Prep 1\IdeaAPItest\IdeaAPItest\bin\Debug\net6.0\fine-code-coverage\coverage-tool-output</ResultsDirectory></Configuration></DataCollector></DataCollectors></DataCollectionRunSettings></RunSettings> and sources System.Collections.Generic.List`1[System.String]: 
TpTrace Verbose: 0 : 24592, 5, 2024/04/16, 18:59:03.614, 4212701871479, vstest.console.dll, DataCollectionRequestSender.SendBeforeTestRunStartAndGetResult: Received message: (DataCollection.SendMessage) -> {"MessageType":"DataCollection.SendMessage","Payload":{"FriendlyName":null,"Uri":null,"TestCaseId":"00000000-0000-0000-0000-000000000000","Message":"Logging DataCollector Diagnostics in file: C:\\Users\\Ivan\\Desktop\\Exam Prep 1\\IdeaAPItest\\IdeaAPItest\\bin\\Debug\\net6.0\\fine-code-coverage\\coverage-tool-output\\diagnostics.datacollector.24-04-16_18-59-03_46806_5.log","Level":0}}
TpTrace Verbose: 0 : 24592, 5, 2024/04/16, 18:59:03.666, 4212702386270, vstest.console.dll, DataCollectionRequestSender.SendBeforeTestRunStartAndGetResult: Received message: (DataCollection.BeforeTestRunStartResult) -> {"MessageType":"DataCollection.BeforeTestRunStartResult","Payload":{"EnvironmentVariables":{},"DataCollectionEventsPort":9596}}
TpTrace Information: 0 : 24592, 5, 2024/04/16, 18:59:03.669, 4212702417804, vstest.console.dll, ProxyDataCollectionManager.BeforeTestRunStart: SendBeforeTestRunStartAndGetResult successful, env variable from datacollector:   and testhost port: 9596
TpTrace Information: 0 : 24592, 5, 2024/04/16, 18:59:03.669, 4212702418415, vstest.console.dll, ProxyDataCollectionManager.InvokeDataCollectionServiceAction: Completed.
TpTrace Verbose: 0 : 24592, 5, 2024/04/16, 18:59:03.669, 4212702418652, vstest.console.dll, ParallelProxyExecutionManager.StartTestRunOnConcurrentManager: Initializing test run. Started clients: 0
TpTrace Verbose: 0 : 24592, 5, 2024/04/16, 18:59:03.669, 4212702419277, vstest.console.dll, ProxyExecutionManager: Test host is always Lazy initialize.
TpTrace Verbose: 0 : 24592, 5, 2024/04/16, 18:59:03.669, 4212702420820, vstest.console.dll, TestRequestSender.InitializeCommunication: initialize communication. 
TpTrace Information: 0 : 24592, 5, 2024/04/16, 18:59:03.669, 4212702424555, vstest.console.dll, SocketServer.Start: Listening on endpoint : 127.0.0.1:9597
TpTrace Verbose: 0 : 24592, 5, 2024/04/16, 18:59:03.670, 4212702429835, vstest.console.dll, DotnetTestHostmanager.GetTestHostProcessStartInfo: Platform environment 'X64' target architecture 'X64' framework '.NETCoreApp,Version=v6.0' OS 'Windows'
TpTrace Verbose: 0 : 24592, 5, 2024/04/16, 18:59:03.670, 4212702431263, vstest.console.dll, DotnetTestHostmanager: Adding  --runtimeconfig "C:\Users\Ivan\Desktop\Exam Prep 1\IdeaAPItest\IdeaAPItest\bin\Debug\net6.0\fine-code-coverage\build-output\IdeaAPItest.runtimeconfig.json" in args
TpTrace Verbose: 0 : 24592, 5, 2024/04/16, 18:59:03.670, 4212702431833, vstest.console.dll, DotnetTestHostmanager: Adding  --depsfile "C:\Users\Ivan\Desktop\Exam Prep 1\IdeaAPItest\IdeaAPItest\bin\Debug\net6.0\fine-code-coverage\build-output\IdeaAPItest.deps.json" in args
TpTrace Verbose: 0 : 24592, 5, 2024/04/16, 18:59:03.670, 4212702432885, vstest.console.dll, DotnetTestHostmanager.IsWinOnArm: Current PROCESSOR_ARCHITECTURE from environment variable 'AMD64'
TpTrace Verbose: 0 : 24592, 5, 2024/04/16, 18:59:03.670, 4212702433265, vstest.console.dll, DotnetTestHostmanager.IsWinOnArm: Is Windows on ARM 'False'
TpTrace Verbose: 0 : 24592, 5, 2024/04/16, 18:59:03.670, 4212702433747, vstest.console.dll, DotnetTestHostManager: testhost.exe found at path: C:\Users\Ivan\Desktop\Exam Prep 1\IdeaAPItest\IdeaAPItest\bin\Debug\net6.0\fine-code-coverage\build-output\testhost.exe
TpTrace Verbose: 0 : 24592, 5, 2024/04/16, 18:59:03.670, 4212702434034, vstest.console.dll, DotnetTestHostmanager: Full path of host exe is C:\Users\Ivan\Desktop\Exam Prep 1\IdeaAPItest\IdeaAPItest\bin\Debug\net6.0\fine-code-coverage\build-output\testhost.exe
TpTrace Verbose: 0 : 24592, 5, 2024/04/16, 18:59:03.670, 4212702434811, vstest.console.dll, DotnetTestHostmanager.LaunchTestHostAsync: Found 'VSTEST_WINAPPHOST_DOTNET_ROOT' in env variables, value 'C:\Program Files\dotnet', forwarding to 'DOTNET_ROOT'
TpTrace Verbose: 0 : 24592, 5, 2024/04/16, 18:59:03.671, 4212702435747, vstest.console.dll, DotnetTestHostManager: Starting process 'C:\Users\Ivan\Desktop\Exam Prep 1\IdeaAPItest\IdeaAPItest\bin\Debug\net6.0\fine-code-coverage\build-output\testhost.exe' with command line ' --runtimeconfig "C:\Users\Ivan\Desktop\Exam Prep 1\IdeaAPItest\IdeaAPItest\bin\Debug\net6.0\fine-code-coverage\build-output\IdeaAPItest.runtimeconfig.json" --depsfile "C:\Users\Ivan\Desktop\Exam Prep 1\IdeaAPItest\IdeaAPItest\bin\Debug\net6.0\fine-code-coverage\build-output\IdeaAPItest.deps.json" --port 9597 --endpoint 127.0.0.1:09597 --role client --parentprocessid 24592 --diag "C:\Users\Ivan\Desktop\Exam Prep 1\IdeaAPItest\IdeaAPItest\bin\Debug\net6.0\fine-code-coverage\coverage-tool-output\diagnostics.host.24-04-16_18-59-03_67021_5.log" --tracelevel 4 --datacollectionport 9596 --telemetryoptedin false'
TpTrace Verbose: 0 : 24592, 5, 2024/04/16, 18:59:03.676, 4212702485864, vstest.console.dll, MulticastDelegateUtilities.SafeInvoke: HostProviderEvents.OnHostLaunched: Invoking callback 1/2 for Microsoft.VisualStudio.TestPlatform.CrossPlatEngine.Client.ProxyExecutionManagerWithDataCollection., took 1 ms.
TpTrace Verbose: 0 : 24592, 5, 2024/04/16, 18:59:03.676, 4212702488807, vstest.console.dll, Test Runtime launched
TpTrace Verbose: 0 : 24592, 5, 2024/04/16, 18:59:03.676, 4212702489374, vstest.console.dll, MulticastDelegateUtilities.SafeInvoke: HostProviderEvents.OnHostLaunched: Invoking callback 2/2 for Microsoft.VisualStudio.TestPlatform.CrossPlatEngine.Client.ProxyOperationManager., took 0 ms.
TpTrace Verbose: 0 : 24592, 5, 2024/04/16, 18:59:03.676, 4212702490669, vstest.console.dll, TestRequestSender.WaitForRequestHandlerConnection: waiting for connection with timeout: 90000.
TpTrace Verbose: 0 : 24592, 5, 2024/04/16, 18:59:03.790, 4212703631448, vstest.console.dll, TestRequestSender.WaitForRequestHandlerConnection: waiting took 114 ms, with timeout 90000 ms, and result 0, which is success.
TpTrace Verbose: 0 : 24592, 13, 2024/04/16, 18:59:03.790, 4212703631449, vstest.console.dll, MulticastDelegateUtilities.SafeInvoke: SocketServer: ClientConnected: Invoking callback 1/1 for Microsoft.VisualStudio.TestPlatform.CommunicationUtilities.TestRequestSender., took 0 ms.
TpTrace Verbose: 0 : 24592, 13, 2024/04/16, 18:59:03.790, 4212703632919, vstest.console.dll, SocketServer.OnClientConnected: Client connected for endPoint: 127.0.0.1:9597, starting MessageLoopAsync:
TpTrace Verbose: 0 : 24592, 14, 2024/04/16, 18:59:03.791, 4212703636742, vstest.console.dll, TcpClientExtensions.MessageLoopAsync: Polling on remoteEndPoint: 127.0.0.1:9598 localEndPoint: 127.0.0.1:9597
TpTrace Verbose: 0 : 24592, 5, 2024/04/16, 18:59:03.791, 4212703638568, vstest.console.dll, TestRequestSender.CheckVersionWithTestHost: Sending check version message: {"MessageType":"ProtocolVersion","Payload":7}
TpTrace Verbose: 0 : 24592, 14, 2024/04/16, 18:59:03.893, 4212704655269, vstest.console.dll, TcpClientExtensions.MessageLoopAsync: NotifyDataAvailable remoteEndPoint: 127.0.0.1:9598 localEndPoint: 127.0.0.1:9597
TpTrace Verbose: 0 : 24592, 14, 2024/04/16, 18:59:03.893, 4212704657849, vstest.console.dll, TestRequestSender.CheckVersionWithTestHost: onMessageReceived received message: (ProtocolVersion) -> {"MessageType":"ProtocolVersion","Payload":7}
TpTrace Verbose: 0 : 24592, 14, 2024/04/16, 18:59:03.893, 4212704664439, vstest.console.dll, MulticastDelegateUtilities.SafeInvoke: LengthPrefixCommunicationChannel: MessageReceived: Invoking callback 1/1 for Microsoft.VisualStudio.TestPlatform.CommunicationUtilities.TestRequestSender+<>c__DisplayClass29_0., took 0 ms.
TpTrace Verbose: 0 : 24592, 14, 2024/04/16, 18:59:03.894, 4212704665091, vstest.console.dll, TcpClientExtensions.MessageLoopAsync: Polling on remoteEndPoint: 127.0.0.1:9598 localEndPoint: 127.0.0.1:9597
TpTrace Verbose: 0 : 24592, 5, 2024/04/16, 18:59:03.894, 4212704665132, vstest.console.dll, TestPluginCache.GetExtensionPaths: Filtered extension paths: 
TpTrace Verbose: 0 : 24592, 5, 2024/04/16, 18:59:03.894, 4212704666131, vstest.console.dll, TestPluginCache.GetExtensionPaths: Added default extension paths: C:\Program Files\dotnet\sdk\8.0.101\Extensions\Microsoft.Diagnostics.NETCore.Client.dll
C:\Program Files\dotnet\sdk\8.0.101\Extensions\Microsoft.TestPlatform.Extensions.BlameDataCollector.dll
C:\Program Files\dotnet\sdk\8.0.101\Extensions\Microsoft.TestPlatform.Extensions.EventLogCollector.dll
C:\Program Files\dotnet\sdk\8.0.101\Extensions\Microsoft.TestPlatform.TestHostRuntimeProvider.dll
C:\Program Files\dotnet\sdk\8.0.101\Extensions\Microsoft.VisualStudio.TestPlatform.Extensions.Html.TestLogger.dll
C:\Program Files\dotnet\sdk\8.0.101\Extensions\Microsoft.VisualStudio.TestPlatform.Extensions.Trx.TestLogger.dll
TpTrace Verbose: 0 : 24592, 5, 2024/04/16, 18:59:03.894, 4212704666962, vstest.console.dll, TestPluginCache.GetExtensionPaths: Added unfilterableExtensionPaths: 
TpTrace Verbose: 0 : 24592, 5, 2024/04/16, 18:59:03.896, 4212704686103, vstest.console.dll, TestRequestSender.InitializeExecution: Sending initialize execution with message: {"Version":7,"MessageType":"TestExecution.Initialize","Payload":["C:\\Users\\Ivan\\Desktop\\Exam Prep 1\\IdeaAPItest\\IdeaAPItest\\bin\\Debug\\net6.0\\fine-code-coverage\\build-output\\NUnit3.TestAdapter.dll"]}
TpTrace Verbose: 0 : 24592, 5, 2024/04/16, 18:59:03.896, 4212704687470, vstest.console.dll, ParallelProxyExecutionManager.StartTestRunOnConcurrentManager: Execution starting. Started clients: 1
TpTrace Verbose: 0 : 24592, 5, 2024/04/16, 18:59:03.896, 4212704689588, vstest.console.dll, TestRunRequest:SendTestRunMessage: Starting.
TpTrace Verbose: 0 : 24592, 5, 2024/04/16, 18:59:03.896, 4212704690821, vstest.console.dll, MulticastDelegateUtilities.SafeInvoke: TestRun.LogMessages: Invoking callback 1/1 for Microsoft.VisualStudio.TestPlatform.CommandLine.TestRunResultAggregator., took 0 ms.
TpTrace Information: 0 : 24592, 5, 2024/04/16, 18:59:03.896, 4212704691097, vstest.console.dll, TestRunRequest:SendTestRunMessage: Completed.
TpTrace Verbose: 0 : 24592, 14, 2024/04/16, 18:59:03.896, 4212704691569, vstest.console.dll, TcpClientExtensions.MessageLoopAsync: NotifyDataAvailable remoteEndPoint: 127.0.0.1:9598 localEndPoint: 127.0.0.1:9597
TpTrace Verbose: 0 : 24592, 14, 2024/04/16, 18:59:03.896, 4212704692128, vstest.console.dll, LengthPrefixCommunicationChannel.NotifyDataAvailable: New data are waiting to be received, but there is no subscriber to be notified. Not reading them from the stream.
TpTrace Verbose: 0 : 24592, 14, 2024/04/16, 18:59:03.896, 4212704692367, vstest.console.dll, TcpClientExtensions.MessageLoopAsync: Polling on remoteEndPoint: 127.0.0.1:9598 localEndPoint: 127.0.0.1:9597
TpTrace Verbose: 0 : 24592, 4, 2024/04/16, 18:59:03.896, 4212704692330, vstest.console.dll, MulticastDelegateUtilities.SafeInvoke: InternalTestLoggerEvents.SendTestRunMessage: Invoking callback 1/1 for Microsoft.VisualStudio.TestPlatform.CommandLine.Internal.ConsoleLogger., took 0 ms.
TpTrace Verbose: 0 : 24592, 14, 2024/04/16, 18:59:03.896, 4212704692618, vstest.console.dll, TcpClientExtensions.MessageLoopAsync: NotifyDataAvailable remoteEndPoint: 127.0.0.1:9598 localEndPoint: 127.0.0.1:9597
TpTrace Verbose: 0 : 24592, 14, 2024/04/16, 18:59:03.896, 4212704693626, vstest.console.dll, LengthPrefixCommunicationChannel.NotifyDataAvailable: New data are waiting to be received, but there is no subscriber to be notified. Not reading them from the stream.
TpTrace Verbose: 0 : 24592, 14, 2024/04/16, 18:59:03.896, 4212704693865, vstest.console.dll, TcpClientExtensions.MessageLoopAsync: Polling on remoteEndPoint: 127.0.0.1:9598 localEndPoint: 127.0.0.1:9597
TpTrace Warning: 0 : 24592, 5, 2024/04/16, 18:59:03.896, 4212704693904, vstest.console.dll, InferRunSettingsHelper.MakeRunsettingsCompatible: Removing the following settings: TargetPlatform from RunSettings file. To use those settings please move to latest version of Microsoft.NET.Test.Sdk
TpTrace Verbose: 0 : 24592, 14, 2024/04/16, 18:59:03.896, 4212704694103, vstest.console.dll, TcpClientExtensions.MessageLoopAsync: NotifyDataAvailable remoteEndPoint: 127.0.0.1:9598 localEndPoint: 127.0.0.1:9597
TpTrace Verbose: 0 : 24592, 14, 2024/04/16, 18:59:03.896, 4212704694639, vstest.console.dll, LengthPrefixCommunicationChannel.NotifyDataAvailable: New data are waiting to be received, but there is no subscriber to be notified. Not reading them from the stream.
TpTrace Verbose: 0 : 24592, 14, 2024/04/16, 18:59:03.896, 4212704694875, vstest.console.dll, TcpClientExtensions.MessageLoopAsync: Polling on remoteEndPoint: 127.0.0.1:9598 localEndPoint: 127.0.0.1:9597
TpTrace Verbose: 0 : 24592, 14, 2024/04/16, 18:59:03.897, 4212704695150, vstest.console.dll, TcpClientExtensions.MessageLoopAsync: NotifyDataAvailable remoteEndPoint: 127.0.0.1:9598 localEndPoint: 127.0.0.1:9597
TpTrace Verbose: 0 : 24592, 14, 2024/04/16, 18:59:03.897, 4212704695351, vstest.console.dll, LengthPrefixCommunicationChannel.NotifyDataAvailable: New data are waiting to be received, but there is no subscriber to be notified. Not reading them from the stream.
TpTrace Verbose: 0 : 24592, 14, 2024/04/16, 18:59:03.897, 4212704695525, vstest.console.dll, TcpClientExtensions.MessageLoopAsync: Polling on remoteEndPoint: 127.0.0.1:9598 localEndPoint: 127.0.0.1:9597
TpTrace Verbose: 0 : 24592, 14, 2024/04/16, 18:59:03.897, 4212704695788, vstest.console.dll, TcpClientExtensions.MessageLoopAsync: NotifyDataAvailable remoteEndPoint: 127.0.0.1:9598 localEndPoint: 127.0.0.1:9597
TpTrace Verbose: 0 : 24592, 14, 2024/04/16, 18:59:03.897, 4212704695963, vstest.console.dll, LengthPrefixCommunicationChannel.NotifyDataAvailable: New data are waiting to be received, but there is no subscriber to be notified. Not reading them from the stream.
TpTrace Verbose: 0 : 24592, 14, 2024/04/16, 18:59:03.897, 4212704696130, vstest.console.dll, TcpClientExtensions.MessageLoopAsync: Polling on remoteEndPoint: 127.0.0.1:9598 localEndPoint: 127.0.0.1:9597
TpTrace Verbose: 0 : 24592, 14, 2024/04/16, 18:59:03.897, 4212704696314, vstest.console.dll, TcpClientExtensions.MessageLoopAsync: NotifyDataAvailable remoteEndPoint: 127.0.0.1:9598 localEndPoint: 127.0.0.1:9597
TpTrace Verbose: 0 : 24592, 14, 2024/04/16, 18:59:03.897, 4212704696479, vstest.console.dll, LengthPrefixCommunicationChannel.NotifyDataAvailable: New data are waiting to be received, but there is no subscriber to be notified. Not reading them from the stream.
TpTrace Verbose: 0 : 24592, 14, 2024/04/16, 18:59:03.897, 4212704696645, vstest.console.dll, TcpClientExtensions.MessageLoopAsync: Polling on remoteEndPoint: 127.0.0.1:9598 localEndPoint: 127.0.0.1:9597
TpTrace Verbose: 0 : 24592, 14, 2024/04/16, 18:59:03.897, 4212704696887, vstest.console.dll, TcpClientExtensions.MessageLoopAsync: NotifyDataAvailable remoteEndPoint: 127.0.0.1:9598 localEndPoint: 127.0.0.1:9597
TpTrace Verbose: 0 : 24592, 14, 2024/04/16, 18:59:03.897, 4212704698907, vstest.console.dll, TestRequestSender.OnExecutionMessageReceived: Received message: {"Version":7,"MessageType":"TestSession.Message","Payload":{"MessageLevel":0,"Message":"Logging TestHost Diagnostics in file: C:\\Users\\Ivan\\Desktop\\Exam Prep 1\\IdeaAPItest\\IdeaAPItest\\bin\\Debug\\net6.0\\fine-code-coverage\\coverage-tool-output\\diagnostics.host.24-04-16_18-59-03_67021_5.log"}}
TpTrace Verbose: 0 : 24592, 14, 2024/04/16, 18:59:03.899, 4212704717736, vstest.console.dll, TestRunRequest:SendTestRunMessage: Starting.
TpTrace Verbose: 0 : 24592, 14, 2024/04/16, 18:59:03.899, 4212704718779, vstest.console.dll, MulticastDelegateUtilities.SafeInvoke: TestRun.LogMessages: Invoking callback 1/1 for Microsoft.VisualStudio.TestPlatform.CommandLine.TestRunResultAggregator., took 0 ms.
TpTrace Verbose: 0 : 24592, 4, 2024/04/16, 18:59:03.899, 4212704718942, vstest.console.dll, MulticastDelegateUtilities.SafeInvoke: InternalTestLoggerEvents.SendTestRunMessage: Invoking callback 1/1 for Microsoft.VisualStudio.TestPlatform.CommandLine.Internal.ConsoleLogger., took 0 ms.
TpTrace Information: 0 : 24592, 14, 2024/04/16, 18:59:03.899, 4212704719187, vstest.console.dll, TestRunRequest:SendTestRunMessage: Completed.
TpTrace Verbose: 0 : 24592, 14, 2024/04/16, 18:59:03.899, 4212704720522, vstest.console.dll, MulticastDelegateUtilities.SafeInvoke: LengthPrefixCommunicationChannel: MessageReceived: Invoking callback 1/1 for Microsoft.VisualStudio.TestPlatform.CommunicationUtilities.TestRequestSender+<>c__DisplayClass34_0., took 2 ms.
TpTrace Verbose: 0 : 24592, 14, 2024/04/16, 18:59:03.899, 4212704720841, vstest.console.dll, TcpClientExtensions.MessageLoopAsync: Polling on remoteEndPoint: 127.0.0.1:9598 localEndPoint: 127.0.0.1:9597
TpTrace Verbose: 0 : 24592, 5, 2024/04/16, 18:59:03.900, 4212704731452, vstest.console.dll, TestRequestSender.StartTestRun: Sending test run with message: {"Version":7,"MessageType":"TestExecution.StartWithSources","Payload":{"AdapterSourceMap":{"_none_":["C:\\Users\\Ivan\\Desktop\\Exam Prep 1\\IdeaAPItest\\IdeaAPItest\\bin\\Debug\\net6.0\\fine-code-coverage\\build-output\\IdeaAPItest.dll"]},"RunSettings":"<RunSettings>\r\n  <RunConfiguration>\r\n    <ResultsDirectory>C:\\Users\\Ivan\\Desktop\\Exam Prep 1\\IdeaAPItest\\IdeaAPItest\\bin\\Debug\\net6.0\\fine-code-coverage\\coverage-tool-output</ResultsDirectory>\r\n    <TargetFrameworkVersion>.NETCoreApp,Version=v6.0</TargetFrameworkVersion>\r\n    <DesignMode>False</DesignMode>\r\n    <CollectSourceInformation>False</CollectSourceInformation>\r\n  </RunConfiguration>\r\n  <LoggerRunSettings>\r\n    <Loggers>\r\n      <Logger friendlyName=\"blame\" enabled=\"True\" />\r\n      <Logger friendlyName=\"Console\" uri=\"logger://microsoft/TestPlatform/ConsoleLogger/v1\" assemblyQualifiedName=\"Microsoft.VisualStudio.TestPlatform.CommandLine.Internal.ConsoleLogger, vstest.console, Version=15.0.0.0, Culture=neutral, PublicKeyToken=b03f5f7f11d50a3a\" codeBase=\"C:\\Program Files\\dotnet\\sdk\\8.0.101\\vstest.console.dll\" enabled=\"True\" />\r\n    </Loggers>\r\n  </LoggerRunSettings>\r\n  <DataCollectionRunSettings>\r\n    <DataCollectors>\r\n      <DataCollector friendlyName=\"blame\" enabled=\"True\">\r\n        <Configuration>\r\n          <ResultsDirectory>C:\\Users\\Ivan\\Desktop\\Exam Prep 1\\IdeaAPItest\\IdeaAPItest\\bin\\Debug\\net6.0\\fine-code-coverage\\coverage-tool-output</ResultsDirectory>\r\n        </Configuration>\r\n      </DataCollector>\r\n    </DataCollectors>\r\n  </DataCollectionRunSettings>\r\n</RunSettings>","TestExecutionContext":{"FrequencyOfRunStatsChangeEvent":10,"RunStatsChangeEventTimeout":"00:00:01.5000000","InIsolation":false,"KeepAlive":false,"AreTestCaseLevelEventsRequired":false,"IsDebug":false,"TestCaseFilter":null,"FilterOptions":null},"Package":null}}
TpTrace Verbose: 0 : 24592, 5, 2024/04/16, 18:59:03.900, 4212704732560, vstest.console.dll, ParallelProxyExecutionManager.StartTestRunOnConcurrentManager: Execution started. Started clients: 1
TpTrace Verbose: 0 : 24592, 14, 2024/04/16, 18:59:04.031, 4212706037092, vstest.console.dll, TcpClientExtensions.MessageLoopAsync: NotifyDataAvailable remoteEndPoint: 127.0.0.1:9598 localEndPoint: 127.0.0.1:9597
TpTrace Verbose: 0 : 24592, 14, 2024/04/16, 18:59:04.031, 4212706038955, vstest.console.dll, TestRequestSender.OnExecutionMessageReceived: Received message: {"Version":7,"MessageType":"TestSession.Message","Payload":{"MessageLevel":0,"Message":"NUnit Adapter 4.4.0.0: Test execution started"}}
TpTrace Verbose: 0 : 24592, 14, 2024/04/16, 18:59:04.031, 4212706041593, vstest.console.dll, TestRunRequest:SendTestRunMessage: Starting.
TpTrace Verbose: 0 : 24592, 14, 2024/04/16, 18:59:04.031, 4212706042525, vstest.console.dll, MulticastDelegateUtilities.SafeInvoke: TestRun.LogMessages: Invoking callback 1/1 for Microsoft.VisualStudio.TestPlatform.CommandLine.TestRunResultAggregator., took 0 ms.
TpTrace Verbose: 0 : 24592, 4, 2024/04/16, 18:59:04.031, 4212706042656, vstest.console.dll, MulticastDelegateUtilities.SafeInvoke: InternalTestLoggerEvents.SendTestRunMessage: Invoking callback 1/1 for Microsoft.VisualStudio.TestPlatform.CommandLine.Internal.ConsoleLogger., took 0 ms.
TpTrace Information: 0 : 24592, 14, 2024/04/16, 18:59:04.031, 4212706042997, vstest.console.dll, TestRunRequest:SendTestRunMessage: Completed.
TpTrace Verbose: 0 : 24592, 14, 2024/04/16, 18:59:04.031, 4212706043928, vstest.console.dll, MulticastDelegateUtilities.SafeInvoke: LengthPrefixCommunicationChannel: MessageReceived: Invoking callback 1/1 for Microsoft.VisualStudio.TestPlatform.CommunicationUtilities.TestRequestSender+<>c__DisplayClass34_0., took 0 ms.
TpTrace Verbose: 0 : 24592, 14, 2024/04/16, 18:59:04.031, 4212706044269, vstest.console.dll, TcpClientExtensions.MessageLoopAsync: Polling on remoteEndPoint: 127.0.0.1:9598 localEndPoint: 127.0.0.1:9597
TpTrace Verbose: 0 : 24592, 14, 2024/04/16, 18:59:04.055, 4212706276188, vstest.console.dll, TcpClientExtensions.MessageLoopAsync: NotifyDataAvailable remoteEndPoint: 127.0.0.1:9598 localEndPoint: 127.0.0.1:9597
TpTrace Verbose: 0 : 24592, 14, 2024/04/16, 18:59:04.055, 4212706277736, vstest.console.dll, TestRequestSender.OnExecutionMessageReceived: Received message: {"Version":7,"MessageType":"TestSession.Message","Payload":{"MessageLevel":0,"Message":"Running all tests in C:\\Users\\Ivan\\Desktop\\Exam Prep 1\\IdeaAPItest\\IdeaAPItest\\bin\\Debug\\net6.0\\fine-code-coverage\\build-output\\IdeaAPItest.dll"}}
TpTrace Verbose: 0 : 24592, 14, 2024/04/16, 18:59:04.055, 4212706278878, vstest.console.dll, TestRunRequest:SendTestRunMessage: Starting.
TpTrace Verbose: 0 : 24592, 14, 2024/04/16, 18:59:04.055, 4212706279349, vstest.console.dll, MulticastDelegateUtilities.SafeInvoke: TestRun.LogMessages: Invoking callback 1/1 for Microsoft.VisualStudio.TestPlatform.CommandLine.TestRunResultAggregator., took 0 ms.
TpTrace Information: 0 : 24592, 14, 2024/04/16, 18:59:04.055, 4212706279612, vstest.console.dll, TestRunRequest:SendTestRunMessage: Completed.
TpTrace Verbose: 0 : 24592, 4, 2024/04/16, 18:59:04.055, 4212706279629, vstest.console.dll, MulticastDelegateUtilities.SafeInvoke: InternalTestLoggerEvents.SendTestRunMessage: Invoking callback 1/1 for Microsoft.VisualStudio.TestPlatform.CommandLine.Internal.ConsoleLogger., took 0 ms.
TpTrace Verbose: 0 : 24592, 14, 2024/04/16, 18:59:04.055, 4212706279803, vstest.console.dll, MulticastDelegateUtilities.SafeInvoke: LengthPrefixCommunicationChannel: MessageReceived: Invoking callback 1/1 for Microsoft.VisualStudio.TestPlatform.CommunicationUtilities.TestRequestSender+<>c__DisplayClass34_0., took 0 ms.
TpTrace Verbose: 0 : 24592, 14, 2024/04/16, 18:59:04.055, 4212706280587, vstest.console.dll, TcpClientExtensions.MessageLoopAsync: Polling on remoteEndPoint: 127.0.0.1:9598 localEndPoint: 127.0.0.1:9597
TpTrace Verbose: 0 : 24592, 14, 2024/04/16, 18:59:04.154, 4212707270094, vstest.console.dll, TcpClientExtensions.MessageLoopAsync: NotifyDataAvailable remoteEndPoint: 127.0.0.1:9598 localEndPoint: 127.0.0.1:9597
TpTrace Verbose: 0 : 24592, 14, 2024/04/16, 18:59:04.154, 4212707271809, vstest.console.dll, TestRequestSender.OnExecutionMessageReceived: Received message: {"Version":7,"MessageType":"TestSession.Message","Payload":{"MessageLevel":0,"Message":"   NUnit3TestExecutor discovered 7 of 7 NUnit test cases using Current Discovery mode, Non-Explicit run"}}
TpTrace Verbose: 0 : 24592, 14, 2024/04/16, 18:59:04.154, 4212707273001, vstest.console.dll, TestRunRequest:SendTestRunMessage: Starting.
TpTrace Verbose: 0 : 24592, 14, 2024/04/16, 18:59:04.154, 4212707273730, vstest.console.dll, MulticastDelegateUtilities.SafeInvoke: TestRun.LogMessages: Invoking callback 1/1 for Microsoft.VisualStudio.TestPlatform.CommandLine.TestRunResultAggregator., took 0 ms.
TpTrace Verbose: 0 : 24592, 4, 2024/04/16, 18:59:04.154, 4212707273973, vstest.console.dll, MulticastDelegateUtilities.SafeInvoke: InternalTestLoggerEvents.SendTestRunMessage: Invoking callback 1/1 for Microsoft.VisualStudio.TestPlatform.CommandLine.Internal.ConsoleLogger., took 0 ms.
TpTrace Information: 0 : 24592, 14, 2024/04/16, 18:59:04.154, 4212707274542, vstest.console.dll, TestRunRequest:SendTestRunMessage: Completed.
TpTrace Verbose: 0 : 24592, 14, 2024/04/16, 18:59:04.154, 4212707274932, vstest.console.dll, MulticastDelegateUtilities.SafeInvoke: LengthPrefixCommunicationChannel: MessageReceived: Invoking callback 1/1 for Microsoft.VisualStudio.TestPlatform.CommunicationUtilities.TestRequestSender+<>c__DisplayClass34_0., took 0 ms.
TpTrace Verbose: 0 : 24592, 14, 2024/04/16, 18:59:04.155, 4212707275273, vstest.console.dll, TcpClientExtensions.MessageLoopAsync: Polling on remoteEndPoint: 127.0.0.1:9598 localEndPoint: 127.0.0.1:9597
TpTrace Verbose: 0 : 24592, 14, 2024/04/16, 18:59:05.160, 4212717326974, vstest.console.dll, TcpClientExtensions.MessageLoopAsync: Polling on remoteEndPoint: 127.0.0.1:9598 localEndPoint: 127.0.0.1:9597
TpTrace Verbose: 0 : 24592, 14, 2024/04/16, 18:59:05.315, 4212718884488, vstest.console.dll, TcpClientExtensions.MessageLoopAsync: NotifyDataAvailable remoteEndPoint: 127.0.0.1:9598 localEndPoint: 127.0.0.1:9597
TpTrace Verbose: 0 : 24592, 14, 2024/04/16, 18:59:05.316, 4212718886566, vstest.console.dll, TestRequestSender.OnExecutionMessageReceived: Received message: {"Version":7,"MessageType":"TestSession.Message","Payload":{"MessageLevel":0,"Message":"NUnit Adapter 4.4.0.0: Test execution complete"}}
TpTrace Verbose: 0 : 24592, 14, 2024/04/16, 18:59:05.316, 4212718888446, vstest.console.dll, TestRunRequest:SendTestRunMessage: Starting.
TpTrace Verbose: 0 : 24592, 14, 2024/04/16, 18:59:05.316, 4212718889149, vstest.console.dll, MulticastDelegateUtilities.SafeInvoke: TestRun.LogMessages: Invoking callback 1/1 for Microsoft.VisualStudio.TestPlatform.CommandLine.TestRunResultAggregator., took 0 ms.
TpTrace Verbose: 0 : 24592, 4, 2024/04/16, 18:59:05.316, 4212718889438, vstest.console.dll, MulticastDelegateUtilities.SafeInvoke: InternalTestLoggerEvents.SendTestRunMessage: Invoking callback 1/1 for Microsoft.VisualStudio.TestPlatform.CommandLine.Internal.ConsoleLogger., took 0 ms.
TpTrace Information: 0 : 24592, 14, 2024/04/16, 18:59:05.316, 4212718890153, vstest.console.dll, TestRunRequest:SendTestRunMessage: Completed.
TpTrace Verbose: 0 : 24592, 14, 2024/04/16, 18:59:05.316, 4212718890577, vstest.console.dll, MulticastDelegateUtilities.SafeInvoke: LengthPrefixCommunicationChannel: MessageReceived: Invoking callback 1/1 for Microsoft.VisualStudio.TestPlatform.CommunicationUtilities.TestRequestSender+<>c__DisplayClass34_0., took 0 ms.
TpTrace Verbose: 0 : 24592, 14, 2024/04/16, 18:59:05.316, 4212718891005, vstest.console.dll, TcpClientExtensions.MessageLoopAsync: Polling on remoteEndPoint: 127.0.0.1:9598 localEndPoint: 127.0.0.1:9597
TpTrace Verbose: 0 : 24592, 14, 2024/04/16, 18:59:05.344, 4212719169060, vstest.console.dll, TcpClientExtensions.MessageLoopAsync: NotifyDataAvailable remoteEndPoint: 127.0.0.1:9598 localEndPoint: 127.0.0.1:9597
TpTrace Verbose: 0 : 24592, 14, 2024/04/16, 18:59:05.344, 4212719172297, vstest.console.dll, TestRequestSender.OnExecutionMessageReceived: Received message: {"Version":7,"MessageType":"TestExecution.Completed","Payload":{"TestRunCompleteArgs":{"TestRunStatistics":{"ExecutedTests":7,"Stats":{"Passed":7}},"IsCanceled":false,"IsAborted":false,"Error":null,"AttachmentSets":[],"InvokedDataCollectors":[],"ElapsedTimeInRunningTests":"00:00:01.3060877","Metrics":{},"DiscoveredExtensions":{"TestDiscoverers":["NUnit.VisualStudio.TestAdapter.NUnit3TestDiscoverer, NUnit3.TestAdapter, Version=4.4.0.0, Culture=neutral, PublicKeyToken=4cb40d35494691ac"],"TestExecutors":["executor://NUnit3TestExecutor"],"TestExecutors2":[],"TestSettingsProviders":[]}},"LastRunTests":{"NewTestResults":[{"TestCase":{"Id":"ac865fd0-6b2b-a41d-7ff2-893faa3a28d2","FullyQualifiedName":"IdeaAPItest.IdeaAPITest.CreateNewIdea_WithCorrectData_ShouldSucceed","DisplayName":"CreateNewIdea_WithCorrectData_ShouldSucceed","ExecutorUri":"executor://NUnit3TestExecutor","Source":"C:\\Users\\Ivan\\Desktop\\Exam Prep 1\\IdeaAPItest\\IdeaAPItest\\bin\\Debug\\net6.0\\fine-code-coverage\\build-output\\IdeaAPItest.dll","CodeFilePath":null,"LineNumber":0,"Properties":[{"Key":{"Id":"NUnit.Seed","Label":"Seed","Category":"","Description":"","Attributes":0,"ValueType":"System.String"},"Value":"904676410"}]},"Attachments":[],"Outcome":1,"ErrorMessage":null,"ErrorStackTrace":null,"DisplayName":"CreateNewIdea_WithCorrectData_ShouldSucceed","Messages":[],"ComputerName":"DESKTOP-QI8JBMK","Duration":"00:00:00.1520160","StartTime":"2024-04-16T15:59:04.7304562+00:00","EndTime":"2024-04-16T15:59:04.8824184+00:00","Properties":[{"Key":{"Id":"NUnit.Seed","Label":"Seed","Category":"","Description":"","Attributes":0,"ValueType":"System.String"},"Value":"904676410"}]},{"TestCase":{"Id":"da79d9c6-e60c-dc18-1253-420ac8c0a5f3","FullyQualifiedName":"IdeaAPItest.IdeaAPITest.GetAllIdeas_ShouldReturnNonEmptyArray","DisplayName":"GetAllIdeas_ShouldReturnNonEmptyArray","ExecutorUri":"executor://NUnit3TestExecutor","Source":"C:\\Users\\Ivan\\Desktop\\Exam Prep 1\\IdeaAPItest\\IdeaAPItest\\bin\\Debug\\net6.0\\fine-code-coverage\\build-output\\IdeaAPItest.dll","CodeFilePath":null,"LineNumber":0,"Properties":[{"Key":{"Id":"NUnit.Seed","Label":"Seed","Category":"","Description":"","Attributes":0,"ValueType":"System.String"},"Value":"778736478"}]},"Attachments":[],"Outcome":1,"ErrorMessage":null,"ErrorStackTrace":null,"DisplayName":"GetAllIdeas_ShouldReturnNonEmptyArray","Messages":[],"ComputerName":"DESKTOP-QI8JBMK","Duration":"00:00:00.0774930","StartTime":"2024-04-16T15:59:04.8836068+00:00","EndTime":"2024-04-16T15:59:04.9611001+00:00","Properties":[{"Key":{"Id":"NUnit.Seed","Label":"Seed","Category":"","Description":"","Attributes":0,"ValueType":"System.String"},"Value":"778736478"}]},{"TestCase":{"Id":"26b09c6f-90c6-6518-ed51-92da927759bf","FullyQualifiedName":"IdeaAPItest.IdeaAPITest.EditedIdea_WithCorrectData_ShouldSucce","DisplayName":"EditedIdea_WithCorrectData_ShouldSucce","ExecutorUri":"executor://NUnit3TestExecutor","Source":"C:\\Users\\Ivan\\Desktop\\Exam Prep 1\\IdeaAPItest\\IdeaAPItest\\bin\\Debug\\net6.0\\fine-code-coverage\\build-output\\IdeaAPItest.dll","CodeFilePath":null,"LineNumber":0,"Properties":[{"Key":{"Id":"NUnit.Seed","Label":"Seed","Category":"","Description":"","Attributes":0,"ValueType":"System.String"},"Value":"104647016"}]},"Attachments":[],"Outcome":1,"ErrorMessage":null,"ErrorStackTrace":null,"DisplayName":"EditedIdea_WithCorrectData_ShouldSucce","Messages":[],"ComputerName":"DESKTOP-QI8JBMK","Duration":"00:00:00.0716450","StartTime":"2024-04-16T15:59:04.9611458+00:00","EndTime":"2024-04-16T15:59:05.0327899+00:00","Properties":[{"Key":{"Id":"NUnit.Seed","Label":"Seed","Category":"","Description":"","Attributes":0,"ValueType":"System.String"},"Value":"104647016"}]},{"TestCase":{"Id":"e3d4b5e8-664e-d15a-1964-642b8368157b","FullyQualifiedName":"IdeaAPItest.IdeaAPITest.DeleteIdea_ShouldSucce","DisplayName":"DeleteIdea_ShouldSucce","ExecutorUri":"executor://NUnit3TestExecutor","Source":"C:\\Users\\Ivan\\Desktop\\Exam Prep 1\\IdeaAPItest\\IdeaAPItest\\bin\\Debug\\net6.0\\fine-code-coverage\\build-output\\IdeaAPItest.dll","CodeFilePath":null,"LineNumber":0,"Properties":[{"Key":{"Id":"NUnit.Seed","Label":"Seed","Category":"","Description":"","Attributes":0,"ValueType":"System.String"},"Value":"12026837"}]},"Attachments":[],"Outcome":1,"ErrorMessage":null,"ErrorStackTrace":null,"DisplayName":"DeleteIdea_ShouldSucce","Messages":[],"ComputerName":"DESKTOP-QI8JBMK","Duration":"00:00:00.0812760","StartTime":"2024-04-16T15:59:05.0328258+00:00","EndTime":"2024-04-16T15:59:05.1141014+00:00","Properties":[{"Key":{"Id":"NUnit.Seed","Label":"Seed","Category":"","Description":"","Attributes":0,"ValueType":"System.String"},"Value":"12026837"}]},{"TestCase":{"Id":"371c4e29-e697-5fd6-45eb-e7af9008bb80","FullyQualifiedName":"IdeaAPItest.IdeaAPITest.CreateIdea_WithoutRequiredFields_ShouldReturnBadRequest","DisplayName":"CreateIdea_WithoutRequiredFields_ShouldReturnBadRequest","ExecutorUri":"executor://NUnit3TestExecutor","Source":"C:\\Users\\Ivan\\Desktop\\Exam Prep 1\\IdeaAPItest\\IdeaAPItest\\bin\\Debug\\net6.0\\fine-code-coverage\\build-output\\IdeaAPItest.dll","CodeFilePath":null,"LineNumber":0,"Properties":[{"Key":{"Id":"NUnit.Seed","Label":"Seed","Category":"","Description":"","Attributes":0,"ValueType":"System.String"},"Value":"1531380166"}]},"Attachments":[],"Outcome":1,"ErrorMessage":null,"ErrorStackTrace":null,"DisplayName":"CreateIdea_WithoutRequiredFields_ShouldReturnBadRequest","Messages":[],"ComputerName":"DESKTOP-QI8JBMK","Duration":"00:00:00.0621660","StartTime":"2024-04-16T15:59:05.1141329+00:00","EndTime":"2024-04-16T15:59:05.1762982+00:00","Properties":[{"Key":{"Id":"NUnit.Seed","Label":"Seed","Category":"","Description":"","Attributes":0,"ValueType":"System.String"},"Value":"1531380166"}]},{"TestCase":{"Id":"07b1f1a9-97cb-11e2-3f2e-1dc4371a4ea4","FullyQualifiedName":"IdeaAPItest.IdeaAPITest.EditNonExistingIdea_ShouldReturnNotFound","DisplayName":"EditNonExistingIdea_ShouldReturnNotFound","ExecutorUri":"executor://NUnit3TestExecutor","Source":"C:\\Users\\Ivan\\Desktop\\Exam Prep 1\\IdeaAPItest\\IdeaAPItest\\bin\\Debug\\net6.0\\fine-code-coverage\\build-output\\IdeaAPItest.dll","CodeFilePath":null,"LineNumber":0,"Properties":[{"Key":{"Id":"NUnit.Seed","Label":"Seed","Category":"","Description":"","Attributes":0,"ValueType":"System.String"},"Value":"1707472954"}]},"Attachments":[],"Outcome":1,"ErrorMessage":null,"ErrorStackTrace":null,"DisplayName":"EditNonExistingIdea_ShouldReturnNotFound","Messages":[],"ComputerName":"DESKTOP-QI8JBMK","Duration":"00:00:00.0675840","StartTime":"2024-04-16T15:59:05.1763306+00:00","EndTime":"2024-04-16T15:59:05.2439136+00:00","Properties":[{"Key":{"Id":"NUnit.Seed","Label":"Seed","Category":"","Description":"","Attributes":0,"ValueType":"System.String"},"Value":"1707472954"}]},{"TestCase":{"Id":"d5c40a67-d5d5-c8dc-6cec-5e99e6e2a25f","FullyQualifiedName":"IdeaAPItest.IdeaAPITest.DeleteNonExistingIdea_ShouldReturnNotFound","DisplayName":"DeleteNonExistingIdea_ShouldReturnNotFound","ExecutorUri":"executor://NUnit3TestExecutor","Source":"C:\\Users\\Ivan\\Desktop\\Exam Prep 1\\IdeaAPItest\\IdeaAPItest\\bin\\Debug\\net6.0\\fine-code-coverage\\build-output\\IdeaAPItest.dll","CodeFilePath":null,"LineNumber":0,"Properties":[{"Key":{"Id":"NUnit.Seed","Label":"Seed","Category":"","Description":"","Attributes":0,"ValueType":"System.String"},"Value":"1123508038"}]},"Attachments":[],"Outcome":1,"ErrorMessage":null,"ErrorStackTrace":null,"DisplayName":"DeleteNonExistingIdea_ShouldReturnNotFound","Messages":[],"ComputerName":"DESKTOP-QI8JBMK","Duration":"00:00:00.0665970","StartTime":"2024-04-16T15:59:05.2439455+00:00","EndTime":"2024-04-16T15:59:05.3105422+00:00","Properties":[{"Key":{"Id":"NUnit.Seed","Label":"Seed","Category":"","Description":"","Attributes":0,"ValueType":"System.String"},"Value":"1123508038"}]}],"TestRunStatistics":{"ExecutedTests":7,"Stats":{"Passed":7}},"ActiveTests":[]},"RunAttachments":[],"ExecutorUris":["executor://nunit3testexecutor/"]}}
TpTrace Verbose: 0 : 24592, 14, 2024/04/16, 18:59:05.344, 4212719174561, vstest.console.dll, TestRequestSender.EndSession: Sending end session.
TpTrace Verbose: 0 : 24592, 14, 2024/04/16, 18:59:05.345, 4212719176348, vstest.console.dll, ProxyOperationManager.Close: waiting for test host to exit for 100 ms
TpTrace Verbose: 0 : 24592, 12, 2024/04/16, 18:59:05.366, 4212719388336, vstest.console.dll, TestHostManagerCallbacks.ctor: Experimental forwarding output is disabled.
TpTrace Warning: 0 : 24592, 12, 2024/04/16, 18:59:05.366, 4212719389882, vstest.console.dll, TestHostManagerCallbacks.ErrorReceivedCallback Test host standard error line: 
TpTrace Verbose: 0 : 24592, 12, 2024/04/16, 18:59:05.371, 4212719443039, vstest.console.dll, TestHostProvider.ExitCallBack: Host exited starting callback.
TpTrace Information: 0 : 24592, 12, 2024/04/16, 18:59:05.371, 4212719444095, vstest.console.dll, TestHostManagerCallbacks.ExitCallBack: Testhost processId: 8020 exited with exitcode: 0 error: ''
TpTrace Verbose: 0 : 24592, 12, 2024/04/16, 18:59:05.371, 4212719444462, vstest.console.dll, DotnetTestHostManager.OnHostExited: invoking OnHostExited callback
TpTrace Verbose: 0 : 24592, 12, 2024/04/16, 18:59:05.371, 4212719444915, vstest.console.dll, CrossPlatEngine.TestHostManagerHostExited: calling on client process exit callback.
TpTrace Information: 0 : 24592, 12, 2024/04/16, 18:59:05.372, 4212719445329, vstest.console.dll, TestRequestSender.OnClientProcessExit: Test host process exited. Standard error: 
TpTrace Information: 0 : 24592, 12, 2024/04/16, 18:59:05.372, 4212719445614, vstest.console.dll, SocketServer.Stop: Stop server endPoint: 127.0.0.1:9597
TpTrace Information: 0 : 24592, 12, 2024/04/16, 18:59:05.372, 4212719445785, vstest.console.dll, SocketServer.Stop: Cancellation requested. Stopping message loop.
TpTrace Information: 0 : 24592, 14, 2024/04/16, 18:59:05.372, 4212719445757, vstest.console.dll, SocketServer.Stop: Stop server endPoint: 127.0.0.1:9597
TpTrace Information: 0 : 24592, 14, 2024/04/16, 18:59:05.372, 4212719446522, vstest.console.dll, SocketServer.Stop: Cancellation requested. Stopping message loop.
TpTrace Information: 0 : 24592, 14, 2024/04/16, 18:59:05.372, 4212719446948, vstest.console.dll, Closing the connection
TpTrace Verbose: 0 : 24592, 12, 2024/04/16, 18:59:05.372, 4212719447137, vstest.console.dll, MulticastDelegateUtilities.SafeInvoke: HostProviderEvents.OnHostExited: Invoking callback 1/1 for Microsoft.VisualStudio.TestPlatform.CrossPlatEngine.Client.ProxyOperationManager., took 0 ms.
TpTrace Verbose: 0 : 24592, 14, 2024/04/16, 18:59:05.372, 4212719448750, vstest.console.dll, ProxyDataCollectionManager.InvokeDataCollectionServiceAction: Starting.
TpTrace Information: 0 : 24592, 14, 2024/04/16, 18:59:05.372, 4212719449223, vstest.console.dll, ProxyDataCollectionManager.AfterTestRunEnd: Get attachment set and invoked data collectors processId: 18924 port: 9594
TpTrace Verbose: 0 : 24592, 14, 2024/04/16, 18:59:05.372, 4212719449569, vstest.console.dll, DataCollectionRequestSender.SendAfterTestRunStartAndGetResult: Send AfterTestRunEnd message with isCancelled: False
TpTrace Verbose: 0 : 24592, 14, 2024/04/16, 18:59:05.376, 4212719491507, vstest.console.dll, DataCollectionRequestSender.SendAfterTestRunStartAndGetResult: Received message: (DataCollection.AfterTestRunEndResult) -> {"MessageType":"DataCollection.AfterTestRunEndResult","Payload":{"AttachmentSets":[],"InvokedDataCollectors":[{"Uri":"datacollector://Microsoft/TestPlatform/Extensions/Blame/v1","FriendlyName":"Blame","AssemblyQualifiedName":"Microsoft.TestPlatform.Extensions.BlameDataCollector.BlameCollector, Microsoft.TestPlatform.Extensions.BlameDataCollector, Version=15.0.0.0, Culture=neutral, PublicKeyToken=b03f5f7f11d50a3a","FilePath":"C:\\Program Files\\dotnet\\sdk\\8.0.101\\Extensions\\Microsoft.TestPlatform.Extensions.BlameDataCollector.dll","HasAttachmentProcessor":false}],"Metrics":{}}}
TpTrace Warning: 0 : 24592, 11, 2024/04/16, 18:59:05.380, 4212719528095, vstest.console.dll, DataCollectionLauncher.ErrorReceivedCallback datacollector standard error line: 
TpTrace Information: 0 : 24592, 14, 2024/04/16, 18:59:05.381, 4212719537437, vstest.console.dll, ProxyDataCollectionManager.InvokeDataCollectionServiceAction: Completed.
TpTrace Information: 0 : 24592, 11, 2024/04/16, 18:59:05.383, 4212719563154, vstest.console.dll, DataCollectionLauncher.ExitCallBack: Data collector exited with exitcode: 0 error: ''
TpTrace Verbose: 0 : 24592, 14, 2024/04/16, 18:59:05.425, 4212719975184, vstest.console.dll, TestRunRequest:SendTestRunStatsChange: Starting.
TpTrace Verbose: 0 : 24592, 14, 2024/04/16, 18:59:05.425, 4212719977200, vstest.console.dll, MulticastDelegateUtilities.SafeInvoke: TestRun.RunStatsChanged: Invoking callbacks was skipped because there are no subscribers.
TpTrace Information: 0 : 24592, 14, 2024/04/16, 18:59:05.425, 4212719977548, vstest.console.dll, TestRunRequest:SendTestRunStatsChange: Completed.
TpTrace Verbose: 0 : 24592, 14, 2024/04/16, 18:59:05.425, 4212719979483, vstest.console.dll, ParallelProxyExecutionManager: HandlePartialRunComplete: Total workloads = 1, Total started clients = 1 Total completed clients = 1, Run complete = True, Run canceled: False.
TpTrace Verbose: 0 : 24592, 14, 2024/04/16, 18:59:05.425, 4212719979789, vstest.console.dll, ParallelProxyExecutionManager: HandlePartialRunComplete: All runs completed stopping all managers.
TpTrace Verbose: 0 : 24592, 14, 2024/04/16, 18:59:05.425, 4212719980052, vstest.console.dll, ParallelOperationManager.StopAllManagers: Stopping all managers.
TpTrace Verbose: 0 : 24592, 14, 2024/04/16, 18:59:05.425, 4212719980246, vstest.console.dll, ParallelOperationManager.ClearSlots: Clearing all slots. Slots should accept more work: False
TpTrace Verbose: 0 : 24592, 14, 2024/04/16, 18:59:05.425, 4212719980492, vstest.console.dll, ParallelOperationManager.SetOccupiedSlotCount: Setting slot counts AvailableSlotCount = 1, OccupiedSlotCount = 0.
TpTrace Verbose: 0 : 24592, 14, 2024/04/16, 18:59:05.425, 4212719980702, vstest.console.dll, Occupied slots:

TpTrace Verbose: 0 : 24592, 4, 2024/04/16, 18:59:05.426, 4212719988504, vstest.console.dll, MulticastDelegateUtilities.SafeInvoke: InternalTestLoggerEvents.SendTestResult: Invoking callback 1/1 for Microsoft.VisualStudio.TestPlatform.CommandLine.Internal.ConsoleLogger., took 1 ms.
TpTrace Verbose: 0 : 24592, 4, 2024/04/16, 18:59:05.426, 4212719991254, vstest.console.dll, MulticastDelegateUtilities.SafeInvoke: InternalTestLoggerEvents.SendTestResult: Invoking callback 1/1 for Microsoft.VisualStudio.TestPlatform.CommandLine.Internal.ConsoleLogger., took 0 ms.
TpTrace Verbose: 0 : 24592, 4, 2024/04/16, 18:59:05.426, 4212719991823, vstest.console.dll, MulticastDelegateUtilities.SafeInvoke: InternalTestLoggerEvents.SendTestResult: Invoking callback 1/1 for Microsoft.VisualStudio.TestPlatform.CommandLine.Internal.ConsoleLogger., took 0 ms.
TpTrace Verbose: 0 : 24592, 4, 2024/04/16, 18:59:05.426, 4212719992179, vstest.console.dll, MulticastDelegateUtilities.SafeInvoke: InternalTestLoggerEvents.SendTestResult: Invoking callback 1/1 for Microsoft.VisualStudio.TestPlatform.CommandLine.Internal.ConsoleLogger., took 0 ms.
TpTrace Verbose: 0 : 24592, 4, 2024/04/16, 18:59:05.426, 4212719992470, vstest.console.dll, MulticastDelegateUtilities.SafeInvoke: InternalTestLoggerEvents.SendTestResult: Invoking callback 1/1 for Microsoft.VisualStudio.TestPlatform.CommandLine.Internal.ConsoleLogger., took 0 ms.
TpTrace Verbose: 0 : 24592, 4, 2024/04/16, 18:59:05.426, 4212719992752, vstest.console.dll, MulticastDelegateUtilities.SafeInvoke: InternalTestLoggerEvents.SendTestResult: Invoking callback 1/1 for Microsoft.VisualStudio.TestPlatform.CommandLine.Internal.ConsoleLogger., took 0 ms.
TpTrace Verbose: 0 : 24592, 4, 2024/04/16, 18:59:05.426, 4212719993047, vstest.console.dll, MulticastDelegateUtilities.SafeInvoke: InternalTestLoggerEvents.SendTestResult: Invoking callback 1/1 for Microsoft.VisualStudio.TestPlatform.CommandLine.Internal.ConsoleLogger., took 0 ms.
TpTrace Verbose: 0 : 24592, 4, 2024/04/16, 18:59:05.430, 4212720032432, vstest.console.dll, MulticastDelegateUtilities.SafeInvoke: InternalTestLoggerEvents.SendTestRunComplete: Invoking callback 1/2 for Microsoft.TestPlatform.Extensions.BlameDataCollector.BlameLogger., took 0 ms.
TpTrace Verbose: 0 : 24592, 4, 2024/04/16, 18:59:05.434, 4212720066697, vstest.console.dll, MulticastDelegateUtilities.SafeInvoke: InternalTestLoggerEvents.SendTestRunComplete: Invoking callback 2/2 for Microsoft.VisualStudio.TestPlatform.CommandLine.Internal.ConsoleLogger., took 3 ms.
TpTrace Verbose: 0 : 24592, 14, 2024/04/16, 18:59:05.434, 4212720068980, vstest.console.dll, TestRunRequest:TestRunComplete: Starting. IsAborted:False IsCanceled:False.
TpTrace Verbose: 0 : 24592, 14, 2024/04/16, 18:59:05.434, 4212720070312, vstest.console.dll, ParallelOperationManager.DoActionOnAllManagers: Calling an action on all managers.
TpTrace Verbose: 0 : 24592, 14, 2024/04/16, 18:59:05.435, 4212720077396, vstest.console.dll, TestLoggerManager.HandleTestRunComplete: Ignoring as the object is disposed.
TpTrace Verbose: 0 : 24592, 14, 2024/04/16, 18:59:05.435, 4212720078939, vstest.console.dll, MulticastDelegateUtilities.SafeInvoke: TestRun.TestRunComplete: Invoking callback 1/2 for Microsoft.VisualStudio.TestPlatform.CommandLine.TestRunResultAggregator., took 0 ms.
TpTrace Verbose: 0 : 24592, 14, 2024/04/16, 18:59:05.435, 4212720080159, vstest.console.dll, MulticastDelegateUtilities.SafeInvoke: TestRun.TestRunComplete: Invoking callback 2/2 for Microsoft.VisualStudio.TestPlatform.CommandLine.Processors.RunTestsArgumentExecutor+TestRunRequestEventsRegistrar., took 0 ms.
TpTrace Information: 0 : 24592, 14, 2024/04/16, 18:59:05.435, 4212720080894, vstest.console.dll, TestRunRequest:TestRunComplete: Completed.
TpTrace Verbose: 0 : 24592, 1, 2024/04/16, 18:59:05.435, 4212720081049, vstest.console.dll, TestRunRequest.Dispose: Starting.
TpTrace Verbose: 0 : 24592, 14, 2024/04/16, 18:59:05.435, 4212720081176, vstest.console.dll, TestRequestSender.SetOperationComplete: Setting operation complete.
TpTrace Information: 0 : 24592, 1, 2024/04/16, 18:59:05.435, 4212720081571, vstest.console.dll, TestRunRequest.Dispose: Completed.
TpTrace Information: 0 : 24592, 14, 2024/04/16, 18:59:05.435, 4212720081907, vstest.console.dll, SocketServer.Stop: Stop server endPoint: 127.0.0.1:9597
TpTrace Information: 0 : 24592, 14, 2024/04/16, 18:59:05.435, 4212720082253, vstest.console.dll, SocketServer.Stop: Cancellation requested. Stopping message loop.
TpTrace Information: 0 : 24592, 1, 2024/04/16, 18:59:05.435, 4212720082411, vstest.console.dll, TestRequestManager.RunTests: run tests completed.
TpTrace Verbose: 0 : 24592, 14, 2024/04/16, 18:59:05.435, 4212720082505, vstest.console.dll, MulticastDelegateUtilities.SafeInvoke: LengthPrefixCommunicationChannel: MessageReceived: Invoking callback 1/1 for Microsoft.VisualStudio.TestPlatform.CommunicationUtilities.TestRequestSender+<>c__DisplayClass34_0., took 91 ms.
TpTrace Information: 0 : 24592, 1, 2024/04/16, 18:59:05.435, 4212720083078, vstest.console.dll, RunTestsArgumentProcessor:Execute: Test run is completed.
TpTrace Information: 0 : 24592, 14, 2024/04/16, 18:59:05.435, 4212720083119, vstest.console.dll, SocketServer.PrivateStop: Stopping server endPoint: 127.0.0.1:9597 error: 
TpTrace Verbose: 0 : 24592, 1, 2024/04/16, 18:59:05.435, 4212720084689, vstest.console.dll, Executor.Execute: Exiting with exit code of 0
TpTrace Verbose: 0 : 24592, 14, 2024/04/16, 18:59:05.436, 4212720086645, vstest.console.dll, LengthPrefixCommunicationChannel.Dispose: Dispose reader and writer.
TpTrace Information: 0 : 24592, 14, 2024/04/16, 18:59:05.436, 4212720087358, vstest.console.dll, SocketServer.Stop: Raise disconnected event endPoint: 127.0.0.1:9597 error: 
TpTrace Verbose: 0 : 24592, 14, 2024/04/16, 18:59:05.436, 4212720087874, vstest.console.dll, TestRequestSender: OnTestRunAbort: Operation is already complete. Skip error message.
TpTrace Verbose: 0 : 24592, 14, 2024/04/16, 18:59:05.436, 4212720088152, vstest.console.dll, MulticastDelegateUtilities.SafeInvoke: SocketServer: ClientDisconnected: Invoking callback 1/1 for Microsoft.VisualStudio.TestPlatform.CommunicationUtilities.TestRequestSender., took 0 ms.
TpTrace Verbose: 0 : 24592, 14, 2024/04/16, 18:59:05.436, 4212720088343, vstest.console.dll, TcpClientExtensions.MessageLoopAsync: exiting MessageLoopAsync remoteEndPoint: 127.0.0.1:9598 localEndPoint: 127.0.0.1:9597
