TpTrace Verbose: 0 : 19416, 1, 2024/02/20, 12:34:46.091, 4896405652705, vstest.console.dll, Version: 17.8.0-release-23578-02 Current process architecture: X64
TpTrace Verbose: 0 : 19416, 1, 2024/02/20, 12:34:46.093, 4896405672982, vstest.console.dll, Runtime location: C:\Program Files\dotnet\shared\Microsoft.NETCore.App\8.0.1
TpTrace Verbose: 0 : 19416, 1, 2024/02/20, 12:34:46.094, 4896405685953, vstest.console.dll, ArtifactProcessingPostProcessModeProcessorExecutor.Initialize: ArtifactProcessingMode.Collect
TpTrace Verbose: 0 : 19416, 1, 2024/02/20, 12:34:46.094, 4896405686718, vstest.console.dll, TestSessionCorrelationIdProcessorModeProcessorExecutor.Initialize: TestSessionCorrelationId '13316_223f9dde-7f86-4b58-aefa-82d0c62e08d6'
TpTrace Information: 0 : 19416, 1, 2024/02/20, 12:34:46.099, 4896405734565, vstest.console.dll, FilePatternParser: The given file D:\Иван\QA SoftUni\Back-End Test Automation\Back-End Technologies Basics\16. Exercise Testing API Controllers\Homies_ASP.Net_WithTestProject\Homies.Tests\bin\Debug\net6.0\fine-code-coverage\build-output\Homies.Tests.dll is a full path.
TpTrace Verbose: 0 : 19416, 1, 2024/02/20, 12:34:46.102, 4896405763617, vstest.console.dll, TestPluginCache.DiscoverTestExtensions: finding test extensions in assemblies ends with: RuntimeProvider.dll TPluginInfo: Microsoft.VisualStudio.TestPlatform.Common.ExtensionFramework.Utilities.TestRuntimePluginInformation TExtension: Microsoft.VisualStudio.TestPlatform.ObjectModel.Host.ITestRuntimeProvider
TpTrace Verbose: 0 : 19416, 1, 2024/02/20, 12:34:46.102, 4896405765928, vstest.console.dll, TestPluginCache.GetExtensionPaths: Filtered extension paths: 
TpTrace Verbose: 0 : 19416, 1, 2024/02/20, 12:34:46.102, 4896405766514, vstest.console.dll, TestPluginCache.GetExtensionPaths: Added default extension paths: C:\Program Files\dotnet\sdk\8.0.101\Extensions\Microsoft.Diagnostics.NETCore.Client.dll
C:\Program Files\dotnet\sdk\8.0.101\Extensions\Microsoft.TestPlatform.Extensions.BlameDataCollector.dll
C:\Program Files\dotnet\sdk\8.0.101\Extensions\Microsoft.TestPlatform.Extensions.EventLogCollector.dll
C:\Program Files\dotnet\sdk\8.0.101\Extensions\Microsoft.TestPlatform.TestHostRuntimeProvider.dll
C:\Program Files\dotnet\sdk\8.0.101\Extensions\Microsoft.VisualStudio.TestPlatform.Extensions.Html.TestLogger.dll
C:\Program Files\dotnet\sdk\8.0.101\Extensions\Microsoft.VisualStudio.TestPlatform.Extensions.Trx.TestLogger.dll
TpTrace Verbose: 0 : 19416, 1, 2024/02/20, 12:34:46.102, 4896405766780, vstest.console.dll, TestPluginCache.GetExtensionPaths: Added unfilterableExtensionPaths: 
TpTrace Information: 0 : 19416, 1, 2024/02/20, 12:34:46.103, 4896405770523, vstest.console.dll, AssemblyResolver.ctor: Creating AssemblyResolver with searchDirectories C:\Program Files\dotnet\sdk\8.0.101\Extensions,C:\Program Files\dotnet\sdk\8.0.101
TpTrace Verbose: 0 : 19416, 1, 2024/02/20, 12:34:46.103, 4896405778876, vstest.console.dll, TestPluginCache.DiscoverTestExtensions: Discovering the extensions using extension path.
TpTrace Verbose: 0 : 19416, 1, 2024/02/20, 12:34:46.103, 4896405779712, vstest.console.dll, TestPluginCache.GetExtensionPaths: Filtered extension paths: 
TpTrace Verbose: 0 : 19416, 1, 2024/02/20, 12:34:46.103, 4896405779961, vstest.console.dll, TestPluginCache.GetExtensionPaths: Added default extension paths: C:\Program Files\dotnet\sdk\8.0.101\Extensions\Microsoft.Diagnostics.NETCore.Client.dll
C:\Program Files\dotnet\sdk\8.0.101\Extensions\Microsoft.TestPlatform.Extensions.BlameDataCollector.dll
C:\Program Files\dotnet\sdk\8.0.101\Extensions\Microsoft.TestPlatform.Extensions.EventLogCollector.dll
C:\Program Files\dotnet\sdk\8.0.101\Extensions\Microsoft.TestPlatform.TestHostRuntimeProvider.dll
C:\Program Files\dotnet\sdk\8.0.101\Extensions\Microsoft.VisualStudio.TestPlatform.Extensions.Html.TestLogger.dll
C:\Program Files\dotnet\sdk\8.0.101\Extensions\Microsoft.VisualStudio.TestPlatform.Extensions.Trx.TestLogger.dll
TpTrace Verbose: 0 : 19416, 1, 2024/02/20, 12:34:46.103, 4896405780196, vstest.console.dll, TestPluginCache.GetExtensionPaths: Added unfilterableExtensionPaths: 
TpTrace Verbose: 0 : 19416, 1, 2024/02/20, 12:34:46.104, 4896405780983, vstest.console.dll, TestPluginCache.DiscoverTestExtensions: Discovering the extensions using allExtensionPaths: C:\Program Files\dotnet\sdk\8.0.101\Extensions\Microsoft.Diagnostics.NETCore.Client.dll
C:\Program Files\dotnet\sdk\8.0.101\Extensions\Microsoft.TestPlatform.Extensions.BlameDataCollector.dll
C:\Program Files\dotnet\sdk\8.0.101\Extensions\Microsoft.TestPlatform.Extensions.EventLogCollector.dll
C:\Program Files\dotnet\sdk\8.0.101\Extensions\Microsoft.TestPlatform.TestHostRuntimeProvider.dll
C:\Program Files\dotnet\sdk\8.0.101\Extensions\Microsoft.VisualStudio.TestPlatform.Extensions.Html.TestLogger.dll
C:\Program Files\dotnet\sdk\8.0.101\Extensions\Microsoft.VisualStudio.TestPlatform.Extensions.Trx.TestLogger.dll
TpTrace Information: 0 : 19416, 1, 2024/02/20, 12:34:46.104, 4896405781724, vstest.console.dll, AssemblyResolver.AddSearchDirectories: Adding more searchDirectories C:\Program Files\dotnet\sdk\8.0.101\Extensions,C:\Program Files\dotnet\sdk\8.0.101
TpTrace Information: 0 : 19416, 1, 2024/02/20, 12:34:46.104, 4896405782079, vstest.console.dll, AssemblyResolver.AddSearchDirectories: Adding more searchDirectories C:\Program Files\dotnet\sdk\8.0.101\Extensions,C:\Program Files\dotnet\sdk\8.0.101
TpTrace Information: 0 : 19416, 1, 2024/02/20, 12:34:46.104, 4896405782280, vstest.console.dll, AssemblyResolver.AddSearchDirectories: Adding more searchDirectories C:\Program Files\dotnet\sdk\8.0.101\Extensions,C:\Program Files\dotnet\sdk\8.0.101
TpTrace Information: 0 : 19416, 1, 2024/02/20, 12:34:46.104, 4896405782477, vstest.console.dll, AssemblyResolver.AddSearchDirectories: Adding more searchDirectories C:\Program Files\dotnet\sdk\8.0.101\Extensions,C:\Program Files\dotnet\sdk\8.0.101
TpTrace Information: 0 : 19416, 1, 2024/02/20, 12:34:46.104, 4896405782643, vstest.console.dll, AssemblyResolver.AddSearchDirectories: Adding more searchDirectories C:\Program Files\dotnet\sdk\8.0.101\Extensions,C:\Program Files\dotnet\sdk\8.0.101
TpTrace Information: 0 : 19416, 1, 2024/02/20, 12:34:46.104, 4896405782802, vstest.console.dll, AssemblyResolver.AddSearchDirectories: Adding more searchDirectories C:\Program Files\dotnet\sdk\8.0.101\Extensions,C:\Program Files\dotnet\sdk\8.0.101
TpTrace Information: 0 : 19416, 1, 2024/02/20, 12:34:46.104, 4896405786333, vstest.console.dll, AssemblyResolver.OnResolve: Microsoft.Diagnostics.NETCore.Client: Resolving assembly.
TpTrace Information: 0 : 19416, 1, 2024/02/20, 12:34:46.104, 4896405786935, vstest.console.dll, AssemblyResolver.OnResolve: Microsoft.Diagnostics.NETCore.Client: Searching in: 'C:\Program Files\dotnet\sdk\8.0.101\Extensions'.
TpTrace Information: 0 : 19416, 1, 2024/02/20, 12:34:46.109, 4896405831289, vstest.console.dll, AssemblyResolver.OnResolve: Microsoft.Diagnostics.NETCore.Client: Loading assembly 'C:\Program Files\dotnet\sdk\8.0.101\Extensions\Microsoft.Diagnostics.NETCore.Client.dll'.
TpTrace Information: 0 : 19416, 1, 2024/02/20, 12:34:46.109, 4896405834761, vstest.console.dll, AssemblyResolver.OnResolve: Resolved assembly: Microsoft.Diagnostics.NETCore.Client, from path: C:\Program Files\dotnet\sdk\8.0.101\Extensions\Microsoft.Diagnostics.NETCore.Client.dll
TpTrace Verbose: 0 : 19416, 1, 2024/02/20, 12:34:46.112, 4896405867766, vstest.console.dll, MetadataReaderExtensionsHelper: Discovering extensions inside assembly 'Microsoft.Diagnostics.NETCore.Client, Version=0.2.8.21101, Culture=neutral, PublicKeyToken=31bf3856ad364e35' file path 'C:\Program Files\dotnet\sdk\8.0.101\Extensions\Microsoft.Diagnostics.NETCore.Client.dll'
TpTrace Information: 0 : 19416, 1, 2024/02/20, 12:34:46.115, 4896405894195, vstest.console.dll, AssemblyResolver.OnResolve: Microsoft.Bcl.AsyncInterfaces: Resolving assembly.
TpTrace Information: 0 : 19416, 1, 2024/02/20, 12:34:46.115, 4896405895000, vstest.console.dll, AssemblyResolver.OnResolve: Microsoft.Bcl.AsyncInterfaces: Searching in: 'C:\Program Files\dotnet\sdk\8.0.101\Extensions'.
TpTrace Information: 0 : 19416, 1, 2024/02/20, 12:34:46.115, 4896405895939, vstest.console.dll, AssemblyResolver.OnResolve: Microsoft.Bcl.AsyncInterfaces: Assembly path does not exist: 'C:\Program Files\dotnet\sdk\8.0.101\Extensions\Microsoft.Bcl.AsyncInterfaces.dll', returning.
TpTrace Information: 0 : 19416, 1, 2024/02/20, 12:34:46.115, 4896405896345, vstest.console.dll, AssemblyResolver.OnResolve: Microsoft.Bcl.AsyncInterfaces: Assembly path does not exist: 'C:\Program Files\dotnet\sdk\8.0.101\Extensions\Microsoft.Bcl.AsyncInterfaces.exe', returning.
TpTrace Information: 0 : 19416, 1, 2024/02/20, 12:34:46.115, 4896405896583, vstest.console.dll, AssemblyResolver.OnResolve: Microsoft.Bcl.AsyncInterfaces: Searching in: 'C:\Program Files\dotnet\sdk\8.0.101'.
TpTrace Information: 0 : 19416, 1, 2024/02/20, 12:34:46.115, 4896405896938, vstest.console.dll, AssemblyResolver.OnResolve: Microsoft.Bcl.AsyncInterfaces: Assembly path does not exist: 'C:\Program Files\dotnet\sdk\8.0.101\Microsoft.Bcl.AsyncInterfaces.dll', returning.
TpTrace Information: 0 : 19416, 1, 2024/02/20, 12:34:46.115, 4896405897254, vstest.console.dll, AssemblyResolver.OnResolve: Microsoft.Bcl.AsyncInterfaces: Assembly path does not exist: 'C:\Program Files\dotnet\sdk\8.0.101\Microsoft.Bcl.AsyncInterfaces.exe', returning.
TpTrace Information: 0 : 19416, 1, 2024/02/20, 12:34:46.115, 4896405897430, vstest.console.dll, AssemblyResolver.OnResolve: Microsoft.Bcl.AsyncInterfaces: Failed to load assembly.
TpTrace Verbose: 0 : 19416, 1, 2024/02/20, 12:34:46.115, 4896405897666, vstest.console.dll, CurrentDomainAssemblyResolve: Resolving assembly 'Microsoft.Bcl.AsyncInterfaces'.
TpTrace Information: 0 : 19416, 1, 2024/02/20, 12:34:46.115, 4896405898131, vstest.console.dll, AssemblyResolver.OnResolve: Microsoft.Bcl.AsyncInterfaces: Resolving assembly.
TpTrace Information: 0 : 19416, 1, 2024/02/20, 12:34:46.115, 4896405898382, vstest.console.dll, AssemblyResolver.OnResolve: Microsoft.Bcl.AsyncInterfaces: Resolved from cache.
TpTrace Verbose: 0 : 19416, 1, 2024/02/20, 12:34:46.115, 4896405898546, vstest.console.dll, CurrentDomainAssemblyResolve: Resolving assembly 'Microsoft.Bcl.AsyncInterfaces'.
TpTrace Verbose: 0 : 19416, 1, 2024/02/20, 12:34:46.115, 4896405898751, vstest.console.dll, CurrentDomainAssemblyResolve: Failed to resolve assembly 'Microsoft.Bcl.AsyncInterfaces'.
TpTrace Verbose: 0 : 19416, 1, 2024/02/20, 12:34:46.116, 4896405903775, vstest.console.dll, CurrentDomainAssemblyResolve: Failed to resolve assembly 'Microsoft.Bcl.AsyncInterfaces'.
TpTrace Warning: 0 : 19416, 1, 2024/02/20, 12:34:46.122, 4896405967660, vstest.console.dll, TestPluginDiscoverer: Failed to get types from assembly 'Microsoft.Diagnostics.NETCore.Client, Version=0.2.8.21101, Culture=neutral, PublicKeyToken=31bf3856ad364e35'. Error: System.Reflection.ReflectionTypeLoadException: Unable to load one or more of the requested types.
Could not load file or assembly 'Microsoft.Bcl.AsyncInterfaces, Version=1.0.0.0, Culture=neutral, PublicKeyToken=cc7b13ffcd2ddd51'. The system cannot find the file specified.
   at System.Reflection.RuntimeModule.GetTypes(RuntimeModule module)
   at System.Reflection.RuntimeModule.GetTypes()
   at Microsoft.VisualStudio.TestPlatform.Common.ExtensionFramework.TestPluginDiscoverer.GetTestExtensionsFromAssembly[TPluginInfo,TExtension](Assembly assembly, Dictionary`2 pluginInfos, String filePath) in /_/src/Microsoft.TestPlatform.Common/ExtensionFramework/TestPluginDiscoverer.cs:line 158
System.IO.FileNotFoundException: Could not load file or assembly 'Microsoft.Bcl.AsyncInterfaces, Version=1.0.0.0, Culture=neutral, PublicKeyToken=cc7b13ffcd2ddd51'. The system cannot find the file specified.
File name: 'Microsoft.Bcl.AsyncInterfaces, Version=1.0.0.0, Culture=neutral, PublicKeyToken=cc7b13ffcd2ddd51'
 ---> System.IO.FileNotFoundException: Could not load file or assembly 'Microsoft.Bcl.AsyncInterfaces, Culture=neutral, PublicKeyToken=null'. The system cannot find the file specified.
File name: 'Microsoft.Bcl.AsyncInterfaces, Culture=neutral, PublicKeyToken=null'
   at System.Reflection.RuntimeAssembly.InternalLoad(AssemblyName assemblyName, StackCrawlMark& stackMark, AssemblyLoadContext assemblyLoadContext, RuntimeAssembly requestingAssembly, Boolean throwOnFileNotFound)
   at System.Reflection.Assembly.Load(AssemblyName assemblyRef)
   at Microsoft.VisualStudio.TestPlatform.Common.ExtensionFramework.TestPluginCache.CurrentDomainAssemblyResolve(Object sender, AssemblyResolveEventArgs args) in /_/src/Microsoft.TestPlatform.Common/ExtensionFramework/TestPluginCache.cs:line 513
   at System.Runtime.Loader.AssemblyLoadContext.GetFirstResolvedAssemblyFromResolvingEvent(AssemblyName assemblyName)
   at System.Runtime.Loader.AssemblyLoadContext.ResolveUsingEvent(AssemblyName assemblyName)
   at System.Runtime.Loader.AssemblyLoadContext.ResolveUsingResolvingEvent(IntPtr gchManagedAssemblyLoadContext, AssemblyName assemblyName)
TpTrace Warning: 0 : 19416, 1, 2024/02/20, 12:34:46.123, 4896405970559, vstest.console.dll, LoaderExceptions: System.IO.FileNotFoundException: Could not load file or assembly 'Microsoft.Bcl.AsyncInterfaces, Version=1.0.0.0, Culture=neutral, PublicKeyToken=cc7b13ffcd2ddd51'. The system cannot find the file specified.
File name: 'Microsoft.Bcl.AsyncInterfaces, Version=1.0.0.0, Culture=neutral, PublicKeyToken=cc7b13ffcd2ddd51'
 ---> System.IO.FileNotFoundException: Could not load file or assembly 'Microsoft.Bcl.AsyncInterfaces, Culture=neutral, PublicKeyToken=null'. The system cannot find the file specified.
File name: 'Microsoft.Bcl.AsyncInterfaces, Culture=neutral, PublicKeyToken=null'
   at System.Reflection.RuntimeAssembly.InternalLoad(AssemblyName assemblyName, StackCrawlMark& stackMark, AssemblyLoadContext assemblyLoadContext, RuntimeAssembly requestingAssembly, Boolean throwOnFileNotFound)
   at System.Reflection.Assembly.Load(AssemblyName assemblyRef)
   at Microsoft.VisualStudio.TestPlatform.Common.ExtensionFramework.TestPluginCache.CurrentDomainAssemblyResolve(Object sender, AssemblyResolveEventArgs args) in /_/src/Microsoft.TestPlatform.Common/ExtensionFramework/TestPluginCache.cs:line 513
   at System.Runtime.Loader.AssemblyLoadContext.GetFirstResolvedAssemblyFromResolvingEvent(AssemblyName assemblyName)
   at System.Runtime.Loader.AssemblyLoadContext.ResolveUsingEvent(AssemblyName assemblyName)
   at System.Runtime.Loader.AssemblyLoadContext.ResolveUsingResolvingEvent(IntPtr gchManagedAssemblyLoadContext, AssemblyName assemblyName)
TpTrace Information: 0 : 19416, 1, 2024/02/20, 12:34:46.123, 4896405971685, vstest.console.dll, AssemblyResolver.OnResolve: Microsoft.TestPlatform.Extensions.BlameDataCollector: Resolving assembly.
TpTrace Information: 0 : 19416, 1, 2024/02/20, 12:34:46.123, 4896405972139, vstest.console.dll, AssemblyResolver.OnResolve: Microsoft.TestPlatform.Extensions.BlameDataCollector: Searching in: 'C:\Program Files\dotnet\sdk\8.0.101\Extensions'.
TpTrace Information: 0 : 19416, 1, 2024/02/20, 12:34:46.123, 4896405974196, vstest.console.dll, AssemblyResolver.OnResolve: Microsoft.TestPlatform.Extensions.BlameDataCollector: Loading assembly 'C:\Program Files\dotnet\sdk\8.0.101\Extensions\Microsoft.TestPlatform.Extensions.BlameDataCollector.dll'.
TpTrace Information: 0 : 19416, 1, 2024/02/20, 12:34:46.123, 4896405976722, vstest.console.dll, AssemblyResolver.OnResolve: Resolved assembly: Microsoft.TestPlatform.Extensions.BlameDataCollector, from path: C:\Program Files\dotnet\sdk\8.0.101\Extensions\Microsoft.TestPlatform.Extensions.BlameDataCollector.dll
TpTrace Verbose: 0 : 19416, 1, 2024/02/20, 12:34:46.123, 4896405977284, vstest.console.dll, MetadataReaderExtensionsHelper: Discovering extensions inside assembly 'Microsoft.TestPlatform.Extensions.BlameDataCollector, Version=15.0.0.0, Culture=neutral, PublicKeyToken=b03f5f7f11d50a3a' file path 'C:\Program Files\dotnet\sdk\8.0.101\Extensions\Microsoft.TestPlatform.Extensions.BlameDataCollector.dll'
TpTrace Information: 0 : 19416, 1, 2024/02/20, 12:34:46.124, 4896405985978, vstest.console.dll, AssemblyResolver.OnResolve: Microsoft.TestPlatform.Extensions.EventLogCollector: Resolving assembly.
TpTrace Information: 0 : 19416, 1, 2024/02/20, 12:34:46.124, 4896405986842, vstest.console.dll, AssemblyResolver.OnResolve: Microsoft.TestPlatform.Extensions.EventLogCollector: Searching in: 'C:\Program Files\dotnet\sdk\8.0.101\Extensions'.
TpTrace Information: 0 : 19416, 1, 2024/02/20, 12:34:46.124, 4896405988433, vstest.console.dll, AssemblyResolver.OnResolve: Microsoft.TestPlatform.Extensions.EventLogCollector: Loading assembly 'C:\Program Files\dotnet\sdk\8.0.101\Extensions\Microsoft.TestPlatform.Extensions.EventLogCollector.dll'.
TpTrace Information: 0 : 19416, 1, 2024/02/20, 12:34:46.125, 4896405990620, vstest.console.dll, AssemblyResolver.OnResolve: Resolved assembly: Microsoft.TestPlatform.Extensions.EventLogCollector, from path: C:\Program Files\dotnet\sdk\8.0.101\Extensions\Microsoft.TestPlatform.Extensions.EventLogCollector.dll
TpTrace Verbose: 0 : 19416, 1, 2024/02/20, 12:34:46.125, 4896405991087, vstest.console.dll, MetadataReaderExtensionsHelper: Discovering extensions inside assembly 'Microsoft.TestPlatform.Extensions.EventLogCollector, Version=15.0.0.0, Culture=neutral, PublicKeyToken=b03f5f7f11d50a3a' file path 'C:\Program Files\dotnet\sdk\8.0.101\Extensions\Microsoft.TestPlatform.Extensions.EventLogCollector.dll'
TpTrace Information: 0 : 19416, 1, 2024/02/20, 12:34:46.126, 4896406001853, vstest.console.dll, AssemblyResolver.OnResolve: Microsoft.TestPlatform.TestHostRuntimeProvider: Resolving assembly.
TpTrace Information: 0 : 19416, 1, 2024/02/20, 12:34:46.126, 4896406002299, vstest.console.dll, AssemblyResolver.OnResolve: Microsoft.TestPlatform.TestHostRuntimeProvider: Searching in: 'C:\Program Files\dotnet\sdk\8.0.101\Extensions'.
TpTrace Information: 0 : 19416, 1, 2024/02/20, 12:34:46.126, 4896406003788, vstest.console.dll, AssemblyResolver.OnResolve: Microsoft.TestPlatform.TestHostRuntimeProvider: Loading assembly 'C:\Program Files\dotnet\sdk\8.0.101\Extensions\Microsoft.TestPlatform.TestHostRuntimeProvider.dll'.
TpTrace Information: 0 : 19416, 1, 2024/02/20, 12:34:46.126, 4896406005946, vstest.console.dll, AssemblyResolver.OnResolve: Resolved assembly: Microsoft.TestPlatform.TestHostRuntimeProvider, from path: C:\Program Files\dotnet\sdk\8.0.101\Extensions\Microsoft.TestPlatform.TestHostRuntimeProvider.dll
TpTrace Verbose: 0 : 19416, 1, 2024/02/20, 12:34:46.126, 4896406006396, vstest.console.dll, MetadataReaderExtensionsHelper: Discovering extensions inside assembly 'Microsoft.TestPlatform.TestHostRuntimeProvider, Version=15.0.0.0, Culture=neutral, PublicKeyToken=b03f5f7f11d50a3a' file path 'C:\Program Files\dotnet\sdk\8.0.101\Extensions\Microsoft.TestPlatform.TestHostRuntimeProvider.dll'
TpTrace Information: 0 : 19416, 1, 2024/02/20, 12:34:46.127, 4896406016138, vstest.console.dll, GetTestExtensionFromType: Register extension with identifier data 'HostProvider://DefaultTestHost' and type 'Microsoft.VisualStudio.TestPlatform.CrossPlatEngine.Hosting.DefaultTestHostManager, Microsoft.TestPlatform.TestHostRuntimeProvider, Version=15.0.0.0, Culture=neutral, PublicKeyToken=b03f5f7f11d50a3a' inside file 'C:\Program Files\dotnet\sdk\8.0.101\Extensions\Microsoft.TestPlatform.TestHostRuntimeProvider.dll'
TpTrace Information: 0 : 19416, 1, 2024/02/20, 12:34:46.127, 4896406017894, vstest.console.dll, GetTestExtensionFromType: Register extension with identifier data 'HostProvider://DotnetTestHost' and type 'Microsoft.VisualStudio.TestPlatform.CrossPlatEngine.Hosting.DotnetTestHostManager, Microsoft.TestPlatform.TestHostRuntimeProvider, Version=15.0.0.0, Culture=neutral, PublicKeyToken=b03f5f7f11d50a3a' inside file 'C:\Program Files\dotnet\sdk\8.0.101\Extensions\Microsoft.TestPlatform.TestHostRuntimeProvider.dll'
TpTrace Information: 0 : 19416, 1, 2024/02/20, 12:34:46.127, 4896406018416, vstest.console.dll, AssemblyResolver.OnResolve: Microsoft.VisualStudio.TestPlatform.Extensions.Html.TestLogger: Resolving assembly.
TpTrace Information: 0 : 19416, 1, 2024/02/20, 12:34:46.127, 4896406018751, vstest.console.dll, AssemblyResolver.OnResolve: Microsoft.VisualStudio.TestPlatform.Extensions.Html.TestLogger: Searching in: 'C:\Program Files\dotnet\sdk\8.0.101\Extensions'.
TpTrace Information: 0 : 19416, 1, 2024/02/20, 12:34:46.127, 4896406020307, vstest.console.dll, AssemblyResolver.OnResolve: Microsoft.VisualStudio.TestPlatform.Extensions.Html.TestLogger: Loading assembly 'C:\Program Files\dotnet\sdk\8.0.101\Extensions\Microsoft.VisualStudio.TestPlatform.Extensions.Html.TestLogger.dll'.
TpTrace Information: 0 : 19416, 1, 2024/02/20, 12:34:46.128, 4896406022679, vstest.console.dll, AssemblyResolver.OnResolve: Resolved assembly: Microsoft.VisualStudio.TestPlatform.Extensions.Html.TestLogger, from path: C:\Program Files\dotnet\sdk\8.0.101\Extensions\Microsoft.VisualStudio.TestPlatform.Extensions.Html.TestLogger.dll
TpTrace Verbose: 0 : 19416, 1, 2024/02/20, 12:34:46.128, 4896406023132, vstest.console.dll, MetadataReaderExtensionsHelper: Discovering extensions inside assembly 'Microsoft.VisualStudio.TestPlatform.Extensions.Html.TestLogger, Version=15.0.0.0, Culture=neutral, PublicKeyToken=b03f5f7f11d50a3a' file path 'C:\Program Files\dotnet\sdk\8.0.101\Extensions\Microsoft.VisualStudio.TestPlatform.Extensions.Html.TestLogger.dll'
TpTrace Information: 0 : 19416, 1, 2024/02/20, 12:34:46.128, 4896406027461, vstest.console.dll, AssemblyResolver.OnResolve: Microsoft.VisualStudio.TestPlatform.Extensions.Trx.TestLogger: Resolving assembly.
TpTrace Information: 0 : 19416, 1, 2024/02/20, 12:34:46.128, 4896406027889, vstest.console.dll, AssemblyResolver.OnResolve: Microsoft.VisualStudio.TestPlatform.Extensions.Trx.TestLogger: Searching in: 'C:\Program Files\dotnet\sdk\8.0.101\Extensions'.
TpTrace Information: 0 : 19416, 1, 2024/02/20, 12:34:46.128, 4896406029407, vstest.console.dll, AssemblyResolver.OnResolve: Microsoft.VisualStudio.TestPlatform.Extensions.Trx.TestLogger: Loading assembly 'C:\Program Files\dotnet\sdk\8.0.101\Extensions\Microsoft.VisualStudio.TestPlatform.Extensions.Trx.TestLogger.dll'.
TpTrace Information: 0 : 19416, 1, 2024/02/20, 12:34:46.129, 4896406031996, vstest.console.dll, AssemblyResolver.OnResolve: Resolved assembly: Microsoft.VisualStudio.TestPlatform.Extensions.Trx.TestLogger, from path: C:\Program Files\dotnet\sdk\8.0.101\Extensions\Microsoft.VisualStudio.TestPlatform.Extensions.Trx.TestLogger.dll
TpTrace Verbose: 0 : 19416, 1, 2024/02/20, 12:34:46.129, 4896406032454, vstest.console.dll, MetadataReaderExtensionsHelper: Discovering extensions inside assembly 'Microsoft.VisualStudio.TestPlatform.Extensions.Trx.TestLogger, Version=15.0.0.0, Culture=neutral, PublicKeyToken=b03f5f7f11d50a3a' file path 'C:\Program Files\dotnet\sdk\8.0.101\Extensions\Microsoft.VisualStudio.TestPlatform.Extensions.Trx.TestLogger.dll'
TpTrace Verbose: 0 : 19416, 1, 2024/02/20, 12:34:46.129, 4896406038263, vstest.console.dll, TestPluginCache: Discovered the extensions using extension path ''.
TpTrace Verbose: 0 : 19416, 1, 2024/02/20, 12:34:46.129, 4896406038683, vstest.console.dll, TestPluginCache: Discoverers are ''.
TpTrace Verbose: 0 : 19416, 1, 2024/02/20, 12:34:46.129, 4896406038864, vstest.console.dll, TestPluginCache: Executors are ''.
TpTrace Verbose: 0 : 19416, 1, 2024/02/20, 12:34:46.129, 4896406039016, vstest.console.dll, TestPluginCache: Executors2 are ''.
TpTrace Verbose: 0 : 19416, 1, 2024/02/20, 12:34:46.129, 4896406039162, vstest.console.dll, TestPluginCache: Setting providers are ''.
TpTrace Verbose: 0 : 19416, 1, 2024/02/20, 12:34:46.129, 4896406039366, vstest.console.dll, TestPluginCache: Loggers are ''.
TpTrace Verbose: 0 : 19416, 1, 2024/02/20, 12:34:46.130, 4896406040612, vstest.console.dll, TestPluginCache: TestHosts are 'HostProvider://DefaultTestHost,HostProvider://DotnetTestHost'.
TpTrace Verbose: 0 : 19416, 1, 2024/02/20, 12:34:46.130, 4896406040896, vstest.console.dll, TestPluginCache: DataCollectors are ''.
TpTrace Information: 0 : 19416, 1, 2024/02/20, 12:34:46.137, 4896406119239, vstest.console.dll, RunTestsArgumentProcessor:Execute: Test run is starting.
TpTrace Verbose: 0 : 19416, 1, 2024/02/20, 12:34:46.137, 4896406119813, vstest.console.dll, RunTestsArgumentProcessor:Execute: Queuing Test run.
TpTrace Information: 0 : 19416, 1, 2024/02/20, 12:34:46.138, 4896406121605, vstest.console.dll, TestRequestManager.RunTests: run tests started.
TpTrace Information: 0 : 19416, 1, 2024/02/20, 12:34:46.138, 4896406130256, vstest.console.dll, AssemblyMetadataProvider.GetFrameworkName: Determined framework:'.NETCoreApp,Version=v6.0' for source: 'D:\Иван\QA SoftUni\Back-End Test Automation\Back-End Technologies Basics\16. Exercise Testing API Controllers\Homies_ASP.Net_WithTestProject\Homies.Tests\bin\Debug\net6.0\fine-code-coverage\build-output\Homies.Tests.dll'
TpTrace Information: 0 : 19416, 1, 2024/02/20, 12:34:46.139, 4896406131362, vstest.console.dll, Determined framework for all sources: .NETCoreApp,Version=v6.0
TpTrace Verbose: 0 : 19416, 1, 2024/02/20, 12:34:46.139, 4896406133785, vstest.console.dll, TestRequestManager.UpdateRunSettingsIfRequired: Default architecture: X64 IsDefaultTargetArchitecture: True, Current process architecture: X64 OperatingSystem: Windows.
TpTrace Information: 0 : 19416, 1, 2024/02/20, 12:34:46.140, 4896406143888, vstest.console.dll, AssemblyMetadataProvider.GetArchitecture: Determined architecture:AnyCPU info for assembly: D:\Иван\QA SoftUni\Back-End Test Automation\Back-End Technologies Basics\16. Exercise Testing API Controllers\Homies_ASP.Net_WithTestProject\Homies.Tests\bin\Debug\net6.0\fine-code-coverage\build-output\Homies.Tests.dll
TpTrace Information: 0 : 19416, 1, 2024/02/20, 12:34:46.140, 4896406144274, vstest.console.dll, Determined platform for source 'D:\Иван\QA SoftUni\Back-End Test Automation\Back-End Technologies Basics\16. Exercise Testing API Controllers\Homies_ASP.Net_WithTestProject\Homies.Tests\bin\Debug\net6.0\fine-code-coverage\build-output\Homies.Tests.dll' was AnyCPU and it will use the default plaform X64.
TpTrace Information: 0 : 19416, 1, 2024/02/20, 12:34:46.140, 4896406144466, vstest.console.dll, None of the sources provided any runnable platform, using the default platform: X64
TpTrace Information: 0 : 19416, 1, 2024/02/20, 12:34:46.140, 4896406145136, vstest.console.dll, Platform was updated to 'X64'.
TpTrace Information: 0 : 19416, 1, 2024/02/20, 12:34:46.142, 4896406166491, vstest.console.dll, InferRunSettingsHelper.IsTestSettingsEnabled: Unable to navigate to RunSettings/MSTest. Current node: RunSettings
TpTrace Information: 0 : 19416, 1, 2024/02/20, 12:34:46.143, 4896406170926, vstest.console.dll, AssemblyResolver.OnResolve: Microsoft.VisualStudio.TestPlatform.Fakes: Resolving assembly.
TpTrace Information: 0 : 19416, 1, 2024/02/20, 12:34:46.143, 4896406171487, vstest.console.dll, AssemblyResolver.OnResolve: Microsoft.VisualStudio.TestPlatform.Fakes: Searching in: 'C:\Program Files\dotnet\sdk\8.0.101\Extensions'.
TpTrace Information: 0 : 19416, 1, 2024/02/20, 12:34:46.143, 4896406172063, vstest.console.dll, AssemblyResolver.OnResolve: Microsoft.VisualStudio.TestPlatform.Fakes: Assembly path does not exist: 'C:\Program Files\dotnet\sdk\8.0.101\Extensions\Microsoft.VisualStudio.TestPlatform.Fakes.dll', returning.
TpTrace Information: 0 : 19416, 1, 2024/02/20, 12:34:46.143, 4896406172419, vstest.console.dll, AssemblyResolver.OnResolve: Microsoft.VisualStudio.TestPlatform.Fakes: Assembly path does not exist: 'C:\Program Files\dotnet\sdk\8.0.101\Extensions\Microsoft.VisualStudio.TestPlatform.Fakes.exe', returning.
TpTrace Information: 0 : 19416, 1, 2024/02/20, 12:34:46.143, 4896406172605, vstest.console.dll, AssemblyResolver.OnResolve: Microsoft.VisualStudio.TestPlatform.Fakes: Searching in: 'C:\Program Files\dotnet\sdk\8.0.101'.
TpTrace Information: 0 : 19416, 1, 2024/02/20, 12:34:46.143, 4896406173005, vstest.console.dll, AssemblyResolver.OnResolve: Microsoft.VisualStudio.TestPlatform.Fakes: Assembly path does not exist: 'C:\Program Files\dotnet\sdk\8.0.101\Microsoft.VisualStudio.TestPlatform.Fakes.dll', returning.
TpTrace Information: 0 : 19416, 1, 2024/02/20, 12:34:46.143, 4896406173325, vstest.console.dll, AssemblyResolver.OnResolve: Microsoft.VisualStudio.TestPlatform.Fakes: Assembly path does not exist: 'C:\Program Files\dotnet\sdk\8.0.101\Microsoft.VisualStudio.TestPlatform.Fakes.exe', returning.
TpTrace Information: 0 : 19416, 1, 2024/02/20, 12:34:46.143, 4896406173522, vstest.console.dll, AssemblyResolver.OnResolve: Microsoft.VisualStudio.TestPlatform.Fakes: Failed to load assembly.
TpTrace Information: 0 : 19416, 1, 2024/02/20, 12:34:46.143, 4896406175480, vstest.console.dll, Failed to load assembly Microsoft.VisualStudio.TestPlatform.Fakes, Version=17.0.0.0, Culture=neutral. Reason:System.IO.FileNotFoundException: Could not load file or assembly 'Microsoft.VisualStudio.TestPlatform.Fakes, Version=17.0.0.0, Culture=neutral, PublicKeyToken=null'. The system cannot find the file specified.
File name: 'Microsoft.VisualStudio.TestPlatform.Fakes, Version=17.0.0.0, Culture=neutral, PublicKeyToken=null'
   at System.Reflection.RuntimeAssembly.InternalLoad(AssemblyName assemblyName, StackCrawlMark& stackMark, AssemblyLoadContext assemblyLoadContext, RuntimeAssembly requestingAssembly, Boolean throwOnFileNotFound)
   at System.Reflection.Assembly.Load(AssemblyName assemblyRef)
   at Microsoft.VisualStudio.TestPlatform.Common.Utilities.FakesUtilities.LoadTestPlatformAssembly() in /_/src/Microsoft.TestPlatform.Common/Utilities/FakesUtilities.cs:line 272
TpTrace Verbose: 0 : 19416, 1, 2024/02/20, 12:34:46.145, 4896406197206, vstest.console.dll, TestPluginCache.DiscoverTestExtensions: finding test extensions in assemblies ends with: TestLogger.dll TPluginInfo: Microsoft.VisualStudio.TestPlatform.Common.ExtensionFramework.Utilities.TestLoggerPluginInformation TExtension: Microsoft.VisualStudio.TestPlatform.ObjectModel.Client.ITestLogger
TpTrace Verbose: 0 : 19416, 1, 2024/02/20, 12:34:46.145, 4896406197913, vstest.console.dll, TestPluginCache.GetExtensionPaths: Filtered extension paths: 
TpTrace Verbose: 0 : 19416, 1, 2024/02/20, 12:34:46.145, 4896406198198, vstest.console.dll, TestPluginCache.GetExtensionPaths: Added default extension paths: C:\Program Files\dotnet\sdk\8.0.101\Extensions\Microsoft.Diagnostics.NETCore.Client.dll
C:\Program Files\dotnet\sdk\8.0.101\Extensions\Microsoft.TestPlatform.Extensions.BlameDataCollector.dll
C:\Program Files\dotnet\sdk\8.0.101\Extensions\Microsoft.TestPlatform.Extensions.EventLogCollector.dll
C:\Program Files\dotnet\sdk\8.0.101\Extensions\Microsoft.TestPlatform.TestHostRuntimeProvider.dll
C:\Program Files\dotnet\sdk\8.0.101\Extensions\Microsoft.VisualStudio.TestPlatform.Extensions.Html.TestLogger.dll
C:\Program Files\dotnet\sdk\8.0.101\Extensions\Microsoft.VisualStudio.TestPlatform.Extensions.Trx.TestLogger.dll
TpTrace Verbose: 0 : 19416, 1, 2024/02/20, 12:34:46.145, 4896406198378, vstest.console.dll, TestPluginCache.GetExtensionPaths: Added unfilterableExtensionPaths: 
TpTrace Information: 0 : 19416, 1, 2024/02/20, 12:34:46.145, 4896406199311, vstest.console.dll, AssemblyResolver.AddSearchDirectories: Adding more searchDirectories C:\Program Files\dotnet\sdk\8.0.101\Extensions,C:\Program Files\dotnet\sdk\8.0.101
TpTrace Verbose: 0 : 19416, 1, 2024/02/20, 12:34:46.145, 4896406199629, vstest.console.dll, TestPluginCache.DiscoverTestExtensions: Discovering the extensions using extension path.
TpTrace Verbose: 0 : 19416, 1, 2024/02/20, 12:34:46.145, 4896406199839, vstest.console.dll, TestPluginCache.GetExtensionPaths: Filtered extension paths: 
TpTrace Verbose: 0 : 19416, 1, 2024/02/20, 12:34:46.145, 4896406200052, vstest.console.dll, TestPluginCache.GetExtensionPaths: Added default extension paths: C:\Program Files\dotnet\sdk\8.0.101\Extensions\Microsoft.Diagnostics.NETCore.Client.dll
C:\Program Files\dotnet\sdk\8.0.101\Extensions\Microsoft.TestPlatform.Extensions.BlameDataCollector.dll
C:\Program Files\dotnet\sdk\8.0.101\Extensions\Microsoft.TestPlatform.Extensions.EventLogCollector.dll
C:\Program Files\dotnet\sdk\8.0.101\Extensions\Microsoft.TestPlatform.TestHostRuntimeProvider.dll
C:\Program Files\dotnet\sdk\8.0.101\Extensions\Microsoft.VisualStudio.TestPlatform.Extensions.Html.TestLogger.dll
C:\Program Files\dotnet\sdk\8.0.101\Extensions\Microsoft.VisualStudio.TestPlatform.Extensions.Trx.TestLogger.dll
TpTrace Verbose: 0 : 19416, 1, 2024/02/20, 12:34:46.146, 4896406200622, vstest.console.dll, TestPluginCache.GetExtensionPaths: Added unfilterableExtensionPaths: 
TpTrace Verbose: 0 : 19416, 1, 2024/02/20, 12:34:46.146, 4896406200895, vstest.console.dll, TestPluginCache.DiscoverTestExtensions: Discovering the extensions using allExtensionPaths: C:\Program Files\dotnet\sdk\8.0.101\Extensions\Microsoft.Diagnostics.NETCore.Client.dll
C:\Program Files\dotnet\sdk\8.0.101\Extensions\Microsoft.TestPlatform.Extensions.BlameDataCollector.dll
C:\Program Files\dotnet\sdk\8.0.101\Extensions\Microsoft.TestPlatform.Extensions.EventLogCollector.dll
C:\Program Files\dotnet\sdk\8.0.101\Extensions\Microsoft.TestPlatform.TestHostRuntimeProvider.dll
C:\Program Files\dotnet\sdk\8.0.101\Extensions\Microsoft.VisualStudio.TestPlatform.Extensions.Html.TestLogger.dll
C:\Program Files\dotnet\sdk\8.0.101\Extensions\Microsoft.VisualStudio.TestPlatform.Extensions.Trx.TestLogger.dll
TpTrace Information: 0 : 19416, 1, 2024/02/20, 12:34:46.146, 4896406201200, vstest.console.dll, AssemblyResolver.AddSearchDirectories: Adding more searchDirectories C:\Program Files\dotnet\sdk\8.0.101\Extensions,C:\Program Files\dotnet\sdk\8.0.101
TpTrace Information: 0 : 19416, 1, 2024/02/20, 12:34:46.146, 4896406201434, vstest.console.dll, AssemblyResolver.AddSearchDirectories: Adding more searchDirectories C:\Program Files\dotnet\sdk\8.0.101\Extensions,C:\Program Files\dotnet\sdk\8.0.101
TpTrace Information: 0 : 19416, 1, 2024/02/20, 12:34:46.146, 4896406201610, vstest.console.dll, AssemblyResolver.AddSearchDirectories: Adding more searchDirectories C:\Program Files\dotnet\sdk\8.0.101\Extensions,C:\Program Files\dotnet\sdk\8.0.101
TpTrace Information: 0 : 19416, 1, 2024/02/20, 12:34:46.146, 4896406201768, vstest.console.dll, AssemblyResolver.AddSearchDirectories: Adding more searchDirectories C:\Program Files\dotnet\sdk\8.0.101\Extensions,C:\Program Files\dotnet\sdk\8.0.101
TpTrace Information: 0 : 19416, 1, 2024/02/20, 12:34:46.146, 4896406201926, vstest.console.dll, AssemblyResolver.AddSearchDirectories: Adding more searchDirectories C:\Program Files\dotnet\sdk\8.0.101\Extensions,C:\Program Files\dotnet\sdk\8.0.101
TpTrace Information: 0 : 19416, 1, 2024/02/20, 12:34:46.146, 4896406202109, vstest.console.dll, AssemblyResolver.AddSearchDirectories: Adding more searchDirectories C:\Program Files\dotnet\sdk\8.0.101\Extensions,C:\Program Files\dotnet\sdk\8.0.101
TpTrace Verbose: 0 : 19416, 1, 2024/02/20, 12:34:46.146, 4896406202817, vstest.console.dll, MetadataReaderExtensionsHelper: Discovering extensions inside assembly 'Microsoft.Diagnostics.NETCore.Client, Version=0.2.8.21101, Culture=neutral, PublicKeyToken=31bf3856ad364e35' file path 'C:\Program Files\dotnet\sdk\8.0.101\Extensions\Microsoft.Diagnostics.NETCore.Client.dll'
TpTrace Information: 0 : 19416, 1, 2024/02/20, 12:34:46.146, 4896406208571, vstest.console.dll, AssemblyResolver.OnResolve: Microsoft.Bcl.AsyncInterfaces: Resolving assembly.
TpTrace Information: 0 : 19416, 1, 2024/02/20, 12:34:46.146, 4896406208939, vstest.console.dll, AssemblyResolver.OnResolve: Microsoft.Bcl.AsyncInterfaces: Resolved from cache.
TpTrace Verbose: 0 : 19416, 1, 2024/02/20, 12:34:46.146, 4896406209119, vstest.console.dll, CurrentDomainAssemblyResolve: Resolving assembly 'Microsoft.Bcl.AsyncInterfaces'.
TpTrace Information: 0 : 19416, 1, 2024/02/20, 12:34:46.146, 4896406209398, vstest.console.dll, AssemblyResolver.OnResolve: Microsoft.Bcl.AsyncInterfaces: Resolving assembly.
TpTrace Information: 0 : 19416, 1, 2024/02/20, 12:34:46.146, 4896406209580, vstest.console.dll, AssemblyResolver.OnResolve: Microsoft.Bcl.AsyncInterfaces: Resolved from cache.
TpTrace Verbose: 0 : 19416, 1, 2024/02/20, 12:34:46.146, 4896406209771, vstest.console.dll, CurrentDomainAssemblyResolve: Resolving assembly 'Microsoft.Bcl.AsyncInterfaces'.
TpTrace Verbose: 0 : 19416, 1, 2024/02/20, 12:34:46.146, 4896406209918, vstest.console.dll, CurrentDomainAssemblyResolve: Failed to resolve assembly 'Microsoft.Bcl.AsyncInterfaces'.
TpTrace Verbose: 0 : 19416, 1, 2024/02/20, 12:34:46.147, 4896406210959, vstest.console.dll, CurrentDomainAssemblyResolve: Failed to resolve assembly 'Microsoft.Bcl.AsyncInterfaces'.
TpTrace Warning: 0 : 19416, 1, 2024/02/20, 12:34:46.147, 4896406213650, vstest.console.dll, TestPluginDiscoverer: Failed to get types from assembly 'Microsoft.Diagnostics.NETCore.Client, Version=0.2.8.21101, Culture=neutral, PublicKeyToken=31bf3856ad364e35'. Error: System.Reflection.ReflectionTypeLoadException: Unable to load one or more of the requested types.
Could not load file or assembly 'Microsoft.Bcl.AsyncInterfaces, Version=1.0.0.0, Culture=neutral, PublicKeyToken=cc7b13ffcd2ddd51'. The system cannot find the file specified.
   at System.Reflection.RuntimeModule.GetTypes(RuntimeModule module)
   at System.Reflection.RuntimeModule.GetTypes()
   at Microsoft.VisualStudio.TestPlatform.Common.ExtensionFramework.TestPluginDiscoverer.GetTestExtensionsFromAssembly[TPluginInfo,TExtension](Assembly assembly, Dictionary`2 pluginInfos, String filePath) in /_/src/Microsoft.TestPlatform.Common/ExtensionFramework/TestPluginDiscoverer.cs:line 158
System.IO.FileNotFoundException: Could not load file or assembly 'Microsoft.Bcl.AsyncInterfaces, Version=1.0.0.0, Culture=neutral, PublicKeyToken=cc7b13ffcd2ddd51'. The system cannot find the file specified.
File name: 'Microsoft.Bcl.AsyncInterfaces, Version=1.0.0.0, Culture=neutral, PublicKeyToken=cc7b13ffcd2ddd51'
 ---> System.IO.FileNotFoundException: Could not load file or assembly 'Microsoft.Bcl.AsyncInterfaces, Culture=neutral, PublicKeyToken=null'. The system cannot find the file specified.
File name: 'Microsoft.Bcl.AsyncInterfaces, Culture=neutral, PublicKeyToken=null'
   at System.Reflection.RuntimeAssembly.InternalLoad(AssemblyName assemblyName, StackCrawlMark& stackMark, AssemblyLoadContext assemblyLoadContext, RuntimeAssembly requestingAssembly, Boolean throwOnFileNotFound)
   at System.Reflection.Assembly.Load(AssemblyName assemblyRef)
   at Microsoft.VisualStudio.TestPlatform.Common.ExtensionFramework.TestPluginCache.CurrentDomainAssemblyResolve(Object sender, AssemblyResolveEventArgs args) in /_/src/Microsoft.TestPlatform.Common/ExtensionFramework/TestPluginCache.cs:line 513
   at System.Runtime.Loader.AssemblyLoadContext.GetFirstResolvedAssemblyFromResolvingEvent(AssemblyName assemblyName)
   at System.Runtime.Loader.AssemblyLoadContext.ResolveUsingEvent(AssemblyName assemblyName)
   at System.Runtime.Loader.AssemblyLoadContext.ResolveUsingResolvingEvent(IntPtr gchManagedAssemblyLoadContext, AssemblyName assemblyName)
TpTrace Warning: 0 : 19416, 1, 2024/02/20, 12:34:46.147, 4896406214837, vstest.console.dll, LoaderExceptions: System.IO.FileNotFoundException: Could not load file or assembly 'Microsoft.Bcl.AsyncInterfaces, Version=1.0.0.0, Culture=neutral, PublicKeyToken=cc7b13ffcd2ddd51'. The system cannot find the file specified.
File name: 'Microsoft.Bcl.AsyncInterfaces, Version=1.0.0.0, Culture=neutral, PublicKeyToken=cc7b13ffcd2ddd51'
 ---> System.IO.FileNotFoundException: Could not load file or assembly 'Microsoft.Bcl.AsyncInterfaces, Culture=neutral, PublicKeyToken=null'. The system cannot find the file specified.
File name: 'Microsoft.Bcl.AsyncInterfaces, Culture=neutral, PublicKeyToken=null'
   at System.Reflection.RuntimeAssembly.InternalLoad(AssemblyName assemblyName, StackCrawlMark& stackMark, AssemblyLoadContext assemblyLoadContext, RuntimeAssembly requestingAssembly, Boolean throwOnFileNotFound)
   at System.Reflection.Assembly.Load(AssemblyName assemblyRef)
   at Microsoft.VisualStudio.TestPlatform.Common.ExtensionFramework.TestPluginCache.CurrentDomainAssemblyResolve(Object sender, AssemblyResolveEventArgs args) in /_/src/Microsoft.TestPlatform.Common/ExtensionFramework/TestPluginCache.cs:line 513
   at System.Runtime.Loader.AssemblyLoadContext.GetFirstResolvedAssemblyFromResolvingEvent(AssemblyName assemblyName)
   at System.Runtime.Loader.AssemblyLoadContext.ResolveUsingEvent(AssemblyName assemblyName)
   at System.Runtime.Loader.AssemblyLoadContext.ResolveUsingResolvingEvent(IntPtr gchManagedAssemblyLoadContext, AssemblyName assemblyName)
TpTrace Verbose: 0 : 19416, 1, 2024/02/20, 12:34:46.147, 4896406215543, vstest.console.dll, MetadataReaderExtensionsHelper: Discovering extensions inside assembly 'Microsoft.TestPlatform.Extensions.BlameDataCollector, Version=15.0.0.0, Culture=neutral, PublicKeyToken=b03f5f7f11d50a3a' file path 'C:\Program Files\dotnet\sdk\8.0.101\Extensions\Microsoft.TestPlatform.Extensions.BlameDataCollector.dll'
TpTrace Information: 0 : 19416, 1, 2024/02/20, 12:34:46.147, 4896406218571, vstest.console.dll, GetTestExtensionFromType: Register extension with identifier data 'logger://Microsoft/TestPlatform/Extensions/Blame/v1' and type 'Microsoft.TestPlatform.Extensions.BlameDataCollector.BlameLogger, Microsoft.TestPlatform.Extensions.BlameDataCollector, Version=15.0.0.0, Culture=neutral, PublicKeyToken=b03f5f7f11d50a3a' inside file 'C:\Program Files\dotnet\sdk\8.0.101\Extensions\Microsoft.TestPlatform.Extensions.BlameDataCollector.dll'
TpTrace Verbose: 0 : 19416, 1, 2024/02/20, 12:34:46.147, 4896406219011, vstest.console.dll, MetadataReaderExtensionsHelper: Discovering extensions inside assembly 'Microsoft.TestPlatform.Extensions.EventLogCollector, Version=15.0.0.0, Culture=neutral, PublicKeyToken=b03f5f7f11d50a3a' file path 'C:\Program Files\dotnet\sdk\8.0.101\Extensions\Microsoft.TestPlatform.Extensions.EventLogCollector.dll'
TpTrace Verbose: 0 : 19416, 1, 2024/02/20, 12:34:46.148, 4896406220885, vstest.console.dll, MetadataReaderExtensionsHelper: Discovering extensions inside assembly 'Microsoft.TestPlatform.TestHostRuntimeProvider, Version=15.0.0.0, Culture=neutral, PublicKeyToken=b03f5f7f11d50a3a' file path 'C:\Program Files\dotnet\sdk\8.0.101\Extensions\Microsoft.TestPlatform.TestHostRuntimeProvider.dll'
TpTrace Verbose: 0 : 19416, 1, 2024/02/20, 12:34:46.148, 4896406222879, vstest.console.dll, MetadataReaderExtensionsHelper: Discovering extensions inside assembly 'Microsoft.VisualStudio.TestPlatform.Extensions.Html.TestLogger, Version=15.0.0.0, Culture=neutral, PublicKeyToken=b03f5f7f11d50a3a' file path 'C:\Program Files\dotnet\sdk\8.0.101\Extensions\Microsoft.VisualStudio.TestPlatform.Extensions.Html.TestLogger.dll'
TpTrace Information: 0 : 19416, 1, 2024/02/20, 12:34:46.148, 4896406226346, vstest.console.dll, GetTestExtensionFromType: Register extension with identifier data 'logger://Microsoft/TestPlatform/HtmlLogger/v1' and type 'Microsoft.VisualStudio.TestPlatform.Extensions.HtmlLogger.HtmlLogger, Microsoft.VisualStudio.TestPlatform.Extensions.Html.TestLogger, Version=15.0.0.0, Culture=neutral, PublicKeyToken=b03f5f7f11d50a3a' inside file 'C:\Program Files\dotnet\sdk\8.0.101\Extensions\Microsoft.VisualStudio.TestPlatform.Extensions.Html.TestLogger.dll'
TpTrace Verbose: 0 : 19416, 1, 2024/02/20, 12:34:46.148, 4896406226807, vstest.console.dll, MetadataReaderExtensionsHelper: Discovering extensions inside assembly 'Microsoft.VisualStudio.TestPlatform.Extensions.Trx.TestLogger, Version=15.0.0.0, Culture=neutral, PublicKeyToken=b03f5f7f11d50a3a' file path 'C:\Program Files\dotnet\sdk\8.0.101\Extensions\Microsoft.VisualStudio.TestPlatform.Extensions.Trx.TestLogger.dll'
TpTrace Information: 0 : 19416, 1, 2024/02/20, 12:34:46.148, 4896406229034, vstest.console.dll, GetTestExtensionFromType: Register extension with identifier data 'logger://Microsoft/TestPlatform/TrxLogger/v1' and type 'Microsoft.VisualStudio.TestPlatform.Extensions.TrxLogger.TrxLogger, Microsoft.VisualStudio.TestPlatform.Extensions.Trx.TestLogger, Version=15.0.0.0, Culture=neutral, PublicKeyToken=b03f5f7f11d50a3a' inside file 'C:\Program Files\dotnet\sdk\8.0.101\Extensions\Microsoft.VisualStudio.TestPlatform.Extensions.Trx.TestLogger.dll'
TpTrace Verbose: 0 : 19416, 1, 2024/02/20, 12:34:46.148, 4896406229961, vstest.console.dll, TestPluginCache: Discovered the extensions using extension path ''.
TpTrace Verbose: 0 : 19416, 1, 2024/02/20, 12:34:46.148, 4896406230246, vstest.console.dll, TestPluginCache: Discoverers are ''.
TpTrace Verbose: 0 : 19416, 1, 2024/02/20, 12:34:46.148, 4896406230416, vstest.console.dll, TestPluginCache: Executors are ''.
TpTrace Verbose: 0 : 19416, 1, 2024/02/20, 12:34:46.149, 4896406230570, vstest.console.dll, TestPluginCache: Executors2 are ''.
TpTrace Verbose: 0 : 19416, 1, 2024/02/20, 12:34:46.149, 4896406230708, vstest.console.dll, TestPluginCache: Setting providers are ''.
TpTrace Verbose: 0 : 19416, 1, 2024/02/20, 12:34:46.149, 4896406231162, vstest.console.dll, TestPluginCache: Loggers are 'logger://Microsoft/TestPlatform/Extensions/Blame/v1,logger://Microsoft/TestPlatform/HtmlLogger/v1,logger://Microsoft/TestPlatform/TrxLogger/v1'.
TpTrace Verbose: 0 : 19416, 1, 2024/02/20, 12:34:46.149, 4896406231444, vstest.console.dll, TestPluginCache: TestHosts are 'HostProvider://DefaultTestHost,HostProvider://DotnetTestHost'.
TpTrace Verbose: 0 : 19416, 1, 2024/02/20, 12:34:46.149, 4896406231623, vstest.console.dll, TestPluginCache: DataCollectors are ''.
TpTrace Information: 0 : 19416, 1, 2024/02/20, 12:34:46.149, 4896406237718, vstest.console.dll, TestPluginManager.CreateTestExtension: Attempting to load test extension: Microsoft.TestPlatform.Extensions.BlameDataCollector.BlameLogger
TpTrace Verbose: 0 : 19416, 1, 2024/02/20, 12:34:46.154, 4896406287683, vstest.console.dll, TestEngine: Initializing Parallel Execution as MaxCpuCount is set to: 1
TpTrace Information: 0 : 19416, 1, 2024/02/20, 12:34:46.155, 4896406299166, vstest.console.dll, TestPluginManager.CreateTestExtension: Attempting to load test extension: Microsoft.VisualStudio.TestPlatform.CrossPlatEngine.Hosting.DefaultTestHostManager
TpTrace Information: 0 : 19416, 1, 2024/02/20, 12:34:46.156, 4896406304244, vstest.console.dll, TestPluginManager.CreateTestExtension: Attempting to load test extension: Microsoft.VisualStudio.TestPlatform.CrossPlatEngine.Hosting.DotnetTestHostManager
TpTrace Information: 0 : 19416, 1, 2024/02/20, 12:34:46.156, 4896406308518, vstest.console.dll, InferRunSettingsHelper.IsTestSettingsEnabled: Unable to navigate to RunSettings/MSTest. Current node: RunSettings
TpTrace Verbose: 0 : 19416, 1, 2024/02/20, 12:34:46.157, 4896406312618, vstest.console.dll, ParallelOperationManager.ClearSlots: Clearing all slots. Slots should accept more work: True
TpTrace Verbose: 0 : 19416, 1, 2024/02/20, 12:34:46.157, 4896406316900, vstest.console.dll, ParallelOperationManager.SetOccupiedSlotCount: Setting slot counts AvailableSlotCount = 1, OccupiedSlotCount = 0.
TpTrace Verbose: 0 : 19416, 1, 2024/02/20, 12:34:46.157, 4896406319500, vstest.console.dll, Occupied slots:

TpTrace Verbose: 0 : 19416, 1, 2024/02/20, 12:34:46.160, 4896406341872, vstest.console.dll, TestEngine.GetExecutionManager: Chosen execution manager 'Microsoft.VisualStudio.TestPlatform.CrossPlatEngine.Client.Parallel.ParallelProxyExecutionManager, Microsoft.TestPlatform.CrossPlatEngine, Version=15.0.0.0, Culture=neutral, PublicKeyToken=b03f5f7f11d50a3a' ParallelLevel '1'.
TpTrace Verbose: 0 : 19416, 1, 2024/02/20, 12:34:46.160, 4896406342807, vstest.console.dll, TestRunRequest.ExecuteAsync: Creating test run request.
TpTrace Verbose: 0 : 19416, 1, 2024/02/20, 12:34:46.160, 4896406344425, vstest.console.dll, TestRunRequest.ExecuteAsync: Starting.
TpTrace Information: 0 : 19416, 1, 2024/02/20, 12:34:46.161, 4896406352378, vstest.console.dll, TestRunRequest.ExecuteAsync: Starting run with settings:TestRunCriteria:
   KeepAlive=False,FrequencyOfRunStatsChangeEvent=10,RunStatsChangeEventTimeout=00:00:01.5000000,TestCaseFilter=,TestExecutorLauncher=
   Settingsxml=<RunSettings>
  <RunConfiguration>
    <ResultsDirectory>D:\Иван\QA SoftUni\Back-End Test Automation\Back-End Technologies Basics\16. Exercise Testing API Controllers\Homies_ASP.Net_WithTestProject\Homies.Tests\bin\Debug\net6.0\fine-code-coverage\coverage-tool-output</ResultsDirectory>
    <TargetPlatform>X64</TargetPlatform>
    <TargetFrameworkVersion>.NETCoreApp,Version=v6.0</TargetFrameworkVersion>
    <DesignMode>False</DesignMode>
    <CollectSourceInformation>False</CollectSourceInformation>
  </RunConfiguration>
  <LoggerRunSettings>
    <Loggers>
      <Logger friendlyName="blame" enabled="True" />
      <Logger friendlyName="Console" uri="logger://microsoft/TestPlatform/ConsoleLogger/v1" assemblyQualifiedName="Microsoft.VisualStudio.TestPlatform.CommandLine.Internal.ConsoleLogger, vstest.console, Version=15.0.0.0, Culture=neutral, PublicKeyToken=b03f5f7f11d50a3a" codeBase="C:\Program Files\dotnet\sdk\8.0.101\vstest.console.dll" enabled="True" />
    </Loggers>
  </LoggerRunSettings>
  <DataCollectionRunSettings>
    <DataCollectors>
      <DataCollector friendlyName="blame" enabled="True">
        <Configuration>
          <ResultsDirectory>D:\Иван\QA SoftUni\Back-End Test Automation\Back-End Technologies Basics\16. Exercise Testing API Controllers\Homies_ASP.Net_WithTestProject\Homies.Tests\bin\Debug\net6.0\fine-code-coverage\coverage-tool-output</ResultsDirectory>
        </Configuration>
      </DataCollector>
    </DataCollectors>
  </DataCollectionRunSettings>
</RunSettings>

TpTrace Verbose: 0 : 19416, 1, 2024/02/20, 12:34:46.161, 4896406352829, vstest.console.dll, TestRunRequest.ExecuteAsync: Wait for the first run request is over.
TpTrace Verbose: 0 : 19416, 1, 2024/02/20, 12:34:46.161, 4896406354912, vstest.console.dll, MulticastDelegateUtilities.SafeInvoke: TestRun.TestRunStart: Invoking callbacks was skipped because there are no subscribers.
TpTrace Verbose: 0 : 19416, 4, 2024/02/20, 12:34:46.161, 4896406356290, vstest.console.dll, MulticastDelegateUtilities.SafeInvoke: InternalTestLoggerEvents.SendTestRunStart: Invoking callback 1/1 for Microsoft.VisualStudio.TestPlatform.CommandLine.Internal.ConsoleLogger., took 0 ms.
TpTrace Verbose: 0 : 19416, 1, 2024/02/20, 12:34:46.162, 4896406362071, vstest.console.dll, ParallelProxyExecutionManager: Start execution. Total sources: 1
TpTrace Verbose: 0 : 19416, 1, 2024/02/20, 12:34:46.162, 4896406364896, vstest.console.dll, ParallelOperationManager.StartWork: Starting adding 1 workloads.
TpTrace Verbose: 0 : 19416, 1, 2024/02/20, 12:34:46.162, 4896406365397, vstest.console.dll, ParallelOperationManager.ClearSlots: Clearing all slots. Slots should accept more work: True
TpTrace Verbose: 0 : 19416, 1, 2024/02/20, 12:34:46.162, 4896406365891, vstest.console.dll, ParallelOperationManager.SetOccupiedSlotCount: Setting slot counts AvailableSlotCount = 1, OccupiedSlotCount = 0.
TpTrace Verbose: 0 : 19416, 1, 2024/02/20, 12:34:46.162, 4896406366152, vstest.console.dll, Occupied slots:

TpTrace Verbose: 0 : 19416, 1, 2024/02/20, 12:34:46.163, 4896406375734, vstest.console.dll, TestRequestSender is acting as server.
TpTrace Verbose: 0 : 19416, 1, 2024/02/20, 12:34:46.164, 4896406383578, vstest.console.dll, ParallelOperationManager.RunWorkInParallel: Adding 1 workload to slot, remaining workloads 0.
TpTrace Verbose: 0 : 19416, 1, 2024/02/20, 12:34:46.164, 4896406384028, vstest.console.dll, ParallelOperationManager.SetOccupiedSlotCount: Setting slot counts AvailableSlotCount = 0, OccupiedSlotCount = 1.
TpTrace Verbose: 0 : 19416, 1, 2024/02/20, 12:34:46.164, 4896406384718, vstest.console.dll, Occupied slots:
0: D:\Иван\QA SoftUni\Back-End Test Automation\Back-End Technologies Basics\16. Exercise Testing API Controllers\Homies_ASP.Net_WithTestProject\Homies.Tests\bin\Debug\net6.0\fine-code-coverage\build-output\Homies.Tests.dll
TpTrace Verbose: 0 : 19416, 1, 2024/02/20, 12:34:46.165, 4896406391315, vstest.console.dll, ParallelOperationManager.RunWorkInParallel: Started host in slot number 0 for work (source): D:\Иван\QA SoftUni\Back-End Test Automation\Back-End Technologies Basics\16. Exercise Testing API Controllers\Homies_ASP.Net_WithTestProject\Homies.Tests\bin\Debug\net6.0\fine-code-coverage\build-output\Homies.Tests.dll.
TpTrace Verbose: 0 : 19416, 1, 2024/02/20, 12:34:46.165, 4896406396816, vstest.console.dll, ParallelOperationManager.RunWorkInParallel: We started 1 work items, which is the max parallel level. Won't start more work.
TpTrace Verbose: 0 : 19416, 1, 2024/02/20, 12:34:46.165, 4896406397165, vstest.console.dll, ParallelOperationManager.RunWorkInParallel: We started 1 work items in here, returning True.
TpTrace Information: 0 : 19416, 1, 2024/02/20, 12:34:46.165, 4896406397389, vstest.console.dll, TestRunRequest.ExecuteAsync: Started.
TpTrace Verbose: 0 : 19416, 5, 2024/02/20, 12:34:46.165, 4896406398212, vstest.console.dll, ParallelProxyExecutionManager.StartTestRunOnConcurrentManager: Initializing uninitialized client. Started clients: 0
TpTrace Verbose: 0 : 19416, 5, 2024/02/20, 12:34:46.165, 4896406399316, vstest.console.dll, DataCollectionRequestSender.InitializeCommunication : Initialize communication. 
TpTrace Verbose: 0 : 19416, 1, 2024/02/20, 12:34:46.166, 4896406401107, vstest.console.dll, TestRunRequest.WaitForCompletion: Waiting with timeout -1.
TpTrace Information: 0 : 19416, 5, 2024/02/20, 12:34:46.170, 4896406445575, vstest.console.dll, Listening on Endpoint : 127.0.0.1:10900
TpTrace Verbose: 0 : 19416, 5, 2024/02/20, 12:34:46.174, 4896406482453, vstest.console.dll, DotnetDataCollectionLauncher: Adding  --runtimeconfig "C:\Program Files\dotnet\sdk\8.0.101\datacollector.runtimeconfig.json" in args
TpTrace Verbose: 0 : 19416, 5, 2024/02/20, 12:34:46.174, 4896406483135, vstest.console.dll, DotnetDataCollectionLauncher: Adding  --depsfile "C:\Program Files\dotnet\sdk\8.0.101\datacollector.deps.json" in args
TpTrace Verbose: 0 : 19416, 5, 2024/02/20, 12:34:46.174, 4896406484507, vstest.console.dll, DotnetDataCollectionLauncher: Full path of dotnet.exe is C:\Program Files\dotnet\dotnet.exe
TpTrace Information: 0 : 19416, 5, 2024/02/20, 12:34:46.178, 4896406530435, vstest.console.dll, ProxyDataCollectionManager.Initialize: Launched datacollector processId: 1956 port: 10900
TpTrace Information: 0 : 19416, 5, 2024/02/20, 12:34:46.179, 4896406531445, vstest.console.dll, ProxyDataCollectionManager.Initialize: waiting for connection with timeout: 90 seconds
TpTrace Verbose: 0 : 19416, 5, 2024/02/20, 12:34:46.179, 4896406531826, vstest.console.dll, DataCollectionRequestSender.WaitForRequestHandlerConnection : Waiting for connection with timeout: 90000
TpTrace Information: 0 : 19416, 7, 2024/02/20, 12:34:46.272, 4896407469432, vstest.console.dll, Using the buffer size of 16384 bytes
TpTrace Verbose: 0 : 19416, 5, 2024/02/20, 12:34:46.272, 4896407469481, vstest.console.dll, SocketCommunicationManager.WaitForClientConnection took: 93 ms, with 90000 ms timeout, and finished with True.
TpTrace Information: 0 : 19416, 7, 2024/02/20, 12:34:46.272, 4896407470308, vstest.console.dll, Accepted Client request and set the flag
TpTrace Verbose: 0 : 19416, 5, 2024/02/20, 12:34:46.273, 4896407471088, vstest.console.dll, ProxyDataCollectionManager.InvokeDataCollectionServiceAction: Starting.
TpTrace Information: 0 : 19416, 5, 2024/02/20, 12:34:46.273, 4896407471641, vstest.console.dll, ProxyDataCollectionManager.BeforeTestRunStart: Get environment variable and port for datacollector processId: 1956 port: 10900
TpTrace Verbose: 0 : 19416, 5, 2024/02/20, 12:34:46.273, 4896407472403, vstest.console.dll, DataCollectionRequestSender.SendBeforeTestRunStartAndGetResult: Send BeforeTestRunStart message with settingsXml <RunSettings><RunConfiguration><ResultsDirectory>D:\Иван\QA SoftUni\Back-End Test Automation\Back-End Technologies Basics\16. Exercise Testing API Controllers\Homies_ASP.Net_WithTestProject\Homies.Tests\bin\Debug\net6.0\fine-code-coverage\coverage-tool-output</ResultsDirectory><TargetPlatform>X64</TargetPlatform><TargetFrameworkVersion>.NETCoreApp,Version=v6.0</TargetFrameworkVersion><DesignMode>False</DesignMode><CollectSourceInformation>False</CollectSourceInformation><TestAdaptersPaths>C:\Program Files\dotnet\sdk\8.0.101\Extensions</TestAdaptersPaths></RunConfiguration><LoggerRunSettings><Loggers><Logger friendlyName="blame" enabled="True" /><Logger friendlyName="Console" uri="logger://microsoft/TestPlatform/ConsoleLogger/v1" assemblyQualifiedName="Microsoft.VisualStudio.TestPlatform.CommandLine.Internal.ConsoleLogger, vstest.console, Version=15.0.0.0, Culture=neutral, PublicKeyToken=b03f5f7f11d50a3a" codeBase="C:\Program Files\dotnet\sdk\8.0.101\vstest.console.dll" enabled="True" /></Loggers></LoggerRunSettings><DataCollectionRunSettings><DataCollectors><DataCollector friendlyName="blame" enabled="True"><Configuration><ResultsDirectory>D:\Иван\QA SoftUni\Back-End Test Automation\Back-End Technologies Basics\16. Exercise Testing API Controllers\Homies_ASP.Net_WithTestProject\Homies.Tests\bin\Debug\net6.0\fine-code-coverage\coverage-tool-output</ResultsDirectory></Configuration></DataCollector></DataCollectors></DataCollectionRunSettings></RunSettings> and sources System.Collections.Generic.List`1[System.String]: 
TpTrace Verbose: 0 : 19416, 5, 2024/02/20, 12:34:46.306, 4896407803016, vstest.console.dll, DataCollectionRequestSender.SendBeforeTestRunStartAndGetResult: Received message: (DataCollection.SendMessage) -> {"MessageType":"DataCollection.SendMessage","Payload":{"FriendlyName":null,"Uri":null,"TestCaseId":"00000000-0000-0000-0000-000000000000","Message":"Logging DataCollector Diagnostics in file: D:\\Иван\\QA SoftUni\\Back-End Test Automation\\Back-End Technologies Basics\\16. Exercise Testing API Controllers\\Homies_ASP.Net_WithTestProject\\Homies.Tests\\bin\\Debug\\net6.0\\fine-code-coverage\\coverage-tool-output\\diagnostics.datacollector.24-02-20_12-34-46_17403_5.log","Level":0}}
TpTrace Verbose: 0 : 19416, 5, 2024/02/20, 12:34:46.361, 4896408353285, vstest.console.dll, DataCollectionRequestSender.SendBeforeTestRunStartAndGetResult: Received message: (DataCollection.BeforeTestRunStartResult) -> {"MessageType":"DataCollection.BeforeTestRunStartResult","Payload":{"EnvironmentVariables":{},"DataCollectionEventsPort":10902}}
TpTrace Information: 0 : 19416, 5, 2024/02/20, 12:34:46.364, 4896408385614, vstest.console.dll, ProxyDataCollectionManager.BeforeTestRunStart: SendBeforeTestRunStartAndGetResult successful, env variable from datacollector:   and testhost port: 10902
TpTrace Information: 0 : 19416, 5, 2024/02/20, 12:34:46.364, 4896408386480, vstest.console.dll, ProxyDataCollectionManager.InvokeDataCollectionServiceAction: Completed.
TpTrace Verbose: 0 : 19416, 5, 2024/02/20, 12:34:46.364, 4896408386829, vstest.console.dll, ParallelProxyExecutionManager.StartTestRunOnConcurrentManager: Initializing test run. Started clients: 0
TpTrace Verbose: 0 : 19416, 5, 2024/02/20, 12:34:46.364, 4896408387469, vstest.console.dll, ProxyExecutionManager: Test host is always Lazy initialize.
TpTrace Verbose: 0 : 19416, 5, 2024/02/20, 12:34:46.364, 4896408389075, vstest.console.dll, TestRequestSender.InitializeCommunication: initialize communication. 
TpTrace Information: 0 : 19416, 5, 2024/02/20, 12:34:46.365, 4896408392929, vstest.console.dll, SocketServer.Start: Listening on endpoint : 127.0.0.1:10903
TpTrace Verbose: 0 : 19416, 5, 2024/02/20, 12:34:46.365, 4896408398513, vstest.console.dll, DotnetTestHostmanager.GetTestHostProcessStartInfo: Platform environment 'X64' target architecture 'X64' framework '.NETCoreApp,Version=v6.0' OS 'Windows'
TpTrace Verbose: 0 : 19416, 5, 2024/02/20, 12:34:46.365, 4896408399686, vstest.console.dll, DotnetTestHostmanager: Adding  --runtimeconfig "D:\Иван\QA SoftUni\Back-End Test Automation\Back-End Technologies Basics\16. Exercise Testing API Controllers\Homies_ASP.Net_WithTestProject\Homies.Tests\bin\Debug\net6.0\fine-code-coverage\build-output\Homies.Tests.runtimeconfig.json" in args
TpTrace Verbose: 0 : 19416, 5, 2024/02/20, 12:34:46.365, 4896408400079, vstest.console.dll, DotnetTestHostmanager: Adding  --depsfile "D:\Иван\QA SoftUni\Back-End Test Automation\Back-End Technologies Basics\16. Exercise Testing API Controllers\Homies_ASP.Net_WithTestProject\Homies.Tests\bin\Debug\net6.0\fine-code-coverage\build-output\Homies.Tests.deps.json" in args
TpTrace Verbose: 0 : 19416, 5, 2024/02/20, 12:34:46.366, 4896408401131, vstest.console.dll, DotnetTestHostmanager.IsWinOnArm: Current PROCESSOR_ARCHITECTURE from environment variable 'AMD64'
TpTrace Verbose: 0 : 19416, 5, 2024/02/20, 12:34:46.366, 4896408401527, vstest.console.dll, DotnetTestHostmanager.IsWinOnArm: Is Windows on ARM 'False'
TpTrace Verbose: 0 : 19416, 5, 2024/02/20, 12:34:46.366, 4896408401876, vstest.console.dll, DotnetTestHostManager: testhost.exe found at path: D:\Иван\QA SoftUni\Back-End Test Automation\Back-End Technologies Basics\16. Exercise Testing API Controllers\Homies_ASP.Net_WithTestProject\Homies.Tests\bin\Debug\net6.0\fine-code-coverage\build-output\testhost.exe
TpTrace Verbose: 0 : 19416, 5, 2024/02/20, 12:34:46.366, 4896408402181, vstest.console.dll, DotnetTestHostmanager: Full path of host exe is D:\Иван\QA SoftUni\Back-End Test Automation\Back-End Technologies Basics\16. Exercise Testing API Controllers\Homies_ASP.Net_WithTestProject\Homies.Tests\bin\Debug\net6.0\fine-code-coverage\build-output\testhost.exe
TpTrace Verbose: 0 : 19416, 5, 2024/02/20, 12:34:46.366, 4896408402981, vstest.console.dll, DotnetTestHostmanager.LaunchTestHostAsync: Found 'VSTEST_WINAPPHOST_DOTNET_ROOT' in env variables, value 'C:\Program Files\dotnet', forwarding to 'DOTNET_ROOT'
TpTrace Verbose: 0 : 19416, 5, 2024/02/20, 12:34:46.366, 4896408403997, vstest.console.dll, DotnetTestHostManager: Starting process 'D:\Иван\QA SoftUni\Back-End Test Automation\Back-End Technologies Basics\16. Exercise Testing API Controllers\Homies_ASP.Net_WithTestProject\Homies.Tests\bin\Debug\net6.0\fine-code-coverage\build-output\testhost.exe' with command line ' --runtimeconfig "D:\Иван\QA SoftUni\Back-End Test Automation\Back-End Technologies Basics\16. Exercise Testing API Controllers\Homies_ASP.Net_WithTestProject\Homies.Tests\bin\Debug\net6.0\fine-code-coverage\build-output\Homies.Tests.runtimeconfig.json" --depsfile "D:\Иван\QA SoftUni\Back-End Test Automation\Back-End Technologies Basics\16. Exercise Testing API Controllers\Homies_ASP.Net_WithTestProject\Homies.Tests\bin\Debug\net6.0\fine-code-coverage\build-output\Homies.Tests.deps.json" --port 10903 --endpoint 127.0.0.1:010903 --role client --parentprocessid 19416 --diag "D:\Иван\QA SoftUni\Back-End Test Automation\Back-End Technologies Basics\16. Exercise Testing API Controllers\Homies_ASP.Net_WithTestProject\Homies.Tests\bin\Debug\net6.0\fine-code-coverage\coverage-tool-output\diagnostics.host.24-02-20_12-34-46_36550_5.log" --tracelevel 4 --datacollectionport 10902 --telemetryoptedin false'
TpTrace Verbose: 0 : 19416, 5, 2024/02/20, 12:34:46.371, 4896408454819, vstest.console.dll, MulticastDelegateUtilities.SafeInvoke: HostProviderEvents.OnHostLaunched: Invoking callback 1/2 for Microsoft.VisualStudio.TestPlatform.CrossPlatEngine.Client.ProxyExecutionManagerWithDataCollection., took 0 ms.
TpTrace Verbose: 0 : 19416, 5, 2024/02/20, 12:34:46.371, 4896408457779, vstest.console.dll, Test Runtime launched
TpTrace Verbose: 0 : 19416, 5, 2024/02/20, 12:34:46.371, 4896408458391, vstest.console.dll, MulticastDelegateUtilities.SafeInvoke: HostProviderEvents.OnHostLaunched: Invoking callback 2/2 for Microsoft.VisualStudio.TestPlatform.CrossPlatEngine.Client.ProxyOperationManager., took 0 ms.
TpTrace Verbose: 0 : 19416, 5, 2024/02/20, 12:34:46.371, 4896408459777, vstest.console.dll, TestRequestSender.WaitForRequestHandlerConnection: waiting for connection with timeout: 90000.
TpTrace Verbose: 0 : 19416, 7, 2024/02/20, 12:34:46.502, 4896409766024, vstest.console.dll, MulticastDelegateUtilities.SafeInvoke: SocketServer: ClientConnected: Invoking callback 1/1 for Microsoft.VisualStudio.TestPlatform.CommunicationUtilities.TestRequestSender., took 0 ms.
TpTrace Verbose: 0 : 19416, 5, 2024/02/20, 12:34:46.502, 4896409766023, vstest.console.dll, TestRequestSender.WaitForRequestHandlerConnection: waiting took 130 ms, with timeout 90000 ms, and result 0, which is success.
TpTrace Verbose: 0 : 19416, 7, 2024/02/20, 12:34:46.502, 4896409767086, vstest.console.dll, SocketServer.OnClientConnected: Client connected for endPoint: 127.0.0.1:10903, starting MessageLoopAsync:
TpTrace Verbose: 0 : 19416, 14, 2024/02/20, 12:34:46.503, 4896409771739, vstest.console.dll, TcpClientExtensions.MessageLoopAsync: Polling on remoteEndPoint: 127.0.0.1:10904 localEndPoint: 127.0.0.1:10903
TpTrace Verbose: 0 : 19416, 5, 2024/02/20, 12:34:46.503, 4896409775417, vstest.console.dll, TestRequestSender.CheckVersionWithTestHost: Sending check version message: {"MessageType":"ProtocolVersion","Payload":7}
TpTrace Verbose: 0 : 19416, 14, 2024/02/20, 12:34:46.620, 4896410947934, vstest.console.dll, TcpClientExtensions.MessageLoopAsync: NotifyDataAvailable remoteEndPoint: 127.0.0.1:10904 localEndPoint: 127.0.0.1:10903
TpTrace Verbose: 0 : 19416, 14, 2024/02/20, 12:34:46.620, 4896410950434, vstest.console.dll, TestRequestSender.CheckVersionWithTestHost: onMessageReceived received message: (ProtocolVersion) -> {"MessageType":"ProtocolVersion","Payload":7}
TpTrace Verbose: 0 : 19416, 14, 2024/02/20, 12:34:46.621, 4896410956045, vstest.console.dll, MulticastDelegateUtilities.SafeInvoke: LengthPrefixCommunicationChannel: MessageReceived: Invoking callback 1/1 for Microsoft.VisualStudio.TestPlatform.CommunicationUtilities.TestRequestSender+<>c__DisplayClass29_0., took 0 ms.
TpTrace Verbose: 0 : 19416, 14, 2024/02/20, 12:34:46.621, 4896410956712, vstest.console.dll, TcpClientExtensions.MessageLoopAsync: Polling on remoteEndPoint: 127.0.0.1:10904 localEndPoint: 127.0.0.1:10903
TpTrace Verbose: 0 : 19416, 5, 2024/02/20, 12:34:46.621, 4896410956778, vstest.console.dll, TestPluginCache.GetExtensionPaths: Filtered extension paths: 
TpTrace Verbose: 0 : 19416, 5, 2024/02/20, 12:34:46.621, 4896410957300, vstest.console.dll, TestPluginCache.GetExtensionPaths: Added default extension paths: C:\Program Files\dotnet\sdk\8.0.101\Extensions\Microsoft.Diagnostics.NETCore.Client.dll
C:\Program Files\dotnet\sdk\8.0.101\Extensions\Microsoft.TestPlatform.Extensions.BlameDataCollector.dll
C:\Program Files\dotnet\sdk\8.0.101\Extensions\Microsoft.TestPlatform.Extensions.EventLogCollector.dll
C:\Program Files\dotnet\sdk\8.0.101\Extensions\Microsoft.TestPlatform.TestHostRuntimeProvider.dll
C:\Program Files\dotnet\sdk\8.0.101\Extensions\Microsoft.VisualStudio.TestPlatform.Extensions.Html.TestLogger.dll
C:\Program Files\dotnet\sdk\8.0.101\Extensions\Microsoft.VisualStudio.TestPlatform.Extensions.Trx.TestLogger.dll
TpTrace Verbose: 0 : 19416, 5, 2024/02/20, 12:34:46.621, 4896410957510, vstest.console.dll, TestPluginCache.GetExtensionPaths: Added unfilterableExtensionPaths: 
TpTrace Verbose: 0 : 19416, 5, 2024/02/20, 12:34:46.623, 4896410976245, vstest.console.dll, TestRequestSender.InitializeExecution: Sending initialize execution with message: {"Version":7,"MessageType":"TestExecution.Initialize","Payload":["D:\\Иван\\QA SoftUni\\Back-End Test Automation\\Back-End Technologies Basics\\16. Exercise Testing API Controllers\\Homies_ASP.Net_WithTestProject\\Homies.Tests\\bin\\Debug\\net6.0\\fine-code-coverage\\build-output\\NUnit3.TestAdapter.dll"]}
TpTrace Verbose: 0 : 19416, 5, 2024/02/20, 12:34:46.623, 4896410978061, vstest.console.dll, ParallelProxyExecutionManager.StartTestRunOnConcurrentManager: Execution starting. Started clients: 1
TpTrace Verbose: 0 : 19416, 5, 2024/02/20, 12:34:46.623, 4896410980155, vstest.console.dll, TestRunRequest:SendTestRunMessage: Starting.
TpTrace Verbose: 0 : 19416, 5, 2024/02/20, 12:34:46.624, 4896410981387, vstest.console.dll, MulticastDelegateUtilities.SafeInvoke: TestRun.LogMessages: Invoking callback 1/1 for Microsoft.VisualStudio.TestPlatform.CommandLine.TestRunResultAggregator., took 0 ms.
TpTrace Information: 0 : 19416, 5, 2024/02/20, 12:34:46.624, 4896410981659, vstest.console.dll, TestRunRequest:SendTestRunMessage: Completed.
TpTrace Verbose: 0 : 19416, 4, 2024/02/20, 12:34:46.624, 4896410983155, vstest.console.dll, MulticastDelegateUtilities.SafeInvoke: InternalTestLoggerEvents.SendTestRunMessage: Invoking callback 1/1 for Microsoft.VisualStudio.TestPlatform.CommandLine.Internal.ConsoleLogger., took 0 ms.
TpTrace Warning: 0 : 19416, 5, 2024/02/20, 12:34:46.624, 4896410984435, vstest.console.dll, InferRunSettingsHelper.MakeRunsettingsCompatible: Removing the following settings: TargetPlatform from RunSettings file. To use those settings please move to latest version of Microsoft.NET.Test.Sdk
TpTrace Verbose: 0 : 19416, 14, 2024/02/20, 12:34:46.625, 4896410995604, vstest.console.dll, TcpClientExtensions.MessageLoopAsync: NotifyDataAvailable remoteEndPoint: 127.0.0.1:10904 localEndPoint: 127.0.0.1:10903
TpTrace Verbose: 0 : 19416, 14, 2024/02/20, 12:34:46.625, 4896410998519, vstest.console.dll, TestRequestSender.OnExecutionMessageReceived: Received message: {"Version":7,"MessageType":"TestSession.Message","Payload":{"MessageLevel":0,"Message":"Logging TestHost Diagnostics in file: D:\\Иван\\QA SoftUni\\Back-End Test Automation\\Back-End Technologies Basics\\16. Exercise Testing API Controllers\\Homies_ASP.Net_WithTestProject\\Homies.Tests\\bin\\Debug\\net6.0\\fine-code-coverage\\coverage-tool-output\\diagnostics.host.24-02-20_12-34-46_36550_5.log"}}
TpTrace Verbose: 0 : 19416, 14, 2024/02/20, 12:34:46.627, 4896411015841, vstest.console.dll, TestRunRequest:SendTestRunMessage: Starting.
TpTrace Verbose: 0 : 19416, 14, 2024/02/20, 12:34:46.627, 4896411016993, vstest.console.dll, MulticastDelegateUtilities.SafeInvoke: TestRun.LogMessages: Invoking callback 1/1 for Microsoft.VisualStudio.TestPlatform.CommandLine.TestRunResultAggregator., took 0 ms.
TpTrace Verbose: 0 : 19416, 4, 2024/02/20, 12:34:46.627, 4896411017206, vstest.console.dll, MulticastDelegateUtilities.SafeInvoke: InternalTestLoggerEvents.SendTestRunMessage: Invoking callback 1/1 for Microsoft.VisualStudio.TestPlatform.CommandLine.Internal.ConsoleLogger., took 0 ms.
TpTrace Information: 0 : 19416, 14, 2024/02/20, 12:34:46.627, 4896411017355, vstest.console.dll, TestRunRequest:SendTestRunMessage: Completed.
TpTrace Verbose: 0 : 19416, 14, 2024/02/20, 12:34:46.627, 4896411018447, vstest.console.dll, MulticastDelegateUtilities.SafeInvoke: LengthPrefixCommunicationChannel: MessageReceived: Invoking callback 1/1 for Microsoft.VisualStudio.TestPlatform.CommunicationUtilities.TestRequestSender+<>c__DisplayClass34_0., took 2 ms.
TpTrace Verbose: 0 : 19416, 14, 2024/02/20, 12:34:46.627, 4896411018867, vstest.console.dll, TcpClientExtensions.MessageLoopAsync: Polling on remoteEndPoint: 127.0.0.1:10904 localEndPoint: 127.0.0.1:10903
TpTrace Verbose: 0 : 19416, 5, 2024/02/20, 12:34:46.628, 4896411026441, vstest.console.dll, TestRequestSender.StartTestRun: Sending test run with message: {"Version":7,"MessageType":"TestExecution.StartWithSources","Payload":{"AdapterSourceMap":{"_none_":["D:\\Иван\\QA SoftUni\\Back-End Test Automation\\Back-End Technologies Basics\\16. Exercise Testing API Controllers\\Homies_ASP.Net_WithTestProject\\Homies.Tests\\bin\\Debug\\net6.0\\fine-code-coverage\\build-output\\Homies.Tests.dll"]},"RunSettings":"<RunSettings>\r\n  <RunConfiguration>\r\n    <ResultsDirectory>D:\\Иван\\QA SoftUni\\Back-End Test Automation\\Back-End Technologies Basics\\16. Exercise Testing API Controllers\\Homies_ASP.Net_WithTestProject\\Homies.Tests\\bin\\Debug\\net6.0\\fine-code-coverage\\coverage-tool-output</ResultsDirectory>\r\n    <TargetFrameworkVersion>.NETCoreApp,Version=v6.0</TargetFrameworkVersion>\r\n    <DesignMode>False</DesignMode>\r\n    <CollectSourceInformation>False</CollectSourceInformation>\r\n  </RunConfiguration>\r\n  <LoggerRunSettings>\r\n    <Loggers>\r\n      <Logger friendlyName=\"blame\" enabled=\"True\" />\r\n      <Logger friendlyName=\"Console\" uri=\"logger://microsoft/TestPlatform/ConsoleLogger/v1\" assemblyQualifiedName=\"Microsoft.VisualStudio.TestPlatform.CommandLine.Internal.ConsoleLogger, vstest.console, Version=15.0.0.0, Culture=neutral, PublicKeyToken=b03f5f7f11d50a3a\" codeBase=\"C:\\Program Files\\dotnet\\sdk\\8.0.101\\vstest.console.dll\" enabled=\"True\" />\r\n    </Loggers>\r\n  </LoggerRunSettings>\r\n  <DataCollectionRunSettings>\r\n    <DataCollectors>\r\n      <DataCollector friendlyName=\"blame\" enabled=\"True\">\r\n        <Configuration>\r\n          <ResultsDirectory>D:\\Иван\\QA SoftUni\\Back-End Test Automation\\Back-End Technologies Basics\\16. Exercise Testing API Controllers\\Homies_ASP.Net_WithTestProject\\Homies.Tests\\bin\\Debug\\net6.0\\fine-code-coverage\\coverage-tool-output</ResultsDirectory>\r\n        </Configuration>\r\n      </DataCollector>\r\n    </DataCollectors>\r\n  </DataCollectionRunSettings>\r\n</RunSettings>","TestExecutionContext":{"FrequencyOfRunStatsChangeEvent":10,"RunStatsChangeEventTimeout":"00:00:01.5000000","InIsolation":false,"KeepAlive":false,"AreTestCaseLevelEventsRequired":false,"IsDebug":false,"TestCaseFilter":null,"FilterOptions":null},"Package":null}}
TpTrace Verbose: 0 : 19416, 5, 2024/02/20, 12:34:46.628, 4896411027809, vstest.console.dll, ParallelProxyExecutionManager.StartTestRunOnConcurrentManager: Execution started. Started clients: 1
TpTrace Verbose: 0 : 19416, 14, 2024/02/20, 12:34:46.765, 4896412398383, vstest.console.dll, TcpClientExtensions.MessageLoopAsync: NotifyDataAvailable remoteEndPoint: 127.0.0.1:10904 localEndPoint: 127.0.0.1:10903
TpTrace Verbose: 0 : 19416, 14, 2024/02/20, 12:34:46.765, 4896412400026, vstest.console.dll, TestRequestSender.OnExecutionMessageReceived: Received message: {"Version":7,"MessageType":"TestSession.Message","Payload":{"MessageLevel":0,"Message":"NUnit Adapter 4.4.0.0: Test execution started"}}
TpTrace Verbose: 0 : 19416, 14, 2024/02/20, 12:34:46.766, 4896412401908, vstest.console.dll, TestRunRequest:SendTestRunMessage: Starting.
TpTrace Verbose: 0 : 19416, 14, 2024/02/20, 12:34:46.766, 4896412402454, vstest.console.dll, MulticastDelegateUtilities.SafeInvoke: TestRun.LogMessages: Invoking callback 1/1 for Microsoft.VisualStudio.TestPlatform.CommandLine.TestRunResultAggregator., took 0 ms.
TpTrace Information: 0 : 19416, 14, 2024/02/20, 12:34:46.766, 4896412402714, vstest.console.dll, TestRunRequest:SendTestRunMessage: Completed.
TpTrace Verbose: 0 : 19416, 4, 2024/02/20, 12:34:46.766, 4896412402725, vstest.console.dll, MulticastDelegateUtilities.SafeInvoke: InternalTestLoggerEvents.SendTestRunMessage: Invoking callback 1/1 for Microsoft.VisualStudio.TestPlatform.CommandLine.Internal.ConsoleLogger., took 0 ms.
TpTrace Verbose: 0 : 19416, 14, 2024/02/20, 12:34:46.766, 4896412402887, vstest.console.dll, MulticastDelegateUtilities.SafeInvoke: LengthPrefixCommunicationChannel: MessageReceived: Invoking callback 1/1 for Microsoft.VisualStudio.TestPlatform.CommunicationUtilities.TestRequestSender+<>c__DisplayClass34_0., took 0 ms.
TpTrace Verbose: 0 : 19416, 14, 2024/02/20, 12:34:46.766, 4896412403899, vstest.console.dll, TcpClientExtensions.MessageLoopAsync: Polling on remoteEndPoint: 127.0.0.1:10904 localEndPoint: 127.0.0.1:10903
TpTrace Verbose: 0 : 19416, 14, 2024/02/20, 12:34:46.789, 4896412636468, vstest.console.dll, TcpClientExtensions.MessageLoopAsync: NotifyDataAvailable remoteEndPoint: 127.0.0.1:10904 localEndPoint: 127.0.0.1:10903
TpTrace Verbose: 0 : 19416, 14, 2024/02/20, 12:34:46.789, 4896412638045, vstest.console.dll, TestRequestSender.OnExecutionMessageReceived: Received message: {"Version":7,"MessageType":"TestSession.Message","Payload":{"MessageLevel":0,"Message":"Running all tests in D:\\Иван\\QA SoftUni\\Back-End Test Automation\\Back-End Technologies Basics\\16. Exercise Testing API Controllers\\Homies_ASP.Net_WithTestProject\\Homies.Tests\\bin\\Debug\\net6.0\\fine-code-coverage\\build-output\\Homies.Tests.dll"}}
TpTrace Verbose: 0 : 19416, 14, 2024/02/20, 12:34:46.789, 4896412639134, vstest.console.dll, TestRunRequest:SendTestRunMessage: Starting.
TpTrace Verbose: 0 : 19416, 14, 2024/02/20, 12:34:46.789, 4896412639683, vstest.console.dll, MulticastDelegateUtilities.SafeInvoke: TestRun.LogMessages: Invoking callback 1/1 for Microsoft.VisualStudio.TestPlatform.CommandLine.TestRunResultAggregator., took 0 ms.
TpTrace Information: 0 : 19416, 14, 2024/02/20, 12:34:46.789, 4896412639871, vstest.console.dll, TestRunRequest:SendTestRunMessage: Completed.
TpTrace Verbose: 0 : 19416, 14, 2024/02/20, 12:34:46.789, 4896412640040, vstest.console.dll, MulticastDelegateUtilities.SafeInvoke: LengthPrefixCommunicationChannel: MessageReceived: Invoking callback 1/1 for Microsoft.VisualStudio.TestPlatform.CommunicationUtilities.TestRequestSender+<>c__DisplayClass34_0., took 0 ms.
TpTrace Verbose: 0 : 19416, 4, 2024/02/20, 12:34:46.789, 4896412640053, vstest.console.dll, MulticastDelegateUtilities.SafeInvoke: InternalTestLoggerEvents.SendTestRunMessage: Invoking callback 1/1 for Microsoft.VisualStudio.TestPlatform.CommandLine.Internal.ConsoleLogger., took 0 ms.
TpTrace Verbose: 0 : 19416, 14, 2024/02/20, 12:34:46.789, 4896412640250, vstest.console.dll, TcpClientExtensions.MessageLoopAsync: Polling on remoteEndPoint: 127.0.0.1:10904 localEndPoint: 127.0.0.1:10903
TpTrace Verbose: 0 : 19416, 14, 2024/02/20, 12:34:46.902, 4896413760765, vstest.console.dll, TcpClientExtensions.MessageLoopAsync: NotifyDataAvailable remoteEndPoint: 127.0.0.1:10904 localEndPoint: 127.0.0.1:10903
TpTrace Verbose: 0 : 19416, 14, 2024/02/20, 12:34:46.902, 4896413762869, vstest.console.dll, TestRequestSender.OnExecutionMessageReceived: Received message: {"Version":7,"MessageType":"TestSession.Message","Payload":{"MessageLevel":0,"Message":"   NUnit3TestExecutor discovered 20 of 20 NUnit test cases using Current Discovery mode, Non-Explicit run"}}
TpTrace Verbose: 0 : 19416, 14, 2024/02/20, 12:34:46.902, 4896413764682, vstest.console.dll, TestRunRequest:SendTestRunMessage: Starting.
TpTrace Verbose: 0 : 19416, 14, 2024/02/20, 12:34:46.902, 4896413765375, vstest.console.dll, MulticastDelegateUtilities.SafeInvoke: TestRun.LogMessages: Invoking callback 1/1 for Microsoft.VisualStudio.TestPlatform.CommandLine.TestRunResultAggregator., took 0 ms.
TpTrace Information: 0 : 19416, 14, 2024/02/20, 12:34:46.902, 4896413765603, vstest.console.dll, TestRunRequest:SendTestRunMessage: Completed.
TpTrace Verbose: 0 : 19416, 4, 2024/02/20, 12:34:46.902, 4896413765742, vstest.console.dll, MulticastDelegateUtilities.SafeInvoke: InternalTestLoggerEvents.SendTestRunMessage: Invoking callback 1/1 for Microsoft.VisualStudio.TestPlatform.CommandLine.Internal.ConsoleLogger., took 0 ms.
TpTrace Verbose: 0 : 19416, 14, 2024/02/20, 12:34:46.902, 4896413765855, vstest.console.dll, MulticastDelegateUtilities.SafeInvoke: LengthPrefixCommunicationChannel: MessageReceived: Invoking callback 1/1 for Microsoft.VisualStudio.TestPlatform.CommunicationUtilities.TestRequestSender+<>c__DisplayClass34_0., took 0 ms.
TpTrace Verbose: 0 : 19416, 14, 2024/02/20, 12:34:46.902, 4896413766990, vstest.console.dll, TcpClientExtensions.MessageLoopAsync: Polling on remoteEndPoint: 127.0.0.1:10904 localEndPoint: 127.0.0.1:10903
TpTrace Verbose: 0 : 19416, 14, 2024/02/20, 12:34:47.813, 4896422878695, vstest.console.dll, TcpClientExtensions.MessageLoopAsync: NotifyDataAvailable remoteEndPoint: 127.0.0.1:10904 localEndPoint: 127.0.0.1:10903
TpTrace Verbose: 0 : 19416, 14, 2024/02/20, 12:34:47.814, 4896422883646, vstest.console.dll, TestRequestSender.OnExecutionMessageReceived: Received message: {"Version":7,"MessageType":"TestExecution.StatsChange","Payload":{"NewTestResults":[{"TestCase":{"Id":"ebd91602-ad94-2c23-e38f-cb0b1361d3e8","FullyQualifiedName":"Homies.Tests.EventServiceTests.AddEventAsync_ShouldAddEvent_WhenValidEventModelAndUserId","DisplayName":"AddEventAsync_ShouldAddEvent_WhenValidEventModelAndUserId","ExecutorUri":"executor://NUnit3TestExecutor","Source":"D:\\Иван\\QA SoftUni\\Back-End Test Automation\\Back-End Technologies Basics\\16. Exercise Testing API Controllers\\Homies_ASP.Net_WithTestProject\\Homies.Tests\\bin\\Debug\\net6.0\\fine-code-coverage\\build-output\\Homies.Tests.dll","CodeFilePath":null,"LineNumber":0,"Properties":[{"Key":{"Id":"NUnit.Seed","Label":"Seed","Category":"","Description":"","Attributes":0,"ValueType":"System.String"},"Value":"945728258"}]},"Attachments":[],"Outcome":1,"ErrorMessage":null,"ErrorStackTrace":null,"DisplayName":"AddEventAsync_ShouldAddEvent_WhenValidEventModelAndUserId","Messages":[],"ComputerName":"DESKTOP-QI8JBMK","Duration":"00:00:00.6855860","StartTime":"2024-02-20T10:34:46.9229831+00:00","EndTime":"2024-02-20T10:34:47.6085099+00:00","Properties":[{"Key":{"Id":"NUnit.Seed","Label":"Seed","Category":"","Description":"","Attributes":0,"ValueType":"System.String"},"Value":"945728258"}]},{"TestCase":{"Id":"e41f9841-c7c7-3c9d-85a8-e95b848df854","FullyQualifiedName":"Homies.Tests.EventServiceTests.GetAllEventsAsync_ShouldReturnAllEvents","DisplayName":"GetAllEventsAsync_ShouldReturnAllEvents","ExecutorUri":"executor://NUnit3TestExecutor","Source":"D:\\Иван\\QA SoftUni\\Back-End Test Automation\\Back-End Technologies Basics\\16. Exercise Testing API Controllers\\Homies_ASP.Net_WithTestProject\\Homies.Tests\\bin\\Debug\\net6.0\\fine-code-coverage\\build-output\\Homies.Tests.dll","CodeFilePath":null,"LineNumber":0,"Properties":[{"Key":{"Id":"NUnit.Seed","Label":"Seed","Category":"","Description":"","Attributes":0,"ValueType":"System.String"},"Value":"1876007277"}]},"Attachments":[],"Outcome":1,"ErrorMessage":null,"ErrorStackTrace":null,"DisplayName":"GetAllEventsAsync_ShouldReturnAllEvents","Messages":[],"ComputerName":"DESKTOP-QI8JBMK","Duration":"00:00:00.0671360","StartTime":"2024-02-20T10:34:47.6096805+00:00","EndTime":"2024-02-20T10:34:47.6768166+00:00","Properties":[{"Key":{"Id":"NUnit.Seed","Label":"Seed","Category":"","Description":"","Attributes":0,"ValueType":"System.String"},"Value":"1876007277"}]},{"TestCase":{"Id":"ff657f2f-2511-e5b6-5ebf-69a8661fe98a","FullyQualifiedName":"Homies.Tests.EventServiceTests.GetAllTypesAsync_ShouldReturnAllTypes","DisplayName":"GetAllTypesAsync_ShouldReturnAllTypes","ExecutorUri":"executor://NUnit3TestExecutor","Source":"D:\\Иван\\QA SoftUni\\Back-End Test Automation\\Back-End Technologies Basics\\16. Exercise Testing API Controllers\\Homies_ASP.Net_WithTestProject\\Homies.Tests\\bin\\Debug\\net6.0\\fine-code-coverage\\build-output\\Homies.Tests.dll","CodeFilePath":null,"LineNumber":0,"Properties":[{"Key":{"Id":"NUnit.Seed","Label":"Seed","Category":"","Description":"","Attributes":0,"ValueType":"System.String"},"Value":"581315018"}]},"Attachments":[],"Outcome":1,"ErrorMessage":null,"ErrorStackTrace":null,"DisplayName":"GetAllTypesAsync_ShouldReturnAllTypes","Messages":[],"ComputerName":"DESKTOP-QI8JBMK","Duration":"00:00:00.0166370","StartTime":"2024-02-20T10:34:47.6768587+00:00","EndTime":"2024-02-20T10:34:47.6934954+00:00","Properties":[{"Key":{"Id":"NUnit.Seed","Label":"Seed","Category":"","Description":"","Attributes":0,"ValueType":"System.String"},"Value":"581315018"}]},{"TestCase":{"Id":"14439463-b7a3-4e60-b7de-d53a615254dd","FullyQualifiedName":"Homies.Tests.EventServiceTests.GetEventDetailsAsync_ShouldReturnAllEventDetails","DisplayName":"GetEventDetailsAsync_ShouldReturnAllEventDetails","ExecutorUri":"executor://NUnit3TestExecutor","Source":"D:\\Иван\\QA SoftUni\\Back-End Test Automation\\Back-End Technologies Basics\\16. Exercise Testing API Controllers\\Homies_ASP.Net_WithTestProject\\Homies.Tests\\bin\\Debug\\net6.0\\fine-code-coverage\\build-output\\Homies.Tests.dll","CodeFilePath":null,"LineNumber":0,"Properties":[{"Key":{"Id":"NUnit.Seed","Label":"Seed","Category":"","Description":"","Attributes":0,"ValueType":"System.String"},"Value":"844405285"}]},"Attachments":[],"Outcome":2,"ErrorMessage":"  Expected: not null\r\n  But was:  null\r\n","ErrorStackTrace":"   at Homies.Tests.EventServiceTests.GetEventDetailsAsync_ShouldReturnAllEventDetails() in D:\\Иван\\QA SoftUni\\Back-End Test Automation\\Back-End Technologies Basics\\16. Exercise Testing API Controllers\\Homies_ASP.Net_WithTestProject\\Homies.Tests\\EventServiceTests.cs:line 120\r\n   at NUnit.Framework.Internal.TaskAwaitAdapter.GenericAdapter`1.GetResult()\r\n   at NUnit.Framework.Internal.AsyncToSyncAdapter.Await(Func`1 invoke)\r\n   at NUnit.Framework.Internal.Commands.TestMethodCommand.RunTestMethod(TestExecutionContext context)\r\n   at NUnit.Framework.Internal.Commands.TestMethodCommand.Execute(TestExecutionContext context)\r\n   at NUnit.Framework.Internal.Commands.BeforeAndAfterTestCommand.<>c__DisplayClass1_0.<Execute>b__0()\r\n   at NUnit.Framework.Internal.Commands.DelegatingTestCommand.RunTestMethodInThreadAbortSafeZone(TestExecutionContext context, Action action)\r\n\n1)    at Homies.Tests.EventServiceTests.GetEventDetailsAsync_ShouldReturnAllEventDetails() in D:\\Иван\\QA SoftUni\\Back-End Test Automation\\Back-End Technologies Basics\\16. Exercise Testing API Controllers\\Homies_ASP.Net_WithTestProject\\Homies.Tests\\EventServiceTests.cs:line 120\r\n   at System.Runtime.CompilerServices.AsyncMethodBuilderCore.Start[TStateMachine](TStateMachine& stateMachine)\r\n   at Homies.Tests.EventServiceTests.GetEventDetailsAsync_ShouldReturnAllEventDetails()\r\n\n","DisplayName":"GetEventDetailsAsync_ShouldReturnAllEventDetails","Messages":[],"ComputerName":"DESKTOP-QI8JBMK","Duration":"00:00:00.0431930","StartTime":"2024-02-20T10:34:47.6935225+00:00","EndTime":"2024-02-20T10:34:47.7367149+00:00","Properties":[{"Key":{"Id":"NUnit.Seed","Label":"Seed","Category":"","Description":"","Attributes":0,"ValueType":"System.String"},"Value":"844405285"}]},{"TestCase":{"Id":"de8f3813-5d18-8ea3-4ce8-091833a15277","FullyQualifiedName":"Homies.Tests.EventServiceTests.GetEventForEditAsync_ShouldGetEventIfPresnetInTheDb","DisplayName":"GetEventForEditAsync_ShouldGetEventIfPresnetInTheDb","ExecutorUri":"executor://NUnit3TestExecutor","Source":"D:\\Иван\\QA SoftUni\\Back-End Test Automation\\Back-End Technologies Basics\\16. Exercise Testing API Controllers\\Homies_ASP.Net_WithTestProject\\Homies.Tests\\bin\\Debug\\net6.0\\fine-code-coverage\\build-output\\Homies.Tests.dll","CodeFilePath":null,"LineNumber":0,"Properties":[{"Key":{"Id":"NUnit.Seed","Label":"Seed","Category":"","Description":"","Attributes":0,"ValueType":"System.String"},"Value":"2141455078"}]},"Attachments":[],"Outcome":1,"ErrorMessage":null,"ErrorStackTrace":null,"DisplayName":"GetEventForEditAsync_ShouldGetEventIfPresnetInTheDb","Messages":[],"ComputerName":"DESKTOP-QI8JBMK","Duration":"00:00:00.0092409","StartTime":"2024-02-20T10:34:47.7368058+00:00","EndTime":"2024-02-20T10:34:47.7460467+00:00","Properties":[{"Key":{"Id":"NUnit.Seed","Label":"Seed","Category":"","Description":"","Attributes":0,"ValueType":"System.String"},"Value":"2141455078"}]},{"TestCase":{"Id":"29acf5c6-4415-ab20-df0a-e8b54e08640c","FullyQualifiedName":"Homies.Tests.EventServiceTests.GetEventForEditAsync_ShouldReturnNullIfEventIsNotFound","DisplayName":"GetEventForEditAsync_ShouldReturnNullIfEventIsNotFound","ExecutorUri":"executor://NUnit3TestExecutor","Source":"D:\\Иван\\QA SoftUni\\Back-End Test Automation\\Back-End Technologies Basics\\16. Exercise Testing API Controllers\\Homies_ASP.Net_WithTestProject\\Homies.Tests\\bin\\Debug\\net6.0\\fine-code-coverage\\build-output\\Homies.Tests.dll","CodeFilePath":null,"LineNumber":0,"Properties":[{"Key":{"Id":"NUnit.Seed","Label":"Seed","Category":"","Description":"","Attributes":0,"ValueType":"System.String"},"Value":"546369288"}]},"Attachments":[],"Outcome":1,"ErrorMessage":null,"ErrorStackTrace":null,"DisplayName":"GetEventForEditAsync_ShouldReturnNullIfEventIsNotFound","Messages":[],"ComputerName":"DESKTOP-QI8JBMK","Duration":"00:00:00.0023070","StartTime":"2024-02-20T10:34:47.7460675+00:00","EndTime":"2024-02-20T10:34:47.7483743+00:00","Properties":[{"Key":{"Id":"NUnit.Seed","Label":"Seed","Category":"","Description":"","Attributes":0,"ValueType":"System.String"},"Value":"546369288"}]},{"TestCase":{"Id":"e895b577-923a-c152-b4e9-da0bb67b3e81","FullyQualifiedName":"Homies.Tests.EventServiceTests.GetEventOrganizerIdAsync_ShouldReturnNullIfEventIsNotExisting","DisplayName":"GetEventOrganizerIdAsync_ShouldReturnNullIfEventIsNotExisting","ExecutorUri":"executor://NUnit3TestExecutor","Source":"D:\\Иван\\QA SoftUni\\Back-End Test Automation\\Back-End Technologies Basics\\16. Exercise Testing API Controllers\\Homies_ASP.Net_WithTestProject\\Homies.Tests\\bin\\Debug\\net6.0\\fine-code-coverage\\build-output\\Homies.Tests.dll","CodeFilePath":null,"LineNumber":0,"Properties":[{"Key":{"Id":"NUnit.Seed","Label":"Seed","Category":"","Description":"","Attributes":0,"ValueType":"System.String"},"Value":"1153282499"}]},"Attachments":[],"Outcome":1,"ErrorMessage":null,"ErrorStackTrace":null,"DisplayName":"GetEventOrganizerIdAsync_ShouldReturnNullIfEventIsNotExisting","Messages":[],"ComputerName":"DESKTOP-QI8JBMK","Duration":"00:00:00.0039170","StartTime":"2024-02-20T10:34:47.7483925+00:00","EndTime":"2024-02-20T10:34:47.7523093+00:00","Properties":[{"Key":{"Id":"NUnit.Seed","Label":"Seed","Category":"","Description":"","Attributes":0,"ValueType":"System.String"},"Value":"1153282499"}]},{"TestCase":{"Id":"ee9aed82-801a-d916-591e-476c1ff45249","FullyQualifiedName":"Homies.Tests.EventServiceTests.GetEventOrganizerIdAsync_ShouldReturnOrganizerIdIfExisting","DisplayName":"GetEventOrganizerIdAsync_ShouldReturnOrganizerIdIfExisting","ExecutorUri":"executor://NUnit3TestExecutor","Source":"D:\\Иван\\QA SoftUni\\Back-End Test Automation\\Back-End Technologies Basics\\16. Exercise Testing API Controllers\\Homies_ASP.Net_WithTestProject\\Homies.Tests\\bin\\Debug\\net6.0\\fine-code-coverage\\build-output\\Homies.Tests.dll","CodeFilePath":null,"LineNumber":0,"Properties":[{"Key":{"Id":"NUnit.Seed","Label":"Seed","Category":"","Description":"","Attributes":0,"ValueType":"System.String"},"Value":"394664704"}]},"Attachments":[],"Outcome":1,"ErrorMessage":null,"ErrorStackTrace":null,"DisplayName":"GetEventOrganizerIdAsync_ShouldReturnOrganizerIdIfExisting","Messages":[],"ComputerName":"DESKTOP-QI8JBMK","Duration":"00:00:00.0010360","StartTime":"2024-02-20T10:34:47.7523301+00:00","EndTime":"2024-02-20T10:34:47.7533659+00:00","Properties":[{"Key":{"Id":"NUnit.Seed","Label":"Seed","Category":"","Description":"","Attributes":0,"ValueType":"System.String"},"Value":"394664704"}]},{"TestCase":{"Id":"24f6cd8a-4d38-f65f-faf5-789a8973ee11","FullyQualifiedName":"Homies.Tests.EventServiceTests.GetUserJoinedEventsAsync_ShouldReturnAllJoinedUsers","DisplayName":"GetUserJoinedEventsAsync_ShouldReturnAllJoinedUsers","ExecutorUri":"executor://NUnit3TestExecutor","Source":"D:\\Иван\\QA SoftUni\\Back-End Test Automation\\Back-End Technologies Basics\\16. Exercise Testing API Controllers\\Homies_ASP.Net_WithTestProject\\Homies.Tests\\bin\\Debug\\net6.0\\fine-code-coverage\\build-output\\Homies.Tests.dll","CodeFilePath":null,"LineNumber":0,"Properties":[{"Key":{"Id":"NUnit.Seed","Label":"Seed","Category":"","Description":"","Attributes":0,"ValueType":"System.String"},"Value":"279338698"}]},"Attachments":[],"Outcome":2,"ErrorMessage":"  Expected: 1\r\n  But was:  0\r\n","ErrorStackTrace":"   at Homies.Tests.EventServiceTests.GetUserJoinedEventsAsync_ShouldReturnAllJoinedUsers() in D:\\Иван\\QA SoftUni\\Back-End Test Automation\\Back-End Technologies Basics\\16. Exercise Testing API Controllers\\Homies_ASP.Net_WithTestProject\\Homies.Tests\\EventServiceTests.cs:line 240\r\n   at NUnit.Framework.Internal.TaskAwaitAdapter.GenericAdapter`1.GetResult()\r\n   at NUnit.Framework.Internal.AsyncToSyncAdapter.Await(Func`1 invoke)\r\n   at NUnit.Framework.Internal.Commands.TestMethodCommand.RunTestMethod(TestExecutionContext context)\r\n   at NUnit.Framework.Internal.Commands.TestMethodCommand.Execute(TestExecutionContext context)\r\n   at NUnit.Framework.Internal.Commands.BeforeAndAfterTestCommand.<>c__DisplayClass1_0.<Execute>b__0()\r\n   at NUnit.Framework.Internal.Commands.DelegatingTestCommand.RunTestMethodInThreadAbortSafeZone(TestExecutionContext context, Action action)\r\n\n1)    at Homies.Tests.EventServiceTests.GetUserJoinedEventsAsync_ShouldReturnAllJoinedUsers() in D:\\Иван\\QA SoftUni\\Back-End Test Automation\\Back-End Technologies Basics\\16. Exercise Testing API Controllers\\Homies_ASP.Net_WithTestProject\\Homies.Tests\\EventServiceTests.cs:line 240\r\n   at System.Runtime.CompilerServices.AsyncMethodBuilderCore.Start[TStateMachine](TStateMachine& stateMachine)\r\n   at Homies.Tests.EventServiceTests.GetUserJoinedEventsAsync_ShouldReturnAllJoinedUsers()\r\n\n","DisplayName":"GetUserJoinedEventsAsync_ShouldReturnAllJoinedUsers","Messages":[],"ComputerName":"DESKTOP-QI8JBMK","Duration":"00:00:00.0374400","StartTime":"2024-02-20T10:34:47.753377+00:00","EndTime":"2024-02-20T10:34:47.7908168+00:00","Properties":[{"Key":{"Id":"NUnit.Seed","Label":"Seed","Category":"","Description":"","Attributes":0,"ValueType":"System.String"},"Value":"279338698"}]}],"TestRunStatistics":{"ExecutedTests":9,"Stats":{"Passed":7,"Failed":2}},"ActiveTests":[{"Id":"e06e53d9-5296-3891-ef94-a5582a14dd59","FullyQualifiedName":"Homies.Tests.EventServiceTests.IsUserJoinedEventAsync_ShouldRetrunFalse_IfEventDoesNotExist","DisplayName":"IsUserJoinedEventAsync_ShouldRetrunFalse_IfEventDoesNotExist","ExecutorUri":"executor://NUnit3TestExecutor","Source":"D:\\Иван\\QA SoftUni\\Back-End Test Automation\\Back-End Technologies Basics\\16. Exercise Testing API Controllers\\Homies_ASP.Net_WithTestProject\\Homies.Tests\\bin\\Debug\\net6.0\\fine-code-coverage\\build-output\\Homies.Tests.dll","CodeFilePath":null,"LineNumber":0,"Properties":[{"Key":{"Id":"NUnit.Seed","Label":"Seed","Category":"","Description":"","Attributes":0,"ValueType":"System.String"},"Value":"689848017"}]}]}}
TpTrace Verbose: 0 : 19416, 14, 2024/02/20, 12:34:47.833, 4896423077479, vstest.console.dll, TestRunRequest:SendTestRunStatsChange: Starting.
TpTrace Verbose: 0 : 19416, 14, 2024/02/20, 12:34:47.833, 4896423078835, vstest.console.dll, InProgress is IsUserJoinedEventAsync_ShouldRetrunFalse_IfEventDoesNotExist
TpTrace Verbose: 0 : 19416, 14, 2024/02/20, 12:34:47.834, 4896423080601, vstest.console.dll, MulticastDelegateUtilities.SafeInvoke: TestRun.RunStatsChanged: Invoking callbacks was skipped because there are no subscribers.
TpTrace Information: 0 : 19416, 14, 2024/02/20, 12:34:47.834, 4896423080985, vstest.console.dll, TestRunRequest:SendTestRunStatsChange: Completed.
TpTrace Verbose: 0 : 19416, 14, 2024/02/20, 12:34:47.834, 4896423081620, vstest.console.dll, MulticastDelegateUtilities.SafeInvoke: LengthPrefixCommunicationChannel: MessageReceived: Invoking callback 1/1 for Microsoft.VisualStudio.TestPlatform.CommunicationUtilities.TestRequestSender+<>c__DisplayClass34_0., took 19 ms.
TpTrace Verbose: 0 : 19416, 14, 2024/02/20, 12:34:47.834, 4896423082018, vstest.console.dll, TcpClientExtensions.MessageLoopAsync: Polling on remoteEndPoint: 127.0.0.1:10904 localEndPoint: 127.0.0.1:10903
TpTrace Verbose: 0 : 19416, 4, 2024/02/20, 12:34:47.835, 4896423094980, vstest.console.dll, MulticastDelegateUtilities.SafeInvoke: InternalTestLoggerEvents.SendTestResult: Invoking callback 1/1 for Microsoft.VisualStudio.TestPlatform.CommandLine.Internal.ConsoleLogger., took 1 ms.
TpTrace Verbose: 0 : 19416, 4, 2024/02/20, 12:34:47.835, 4896423097345, vstest.console.dll, MulticastDelegateUtilities.SafeInvoke: InternalTestLoggerEvents.SendTestResult: Invoking callback 1/1 for Microsoft.VisualStudio.TestPlatform.CommandLine.Internal.ConsoleLogger., took 0 ms.
TpTrace Verbose: 0 : 19416, 4, 2024/02/20, 12:34:47.835, 4896423097961, vstest.console.dll, MulticastDelegateUtilities.SafeInvoke: InternalTestLoggerEvents.SendTestResult: Invoking callback 1/1 for Microsoft.VisualStudio.TestPlatform.CommandLine.Internal.ConsoleLogger., took 0 ms.
TpTrace Verbose: 0 : 19416, 4, 2024/02/20, 12:34:47.836, 4896423102119, vstest.console.dll, MulticastDelegateUtilities.SafeInvoke: InternalTestLoggerEvents.SendTestResult: Invoking callback 1/1 for Microsoft.VisualStudio.TestPlatform.CommandLine.Internal.ConsoleLogger., took 0 ms.
TpTrace Verbose: 0 : 19416, 4, 2024/02/20, 12:34:47.836, 4896423102884, vstest.console.dll, MulticastDelegateUtilities.SafeInvoke: InternalTestLoggerEvents.SendTestResult: Invoking callback 1/1 for Microsoft.VisualStudio.TestPlatform.CommandLine.Internal.ConsoleLogger., took 0 ms.
TpTrace Verbose: 0 : 19416, 4, 2024/02/20, 12:34:47.836, 4896423103503, vstest.console.dll, MulticastDelegateUtilities.SafeInvoke: InternalTestLoggerEvents.SendTestResult: Invoking callback 1/1 for Microsoft.VisualStudio.TestPlatform.CommandLine.Internal.ConsoleLogger., took 0 ms.
TpTrace Verbose: 0 : 19416, 4, 2024/02/20, 12:34:47.836, 4896423103865, vstest.console.dll, MulticastDelegateUtilities.SafeInvoke: InternalTestLoggerEvents.SendTestResult: Invoking callback 1/1 for Microsoft.VisualStudio.TestPlatform.CommandLine.Internal.ConsoleLogger., took 0 ms.
TpTrace Verbose: 0 : 19416, 4, 2024/02/20, 12:34:47.836, 4896423104181, vstest.console.dll, MulticastDelegateUtilities.SafeInvoke: InternalTestLoggerEvents.SendTestResult: Invoking callback 1/1 for Microsoft.VisualStudio.TestPlatform.CommandLine.Internal.ConsoleLogger., took 0 ms.
TpTrace Verbose: 0 : 19416, 4, 2024/02/20, 12:34:47.836, 4896423105822, vstest.console.dll, MulticastDelegateUtilities.SafeInvoke: InternalTestLoggerEvents.SendTestResult: Invoking callback 1/1 for Microsoft.VisualStudio.TestPlatform.CommandLine.Internal.ConsoleLogger., took 0 ms.
TpTrace Verbose: 0 : 19416, 14, 2024/02/20, 12:34:47.843, 4896423174597, vstest.console.dll, TcpClientExtensions.MessageLoopAsync: NotifyDataAvailable remoteEndPoint: 127.0.0.1:10904 localEndPoint: 127.0.0.1:10903
TpTrace Verbose: 0 : 19416, 14, 2024/02/20, 12:34:47.843, 4896423177518, vstest.console.dll, TestRequestSender.OnExecutionMessageReceived: Received message: {"Version":7,"MessageType":"TestExecution.StatsChange","Payload":{"NewTestResults":[{"TestCase":{"Id":"e06e53d9-5296-3891-ef94-a5582a14dd59","FullyQualifiedName":"Homies.Tests.EventServiceTests.IsUserJoinedEventAsync_ShouldRetrunFalse_IfEventDoesNotExist","DisplayName":"IsUserJoinedEventAsync_ShouldRetrunFalse_IfEventDoesNotExist","ExecutorUri":"executor://NUnit3TestExecutor","Source":"D:\\Иван\\QA SoftUni\\Back-End Test Automation\\Back-End Technologies Basics\\16. Exercise Testing API Controllers\\Homies_ASP.Net_WithTestProject\\Homies.Tests\\bin\\Debug\\net6.0\\fine-code-coverage\\build-output\\Homies.Tests.dll","CodeFilePath":null,"LineNumber":0,"Properties":[{"Key":{"Id":"NUnit.Seed","Label":"Seed","Category":"","Description":"","Attributes":0,"ValueType":"System.String"},"Value":"689848017"}]},"Attachments":[],"Outcome":1,"ErrorMessage":null,"ErrorStackTrace":null,"DisplayName":"IsUserJoinedEventAsync_ShouldRetrunFalse_IfEventDoesNotExist","Messages":[],"ComputerName":"DESKTOP-QI8JBMK","Duration":"00:00:00.0061810","StartTime":"2024-02-20T10:34:47.7908433+00:00","EndTime":"2024-02-20T10:34:47.7970245+00:00","Properties":[{"Key":{"Id":"NUnit.Seed","Label":"Seed","Category":"","Description":"","Attributes":0,"ValueType":"System.String"},"Value":"689848017"}]},{"TestCase":{"Id":"51df6401-5c4c-ee9b-222f-98af95a10aad","FullyQualifiedName":"Homies.Tests.EventServiceTests.IsUserJoinedEventAsync_ShouldRetrunFalse_IfUserDoesNotExist","DisplayName":"IsUserJoinedEventAsync_ShouldRetrunFalse_IfUserDoesNotExist","ExecutorUri":"executor://NUnit3TestExecutor","Source":"D:\\Иван\\QA SoftUni\\Back-End Test Automation\\Back-End Technologies Basics\\16. Exercise Testing API Controllers\\Homies_ASP.Net_WithTestProject\\Homies.Tests\\bin\\Debug\\net6.0\\fine-code-coverage\\build-output\\Homies.Tests.dll","CodeFilePath":null,"LineNumber":0,"Properties":[{"Key":{"Id":"NUnit.Seed","Label":"Seed","Category":"","Description":"","Attributes":0,"ValueType":"System.String"},"Value":"1620754586"}]},"Attachments":[],"Outcome":1,"ErrorMessage":null,"ErrorStackTrace":null,"DisplayName":"IsUserJoinedEventAsync_ShouldRetrunFalse_IfUserDoesNotExist","Messages":[],"ComputerName":"DESKTOP-QI8JBMK","Duration":"00:00:00.0012720","StartTime":"2024-02-20T10:34:47.7970404+00:00","EndTime":"2024-02-20T10:34:47.7983121+00:00","Properties":[{"Key":{"Id":"NUnit.Seed","Label":"Seed","Category":"","Description":"","Attributes":0,"ValueType":"System.String"},"Value":"1620754586"}]},{"TestCase":{"Id":"ffe786cf-7fec-cb90-ab69-be2141b35f3e","FullyQualifiedName":"Homies.Tests.EventServiceTests.IsUserJoinedEventAsync_ShouldRetrunTrue_IfUserIsInTheEvent","DisplayName":"IsUserJoinedEventAsync_ShouldRetrunTrue_IfUserIsInTheEvent","ExecutorUri":"executor://NUnit3TestExecutor","Source":"D:\\Иван\\QA SoftUni\\Back-End Test Automation\\Back-End Technologies Basics\\16. Exercise Testing API Controllers\\Homies_ASP.Net_WithTestProject\\Homies.Tests\\bin\\Debug\\net6.0\\fine-code-coverage\\build-output\\Homies.Tests.dll","CodeFilePath":null,"LineNumber":0,"Properties":[{"Key":{"Id":"NUnit.Seed","Label":"Seed","Category":"","Description":"","Attributes":0,"ValueType":"System.String"},"Value":"37766441"}]},"Attachments":[],"Outcome":1,"ErrorMessage":null,"ErrorStackTrace":null,"DisplayName":"IsUserJoinedEventAsync_ShouldRetrunTrue_IfUserIsInTheEvent","Messages":[],"ComputerName":"DESKTOP-QI8JBMK","Duration":"00:00:00.0084710","StartTime":"2024-02-20T10:34:47.7983227+00:00","EndTime":"2024-02-20T10:34:47.8067937+00:00","Properties":[{"Key":{"Id":"NUnit.Seed","Label":"Seed","Category":"","Description":"","Attributes":0,"ValueType":"System.String"},"Value":"37766441"}]},{"TestCase":{"Id":"b2a64be7-a594-28bf-1edc-70fd258c5441","FullyQualifiedName":"Homies.Tests.EventServiceTests.JoinEventAsync_ShouldRetrunFalseIfEventDoesNotExist","DisplayName":"JoinEventAsync_ShouldRetrunFalseIfEventDoesNotExist","ExecutorUri":"executor://NUnit3TestExecutor","Source":"D:\\Иван\\QA SoftUni\\Back-End Test Automation\\Back-End Technologies Basics\\16. Exercise Testing API Controllers\\Homies_ASP.Net_WithTestProject\\Homies.Tests\\bin\\Debug\\net6.0\\fine-code-coverage\\build-output\\Homies.Tests.dll","CodeFilePath":null,"LineNumber":0,"Properties":[{"Key":{"Id":"NUnit.Seed","Label":"Seed","Category":"","Description":"","Attributes":0,"ValueType":"System.String"},"Value":"160362630"}]},"Attachments":[],"Outcome":1,"ErrorMessage":null,"ErrorStackTrace":null,"DisplayName":"JoinEventAsync_ShouldRetrunFalseIfEventDoesNotExist","Messages":[],"ComputerName":"DESKTOP-QI8JBMK","Duration":"00:00:00.0055230","StartTime":"2024-02-20T10:34:47.806809+00:00","EndTime":"2024-02-20T10:34:47.8123316+00:00","Properties":[{"Key":{"Id":"NUnit.Seed","Label":"Seed","Category":"","Description":"","Attributes":0,"ValueType":"System.String"},"Value":"160362630"}]},{"TestCase":{"Id":"4b7269fc-6335-8d79-819e-dbcd4891a840","FullyQualifiedName":"Homies.Tests.EventServiceTests.JoinEventAsync_ShouldRetrunFalseIfUserIsAlreadyPartOfTheEvent","DisplayName":"JoinEventAsync_ShouldRetrunFalseIfUserIsAlreadyPartOfTheEvent","ExecutorUri":"executor://NUnit3TestExecutor","Source":"D:\\Иван\\QA SoftUni\\Back-End Test Automation\\Back-End Technologies Basics\\16. Exercise Testing API Controllers\\Homies_ASP.Net_WithTestProject\\Homies.Tests\\bin\\Debug\\net6.0\\fine-code-coverage\\build-output\\Homies.Tests.dll","CodeFilePath":null,"LineNumber":0,"Properties":[{"Key":{"Id":"NUnit.Seed","Label":"Seed","Category":"","Description":"","Attributes":0,"ValueType":"System.String"},"Value":"1790881433"}]},"Attachments":[],"Outcome":1,"ErrorMessage":null,"ErrorStackTrace":null,"DisplayName":"JoinEventAsync_ShouldRetrunFalseIfUserIsAlreadyPartOfTheEvent","Messages":[],"ComputerName":"DESKTOP-QI8JBMK","Duration":"00:00:00.0013980","StartTime":"2024-02-20T10:34:47.8123442+00:00","EndTime":"2024-02-20T10:34:47.8137421+00:00","Properties":[{"Key":{"Id":"NUnit.Seed","Label":"Seed","Category":"","Description":"","Attributes":0,"ValueType":"System.String"},"Value":"1790881433"}]},{"TestCase":{"Id":"ce334096-d273-c799-6dbb-43e1a095e908","FullyQualifiedName":"Homies.Tests.EventServiceTests.JoinEventAsync_ShouldRetrunTrueIfTheUserIsAddedToTheEvent","DisplayName":"JoinEventAsync_ShouldRetrunTrueIfTheUserIsAddedToTheEvent","ExecutorUri":"executor://NUnit3TestExecutor","Source":"D:\\Иван\\QA SoftUni\\Back-End Test Automation\\Back-End Technologies Basics\\16. Exercise Testing API Controllers\\Homies_ASP.Net_WithTestProject\\Homies.Tests\\bin\\Debug\\net6.0\\fine-code-coverage\\build-output\\Homies.Tests.dll","CodeFilePath":null,"LineNumber":0,"Properties":[{"Key":{"Id":"NUnit.Seed","Label":"Seed","Category":"","Description":"","Attributes":0,"ValueType":"System.String"},"Value":"1008775466"}]},"Attachments":[],"Outcome":1,"ErrorMessage":null,"ErrorStackTrace":null,"DisplayName":"JoinEventAsync_ShouldRetrunTrueIfTheUserIsAddedToTheEvent","Messages":[],"ComputerName":"DESKTOP-QI8JBMK","Duration":"00:00:00.0012780","StartTime":"2024-02-20T10:34:47.8137527+00:00","EndTime":"2024-02-20T10:34:47.8150307+00:00","Properties":[{"Key":{"Id":"NUnit.Seed","Label":"Seed","Category":"","Description":"","Attributes":0,"ValueType":"System.String"},"Value":"1008775466"}]},{"TestCase":{"Id":"fa7a1dca-5c30-5f14-04e5-1f7cb21b773c","FullyQualifiedName":"Homies.Tests.EventServiceTests.LeaveEventAsync_ShouldRetrunFalse_IfWeTryToLeaveAnEventWeAreNotPartOf","DisplayName":"LeaveEventAsync_ShouldRetrunFalse_IfWeTryToLeaveAnEventWeAreNotPartOf","ExecutorUri":"executor://NUnit3TestExecutor","Source":"D:\\Иван\\QA SoftUni\\Back-End Test Automation\\Back-End Technologies Basics\\16. Exercise Testing API Controllers\\Homies_ASP.Net_WithTestProject\\Homies.Tests\\bin\\Debug\\net6.0\\fine-code-coverage\\build-output\\Homies.Tests.dll","CodeFilePath":null,"LineNumber":0,"Properties":[{"Key":{"Id":"NUnit.Seed","Label":"Seed","Category":"","Description":"","Attributes":0,"ValueType":"System.String"},"Value":"326016742"}]},"Attachments":[],"Outcome":1,"ErrorMessage":null,"ErrorStackTrace":null,"DisplayName":"LeaveEventAsync_ShouldRetrunFalse_IfWeTryToLeaveAnEventWeAreNotPartOf","Messages":[],"ComputerName":"DESKTOP-QI8JBMK","Duration":"00:00:00.0129280","StartTime":"2024-02-20T10:34:47.8150422+00:00","EndTime":"2024-02-20T10:34:47.8279705+00:00","Properties":[{"Key":{"Id":"NUnit.Seed","Label":"Seed","Category":"","Description":"","Attributes":0,"ValueType":"System.String"},"Value":"326016742"}]},{"TestCase":{"Id":"3ff118a2-bf71-3705-ae2b-76612cc1c3d0","FullyQualifiedName":"Homies.Tests.EventServiceTests.LeaveEventAsync_ShouldRetrunTrue_IfWeLeaveTheEvent","DisplayName":"LeaveEventAsync_ShouldRetrunTrue_IfWeLeaveTheEvent","ExecutorUri":"executor://NUnit3TestExecutor","Source":"D:\\Иван\\QA SoftUni\\Back-End Test Automation\\Back-End Technologies Basics\\16. Exercise Testing API Controllers\\Homies_ASP.Net_WithTestProject\\Homies.Tests\\bin\\Debug\\net6.0\\fine-code-coverage\\build-output\\Homies.Tests.dll","CodeFilePath":null,"LineNumber":0,"Properties":[{"Key":{"Id":"NUnit.Seed","Label":"Seed","Category":"","Description":"","Attributes":0,"ValueType":"System.String"},"Value":"2078270358"}]},"Attachments":[],"Outcome":1,"ErrorMessage":null,"ErrorStackTrace":null,"DisplayName":"LeaveEventAsync_ShouldRetrunTrue_IfWeLeaveTheEvent","Messages":[],"ComputerName":"DESKTOP-QI8JBMK","Duration":"00:00:00.0106930","StartTime":"2024-02-20T10:34:47.8279899+00:00","EndTime":"2024-02-20T10:34:47.8386824+00:00","Properties":[{"Key":{"Id":"NUnit.Seed","Label":"Seed","Category":"","Description":"","Attributes":0,"ValueType":"System.String"},"Value":"2078270358"}]},{"TestCase":{"Id":"90b9b97c-094c-e8d3-cee8-e78f9618e255","FullyQualifiedName":"Homies.Tests.EventServiceTests.UpdateEventAsync_ShouldRetrunFalse_IfEventDoesNotExist","DisplayName":"UpdateEventAsync_ShouldRetrunFalse_IfEventDoesNotExist","ExecutorUri":"executor://NUnit3TestExecutor","Source":"D:\\Иван\\QA SoftUni\\Back-End Test Automation\\Back-End Technologies Basics\\16. Exercise Testing API Controllers\\Homies_ASP.Net_WithTestProject\\Homies.Tests\\bin\\Debug\\net6.0\\fine-code-coverage\\build-output\\Homies.Tests.dll","CodeFilePath":null,"LineNumber":0,"Properties":[{"Key":{"Id":"NUnit.Seed","Label":"Seed","Category":"","Description":"","Attributes":0,"ValueType":"System.String"},"Value":"1655837740"}]},"Attachments":[],"Outcome":1,"ErrorMessage":null,"ErrorStackTrace":null,"DisplayName":"UpdateEventAsync_ShouldRetrunFalse_IfEventDoesNotExist","Messages":[],"ComputerName":"DESKTOP-QI8JBMK","Duration":"00:00:00.0017330","StartTime":"2024-02-20T10:34:47.8387063+00:00","EndTime":"2024-02-20T10:34:47.8404389+00:00","Properties":[{"Key":{"Id":"NUnit.Seed","Label":"Seed","Category":"","Description":"","Attributes":0,"ValueType":"System.String"},"Value":"1655837740"}]}],"TestRunStatistics":{"ExecutedTests":18,"Stats":{"Passed":16,"Failed":2}},"ActiveTests":[{"Id":"3c918034-02aa-7588-bfd8-0d3b6bae56cb","FullyQualifiedName":"Homies.Tests.EventServiceTests.UpdateEventAsync_ShouldRetrunFalse_IfTheOrgnizerOfThEventIsDifferent","DisplayName":"UpdateEventAsync_ShouldRetrunFalse_IfTheOrgnizerOfThEventIsDifferent","ExecutorUri":"executor://NUnit3TestExecutor","Source":"D:\\Иван\\QA SoftUni\\Back-End Test Automation\\Back-End Technologies Basics\\16. Exercise Testing API Controllers\\Homies_ASP.Net_WithTestProject\\Homies.Tests\\bin\\Debug\\net6.0\\fine-code-coverage\\build-output\\Homies.Tests.dll","CodeFilePath":null,"LineNumber":0,"Properties":[{"Key":{"Id":"NUnit.Seed","Label":"Seed","Category":"","Description":"","Attributes":0,"ValueType":"System.String"},"Value":"382886291"}]}]}}
TpTrace Verbose: 0 : 19416, 14, 2024/02/20, 12:34:47.844, 4896423190360, vstest.console.dll, TestRunRequest:SendTestRunStatsChange: Starting.
TpTrace Verbose: 0 : 19416, 14, 2024/02/20, 12:34:47.845, 4896423190931, vstest.console.dll, InProgress is UpdateEventAsync_ShouldRetrunFalse_IfTheOrgnizerOfThEventIsDifferent
TpTrace Verbose: 0 : 19416, 14, 2024/02/20, 12:34:47.845, 4896423191600, vstest.console.dll, MulticastDelegateUtilities.SafeInvoke: TestRun.RunStatsChanged: Invoking callbacks was skipped because there are no subscribers.
TpTrace Information: 0 : 19416, 14, 2024/02/20, 12:34:47.845, 4896423192016, vstest.console.dll, TestRunRequest:SendTestRunStatsChange: Completed.
TpTrace Verbose: 0 : 19416, 4, 2024/02/20, 12:34:47.845, 4896423192155, vstest.console.dll, MulticastDelegateUtilities.SafeInvoke: InternalTestLoggerEvents.SendTestResult: Invoking callback 1/1 for Microsoft.VisualStudio.TestPlatform.CommandLine.Internal.ConsoleLogger., took 0 ms.
TpTrace Verbose: 0 : 19416, 14, 2024/02/20, 12:34:47.845, 4896423192255, vstest.console.dll, MulticastDelegateUtilities.SafeInvoke: LengthPrefixCommunicationChannel: MessageReceived: Invoking callback 1/1 for Microsoft.VisualStudio.TestPlatform.CommunicationUtilities.TestRequestSender+<>c__DisplayClass34_0., took 1 ms.
TpTrace Verbose: 0 : 19416, 4, 2024/02/20, 12:34:47.845, 4896423192854, vstest.console.dll, MulticastDelegateUtilities.SafeInvoke: InternalTestLoggerEvents.SendTestResult: Invoking callback 1/1 for Microsoft.VisualStudio.TestPlatform.CommandLine.Internal.ConsoleLogger., took 0 ms.
TpTrace Verbose: 0 : 19416, 14, 2024/02/20, 12:34:47.845, 4896423193333, vstest.console.dll, TcpClientExtensions.MessageLoopAsync: Polling on remoteEndPoint: 127.0.0.1:10904 localEndPoint: 127.0.0.1:10903
TpTrace Verbose: 0 : 19416, 4, 2024/02/20, 12:34:47.846, 4896423202571, vstest.console.dll, MulticastDelegateUtilities.SafeInvoke: InternalTestLoggerEvents.SendTestResult: Invoking callback 1/1 for Microsoft.VisualStudio.TestPlatform.CommandLine.Internal.ConsoleLogger., took 0 ms.
TpTrace Verbose: 0 : 19416, 4, 2024/02/20, 12:34:47.846, 4896423203391, vstest.console.dll, MulticastDelegateUtilities.SafeInvoke: InternalTestLoggerEvents.SendTestResult: Invoking callback 1/1 for Microsoft.VisualStudio.TestPlatform.CommandLine.Internal.ConsoleLogger., took 0 ms.
TpTrace Verbose: 0 : 19416, 4, 2024/02/20, 12:34:47.846, 4896423203749, vstest.console.dll, MulticastDelegateUtilities.SafeInvoke: InternalTestLoggerEvents.SendTestResult: Invoking callback 1/1 for Microsoft.VisualStudio.TestPlatform.CommandLine.Internal.ConsoleLogger., took 0 ms.
TpTrace Verbose: 0 : 19416, 4, 2024/02/20, 12:34:47.846, 4896423204070, vstest.console.dll, MulticastDelegateUtilities.SafeInvoke: InternalTestLoggerEvents.SendTestResult: Invoking callback 1/1 for Microsoft.VisualStudio.TestPlatform.CommandLine.Internal.ConsoleLogger., took 0 ms.
TpTrace Verbose: 0 : 19416, 4, 2024/02/20, 12:34:47.846, 4896423204442, vstest.console.dll, MulticastDelegateUtilities.SafeInvoke: InternalTestLoggerEvents.SendTestResult: Invoking callback 1/1 for Microsoft.VisualStudio.TestPlatform.CommandLine.Internal.ConsoleLogger., took 0 ms.
TpTrace Verbose: 0 : 19416, 4, 2024/02/20, 12:34:47.846, 4896423204769, vstest.console.dll, MulticastDelegateUtilities.SafeInvoke: InternalTestLoggerEvents.SendTestResult: Invoking callback 1/1 for Microsoft.VisualStudio.TestPlatform.CommandLine.Internal.ConsoleLogger., took 0 ms.
TpTrace Verbose: 0 : 19416, 4, 2024/02/20, 12:34:47.846, 4896423205063, vstest.console.dll, MulticastDelegateUtilities.SafeInvoke: InternalTestLoggerEvents.SendTestResult: Invoking callback 1/1 for Microsoft.VisualStudio.TestPlatform.CommandLine.Internal.ConsoleLogger., took 0 ms.
TpTrace Verbose: 0 : 19416, 14, 2024/02/20, 12:34:47.855, 4896423299351, vstest.console.dll, TcpClientExtensions.MessageLoopAsync: NotifyDataAvailable remoteEndPoint: 127.0.0.1:10904 localEndPoint: 127.0.0.1:10903
TpTrace Verbose: 0 : 19416, 14, 2024/02/20, 12:34:47.856, 4896423300676, vstest.console.dll, TestRequestSender.OnExecutionMessageReceived: Received message: {"Version":7,"MessageType":"TestSession.Message","Payload":{"MessageLevel":0,"Message":"NUnit Adapter 4.4.0.0: Test execution complete"}}
TpTrace Verbose: 0 : 19416, 14, 2024/02/20, 12:34:47.856, 4896423301816, vstest.console.dll, TestRunRequest:SendTestRunMessage: Starting.
TpTrace Verbose: 0 : 19416, 14, 2024/02/20, 12:34:47.856, 4896423302416, vstest.console.dll, MulticastDelegateUtilities.SafeInvoke: TestRun.LogMessages: Invoking callback 1/1 for Microsoft.VisualStudio.TestPlatform.CommandLine.TestRunResultAggregator., took 0 ms.
TpTrace Information: 0 : 19416, 14, 2024/02/20, 12:34:47.856, 4896423302640, vstest.console.dll, TestRunRequest:SendTestRunMessage: Completed.
TpTrace Verbose: 0 : 19416, 4, 2024/02/20, 12:34:47.856, 4896423302658, vstest.console.dll, MulticastDelegateUtilities.SafeInvoke: InternalTestLoggerEvents.SendTestRunMessage: Invoking callback 1/1 for Microsoft.VisualStudio.TestPlatform.CommandLine.Internal.ConsoleLogger., took 0 ms.
TpTrace Verbose: 0 : 19416, 14, 2024/02/20, 12:34:47.856, 4896423302843, vstest.console.dll, MulticastDelegateUtilities.SafeInvoke: LengthPrefixCommunicationChannel: MessageReceived: Invoking callback 1/1 for Microsoft.VisualStudio.TestPlatform.CommunicationUtilities.TestRequestSender+<>c__DisplayClass34_0., took 0 ms.
TpTrace Verbose: 0 : 19416, 14, 2024/02/20, 12:34:47.856, 4896423303566, vstest.console.dll, TcpClientExtensions.MessageLoopAsync: Polling on remoteEndPoint: 127.0.0.1:10904 localEndPoint: 127.0.0.1:10903
TpTrace Verbose: 0 : 19416, 14, 2024/02/20, 12:34:47.870, 4896423442162, vstest.console.dll, TcpClientExtensions.MessageLoopAsync: NotifyDataAvailable remoteEndPoint: 127.0.0.1:10904 localEndPoint: 127.0.0.1:10903
TpTrace Verbose: 0 : 19416, 14, 2024/02/20, 12:34:47.870, 4896423443700, vstest.console.dll, TestRequestSender.OnExecutionMessageReceived: Received message: {"Version":7,"MessageType":"TestExecution.Completed","Payload":{"TestRunCompleteArgs":{"TestRunStatistics":{"ExecutedTests":20,"Stats":{"Passed":18,"Failed":2}},"IsCanceled":false,"IsAborted":false,"Error":null,"AttachmentSets":[],"InvokedDataCollectors":[],"ElapsedTimeInRunningTests":"00:00:01.1131941","Metrics":{},"DiscoveredExtensions":{"TestDiscoverers":["NUnit.VisualStudio.TestAdapter.NUnit3TestDiscoverer, NUnit3.TestAdapter, Version=4.4.0.0, Culture=neutral, PublicKeyToken=4cb40d35494691ac"],"TestExecutors":["executor://NUnit3TestExecutor"],"TestExecutors2":[],"TestSettingsProviders":[]}},"LastRunTests":{"NewTestResults":[{"TestCase":{"Id":"3c918034-02aa-7588-bfd8-0d3b6bae56cb","FullyQualifiedName":"Homies.Tests.EventServiceTests.UpdateEventAsync_ShouldRetrunFalse_IfTheOrgnizerOfThEventIsDifferent","DisplayName":"UpdateEventAsync_ShouldRetrunFalse_IfTheOrgnizerOfThEventIsDifferent","ExecutorUri":"executor://NUnit3TestExecutor","Source":"D:\\Иван\\QA SoftUni\\Back-End Test Automation\\Back-End Technologies Basics\\16. Exercise Testing API Controllers\\Homies_ASP.Net_WithTestProject\\Homies.Tests\\bin\\Debug\\net6.0\\fine-code-coverage\\build-output\\Homies.Tests.dll","CodeFilePath":null,"LineNumber":0,"Properties":[{"Key":{"Id":"NUnit.Seed","Label":"Seed","Category":"","Description":"","Attributes":0,"ValueType":"System.String"},"Value":"382886291"}]},"Attachments":[],"Outcome":1,"ErrorMessage":null,"ErrorStackTrace":null,"DisplayName":"UpdateEventAsync_ShouldRetrunFalse_IfTheOrgnizerOfThEventIsDifferent","Messages":[],"ComputerName":"DESKTOP-QI8JBMK","Duration":"00:00:00.0013870","StartTime":"2024-02-20T10:34:47.8404534+00:00","EndTime":"2024-02-20T10:34:47.8418396+00:00","Properties":[{"Key":{"Id":"NUnit.Seed","Label":"Seed","Category":"","Description":"","Attributes":0,"ValueType":"System.String"},"Value":"382886291"}]},{"TestCase":{"Id":"1f5b640d-590d-6abd-add6-be311b7c96b7","FullyQualifiedName":"Homies.Tests.EventServiceTests.UpdateEventAsync_ShouldRetrunTrue_IfWeUpdateTheEventSuccesfully","DisplayName":"UpdateEventAsync_ShouldRetrunTrue_IfWeUpdateTheEventSuccesfully","ExecutorUri":"executor://NUnit3TestExecutor","Source":"D:\\Иван\\QA SoftUni\\Back-End Test Automation\\Back-End Technologies Basics\\16. Exercise Testing API Controllers\\Homies_ASP.Net_WithTestProject\\Homies.Tests\\bin\\Debug\\net6.0\\fine-code-coverage\\build-output\\Homies.Tests.dll","CodeFilePath":null,"LineNumber":0,"Properties":[{"Key":{"Id":"NUnit.Seed","Label":"Seed","Category":"","Description":"","Attributes":0,"ValueType":"System.String"},"Value":"104300558"}]},"Attachments":[],"Outcome":1,"ErrorMessage":null,"ErrorStackTrace":null,"DisplayName":"UpdateEventAsync_ShouldRetrunTrue_IfWeUpdateTheEventSuccesfully","Messages":[],"ComputerName":"DESKTOP-QI8JBMK","Duration":"00:00:00.0081770","StartTime":"2024-02-20T10:34:47.8418544+00:00","EndTime":"2024-02-20T10:34:47.8500317+00:00","Properties":[{"Key":{"Id":"NUnit.Seed","Label":"Seed","Category":"","Description":"","Attributes":0,"ValueType":"System.String"},"Value":"104300558"}]}],"TestRunStatistics":{"ExecutedTests":20,"Stats":{"Passed":18,"Failed":2}},"ActiveTests":[]},"RunAttachments":[],"ExecutorUris":["executor://nunit3testexecutor/"]}}
TpTrace Verbose: 0 : 19416, 14, 2024/02/20, 12:34:47.870, 4896423444704, vstest.console.dll, TestRequestSender.EndSession: Sending end session.
TpTrace Verbose: 0 : 19416, 14, 2024/02/20, 12:34:47.870, 4896423446058, vstest.console.dll, ProxyOperationManager.Close: waiting for test host to exit for 100 ms
TpTrace Verbose: 0 : 19416, 13, 2024/02/20, 12:34:47.887, 4896423619644, vstest.console.dll, TestHostManagerCallbacks.ctor: Experimental forwarding output is disabled.
TpTrace Warning: 0 : 19416, 13, 2024/02/20, 12:34:47.888, 4896423620982, vstest.console.dll, TestHostManagerCallbacks.ErrorReceivedCallback Test host standard error line: 
TpTrace Verbose: 0 : 19416, 13, 2024/02/20, 12:34:47.894, 4896423689408, vstest.console.dll, TestHostProvider.ExitCallBack: Host exited starting callback.
TpTrace Information: 0 : 19416, 13, 2024/02/20, 12:34:47.894, 4896423690390, vstest.console.dll, TestHostManagerCallbacks.ExitCallBack: Testhost processId: 21920 exited with exitcode: 0 error: ''
TpTrace Verbose: 0 : 19416, 13, 2024/02/20, 12:34:47.895, 4896423690742, vstest.console.dll, DotnetTestHostManager.OnHostExited: invoking OnHostExited callback
TpTrace Verbose: 0 : 19416, 13, 2024/02/20, 12:34:47.895, 4896423691161, vstest.console.dll, CrossPlatEngine.TestHostManagerHostExited: calling on client process exit callback.
TpTrace Information: 0 : 19416, 13, 2024/02/20, 12:34:47.895, 4896423691566, vstest.console.dll, TestRequestSender.OnClientProcessExit: Test host process exited. Standard error: 
TpTrace Information: 0 : 19416, 13, 2024/02/20, 12:34:47.895, 4896423691869, vstest.console.dll, SocketServer.Stop: Stop server endPoint: 127.0.0.1:10903
TpTrace Information: 0 : 19416, 14, 2024/02/20, 12:34:47.895, 4896423691944, vstest.console.dll, SocketServer.Stop: Stop server endPoint: 127.0.0.1:10903
TpTrace Information: 0 : 19416, 13, 2024/02/20, 12:34:47.895, 4896423692047, vstest.console.dll, SocketServer.Stop: Cancellation requested. Stopping message loop.
TpTrace Information: 0 : 19416, 14, 2024/02/20, 12:34:47.895, 4896423692632, vstest.console.dll, SocketServer.Stop: Cancellation requested. Stopping message loop.
TpTrace Information: 0 : 19416, 14, 2024/02/20, 12:34:47.895, 4896423693421, vstest.console.dll, Closing the connection
TpTrace Verbose: 0 : 19416, 13, 2024/02/20, 12:34:47.895, 4896423693540, vstest.console.dll, MulticastDelegateUtilities.SafeInvoke: HostProviderEvents.OnHostExited: Invoking callback 1/1 for Microsoft.VisualStudio.TestPlatform.CrossPlatEngine.Client.ProxyOperationManager., took 0 ms.
TpTrace Verbose: 0 : 19416, 14, 2024/02/20, 12:34:47.895, 4896423694982, vstest.console.dll, ProxyDataCollectionManager.InvokeDataCollectionServiceAction: Starting.
TpTrace Information: 0 : 19416, 14, 2024/02/20, 12:34:47.895, 4896423695338, vstest.console.dll, ProxyDataCollectionManager.AfterTestRunEnd: Get attachment set and invoked data collectors processId: 1956 port: 10900
TpTrace Verbose: 0 : 19416, 14, 2024/02/20, 12:34:47.895, 4896423695706, vstest.console.dll, DataCollectionRequestSender.SendAfterTestRunStartAndGetResult: Send AfterTestRunEnd message with isCancelled: False
TpTrace Verbose: 0 : 19416, 14, 2024/02/20, 12:34:47.900, 4896423741943, vstest.console.dll, DataCollectionRequestSender.SendAfterTestRunStartAndGetResult: Received message: (DataCollection.AfterTestRunEndResult) -> {"MessageType":"DataCollection.AfterTestRunEndResult","Payload":{"AttachmentSets":[],"InvokedDataCollectors":[{"Uri":"datacollector://Microsoft/TestPlatform/Extensions/Blame/v1","FriendlyName":"Blame","AssemblyQualifiedName":"Microsoft.TestPlatform.Extensions.BlameDataCollector.BlameCollector, Microsoft.TestPlatform.Extensions.BlameDataCollector, Version=15.0.0.0, Culture=neutral, PublicKeyToken=b03f5f7f11d50a3a","FilePath":"C:\\Program Files\\dotnet\\sdk\\8.0.101\\Extensions\\Microsoft.TestPlatform.Extensions.BlameDataCollector.dll","HasAttachmentProcessor":false}],"Metrics":{}}}
TpTrace Information: 0 : 19416, 14, 2024/02/20, 12:34:47.903, 4896423779360, vstest.console.dll, ProxyDataCollectionManager.InvokeDataCollectionServiceAction: Completed.
TpTrace Warning: 0 : 19416, 11, 2024/02/20, 12:34:47.911, 4896423858548, vstest.console.dll, DataCollectionLauncher.ErrorReceivedCallback datacollector standard error line: 
TpTrace Information: 0 : 19416, 11, 2024/02/20, 12:34:47.916, 4896423902959, vstest.console.dll, DataCollectionLauncher.ExitCallBack: Data collector exited with exitcode: 0 error: ''
TpTrace Verbose: 0 : 19416, 14, 2024/02/20, 12:34:47.928, 4896424022229, vstest.console.dll, TestRunRequest:SendTestRunStatsChange: Starting.
TpTrace Verbose: 0 : 19416, 14, 2024/02/20, 12:34:47.928, 4896424023200, vstest.console.dll, MulticastDelegateUtilities.SafeInvoke: TestRun.RunStatsChanged: Invoking callbacks was skipped because there are no subscribers.
TpTrace Information: 0 : 19416, 14, 2024/02/20, 12:34:47.928, 4896424023429, vstest.console.dll, TestRunRequest:SendTestRunStatsChange: Completed.
TpTrace Verbose: 0 : 19416, 4, 2024/02/20, 12:34:47.928, 4896424023819, vstest.console.dll, MulticastDelegateUtilities.SafeInvoke: InternalTestLoggerEvents.SendTestResult: Invoking callback 1/1 for Microsoft.VisualStudio.TestPlatform.CommandLine.Internal.ConsoleLogger., took 0 ms.
TpTrace Verbose: 0 : 19416, 4, 2024/02/20, 12:34:47.928, 4896424024432, vstest.console.dll, MulticastDelegateUtilities.SafeInvoke: InternalTestLoggerEvents.SendTestResult: Invoking callback 1/1 for Microsoft.VisualStudio.TestPlatform.CommandLine.Internal.ConsoleLogger., took 0 ms.
TpTrace Verbose: 0 : 19416, 14, 2024/02/20, 12:34:47.928, 4896424025891, vstest.console.dll, ParallelProxyExecutionManager: HandlePartialRunComplete: Total workloads = 1, Total started clients = 1 Total completed clients = 1, Run complete = True, Run canceled: False.
TpTrace Verbose: 0 : 19416, 14, 2024/02/20, 12:34:47.928, 4896424026230, vstest.console.dll, ParallelProxyExecutionManager: HandlePartialRunComplete: All runs completed stopping all managers.
TpTrace Verbose: 0 : 19416, 14, 2024/02/20, 12:34:47.928, 4896424026505, vstest.console.dll, ParallelOperationManager.StopAllManagers: Stopping all managers.
TpTrace Verbose: 0 : 19416, 14, 2024/02/20, 12:34:47.928, 4896424026742, vstest.console.dll, ParallelOperationManager.ClearSlots: Clearing all slots. Slots should accept more work: False
TpTrace Verbose: 0 : 19416, 14, 2024/02/20, 12:34:47.928, 4896424027007, vstest.console.dll, ParallelOperationManager.SetOccupiedSlotCount: Setting slot counts AvailableSlotCount = 1, OccupiedSlotCount = 0.
TpTrace Verbose: 0 : 19416, 14, 2024/02/20, 12:34:47.928, 4896424027311, vstest.console.dll, Occupied slots:

TpTrace Verbose: 0 : 19416, 4, 2024/02/20, 12:34:47.934, 4896424081543, vstest.console.dll, MulticastDelegateUtilities.SafeInvoke: InternalTestLoggerEvents.SendTestRunComplete: Invoking callback 1/2 for Microsoft.TestPlatform.Extensions.BlameDataCollector.BlameLogger., took 0 ms.
TpTrace Verbose: 0 : 19416, 4, 2024/02/20, 12:34:47.937, 4896424117949, vstest.console.dll, MulticastDelegateUtilities.SafeInvoke: InternalTestLoggerEvents.SendTestRunComplete: Invoking callback 2/2 for Microsoft.VisualStudio.TestPlatform.CommandLine.Internal.ConsoleLogger., took 3 ms.
TpTrace Verbose: 0 : 19416, 14, 2024/02/20, 12:34:47.938, 4896424120546, vstest.console.dll, TestRunRequest:TestRunComplete: Starting. IsAborted:False IsCanceled:False.
TpTrace Verbose: 0 : 19416, 14, 2024/02/20, 12:34:47.938, 4896424122131, vstest.console.dll, ParallelOperationManager.DoActionOnAllManagers: Calling an action on all managers.
TpTrace Verbose: 0 : 19416, 14, 2024/02/20, 12:34:47.938, 4896424128839, vstest.console.dll, TestLoggerManager.HandleTestRunComplete: Ignoring as the object is disposed.
TpTrace Verbose: 0 : 19416, 14, 2024/02/20, 12:34:47.938, 4896424130232, vstest.console.dll, MulticastDelegateUtilities.SafeInvoke: TestRun.TestRunComplete: Invoking callback 1/2 for Microsoft.VisualStudio.TestPlatform.CommandLine.TestRunResultAggregator., took 0 ms.
TpTrace Verbose: 0 : 19416, 14, 2024/02/20, 12:34:47.939, 4896424131138, vstest.console.dll, MulticastDelegateUtilities.SafeInvoke: TestRun.TestRunComplete: Invoking callback 2/2 for Microsoft.VisualStudio.TestPlatform.CommandLine.Processors.RunTestsArgumentExecutor+TestRunRequestEventsRegistrar., took 0 ms.
TpTrace Information: 0 : 19416, 14, 2024/02/20, 12:34:47.939, 4896424131856, vstest.console.dll, TestRunRequest:TestRunComplete: Completed.
TpTrace Verbose: 0 : 19416, 1, 2024/02/20, 12:34:47.939, 4896424132067, vstest.console.dll, TestRunRequest.Dispose: Starting.
TpTrace Verbose: 0 : 19416, 14, 2024/02/20, 12:34:47.939, 4896424132154, vstest.console.dll, TestRequestSender.SetOperationComplete: Setting operation complete.
TpTrace Information: 0 : 19416, 1, 2024/02/20, 12:34:47.939, 4896424132699, vstest.console.dll, TestRunRequest.Dispose: Completed.
TpTrace Information: 0 : 19416, 14, 2024/02/20, 12:34:47.939, 4896424133231, vstest.console.dll, SocketServer.Stop: Stop server endPoint: 127.0.0.1:10903
TpTrace Information: 0 : 19416, 1, 2024/02/20, 12:34:47.939, 4896424133166, vstest.console.dll, TestRequestManager.RunTests: run tests completed.
TpTrace Information: 0 : 19416, 14, 2024/02/20, 12:34:47.939, 4896424133568, vstest.console.dll, SocketServer.Stop: Cancellation requested. Stopping message loop.
TpTrace Verbose: 0 : 19416, 14, 2024/02/20, 12:34:47.939, 4896424134272, vstest.console.dll, MulticastDelegateUtilities.SafeInvoke: LengthPrefixCommunicationChannel: MessageReceived: Invoking callback 1/1 for Microsoft.VisualStudio.TestPlatform.CommunicationUtilities.TestRequestSender+<>c__DisplayClass34_0., took 69 ms.
TpTrace Information: 0 : 19416, 1, 2024/02/20, 12:34:47.939, 4896424134381, vstest.console.dll, RunTestsArgumentProcessor:Execute: Test run is completed.
TpTrace Information: 0 : 19416, 14, 2024/02/20, 12:34:47.939, 4896424134602, vstest.console.dll, SocketServer.PrivateStop: Stopping server endPoint: 127.0.0.1:10903 error: 
TpTrace Verbose: 0 : 19416, 1, 2024/02/20, 12:34:47.939, 4896424136287, vstest.console.dll, Executor.Execute: Exiting with exit code of 1
TpTrace Verbose: 0 : 19416, 14, 2024/02/20, 12:34:47.939, 4896424138762, vstest.console.dll, LengthPrefixCommunicationChannel.Dispose: Dispose reader and writer.
TpTrace Information: 0 : 19416, 14, 2024/02/20, 12:34:47.939, 4896424139406, vstest.console.dll, SocketServer.Stop: Raise disconnected event endPoint: 127.0.0.1:10903 error: 
