TpTrace Verbose: 0 : 11480, 1, 2024/04/17, 20:05:24.888, 5116602415863, vstest.console.dll, Version: 17.8.0-release-23578-02 Current process architecture: X64
TpTrace Verbose: 0 : 11480, 1, 2024/04/17, 20:05:24.890, 5116602437890, vstest.console.dll, Runtime location: C:\Program Files\dotnet\shared\Microsoft.NETCore.App\8.0.1
TpTrace Verbose: 0 : 11480, 1, 2024/04/17, 20:05:24.892, 5116602451938, vstest.console.dll, ArtifactProcessingPostProcessModeProcessorExecutor.Initialize: ArtifactProcessingMode.Collect
TpTrace Verbose: 0 : 11480, 1, 2024/04/17, 20:05:24.892, 5116602452691, vstest.console.dll, TestSessionCorrelationIdProcessorModeProcessorExecutor.Initialize: TestSessionCorrelationId '12184_054a6cad-e7d1-425b-aa3a-7591b1bb244c'
TpTrace Information: 0 : 11480, 1, 2024/04/17, 20:05:24.897, 5116602505854, vstest.console.dll, FilePatternParser: The given file C:\Users\Ivan\Desktop\Exam Prep 2\FoodySoftUni\FoodySoftUni\bin\Debug\net6.0\fine-code-coverage\build-output\FoodySoftUni.dll is a full path.
TpTrace Verbose: 0 : 11480, 1, 2024/04/17, 20:05:24.900, 5116602532831, vstest.console.dll, TestPluginCache.DiscoverTestExtensions: finding test extensions in assemblies ends with: RuntimeProvider.dll TPluginInfo: Microsoft.VisualStudio.TestPlatform.Common.ExtensionFramework.Utilities.TestRuntimePluginInformation TExtension: Microsoft.VisualStudio.TestPlatform.ObjectModel.Host.ITestRuntimeProvider
TpTrace Verbose: 0 : 11480, 1, 2024/04/17, 20:05:24.900, 5116602535105, vstest.console.dll, TestPluginCache.GetExtensionPaths: Filtered extension paths: 
TpTrace Verbose: 0 : 11480, 1, 2024/04/17, 20:05:24.900, 5116602535666, vstest.console.dll, TestPluginCache.GetExtensionPaths: Added default extension paths: C:\Program Files\dotnet\sdk\8.0.101\Extensions\Microsoft.Diagnostics.NETCore.Client.dll
C:\Program Files\dotnet\sdk\8.0.101\Extensions\Microsoft.TestPlatform.Extensions.BlameDataCollector.dll
C:\Program Files\dotnet\sdk\8.0.101\Extensions\Microsoft.TestPlatform.Extensions.EventLogCollector.dll
C:\Program Files\dotnet\sdk\8.0.101\Extensions\Microsoft.TestPlatform.TestHostRuntimeProvider.dll
C:\Program Files\dotnet\sdk\8.0.101\Extensions\Microsoft.VisualStudio.TestPlatform.Extensions.Html.TestLogger.dll
C:\Program Files\dotnet\sdk\8.0.101\Extensions\Microsoft.VisualStudio.TestPlatform.Extensions.Trx.TestLogger.dll
TpTrace Verbose: 0 : 11480, 1, 2024/04/17, 20:05:24.900, 5116602535876, vstest.console.dll, TestPluginCache.GetExtensionPaths: Added unfilterableExtensionPaths: 
TpTrace Information: 0 : 11480, 1, 2024/04/17, 20:05:24.901, 5116602539366, vstest.console.dll, AssemblyResolver.ctor: Creating AssemblyResolver with searchDirectories C:\Program Files\dotnet\sdk\8.0.101\Extensions,C:\Program Files\dotnet\sdk\8.0.101
TpTrace Verbose: 0 : 11480, 1, 2024/04/17, 20:05:24.901, 5116602547232, vstest.console.dll, TestPluginCache.DiscoverTestExtensions: Discovering the extensions using extension path.
TpTrace Verbose: 0 : 11480, 1, 2024/04/17, 20:05:24.901, 5116602547983, vstest.console.dll, TestPluginCache.GetExtensionPaths: Filtered extension paths: 
TpTrace Verbose: 0 : 11480, 1, 2024/04/17, 20:05:24.901, 5116602548238, vstest.console.dll, TestPluginCache.GetExtensionPaths: Added default extension paths: C:\Program Files\dotnet\sdk\8.0.101\Extensions\Microsoft.Diagnostics.NETCore.Client.dll
C:\Program Files\dotnet\sdk\8.0.101\Extensions\Microsoft.TestPlatform.Extensions.BlameDataCollector.dll
C:\Program Files\dotnet\sdk\8.0.101\Extensions\Microsoft.TestPlatform.Extensions.EventLogCollector.dll
C:\Program Files\dotnet\sdk\8.0.101\Extensions\Microsoft.TestPlatform.TestHostRuntimeProvider.dll
C:\Program Files\dotnet\sdk\8.0.101\Extensions\Microsoft.VisualStudio.TestPlatform.Extensions.Html.TestLogger.dll
C:\Program Files\dotnet\sdk\8.0.101\Extensions\Microsoft.VisualStudio.TestPlatform.Extensions.Trx.TestLogger.dll
TpTrace Verbose: 0 : 11480, 1, 2024/04/17, 20:05:24.901, 5116602548410, vstest.console.dll, TestPluginCache.GetExtensionPaths: Added unfilterableExtensionPaths: 
TpTrace Verbose: 0 : 11480, 1, 2024/04/17, 20:05:24.901, 5116602548839, vstest.console.dll, TestPluginCache.DiscoverTestExtensions: Discovering the extensions using allExtensionPaths: C:\Program Files\dotnet\sdk\8.0.101\Extensions\Microsoft.Diagnostics.NETCore.Client.dll
C:\Program Files\dotnet\sdk\8.0.101\Extensions\Microsoft.TestPlatform.Extensions.BlameDataCollector.dll
C:\Program Files\dotnet\sdk\8.0.101\Extensions\Microsoft.TestPlatform.Extensions.EventLogCollector.dll
C:\Program Files\dotnet\sdk\8.0.101\Extensions\Microsoft.TestPlatform.TestHostRuntimeProvider.dll
C:\Program Files\dotnet\sdk\8.0.101\Extensions\Microsoft.VisualStudio.TestPlatform.Extensions.Html.TestLogger.dll
C:\Program Files\dotnet\sdk\8.0.101\Extensions\Microsoft.VisualStudio.TestPlatform.Extensions.Trx.TestLogger.dll
TpTrace Information: 0 : 11480, 1, 2024/04/17, 20:05:24.902, 5116602549775, vstest.console.dll, AssemblyResolver.AddSearchDirectories: Adding more searchDirectories C:\Program Files\dotnet\sdk\8.0.101\Extensions,C:\Program Files\dotnet\sdk\8.0.101
TpTrace Information: 0 : 11480, 1, 2024/04/17, 20:05:24.902, 5116602550138, vstest.console.dll, AssemblyResolver.AddSearchDirectories: Adding more searchDirectories C:\Program Files\dotnet\sdk\8.0.101\Extensions,C:\Program Files\dotnet\sdk\8.0.101
TpTrace Information: 0 : 11480, 1, 2024/04/17, 20:05:24.902, 5116602550359, vstest.console.dll, AssemblyResolver.AddSearchDirectories: Adding more searchDirectories C:\Program Files\dotnet\sdk\8.0.101\Extensions,C:\Program Files\dotnet\sdk\8.0.101
TpTrace Information: 0 : 11480, 1, 2024/04/17, 20:05:24.902, 5116602550518, vstest.console.dll, AssemblyResolver.AddSearchDirectories: Adding more searchDirectories C:\Program Files\dotnet\sdk\8.0.101\Extensions,C:\Program Files\dotnet\sdk\8.0.101
TpTrace Information: 0 : 11480, 1, 2024/04/17, 20:05:24.902, 5116602550667, vstest.console.dll, AssemblyResolver.AddSearchDirectories: Adding more searchDirectories C:\Program Files\dotnet\sdk\8.0.101\Extensions,C:\Program Files\dotnet\sdk\8.0.101
TpTrace Information: 0 : 11480, 1, 2024/04/17, 20:05:24.902, 5116602550844, vstest.console.dll, AssemblyResolver.AddSearchDirectories: Adding more searchDirectories C:\Program Files\dotnet\sdk\8.0.101\Extensions,C:\Program Files\dotnet\sdk\8.0.101
TpTrace Information: 0 : 11480, 1, 2024/04/17, 20:05:24.902, 5116602554055, vstest.console.dll, AssemblyResolver.OnResolve: Microsoft.Diagnostics.NETCore.Client: Resolving assembly.
TpTrace Information: 0 : 11480, 1, 2024/04/17, 20:05:24.902, 5116602554619, vstest.console.dll, AssemblyResolver.OnResolve: Microsoft.Diagnostics.NETCore.Client: Searching in: 'C:\Program Files\dotnet\sdk\8.0.101\Extensions'.
TpTrace Information: 0 : 11480, 1, 2024/04/17, 20:05:24.906, 5116602595053, vstest.console.dll, AssemblyResolver.OnResolve: Microsoft.Diagnostics.NETCore.Client: Loading assembly 'C:\Program Files\dotnet\sdk\8.0.101\Extensions\Microsoft.Diagnostics.NETCore.Client.dll'.
TpTrace Information: 0 : 11480, 1, 2024/04/17, 20:05:24.906, 5116602597839, vstest.console.dll, AssemblyResolver.OnResolve: Resolved assembly: Microsoft.Diagnostics.NETCore.Client, from path: C:\Program Files\dotnet\sdk\8.0.101\Extensions\Microsoft.Diagnostics.NETCore.Client.dll
TpTrace Verbose: 0 : 11480, 1, 2024/04/17, 20:05:24.909, 5116602627160, vstest.console.dll, MetadataReaderExtensionsHelper: Discovering extensions inside assembly 'Microsoft.Diagnostics.NETCore.Client, Version=0.2.8.21101, Culture=neutral, PublicKeyToken=31bf3856ad364e35' file path 'C:\Program Files\dotnet\sdk\8.0.101\Extensions\Microsoft.Diagnostics.NETCore.Client.dll'
TpTrace Information: 0 : 11480, 1, 2024/04/17, 20:05:24.911, 5116602648440, vstest.console.dll, AssemblyResolver.OnResolve: Microsoft.Bcl.AsyncInterfaces: Resolving assembly.
TpTrace Information: 0 : 11480, 1, 2024/04/17, 20:05:24.911, 5116602648893, vstest.console.dll, AssemblyResolver.OnResolve: Microsoft.Bcl.AsyncInterfaces: Searching in: 'C:\Program Files\dotnet\sdk\8.0.101\Extensions'.
TpTrace Information: 0 : 11480, 1, 2024/04/17, 20:05:24.912, 5116602649377, vstest.console.dll, AssemblyResolver.OnResolve: Microsoft.Bcl.AsyncInterfaces: Assembly path does not exist: 'C:\Program Files\dotnet\sdk\8.0.101\Extensions\Microsoft.Bcl.AsyncInterfaces.dll', returning.
TpTrace Information: 0 : 11480, 1, 2024/04/17, 20:05:24.912, 5116602650018, vstest.console.dll, AssemblyResolver.OnResolve: Microsoft.Bcl.AsyncInterfaces: Assembly path does not exist: 'C:\Program Files\dotnet\sdk\8.0.101\Extensions\Microsoft.Bcl.AsyncInterfaces.exe', returning.
TpTrace Information: 0 : 11480, 1, 2024/04/17, 20:05:24.912, 5116602650238, vstest.console.dll, AssemblyResolver.OnResolve: Microsoft.Bcl.AsyncInterfaces: Searching in: 'C:\Program Files\dotnet\sdk\8.0.101'.
TpTrace Information: 0 : 11480, 1, 2024/04/17, 20:05:24.912, 5116602650572, vstest.console.dll, AssemblyResolver.OnResolve: Microsoft.Bcl.AsyncInterfaces: Assembly path does not exist: 'C:\Program Files\dotnet\sdk\8.0.101\Microsoft.Bcl.AsyncInterfaces.dll', returning.
TpTrace Information: 0 : 11480, 1, 2024/04/17, 20:05:24.912, 5116602650864, vstest.console.dll, AssemblyResolver.OnResolve: Microsoft.Bcl.AsyncInterfaces: Assembly path does not exist: 'C:\Program Files\dotnet\sdk\8.0.101\Microsoft.Bcl.AsyncInterfaces.exe', returning.
TpTrace Information: 0 : 11480, 1, 2024/04/17, 20:05:24.912, 5116602651026, vstest.console.dll, AssemblyResolver.OnResolve: Microsoft.Bcl.AsyncInterfaces: Failed to load assembly.
TpTrace Verbose: 0 : 11480, 1, 2024/04/17, 20:05:24.912, 5116602651266, vstest.console.dll, CurrentDomainAssemblyResolve: Resolving assembly 'Microsoft.Bcl.AsyncInterfaces'.
TpTrace Information: 0 : 11480, 1, 2024/04/17, 20:05:24.912, 5116602651593, vstest.console.dll, AssemblyResolver.OnResolve: Microsoft.Bcl.AsyncInterfaces: Resolving assembly.
TpTrace Information: 0 : 11480, 1, 2024/04/17, 20:05:24.912, 5116602651806, vstest.console.dll, AssemblyResolver.OnResolve: Microsoft.Bcl.AsyncInterfaces: Resolved from cache.
TpTrace Verbose: 0 : 11480, 1, 2024/04/17, 20:05:24.912, 5116602651953, vstest.console.dll, CurrentDomainAssemblyResolve: Resolving assembly 'Microsoft.Bcl.AsyncInterfaces'.
TpTrace Verbose: 0 : 11480, 1, 2024/04/17, 20:05:24.912, 5116602652126, vstest.console.dll, CurrentDomainAssemblyResolve: Failed to resolve assembly 'Microsoft.Bcl.AsyncInterfaces'.
TpTrace Verbose: 0 : 11480, 1, 2024/04/17, 20:05:24.912, 5116602656864, vstest.console.dll, CurrentDomainAssemblyResolve: Failed to resolve assembly 'Microsoft.Bcl.AsyncInterfaces'.
TpTrace Warning: 0 : 11480, 1, 2024/04/17, 20:05:24.918, 5116602711519, vstest.console.dll, TestPluginDiscoverer: Failed to get types from assembly 'Microsoft.Diagnostics.NETCore.Client, Version=0.2.8.21101, Culture=neutral, PublicKeyToken=31bf3856ad364e35'. Error: System.Reflection.ReflectionTypeLoadException: Unable to load one or more of the requested types.
Could not load file or assembly 'Microsoft.Bcl.AsyncInterfaces, Version=1.0.0.0, Culture=neutral, PublicKeyToken=cc7b13ffcd2ddd51'. The system cannot find the file specified.
   at System.Reflection.RuntimeModule.GetTypes(RuntimeModule module)
   at System.Reflection.RuntimeModule.GetTypes()
   at Microsoft.VisualStudio.TestPlatform.Common.ExtensionFramework.TestPluginDiscoverer.GetTestExtensionsFromAssembly[TPluginInfo,TExtension](Assembly assembly, Dictionary`2 pluginInfos, String filePath) in /_/src/Microsoft.TestPlatform.Common/ExtensionFramework/TestPluginDiscoverer.cs:line 158
System.IO.FileNotFoundException: Could not load file or assembly 'Microsoft.Bcl.AsyncInterfaces, Version=1.0.0.0, Culture=neutral, PublicKeyToken=cc7b13ffcd2ddd51'. The system cannot find the file specified.
File name: 'Microsoft.Bcl.AsyncInterfaces, Version=1.0.0.0, Culture=neutral, PublicKeyToken=cc7b13ffcd2ddd51'
 ---> System.IO.FileNotFoundException: Could not load file or assembly 'Microsoft.Bcl.AsyncInterfaces, Culture=neutral, PublicKeyToken=null'. The system cannot find the file specified.
File name: 'Microsoft.Bcl.AsyncInterfaces, Culture=neutral, PublicKeyToken=null'
   at System.Reflection.RuntimeAssembly.InternalLoad(AssemblyName assemblyName, StackCrawlMark& stackMark, AssemblyLoadContext assemblyLoadContext, RuntimeAssembly requestingAssembly, Boolean throwOnFileNotFound)
   at System.Reflection.Assembly.Load(AssemblyName assemblyRef)
   at Microsoft.VisualStudio.TestPlatform.Common.ExtensionFramework.TestPluginCache.CurrentDomainAssemblyResolve(Object sender, AssemblyResolveEventArgs args) in /_/src/Microsoft.TestPlatform.Common/ExtensionFramework/TestPluginCache.cs:line 513
   at System.Runtime.Loader.AssemblyLoadContext.GetFirstResolvedAssemblyFromResolvingEvent(AssemblyName assemblyName)
   at System.Runtime.Loader.AssemblyLoadContext.ResolveUsingEvent(AssemblyName assemblyName)
   at System.Runtime.Loader.AssemblyLoadContext.ResolveUsingResolvingEvent(IntPtr gchManagedAssemblyLoadContext, AssemblyName assemblyName)
TpTrace Warning: 0 : 11480, 1, 2024/04/17, 20:05:24.918, 5116602713620, vstest.console.dll, LoaderExceptions: System.IO.FileNotFoundException: Could not load file or assembly 'Microsoft.Bcl.AsyncInterfaces, Version=1.0.0.0, Culture=neutral, PublicKeyToken=cc7b13ffcd2ddd51'. The system cannot find the file specified.
File name: 'Microsoft.Bcl.AsyncInterfaces, Version=1.0.0.0, Culture=neutral, PublicKeyToken=cc7b13ffcd2ddd51'
 ---> System.IO.FileNotFoundException: Could not load file or assembly 'Microsoft.Bcl.AsyncInterfaces, Culture=neutral, PublicKeyToken=null'. The system cannot find the file specified.
File name: 'Microsoft.Bcl.AsyncInterfaces, Culture=neutral, PublicKeyToken=null'
   at System.Reflection.RuntimeAssembly.InternalLoad(AssemblyName assemblyName, StackCrawlMark& stackMark, AssemblyLoadContext assemblyLoadContext, RuntimeAssembly requestingAssembly, Boolean throwOnFileNotFound)
   at System.Reflection.Assembly.Load(AssemblyName assemblyRef)
   at Microsoft.VisualStudio.TestPlatform.Common.ExtensionFramework.TestPluginCache.CurrentDomainAssemblyResolve(Object sender, AssemblyResolveEventArgs args) in /_/src/Microsoft.TestPlatform.Common/ExtensionFramework/TestPluginCache.cs:line 513
   at System.Runtime.Loader.AssemblyLoadContext.GetFirstResolvedAssemblyFromResolvingEvent(AssemblyName assemblyName)
   at System.Runtime.Loader.AssemblyLoadContext.ResolveUsingEvent(AssemblyName assemblyName)
   at System.Runtime.Loader.AssemblyLoadContext.ResolveUsingResolvingEvent(IntPtr gchManagedAssemblyLoadContext, AssemblyName assemblyName)
TpTrace Information: 0 : 11480, 1, 2024/04/17, 20:05:24.918, 5116602714483, vstest.console.dll, AssemblyResolver.OnResolve: Microsoft.TestPlatform.Extensions.BlameDataCollector: Resolving assembly.
TpTrace Information: 0 : 11480, 1, 2024/04/17, 20:05:24.918, 5116602714787, vstest.console.dll, AssemblyResolver.OnResolve: Microsoft.TestPlatform.Extensions.BlameDataCollector: Searching in: 'C:\Program Files\dotnet\sdk\8.0.101\Extensions'.
TpTrace Information: 0 : 11480, 1, 2024/04/17, 20:05:24.918, 5116602716414, vstest.console.dll, AssemblyResolver.OnResolve: Microsoft.TestPlatform.Extensions.BlameDataCollector: Loading assembly 'C:\Program Files\dotnet\sdk\8.0.101\Extensions\Microsoft.TestPlatform.Extensions.BlameDataCollector.dll'.
TpTrace Information: 0 : 11480, 1, 2024/04/17, 20:05:24.918, 5116602718738, vstest.console.dll, AssemblyResolver.OnResolve: Resolved assembly: Microsoft.TestPlatform.Extensions.BlameDataCollector, from path: C:\Program Files\dotnet\sdk\8.0.101\Extensions\Microsoft.TestPlatform.Extensions.BlameDataCollector.dll
TpTrace Verbose: 0 : 11480, 1, 2024/04/17, 20:05:24.919, 5116602719255, vstest.console.dll, MetadataReaderExtensionsHelper: Discovering extensions inside assembly 'Microsoft.TestPlatform.Extensions.BlameDataCollector, Version=15.0.0.0, Culture=neutral, PublicKeyToken=b03f5f7f11d50a3a' file path 'C:\Program Files\dotnet\sdk\8.0.101\Extensions\Microsoft.TestPlatform.Extensions.BlameDataCollector.dll'
TpTrace Information: 0 : 11480, 1, 2024/04/17, 20:05:24.919, 5116602727600, vstest.console.dll, AssemblyResolver.OnResolve: Microsoft.TestPlatform.Extensions.EventLogCollector: Resolving assembly.
TpTrace Information: 0 : 11480, 1, 2024/04/17, 20:05:24.919, 5116602728218, vstest.console.dll, AssemblyResolver.OnResolve: Microsoft.TestPlatform.Extensions.EventLogCollector: Searching in: 'C:\Program Files\dotnet\sdk\8.0.101\Extensions'.
TpTrace Information: 0 : 11480, 1, 2024/04/17, 20:05:24.920, 5116602730195, vstest.console.dll, AssemblyResolver.OnResolve: Microsoft.TestPlatform.Extensions.EventLogCollector: Loading assembly 'C:\Program Files\dotnet\sdk\8.0.101\Extensions\Microsoft.TestPlatform.Extensions.EventLogCollector.dll'.
TpTrace Information: 0 : 11480, 1, 2024/04/17, 20:05:24.920, 5116602732483, vstest.console.dll, AssemblyResolver.OnResolve: Resolved assembly: Microsoft.TestPlatform.Extensions.EventLogCollector, from path: C:\Program Files\dotnet\sdk\8.0.101\Extensions\Microsoft.TestPlatform.Extensions.EventLogCollector.dll
TpTrace Verbose: 0 : 11480, 1, 2024/04/17, 20:05:24.920, 5116602733028, vstest.console.dll, MetadataReaderExtensionsHelper: Discovering extensions inside assembly 'Microsoft.TestPlatform.Extensions.EventLogCollector, Version=15.0.0.0, Culture=neutral, PublicKeyToken=b03f5f7f11d50a3a' file path 'C:\Program Files\dotnet\sdk\8.0.101\Extensions\Microsoft.TestPlatform.Extensions.EventLogCollector.dll'
TpTrace Information: 0 : 11480, 1, 2024/04/17, 20:05:24.921, 5116602742800, vstest.console.dll, AssemblyResolver.OnResolve: Microsoft.TestPlatform.TestHostRuntimeProvider: Resolving assembly.
TpTrace Information: 0 : 11480, 1, 2024/04/17, 20:05:24.921, 5116602743192, vstest.console.dll, AssemblyResolver.OnResolve: Microsoft.TestPlatform.TestHostRuntimeProvider: Searching in: 'C:\Program Files\dotnet\sdk\8.0.101\Extensions'.
TpTrace Information: 0 : 11480, 1, 2024/04/17, 20:05:24.921, 5116602744709, vstest.console.dll, AssemblyResolver.OnResolve: Microsoft.TestPlatform.TestHostRuntimeProvider: Loading assembly 'C:\Program Files\dotnet\sdk\8.0.101\Extensions\Microsoft.TestPlatform.TestHostRuntimeProvider.dll'.
TpTrace Information: 0 : 11480, 1, 2024/04/17, 20:05:24.921, 5116602746949, vstest.console.dll, AssemblyResolver.OnResolve: Resolved assembly: Microsoft.TestPlatform.TestHostRuntimeProvider, from path: C:\Program Files\dotnet\sdk\8.0.101\Extensions\Microsoft.TestPlatform.TestHostRuntimeProvider.dll
TpTrace Verbose: 0 : 11480, 1, 2024/04/17, 20:05:24.921, 5116602747493, vstest.console.dll, MetadataReaderExtensionsHelper: Discovering extensions inside assembly 'Microsoft.TestPlatform.TestHostRuntimeProvider, Version=15.0.0.0, Culture=neutral, PublicKeyToken=b03f5f7f11d50a3a' file path 'C:\Program Files\dotnet\sdk\8.0.101\Extensions\Microsoft.TestPlatform.TestHostRuntimeProvider.dll'
TpTrace Information: 0 : 11480, 1, 2024/04/17, 20:05:24.922, 5116602756160, vstest.console.dll, GetTestExtensionFromType: Register extension with identifier data 'HostProvider://DefaultTestHost' and type 'Microsoft.VisualStudio.TestPlatform.CrossPlatEngine.Hosting.DefaultTestHostManager, Microsoft.TestPlatform.TestHostRuntimeProvider, Version=15.0.0.0, Culture=neutral, PublicKeyToken=b03f5f7f11d50a3a' inside file 'C:\Program Files\dotnet\sdk\8.0.101\Extensions\Microsoft.TestPlatform.TestHostRuntimeProvider.dll'
TpTrace Information: 0 : 11480, 1, 2024/04/17, 20:05:24.922, 5116602757698, vstest.console.dll, GetTestExtensionFromType: Register extension with identifier data 'HostProvider://DotnetTestHost' and type 'Microsoft.VisualStudio.TestPlatform.CrossPlatEngine.Hosting.DotnetTestHostManager, Microsoft.TestPlatform.TestHostRuntimeProvider, Version=15.0.0.0, Culture=neutral, PublicKeyToken=b03f5f7f11d50a3a' inside file 'C:\Program Files\dotnet\sdk\8.0.101\Extensions\Microsoft.TestPlatform.TestHostRuntimeProvider.dll'
TpTrace Information: 0 : 11480, 1, 2024/04/17, 20:05:24.922, 5116602758266, vstest.console.dll, AssemblyResolver.OnResolve: Microsoft.VisualStudio.TestPlatform.Extensions.Html.TestLogger: Resolving assembly.
TpTrace Information: 0 : 11480, 1, 2024/04/17, 20:05:24.922, 5116602758510, vstest.console.dll, AssemblyResolver.OnResolve: Microsoft.VisualStudio.TestPlatform.Extensions.Html.TestLogger: Searching in: 'C:\Program Files\dotnet\sdk\8.0.101\Extensions'.
TpTrace Information: 0 : 11480, 1, 2024/04/17, 20:05:24.923, 5116602759900, vstest.console.dll, AssemblyResolver.OnResolve: Microsoft.VisualStudio.TestPlatform.Extensions.Html.TestLogger: Loading assembly 'C:\Program Files\dotnet\sdk\8.0.101\Extensions\Microsoft.VisualStudio.TestPlatform.Extensions.Html.TestLogger.dll'.
TpTrace Information: 0 : 11480, 1, 2024/04/17, 20:05:24.923, 5116602762028, vstest.console.dll, AssemblyResolver.OnResolve: Resolved assembly: Microsoft.VisualStudio.TestPlatform.Extensions.Html.TestLogger, from path: C:\Program Files\dotnet\sdk\8.0.101\Extensions\Microsoft.VisualStudio.TestPlatform.Extensions.Html.TestLogger.dll
TpTrace Verbose: 0 : 11480, 1, 2024/04/17, 20:05:24.923, 5116602762484, vstest.console.dll, MetadataReaderExtensionsHelper: Discovering extensions inside assembly 'Microsoft.VisualStudio.TestPlatform.Extensions.Html.TestLogger, Version=15.0.0.0, Culture=neutral, PublicKeyToken=b03f5f7f11d50a3a' file path 'C:\Program Files\dotnet\sdk\8.0.101\Extensions\Microsoft.VisualStudio.TestPlatform.Extensions.Html.TestLogger.dll'
TpTrace Information: 0 : 11480, 1, 2024/04/17, 20:05:24.923, 5116602766575, vstest.console.dll, AssemblyResolver.OnResolve: Microsoft.VisualStudio.TestPlatform.Extensions.Trx.TestLogger: Resolving assembly.
TpTrace Information: 0 : 11480, 1, 2024/04/17, 20:05:24.923, 5116602766963, vstest.console.dll, AssemblyResolver.OnResolve: Microsoft.VisualStudio.TestPlatform.Extensions.Trx.TestLogger: Searching in: 'C:\Program Files\dotnet\sdk\8.0.101\Extensions'.
TpTrace Information: 0 : 11480, 1, 2024/04/17, 20:05:24.923, 5116602768373, vstest.console.dll, AssemblyResolver.OnResolve: Microsoft.VisualStudio.TestPlatform.Extensions.Trx.TestLogger: Loading assembly 'C:\Program Files\dotnet\sdk\8.0.101\Extensions\Microsoft.VisualStudio.TestPlatform.Extensions.Trx.TestLogger.dll'.
TpTrace Information: 0 : 11480, 1, 2024/04/17, 20:05:24.924, 5116602770645, vstest.console.dll, AssemblyResolver.OnResolve: Resolved assembly: Microsoft.VisualStudio.TestPlatform.Extensions.Trx.TestLogger, from path: C:\Program Files\dotnet\sdk\8.0.101\Extensions\Microsoft.VisualStudio.TestPlatform.Extensions.Trx.TestLogger.dll
TpTrace Verbose: 0 : 11480, 1, 2024/04/17, 20:05:24.924, 5116602771060, vstest.console.dll, MetadataReaderExtensionsHelper: Discovering extensions inside assembly 'Microsoft.VisualStudio.TestPlatform.Extensions.Trx.TestLogger, Version=15.0.0.0, Culture=neutral, PublicKeyToken=b03f5f7f11d50a3a' file path 'C:\Program Files\dotnet\sdk\8.0.101\Extensions\Microsoft.VisualStudio.TestPlatform.Extensions.Trx.TestLogger.dll'
TpTrace Verbose: 0 : 11480, 1, 2024/04/17, 20:05:24.924, 5116602776690, vstest.console.dll, TestPluginCache: Discovered the extensions using extension path ''.
TpTrace Verbose: 0 : 11480, 1, 2024/04/17, 20:05:24.924, 5116602777100, vstest.console.dll, TestPluginCache: Discoverers are ''.
TpTrace Verbose: 0 : 11480, 1, 2024/04/17, 20:05:24.924, 5116602777267, vstest.console.dll, TestPluginCache: Executors are ''.
TpTrace Verbose: 0 : 11480, 1, 2024/04/17, 20:05:24.924, 5116602777406, vstest.console.dll, TestPluginCache: Executors2 are ''.
TpTrace Verbose: 0 : 11480, 1, 2024/04/17, 20:05:24.924, 5116602777537, vstest.console.dll, TestPluginCache: Setting providers are ''.
TpTrace Verbose: 0 : 11480, 1, 2024/04/17, 20:05:24.924, 5116602777668, vstest.console.dll, TestPluginCache: Loggers are ''.
TpTrace Verbose: 0 : 11480, 1, 2024/04/17, 20:05:24.924, 5116602778759, vstest.console.dll, TestPluginCache: TestHosts are 'HostProvider://DefaultTestHost,HostProvider://DotnetTestHost'.
TpTrace Verbose: 0 : 11480, 1, 2024/04/17, 20:05:24.925, 5116602779006, vstest.console.dll, TestPluginCache: DataCollectors are ''.
TpTrace Information: 0 : 11480, 1, 2024/04/17, 20:05:24.932, 5116602851072, vstest.console.dll, RunTestsArgumentProcessor:Execute: Test run is starting.
TpTrace Verbose: 0 : 11480, 1, 2024/04/17, 20:05:24.932, 5116602851461, vstest.console.dll, RunTestsArgumentProcessor:Execute: Queuing Test run.
TpTrace Information: 0 : 11480, 1, 2024/04/17, 20:05:24.932, 5116602853029, vstest.console.dll, TestRequestManager.RunTests: run tests started.
TpTrace Information: 0 : 11480, 1, 2024/04/17, 20:05:24.933, 5116602860441, vstest.console.dll, AssemblyMetadataProvider.GetFrameworkName: Determined framework:'.NETCoreApp,Version=v6.0' for source: 'C:\Users\Ivan\Desktop\Exam Prep 2\FoodySoftUni\FoodySoftUni\bin\Debug\net6.0\fine-code-coverage\build-output\FoodySoftUni.dll'
TpTrace Information: 0 : 11480, 1, 2024/04/17, 20:05:24.933, 5116602861551, vstest.console.dll, Determined framework for all sources: .NETCoreApp,Version=v6.0
TpTrace Verbose: 0 : 11480, 1, 2024/04/17, 20:05:24.933, 5116602864272, vstest.console.dll, TestRequestManager.UpdateRunSettingsIfRequired: Default architecture: X64 IsDefaultTargetArchitecture: True, Current process architecture: X64 OperatingSystem: Windows.
TpTrace Information: 0 : 11480, 1, 2024/04/17, 20:05:24.934, 5116602873611, vstest.console.dll, AssemblyMetadataProvider.GetArchitecture: Determined architecture:AnyCPU info for assembly: C:\Users\Ivan\Desktop\Exam Prep 2\FoodySoftUni\FoodySoftUni\bin\Debug\net6.0\fine-code-coverage\build-output\FoodySoftUni.dll
TpTrace Information: 0 : 11480, 1, 2024/04/17, 20:05:24.934, 5116602873985, vstest.console.dll, Determined platform for source 'C:\Users\Ivan\Desktop\Exam Prep 2\FoodySoftUni\FoodySoftUni\bin\Debug\net6.0\fine-code-coverage\build-output\FoodySoftUni.dll' was AnyCPU and it will use the default plaform X64.
TpTrace Information: 0 : 11480, 1, 2024/04/17, 20:05:24.934, 5116602874155, vstest.console.dll, None of the sources provided any runnable platform, using the default platform: X64
TpTrace Information: 0 : 11480, 1, 2024/04/17, 20:05:24.934, 5116602874837, vstest.console.dll, Platform was updated to 'X64'.
TpTrace Information: 0 : 11480, 1, 2024/04/17, 20:05:24.936, 5116602894397, vstest.console.dll, InferRunSettingsHelper.IsTestSettingsEnabled: Unable to navigate to RunSettings/MSTest. Current node: RunSettings
TpTrace Information: 0 : 11480, 1, 2024/04/17, 20:05:24.936, 5116602898004, vstest.console.dll, AssemblyResolver.OnResolve: Microsoft.VisualStudio.TestPlatform.Fakes: Resolving assembly.
TpTrace Information: 0 : 11480, 1, 2024/04/17, 20:05:24.936, 5116602898501, vstest.console.dll, AssemblyResolver.OnResolve: Microsoft.VisualStudio.TestPlatform.Fakes: Searching in: 'C:\Program Files\dotnet\sdk\8.0.101\Extensions'.
TpTrace Information: 0 : 11480, 1, 2024/04/17, 20:05:24.936, 5116602898956, vstest.console.dll, AssemblyResolver.OnResolve: Microsoft.VisualStudio.TestPlatform.Fakes: Assembly path does not exist: 'C:\Program Files\dotnet\sdk\8.0.101\Extensions\Microsoft.VisualStudio.TestPlatform.Fakes.dll', returning.
TpTrace Information: 0 : 11480, 1, 2024/04/17, 20:05:24.937, 5116602899272, vstest.console.dll, AssemblyResolver.OnResolve: Microsoft.VisualStudio.TestPlatform.Fakes: Assembly path does not exist: 'C:\Program Files\dotnet\sdk\8.0.101\Extensions\Microsoft.VisualStudio.TestPlatform.Fakes.exe', returning.
TpTrace Information: 0 : 11480, 1, 2024/04/17, 20:05:24.937, 5116602899445, vstest.console.dll, AssemblyResolver.OnResolve: Microsoft.VisualStudio.TestPlatform.Fakes: Searching in: 'C:\Program Files\dotnet\sdk\8.0.101'.
TpTrace Information: 0 : 11480, 1, 2024/04/17, 20:05:24.937, 5116602899800, vstest.console.dll, AssemblyResolver.OnResolve: Microsoft.VisualStudio.TestPlatform.Fakes: Assembly path does not exist: 'C:\Program Files\dotnet\sdk\8.0.101\Microsoft.VisualStudio.TestPlatform.Fakes.dll', returning.
TpTrace Information: 0 : 11480, 1, 2024/04/17, 20:05:24.937, 5116602900094, vstest.console.dll, AssemblyResolver.OnResolve: Microsoft.VisualStudio.TestPlatform.Fakes: Assembly path does not exist: 'C:\Program Files\dotnet\sdk\8.0.101\Microsoft.VisualStudio.TestPlatform.Fakes.exe', returning.
TpTrace Information: 0 : 11480, 1, 2024/04/17, 20:05:24.937, 5116602900256, vstest.console.dll, AssemblyResolver.OnResolve: Microsoft.VisualStudio.TestPlatform.Fakes: Failed to load assembly.
TpTrace Information: 0 : 11480, 1, 2024/04/17, 20:05:24.937, 5116602901960, vstest.console.dll, Failed to load assembly Microsoft.VisualStudio.TestPlatform.Fakes, Version=17.0.0.0, Culture=neutral. Reason:System.IO.FileNotFoundException: Could not load file or assembly 'Microsoft.VisualStudio.TestPlatform.Fakes, Version=17.0.0.0, Culture=neutral, PublicKeyToken=null'. The system cannot find the file specified.
File name: 'Microsoft.VisualStudio.TestPlatform.Fakes, Version=17.0.0.0, Culture=neutral, PublicKeyToken=null'
   at System.Reflection.RuntimeAssembly.InternalLoad(AssemblyName assemblyName, StackCrawlMark& stackMark, AssemblyLoadContext assemblyLoadContext, RuntimeAssembly requestingAssembly, Boolean throwOnFileNotFound)
   at System.Reflection.Assembly.Load(AssemblyName assemblyRef)
   at Microsoft.VisualStudio.TestPlatform.Common.Utilities.FakesUtilities.LoadTestPlatformAssembly() in /_/src/Microsoft.TestPlatform.Common/Utilities/FakesUtilities.cs:line 272
TpTrace Verbose: 0 : 11480, 1, 2024/04/17, 20:05:24.939, 5116602923446, vstest.console.dll, TestPluginCache.DiscoverTestExtensions: finding test extensions in assemblies ends with: TestLogger.dll TPluginInfo: Microsoft.VisualStudio.TestPlatform.Common.ExtensionFramework.Utilities.TestLoggerPluginInformation TExtension: Microsoft.VisualStudio.TestPlatform.ObjectModel.Client.ITestLogger
TpTrace Verbose: 0 : 11480, 1, 2024/04/17, 20:05:24.939, 5116602924103, vstest.console.dll, TestPluginCache.GetExtensionPaths: Filtered extension paths: 
TpTrace Verbose: 0 : 11480, 1, 2024/04/17, 20:05:24.939, 5116602924380, vstest.console.dll, TestPluginCache.GetExtensionPaths: Added default extension paths: C:\Program Files\dotnet\sdk\8.0.101\Extensions\Microsoft.Diagnostics.NETCore.Client.dll
C:\Program Files\dotnet\sdk\8.0.101\Extensions\Microsoft.TestPlatform.Extensions.BlameDataCollector.dll
C:\Program Files\dotnet\sdk\8.0.101\Extensions\Microsoft.TestPlatform.Extensions.EventLogCollector.dll
C:\Program Files\dotnet\sdk\8.0.101\Extensions\Microsoft.TestPlatform.TestHostRuntimeProvider.dll
C:\Program Files\dotnet\sdk\8.0.101\Extensions\Microsoft.VisualStudio.TestPlatform.Extensions.Html.TestLogger.dll
C:\Program Files\dotnet\sdk\8.0.101\Extensions\Microsoft.VisualStudio.TestPlatform.Extensions.Trx.TestLogger.dll
TpTrace Verbose: 0 : 11480, 1, 2024/04/17, 20:05:24.939, 5116602924548, vstest.console.dll, TestPluginCache.GetExtensionPaths: Added unfilterableExtensionPaths: 
TpTrace Information: 0 : 11480, 1, 2024/04/17, 20:05:24.939, 5116602925300, vstest.console.dll, AssemblyResolver.AddSearchDirectories: Adding more searchDirectories C:\Program Files\dotnet\sdk\8.0.101\Extensions,C:\Program Files\dotnet\sdk\8.0.101
TpTrace Verbose: 0 : 11480, 1, 2024/04/17, 20:05:24.939, 5116602925573, vstest.console.dll, TestPluginCache.DiscoverTestExtensions: Discovering the extensions using extension path.
TpTrace Verbose: 0 : 11480, 1, 2024/04/17, 20:05:24.939, 5116602925754, vstest.console.dll, TestPluginCache.GetExtensionPaths: Filtered extension paths: 
TpTrace Verbose: 0 : 11480, 1, 2024/04/17, 20:05:24.939, 5116602925932, vstest.console.dll, TestPluginCache.GetExtensionPaths: Added default extension paths: C:\Program Files\dotnet\sdk\8.0.101\Extensions\Microsoft.Diagnostics.NETCore.Client.dll
C:\Program Files\dotnet\sdk\8.0.101\Extensions\Microsoft.TestPlatform.Extensions.BlameDataCollector.dll
C:\Program Files\dotnet\sdk\8.0.101\Extensions\Microsoft.TestPlatform.Extensions.EventLogCollector.dll
C:\Program Files\dotnet\sdk\8.0.101\Extensions\Microsoft.TestPlatform.TestHostRuntimeProvider.dll
C:\Program Files\dotnet\sdk\8.0.101\Extensions\Microsoft.VisualStudio.TestPlatform.Extensions.Html.TestLogger.dll
C:\Program Files\dotnet\sdk\8.0.101\Extensions\Microsoft.VisualStudio.TestPlatform.Extensions.Trx.TestLogger.dll
TpTrace Verbose: 0 : 11480, 1, 2024/04/17, 20:05:24.939, 5116602926087, vstest.console.dll, TestPluginCache.GetExtensionPaths: Added unfilterableExtensionPaths: 
TpTrace Verbose: 0 : 11480, 1, 2024/04/17, 20:05:24.939, 5116602926255, vstest.console.dll, TestPluginCache.DiscoverTestExtensions: Discovering the extensions using allExtensionPaths: C:\Program Files\dotnet\sdk\8.0.101\Extensions\Microsoft.Diagnostics.NETCore.Client.dll
C:\Program Files\dotnet\sdk\8.0.101\Extensions\Microsoft.TestPlatform.Extensions.BlameDataCollector.dll
C:\Program Files\dotnet\sdk\8.0.101\Extensions\Microsoft.TestPlatform.Extensions.EventLogCollector.dll
C:\Program Files\dotnet\sdk\8.0.101\Extensions\Microsoft.TestPlatform.TestHostRuntimeProvider.dll
C:\Program Files\dotnet\sdk\8.0.101\Extensions\Microsoft.VisualStudio.TestPlatform.Extensions.Html.TestLogger.dll
C:\Program Files\dotnet\sdk\8.0.101\Extensions\Microsoft.VisualStudio.TestPlatform.Extensions.Trx.TestLogger.dll
TpTrace Information: 0 : 11480, 1, 2024/04/17, 20:05:24.939, 5116602926921, vstest.console.dll, AssemblyResolver.AddSearchDirectories: Adding more searchDirectories C:\Program Files\dotnet\sdk\8.0.101\Extensions,C:\Program Files\dotnet\sdk\8.0.101
TpTrace Information: 0 : 11480, 1, 2024/04/17, 20:05:24.939, 5116602927197, vstest.console.dll, AssemblyResolver.AddSearchDirectories: Adding more searchDirectories C:\Program Files\dotnet\sdk\8.0.101\Extensions,C:\Program Files\dotnet\sdk\8.0.101
TpTrace Information: 0 : 11480, 1, 2024/04/17, 20:05:24.939, 5116602927368, vstest.console.dll, AssemblyResolver.AddSearchDirectories: Adding more searchDirectories C:\Program Files\dotnet\sdk\8.0.101\Extensions,C:\Program Files\dotnet\sdk\8.0.101
TpTrace Information: 0 : 11480, 1, 2024/04/17, 20:05:24.939, 5116602927517, vstest.console.dll, AssemblyResolver.AddSearchDirectories: Adding more searchDirectories C:\Program Files\dotnet\sdk\8.0.101\Extensions,C:\Program Files\dotnet\sdk\8.0.101
TpTrace Information: 0 : 11480, 1, 2024/04/17, 20:05:24.939, 5116602927663, vstest.console.dll, AssemblyResolver.AddSearchDirectories: Adding more searchDirectories C:\Program Files\dotnet\sdk\8.0.101\Extensions,C:\Program Files\dotnet\sdk\8.0.101
TpTrace Information: 0 : 11480, 1, 2024/04/17, 20:05:24.939, 5116602927849, vstest.console.dll, AssemblyResolver.AddSearchDirectories: Adding more searchDirectories C:\Program Files\dotnet\sdk\8.0.101\Extensions,C:\Program Files\dotnet\sdk\8.0.101
TpTrace Verbose: 0 : 11480, 1, 2024/04/17, 20:05:24.939, 5116602928431, vstest.console.dll, MetadataReaderExtensionsHelper: Discovering extensions inside assembly 'Microsoft.Diagnostics.NETCore.Client, Version=0.2.8.21101, Culture=neutral, PublicKeyToken=31bf3856ad364e35' file path 'C:\Program Files\dotnet\sdk\8.0.101\Extensions\Microsoft.Diagnostics.NETCore.Client.dll'
TpTrace Information: 0 : 11480, 1, 2024/04/17, 20:05:24.940, 5116602933044, vstest.console.dll, AssemblyResolver.OnResolve: Microsoft.Bcl.AsyncInterfaces: Resolving assembly.
TpTrace Information: 0 : 11480, 1, 2024/04/17, 20:05:24.940, 5116602933378, vstest.console.dll, AssemblyResolver.OnResolve: Microsoft.Bcl.AsyncInterfaces: Resolved from cache.
TpTrace Verbose: 0 : 11480, 1, 2024/04/17, 20:05:24.940, 5116602933539, vstest.console.dll, CurrentDomainAssemblyResolve: Resolving assembly 'Microsoft.Bcl.AsyncInterfaces'.
TpTrace Information: 0 : 11480, 1, 2024/04/17, 20:05:24.940, 5116602933951, vstest.console.dll, AssemblyResolver.OnResolve: Microsoft.Bcl.AsyncInterfaces: Resolving assembly.
TpTrace Information: 0 : 11480, 1, 2024/04/17, 20:05:24.940, 5116602934216, vstest.console.dll, AssemblyResolver.OnResolve: Microsoft.Bcl.AsyncInterfaces: Resolved from cache.
TpTrace Verbose: 0 : 11480, 1, 2024/04/17, 20:05:24.940, 5116602934401, vstest.console.dll, CurrentDomainAssemblyResolve: Resolving assembly 'Microsoft.Bcl.AsyncInterfaces'.
TpTrace Verbose: 0 : 11480, 1, 2024/04/17, 20:05:24.940, 5116602934533, vstest.console.dll, CurrentDomainAssemblyResolve: Failed to resolve assembly 'Microsoft.Bcl.AsyncInterfaces'.
TpTrace Verbose: 0 : 11480, 1, 2024/04/17, 20:05:24.940, 5116602935388, vstest.console.dll, CurrentDomainAssemblyResolve: Failed to resolve assembly 'Microsoft.Bcl.AsyncInterfaces'.
TpTrace Warning: 0 : 11480, 1, 2024/04/17, 20:05:24.940, 5116602937523, vstest.console.dll, TestPluginDiscoverer: Failed to get types from assembly 'Microsoft.Diagnostics.NETCore.Client, Version=0.2.8.21101, Culture=neutral, PublicKeyToken=31bf3856ad364e35'. Error: System.Reflection.ReflectionTypeLoadException: Unable to load one or more of the requested types.
Could not load file or assembly 'Microsoft.Bcl.AsyncInterfaces, Version=1.0.0.0, Culture=neutral, PublicKeyToken=cc7b13ffcd2ddd51'. The system cannot find the file specified.
   at System.Reflection.RuntimeModule.GetTypes(RuntimeModule module)
   at System.Reflection.RuntimeModule.GetTypes()
   at Microsoft.VisualStudio.TestPlatform.Common.ExtensionFramework.TestPluginDiscoverer.GetTestExtensionsFromAssembly[TPluginInfo,TExtension](Assembly assembly, Dictionary`2 pluginInfos, String filePath) in /_/src/Microsoft.TestPlatform.Common/ExtensionFramework/TestPluginDiscoverer.cs:line 158
System.IO.FileNotFoundException: Could not load file or assembly 'Microsoft.Bcl.AsyncInterfaces, Version=1.0.0.0, Culture=neutral, PublicKeyToken=cc7b13ffcd2ddd51'. The system cannot find the file specified.
File name: 'Microsoft.Bcl.AsyncInterfaces, Version=1.0.0.0, Culture=neutral, PublicKeyToken=cc7b13ffcd2ddd51'
 ---> System.IO.FileNotFoundException: Could not load file or assembly 'Microsoft.Bcl.AsyncInterfaces, Culture=neutral, PublicKeyToken=null'. The system cannot find the file specified.
File name: 'Microsoft.Bcl.AsyncInterfaces, Culture=neutral, PublicKeyToken=null'
   at System.Reflection.RuntimeAssembly.InternalLoad(AssemblyName assemblyName, StackCrawlMark& stackMark, AssemblyLoadContext assemblyLoadContext, RuntimeAssembly requestingAssembly, Boolean throwOnFileNotFound)
   at System.Reflection.Assembly.Load(AssemblyName assemblyRef)
   at Microsoft.VisualStudio.TestPlatform.Common.ExtensionFramework.TestPluginCache.CurrentDomainAssemblyResolve(Object sender, AssemblyResolveEventArgs args) in /_/src/Microsoft.TestPlatform.Common/ExtensionFramework/TestPluginCache.cs:line 513
   at System.Runtime.Loader.AssemblyLoadContext.GetFirstResolvedAssemblyFromResolvingEvent(AssemblyName assemblyName)
   at System.Runtime.Loader.AssemblyLoadContext.ResolveUsingEvent(AssemblyName assemblyName)
   at System.Runtime.Loader.AssemblyLoadContext.ResolveUsingResolvingEvent(IntPtr gchManagedAssemblyLoadContext, AssemblyName assemblyName)
TpTrace Warning: 0 : 11480, 1, 2024/04/17, 20:05:24.940, 5116602938548, vstest.console.dll, LoaderExceptions: System.IO.FileNotFoundException: Could not load file or assembly 'Microsoft.Bcl.AsyncInterfaces, Version=1.0.0.0, Culture=neutral, PublicKeyToken=cc7b13ffcd2ddd51'. The system cannot find the file specified.
File name: 'Microsoft.Bcl.AsyncInterfaces, Version=1.0.0.0, Culture=neutral, PublicKeyToken=cc7b13ffcd2ddd51'
 ---> System.IO.FileNotFoundException: Could not load file or assembly 'Microsoft.Bcl.AsyncInterfaces, Culture=neutral, PublicKeyToken=null'. The system cannot find the file specified.
File name: 'Microsoft.Bcl.AsyncInterfaces, Culture=neutral, PublicKeyToken=null'
   at System.Reflection.RuntimeAssembly.InternalLoad(AssemblyName assemblyName, StackCrawlMark& stackMark, AssemblyLoadContext assemblyLoadContext, RuntimeAssembly requestingAssembly, Boolean throwOnFileNotFound)
   at System.Reflection.Assembly.Load(AssemblyName assemblyRef)
   at Microsoft.VisualStudio.TestPlatform.Common.ExtensionFramework.TestPluginCache.CurrentDomainAssemblyResolve(Object sender, AssemblyResolveEventArgs args) in /_/src/Microsoft.TestPlatform.Common/ExtensionFramework/TestPluginCache.cs:line 513
   at System.Runtime.Loader.AssemblyLoadContext.GetFirstResolvedAssemblyFromResolvingEvent(AssemblyName assemblyName)
   at System.Runtime.Loader.AssemblyLoadContext.ResolveUsingEvent(AssemblyName assemblyName)
   at System.Runtime.Loader.AssemblyLoadContext.ResolveUsingResolvingEvent(IntPtr gchManagedAssemblyLoadContext, AssemblyName assemblyName)
TpTrace Verbose: 0 : 11480, 1, 2024/04/17, 20:05:24.941, 5116602939648, vstest.console.dll, MetadataReaderExtensionsHelper: Discovering extensions inside assembly 'Microsoft.TestPlatform.Extensions.BlameDataCollector, Version=15.0.0.0, Culture=neutral, PublicKeyToken=b03f5f7f11d50a3a' file path 'C:\Program Files\dotnet\sdk\8.0.101\Extensions\Microsoft.TestPlatform.Extensions.BlameDataCollector.dll'
TpTrace Information: 0 : 11480, 1, 2024/04/17, 20:05:24.941, 5116602942365, vstest.console.dll, GetTestExtensionFromType: Register extension with identifier data 'logger://Microsoft/TestPlatform/Extensions/Blame/v1' and type 'Microsoft.TestPlatform.Extensions.BlameDataCollector.BlameLogger, Microsoft.TestPlatform.Extensions.BlameDataCollector, Version=15.0.0.0, Culture=neutral, PublicKeyToken=b03f5f7f11d50a3a' inside file 'C:\Program Files\dotnet\sdk\8.0.101\Extensions\Microsoft.TestPlatform.Extensions.BlameDataCollector.dll'
TpTrace Verbose: 0 : 11480, 1, 2024/04/17, 20:05:24.941, 5116602942776, vstest.console.dll, MetadataReaderExtensionsHelper: Discovering extensions inside assembly 'Microsoft.TestPlatform.Extensions.EventLogCollector, Version=15.0.0.0, Culture=neutral, PublicKeyToken=b03f5f7f11d50a3a' file path 'C:\Program Files\dotnet\sdk\8.0.101\Extensions\Microsoft.TestPlatform.Extensions.EventLogCollector.dll'
TpTrace Verbose: 0 : 11480, 1, 2024/04/17, 20:05:24.941, 5116602944354, vstest.console.dll, MetadataReaderExtensionsHelper: Discovering extensions inside assembly 'Microsoft.TestPlatform.TestHostRuntimeProvider, Version=15.0.0.0, Culture=neutral, PublicKeyToken=b03f5f7f11d50a3a' file path 'C:\Program Files\dotnet\sdk\8.0.101\Extensions\Microsoft.TestPlatform.TestHostRuntimeProvider.dll'
TpTrace Verbose: 0 : 11480, 1, 2024/04/17, 20:05:24.941, 5116602946200, vstest.console.dll, MetadataReaderExtensionsHelper: Discovering extensions inside assembly 'Microsoft.VisualStudio.TestPlatform.Extensions.Html.TestLogger, Version=15.0.0.0, Culture=neutral, PublicKeyToken=b03f5f7f11d50a3a' file path 'C:\Program Files\dotnet\sdk\8.0.101\Extensions\Microsoft.VisualStudio.TestPlatform.Extensions.Html.TestLogger.dll'
TpTrace Information: 0 : 11480, 1, 2024/04/17, 20:05:24.942, 5116602949007, vstest.console.dll, GetTestExtensionFromType: Register extension with identifier data 'logger://Microsoft/TestPlatform/HtmlLogger/v1' and type 'Microsoft.VisualStudio.TestPlatform.Extensions.HtmlLogger.HtmlLogger, Microsoft.VisualStudio.TestPlatform.Extensions.Html.TestLogger, Version=15.0.0.0, Culture=neutral, PublicKeyToken=b03f5f7f11d50a3a' inside file 'C:\Program Files\dotnet\sdk\8.0.101\Extensions\Microsoft.VisualStudio.TestPlatform.Extensions.Html.TestLogger.dll'
TpTrace Verbose: 0 : 11480, 1, 2024/04/17, 20:05:24.942, 5116602949416, vstest.console.dll, MetadataReaderExtensionsHelper: Discovering extensions inside assembly 'Microsoft.VisualStudio.TestPlatform.Extensions.Trx.TestLogger, Version=15.0.0.0, Culture=neutral, PublicKeyToken=b03f5f7f11d50a3a' file path 'C:\Program Files\dotnet\sdk\8.0.101\Extensions\Microsoft.VisualStudio.TestPlatform.Extensions.Trx.TestLogger.dll'
TpTrace Information: 0 : 11480, 1, 2024/04/17, 20:05:24.942, 5116602951348, vstest.console.dll, GetTestExtensionFromType: Register extension with identifier data 'logger://Microsoft/TestPlatform/TrxLogger/v1' and type 'Microsoft.VisualStudio.TestPlatform.Extensions.TrxLogger.TrxLogger, Microsoft.VisualStudio.TestPlatform.Extensions.Trx.TestLogger, Version=15.0.0.0, Culture=neutral, PublicKeyToken=b03f5f7f11d50a3a' inside file 'C:\Program Files\dotnet\sdk\8.0.101\Extensions\Microsoft.VisualStudio.TestPlatform.Extensions.Trx.TestLogger.dll'
TpTrace Verbose: 0 : 11480, 1, 2024/04/17, 20:05:24.942, 5116602952057, vstest.console.dll, TestPluginCache: Discovered the extensions using extension path ''.
TpTrace Verbose: 0 : 11480, 1, 2024/04/17, 20:05:24.942, 5116602952293, vstest.console.dll, TestPluginCache: Discoverers are ''.
TpTrace Verbose: 0 : 11480, 1, 2024/04/17, 20:05:24.942, 5116602952429, vstest.console.dll, TestPluginCache: Executors are ''.
TpTrace Verbose: 0 : 11480, 1, 2024/04/17, 20:05:24.942, 5116602952551, vstest.console.dll, TestPluginCache: Executors2 are ''.
TpTrace Verbose: 0 : 11480, 1, 2024/04/17, 20:05:24.942, 5116602952674, vstest.console.dll, TestPluginCache: Setting providers are ''.
TpTrace Verbose: 0 : 11480, 1, 2024/04/17, 20:05:24.942, 5116602953052, vstest.console.dll, TestPluginCache: Loggers are 'logger://Microsoft/TestPlatform/Extensions/Blame/v1,logger://Microsoft/TestPlatform/HtmlLogger/v1,logger://Microsoft/TestPlatform/TrxLogger/v1'.
TpTrace Verbose: 0 : 11480, 1, 2024/04/17, 20:05:24.942, 5116602953302, vstest.console.dll, TestPluginCache: TestHosts are 'HostProvider://DefaultTestHost,HostProvider://DotnetTestHost'.
TpTrace Verbose: 0 : 11480, 1, 2024/04/17, 20:05:24.942, 5116602953479, vstest.console.dll, TestPluginCache: DataCollectors are ''.
TpTrace Information: 0 : 11480, 1, 2024/04/17, 20:05:24.942, 5116602958306, vstest.console.dll, TestPluginManager.CreateTestExtension: Attempting to load test extension: Microsoft.TestPlatform.Extensions.BlameDataCollector.BlameLogger
TpTrace Verbose: 0 : 11480, 1, 2024/04/17, 20:05:24.947, 5116603004120, vstest.console.dll, TestEngine: Initializing Parallel Execution as MaxCpuCount is set to: 1
TpTrace Information: 0 : 11480, 1, 2024/04/17, 20:05:24.948, 5116603013882, vstest.console.dll, TestPluginManager.CreateTestExtension: Attempting to load test extension: Microsoft.VisualStudio.TestPlatform.CrossPlatEngine.Hosting.DefaultTestHostManager
TpTrace Information: 0 : 11480, 1, 2024/04/17, 20:05:24.948, 5116603017806, vstest.console.dll, TestPluginManager.CreateTestExtension: Attempting to load test extension: Microsoft.VisualStudio.TestPlatform.CrossPlatEngine.Hosting.DotnetTestHostManager
TpTrace Information: 0 : 11480, 1, 2024/04/17, 20:05:24.949, 5116603021263, vstest.console.dll, InferRunSettingsHelper.IsTestSettingsEnabled: Unable to navigate to RunSettings/MSTest. Current node: RunSettings
TpTrace Verbose: 0 : 11480, 1, 2024/04/17, 20:05:24.949, 5116603024817, vstest.console.dll, ParallelOperationManager.ClearSlots: Clearing all slots. Slots should accept more work: True
TpTrace Verbose: 0 : 11480, 1, 2024/04/17, 20:05:24.949, 5116603028638, vstest.console.dll, ParallelOperationManager.SetOccupiedSlotCount: Setting slot counts AvailableSlotCount = 1, OccupiedSlotCount = 0.
TpTrace Verbose: 0 : 11480, 1, 2024/04/17, 20:05:24.950, 5116603030757, vstest.console.dll, Occupied slots:

TpTrace Verbose: 0 : 11480, 1, 2024/04/17, 20:05:24.952, 5116603050865, vstest.console.dll, TestEngine.GetExecutionManager: Chosen execution manager 'Microsoft.VisualStudio.TestPlatform.CrossPlatEngine.Client.Parallel.ParallelProxyExecutionManager, Microsoft.TestPlatform.CrossPlatEngine, Version=15.0.0.0, Culture=neutral, PublicKeyToken=b03f5f7f11d50a3a' ParallelLevel '1'.
TpTrace Verbose: 0 : 11480, 1, 2024/04/17, 20:05:24.952, 5116603051672, vstest.console.dll, TestRunRequest.ExecuteAsync: Creating test run request.
TpTrace Verbose: 0 : 11480, 1, 2024/04/17, 20:05:24.952, 5116603053035, vstest.console.dll, TestRunRequest.ExecuteAsync: Starting.
TpTrace Information: 0 : 11480, 1, 2024/04/17, 20:05:24.953, 5116603060007, vstest.console.dll, TestRunRequest.ExecuteAsync: Starting run with settings:TestRunCriteria:
   KeepAlive=False,FrequencyOfRunStatsChangeEvent=10,RunStatsChangeEventTimeout=00:00:01.5000000,TestCaseFilter=,TestExecutorLauncher=
   Settingsxml=<RunSettings>
  <RunConfiguration>
    <ResultsDirectory>C:\Users\Ivan\Desktop\Exam Prep 2\FoodySoftUni\FoodySoftUni\bin\Debug\net6.0\fine-code-coverage\coverage-tool-output</ResultsDirectory>
    <TargetPlatform>X64</TargetPlatform>
    <TargetFrameworkVersion>.NETCoreApp,Version=v6.0</TargetFrameworkVersion>
    <DesignMode>False</DesignMode>
    <CollectSourceInformation>False</CollectSourceInformation>
  </RunConfiguration>
  <LoggerRunSettings>
    <Loggers>
      <Logger friendlyName="blame" enabled="True" />
      <Logger friendlyName="Console" uri="logger://microsoft/TestPlatform/ConsoleLogger/v1" assemblyQualifiedName="Microsoft.VisualStudio.TestPlatform.CommandLine.Internal.ConsoleLogger, vstest.console, Version=15.0.0.0, Culture=neutral, PublicKeyToken=b03f5f7f11d50a3a" codeBase="C:\Program Files\dotnet\sdk\8.0.101\vstest.console.dll" enabled="True" />
    </Loggers>
  </LoggerRunSettings>
  <DataCollectionRunSettings>
    <DataCollectors>
      <DataCollector friendlyName="blame" enabled="True">
        <Configuration>
          <ResultsDirectory>C:\Users\Ivan\Desktop\Exam Prep 2\FoodySoftUni\FoodySoftUni\bin\Debug\net6.0\fine-code-coverage\coverage-tool-output</ResultsDirectory>
        </Configuration>
      </DataCollector>
    </DataCollectors>
  </DataCollectionRunSettings>
</RunSettings>

TpTrace Verbose: 0 : 11480, 1, 2024/04/17, 20:05:24.953, 5116603060388, vstest.console.dll, TestRunRequest.ExecuteAsync: Wait for the first run request is over.
TpTrace Verbose: 0 : 11480, 1, 2024/04/17, 20:05:24.953, 5116603062158, vstest.console.dll, MulticastDelegateUtilities.SafeInvoke: TestRun.TestRunStart: Invoking callbacks was skipped because there are no subscribers.
TpTrace Verbose: 0 : 11480, 4, 2024/04/17, 20:05:24.953, 5116603063376, vstest.console.dll, MulticastDelegateUtilities.SafeInvoke: InternalTestLoggerEvents.SendTestRunStart: Invoking callback 1/1 for Microsoft.VisualStudio.TestPlatform.CommandLine.Internal.ConsoleLogger., took 0 ms.
TpTrace Verbose: 0 : 11480, 1, 2024/04/17, 20:05:24.953, 5116603068211, vstest.console.dll, ParallelProxyExecutionManager: Start execution. Total sources: 1
TpTrace Verbose: 0 : 11480, 1, 2024/04/17, 20:05:24.954, 5116603070597, vstest.console.dll, ParallelOperationManager.StartWork: Starting adding 1 workloads.
TpTrace Verbose: 0 : 11480, 1, 2024/04/17, 20:05:24.954, 5116603071035, vstest.console.dll, ParallelOperationManager.ClearSlots: Clearing all slots. Slots should accept more work: True
TpTrace Verbose: 0 : 11480, 1, 2024/04/17, 20:05:24.954, 5116603071451, vstest.console.dll, ParallelOperationManager.SetOccupiedSlotCount: Setting slot counts AvailableSlotCount = 1, OccupiedSlotCount = 0.
TpTrace Verbose: 0 : 11480, 1, 2024/04/17, 20:05:24.954, 5116603071655, vstest.console.dll, Occupied slots:

TpTrace Verbose: 0 : 11480, 1, 2024/04/17, 20:05:24.955, 5116603081217, vstest.console.dll, TestRequestSender is acting as server.
TpTrace Verbose: 0 : 11480, 1, 2024/04/17, 20:05:24.955, 5116603088232, vstest.console.dll, ParallelOperationManager.RunWorkInParallel: Adding 1 workload to slot, remaining workloads 0.
TpTrace Verbose: 0 : 11480, 1, 2024/04/17, 20:05:24.955, 5116603088591, vstest.console.dll, ParallelOperationManager.SetOccupiedSlotCount: Setting slot counts AvailableSlotCount = 0, OccupiedSlotCount = 1.
TpTrace Verbose: 0 : 11480, 1, 2024/04/17, 20:05:24.956, 5116603089220, vstest.console.dll, Occupied slots:
0: C:\Users\Ivan\Desktop\Exam Prep 2\FoodySoftUni\FoodySoftUni\bin\Debug\net6.0\fine-code-coverage\build-output\FoodySoftUni.dll
TpTrace Verbose: 0 : 11480, 1, 2024/04/17, 20:05:24.956, 5116603095252, vstest.console.dll, ParallelOperationManager.RunWorkInParallel: Started host in slot number 0 for work (source): C:\Users\Ivan\Desktop\Exam Prep 2\FoodySoftUni\FoodySoftUni\bin\Debug\net6.0\fine-code-coverage\build-output\FoodySoftUni.dll.
TpTrace Verbose: 0 : 11480, 1, 2024/04/17, 20:05:24.957, 5116603100826, vstest.console.dll, ParallelOperationManager.RunWorkInParallel: We started 1 work items, which is the max parallel level. Won't start more work.
TpTrace Verbose: 0 : 11480, 1, 2024/04/17, 20:05:24.957, 5116603101271, vstest.console.dll, ParallelOperationManager.RunWorkInParallel: We started 1 work items in here, returning True.
TpTrace Information: 0 : 11480, 1, 2024/04/17, 20:05:24.957, 5116603101691, vstest.console.dll, TestRunRequest.ExecuteAsync: Started.
TpTrace Verbose: 0 : 11480, 5, 2024/04/17, 20:05:24.957, 5116603101806, vstest.console.dll, ParallelProxyExecutionManager.StartTestRunOnConcurrentManager: Initializing uninitialized client. Started clients: 0
TpTrace Verbose: 0 : 11480, 5, 2024/04/17, 20:05:24.957, 5116603102771, vstest.console.dll, DataCollectionRequestSender.InitializeCommunication : Initialize communication. 
TpTrace Verbose: 0 : 11480, 1, 2024/04/17, 20:05:24.957, 5116603105575, vstest.console.dll, TestRunRequest.WaitForCompletion: Waiting with timeout -1.
TpTrace Information: 0 : 11480, 5, 2024/04/17, 20:05:24.961, 5116603147514, vstest.console.dll, Listening on Endpoint : 127.0.0.1:14170
TpTrace Verbose: 0 : 11480, 5, 2024/04/17, 20:05:24.965, 5116603182522, vstest.console.dll, DotnetDataCollectionLauncher: Adding  --runtimeconfig "C:\Program Files\dotnet\sdk\8.0.101\datacollector.runtimeconfig.json" in args
TpTrace Verbose: 0 : 11480, 5, 2024/04/17, 20:05:24.965, 5116603183210, vstest.console.dll, DotnetDataCollectionLauncher: Adding  --depsfile "C:\Program Files\dotnet\sdk\8.0.101\datacollector.deps.json" in args
TpTrace Verbose: 0 : 11480, 5, 2024/04/17, 20:05:24.965, 5116603184384, vstest.console.dll, DotnetDataCollectionLauncher: Full path of dotnet.exe is C:\Program Files\dotnet\dotnet.exe
TpTrace Information: 0 : 11480, 5, 2024/04/17, 20:05:24.970, 5116603235501, vstest.console.dll, ProxyDataCollectionManager.Initialize: Launched datacollector processId: 10396 port: 14170
TpTrace Information: 0 : 11480, 5, 2024/04/17, 20:05:24.970, 5116603236349, vstest.console.dll, ProxyDataCollectionManager.Initialize: waiting for connection with timeout: 90 seconds
TpTrace Verbose: 0 : 11480, 5, 2024/04/17, 20:05:24.970, 5116603236762, vstest.console.dll, DataCollectionRequestSender.WaitForRequestHandlerConnection : Waiting for connection with timeout: 90000
TpTrace Information: 0 : 11480, 7, 2024/04/17, 20:05:25.059, 5116604121027, vstest.console.dll, Using the buffer size of 16384 bytes
TpTrace Verbose: 0 : 11480, 5, 2024/04/17, 20:05:25.059, 5116604121109, vstest.console.dll, SocketCommunicationManager.WaitForClientConnection took: 88 ms, with 90000 ms timeout, and finished with True.
TpTrace Information: 0 : 11480, 7, 2024/04/17, 20:05:25.059, 5116604121781, vstest.console.dll, Accepted Client request and set the flag
TpTrace Verbose: 0 : 11480, 5, 2024/04/17, 20:05:25.059, 5116604122582, vstest.console.dll, ProxyDataCollectionManager.InvokeDataCollectionServiceAction: Starting.
TpTrace Information: 0 : 11480, 5, 2024/04/17, 20:05:25.059, 5116604123089, vstest.console.dll, ProxyDataCollectionManager.BeforeTestRunStart: Get environment variable and port for datacollector processId: 10396 port: 14170
TpTrace Verbose: 0 : 11480, 5, 2024/04/17, 20:05:25.059, 5116604123845, vstest.console.dll, DataCollectionRequestSender.SendBeforeTestRunStartAndGetResult: Send BeforeTestRunStart message with settingsXml <RunSettings><RunConfiguration><ResultsDirectory>C:\Users\Ivan\Desktop\Exam Prep 2\FoodySoftUni\FoodySoftUni\bin\Debug\net6.0\fine-code-coverage\coverage-tool-output</ResultsDirectory><TargetPlatform>X64</TargetPlatform><TargetFrameworkVersion>.NETCoreApp,Version=v6.0</TargetFrameworkVersion><DesignMode>False</DesignMode><CollectSourceInformation>False</CollectSourceInformation><TestAdaptersPaths>C:\Program Files\dotnet\sdk\8.0.101\Extensions</TestAdaptersPaths></RunConfiguration><LoggerRunSettings><Loggers><Logger friendlyName="blame" enabled="True" /><Logger friendlyName="Console" uri="logger://microsoft/TestPlatform/ConsoleLogger/v1" assemblyQualifiedName="Microsoft.VisualStudio.TestPlatform.CommandLine.Internal.ConsoleLogger, vstest.console, Version=15.0.0.0, Culture=neutral, PublicKeyToken=b03f5f7f11d50a3a" codeBase="C:\Program Files\dotnet\sdk\8.0.101\vstest.console.dll" enabled="True" /></Loggers></LoggerRunSettings><DataCollectionRunSettings><DataCollectors><DataCollector friendlyName="blame" enabled="True"><Configuration><ResultsDirectory>C:\Users\Ivan\Desktop\Exam Prep 2\FoodySoftUni\FoodySoftUni\bin\Debug\net6.0\fine-code-coverage\coverage-tool-output</ResultsDirectory></Configuration></DataCollector></DataCollectors></DataCollectionRunSettings></RunSettings> and sources System.Collections.Generic.List`1[System.String]: 
TpTrace Verbose: 0 : 11480, 5, 2024/04/17, 20:05:25.089, 5116604424778, vstest.console.dll, DataCollectionRequestSender.SendBeforeTestRunStartAndGetResult: Received message: (DataCollection.SendMessage) -> {"MessageType":"DataCollection.SendMessage","Payload":{"FriendlyName":null,"Uri":null,"TestCaseId":"00000000-0000-0000-0000-000000000000","Message":"Logging DataCollector Diagnostics in file: C:\\Users\\Ivan\\Desktop\\Exam Prep 2\\FoodySoftUni\\FoodySoftUni\\bin\\Debug\\net6.0\\fine-code-coverage\\coverage-tool-output\\diagnostics.datacollector.24-04-17_20-05-24_96521_5.log","Level":0}}
TpTrace Verbose: 0 : 11480, 5, 2024/04/17, 20:05:25.136, 5116604894597, vstest.console.dll, DataCollectionRequestSender.SendBeforeTestRunStartAndGetResult: Received message: (DataCollection.BeforeTestRunStartResult) -> {"MessageType":"DataCollection.BeforeTestRunStartResult","Payload":{"EnvironmentVariables":{},"DataCollectionEventsPort":14172}}
TpTrace Information: 0 : 11480, 5, 2024/04/17, 20:05:25.139, 5116604924882, vstest.console.dll, ProxyDataCollectionManager.BeforeTestRunStart: SendBeforeTestRunStartAndGetResult successful, env variable from datacollector:   and testhost port: 14172
TpTrace Information: 0 : 11480, 5, 2024/04/17, 20:05:25.139, 5116604925360, vstest.console.dll, ProxyDataCollectionManager.InvokeDataCollectionServiceAction: Completed.
TpTrace Verbose: 0 : 11480, 5, 2024/04/17, 20:05:25.139, 5116604925585, vstest.console.dll, ParallelProxyExecutionManager.StartTestRunOnConcurrentManager: Initializing test run. Started clients: 0
TpTrace Verbose: 0 : 11480, 5, 2024/04/17, 20:05:25.139, 5116604926169, vstest.console.dll, ProxyExecutionManager: Test host is always Lazy initialize.
TpTrace Verbose: 0 : 11480, 5, 2024/04/17, 20:05:25.139, 5116604927578, vstest.console.dll, TestRequestSender.InitializeCommunication: initialize communication. 
TpTrace Information: 0 : 11480, 5, 2024/04/17, 20:05:25.140, 5116604930861, vstest.console.dll, SocketServer.Start: Listening on endpoint : 127.0.0.1:14173
TpTrace Verbose: 0 : 11480, 5, 2024/04/17, 20:05:25.140, 5116604935625, vstest.console.dll, DotnetTestHostmanager.GetTestHostProcessStartInfo: Platform environment 'X64' target architecture 'X64' framework '.NETCoreApp,Version=v6.0' OS 'Windows'
TpTrace Verbose: 0 : 11480, 5, 2024/04/17, 20:05:25.140, 5116604936988, vstest.console.dll, DotnetTestHostmanager: Adding  --runtimeconfig "C:\Users\Ivan\Desktop\Exam Prep 2\FoodySoftUni\FoodySoftUni\bin\Debug\net6.0\fine-code-coverage\build-output\FoodySoftUni.runtimeconfig.json" in args
TpTrace Verbose: 0 : 11480, 5, 2024/04/17, 20:05:25.140, 5116604937558, vstest.console.dll, DotnetTestHostmanager: Adding  --depsfile "C:\Users\Ivan\Desktop\Exam Prep 2\FoodySoftUni\FoodySoftUni\bin\Debug\net6.0\fine-code-coverage\build-output\FoodySoftUni.deps.json" in args
TpTrace Verbose: 0 : 11480, 5, 2024/04/17, 20:05:25.140, 5116604938668, vstest.console.dll, DotnetTestHostmanager.IsWinOnArm: Current PROCESSOR_ARCHITECTURE from environment variable 'AMD64'
TpTrace Verbose: 0 : 11480, 5, 2024/04/17, 20:05:25.141, 5116604939025, vstest.console.dll, DotnetTestHostmanager.IsWinOnArm: Is Windows on ARM 'False'
TpTrace Verbose: 0 : 11480, 5, 2024/04/17, 20:05:25.141, 5116604939479, vstest.console.dll, DotnetTestHostManager: testhost.exe found at path: C:\Users\Ivan\Desktop\Exam Prep 2\FoodySoftUni\FoodySoftUni\bin\Debug\net6.0\fine-code-coverage\build-output\testhost.exe
TpTrace Verbose: 0 : 11480, 5, 2024/04/17, 20:05:25.141, 5116604939756, vstest.console.dll, DotnetTestHostmanager: Full path of host exe is C:\Users\Ivan\Desktop\Exam Prep 2\FoodySoftUni\FoodySoftUni\bin\Debug\net6.0\fine-code-coverage\build-output\testhost.exe
TpTrace Verbose: 0 : 11480, 5, 2024/04/17, 20:05:25.141, 5116604940468, vstest.console.dll, DotnetTestHostmanager.LaunchTestHostAsync: Found 'VSTEST_WINAPPHOST_DOTNET_ROOT' in env variables, value 'C:\Program Files\dotnet', forwarding to 'DOTNET_ROOT'
TpTrace Verbose: 0 : 11480, 5, 2024/04/17, 20:05:25.141, 5116604941323, vstest.console.dll, DotnetTestHostManager: Starting process 'C:\Users\Ivan\Desktop\Exam Prep 2\FoodySoftUni\FoodySoftUni\bin\Debug\net6.0\fine-code-coverage\build-output\testhost.exe' with command line ' --runtimeconfig "C:\Users\Ivan\Desktop\Exam Prep 2\FoodySoftUni\FoodySoftUni\bin\Debug\net6.0\fine-code-coverage\build-output\FoodySoftUni.runtimeconfig.json" --depsfile "C:\Users\Ivan\Desktop\Exam Prep 2\FoodySoftUni\FoodySoftUni\bin\Debug\net6.0\fine-code-coverage\build-output\FoodySoftUni.deps.json" --port 14173 --endpoint 127.0.0.1:014173 --role client --parentprocessid 11480 --diag "C:\Users\Ivan\Desktop\Exam Prep 2\FoodySoftUni\FoodySoftUni\bin\Debug\net6.0\fine-code-coverage\coverage-tool-output\diagnostics.host.24-04-17_20-05-25_14041_5.log" --tracelevel 4 --datacollectionport 14172 --telemetryoptedin false'
TpTrace Verbose: 0 : 11480, 5, 2024/04/17, 20:05:25.145, 5116604985618, vstest.console.dll, MulticastDelegateUtilities.SafeInvoke: HostProviderEvents.OnHostLaunched: Invoking callback 1/2 for Microsoft.VisualStudio.TestPlatform.CrossPlatEngine.Client.ProxyExecutionManagerWithDataCollection., took 0 ms.
TpTrace Verbose: 0 : 11480, 5, 2024/04/17, 20:05:25.145, 5116604987731, vstest.console.dll, Test Runtime launched
TpTrace Verbose: 0 : 11480, 5, 2024/04/17, 20:05:25.145, 5116604988287, vstest.console.dll, MulticastDelegateUtilities.SafeInvoke: HostProviderEvents.OnHostLaunched: Invoking callback 2/2 for Microsoft.VisualStudio.TestPlatform.CrossPlatEngine.Client.ProxyOperationManager., took 0 ms.
TpTrace Verbose: 0 : 11480, 5, 2024/04/17, 20:05:25.146, 5116604989175, vstest.console.dll, TestRequestSender.WaitForRequestHandlerConnection: waiting for connection with timeout: 90000.
TpTrace Verbose: 0 : 11480, 7, 2024/04/17, 20:05:25.252, 5116606055029, vstest.console.dll, MulticastDelegateUtilities.SafeInvoke: SocketServer: ClientConnected: Invoking callback 1/1 for Microsoft.VisualStudio.TestPlatform.CommunicationUtilities.TestRequestSender., took 0 ms.
TpTrace Verbose: 0 : 11480, 5, 2024/04/17, 20:05:25.252, 5116606055029, vstest.console.dll, TestRequestSender.WaitForRequestHandlerConnection: waiting took 106 ms, with timeout 90000 ms, and result 0, which is success.
TpTrace Verbose: 0 : 11480, 7, 2024/04/17, 20:05:25.252, 5116606055940, vstest.console.dll, SocketServer.OnClientConnected: Client connected for endPoint: 127.0.0.1:14173, starting MessageLoopAsync:
TpTrace Verbose: 0 : 11480, 7, 2024/04/17, 20:05:25.253, 5116606060159, vstest.console.dll, TcpClientExtensions.MessageLoopAsync: Polling on remoteEndPoint: 127.0.0.1:14174 localEndPoint: 127.0.0.1:14173
TpTrace Verbose: 0 : 11480, 5, 2024/04/17, 20:05:25.253, 5116606063130, vstest.console.dll, TestRequestSender.CheckVersionWithTestHost: Sending check version message: {"MessageType":"ProtocolVersion","Payload":7}
TpTrace Verbose: 0 : 11480, 7, 2024/04/17, 20:05:25.349, 5116607023707, vstest.console.dll, TcpClientExtensions.MessageLoopAsync: NotifyDataAvailable remoteEndPoint: 127.0.0.1:14174 localEndPoint: 127.0.0.1:14173
TpTrace Verbose: 0 : 11480, 7, 2024/04/17, 20:05:25.349, 5116607026095, vstest.console.dll, TestRequestSender.CheckVersionWithTestHost: onMessageReceived received message: (ProtocolVersion) -> {"MessageType":"ProtocolVersion","Payload":7}
TpTrace Verbose: 0 : 11480, 7, 2024/04/17, 20:05:25.350, 5116607031365, vstest.console.dll, MulticastDelegateUtilities.SafeInvoke: LengthPrefixCommunicationChannel: MessageReceived: Invoking callback 1/1 for Microsoft.VisualStudio.TestPlatform.CommunicationUtilities.TestRequestSender+<>c__DisplayClass29_0., took 0 ms.
TpTrace Verbose: 0 : 11480, 7, 2024/04/17, 20:05:25.350, 5116607031979, vstest.console.dll, TcpClientExtensions.MessageLoopAsync: Polling on remoteEndPoint: 127.0.0.1:14174 localEndPoint: 127.0.0.1:14173
TpTrace Verbose: 0 : 11480, 5, 2024/04/17, 20:05:25.350, 5116607032050, vstest.console.dll, TestPluginCache.GetExtensionPaths: Filtered extension paths: 
TpTrace Verbose: 0 : 11480, 5, 2024/04/17, 20:05:25.350, 5116607032657, vstest.console.dll, TestPluginCache.GetExtensionPaths: Added default extension paths: C:\Program Files\dotnet\sdk\8.0.101\Extensions\Microsoft.Diagnostics.NETCore.Client.dll
C:\Program Files\dotnet\sdk\8.0.101\Extensions\Microsoft.TestPlatform.Extensions.BlameDataCollector.dll
C:\Program Files\dotnet\sdk\8.0.101\Extensions\Microsoft.TestPlatform.Extensions.EventLogCollector.dll
C:\Program Files\dotnet\sdk\8.0.101\Extensions\Microsoft.TestPlatform.TestHostRuntimeProvider.dll
C:\Program Files\dotnet\sdk\8.0.101\Extensions\Microsoft.VisualStudio.TestPlatform.Extensions.Html.TestLogger.dll
C:\Program Files\dotnet\sdk\8.0.101\Extensions\Microsoft.VisualStudio.TestPlatform.Extensions.Trx.TestLogger.dll
TpTrace Verbose: 0 : 11480, 5, 2024/04/17, 20:05:25.350, 5116607033301, vstest.console.dll, TestPluginCache.GetExtensionPaths: Added unfilterableExtensionPaths: 
TpTrace Verbose: 0 : 11480, 5, 2024/04/17, 20:05:25.352, 5116607050952, vstest.console.dll, TestRequestSender.InitializeExecution: Sending initialize execution with message: {"Version":7,"MessageType":"TestExecution.Initialize","Payload":["C:\\Users\\Ivan\\Desktop\\Exam Prep 2\\FoodySoftUni\\FoodySoftUni\\bin\\Debug\\net6.0\\fine-code-coverage\\build-output\\NUnit3.TestAdapter.dll"]}
TpTrace Verbose: 0 : 11480, 5, 2024/04/17, 20:05:25.352, 5116607052087, vstest.console.dll, ParallelProxyExecutionManager.StartTestRunOnConcurrentManager: Execution starting. Started clients: 1
TpTrace Verbose: 0 : 11480, 5, 2024/04/17, 20:05:25.352, 5116607053873, vstest.console.dll, TestRunRequest:SendTestRunMessage: Starting.
TpTrace Verbose: 0 : 11480, 5, 2024/04/17, 20:05:25.352, 5116607054983, vstest.console.dll, MulticastDelegateUtilities.SafeInvoke: TestRun.LogMessages: Invoking callback 1/1 for Microsoft.VisualStudio.TestPlatform.CommandLine.TestRunResultAggregator., took 0 ms.
TpTrace Information: 0 : 11480, 5, 2024/04/17, 20:05:25.352, 5116607055216, vstest.console.dll, TestRunRequest:SendTestRunMessage: Completed.
TpTrace Verbose: 0 : 11480, 4, 2024/04/17, 20:05:25.352, 5116607056179, vstest.console.dll, MulticastDelegateUtilities.SafeInvoke: InternalTestLoggerEvents.SendTestRunMessage: Invoking callback 1/1 for Microsoft.VisualStudio.TestPlatform.CommandLine.Internal.ConsoleLogger., took 0 ms.
TpTrace Warning: 0 : 11480, 5, 2024/04/17, 20:05:25.352, 5116607057713, vstest.console.dll, InferRunSettingsHelper.MakeRunsettingsCompatible: Removing the following settings: TargetPlatform from RunSettings file. To use those settings please move to latest version of Microsoft.NET.Test.Sdk
TpTrace Verbose: 0 : 11480, 7, 2024/04/17, 20:05:25.353, 5116607063498, vstest.console.dll, TcpClientExtensions.MessageLoopAsync: NotifyDataAvailable remoteEndPoint: 127.0.0.1:14174 localEndPoint: 127.0.0.1:14173
TpTrace Verbose: 0 : 11480, 7, 2024/04/17, 20:05:25.353, 5116607065565, vstest.console.dll, TestRequestSender.OnExecutionMessageReceived: Received message: {"Version":7,"MessageType":"TestSession.Message","Payload":{"MessageLevel":0,"Message":"Logging TestHost Diagnostics in file: C:\\Users\\Ivan\\Desktop\\Exam Prep 2\\FoodySoftUni\\FoodySoftUni\\bin\\Debug\\net6.0\\fine-code-coverage\\coverage-tool-output\\diagnostics.host.24-04-17_20-05-25_14041_5.log"}}
TpTrace Verbose: 0 : 11480, 7, 2024/04/17, 20:05:25.355, 5116607082731, vstest.console.dll, TestRunRequest:SendTestRunMessage: Starting.
TpTrace Verbose: 0 : 11480, 7, 2024/04/17, 20:05:25.355, 5116607083719, vstest.console.dll, MulticastDelegateUtilities.SafeInvoke: TestRun.LogMessages: Invoking callback 1/1 for Microsoft.VisualStudio.TestPlatform.CommandLine.TestRunResultAggregator., took 0 ms.
TpTrace Information: 0 : 11480, 7, 2024/04/17, 20:05:25.355, 5116607083944, vstest.console.dll, TestRunRequest:SendTestRunMessage: Completed.
TpTrace Verbose: 0 : 11480, 4, 2024/04/17, 20:05:25.355, 5116607083912, vstest.console.dll, MulticastDelegateUtilities.SafeInvoke: InternalTestLoggerEvents.SendTestRunMessage: Invoking callback 1/1 for Microsoft.VisualStudio.TestPlatform.CommandLine.Internal.ConsoleLogger., took 0 ms.
TpTrace Verbose: 0 : 11480, 7, 2024/04/17, 20:05:25.355, 5116607084316, vstest.console.dll, MulticastDelegateUtilities.SafeInvoke: LengthPrefixCommunicationChannel: MessageReceived: Invoking callback 1/1 for Microsoft.VisualStudio.TestPlatform.CommunicationUtilities.TestRequestSender+<>c__DisplayClass34_0., took 1 ms.
TpTrace Verbose: 0 : 11480, 7, 2024/04/17, 20:05:25.355, 5116607085231, vstest.console.dll, TcpClientExtensions.MessageLoopAsync: Polling on remoteEndPoint: 127.0.0.1:14174 localEndPoint: 127.0.0.1:14173
TpTrace Verbose: 0 : 11480, 5, 2024/04/17, 20:05:25.356, 5116607095937, vstest.console.dll, TestRequestSender.StartTestRun: Sending test run with message: {"Version":7,"MessageType":"TestExecution.StartWithSources","Payload":{"AdapterSourceMap":{"_none_":["C:\\Users\\Ivan\\Desktop\\Exam Prep 2\\FoodySoftUni\\FoodySoftUni\\bin\\Debug\\net6.0\\fine-code-coverage\\build-output\\FoodySoftUni.dll"]},"RunSettings":"<RunSettings>\r\n  <RunConfiguration>\r\n    <ResultsDirectory>C:\\Users\\Ivan\\Desktop\\Exam Prep 2\\FoodySoftUni\\FoodySoftUni\\bin\\Debug\\net6.0\\fine-code-coverage\\coverage-tool-output</ResultsDirectory>\r\n    <TargetFrameworkVersion>.NETCoreApp,Version=v6.0</TargetFrameworkVersion>\r\n    <DesignMode>False</DesignMode>\r\n    <CollectSourceInformation>False</CollectSourceInformation>\r\n  </RunConfiguration>\r\n  <LoggerRunSettings>\r\n    <Loggers>\r\n      <Logger friendlyName=\"blame\" enabled=\"True\" />\r\n      <Logger friendlyName=\"Console\" uri=\"logger://microsoft/TestPlatform/ConsoleLogger/v1\" assemblyQualifiedName=\"Microsoft.VisualStudio.TestPlatform.CommandLine.Internal.ConsoleLogger, vstest.console, Version=15.0.0.0, Culture=neutral, PublicKeyToken=b03f5f7f11d50a3a\" codeBase=\"C:\\Program Files\\dotnet\\sdk\\8.0.101\\vstest.console.dll\" enabled=\"True\" />\r\n    </Loggers>\r\n  </LoggerRunSettings>\r\n  <DataCollectionRunSettings>\r\n    <DataCollectors>\r\n      <DataCollector friendlyName=\"blame\" enabled=\"True\">\r\n        <Configuration>\r\n          <ResultsDirectory>C:\\Users\\Ivan\\Desktop\\Exam Prep 2\\FoodySoftUni\\FoodySoftUni\\bin\\Debug\\net6.0\\fine-code-coverage\\coverage-tool-output</ResultsDirectory>\r\n        </Configuration>\r\n      </DataCollector>\r\n    </DataCollectors>\r\n  </DataCollectionRunSettings>\r\n</RunSettings>","TestExecutionContext":{"FrequencyOfRunStatsChangeEvent":10,"RunStatsChangeEventTimeout":"00:00:01.5000000","InIsolation":false,"KeepAlive":false,"AreTestCaseLevelEventsRequired":false,"IsDebug":false,"TestCaseFilter":null,"FilterOptions":null},"Package":null}}
TpTrace Verbose: 0 : 11480, 5, 2024/04/17, 20:05:25.356, 5116607097041, vstest.console.dll, ParallelProxyExecutionManager.StartTestRunOnConcurrentManager: Execution started. Started clients: 1
TpTrace Verbose: 0 : 11480, 7, 2024/04/17, 20:05:25.479, 5116608319958, vstest.console.dll, TcpClientExtensions.MessageLoopAsync: NotifyDataAvailable remoteEndPoint: 127.0.0.1:14174 localEndPoint: 127.0.0.1:14173
TpTrace Verbose: 0 : 11480, 7, 2024/04/17, 20:05:25.479, 5116608321456, vstest.console.dll, TestRequestSender.OnExecutionMessageReceived: Received message: {"Version":7,"MessageType":"TestSession.Message","Payload":{"MessageLevel":0,"Message":"NUnit Adapter 4.4.0.0: Test execution started"}}
TpTrace Verbose: 0 : 11480, 7, 2024/04/17, 20:05:25.479, 5116608323461, vstest.console.dll, TestRunRequest:SendTestRunMessage: Starting.
TpTrace Verbose: 0 : 11480, 7, 2024/04/17, 20:05:25.479, 5116608323990, vstest.console.dll, MulticastDelegateUtilities.SafeInvoke: TestRun.LogMessages: Invoking callback 1/1 for Microsoft.VisualStudio.TestPlatform.CommandLine.TestRunResultAggregator., took 0 ms.
TpTrace Information: 0 : 11480, 7, 2024/04/17, 20:05:25.479, 5116608324202, vstest.console.dll, TestRunRequest:SendTestRunMessage: Completed.
TpTrace Verbose: 0 : 11480, 4, 2024/04/17, 20:05:25.479, 5116608324367, vstest.console.dll, MulticastDelegateUtilities.SafeInvoke: InternalTestLoggerEvents.SendTestRunMessage: Invoking callback 1/1 for Microsoft.VisualStudio.TestPlatform.CommandLine.Internal.ConsoleLogger., took 0 ms.
TpTrace Verbose: 0 : 11480, 7, 2024/04/17, 20:05:25.479, 5116608324445, vstest.console.dll, MulticastDelegateUtilities.SafeInvoke: LengthPrefixCommunicationChannel: MessageReceived: Invoking callback 1/1 for Microsoft.VisualStudio.TestPlatform.CommunicationUtilities.TestRequestSender+<>c__DisplayClass34_0., took 0 ms.
TpTrace Verbose: 0 : 11480, 7, 2024/04/17, 20:05:25.479, 5116608325227, vstest.console.dll, TcpClientExtensions.MessageLoopAsync: Polling on remoteEndPoint: 127.0.0.1:14174 localEndPoint: 127.0.0.1:14173
TpTrace Verbose: 0 : 11480, 7, 2024/04/17, 20:05:25.500, 5116608536335, vstest.console.dll, TcpClientExtensions.MessageLoopAsync: NotifyDataAvailable remoteEndPoint: 127.0.0.1:14174 localEndPoint: 127.0.0.1:14173
TpTrace Verbose: 0 : 11480, 7, 2024/04/17, 20:05:25.500, 5116608537844, vstest.console.dll, TestRequestSender.OnExecutionMessageReceived: Received message: {"Version":7,"MessageType":"TestSession.Message","Payload":{"MessageLevel":0,"Message":"Running all tests in C:\\Users\\Ivan\\Desktop\\Exam Prep 2\\FoodySoftUni\\FoodySoftUni\\bin\\Debug\\net6.0\\fine-code-coverage\\build-output\\FoodySoftUni.dll"}}
TpTrace Verbose: 0 : 11480, 7, 2024/04/17, 20:05:25.501, 5116608539054, vstest.console.dll, TestRunRequest:SendTestRunMessage: Starting.
TpTrace Verbose: 0 : 11480, 7, 2024/04/17, 20:05:25.501, 5116608539575, vstest.console.dll, MulticastDelegateUtilities.SafeInvoke: TestRun.LogMessages: Invoking callback 1/1 for Microsoft.VisualStudio.TestPlatform.CommandLine.TestRunResultAggregator., took 0 ms.
TpTrace Information: 0 : 11480, 7, 2024/04/17, 20:05:25.501, 5116608539908, vstest.console.dll, TestRunRequest:SendTestRunMessage: Completed.
TpTrace Verbose: 0 : 11480, 4, 2024/04/17, 20:05:25.501, 5116608539934, vstest.console.dll, MulticastDelegateUtilities.SafeInvoke: InternalTestLoggerEvents.SendTestRunMessage: Invoking callback 1/1 for Microsoft.VisualStudio.TestPlatform.CommandLine.Internal.ConsoleLogger., took 0 ms.
TpTrace Verbose: 0 : 11480, 7, 2024/04/17, 20:05:25.501, 5116608540222, vstest.console.dll, MulticastDelegateUtilities.SafeInvoke: LengthPrefixCommunicationChannel: MessageReceived: Invoking callback 1/1 for Microsoft.VisualStudio.TestPlatform.CommunicationUtilities.TestRequestSender+<>c__DisplayClass34_0., took 0 ms.
TpTrace Verbose: 0 : 11480, 7, 2024/04/17, 20:05:25.501, 5116608540902, vstest.console.dll, TcpClientExtensions.MessageLoopAsync: Polling on remoteEndPoint: 127.0.0.1:14174 localEndPoint: 127.0.0.1:14173
TpTrace Verbose: 0 : 11480, 7, 2024/04/17, 20:05:25.596, 5116609496873, vstest.console.dll, TcpClientExtensions.MessageLoopAsync: NotifyDataAvailable remoteEndPoint: 127.0.0.1:14174 localEndPoint: 127.0.0.1:14173
TpTrace Verbose: 0 : 11480, 7, 2024/04/17, 20:05:25.596, 5116609498837, vstest.console.dll, TestRequestSender.OnExecutionMessageReceived: Received message: {"Version":7,"MessageType":"TestSession.Message","Payload":{"MessageLevel":0,"Message":"   NUnit3TestExecutor discovered 7 of 7 NUnit test cases using Current Discovery mode, Non-Explicit run"}}
TpTrace Verbose: 0 : 11480, 7, 2024/04/17, 20:05:25.597, 5116609500275, vstest.console.dll, TestRunRequest:SendTestRunMessage: Starting.
TpTrace Verbose: 0 : 11480, 7, 2024/04/17, 20:05:25.597, 5116609500939, vstest.console.dll, MulticastDelegateUtilities.SafeInvoke: TestRun.LogMessages: Invoking callback 1/1 for Microsoft.VisualStudio.TestPlatform.CommandLine.TestRunResultAggregator., took 0 ms.
TpTrace Information: 0 : 11480, 7, 2024/04/17, 20:05:25.597, 5116609501229, vstest.console.dll, TestRunRequest:SendTestRunMessage: Completed.
TpTrace Verbose: 0 : 11480, 4, 2024/04/17, 20:05:25.597, 5116609501394, vstest.console.dll, MulticastDelegateUtilities.SafeInvoke: InternalTestLoggerEvents.SendTestRunMessage: Invoking callback 1/1 for Microsoft.VisualStudio.TestPlatform.CommandLine.Internal.ConsoleLogger., took 0 ms.
TpTrace Verbose: 0 : 11480, 7, 2024/04/17, 20:05:25.597, 5116609501496, vstest.console.dll, MulticastDelegateUtilities.SafeInvoke: LengthPrefixCommunicationChannel: MessageReceived: Invoking callback 1/1 for Microsoft.VisualStudio.TestPlatform.CommunicationUtilities.TestRequestSender+<>c__DisplayClass34_0., took 0 ms.
TpTrace Verbose: 0 : 11480, 7, 2024/04/17, 20:05:25.597, 5116609502500, vstest.console.dll, TcpClientExtensions.MessageLoopAsync: Polling on remoteEndPoint: 127.0.0.1:14174 localEndPoint: 127.0.0.1:14173
TpTrace Verbose: 0 : 11480, 7, 2024/04/17, 20:05:26.439, 5116617927990, vstest.console.dll, TcpClientExtensions.MessageLoopAsync: NotifyDataAvailable remoteEndPoint: 127.0.0.1:14174 localEndPoint: 127.0.0.1:14173
TpTrace Verbose: 0 : 11480, 7, 2024/04/17, 20:05:26.440, 5116617930754, vstest.console.dll, TestRequestSender.OnExecutionMessageReceived: Received message: {"Version":7,"MessageType":"TestSession.Message","Payload":{"MessageLevel":0,"Message":"NUnit Adapter 4.4.0.0: Test execution complete"}}
TpTrace Verbose: 0 : 11480, 7, 2024/04/17, 20:05:26.440, 5116617932223, vstest.console.dll, TestRunRequest:SendTestRunMessage: Starting.
TpTrace Verbose: 0 : 11480, 7, 2024/04/17, 20:05:26.440, 5116617932804, vstest.console.dll, MulticastDelegateUtilities.SafeInvoke: TestRun.LogMessages: Invoking callback 1/1 for Microsoft.VisualStudio.TestPlatform.CommandLine.TestRunResultAggregator., took 0 ms.
TpTrace Information: 0 : 11480, 7, 2024/04/17, 20:05:26.440, 5116617933056, vstest.console.dll, TestRunRequest:SendTestRunMessage: Completed.
TpTrace Verbose: 0 : 11480, 4, 2024/04/17, 20:05:26.440, 5116617933070, vstest.console.dll, MulticastDelegateUtilities.SafeInvoke: InternalTestLoggerEvents.SendTestRunMessage: Invoking callback 1/1 for Microsoft.VisualStudio.TestPlatform.CommandLine.Internal.ConsoleLogger., took 0 ms.
TpTrace Verbose: 0 : 11480, 7, 2024/04/17, 20:05:26.440, 5116617933944, vstest.console.dll, MulticastDelegateUtilities.SafeInvoke: LengthPrefixCommunicationChannel: MessageReceived: Invoking callback 1/1 for Microsoft.VisualStudio.TestPlatform.CommunicationUtilities.TestRequestSender+<>c__DisplayClass34_0., took 0 ms.
TpTrace Verbose: 0 : 11480, 7, 2024/04/17, 20:05:26.440, 5116617934477, vstest.console.dll, TcpClientExtensions.MessageLoopAsync: Polling on remoteEndPoint: 127.0.0.1:14174 localEndPoint: 127.0.0.1:14173
TpTrace Verbose: 0 : 11480, 7, 2024/04/17, 20:05:26.468, 5116618210808, vstest.console.dll, TcpClientExtensions.MessageLoopAsync: NotifyDataAvailable remoteEndPoint: 127.0.0.1:14174 localEndPoint: 127.0.0.1:14173
TpTrace Verbose: 0 : 11480, 7, 2024/04/17, 20:05:26.468, 5116618213101, vstest.console.dll, TestRequestSender.OnExecutionMessageReceived: Received message: {"Version":7,"MessageType":"TestExecution.Completed","Payload":{"TestRunCompleteArgs":{"TestRunStatistics":{"ExecutedTests":7,"Stats":{"Passed":7}},"IsCanceled":false,"IsAborted":false,"Error":null,"AttachmentSets":[],"InvokedDataCollectors":[],"ElapsedTimeInRunningTests":"00:00:00.9807560","Metrics":{},"DiscoveredExtensions":{"TestDiscoverers":["NUnit.VisualStudio.TestAdapter.NUnit3TestDiscoverer, NUnit3.TestAdapter, Version=4.4.0.0, Culture=neutral, PublicKeyToken=4cb40d35494691ac"],"TestExecutors":["executor://NUnit3TestExecutor"],"TestExecutors2":[],"TestSettingsProviders":[]}},"LastRunTests":{"NewTestResults":[{"TestCase":{"Id":"6ae96538-aebc-2061-fdec-7aa15b605dc6","FullyQualifiedName":"FoodySoftUni.Foody.CreateFood_WithRequiredFields_ShouldSucceed","DisplayName":"CreateFood_WithRequiredFields_ShouldSucceed","ExecutorUri":"executor://NUnit3TestExecutor","Source":"C:\\Users\\Ivan\\Desktop\\Exam Prep 2\\FoodySoftUni\\FoodySoftUni\\bin\\Debug\\net6.0\\fine-code-coverage\\build-output\\FoodySoftUni.dll","CodeFilePath":null,"LineNumber":0,"Properties":[{"Key":{"Id":"NUnit.Seed","Label":"Seed","Category":"","Description":"","Attributes":0,"ValueType":"System.String"},"Value":"408006811"}]},"Attachments":[],"Outcome":1,"ErrorMessage":null,"ErrorStackTrace":null,"DisplayName":"CreateFood_WithRequiredFields_ShouldSucceed","Messages":[],"ComputerName":"DESKTOP-QI8JBMK","Duration":"00:00:00.1354779","StartTime":"2024-04-17T17:05:25.8888954+00:00","EndTime":"2024-04-17T17:05:26.0243097+00:00","Properties":[{"Key":{"Id":"NUnit.Seed","Label":"Seed","Category":"","Description":"","Attributes":0,"ValueType":"System.String"},"Value":"408006811"}]},{"TestCase":{"Id":"daa07223-e6b3-2753-9845-88adbbd32827","FullyQualifiedName":"FoodySoftUni.Foody.EditFood_WithNewTitle_ShouldSucceed","DisplayName":"EditFood_WithNewTitle_ShouldSucceed","ExecutorUri":"executor://NUnit3TestExecutor","Source":"C:\\Users\\Ivan\\Desktop\\Exam Prep 2\\FoodySoftUni\\FoodySoftUni\\bin\\Debug\\net6.0\\fine-code-coverage\\build-output\\FoodySoftUni.dll","CodeFilePath":null,"LineNumber":0,"Properties":[{"Key":{"Id":"NUnit.Seed","Label":"Seed","Category":"","Description":"","Attributes":0,"ValueType":"System.String"},"Value":"2039656769"}]},"Attachments":[],"Outcome":1,"ErrorMessage":null,"ErrorStackTrace":null,"DisplayName":"EditFood_WithNewTitle_ShouldSucceed","Messages":[],"ComputerName":"DESKTOP-QI8JBMK","Duration":"00:00:00.0816650","StartTime":"2024-04-17T17:05:26.025475+00:00","EndTime":"2024-04-17T17:05:26.1071394+00:00","Properties":[{"Key":{"Id":"NUnit.Seed","Label":"Seed","Category":"","Description":"","Attributes":0,"ValueType":"System.String"},"Value":"2039656769"}]},{"TestCase":{"Id":"5def82c7-2bd6-ec32-ca05-d0b8737eae15","FullyQualifiedName":"FoodySoftUni.Foody.GetAllFood_ShouldReturnAnArrayOfItems","DisplayName":"GetAllFood_ShouldReturnAnArrayOfItems","ExecutorUri":"executor://NUnit3TestExecutor","Source":"C:\\Users\\Ivan\\Desktop\\Exam Prep 2\\FoodySoftUni\\FoodySoftUni\\bin\\Debug\\net6.0\\fine-code-coverage\\build-output\\FoodySoftUni.dll","CodeFilePath":null,"LineNumber":0,"Properties":[{"Key":{"Id":"NUnit.Seed","Label":"Seed","Category":"","Description":"","Attributes":0,"ValueType":"System.String"},"Value":"436193663"}]},"Attachments":[],"Outcome":1,"ErrorMessage":null,"ErrorStackTrace":null,"DisplayName":"GetAllFood_ShouldReturnAnArrayOfItems","Messages":[],"ComputerName":"DESKTOP-QI8JBMK","Duration":"00:00:00.0686010","StartTime":"2024-04-17T17:05:26.1071799+00:00","EndTime":"2024-04-17T17:05:26.175781+00:00","Properties":[{"Key":{"Id":"NUnit.Seed","Label":"Seed","Category":"","Description":"","Attributes":0,"ValueType":"System.String"},"Value":"436193663"}]},{"TestCase":{"Id":"c41a6047-5d87-ae3b-71bd-fb665df9a3f5","FullyQualifiedName":"FoodySoftUni.Foody.DeleteFood_WithCorrectId_ShouldBeSuccesful","DisplayName":"DeleteFood_WithCorrectId_ShouldBeSuccesful","ExecutorUri":"executor://NUnit3TestExecutor","Source":"C:\\Users\\Ivan\\Desktop\\Exam Prep 2\\FoodySoftUni\\FoodySoftUni\\bin\\Debug\\net6.0\\fine-code-coverage\\build-output\\FoodySoftUni.dll","CodeFilePath":null,"LineNumber":0,"Properties":[{"Key":{"Id":"NUnit.Seed","Label":"Seed","Category":"","Description":"","Attributes":0,"ValueType":"System.String"},"Value":"1297513754"}]},"Attachments":[],"Outcome":1,"ErrorMessage":null,"ErrorStackTrace":null,"DisplayName":"DeleteFood_WithCorrectId_ShouldBeSuccesful","Messages":[],"ComputerName":"DESKTOP-QI8JBMK","Duration":"00:00:00.0733820","StartTime":"2024-04-17T17:05:26.1758101+00:00","EndTime":"2024-04-17T17:05:26.2491914+00:00","Properties":[{"Key":{"Id":"NUnit.Seed","Label":"Seed","Category":"","Description":"","Attributes":0,"ValueType":"System.String"},"Value":"1297513754"}]},{"TestCase":{"Id":"93e1b229-a99c-46bc-3941-14e7ce647748","FullyQualifiedName":"FoodySoftUni.Foody.CreateFood_WithIncorrectData_ShouldFail","DisplayName":"CreateFood_WithIncorrectData_ShouldFail","ExecutorUri":"executor://NUnit3TestExecutor","Source":"C:\\Users\\Ivan\\Desktop\\Exam Prep 2\\FoodySoftUni\\FoodySoftUni\\bin\\Debug\\net6.0\\fine-code-coverage\\build-output\\FoodySoftUni.dll","CodeFilePath":null,"LineNumber":0,"Properties":[{"Key":{"Id":"NUnit.Seed","Label":"Seed","Category":"","Description":"","Attributes":0,"ValueType":"System.String"},"Value":"2077699668"}]},"Attachments":[],"Outcome":1,"ErrorMessage":null,"ErrorStackTrace":null,"DisplayName":"CreateFood_WithIncorrectData_ShouldFail","Messages":[],"ComputerName":"DESKTOP-QI8JBMK","Duration":"00:00:00.0575720","StartTime":"2024-04-17T17:05:26.2492422+00:00","EndTime":"2024-04-17T17:05:26.3068135+00:00","Properties":[{"Key":{"Id":"NUnit.Seed","Label":"Seed","Category":"","Description":"","Attributes":0,"ValueType":"System.String"},"Value":"2077699668"}]},{"TestCase":{"Id":"e86c029f-53ba-3152-d75e-884267f37361","FullyQualifiedName":"FoodySoftUni.Foody.EditFood_WithNonExisitingId_ShouldFail","DisplayName":"EditFood_WithNonExisitingId_ShouldFail","ExecutorUri":"executor://NUnit3TestExecutor","Source":"C:\\Users\\Ivan\\Desktop\\Exam Prep 2\\FoodySoftUni\\FoodySoftUni\\bin\\Debug\\net6.0\\fine-code-coverage\\build-output\\FoodySoftUni.dll","CodeFilePath":null,"LineNumber":0,"Properties":[{"Key":{"Id":"NUnit.Seed","Label":"Seed","Category":"","Description":"","Attributes":0,"ValueType":"System.String"},"Value":"876778864"}]},"Attachments":[],"Outcome":1,"ErrorMessage":null,"ErrorStackTrace":null,"DisplayName":"EditFood_WithNonExisitingId_ShouldFail","Messages":[],"ComputerName":"DESKTOP-QI8JBMK","Duration":"00:00:00.0608020","StartTime":"2024-04-17T17:05:26.3068579+00:00","EndTime":"2024-04-17T17:05:26.3676591+00:00","Properties":[{"Key":{"Id":"NUnit.Seed","Label":"Seed","Category":"","Description":"","Attributes":0,"ValueType":"System.String"},"Value":"876778864"}]},{"TestCase":{"Id":"901db849-a612-ab76-7d92-56bdf6b35198","FullyQualifiedName":"FoodySoftUni.Foody.DeleteFood_WithNonExistingId_ShouldFail","DisplayName":"DeleteFood_WithNonExistingId_ShouldFail","ExecutorUri":"executor://NUnit3TestExecutor","Source":"C:\\Users\\Ivan\\Desktop\\Exam Prep 2\\FoodySoftUni\\FoodySoftUni\\bin\\Debug\\net6.0\\fine-code-coverage\\build-output\\FoodySoftUni.dll","CodeFilePath":null,"LineNumber":0,"Properties":[{"Key":{"Id":"NUnit.Seed","Label":"Seed","Category":"","Description":"","Attributes":0,"ValueType":"System.String"},"Value":"1565871245"}]},"Attachments":[],"Outcome":1,"ErrorMessage":null,"ErrorStackTrace":null,"DisplayName":"DeleteFood_WithNonExistingId_ShouldFail","Messages":[],"ComputerName":"DESKTOP-QI8JBMK","Duration":"00:00:00.0674220","StartTime":"2024-04-17T17:05:26.3676887+00:00","EndTime":"2024-04-17T17:05:26.4351105+00:00","Properties":[{"Key":{"Id":"NUnit.Seed","Label":"Seed","Category":"","Description":"","Attributes":0,"ValueType":"System.String"},"Value":"1565871245"}]}],"TestRunStatistics":{"ExecutedTests":7,"Stats":{"Passed":7}},"ActiveTests":[]},"RunAttachments":[],"ExecutorUris":["executor://nunit3testexecutor/"]}}
TpTrace Verbose: 0 : 11480, 7, 2024/04/17, 20:05:26.468, 5116618215304, vstest.console.dll, TestRequestSender.EndSession: Sending end session.
TpTrace Verbose: 0 : 11480, 7, 2024/04/17, 20:05:26.468, 5116618216719, vstest.console.dll, ProxyOperationManager.Close: waiting for test host to exit for 100 ms
TpTrace Verbose: 0 : 11480, 12, 2024/04/17, 20:05:26.484, 5116618370246, vstest.console.dll, TestHostManagerCallbacks.ctor: Experimental forwarding output is disabled.
TpTrace Warning: 0 : 11480, 12, 2024/04/17, 20:05:26.484, 5116618371912, vstest.console.dll, TestHostManagerCallbacks.ErrorReceivedCallback Test host standard error line: 
TpTrace Verbose: 0 : 11480, 12, 2024/04/17, 20:05:26.490, 5116618431106, vstest.console.dll, TestHostProvider.ExitCallBack: Host exited starting callback.
TpTrace Information: 0 : 11480, 12, 2024/04/17, 20:05:26.490, 5116618432080, vstest.console.dll, TestHostManagerCallbacks.ExitCallBack: Testhost processId: 21096 exited with exitcode: 0 error: ''
TpTrace Verbose: 0 : 11480, 12, 2024/04/17, 20:05:26.490, 5116618432520, vstest.console.dll, DotnetTestHostManager.OnHostExited: invoking OnHostExited callback
TpTrace Verbose: 0 : 11480, 12, 2024/04/17, 20:05:26.490, 5116618432952, vstest.console.dll, CrossPlatEngine.TestHostManagerHostExited: calling on client process exit callback.
TpTrace Information: 0 : 11480, 12, 2024/04/17, 20:05:26.490, 5116618433343, vstest.console.dll, TestRequestSender.OnClientProcessExit: Test host process exited. Standard error: 
TpTrace Information: 0 : 11480, 12, 2024/04/17, 20:05:26.490, 5116618433612, vstest.console.dll, SocketServer.Stop: Stop server endPoint: 127.0.0.1:14173
TpTrace Information: 0 : 11480, 7, 2024/04/17, 20:05:26.490, 5116618433684, vstest.console.dll, SocketServer.Stop: Stop server endPoint: 127.0.0.1:14173
TpTrace Information: 0 : 11480, 12, 2024/04/17, 20:05:26.490, 5116618433844, vstest.console.dll, SocketServer.Stop: Cancellation requested. Stopping message loop.
TpTrace Information: 0 : 11480, 7, 2024/04/17, 20:05:26.490, 5116618434224, vstest.console.dll, SocketServer.Stop: Cancellation requested. Stopping message loop.
TpTrace Verbose: 0 : 11480, 12, 2024/04/17, 20:05:26.490, 5116618435158, vstest.console.dll, MulticastDelegateUtilities.SafeInvoke: HostProviderEvents.OnHostExited: Invoking callback 1/1 for Microsoft.VisualStudio.TestPlatform.CrossPlatEngine.Client.ProxyOperationManager., took 0 ms.
TpTrace Information: 0 : 11480, 7, 2024/04/17, 20:05:26.490, 5116618435460, vstest.console.dll, Closing the connection
TpTrace Verbose: 0 : 11480, 7, 2024/04/17, 20:05:26.490, 5116618436999, vstest.console.dll, ProxyDataCollectionManager.InvokeDataCollectionServiceAction: Starting.
TpTrace Information: 0 : 11480, 7, 2024/04/17, 20:05:26.490, 5116618437369, vstest.console.dll, ProxyDataCollectionManager.AfterTestRunEnd: Get attachment set and invoked data collectors processId: 10396 port: 14170
TpTrace Verbose: 0 : 11480, 7, 2024/04/17, 20:05:26.490, 5116618437696, vstest.console.dll, DataCollectionRequestSender.SendAfterTestRunStartAndGetResult: Send AfterTestRunEnd message with isCancelled: False
TpTrace Verbose: 0 : 11480, 7, 2024/04/17, 20:05:26.495, 5116618483101, vstest.console.dll, DataCollectionRequestSender.SendAfterTestRunStartAndGetResult: Received message: (DataCollection.AfterTestRunEndResult) -> {"MessageType":"DataCollection.AfterTestRunEndResult","Payload":{"AttachmentSets":[],"InvokedDataCollectors":[{"Uri":"datacollector://Microsoft/TestPlatform/Extensions/Blame/v1","FriendlyName":"Blame","AssemblyQualifiedName":"Microsoft.TestPlatform.Extensions.BlameDataCollector.BlameCollector, Microsoft.TestPlatform.Extensions.BlameDataCollector, Version=15.0.0.0, Culture=neutral, PublicKeyToken=b03f5f7f11d50a3a","FilePath":"C:\\Program Files\\dotnet\\sdk\\8.0.101\\Extensions\\Microsoft.TestPlatform.Extensions.BlameDataCollector.dll","HasAttachmentProcessor":false}],"Metrics":{}}}
TpTrace Warning: 0 : 11480, 11, 2024/04/17, 20:05:26.498, 5116618513367, vstest.console.dll, DataCollectionLauncher.ErrorReceivedCallback datacollector standard error line: 
TpTrace Information: 0 : 11480, 7, 2024/04/17, 20:05:26.499, 5116618522437, vstest.console.dll, ProxyDataCollectionManager.InvokeDataCollectionServiceAction: Completed.
TpTrace Information: 0 : 11480, 11, 2024/04/17, 20:05:26.502, 5116618554050, vstest.console.dll, DataCollectionLauncher.ExitCallBack: Data collector exited with exitcode: 0 error: ''
TpTrace Verbose: 0 : 11480, 7, 2024/04/17, 20:05:26.541, 5116618943475, vstest.console.dll, TestRunRequest:SendTestRunStatsChange: Starting.
TpTrace Verbose: 0 : 11480, 7, 2024/04/17, 20:05:26.541, 5116618945330, vstest.console.dll, MulticastDelegateUtilities.SafeInvoke: TestRun.RunStatsChanged: Invoking callbacks was skipped because there are no subscribers.
TpTrace Information: 0 : 11480, 7, 2024/04/17, 20:05:26.541, 5116618945580, vstest.console.dll, TestRunRequest:SendTestRunStatsChange: Completed.
TpTrace Verbose: 0 : 11480, 7, 2024/04/17, 20:05:26.541, 5116618947440, vstest.console.dll, ParallelProxyExecutionManager: HandlePartialRunComplete: Total workloads = 1, Total started clients = 1 Total completed clients = 1, Run complete = True, Run canceled: False.
TpTrace Verbose: 0 : 11480, 7, 2024/04/17, 20:05:26.541, 5116618947772, vstest.console.dll, ParallelProxyExecutionManager: HandlePartialRunComplete: All runs completed stopping all managers.
TpTrace Verbose: 0 : 11480, 7, 2024/04/17, 20:05:26.541, 5116618948000, vstest.console.dll, ParallelOperationManager.StopAllManagers: Stopping all managers.
TpTrace Verbose: 0 : 11480, 7, 2024/04/17, 20:05:26.541, 5116618948192, vstest.console.dll, ParallelOperationManager.ClearSlots: Clearing all slots. Slots should accept more work: False
TpTrace Verbose: 0 : 11480, 7, 2024/04/17, 20:05:26.541, 5116618948435, vstest.console.dll, ParallelOperationManager.SetOccupiedSlotCount: Setting slot counts AvailableSlotCount = 1, OccupiedSlotCount = 0.
TpTrace Verbose: 0 : 11480, 7, 2024/04/17, 20:05:26.541, 5116618948630, vstest.console.dll, Occupied slots:

TpTrace Verbose: 0 : 11480, 4, 2024/04/17, 20:05:26.542, 5116618955525, vstest.console.dll, MulticastDelegateUtilities.SafeInvoke: InternalTestLoggerEvents.SendTestResult: Invoking callback 1/1 for Microsoft.VisualStudio.TestPlatform.CommandLine.Internal.ConsoleLogger., took 1 ms.
TpTrace Verbose: 0 : 11480, 4, 2024/04/17, 20:05:26.542, 5116618958041, vstest.console.dll, MulticastDelegateUtilities.SafeInvoke: InternalTestLoggerEvents.SendTestResult: Invoking callback 1/1 for Microsoft.VisualStudio.TestPlatform.CommandLine.Internal.ConsoleLogger., took 0 ms.
TpTrace Verbose: 0 : 11480, 4, 2024/04/17, 20:05:26.542, 5116618958558, vstest.console.dll, MulticastDelegateUtilities.SafeInvoke: InternalTestLoggerEvents.SendTestResult: Invoking callback 1/1 for Microsoft.VisualStudio.TestPlatform.CommandLine.Internal.ConsoleLogger., took 0 ms.
TpTrace Verbose: 0 : 11480, 4, 2024/04/17, 20:05:26.542, 5116618958904, vstest.console.dll, MulticastDelegateUtilities.SafeInvoke: InternalTestLoggerEvents.SendTestResult: Invoking callback 1/1 for Microsoft.VisualStudio.TestPlatform.CommandLine.Internal.ConsoleLogger., took 0 ms.
TpTrace Verbose: 0 : 11480, 4, 2024/04/17, 20:05:26.543, 5116618959190, vstest.console.dll, MulticastDelegateUtilities.SafeInvoke: InternalTestLoggerEvents.SendTestResult: Invoking callback 1/1 for Microsoft.VisualStudio.TestPlatform.CommandLine.Internal.ConsoleLogger., took 0 ms.
TpTrace Verbose: 0 : 11480, 4, 2024/04/17, 20:05:26.543, 5116618959622, vstest.console.dll, MulticastDelegateUtilities.SafeInvoke: InternalTestLoggerEvents.SendTestResult: Invoking callback 1/1 for Microsoft.VisualStudio.TestPlatform.CommandLine.Internal.ConsoleLogger., took 0 ms.
TpTrace Verbose: 0 : 11480, 4, 2024/04/17, 20:05:26.543, 5116618959910, vstest.console.dll, MulticastDelegateUtilities.SafeInvoke: InternalTestLoggerEvents.SendTestResult: Invoking callback 1/1 for Microsoft.VisualStudio.TestPlatform.CommandLine.Internal.ConsoleLogger., took 0 ms.
TpTrace Verbose: 0 : 11480, 4, 2024/04/17, 20:05:26.546, 5116618995694, vstest.console.dll, MulticastDelegateUtilities.SafeInvoke: InternalTestLoggerEvents.SendTestRunComplete: Invoking callback 1/2 for Microsoft.TestPlatform.Extensions.BlameDataCollector.BlameLogger., took 0 ms.
TpTrace Verbose: 0 : 11480, 4, 2024/04/17, 20:05:26.549, 5116619028194, vstest.console.dll, MulticastDelegateUtilities.SafeInvoke: InternalTestLoggerEvents.SendTestRunComplete: Invoking callback 2/2 for Microsoft.VisualStudio.TestPlatform.CommandLine.Internal.ConsoleLogger., took 3 ms.
TpTrace Verbose: 0 : 11480, 7, 2024/04/17, 20:05:26.550, 5116619029787, vstest.console.dll, TestRunRequest:TestRunComplete: Starting. IsAborted:False IsCanceled:False.
TpTrace Verbose: 0 : 11480, 7, 2024/04/17, 20:05:26.550, 5116619030971, vstest.console.dll, ParallelOperationManager.DoActionOnAllManagers: Calling an action on all managers.
TpTrace Verbose: 0 : 11480, 7, 2024/04/17, 20:05:26.550, 5116619037928, vstest.console.dll, TestLoggerManager.HandleTestRunComplete: Ignoring as the object is disposed.
TpTrace Verbose: 0 : 11480, 7, 2024/04/17, 20:05:26.551, 5116619039140, vstest.console.dll, MulticastDelegateUtilities.SafeInvoke: TestRun.TestRunComplete: Invoking callback 1/2 for Microsoft.VisualStudio.TestPlatform.CommandLine.TestRunResultAggregator., took 0 ms.
TpTrace Verbose: 0 : 11480, 7, 2024/04/17, 20:05:26.551, 5116619040020, vstest.console.dll, MulticastDelegateUtilities.SafeInvoke: TestRun.TestRunComplete: Invoking callback 2/2 for Microsoft.VisualStudio.TestPlatform.CommandLine.Processors.RunTestsArgumentExecutor+TestRunRequestEventsRegistrar., took 0 ms.
TpTrace Information: 0 : 11480, 7, 2024/04/17, 20:05:26.551, 5116619040606, vstest.console.dll, TestRunRequest:TestRunComplete: Completed.
TpTrace Verbose: 0 : 11480, 1, 2024/04/17, 20:05:26.551, 5116619040771, vstest.console.dll, TestRunRequest.Dispose: Starting.
TpTrace Verbose: 0 : 11480, 7, 2024/04/17, 20:05:26.551, 5116619040881, vstest.console.dll, TestRequestSender.SetOperationComplete: Setting operation complete.
TpTrace Information: 0 : 11480, 1, 2024/04/17, 20:05:26.551, 5116619041239, vstest.console.dll, TestRunRequest.Dispose: Completed.
TpTrace Information: 0 : 11480, 7, 2024/04/17, 20:05:26.551, 5116619041579, vstest.console.dll, SocketServer.Stop: Stop server endPoint: 127.0.0.1:14173
TpTrace Information: 0 : 11480, 1, 2024/04/17, 20:05:26.551, 5116619041980, vstest.console.dll, TestRequestManager.RunTests: run tests completed.
TpTrace Information: 0 : 11480, 7, 2024/04/17, 20:05:26.551, 5116619042153, vstest.console.dll, SocketServer.Stop: Cancellation requested. Stopping message loop.
TpTrace Verbose: 0 : 11480, 7, 2024/04/17, 20:05:26.551, 5116619042468, vstest.console.dll, MulticastDelegateUtilities.SafeInvoke: LengthPrefixCommunicationChannel: MessageReceived: Invoking callback 1/1 for Microsoft.VisualStudio.TestPlatform.CommunicationUtilities.TestRequestSender+<>c__DisplayClass34_0., took 82 ms.
TpTrace Information: 0 : 11480, 7, 2024/04/17, 20:05:26.551, 5116619042779, vstest.console.dll, SocketServer.PrivateStop: Stopping server endPoint: 127.0.0.1:14173 error: 
TpTrace Information: 0 : 11480, 1, 2024/04/17, 20:05:26.551, 5116619042782, vstest.console.dll, RunTestsArgumentProcessor:Execute: Test run is completed.
TpTrace Verbose: 0 : 11480, 1, 2024/04/17, 20:05:26.551, 5116619044446, vstest.console.dll, Executor.Execute: Exiting with exit code of 0
TpTrace Verbose: 0 : 11480, 7, 2024/04/17, 20:05:26.551, 5116619046031, vstest.console.dll, LengthPrefixCommunicationChannel.Dispose: Dispose reader and writer.
TpTrace Information: 0 : 11480, 7, 2024/04/17, 20:05:26.551, 5116619046582, vstest.console.dll, SocketServer.Stop: Raise disconnected event endPoint: 127.0.0.1:14173 error: 
TpTrace Verbose: 0 : 11480, 7, 2024/04/17, 20:05:26.551, 5116619047066, vstest.console.dll, TestRequestSender: OnTestRunAbort: Operation is already complete. Skip error message.
TpTrace Verbose: 0 : 11480, 7, 2024/04/17, 20:05:26.551, 5116619047297, vstest.console.dll, MulticastDelegateUtilities.SafeInvoke: SocketServer: ClientDisconnected: Invoking callback 1/1 for Microsoft.VisualStudio.TestPlatform.CommunicationUtilities.TestRequestSender., took 0 ms.
TpTrace Verbose: 0 : 11480, 7, 2024/04/17, 20:05:26.551, 5116619047503, vstest.console.dll, TcpClientExtensions.MessageLoopAsync: exiting MessageLoopAsync remoteEndPoint: 127.0.0.1:14174 localEndPoint: 127.0.0.1:14173
