TpTrace Verbose: 0 : 20684, 1, 2024/03/11, 19:15:15.844, 135399770363, vstest.console.dll, Version: 17.8.0-release-23578-02 Current process architecture: X64
TpTrace Verbose: 0 : 20684, 1, 2024/03/11, 19:15:15.846, 135399789564, vstest.console.dll, Runtime location: C:\Program Files\dotnet\shared\Microsoft.NETCore.App\8.0.1
TpTrace Verbose: 0 : 20684, 1, 2024/03/11, 19:15:15.847, 135399801942, vstest.console.dll, ArtifactProcessingPostProcessModeProcessorExecutor.Initialize: ArtifactProcessingMode.Collect
TpTrace Verbose: 0 : 20684, 1, 2024/03/11, 19:15:15.847, 135399802657, vstest.console.dll, TestSessionCorrelationIdProcessorModeProcessorExecutor.Initialize: TestSessionCorrelationId '20704_4e72b363-a589-4843-a46b-eb7b95694e95'
TpTrace Information: 0 : 20684, 1, 2024/03/11, 19:15:15.853, 135399860747, vstest.console.dll, FilePatternParser: The given file D:\Иван\QA SoftUni\Back-End Test Automation\Back-End Test Automation\03. Exercise API Testing with C#\RestSharpExercise\TestGitHubApi\bin\Debug\net6.0\fine-code-coverage\build-output\TestGitHubApi.dll is a full path.
TpTrace Verbose: 0 : 20684, 1, 2024/03/11, 19:15:15.856, 135399887030, vstest.console.dll, TestPluginCache.DiscoverTestExtensions: finding test extensions in assemblies ends with: RuntimeProvider.dll TPluginInfo: Microsoft.VisualStudio.TestPlatform.Common.ExtensionFramework.Utilities.TestRuntimePluginInformation TExtension: Microsoft.VisualStudio.TestPlatform.ObjectModel.Host.ITestRuntimeProvider
TpTrace Verbose: 0 : 20684, 1, 2024/03/11, 19:15:15.856, 135399889232, vstest.console.dll, TestPluginCache.GetExtensionPaths: Filtered extension paths: 
TpTrace Verbose: 0 : 20684, 1, 2024/03/11, 19:15:15.856, 135399889783, vstest.console.dll, TestPluginCache.GetExtensionPaths: Added default extension paths: C:\Program Files\dotnet\sdk\8.0.101\Extensions\Microsoft.Diagnostics.NETCore.Client.dll
C:\Program Files\dotnet\sdk\8.0.101\Extensions\Microsoft.TestPlatform.Extensions.BlameDataCollector.dll
C:\Program Files\dotnet\sdk\8.0.101\Extensions\Microsoft.TestPlatform.Extensions.EventLogCollector.dll
C:\Program Files\dotnet\sdk\8.0.101\Extensions\Microsoft.TestPlatform.TestHostRuntimeProvider.dll
C:\Program Files\dotnet\sdk\8.0.101\Extensions\Microsoft.VisualStudio.TestPlatform.Extensions.Html.TestLogger.dll
C:\Program Files\dotnet\sdk\8.0.101\Extensions\Microsoft.VisualStudio.TestPlatform.Extensions.Trx.TestLogger.dll
TpTrace Verbose: 0 : 20684, 1, 2024/03/11, 19:15:15.856, 135399889986, vstest.console.dll, TestPluginCache.GetExtensionPaths: Added unfilterableExtensionPaths: 
TpTrace Information: 0 : 20684, 1, 2024/03/11, 19:15:15.857, 135399893456, vstest.console.dll, AssemblyResolver.ctor: Creating AssemblyResolver with searchDirectories C:\Program Files\dotnet\sdk\8.0.101\Extensions,C:\Program Files\dotnet\sdk\8.0.101
TpTrace Verbose: 0 : 20684, 1, 2024/03/11, 19:15:15.857, 135399902079, vstest.console.dll, TestPluginCache.DiscoverTestExtensions: Discovering the extensions using extension path.
TpTrace Verbose: 0 : 20684, 1, 2024/03/11, 19:15:15.857, 135399902823, vstest.console.dll, TestPluginCache.GetExtensionPaths: Filtered extension paths: 
TpTrace Verbose: 0 : 20684, 1, 2024/03/11, 19:15:15.858, 135399903106, vstest.console.dll, TestPluginCache.GetExtensionPaths: Added default extension paths: C:\Program Files\dotnet\sdk\8.0.101\Extensions\Microsoft.Diagnostics.NETCore.Client.dll
C:\Program Files\dotnet\sdk\8.0.101\Extensions\Microsoft.TestPlatform.Extensions.BlameDataCollector.dll
C:\Program Files\dotnet\sdk\8.0.101\Extensions\Microsoft.TestPlatform.Extensions.EventLogCollector.dll
C:\Program Files\dotnet\sdk\8.0.101\Extensions\Microsoft.TestPlatform.TestHostRuntimeProvider.dll
C:\Program Files\dotnet\sdk\8.0.101\Extensions\Microsoft.VisualStudio.TestPlatform.Extensions.Html.TestLogger.dll
C:\Program Files\dotnet\sdk\8.0.101\Extensions\Microsoft.VisualStudio.TestPlatform.Extensions.Trx.TestLogger.dll
TpTrace Verbose: 0 : 20684, 1, 2024/03/11, 19:15:15.858, 135399903265, vstest.console.dll, TestPluginCache.GetExtensionPaths: Added unfilterableExtensionPaths: 
TpTrace Verbose: 0 : 20684, 1, 2024/03/11, 19:15:15.858, 135399904052, vstest.console.dll, TestPluginCache.DiscoverTestExtensions: Discovering the extensions using allExtensionPaths: C:\Program Files\dotnet\sdk\8.0.101\Extensions\Microsoft.Diagnostics.NETCore.Client.dll
C:\Program Files\dotnet\sdk\8.0.101\Extensions\Microsoft.TestPlatform.Extensions.BlameDataCollector.dll
C:\Program Files\dotnet\sdk\8.0.101\Extensions\Microsoft.TestPlatform.Extensions.EventLogCollector.dll
C:\Program Files\dotnet\sdk\8.0.101\Extensions\Microsoft.TestPlatform.TestHostRuntimeProvider.dll
C:\Program Files\dotnet\sdk\8.0.101\Extensions\Microsoft.VisualStudio.TestPlatform.Extensions.Html.TestLogger.dll
C:\Program Files\dotnet\sdk\8.0.101\Extensions\Microsoft.VisualStudio.TestPlatform.Extensions.Trx.TestLogger.dll
TpTrace Information: 0 : 20684, 1, 2024/03/11, 19:15:15.858, 135399904698, vstest.console.dll, AssemblyResolver.AddSearchDirectories: Adding more searchDirectories C:\Program Files\dotnet\sdk\8.0.101\Extensions,C:\Program Files\dotnet\sdk\8.0.101
TpTrace Information: 0 : 20684, 1, 2024/03/11, 19:15:15.858, 135399905065, vstest.console.dll, AssemblyResolver.AddSearchDirectories: Adding more searchDirectories C:\Program Files\dotnet\sdk\8.0.101\Extensions,C:\Program Files\dotnet\sdk\8.0.101
TpTrace Information: 0 : 20684, 1, 2024/03/11, 19:15:15.858, 135399905247, vstest.console.dll, AssemblyResolver.AddSearchDirectories: Adding more searchDirectories C:\Program Files\dotnet\sdk\8.0.101\Extensions,C:\Program Files\dotnet\sdk\8.0.101
TpTrace Information: 0 : 20684, 1, 2024/03/11, 19:15:15.858, 135399905399, vstest.console.dll, AssemblyResolver.AddSearchDirectories: Adding more searchDirectories C:\Program Files\dotnet\sdk\8.0.101\Extensions,C:\Program Files\dotnet\sdk\8.0.101
TpTrace Information: 0 : 20684, 1, 2024/03/11, 19:15:15.858, 135399905563, vstest.console.dll, AssemblyResolver.AddSearchDirectories: Adding more searchDirectories C:\Program Files\dotnet\sdk\8.0.101\Extensions,C:\Program Files\dotnet\sdk\8.0.101
TpTrace Information: 0 : 20684, 1, 2024/03/11, 19:15:15.858, 135399905713, vstest.console.dll, AssemblyResolver.AddSearchDirectories: Adding more searchDirectories C:\Program Files\dotnet\sdk\8.0.101\Extensions,C:\Program Files\dotnet\sdk\8.0.101
TpTrace Information: 0 : 20684, 1, 2024/03/11, 19:15:15.858, 135399909036, vstest.console.dll, AssemblyResolver.OnResolve: Microsoft.Diagnostics.NETCore.Client: Resolving assembly.
TpTrace Information: 0 : 20684, 1, 2024/03/11, 19:15:15.858, 135399909579, vstest.console.dll, AssemblyResolver.OnResolve: Microsoft.Diagnostics.NETCore.Client: Searching in: 'C:\Program Files\dotnet\sdk\8.0.101\Extensions'.
TpTrace Information: 0 : 20684, 1, 2024/03/11, 19:15:15.862, 135399949856, vstest.console.dll, AssemblyResolver.OnResolve: Microsoft.Diagnostics.NETCore.Client: Loading assembly 'C:\Program Files\dotnet\sdk\8.0.101\Extensions\Microsoft.Diagnostics.NETCore.Client.dll'.
TpTrace Information: 0 : 20684, 1, 2024/03/11, 19:15:15.862, 135399952626, vstest.console.dll, AssemblyResolver.OnResolve: Resolved assembly: Microsoft.Diagnostics.NETCore.Client, from path: C:\Program Files\dotnet\sdk\8.0.101\Extensions\Microsoft.Diagnostics.NETCore.Client.dll
TpTrace Verbose: 0 : 20684, 1, 2024/03/11, 19:15:15.865, 135399982093, vstest.console.dll, MetadataReaderExtensionsHelper: Discovering extensions inside assembly 'Microsoft.Diagnostics.NETCore.Client, Version=0.2.8.21101, Culture=neutral, PublicKeyToken=31bf3856ad364e35' file path 'C:\Program Files\dotnet\sdk\8.0.101\Extensions\Microsoft.Diagnostics.NETCore.Client.dll'
TpTrace Information: 0 : 20684, 1, 2024/03/11, 19:15:15.868, 135400003613, vstest.console.dll, AssemblyResolver.OnResolve: Microsoft.Bcl.AsyncInterfaces: Resolving assembly.
TpTrace Information: 0 : 20684, 1, 2024/03/11, 19:15:15.868, 135400004122, vstest.console.dll, AssemblyResolver.OnResolve: Microsoft.Bcl.AsyncInterfaces: Searching in: 'C:\Program Files\dotnet\sdk\8.0.101\Extensions'.
TpTrace Information: 0 : 20684, 1, 2024/03/11, 19:15:15.868, 135400004567, vstest.console.dll, AssemblyResolver.OnResolve: Microsoft.Bcl.AsyncInterfaces: Assembly path does not exist: 'C:\Program Files\dotnet\sdk\8.0.101\Extensions\Microsoft.Bcl.AsyncInterfaces.dll', returning.
TpTrace Information: 0 : 20684, 1, 2024/03/11, 19:15:15.868, 135400005196, vstest.console.dll, AssemblyResolver.OnResolve: Microsoft.Bcl.AsyncInterfaces: Assembly path does not exist: 'C:\Program Files\dotnet\sdk\8.0.101\Extensions\Microsoft.Bcl.AsyncInterfaces.exe', returning.
TpTrace Information: 0 : 20684, 1, 2024/03/11, 19:15:15.868, 135400005412, vstest.console.dll, AssemblyResolver.OnResolve: Microsoft.Bcl.AsyncInterfaces: Searching in: 'C:\Program Files\dotnet\sdk\8.0.101'.
TpTrace Information: 0 : 20684, 1, 2024/03/11, 19:15:15.868, 135400005728, vstest.console.dll, AssemblyResolver.OnResolve: Microsoft.Bcl.AsyncInterfaces: Assembly path does not exist: 'C:\Program Files\dotnet\sdk\8.0.101\Microsoft.Bcl.AsyncInterfaces.dll', returning.
TpTrace Information: 0 : 20684, 1, 2024/03/11, 19:15:15.868, 135400006044, vstest.console.dll, AssemblyResolver.OnResolve: Microsoft.Bcl.AsyncInterfaces: Assembly path does not exist: 'C:\Program Files\dotnet\sdk\8.0.101\Microsoft.Bcl.AsyncInterfaces.exe', returning.
TpTrace Information: 0 : 20684, 1, 2024/03/11, 19:15:15.868, 135400006199, vstest.console.dll, AssemblyResolver.OnResolve: Microsoft.Bcl.AsyncInterfaces: Failed to load assembly.
TpTrace Verbose: 0 : 20684, 1, 2024/03/11, 19:15:15.868, 135400006388, vstest.console.dll, CurrentDomainAssemblyResolve: Resolving assembly 'Microsoft.Bcl.AsyncInterfaces'.
TpTrace Information: 0 : 20684, 1, 2024/03/11, 19:15:15.868, 135400006827, vstest.console.dll, AssemblyResolver.OnResolve: Microsoft.Bcl.AsyncInterfaces: Resolving assembly.
TpTrace Information: 0 : 20684, 1, 2024/03/11, 19:15:15.868, 135400007055, vstest.console.dll, AssemblyResolver.OnResolve: Microsoft.Bcl.AsyncInterfaces: Resolved from cache.
TpTrace Verbose: 0 : 20684, 1, 2024/03/11, 19:15:15.868, 135400007261, vstest.console.dll, CurrentDomainAssemblyResolve: Resolving assembly 'Microsoft.Bcl.AsyncInterfaces'.
TpTrace Verbose: 0 : 20684, 1, 2024/03/11, 19:15:15.868, 135400007438, vstest.console.dll, CurrentDomainAssemblyResolve: Failed to resolve assembly 'Microsoft.Bcl.AsyncInterfaces'.
TpTrace Verbose: 0 : 20684, 1, 2024/03/11, 19:15:15.868, 135400011848, vstest.console.dll, CurrentDomainAssemblyResolve: Failed to resolve assembly 'Microsoft.Bcl.AsyncInterfaces'.
TpTrace Warning: 0 : 20684, 1, 2024/03/11, 19:15:15.874, 135400070496, vstest.console.dll, TestPluginDiscoverer: Failed to get types from assembly 'Microsoft.Diagnostics.NETCore.Client, Version=0.2.8.21101, Culture=neutral, PublicKeyToken=31bf3856ad364e35'. Error: System.Reflection.ReflectionTypeLoadException: Unable to load one or more of the requested types.
Could not load file or assembly 'Microsoft.Bcl.AsyncInterfaces, Version=1.0.0.0, Culture=neutral, PublicKeyToken=cc7b13ffcd2ddd51'. The system cannot find the file specified.
   at System.Reflection.RuntimeModule.GetTypes(RuntimeModule module)
   at System.Reflection.RuntimeModule.GetTypes()
   at Microsoft.VisualStudio.TestPlatform.Common.ExtensionFramework.TestPluginDiscoverer.GetTestExtensionsFromAssembly[TPluginInfo,TExtension](Assembly assembly, Dictionary`2 pluginInfos, String filePath) in /_/src/Microsoft.TestPlatform.Common/ExtensionFramework/TestPluginDiscoverer.cs:line 158
System.IO.FileNotFoundException: Could not load file or assembly 'Microsoft.Bcl.AsyncInterfaces, Version=1.0.0.0, Culture=neutral, PublicKeyToken=cc7b13ffcd2ddd51'. The system cannot find the file specified.
File name: 'Microsoft.Bcl.AsyncInterfaces, Version=1.0.0.0, Culture=neutral, PublicKeyToken=cc7b13ffcd2ddd51'
 ---> System.IO.FileNotFoundException: Could not load file or assembly 'Microsoft.Bcl.AsyncInterfaces, Culture=neutral, PublicKeyToken=null'. The system cannot find the file specified.
File name: 'Microsoft.Bcl.AsyncInterfaces, Culture=neutral, PublicKeyToken=null'
   at System.Reflection.RuntimeAssembly.InternalLoad(AssemblyName assemblyName, StackCrawlMark& stackMark, AssemblyLoadContext assemblyLoadContext, RuntimeAssembly requestingAssembly, Boolean throwOnFileNotFound)
   at System.Reflection.Assembly.Load(AssemblyName assemblyRef)
   at Microsoft.VisualStudio.TestPlatform.Common.ExtensionFramework.TestPluginCache.CurrentDomainAssemblyResolve(Object sender, AssemblyResolveEventArgs args) in /_/src/Microsoft.TestPlatform.Common/ExtensionFramework/TestPluginCache.cs:line 513
   at System.Runtime.Loader.AssemblyLoadContext.GetFirstResolvedAssemblyFromResolvingEvent(AssemblyName assemblyName)
   at System.Runtime.Loader.AssemblyLoadContext.ResolveUsingEvent(AssemblyName assemblyName)
   at System.Runtime.Loader.AssemblyLoadContext.ResolveUsingResolvingEvent(IntPtr gchManagedAssemblyLoadContext, AssemblyName assemblyName)
TpTrace Warning: 0 : 20684, 1, 2024/03/11, 19:15:15.875, 135400073126, vstest.console.dll, LoaderExceptions: System.IO.FileNotFoundException: Could not load file or assembly 'Microsoft.Bcl.AsyncInterfaces, Version=1.0.0.0, Culture=neutral, PublicKeyToken=cc7b13ffcd2ddd51'. The system cannot find the file specified.
File name: 'Microsoft.Bcl.AsyncInterfaces, Version=1.0.0.0, Culture=neutral, PublicKeyToken=cc7b13ffcd2ddd51'
 ---> System.IO.FileNotFoundException: Could not load file or assembly 'Microsoft.Bcl.AsyncInterfaces, Culture=neutral, PublicKeyToken=null'. The system cannot find the file specified.
File name: 'Microsoft.Bcl.AsyncInterfaces, Culture=neutral, PublicKeyToken=null'
   at System.Reflection.RuntimeAssembly.InternalLoad(AssemblyName assemblyName, StackCrawlMark& stackMark, AssemblyLoadContext assemblyLoadContext, RuntimeAssembly requestingAssembly, Boolean throwOnFileNotFound)
   at System.Reflection.Assembly.Load(AssemblyName assemblyRef)
   at Microsoft.VisualStudio.TestPlatform.Common.ExtensionFramework.TestPluginCache.CurrentDomainAssemblyResolve(Object sender, AssemblyResolveEventArgs args) in /_/src/Microsoft.TestPlatform.Common/ExtensionFramework/TestPluginCache.cs:line 513
   at System.Runtime.Loader.AssemblyLoadContext.GetFirstResolvedAssemblyFromResolvingEvent(AssemblyName assemblyName)
   at System.Runtime.Loader.AssemblyLoadContext.ResolveUsingEvent(AssemblyName assemblyName)
   at System.Runtime.Loader.AssemblyLoadContext.ResolveUsingResolvingEvent(IntPtr gchManagedAssemblyLoadContext, AssemblyName assemblyName)
TpTrace Information: 0 : 20684, 1, 2024/03/11, 19:15:15.875, 135400074133, vstest.console.dll, AssemblyResolver.OnResolve: Microsoft.TestPlatform.Extensions.BlameDataCollector: Resolving assembly.
TpTrace Information: 0 : 20684, 1, 2024/03/11, 19:15:15.875, 135400074497, vstest.console.dll, AssemblyResolver.OnResolve: Microsoft.TestPlatform.Extensions.BlameDataCollector: Searching in: 'C:\Program Files\dotnet\sdk\8.0.101\Extensions'.
TpTrace Information: 0 : 20684, 1, 2024/03/11, 19:15:15.875, 135400076617, vstest.console.dll, AssemblyResolver.OnResolve: Microsoft.TestPlatform.Extensions.BlameDataCollector: Loading assembly 'C:\Program Files\dotnet\sdk\8.0.101\Extensions\Microsoft.TestPlatform.Extensions.BlameDataCollector.dll'.
TpTrace Information: 0 : 20684, 1, 2024/03/11, 19:15:15.875, 135400079534, vstest.console.dll, AssemblyResolver.OnResolve: Resolved assembly: Microsoft.TestPlatform.Extensions.BlameDataCollector, from path: C:\Program Files\dotnet\sdk\8.0.101\Extensions\Microsoft.TestPlatform.Extensions.BlameDataCollector.dll
TpTrace Verbose: 0 : 20684, 1, 2024/03/11, 19:15:15.875, 135400080102, vstest.console.dll, MetadataReaderExtensionsHelper: Discovering extensions inside assembly 'Microsoft.TestPlatform.Extensions.BlameDataCollector, Version=15.0.0.0, Culture=neutral, PublicKeyToken=b03f5f7f11d50a3a' file path 'C:\Program Files\dotnet\sdk\8.0.101\Extensions\Microsoft.TestPlatform.Extensions.BlameDataCollector.dll'
TpTrace Information: 0 : 20684, 1, 2024/03/11, 19:15:15.876, 135400088257, vstest.console.dll, AssemblyResolver.OnResolve: Microsoft.TestPlatform.Extensions.EventLogCollector: Resolving assembly.
TpTrace Information: 0 : 20684, 1, 2024/03/11, 19:15:15.876, 135400088667, vstest.console.dll, AssemblyResolver.OnResolve: Microsoft.TestPlatform.Extensions.EventLogCollector: Searching in: 'C:\Program Files\dotnet\sdk\8.0.101\Extensions'.
TpTrace Information: 0 : 20684, 1, 2024/03/11, 19:15:15.876, 135400090349, vstest.console.dll, AssemblyResolver.OnResolve: Microsoft.TestPlatform.Extensions.EventLogCollector: Loading assembly 'C:\Program Files\dotnet\sdk\8.0.101\Extensions\Microsoft.TestPlatform.Extensions.EventLogCollector.dll'.
TpTrace Information: 0 : 20684, 1, 2024/03/11, 19:15:15.876, 135400092437, vstest.console.dll, AssemblyResolver.OnResolve: Resolved assembly: Microsoft.TestPlatform.Extensions.EventLogCollector, from path: C:\Program Files\dotnet\sdk\8.0.101\Extensions\Microsoft.TestPlatform.Extensions.EventLogCollector.dll
TpTrace Verbose: 0 : 20684, 1, 2024/03/11, 19:15:15.877, 135400092927, vstest.console.dll, MetadataReaderExtensionsHelper: Discovering extensions inside assembly 'Microsoft.TestPlatform.Extensions.EventLogCollector, Version=15.0.0.0, Culture=neutral, PublicKeyToken=b03f5f7f11d50a3a' file path 'C:\Program Files\dotnet\sdk\8.0.101\Extensions\Microsoft.TestPlatform.Extensions.EventLogCollector.dll'
TpTrace Information: 0 : 20684, 1, 2024/03/11, 19:15:15.878, 135400102971, vstest.console.dll, AssemblyResolver.OnResolve: Microsoft.TestPlatform.TestHostRuntimeProvider: Resolving assembly.
TpTrace Information: 0 : 20684, 1, 2024/03/11, 19:15:15.878, 135400103367, vstest.console.dll, AssemblyResolver.OnResolve: Microsoft.TestPlatform.TestHostRuntimeProvider: Searching in: 'C:\Program Files\dotnet\sdk\8.0.101\Extensions'.
TpTrace Information: 0 : 20684, 1, 2024/03/11, 19:15:15.878, 135400104692, vstest.console.dll, AssemblyResolver.OnResolve: Microsoft.TestPlatform.TestHostRuntimeProvider: Loading assembly 'C:\Program Files\dotnet\sdk\8.0.101\Extensions\Microsoft.TestPlatform.TestHostRuntimeProvider.dll'.
TpTrace Information: 0 : 20684, 1, 2024/03/11, 19:15:15.878, 135400106694, vstest.console.dll, AssemblyResolver.OnResolve: Resolved assembly: Microsoft.TestPlatform.TestHostRuntimeProvider, from path: C:\Program Files\dotnet\sdk\8.0.101\Extensions\Microsoft.TestPlatform.TestHostRuntimeProvider.dll
TpTrace Verbose: 0 : 20684, 1, 2024/03/11, 19:15:15.878, 135400107175, vstest.console.dll, MetadataReaderExtensionsHelper: Discovering extensions inside assembly 'Microsoft.TestPlatform.TestHostRuntimeProvider, Version=15.0.0.0, Culture=neutral, PublicKeyToken=b03f5f7f11d50a3a' file path 'C:\Program Files\dotnet\sdk\8.0.101\Extensions\Microsoft.TestPlatform.TestHostRuntimeProvider.dll'
TpTrace Information: 0 : 20684, 1, 2024/03/11, 19:15:15.879, 135400115881, vstest.console.dll, GetTestExtensionFromType: Register extension with identifier data 'HostProvider://DefaultTestHost' and type 'Microsoft.VisualStudio.TestPlatform.CrossPlatEngine.Hosting.DefaultTestHostManager, Microsoft.TestPlatform.TestHostRuntimeProvider, Version=15.0.0.0, Culture=neutral, PublicKeyToken=b03f5f7f11d50a3a' inside file 'C:\Program Files\dotnet\sdk\8.0.101\Extensions\Microsoft.TestPlatform.TestHostRuntimeProvider.dll'
TpTrace Information: 0 : 20684, 1, 2024/03/11, 19:15:15.879, 135400117550, vstest.console.dll, GetTestExtensionFromType: Register extension with identifier data 'HostProvider://DotnetTestHost' and type 'Microsoft.VisualStudio.TestPlatform.CrossPlatEngine.Hosting.DotnetTestHostManager, Microsoft.TestPlatform.TestHostRuntimeProvider, Version=15.0.0.0, Culture=neutral, PublicKeyToken=b03f5f7f11d50a3a' inside file 'C:\Program Files\dotnet\sdk\8.0.101\Extensions\Microsoft.TestPlatform.TestHostRuntimeProvider.dll'
TpTrace Information: 0 : 20684, 1, 2024/03/11, 19:15:15.879, 135400118022, vstest.console.dll, AssemblyResolver.OnResolve: Microsoft.VisualStudio.TestPlatform.Extensions.Html.TestLogger: Resolving assembly.
TpTrace Information: 0 : 20684, 1, 2024/03/11, 19:15:15.879, 135400118258, vstest.console.dll, AssemblyResolver.OnResolve: Microsoft.VisualStudio.TestPlatform.Extensions.Html.TestLogger: Searching in: 'C:\Program Files\dotnet\sdk\8.0.101\Extensions'.
TpTrace Information: 0 : 20684, 1, 2024/03/11, 19:15:15.879, 135400119595, vstest.console.dll, AssemblyResolver.OnResolve: Microsoft.VisualStudio.TestPlatform.Extensions.Html.TestLogger: Loading assembly 'C:\Program Files\dotnet\sdk\8.0.101\Extensions\Microsoft.VisualStudio.TestPlatform.Extensions.Html.TestLogger.dll'.
TpTrace Information: 0 : 20684, 1, 2024/03/11, 19:15:15.879, 135400121881, vstest.console.dll, AssemblyResolver.OnResolve: Resolved assembly: Microsoft.VisualStudio.TestPlatform.Extensions.Html.TestLogger, from path: C:\Program Files\dotnet\sdk\8.0.101\Extensions\Microsoft.VisualStudio.TestPlatform.Extensions.Html.TestLogger.dll
TpTrace Verbose: 0 : 20684, 1, 2024/03/11, 19:15:15.879, 135400122331, vstest.console.dll, MetadataReaderExtensionsHelper: Discovering extensions inside assembly 'Microsoft.VisualStudio.TestPlatform.Extensions.Html.TestLogger, Version=15.0.0.0, Culture=neutral, PublicKeyToken=b03f5f7f11d50a3a' file path 'C:\Program Files\dotnet\sdk\8.0.101\Extensions\Microsoft.VisualStudio.TestPlatform.Extensions.Html.TestLogger.dll'
TpTrace Information: 0 : 20684, 1, 2024/03/11, 19:15:15.880, 135400126078, vstest.console.dll, AssemblyResolver.OnResolve: Microsoft.VisualStudio.TestPlatform.Extensions.Trx.TestLogger: Resolving assembly.
TpTrace Information: 0 : 20684, 1, 2024/03/11, 19:15:15.880, 135400126450, vstest.console.dll, AssemblyResolver.OnResolve: Microsoft.VisualStudio.TestPlatform.Extensions.Trx.TestLogger: Searching in: 'C:\Program Files\dotnet\sdk\8.0.101\Extensions'.
TpTrace Information: 0 : 20684, 1, 2024/03/11, 19:15:15.880, 135400128084, vstest.console.dll, AssemblyResolver.OnResolve: Microsoft.VisualStudio.TestPlatform.Extensions.Trx.TestLogger: Loading assembly 'C:\Program Files\dotnet\sdk\8.0.101\Extensions\Microsoft.VisualStudio.TestPlatform.Extensions.Trx.TestLogger.dll'.
TpTrace Information: 0 : 20684, 1, 2024/03/11, 19:15:15.880, 135400130514, vstest.console.dll, AssemblyResolver.OnResolve: Resolved assembly: Microsoft.VisualStudio.TestPlatform.Extensions.Trx.TestLogger, from path: C:\Program Files\dotnet\sdk\8.0.101\Extensions\Microsoft.VisualStudio.TestPlatform.Extensions.Trx.TestLogger.dll
TpTrace Verbose: 0 : 20684, 1, 2024/03/11, 19:15:15.880, 135400130921, vstest.console.dll, MetadataReaderExtensionsHelper: Discovering extensions inside assembly 'Microsoft.VisualStudio.TestPlatform.Extensions.Trx.TestLogger, Version=15.0.0.0, Culture=neutral, PublicKeyToken=b03f5f7f11d50a3a' file path 'C:\Program Files\dotnet\sdk\8.0.101\Extensions\Microsoft.VisualStudio.TestPlatform.Extensions.Trx.TestLogger.dll'
TpTrace Verbose: 0 : 20684, 1, 2024/03/11, 19:15:15.881, 135400136384, vstest.console.dll, TestPluginCache: Discovered the extensions using extension path ''.
TpTrace Verbose: 0 : 20684, 1, 2024/03/11, 19:15:15.881, 135400136849, vstest.console.dll, TestPluginCache: Discoverers are ''.
TpTrace Verbose: 0 : 20684, 1, 2024/03/11, 19:15:15.881, 135400137025, vstest.console.dll, TestPluginCache: Executors are ''.
TpTrace Verbose: 0 : 20684, 1, 2024/03/11, 19:15:15.881, 135400137165, vstest.console.dll, TestPluginCache: Executors2 are ''.
TpTrace Verbose: 0 : 20684, 1, 2024/03/11, 19:15:15.881, 135400137296, vstest.console.dll, TestPluginCache: Setting providers are ''.
TpTrace Verbose: 0 : 20684, 1, 2024/03/11, 19:15:15.881, 135400137426, vstest.console.dll, TestPluginCache: Loggers are ''.
TpTrace Verbose: 0 : 20684, 1, 2024/03/11, 19:15:15.881, 135400138565, vstest.console.dll, TestPluginCache: TestHosts are 'HostProvider://DefaultTestHost,HostProvider://DotnetTestHost'.
TpTrace Verbose: 0 : 20684, 1, 2024/03/11, 19:15:15.881, 135400138813, vstest.console.dll, TestPluginCache: DataCollectors are ''.
TpTrace Information: 0 : 20684, 1, 2024/03/11, 19:15:15.888, 135400212603, vstest.console.dll, RunTestsArgumentProcessor:Execute: Test run is starting.
TpTrace Verbose: 0 : 20684, 1, 2024/03/11, 19:15:15.889, 135400213018, vstest.console.dll, RunTestsArgumentProcessor:Execute: Queuing Test run.
TpTrace Information: 0 : 20684, 1, 2024/03/11, 19:15:15.889, 135400214593, vstest.console.dll, TestRequestManager.RunTests: run tests started.
TpTrace Information: 0 : 20684, 1, 2024/03/11, 19:15:15.889, 135400222180, vstest.console.dll, AssemblyMetadataProvider.GetFrameworkName: Determined framework:'.NETCoreApp,Version=v6.0' for source: 'D:\Иван\QA SoftUni\Back-End Test Automation\Back-End Test Automation\03. Exercise API Testing with C#\RestSharpExercise\TestGitHubApi\bin\Debug\net6.0\fine-code-coverage\build-output\TestGitHubApi.dll'
TpTrace Information: 0 : 20684, 1, 2024/03/11, 19:15:15.890, 135400223155, vstest.console.dll, Determined framework for all sources: .NETCoreApp,Version=v6.0
TpTrace Verbose: 0 : 20684, 1, 2024/03/11, 19:15:15.890, 135400225374, vstest.console.dll, TestRequestManager.UpdateRunSettingsIfRequired: Default architecture: X64 IsDefaultTargetArchitecture: True, Current process architecture: X64 OperatingSystem: Windows.
TpTrace Information: 0 : 20684, 1, 2024/03/11, 19:15:15.891, 135400234498, vstest.console.dll, AssemblyMetadataProvider.GetArchitecture: Determined architecture:AnyCPU info for assembly: D:\Иван\QA SoftUni\Back-End Test Automation\Back-End Test Automation\03. Exercise API Testing with C#\RestSharpExercise\TestGitHubApi\bin\Debug\net6.0\fine-code-coverage\build-output\TestGitHubApi.dll
TpTrace Information: 0 : 20684, 1, 2024/03/11, 19:15:15.891, 135400234818, vstest.console.dll, Determined platform for source 'D:\Иван\QA SoftUni\Back-End Test Automation\Back-End Test Automation\03. Exercise API Testing with C#\RestSharpExercise\TestGitHubApi\bin\Debug\net6.0\fine-code-coverage\build-output\TestGitHubApi.dll' was AnyCPU and it will use the default plaform X64.
TpTrace Information: 0 : 20684, 1, 2024/03/11, 19:15:15.891, 135400234981, vstest.console.dll, None of the sources provided any runnable platform, using the default platform: X64
TpTrace Information: 0 : 20684, 1, 2024/03/11, 19:15:15.891, 135400235533, vstest.console.dll, Platform was updated to 'X64'.
TpTrace Information: 0 : 20684, 1, 2024/03/11, 19:15:15.893, 135400255350, vstest.console.dll, InferRunSettingsHelper.IsTestSettingsEnabled: Unable to navigate to RunSettings/MSTest. Current node: RunSettings
TpTrace Information: 0 : 20684, 1, 2024/03/11, 19:15:15.893, 135400258962, vstest.console.dll, AssemblyResolver.OnResolve: Microsoft.VisualStudio.TestPlatform.Fakes: Resolving assembly.
TpTrace Information: 0 : 20684, 1, 2024/03/11, 19:15:15.893, 135400259411, vstest.console.dll, AssemblyResolver.OnResolve: Microsoft.VisualStudio.TestPlatform.Fakes: Searching in: 'C:\Program Files\dotnet\sdk\8.0.101\Extensions'.
TpTrace Information: 0 : 20684, 1, 2024/03/11, 19:15:15.893, 135400259886, vstest.console.dll, AssemblyResolver.OnResolve: Microsoft.VisualStudio.TestPlatform.Fakes: Assembly path does not exist: 'C:\Program Files\dotnet\sdk\8.0.101\Extensions\Microsoft.VisualStudio.TestPlatform.Fakes.dll', returning.
TpTrace Information: 0 : 20684, 1, 2024/03/11, 19:15:15.893, 135400260244, vstest.console.dll, AssemblyResolver.OnResolve: Microsoft.VisualStudio.TestPlatform.Fakes: Assembly path does not exist: 'C:\Program Files\dotnet\sdk\8.0.101\Extensions\Microsoft.VisualStudio.TestPlatform.Fakes.exe', returning.
TpTrace Information: 0 : 20684, 1, 2024/03/11, 19:15:15.893, 135400260416, vstest.console.dll, AssemblyResolver.OnResolve: Microsoft.VisualStudio.TestPlatform.Fakes: Searching in: 'C:\Program Files\dotnet\sdk\8.0.101'.
TpTrace Information: 0 : 20684, 1, 2024/03/11, 19:15:15.893, 135400260735, vstest.console.dll, AssemblyResolver.OnResolve: Microsoft.VisualStudio.TestPlatform.Fakes: Assembly path does not exist: 'C:\Program Files\dotnet\sdk\8.0.101\Microsoft.VisualStudio.TestPlatform.Fakes.dll', returning.
TpTrace Information: 0 : 20684, 1, 2024/03/11, 19:15:15.893, 135400261009, vstest.console.dll, AssemblyResolver.OnResolve: Microsoft.VisualStudio.TestPlatform.Fakes: Assembly path does not exist: 'C:\Program Files\dotnet\sdk\8.0.101\Microsoft.VisualStudio.TestPlatform.Fakes.exe', returning.
TpTrace Information: 0 : 20684, 1, 2024/03/11, 19:15:15.893, 135400261222, vstest.console.dll, AssemblyResolver.OnResolve: Microsoft.VisualStudio.TestPlatform.Fakes: Failed to load assembly.
TpTrace Information: 0 : 20684, 1, 2024/03/11, 19:15:15.894, 135400263047, vstest.console.dll, Failed to load assembly Microsoft.VisualStudio.TestPlatform.Fakes, Version=17.0.0.0, Culture=neutral. Reason:System.IO.FileNotFoundException: Could not load file or assembly 'Microsoft.VisualStudio.TestPlatform.Fakes, Version=17.0.0.0, Culture=neutral, PublicKeyToken=null'. The system cannot find the file specified.
File name: 'Microsoft.VisualStudio.TestPlatform.Fakes, Version=17.0.0.0, Culture=neutral, PublicKeyToken=null'
   at System.Reflection.RuntimeAssembly.InternalLoad(AssemblyName assemblyName, StackCrawlMark& stackMark, AssemblyLoadContext assemblyLoadContext, RuntimeAssembly requestingAssembly, Boolean throwOnFileNotFound)
   at System.Reflection.Assembly.Load(AssemblyName assemblyRef)
   at Microsoft.VisualStudio.TestPlatform.Common.Utilities.FakesUtilities.LoadTestPlatformAssembly() in /_/src/Microsoft.TestPlatform.Common/Utilities/FakesUtilities.cs:line 272
TpTrace Verbose: 0 : 20684, 1, 2024/03/11, 19:15:15.895, 135400282751, vstest.console.dll, TestPluginCache.DiscoverTestExtensions: finding test extensions in assemblies ends with: TestLogger.dll TPluginInfo: Microsoft.VisualStudio.TestPlatform.Common.ExtensionFramework.Utilities.TestLoggerPluginInformation TExtension: Microsoft.VisualStudio.TestPlatform.ObjectModel.Client.ITestLogger
TpTrace Verbose: 0 : 20684, 1, 2024/03/11, 19:15:15.896, 135400283247, vstest.console.dll, TestPluginCache.GetExtensionPaths: Filtered extension paths: 
TpTrace Verbose: 0 : 20684, 1, 2024/03/11, 19:15:15.896, 135400283439, vstest.console.dll, TestPluginCache.GetExtensionPaths: Added default extension paths: C:\Program Files\dotnet\sdk\8.0.101\Extensions\Microsoft.Diagnostics.NETCore.Client.dll
C:\Program Files\dotnet\sdk\8.0.101\Extensions\Microsoft.TestPlatform.Extensions.BlameDataCollector.dll
C:\Program Files\dotnet\sdk\8.0.101\Extensions\Microsoft.TestPlatform.Extensions.EventLogCollector.dll
C:\Program Files\dotnet\sdk\8.0.101\Extensions\Microsoft.TestPlatform.TestHostRuntimeProvider.dll
C:\Program Files\dotnet\sdk\8.0.101\Extensions\Microsoft.VisualStudio.TestPlatform.Extensions.Html.TestLogger.dll
C:\Program Files\dotnet\sdk\8.0.101\Extensions\Microsoft.VisualStudio.TestPlatform.Extensions.Trx.TestLogger.dll
TpTrace Verbose: 0 : 20684, 1, 2024/03/11, 19:15:15.896, 135400283600, vstest.console.dll, TestPluginCache.GetExtensionPaths: Added unfilterableExtensionPaths: 
TpTrace Information: 0 : 20684, 1, 2024/03/11, 19:15:15.896, 135400284351, vstest.console.dll, AssemblyResolver.AddSearchDirectories: Adding more searchDirectories C:\Program Files\dotnet\sdk\8.0.101\Extensions,C:\Program Files\dotnet\sdk\8.0.101
TpTrace Verbose: 0 : 20684, 1, 2024/03/11, 19:15:15.896, 135400284619, vstest.console.dll, TestPluginCache.DiscoverTestExtensions: Discovering the extensions using extension path.
TpTrace Verbose: 0 : 20684, 1, 2024/03/11, 19:15:15.896, 135400284805, vstest.console.dll, TestPluginCache.GetExtensionPaths: Filtered extension paths: 
TpTrace Verbose: 0 : 20684, 1, 2024/03/11, 19:15:15.896, 135400284983, vstest.console.dll, TestPluginCache.GetExtensionPaths: Added default extension paths: C:\Program Files\dotnet\sdk\8.0.101\Extensions\Microsoft.Diagnostics.NETCore.Client.dll
C:\Program Files\dotnet\sdk\8.0.101\Extensions\Microsoft.TestPlatform.Extensions.BlameDataCollector.dll
C:\Program Files\dotnet\sdk\8.0.101\Extensions\Microsoft.TestPlatform.Extensions.EventLogCollector.dll
C:\Program Files\dotnet\sdk\8.0.101\Extensions\Microsoft.TestPlatform.TestHostRuntimeProvider.dll
C:\Program Files\dotnet\sdk\8.0.101\Extensions\Microsoft.VisualStudio.TestPlatform.Extensions.Html.TestLogger.dll
C:\Program Files\dotnet\sdk\8.0.101\Extensions\Microsoft.VisualStudio.TestPlatform.Extensions.Trx.TestLogger.dll
TpTrace Verbose: 0 : 20684, 1, 2024/03/11, 19:15:15.896, 135400285132, vstest.console.dll, TestPluginCache.GetExtensionPaths: Added unfilterableExtensionPaths: 
TpTrace Verbose: 0 : 20684, 1, 2024/03/11, 19:15:15.896, 135400285714, vstest.console.dll, TestPluginCache.DiscoverTestExtensions: Discovering the extensions using allExtensionPaths: C:\Program Files\dotnet\sdk\8.0.101\Extensions\Microsoft.Diagnostics.NETCore.Client.dll
C:\Program Files\dotnet\sdk\8.0.101\Extensions\Microsoft.TestPlatform.Extensions.BlameDataCollector.dll
C:\Program Files\dotnet\sdk\8.0.101\Extensions\Microsoft.TestPlatform.Extensions.EventLogCollector.dll
C:\Program Files\dotnet\sdk\8.0.101\Extensions\Microsoft.TestPlatform.TestHostRuntimeProvider.dll
C:\Program Files\dotnet\sdk\8.0.101\Extensions\Microsoft.VisualStudio.TestPlatform.Extensions.Html.TestLogger.dll
C:\Program Files\dotnet\sdk\8.0.101\Extensions\Microsoft.VisualStudio.TestPlatform.Extensions.Trx.TestLogger.dll
TpTrace Information: 0 : 20684, 1, 2024/03/11, 19:15:15.896, 135400286013, vstest.console.dll, AssemblyResolver.AddSearchDirectories: Adding more searchDirectories C:\Program Files\dotnet\sdk\8.0.101\Extensions,C:\Program Files\dotnet\sdk\8.0.101
TpTrace Information: 0 : 20684, 1, 2024/03/11, 19:15:15.896, 135400286213, vstest.console.dll, AssemblyResolver.AddSearchDirectories: Adding more searchDirectories C:\Program Files\dotnet\sdk\8.0.101\Extensions,C:\Program Files\dotnet\sdk\8.0.101
TpTrace Information: 0 : 20684, 1, 2024/03/11, 19:15:15.896, 135400286371, vstest.console.dll, AssemblyResolver.AddSearchDirectories: Adding more searchDirectories C:\Program Files\dotnet\sdk\8.0.101\Extensions,C:\Program Files\dotnet\sdk\8.0.101
TpTrace Information: 0 : 20684, 1, 2024/03/11, 19:15:15.896, 135400286519, vstest.console.dll, AssemblyResolver.AddSearchDirectories: Adding more searchDirectories C:\Program Files\dotnet\sdk\8.0.101\Extensions,C:\Program Files\dotnet\sdk\8.0.101
TpTrace Information: 0 : 20684, 1, 2024/03/11, 19:15:15.896, 135400286735, vstest.console.dll, AssemblyResolver.AddSearchDirectories: Adding more searchDirectories C:\Program Files\dotnet\sdk\8.0.101\Extensions,C:\Program Files\dotnet\sdk\8.0.101
TpTrace Information: 0 : 20684, 1, 2024/03/11, 19:15:15.896, 135400286892, vstest.console.dll, AssemblyResolver.AddSearchDirectories: Adding more searchDirectories C:\Program Files\dotnet\sdk\8.0.101\Extensions,C:\Program Files\dotnet\sdk\8.0.101
TpTrace Verbose: 0 : 20684, 1, 2024/03/11, 19:15:15.896, 135400287463, vstest.console.dll, MetadataReaderExtensionsHelper: Discovering extensions inside assembly 'Microsoft.Diagnostics.NETCore.Client, Version=0.2.8.21101, Culture=neutral, PublicKeyToken=31bf3856ad364e35' file path 'C:\Program Files\dotnet\sdk\8.0.101\Extensions\Microsoft.Diagnostics.NETCore.Client.dll'
TpTrace Information: 0 : 20684, 1, 2024/03/11, 19:15:15.896, 135400291552, vstest.console.dll, AssemblyResolver.OnResolve: Microsoft.Bcl.AsyncInterfaces: Resolving assembly.
TpTrace Information: 0 : 20684, 1, 2024/03/11, 19:15:15.896, 135400291868, vstest.console.dll, AssemblyResolver.OnResolve: Microsoft.Bcl.AsyncInterfaces: Resolved from cache.
TpTrace Verbose: 0 : 20684, 1, 2024/03/11, 19:15:15.896, 135400292117, vstest.console.dll, CurrentDomainAssemblyResolve: Resolving assembly 'Microsoft.Bcl.AsyncInterfaces'.
TpTrace Information: 0 : 20684, 1, 2024/03/11, 19:15:15.896, 135400292419, vstest.console.dll, AssemblyResolver.OnResolve: Microsoft.Bcl.AsyncInterfaces: Resolving assembly.
TpTrace Information: 0 : 20684, 1, 2024/03/11, 19:15:15.896, 135400292569, vstest.console.dll, AssemblyResolver.OnResolve: Microsoft.Bcl.AsyncInterfaces: Resolved from cache.
TpTrace Verbose: 0 : 20684, 1, 2024/03/11, 19:15:15.896, 135400292703, vstest.console.dll, CurrentDomainAssemblyResolve: Resolving assembly 'Microsoft.Bcl.AsyncInterfaces'.
TpTrace Verbose: 0 : 20684, 1, 2024/03/11, 19:15:15.896, 135400292827, vstest.console.dll, CurrentDomainAssemblyResolve: Failed to resolve assembly 'Microsoft.Bcl.AsyncInterfaces'.
TpTrace Verbose: 0 : 20684, 1, 2024/03/11, 19:15:15.897, 135400293676, vstest.console.dll, CurrentDomainAssemblyResolve: Failed to resolve assembly 'Microsoft.Bcl.AsyncInterfaces'.
TpTrace Warning: 0 : 20684, 1, 2024/03/11, 19:15:15.897, 135400296002, vstest.console.dll, TestPluginDiscoverer: Failed to get types from assembly 'Microsoft.Diagnostics.NETCore.Client, Version=0.2.8.21101, Culture=neutral, PublicKeyToken=31bf3856ad364e35'. Error: System.Reflection.ReflectionTypeLoadException: Unable to load one or more of the requested types.
Could not load file or assembly 'Microsoft.Bcl.AsyncInterfaces, Version=1.0.0.0, Culture=neutral, PublicKeyToken=cc7b13ffcd2ddd51'. The system cannot find the file specified.
   at System.Reflection.RuntimeModule.GetTypes(RuntimeModule module)
   at System.Reflection.RuntimeModule.GetTypes()
   at Microsoft.VisualStudio.TestPlatform.Common.ExtensionFramework.TestPluginDiscoverer.GetTestExtensionsFromAssembly[TPluginInfo,TExtension](Assembly assembly, Dictionary`2 pluginInfos, String filePath) in /_/src/Microsoft.TestPlatform.Common/ExtensionFramework/TestPluginDiscoverer.cs:line 158
System.IO.FileNotFoundException: Could not load file or assembly 'Microsoft.Bcl.AsyncInterfaces, Version=1.0.0.0, Culture=neutral, PublicKeyToken=cc7b13ffcd2ddd51'. The system cannot find the file specified.
File name: 'Microsoft.Bcl.AsyncInterfaces, Version=1.0.0.0, Culture=neutral, PublicKeyToken=cc7b13ffcd2ddd51'
 ---> System.IO.FileNotFoundException: Could not load file or assembly 'Microsoft.Bcl.AsyncInterfaces, Culture=neutral, PublicKeyToken=null'. The system cannot find the file specified.
File name: 'Microsoft.Bcl.AsyncInterfaces, Culture=neutral, PublicKeyToken=null'
   at System.Reflection.RuntimeAssembly.InternalLoad(AssemblyName assemblyName, StackCrawlMark& stackMark, AssemblyLoadContext assemblyLoadContext, RuntimeAssembly requestingAssembly, Boolean throwOnFileNotFound)
   at System.Reflection.Assembly.Load(AssemblyName assemblyRef)
   at Microsoft.VisualStudio.TestPlatform.Common.ExtensionFramework.TestPluginCache.CurrentDomainAssemblyResolve(Object sender, AssemblyResolveEventArgs args) in /_/src/Microsoft.TestPlatform.Common/ExtensionFramework/TestPluginCache.cs:line 513
   at System.Runtime.Loader.AssemblyLoadContext.GetFirstResolvedAssemblyFromResolvingEvent(AssemblyName assemblyName)
   at System.Runtime.Loader.AssemblyLoadContext.ResolveUsingEvent(AssemblyName assemblyName)
   at System.Runtime.Loader.AssemblyLoadContext.ResolveUsingResolvingEvent(IntPtr gchManagedAssemblyLoadContext, AssemblyName assemblyName)
TpTrace Warning: 0 : 20684, 1, 2024/03/11, 19:15:15.897, 135400297021, vstest.console.dll, LoaderExceptions: System.IO.FileNotFoundException: Could not load file or assembly 'Microsoft.Bcl.AsyncInterfaces, Version=1.0.0.0, Culture=neutral, PublicKeyToken=cc7b13ffcd2ddd51'. The system cannot find the file specified.
File name: 'Microsoft.Bcl.AsyncInterfaces, Version=1.0.0.0, Culture=neutral, PublicKeyToken=cc7b13ffcd2ddd51'
 ---> System.IO.FileNotFoundException: Could not load file or assembly 'Microsoft.Bcl.AsyncInterfaces, Culture=neutral, PublicKeyToken=null'. The system cannot find the file specified.
File name: 'Microsoft.Bcl.AsyncInterfaces, Culture=neutral, PublicKeyToken=null'
   at System.Reflection.RuntimeAssembly.InternalLoad(AssemblyName assemblyName, StackCrawlMark& stackMark, AssemblyLoadContext assemblyLoadContext, RuntimeAssembly requestingAssembly, Boolean throwOnFileNotFound)
   at System.Reflection.Assembly.Load(AssemblyName assemblyRef)
   at Microsoft.VisualStudio.TestPlatform.Common.ExtensionFramework.TestPluginCache.CurrentDomainAssemblyResolve(Object sender, AssemblyResolveEventArgs args) in /_/src/Microsoft.TestPlatform.Common/ExtensionFramework/TestPluginCache.cs:line 513
   at System.Runtime.Loader.AssemblyLoadContext.GetFirstResolvedAssemblyFromResolvingEvent(AssemblyName assemblyName)
   at System.Runtime.Loader.AssemblyLoadContext.ResolveUsingEvent(AssemblyName assemblyName)
   at System.Runtime.Loader.AssemblyLoadContext.ResolveUsingResolvingEvent(IntPtr gchManagedAssemblyLoadContext, AssemblyName assemblyName)
TpTrace Verbose: 0 : 20684, 1, 2024/03/11, 19:15:15.897, 135400297462, vstest.console.dll, MetadataReaderExtensionsHelper: Discovering extensions inside assembly 'Microsoft.TestPlatform.Extensions.BlameDataCollector, Version=15.0.0.0, Culture=neutral, PublicKeyToken=b03f5f7f11d50a3a' file path 'C:\Program Files\dotnet\sdk\8.0.101\Extensions\Microsoft.TestPlatform.Extensions.BlameDataCollector.dll'
TpTrace Information: 0 : 20684, 1, 2024/03/11, 19:15:15.897, 135400299925, vstest.console.dll, GetTestExtensionFromType: Register extension with identifier data 'logger://Microsoft/TestPlatform/Extensions/Blame/v1' and type 'Microsoft.TestPlatform.Extensions.BlameDataCollector.BlameLogger, Microsoft.TestPlatform.Extensions.BlameDataCollector, Version=15.0.0.0, Culture=neutral, PublicKeyToken=b03f5f7f11d50a3a' inside file 'C:\Program Files\dotnet\sdk\8.0.101\Extensions\Microsoft.TestPlatform.Extensions.BlameDataCollector.dll'
TpTrace Verbose: 0 : 20684, 1, 2024/03/11, 19:15:15.897, 135400300313, vstest.console.dll, MetadataReaderExtensionsHelper: Discovering extensions inside assembly 'Microsoft.TestPlatform.Extensions.EventLogCollector, Version=15.0.0.0, Culture=neutral, PublicKeyToken=b03f5f7f11d50a3a' file path 'C:\Program Files\dotnet\sdk\8.0.101\Extensions\Microsoft.TestPlatform.Extensions.EventLogCollector.dll'
TpTrace Verbose: 0 : 20684, 1, 2024/03/11, 19:15:15.898, 135400305487, vstest.console.dll, MetadataReaderExtensionsHelper: Discovering extensions inside assembly 'Microsoft.TestPlatform.TestHostRuntimeProvider, Version=15.0.0.0, Culture=neutral, PublicKeyToken=b03f5f7f11d50a3a' file path 'C:\Program Files\dotnet\sdk\8.0.101\Extensions\Microsoft.TestPlatform.TestHostRuntimeProvider.dll'
TpTrace Verbose: 0 : 20684, 1, 2024/03/11, 19:15:15.898, 135400307191, vstest.console.dll, MetadataReaderExtensionsHelper: Discovering extensions inside assembly 'Microsoft.VisualStudio.TestPlatform.Extensions.Html.TestLogger, Version=15.0.0.0, Culture=neutral, PublicKeyToken=b03f5f7f11d50a3a' file path 'C:\Program Files\dotnet\sdk\8.0.101\Extensions\Microsoft.VisualStudio.TestPlatform.Extensions.Html.TestLogger.dll'
TpTrace Information: 0 : 20684, 1, 2024/03/11, 19:15:15.898, 135400309848, vstest.console.dll, GetTestExtensionFromType: Register extension with identifier data 'logger://Microsoft/TestPlatform/HtmlLogger/v1' and type 'Microsoft.VisualStudio.TestPlatform.Extensions.HtmlLogger.HtmlLogger, Microsoft.VisualStudio.TestPlatform.Extensions.Html.TestLogger, Version=15.0.0.0, Culture=neutral, PublicKeyToken=b03f5f7f11d50a3a' inside file 'C:\Program Files\dotnet\sdk\8.0.101\Extensions\Microsoft.VisualStudio.TestPlatform.Extensions.Html.TestLogger.dll'
TpTrace Verbose: 0 : 20684, 1, 2024/03/11, 19:15:15.898, 135400310236, vstest.console.dll, MetadataReaderExtensionsHelper: Discovering extensions inside assembly 'Microsoft.VisualStudio.TestPlatform.Extensions.Trx.TestLogger, Version=15.0.0.0, Culture=neutral, PublicKeyToken=b03f5f7f11d50a3a' file path 'C:\Program Files\dotnet\sdk\8.0.101\Extensions\Microsoft.VisualStudio.TestPlatform.Extensions.Trx.TestLogger.dll'
TpTrace Information: 0 : 20684, 1, 2024/03/11, 19:15:15.898, 135400312071, vstest.console.dll, GetTestExtensionFromType: Register extension with identifier data 'logger://Microsoft/TestPlatform/TrxLogger/v1' and type 'Microsoft.VisualStudio.TestPlatform.Extensions.TrxLogger.TrxLogger, Microsoft.VisualStudio.TestPlatform.Extensions.Trx.TestLogger, Version=15.0.0.0, Culture=neutral, PublicKeyToken=b03f5f7f11d50a3a' inside file 'C:\Program Files\dotnet\sdk\8.0.101\Extensions\Microsoft.VisualStudio.TestPlatform.Extensions.Trx.TestLogger.dll'
TpTrace Verbose: 0 : 20684, 1, 2024/03/11, 19:15:15.898, 135400312748, vstest.console.dll, TestPluginCache: Discovered the extensions using extension path ''.
TpTrace Verbose: 0 : 20684, 1, 2024/03/11, 19:15:15.899, 135400312965, vstest.console.dll, TestPluginCache: Discoverers are ''.
TpTrace Verbose: 0 : 20684, 1, 2024/03/11, 19:15:15.899, 135400313096, vstest.console.dll, TestPluginCache: Executors are ''.
TpTrace Verbose: 0 : 20684, 1, 2024/03/11, 19:15:15.899, 135400313218, vstest.console.dll, TestPluginCache: Executors2 are ''.
TpTrace Verbose: 0 : 20684, 1, 2024/03/11, 19:15:15.899, 135400313535, vstest.console.dll, TestPluginCache: Setting providers are ''.
TpTrace Verbose: 0 : 20684, 1, 2024/03/11, 19:15:15.899, 135400313966, vstest.console.dll, TestPluginCache: Loggers are 'logger://Microsoft/TestPlatform/Extensions/Blame/v1,logger://Microsoft/TestPlatform/HtmlLogger/v1,logger://Microsoft/TestPlatform/TrxLogger/v1'.
TpTrace Verbose: 0 : 20684, 1, 2024/03/11, 19:15:15.899, 135400314296, vstest.console.dll, TestPluginCache: TestHosts are 'HostProvider://DefaultTestHost,HostProvider://DotnetTestHost'.
TpTrace Verbose: 0 : 20684, 1, 2024/03/11, 19:15:15.899, 135400314447, vstest.console.dll, TestPluginCache: DataCollectors are ''.
TpTrace Information: 0 : 20684, 1, 2024/03/11, 19:15:15.899, 135400319010, vstest.console.dll, TestPluginManager.CreateTestExtension: Attempting to load test extension: Microsoft.TestPlatform.Extensions.BlameDataCollector.BlameLogger
TpTrace Verbose: 0 : 20684, 1, 2024/03/11, 19:15:15.903, 135400361749, vstest.console.dll, TestEngine: Initializing Parallel Execution as MaxCpuCount is set to: 1
TpTrace Information: 0 : 20684, 1, 2024/03/11, 19:15:15.904, 135400372104, vstest.console.dll, TestPluginManager.CreateTestExtension: Attempting to load test extension: Microsoft.VisualStudio.TestPlatform.CrossPlatEngine.Hosting.DefaultTestHostManager
TpTrace Information: 0 : 20684, 1, 2024/03/11, 19:15:15.905, 135400376043, vstest.console.dll, TestPluginManager.CreateTestExtension: Attempting to load test extension: Microsoft.VisualStudio.TestPlatform.CrossPlatEngine.Hosting.DotnetTestHostManager
TpTrace Information: 0 : 20684, 1, 2024/03/11, 19:15:15.905, 135400379747, vstest.console.dll, InferRunSettingsHelper.IsTestSettingsEnabled: Unable to navigate to RunSettings/MSTest. Current node: RunSettings
TpTrace Verbose: 0 : 20684, 1, 2024/03/11, 19:15:15.906, 135400383372, vstest.console.dll, ParallelOperationManager.ClearSlots: Clearing all slots. Slots should accept more work: True
TpTrace Verbose: 0 : 20684, 1, 2024/03/11, 19:15:15.906, 135400387497, vstest.console.dll, ParallelOperationManager.SetOccupiedSlotCount: Setting slot counts AvailableSlotCount = 1, OccupiedSlotCount = 0.
TpTrace Verbose: 0 : 20684, 1, 2024/03/11, 19:15:15.906, 135400389493, vstest.console.dll, Occupied slots:

TpTrace Verbose: 0 : 20684, 1, 2024/03/11, 19:15:15.908, 135400409710, vstest.console.dll, TestEngine.GetExecutionManager: Chosen execution manager 'Microsoft.VisualStudio.TestPlatform.CrossPlatEngine.Client.Parallel.ParallelProxyExecutionManager, Microsoft.TestPlatform.CrossPlatEngine, Version=15.0.0.0, Culture=neutral, PublicKeyToken=b03f5f7f11d50a3a' ParallelLevel '1'.
TpTrace Verbose: 0 : 20684, 1, 2024/03/11, 19:15:15.908, 135400410463, vstest.console.dll, TestRunRequest.ExecuteAsync: Creating test run request.
TpTrace Verbose: 0 : 20684, 1, 2024/03/11, 19:15:15.908, 135400411738, vstest.console.dll, TestRunRequest.ExecuteAsync: Starting.
TpTrace Information: 0 : 20684, 1, 2024/03/11, 19:15:15.909, 135400418743, vstest.console.dll, TestRunRequest.ExecuteAsync: Starting run with settings:TestRunCriteria:
   KeepAlive=False,FrequencyOfRunStatsChangeEvent=10,RunStatsChangeEventTimeout=00:00:01.5000000,TestCaseFilter=,TestExecutorLauncher=
   Settingsxml=<RunSettings>
  <RunConfiguration>
    <ResultsDirectory>D:\Иван\QA SoftUni\Back-End Test Automation\Back-End Test Automation\03. Exercise API Testing with C#\RestSharpExercise\TestGitHubApi\bin\Debug\net6.0\fine-code-coverage\coverage-tool-output</ResultsDirectory>
    <TargetPlatform>X64</TargetPlatform>
    <TargetFrameworkVersion>.NETCoreApp,Version=v6.0</TargetFrameworkVersion>
    <DesignMode>False</DesignMode>
    <CollectSourceInformation>False</CollectSourceInformation>
  </RunConfiguration>
  <LoggerRunSettings>
    <Loggers>
      <Logger friendlyName="blame" enabled="True" />
      <Logger friendlyName="Console" uri="logger://microsoft/TestPlatform/ConsoleLogger/v1" assemblyQualifiedName="Microsoft.VisualStudio.TestPlatform.CommandLine.Internal.ConsoleLogger, vstest.console, Version=15.0.0.0, Culture=neutral, PublicKeyToken=b03f5f7f11d50a3a" codeBase="C:\Program Files\dotnet\sdk\8.0.101\vstest.console.dll" enabled="True" />
    </Loggers>
  </LoggerRunSettings>
  <DataCollectionRunSettings>
    <DataCollectors>
      <DataCollector friendlyName="blame" enabled="True">
        <Configuration>
          <ResultsDirectory>D:\Иван\QA SoftUni\Back-End Test Automation\Back-End Test Automation\03. Exercise API Testing with C#\RestSharpExercise\TestGitHubApi\bin\Debug\net6.0\fine-code-coverage\coverage-tool-output</ResultsDirectory>
        </Configuration>
      </DataCollector>
    </DataCollectors>
  </DataCollectionRunSettings>
</RunSettings>

TpTrace Verbose: 0 : 20684, 1, 2024/03/11, 19:15:15.909, 135400419364, vstest.console.dll, TestRunRequest.ExecuteAsync: Wait for the first run request is over.
TpTrace Verbose: 0 : 20684, 1, 2024/03/11, 19:15:15.909, 135400421002, vstest.console.dll, MulticastDelegateUtilities.SafeInvoke: TestRun.TestRunStart: Invoking callbacks was skipped because there are no subscribers.
TpTrace Verbose: 0 : 20684, 4, 2024/03/11, 19:15:15.909, 135400422292, vstest.console.dll, MulticastDelegateUtilities.SafeInvoke: InternalTestLoggerEvents.SendTestRunStart: Invoking callback 1/1 for Microsoft.VisualStudio.TestPlatform.CommandLine.Internal.ConsoleLogger., took 0 ms.
TpTrace Verbose: 0 : 20684, 1, 2024/03/11, 19:15:15.910, 135400427478, vstest.console.dll, ParallelProxyExecutionManager: Start execution. Total sources: 1
TpTrace Verbose: 0 : 20684, 1, 2024/03/11, 19:15:15.910, 135400430274, vstest.console.dll, ParallelOperationManager.StartWork: Starting adding 1 workloads.
TpTrace Verbose: 0 : 20684, 1, 2024/03/11, 19:15:15.910, 135400430696, vstest.console.dll, ParallelOperationManager.ClearSlots: Clearing all slots. Slots should accept more work: True
TpTrace Verbose: 0 : 20684, 1, 2024/03/11, 19:15:15.910, 135400431098, vstest.console.dll, ParallelOperationManager.SetOccupiedSlotCount: Setting slot counts AvailableSlotCount = 1, OccupiedSlotCount = 0.
TpTrace Verbose: 0 : 20684, 1, 2024/03/11, 19:15:15.910, 135400431309, vstest.console.dll, Occupied slots:

TpTrace Verbose: 0 : 20684, 1, 2024/03/11, 19:15:15.911, 135400439939, vstest.console.dll, TestRequestSender is acting as server.
TpTrace Verbose: 0 : 20684, 1, 2024/03/11, 19:15:15.912, 135400446802, vstest.console.dll, ParallelOperationManager.RunWorkInParallel: Adding 1 workload to slot, remaining workloads 0.
TpTrace Verbose: 0 : 20684, 1, 2024/03/11, 19:15:15.912, 135400447152, vstest.console.dll, ParallelOperationManager.SetOccupiedSlotCount: Setting slot counts AvailableSlotCount = 0, OccupiedSlotCount = 1.
TpTrace Verbose: 0 : 20684, 1, 2024/03/11, 19:15:15.912, 135400447788, vstest.console.dll, Occupied slots:
0: D:\Иван\QA SoftUni\Back-End Test Automation\Back-End Test Automation\03. Exercise API Testing with C#\RestSharpExercise\TestGitHubApi\bin\Debug\net6.0\fine-code-coverage\build-output\TestGitHubApi.dll
TpTrace Verbose: 0 : 20684, 1, 2024/03/11, 19:15:15.913, 135400453773, vstest.console.dll, ParallelOperationManager.RunWorkInParallel: Started host in slot number 0 for work (source): D:\Иван\QA SoftUni\Back-End Test Automation\Back-End Test Automation\03. Exercise API Testing with C#\RestSharpExercise\TestGitHubApi\bin\Debug\net6.0\fine-code-coverage\build-output\TestGitHubApi.dll.
TpTrace Verbose: 0 : 20684, 1, 2024/03/11, 19:15:15.914, 135400463398, vstest.console.dll, ParallelOperationManager.RunWorkInParallel: We started 1 work items, which is the max parallel level. Won't start more work.
TpTrace Verbose: 0 : 20684, 1, 2024/03/11, 19:15:15.914, 135400463780, vstest.console.dll, ParallelOperationManager.RunWorkInParallel: We started 1 work items in here, returning True.
TpTrace Information: 0 : 20684, 1, 2024/03/11, 19:15:15.914, 135400463957, vstest.console.dll, TestRunRequest.ExecuteAsync: Started.
TpTrace Verbose: 0 : 20684, 5, 2024/03/11, 19:15:15.914, 135400465643, vstest.console.dll, ParallelProxyExecutionManager.StartTestRunOnConcurrentManager: Initializing uninitialized client. Started clients: 0
TpTrace Verbose: 0 : 20684, 5, 2024/03/11, 19:15:15.914, 135400467450, vstest.console.dll, DataCollectionRequestSender.InitializeCommunication : Initialize communication. 
TpTrace Verbose: 0 : 20684, 1, 2024/03/11, 19:15:15.914, 135400468037, vstest.console.dll, TestRunRequest.WaitForCompletion: Waiting with timeout -1.
TpTrace Information: 0 : 20684, 5, 2024/03/11, 19:15:15.919, 135400513399, vstest.console.dll, Listening on Endpoint : 127.0.0.1:1910
TpTrace Verbose: 0 : 20684, 5, 2024/03/11, 19:15:15.922, 135400548429, vstest.console.dll, DotnetDataCollectionLauncher: Adding  --runtimeconfig "C:\Program Files\dotnet\sdk\8.0.101\datacollector.runtimeconfig.json" in args
TpTrace Verbose: 0 : 20684, 5, 2024/03/11, 19:15:15.922, 135400549016, vstest.console.dll, DotnetDataCollectionLauncher: Adding  --depsfile "C:\Program Files\dotnet\sdk\8.0.101\datacollector.deps.json" in args
TpTrace Verbose: 0 : 20684, 5, 2024/03/11, 19:15:15.922, 135400550251, vstest.console.dll, DotnetDataCollectionLauncher: Full path of dotnet.exe is C:\Program Files\dotnet\dotnet.exe
TpTrace Information: 0 : 20684, 5, 2024/03/11, 19:15:15.927, 135400598271, vstest.console.dll, ProxyDataCollectionManager.Initialize: Launched datacollector processId: 20492 port: 1910
TpTrace Information: 0 : 20684, 5, 2024/03/11, 19:15:15.927, 135400598996, vstest.console.dll, ProxyDataCollectionManager.Initialize: waiting for connection with timeout: 90 seconds
TpTrace Verbose: 0 : 20684, 5, 2024/03/11, 19:15:15.927, 135400599287, vstest.console.dll, DataCollectionRequestSender.WaitForRequestHandlerConnection : Waiting for connection with timeout: 90000
TpTrace Information: 0 : 20684, 7, 2024/03/11, 19:15:16.011, 135401439955, vstest.console.dll, Using the buffer size of 16384 bytes
TpTrace Verbose: 0 : 20684, 5, 2024/03/11, 19:15:16.011, 135401440032, vstest.console.dll, SocketCommunicationManager.WaitForClientConnection took: 84 ms, with 90000 ms timeout, and finished with True.
TpTrace Information: 0 : 20684, 7, 2024/03/11, 19:15:16.011, 135401440685, vstest.console.dll, Accepted Client request and set the flag
TpTrace Verbose: 0 : 20684, 5, 2024/03/11, 19:15:16.011, 135401441483, vstest.console.dll, ProxyDataCollectionManager.InvokeDataCollectionServiceAction: Starting.
TpTrace Information: 0 : 20684, 5, 2024/03/11, 19:15:16.011, 135401441986, vstest.console.dll, ProxyDataCollectionManager.BeforeTestRunStart: Get environment variable and port for datacollector processId: 20492 port: 1910
TpTrace Verbose: 0 : 20684, 5, 2024/03/11, 19:15:16.011, 135401442687, vstest.console.dll, DataCollectionRequestSender.SendBeforeTestRunStartAndGetResult: Send BeforeTestRunStart message with settingsXml <RunSettings><RunConfiguration><ResultsDirectory>D:\Иван\QA SoftUni\Back-End Test Automation\Back-End Test Automation\03. Exercise API Testing with C#\RestSharpExercise\TestGitHubApi\bin\Debug\net6.0\fine-code-coverage\coverage-tool-output</ResultsDirectory><TargetPlatform>X64</TargetPlatform><TargetFrameworkVersion>.NETCoreApp,Version=v6.0</TargetFrameworkVersion><DesignMode>False</DesignMode><CollectSourceInformation>False</CollectSourceInformation><TestAdaptersPaths>C:\Program Files\dotnet\sdk\8.0.101\Extensions</TestAdaptersPaths></RunConfiguration><LoggerRunSettings><Loggers><Logger friendlyName="blame" enabled="True" /><Logger friendlyName="Console" uri="logger://microsoft/TestPlatform/ConsoleLogger/v1" assemblyQualifiedName="Microsoft.VisualStudio.TestPlatform.CommandLine.Internal.ConsoleLogger, vstest.console, Version=15.0.0.0, Culture=neutral, PublicKeyToken=b03f5f7f11d50a3a" codeBase="C:\Program Files\dotnet\sdk\8.0.101\vstest.console.dll" enabled="True" /></Loggers></LoggerRunSettings><DataCollectionRunSettings><DataCollectors><DataCollector friendlyName="blame" enabled="True"><Configuration><ResultsDirectory>D:\Иван\QA SoftUni\Back-End Test Automation\Back-End Test Automation\03. Exercise API Testing with C#\RestSharpExercise\TestGitHubApi\bin\Debug\net6.0\fine-code-coverage\coverage-tool-output</ResultsDirectory></Configuration></DataCollector></DataCollectors></DataCollectionRunSettings></RunSettings> and sources System.Collections.Generic.List`1[System.String]: 
TpTrace Verbose: 0 : 20684, 5, 2024/03/11, 19:15:16.041, 135401733333, vstest.console.dll, DataCollectionRequestSender.SendBeforeTestRunStartAndGetResult: Received message: (DataCollection.SendMessage) -> {"MessageType":"DataCollection.SendMessage","Payload":{"FriendlyName":null,"Uri":null,"TestCaseId":"00000000-0000-0000-0000-000000000000","Message":"Logging DataCollector Diagnostics in file: D:\\Иван\\QA SoftUni\\Back-End Test Automation\\Back-End Test Automation\\03. Exercise API Testing with C#\\RestSharpExercise\\TestGitHubApi\\bin\\Debug\\net6.0\\fine-code-coverage\\coverage-tool-output\\diagnostics.datacollector.24-03-11_19-15-15_92240_5.log","Level":0}}
TpTrace Verbose: 0 : 20684, 5, 2024/03/11, 19:15:16.086, 135402190730, vstest.console.dll, DataCollectionRequestSender.SendBeforeTestRunStartAndGetResult: Received message: (DataCollection.BeforeTestRunStartResult) -> {"MessageType":"DataCollection.BeforeTestRunStartResult","Payload":{"EnvironmentVariables":{},"DataCollectionEventsPort":1912}}
TpTrace Information: 0 : 20684, 5, 2024/03/11, 19:15:16.089, 135402219326, vstest.console.dll, ProxyDataCollectionManager.BeforeTestRunStart: SendBeforeTestRunStartAndGetResult successful, env variable from datacollector:   and testhost port: 1912
TpTrace Information: 0 : 20684, 5, 2024/03/11, 19:15:16.089, 135402219861, vstest.console.dll, ProxyDataCollectionManager.InvokeDataCollectionServiceAction: Completed.
TpTrace Verbose: 0 : 20684, 5, 2024/03/11, 19:15:16.089, 135402220085, vstest.console.dll, ParallelProxyExecutionManager.StartTestRunOnConcurrentManager: Initializing test run. Started clients: 0
TpTrace Verbose: 0 : 20684, 5, 2024/03/11, 19:15:16.089, 135402220675, vstest.console.dll, ProxyExecutionManager: Test host is always Lazy initialize.
TpTrace Verbose: 0 : 20684, 5, 2024/03/11, 19:15:16.089, 135402222488, vstest.console.dll, TestRequestSender.InitializeCommunication: initialize communication. 
TpTrace Information: 0 : 20684, 5, 2024/03/11, 19:15:16.090, 135402225689, vstest.console.dll, SocketServer.Start: Listening on endpoint : 127.0.0.1:1913
TpTrace Verbose: 0 : 20684, 5, 2024/03/11, 19:15:16.090, 135402230730, vstest.console.dll, DotnetTestHostmanager.GetTestHostProcessStartInfo: Platform environment 'X64' target architecture 'X64' framework '.NETCoreApp,Version=v6.0' OS 'Windows'
TpTrace Verbose: 0 : 20684, 5, 2024/03/11, 19:15:16.090, 135402231743, vstest.console.dll, DotnetTestHostmanager: Adding  --runtimeconfig "D:\Иван\QA SoftUni\Back-End Test Automation\Back-End Test Automation\03. Exercise API Testing with C#\RestSharpExercise\TestGitHubApi\bin\Debug\net6.0\fine-code-coverage\build-output\TestGitHubApi.runtimeconfig.json" in args
TpTrace Verbose: 0 : 20684, 5, 2024/03/11, 19:15:16.090, 135402232108, vstest.console.dll, DotnetTestHostmanager: Adding  --depsfile "D:\Иван\QA SoftUni\Back-End Test Automation\Back-End Test Automation\03. Exercise API Testing with C#\RestSharpExercise\TestGitHubApi\bin\Debug\net6.0\fine-code-coverage\build-output\TestGitHubApi.deps.json" in args
TpTrace Verbose: 0 : 20684, 5, 2024/03/11, 19:15:16.091, 135402233100, vstest.console.dll, DotnetTestHostmanager.IsWinOnArm: Current PROCESSOR_ARCHITECTURE from environment variable 'AMD64'
TpTrace Verbose: 0 : 20684, 5, 2024/03/11, 19:15:16.091, 135402233460, vstest.console.dll, DotnetTestHostmanager.IsWinOnArm: Is Windows on ARM 'False'
TpTrace Verbose: 0 : 20684, 5, 2024/03/11, 19:15:16.091, 135402233775, vstest.console.dll, DotnetTestHostManager: testhost.exe found at path: D:\Иван\QA SoftUni\Back-End Test Automation\Back-End Test Automation\03. Exercise API Testing with C#\RestSharpExercise\TestGitHubApi\bin\Debug\net6.0\fine-code-coverage\build-output\testhost.exe
TpTrace Verbose: 0 : 20684, 5, 2024/03/11, 19:15:16.091, 135402233997, vstest.console.dll, DotnetTestHostmanager: Full path of host exe is D:\Иван\QA SoftUni\Back-End Test Automation\Back-End Test Automation\03. Exercise API Testing with C#\RestSharpExercise\TestGitHubApi\bin\Debug\net6.0\fine-code-coverage\build-output\testhost.exe
TpTrace Verbose: 0 : 20684, 5, 2024/03/11, 19:15:16.091, 135402235158, vstest.console.dll, DotnetTestHostmanager.LaunchTestHostAsync: Found 'VSTEST_WINAPPHOST_DOTNET_ROOT' in env variables, value 'C:\Program Files\dotnet', forwarding to 'DOTNET_ROOT'
TpTrace Verbose: 0 : 20684, 5, 2024/03/11, 19:15:16.091, 135402236097, vstest.console.dll, DotnetTestHostManager: Starting process 'D:\Иван\QA SoftUni\Back-End Test Automation\Back-End Test Automation\03. Exercise API Testing with C#\RestSharpExercise\TestGitHubApi\bin\Debug\net6.0\fine-code-coverage\build-output\testhost.exe' with command line ' --runtimeconfig "D:\Иван\QA SoftUni\Back-End Test Automation\Back-End Test Automation\03. Exercise API Testing with C#\RestSharpExercise\TestGitHubApi\bin\Debug\net6.0\fine-code-coverage\build-output\TestGitHubApi.runtimeconfig.json" --depsfile "D:\Иван\QA SoftUni\Back-End Test Automation\Back-End Test Automation\03. Exercise API Testing with C#\RestSharpExercise\TestGitHubApi\bin\Debug\net6.0\fine-code-coverage\build-output\TestGitHubApi.deps.json" --port 1913 --endpoint 127.0.0.1:01913 --role client --parentprocessid 20684 --diag "D:\Иван\QA SoftUni\Back-End Test Automation\Back-End Test Automation\03. Exercise API Testing with C#\RestSharpExercise\TestGitHubApi\bin\Debug\net6.0\fine-code-coverage\coverage-tool-output\diagnostics.host.24-03-11_19-15-16_09052_5.log" --tracelevel 4 --datacollectionport 1912 --telemetryoptedin false'
TpTrace Verbose: 0 : 20684, 5, 2024/03/11, 19:15:16.095, 135402281280, vstest.console.dll, MulticastDelegateUtilities.SafeInvoke: HostProviderEvents.OnHostLaunched: Invoking callback 1/2 for Microsoft.VisualStudio.TestPlatform.CrossPlatEngine.Client.ProxyExecutionManagerWithDataCollection., took 0 ms.
TpTrace Verbose: 0 : 20684, 5, 2024/03/11, 19:15:16.096, 135402283310, vstest.console.dll, Test Runtime launched
TpTrace Verbose: 0 : 20684, 5, 2024/03/11, 19:15:16.096, 135402283734, vstest.console.dll, MulticastDelegateUtilities.SafeInvoke: HostProviderEvents.OnHostLaunched: Invoking callback 2/2 for Microsoft.VisualStudio.TestPlatform.CrossPlatEngine.Client.ProxyOperationManager., took 0 ms.
TpTrace Verbose: 0 : 20684, 5, 2024/03/11, 19:15:16.096, 135402284459, vstest.console.dll, TestRequestSender.WaitForRequestHandlerConnection: waiting for connection with timeout: 90000.
TpTrace Verbose: 0 : 20684, 13, 2024/03/11, 19:15:16.192, 135403250179, vstest.console.dll, MulticastDelegateUtilities.SafeInvoke: SocketServer: ClientConnected: Invoking callback 1/1 for Microsoft.VisualStudio.TestPlatform.CommunicationUtilities.TestRequestSender., took 0 ms.
TpTrace Verbose: 0 : 20684, 5, 2024/03/11, 19:15:16.192, 135403250178, vstest.console.dll, TestRequestSender.WaitForRequestHandlerConnection: waiting took 96 ms, with timeout 90000 ms, and result 0, which is success.
TpTrace Verbose: 0 : 20684, 13, 2024/03/11, 19:15:16.192, 135403251101, vstest.console.dll, SocketServer.OnClientConnected: Client connected for endPoint: 127.0.0.1:1913, starting MessageLoopAsync:
TpTrace Verbose: 0 : 20684, 14, 2024/03/11, 19:15:16.193, 135403255304, vstest.console.dll, TcpClientExtensions.MessageLoopAsync: Polling on remoteEndPoint: 127.0.0.1:1914 localEndPoint: 127.0.0.1:1913
TpTrace Verbose: 0 : 20684, 5, 2024/03/11, 19:15:16.193, 135403258271, vstest.console.dll, TestRequestSender.CheckVersionWithTestHost: Sending check version message: {"MessageType":"ProtocolVersion","Payload":7}
TpTrace Verbose: 0 : 20684, 14, 2024/03/11, 19:15:16.283, 135404159491, vstest.console.dll, TcpClientExtensions.MessageLoopAsync: NotifyDataAvailable remoteEndPoint: 127.0.0.1:1914 localEndPoint: 127.0.0.1:1913
TpTrace Verbose: 0 : 20684, 14, 2024/03/11, 19:15:16.283, 135404161655, vstest.console.dll, TestRequestSender.CheckVersionWithTestHost: onMessageReceived received message: (ProtocolVersion) -> {"MessageType":"ProtocolVersion","Payload":7}
TpTrace Verbose: 0 : 20684, 14, 2024/03/11, 19:15:16.284, 135404167218, vstest.console.dll, MulticastDelegateUtilities.SafeInvoke: LengthPrefixCommunicationChannel: MessageReceived: Invoking callback 1/1 for Microsoft.VisualStudio.TestPlatform.CommunicationUtilities.TestRequestSender+<>c__DisplayClass29_0., took 0 ms.
TpTrace Verbose: 0 : 20684, 5, 2024/03/11, 19:15:16.284, 135404167852, vstest.console.dll, TestPluginCache.GetExtensionPaths: Filtered extension paths: 
TpTrace Verbose: 0 : 20684, 14, 2024/03/11, 19:15:16.284, 135404167902, vstest.console.dll, TcpClientExtensions.MessageLoopAsync: Polling on remoteEndPoint: 127.0.0.1:1914 localEndPoint: 127.0.0.1:1913
TpTrace Verbose: 0 : 20684, 5, 2024/03/11, 19:15:16.284, 135404168460, vstest.console.dll, TestPluginCache.GetExtensionPaths: Added default extension paths: C:\Program Files\dotnet\sdk\8.0.101\Extensions\Microsoft.Diagnostics.NETCore.Client.dll
C:\Program Files\dotnet\sdk\8.0.101\Extensions\Microsoft.TestPlatform.Extensions.BlameDataCollector.dll
C:\Program Files\dotnet\sdk\8.0.101\Extensions\Microsoft.TestPlatform.Extensions.EventLogCollector.dll
C:\Program Files\dotnet\sdk\8.0.101\Extensions\Microsoft.TestPlatform.TestHostRuntimeProvider.dll
C:\Program Files\dotnet\sdk\8.0.101\Extensions\Microsoft.VisualStudio.TestPlatform.Extensions.Html.TestLogger.dll
C:\Program Files\dotnet\sdk\8.0.101\Extensions\Microsoft.VisualStudio.TestPlatform.Extensions.Trx.TestLogger.dll
TpTrace Verbose: 0 : 20684, 5, 2024/03/11, 19:15:16.284, 135404169256, vstest.console.dll, TestPluginCache.GetExtensionPaths: Added unfilterableExtensionPaths: 
TpTrace Verbose: 0 : 20684, 5, 2024/03/11, 19:15:16.286, 135404187593, vstest.console.dll, TestRequestSender.InitializeExecution: Sending initialize execution with message: {"Version":7,"MessageType":"TestExecution.Initialize","Payload":["D:\\Иван\\QA SoftUni\\Back-End Test Automation\\Back-End Test Automation\\03. Exercise API Testing with C#\\RestSharpExercise\\TestGitHubApi\\bin\\Debug\\net6.0\\fine-code-coverage\\build-output\\NUnit3.TestAdapter.dll"]}
TpTrace Verbose: 0 : 20684, 5, 2024/03/11, 19:15:16.286, 135404188694, vstest.console.dll, ParallelProxyExecutionManager.StartTestRunOnConcurrentManager: Execution starting. Started clients: 1
TpTrace Verbose: 0 : 20684, 5, 2024/03/11, 19:15:16.286, 135404190427, vstest.console.dll, TestRunRequest:SendTestRunMessage: Starting.
TpTrace Verbose: 0 : 20684, 5, 2024/03/11, 19:15:16.286, 135404191446, vstest.console.dll, MulticastDelegateUtilities.SafeInvoke: TestRun.LogMessages: Invoking callback 1/1 for Microsoft.VisualStudio.TestPlatform.CommandLine.TestRunResultAggregator., took 0 ms.
TpTrace Information: 0 : 20684, 5, 2024/03/11, 19:15:16.286, 135404191714, vstest.console.dll, TestRunRequest:SendTestRunMessage: Completed.
TpTrace Verbose: 0 : 20684, 4, 2024/03/11, 19:15:16.286, 135404192886, vstest.console.dll, MulticastDelegateUtilities.SafeInvoke: InternalTestLoggerEvents.SendTestRunMessage: Invoking callback 1/1 for Microsoft.VisualStudio.TestPlatform.CommandLine.Internal.ConsoleLogger., took 0 ms.
TpTrace Warning: 0 : 20684, 5, 2024/03/11, 19:15:16.287, 135404194188, vstest.console.dll, InferRunSettingsHelper.MakeRunsettingsCompatible: Removing the following settings: TargetPlatform from RunSettings file. To use those settings please move to latest version of Microsoft.NET.Test.Sdk
TpTrace Verbose: 0 : 20684, 14, 2024/03/11, 19:15:16.287, 135404198384, vstest.console.dll, TcpClientExtensions.MessageLoopAsync: NotifyDataAvailable remoteEndPoint: 127.0.0.1:1914 localEndPoint: 127.0.0.1:1913
TpTrace Verbose: 0 : 20684, 14, 2024/03/11, 19:15:16.287, 135404200308, vstest.console.dll, TestRequestSender.OnExecutionMessageReceived: Received message: {"Version":7,"MessageType":"TestSession.Message","Payload":{"MessageLevel":0,"Message":"Logging TestHost Diagnostics in file: D:\\Иван\\QA SoftUni\\Back-End Test Automation\\Back-End Test Automation\\03. Exercise API Testing with C#\\RestSharpExercise\\TestGitHubApi\\bin\\Debug\\net6.0\\fine-code-coverage\\coverage-tool-output\\diagnostics.host.24-03-11_19-15-16_09052_5.log"}}
TpTrace Verbose: 0 : 20684, 14, 2024/03/11, 19:15:16.289, 135404218901, vstest.console.dll, TestRunRequest:SendTestRunMessage: Starting.
TpTrace Verbose: 0 : 20684, 14, 2024/03/11, 19:15:16.289, 135404219703, vstest.console.dll, MulticastDelegateUtilities.SafeInvoke: TestRun.LogMessages: Invoking callback 1/1 for Microsoft.VisualStudio.TestPlatform.CommandLine.TestRunResultAggregator., took 0 ms.
TpTrace Information: 0 : 20684, 14, 2024/03/11, 19:15:16.289, 135404219951, vstest.console.dll, TestRunRequest:SendTestRunMessage: Completed.
TpTrace Verbose: 0 : 20684, 4, 2024/03/11, 19:15:16.289, 135404220019, vstest.console.dll, MulticastDelegateUtilities.SafeInvoke: InternalTestLoggerEvents.SendTestRunMessage: Invoking callback 1/1 for Microsoft.VisualStudio.TestPlatform.CommandLine.Internal.ConsoleLogger., took 0 ms.
TpTrace Verbose: 0 : 20684, 14, 2024/03/11, 19:15:16.289, 135404220136, vstest.console.dll, MulticastDelegateUtilities.SafeInvoke: LengthPrefixCommunicationChannel: MessageReceived: Invoking callback 1/1 for Microsoft.VisualStudio.TestPlatform.CommunicationUtilities.TestRequestSender+<>c__DisplayClass34_0., took 2 ms.
TpTrace Verbose: 0 : 20684, 14, 2024/03/11, 19:15:16.289, 135404220980, vstest.console.dll, TcpClientExtensions.MessageLoopAsync: Polling on remoteEndPoint: 127.0.0.1:1914 localEndPoint: 127.0.0.1:1913
TpTrace Verbose: 0 : 20684, 5, 2024/03/11, 19:15:16.290, 135404230153, vstest.console.dll, TestRequestSender.StartTestRun: Sending test run with message: {"Version":7,"MessageType":"TestExecution.StartWithSources","Payload":{"AdapterSourceMap":{"_none_":["D:\\Иван\\QA SoftUni\\Back-End Test Automation\\Back-End Test Automation\\03. Exercise API Testing with C#\\RestSharpExercise\\TestGitHubApi\\bin\\Debug\\net6.0\\fine-code-coverage\\build-output\\TestGitHubApi.dll"]},"RunSettings":"<RunSettings>\r\n  <RunConfiguration>\r\n    <ResultsDirectory>D:\\Иван\\QA SoftUni\\Back-End Test Automation\\Back-End Test Automation\\03. Exercise API Testing with C#\\RestSharpExercise\\TestGitHubApi\\bin\\Debug\\net6.0\\fine-code-coverage\\coverage-tool-output</ResultsDirectory>\r\n    <TargetFrameworkVersion>.NETCoreApp,Version=v6.0</TargetFrameworkVersion>\r\n    <DesignMode>False</DesignMode>\r\n    <CollectSourceInformation>False</CollectSourceInformation>\r\n  </RunConfiguration>\r\n  <LoggerRunSettings>\r\n    <Loggers>\r\n      <Logger friendlyName=\"blame\" enabled=\"True\" />\r\n      <Logger friendlyName=\"Console\" uri=\"logger://microsoft/TestPlatform/ConsoleLogger/v1\" assemblyQualifiedName=\"Microsoft.VisualStudio.TestPlatform.CommandLine.Internal.ConsoleLogger, vstest.console, Version=15.0.0.0, Culture=neutral, PublicKeyToken=b03f5f7f11d50a3a\" codeBase=\"C:\\Program Files\\dotnet\\sdk\\8.0.101\\vstest.console.dll\" enabled=\"True\" />\r\n    </Loggers>\r\n  </LoggerRunSettings>\r\n  <DataCollectionRunSettings>\r\n    <DataCollectors>\r\n      <DataCollector friendlyName=\"blame\" enabled=\"True\">\r\n        <Configuration>\r\n          <ResultsDirectory>D:\\Иван\\QA SoftUni\\Back-End Test Automation\\Back-End Test Automation\\03. Exercise API Testing with C#\\RestSharpExercise\\TestGitHubApi\\bin\\Debug\\net6.0\\fine-code-coverage\\coverage-tool-output</ResultsDirectory>\r\n        </Configuration>\r\n      </DataCollector>\r\n    </DataCollectors>\r\n  </DataCollectionRunSettings>\r\n</RunSettings>","TestExecutionContext":{"FrequencyOfRunStatsChangeEvent":10,"RunStatsChangeEventTimeout":"00:00:01.5000000","InIsolation":false,"KeepAlive":false,"AreTestCaseLevelEventsRequired":false,"IsDebug":false,"TestCaseFilter":null,"FilterOptions":null},"Package":null}}
TpTrace Verbose: 0 : 20684, 5, 2024/03/11, 19:15:16.290, 135404231032, vstest.console.dll, ParallelProxyExecutionManager.StartTestRunOnConcurrentManager: Execution started. Started clients: 1
TpTrace Verbose: 0 : 20684, 14, 2024/03/11, 19:15:16.412, 135405446456, vstest.console.dll, TcpClientExtensions.MessageLoopAsync: NotifyDataAvailable remoteEndPoint: 127.0.0.1:1914 localEndPoint: 127.0.0.1:1913
TpTrace Verbose: 0 : 20684, 14, 2024/03/11, 19:15:16.412, 135405448068, vstest.console.dll, TestRequestSender.OnExecutionMessageReceived: Received message: {"Version":7,"MessageType":"TestSession.Message","Payload":{"MessageLevel":0,"Message":"NUnit Adapter 4.4.0.0: Test execution started"}}
TpTrace Verbose: 0 : 20684, 14, 2024/03/11, 19:15:16.412, 135405450275, vstest.console.dll, TestRunRequest:SendTestRunMessage: Starting.
TpTrace Verbose: 0 : 20684, 14, 2024/03/11, 19:15:16.412, 135405450861, vstest.console.dll, MulticastDelegateUtilities.SafeInvoke: TestRun.LogMessages: Invoking callback 1/1 for Microsoft.VisualStudio.TestPlatform.CommandLine.TestRunResultAggregator., took 0 ms.
TpTrace Information: 0 : 20684, 14, 2024/03/11, 19:15:16.412, 135405451100, vstest.console.dll, TestRunRequest:SendTestRunMessage: Completed.
TpTrace Verbose: 0 : 20684, 4, 2024/03/11, 19:15:16.412, 135405451148, vstest.console.dll, MulticastDelegateUtilities.SafeInvoke: InternalTestLoggerEvents.SendTestRunMessage: Invoking callback 1/1 for Microsoft.VisualStudio.TestPlatform.CommandLine.Internal.ConsoleLogger., took 0 ms.
TpTrace Verbose: 0 : 20684, 14, 2024/03/11, 19:15:16.412, 135405451284, vstest.console.dll, MulticastDelegateUtilities.SafeInvoke: LengthPrefixCommunicationChannel: MessageReceived: Invoking callback 1/1 for Microsoft.VisualStudio.TestPlatform.CommunicationUtilities.TestRequestSender+<>c__DisplayClass34_0., took 0 ms.
TpTrace Verbose: 0 : 20684, 14, 2024/03/11, 19:15:16.412, 135405452578, vstest.console.dll, TcpClientExtensions.MessageLoopAsync: Polling on remoteEndPoint: 127.0.0.1:1914 localEndPoint: 127.0.0.1:1913
TpTrace Verbose: 0 : 20684, 14, 2024/03/11, 19:15:16.432, 135405650756, vstest.console.dll, TcpClientExtensions.MessageLoopAsync: NotifyDataAvailable remoteEndPoint: 127.0.0.1:1914 localEndPoint: 127.0.0.1:1913
TpTrace Verbose: 0 : 20684, 14, 2024/03/11, 19:15:16.432, 135405651963, vstest.console.dll, TestRequestSender.OnExecutionMessageReceived: Received message: {"Version":7,"MessageType":"TestSession.Message","Payload":{"MessageLevel":0,"Message":"Running all tests in D:\\Иван\\QA SoftUni\\Back-End Test Automation\\Back-End Test Automation\\03. Exercise API Testing with C#\\RestSharpExercise\\TestGitHubApi\\bin\\Debug\\net6.0\\fine-code-coverage\\build-output\\TestGitHubApi.dll"}}
TpTrace Verbose: 0 : 20684, 14, 2024/03/11, 19:15:16.433, 135405653013, vstest.console.dll, TestRunRequest:SendTestRunMessage: Starting.
TpTrace Verbose: 0 : 20684, 14, 2024/03/11, 19:15:16.433, 135405653457, vstest.console.dll, MulticastDelegateUtilities.SafeInvoke: TestRun.LogMessages: Invoking callback 1/1 for Microsoft.VisualStudio.TestPlatform.CommandLine.TestRunResultAggregator., took 0 ms.
TpTrace Information: 0 : 20684, 14, 2024/03/11, 19:15:16.433, 135405653687, vstest.console.dll, TestRunRequest:SendTestRunMessage: Completed.
TpTrace Verbose: 0 : 20684, 14, 2024/03/11, 19:15:16.433, 135405653999, vstest.console.dll, MulticastDelegateUtilities.SafeInvoke: LengthPrefixCommunicationChannel: MessageReceived: Invoking callback 1/1 for Microsoft.VisualStudio.TestPlatform.CommunicationUtilities.TestRequestSender+<>c__DisplayClass34_0., took 0 ms.
TpTrace Verbose: 0 : 20684, 14, 2024/03/11, 19:15:16.433, 135405654323, vstest.console.dll, TcpClientExtensions.MessageLoopAsync: Polling on remoteEndPoint: 127.0.0.1:1914 localEndPoint: 127.0.0.1:1913
TpTrace Verbose: 0 : 20684, 4, 2024/03/11, 19:15:16.433, 135405653964, vstest.console.dll, MulticastDelegateUtilities.SafeInvoke: InternalTestLoggerEvents.SendTestRunMessage: Invoking callback 1/1 for Microsoft.VisualStudio.TestPlatform.CommandLine.Internal.ConsoleLogger., took 0 ms.
TpTrace Verbose: 0 : 20684, 14, 2024/03/11, 19:15:16.529, 135406614385, vstest.console.dll, TcpClientExtensions.MessageLoopAsync: NotifyDataAvailable remoteEndPoint: 127.0.0.1:1914 localEndPoint: 127.0.0.1:1913
TpTrace Verbose: 0 : 20684, 14, 2024/03/11, 19:15:16.529, 135406615862, vstest.console.dll, TestRequestSender.OnExecutionMessageReceived: Received message: {"Version":7,"MessageType":"TestSession.Message","Payload":{"MessageLevel":0,"Message":"   NUnit3TestExecutor discovered 9 of 9 NUnit test cases using Current Discovery mode, Non-Explicit run"}}
TpTrace Verbose: 0 : 20684, 14, 2024/03/11, 19:15:16.529, 135406616971, vstest.console.dll, TestRunRequest:SendTestRunMessage: Starting.
TpTrace Verbose: 0 : 20684, 14, 2024/03/11, 19:15:16.529, 135406617444, vstest.console.dll, MulticastDelegateUtilities.SafeInvoke: TestRun.LogMessages: Invoking callback 1/1 for Microsoft.VisualStudio.TestPlatform.CommandLine.TestRunResultAggregator., took 0 ms.
TpTrace Information: 0 : 20684, 14, 2024/03/11, 19:15:16.529, 135406617641, vstest.console.dll, TestRunRequest:SendTestRunMessage: Completed.
TpTrace Verbose: 0 : 20684, 14, 2024/03/11, 19:15:16.529, 135406617867, vstest.console.dll, MulticastDelegateUtilities.SafeInvoke: LengthPrefixCommunicationChannel: MessageReceived: Invoking callback 1/1 for Microsoft.VisualStudio.TestPlatform.CommunicationUtilities.TestRequestSender+<>c__DisplayClass34_0., took 0 ms.
TpTrace Verbose: 0 : 20684, 4, 2024/03/11, 19:15:16.529, 135406617910, vstest.console.dll, MulticastDelegateUtilities.SafeInvoke: InternalTestLoggerEvents.SendTestRunMessage: Invoking callback 1/1 for Microsoft.VisualStudio.TestPlatform.CommandLine.Internal.ConsoleLogger., took 0 ms.
TpTrace Verbose: 0 : 20684, 14, 2024/03/11, 19:15:16.529, 135406618060, vstest.console.dll, TcpClientExtensions.MessageLoopAsync: Polling on remoteEndPoint: 127.0.0.1:1914 localEndPoint: 127.0.0.1:1913
TpTrace Verbose: 0 : 20684, 14, 2024/03/11, 19:15:17.543, 135416753617, vstest.console.dll, TcpClientExtensions.MessageLoopAsync: Polling on remoteEndPoint: 127.0.0.1:1914 localEndPoint: 127.0.0.1:1913
TpTrace Verbose: 0 : 20684, 14, 2024/03/11, 19:15:17.679, 135418121645, vstest.console.dll, TcpClientExtensions.MessageLoopAsync: NotifyDataAvailable remoteEndPoint: 127.0.0.1:1914 localEndPoint: 127.0.0.1:1913
TpTrace Verbose: 0 : 20684, 14, 2024/03/11, 19:15:17.680, 135418123383, vstest.console.dll, TestRequestSender.OnExecutionMessageReceived: Received message: {"Version":7,"MessageType":"TestSession.Message","Payload":{"MessageLevel":1,"Message":"Label: 479839735 - Name: bug\r\nLabel: 479891966 - Name: sofia\r\n"}}
TpTrace Verbose: 0 : 20684, 14, 2024/03/11, 19:15:17.680, 135418124734, vstest.console.dll, TestRunRequest:SendTestRunMessage: Starting.
TpTrace Verbose: 0 : 20684, 14, 2024/03/11, 19:15:17.680, 135418125503, vstest.console.dll, MulticastDelegateUtilities.SafeInvoke: TestRun.LogMessages: Invoking callback 1/1 for Microsoft.VisualStudio.TestPlatform.CommandLine.TestRunResultAggregator., took 0 ms.
TpTrace Information: 0 : 20684, 14, 2024/03/11, 19:15:17.680, 135418125794, vstest.console.dll, TestRunRequest:SendTestRunMessage: Completed.
TpTrace Verbose: 0 : 20684, 14, 2024/03/11, 19:15:17.680, 135418125978, vstest.console.dll, MulticastDelegateUtilities.SafeInvoke: LengthPrefixCommunicationChannel: MessageReceived: Invoking callback 1/1 for Microsoft.VisualStudio.TestPlatform.CommunicationUtilities.TestRequestSender+<>c__DisplayClass34_0., took 0 ms.
TpTrace Verbose: 0 : 20684, 14, 2024/03/11, 19:15:17.680, 135418126172, vstest.console.dll, TcpClientExtensions.MessageLoopAsync: Polling on remoteEndPoint: 127.0.0.1:1914 localEndPoint: 127.0.0.1:1913
TpTrace Verbose: 0 : 20684, 4, 2024/03/11, 19:15:17.680, 135418126674, vstest.console.dll, MulticastDelegateUtilities.SafeInvoke: InternalTestLoggerEvents.SendTestRunMessage: Invoking callback 1/1 for Microsoft.VisualStudio.TestPlatform.CommandLine.Internal.ConsoleLogger., took 0 ms.
TpTrace Verbose: 0 : 20684, 14, 2024/03/11, 19:15:17.876, 135420089122, vstest.console.dll, TcpClientExtensions.MessageLoopAsync: NotifyDataAvailable remoteEndPoint: 127.0.0.1:1914 localEndPoint: 127.0.0.1:1913
TpTrace Verbose: 0 : 20684, 14, 2024/03/11, 19:15:17.876, 135420091707, vstest.console.dll, TestRequestSender.OnExecutionMessageReceived: Received message: {"Version":7,"MessageType":"TestExecution.StatsChange","Payload":{"NewTestResults":[{"TestCase":{"Id":"ad0ee1ca-f1d8-3e4c-9a49-7e5b44071485","FullyQualifiedName":"TestGitHubApi.TestGitHubApi.Test_GetAllIssuesFromARepo","DisplayName":"Test_GetAllIssuesFromARepo","ExecutorUri":"executor://NUnit3TestExecutor","Source":"D:\\Иван\\QA SoftUni\\Back-End Test Automation\\Back-End Test Automation\\03. Exercise API Testing with C#\\RestSharpExercise\\TestGitHubApi\\bin\\Debug\\net6.0\\fine-code-coverage\\build-output\\TestGitHubApi.dll","CodeFilePath":null,"LineNumber":0,"Properties":[{"Key":{"Id":"NUnit.Seed","Label":"Seed","Category":"","Description":"","Attributes":0,"ValueType":"System.String"},"Value":"1183952449"}]},"Attachments":[],"Outcome":1,"ErrorMessage":null,"ErrorStackTrace":null,"DisplayName":"Test_GetAllIssuesFromARepo","Messages":[],"ComputerName":"DESKTOP-QI8JBMK","Duration":"00:00:00.5260810","StartTime":"2024-03-11T17:15:16.54774+00:00","EndTime":"2024-03-11T17:15:17.0737662+00:00","Properties":[{"Key":{"Id":"NUnit.Seed","Label":"Seed","Category":"","Description":"","Attributes":0,"ValueType":"System.String"},"Value":"1183952449"}]},{"TestCase":{"Id":"52f4ea97-c28b-3ae4-5d25-e2f64d5064f4","FullyQualifiedName":"TestGitHubApi.TestGitHubApi.Test_GetIssueByValidNumber","DisplayName":"Test_GetIssueByValidNumber","ExecutorUri":"executor://NUnit3TestExecutor","Source":"D:\\Иван\\QA SoftUni\\Back-End Test Automation\\Back-End Test Automation\\03. Exercise API Testing with C#\\RestSharpExercise\\TestGitHubApi\\bin\\Debug\\net6.0\\fine-code-coverage\\build-output\\TestGitHubApi.dll","CodeFilePath":null,"LineNumber":0,"Properties":[{"Key":{"Id":"NUnit.Seed","Label":"Seed","Category":"","Description":"","Attributes":0,"ValueType":"System.String"},"Value":"272966070"}]},"Attachments":[],"Outcome":1,"ErrorMessage":null,"ErrorStackTrace":null,"DisplayName":"Test_GetIssueByValidNumber","Messages":[],"ComputerName":"DESKTOP-QI8JBMK","Duration":"00:00:00.2739120","StartTime":"2024-03-11T17:15:17.0748572+00:00","EndTime":"2024-03-11T17:15:17.3487693+00:00","Properties":[{"Key":{"Id":"NUnit.Seed","Label":"Seed","Category":"","Description":"","Attributes":0,"ValueType":"System.String"},"Value":"272966070"}]},{"TestCase":{"Id":"8d3912ce-81a1-e4ee-19e5-78e1f97f9559","FullyQualifiedName":"TestGitHubApi.TestGitHubApi.Test_GetAllLabelsForIssue","DisplayName":"Test_GetAllLabelsForIssue","ExecutorUri":"executor://NUnit3TestExecutor","Source":"D:\\Иван\\QA SoftUni\\Back-End Test Automation\\Back-End Test Automation\\03. Exercise API Testing with C#\\RestSharpExercise\\TestGitHubApi\\bin\\Debug\\net6.0\\fine-code-coverage\\build-output\\TestGitHubApi.dll","CodeFilePath":null,"LineNumber":0,"Properties":[{"Key":{"Id":"NUnit.Seed","Label":"Seed","Category":"","Description":"","Attributes":0,"ValueType":"System.String"},"Value":"203521297"}]},"Attachments":[],"Outcome":1,"ErrorMessage":null,"ErrorStackTrace":null,"DisplayName":"Test_GetAllLabelsForIssue","Messages":[{"Category":"StdOutMsgs","Text":"Label: 479839735 - Name: bug\r\nLabel: 479891966 - Name: sofia\r\n"}],"ComputerName":"DESKTOP-QI8JBMK","Duration":"00:00:00.3293030","StartTime":"2024-03-11T17:15:17.3488078+00:00","EndTime":"2024-03-11T17:15:17.6781102+00:00","Properties":[{"Key":{"Id":"NUnit.Seed","Label":"Seed","Category":"","Description":"","Attributes":0,"ValueType":"System.String"},"Value":"203521297"}]}],"TestRunStatistics":{"ExecutedTests":3,"Stats":{"Passed":3}},"ActiveTests":[{"Id":"514e4e9f-ae63-d219-cf76-ede45df8627b","FullyQualifiedName":"TestGitHubApi.TestGitHubApi.Test_GetAllCommentsForIssue","DisplayName":"Test_GetAllCommentsForIssue","ExecutorUri":"executor://NUnit3TestExecutor","Source":"D:\\Иван\\QA SoftUni\\Back-End Test Automation\\Back-End Test Automation\\03. Exercise API Testing with C#\\RestSharpExercise\\TestGitHubApi\\bin\\Debug\\net6.0\\fine-code-coverage\\build-output\\TestGitHubApi.dll","CodeFilePath":null,"LineNumber":0,"Properties":[{"Key":{"Id":"NUnit.Seed","Label":"Seed","Category":"","Description":"","Attributes":0,"ValueType":"System.String"},"Value":"1364481381"}]}]}}
TpTrace Verbose: 0 : 20684, 14, 2024/03/11, 19:15:17.892, 135420243067, vstest.console.dll, TestRunRequest:SendTestRunStatsChange: Starting.
TpTrace Verbose: 0 : 20684, 14, 2024/03/11, 19:15:17.892, 135420244392, vstest.console.dll, InProgress is Test_GetAllCommentsForIssue
TpTrace Verbose: 0 : 20684, 14, 2024/03/11, 19:15:17.892, 135420245752, vstest.console.dll, MulticastDelegateUtilities.SafeInvoke: TestRun.RunStatsChanged: Invoking callbacks was skipped because there are no subscribers.
TpTrace Information: 0 : 20684, 14, 2024/03/11, 19:15:17.892, 135420246022, vstest.console.dll, TestRunRequest:SendTestRunStatsChange: Completed.
TpTrace Verbose: 0 : 20684, 14, 2024/03/11, 19:15:17.892, 135420246278, vstest.console.dll, MulticastDelegateUtilities.SafeInvoke: LengthPrefixCommunicationChannel: MessageReceived: Invoking callback 1/1 for Microsoft.VisualStudio.TestPlatform.CommunicationUtilities.TestRequestSender+<>c__DisplayClass34_0., took 15 ms.
TpTrace Verbose: 0 : 20684, 14, 2024/03/11, 19:15:17.892, 135420246530, vstest.console.dll, TcpClientExtensions.MessageLoopAsync: Polling on remoteEndPoint: 127.0.0.1:1914 localEndPoint: 127.0.0.1:1913
TpTrace Verbose: 0 : 20684, 4, 2024/03/11, 19:15:17.893, 135420256807, vstest.console.dll, MulticastDelegateUtilities.SafeInvoke: InternalTestLoggerEvents.SendTestResult: Invoking callback 1/1 for Microsoft.VisualStudio.TestPlatform.CommandLine.Internal.ConsoleLogger., took 1 ms.
TpTrace Verbose: 0 : 20684, 4, 2024/03/11, 19:15:17.893, 135420258451, vstest.console.dll, MulticastDelegateUtilities.SafeInvoke: InternalTestLoggerEvents.SendTestResult: Invoking callback 1/1 for Microsoft.VisualStudio.TestPlatform.CommandLine.Internal.ConsoleLogger., took 0 ms.
TpTrace Verbose: 0 : 20684, 4, 2024/03/11, 19:15:17.893, 135420258910, vstest.console.dll, MulticastDelegateUtilities.SafeInvoke: InternalTestLoggerEvents.SendTestResult: Invoking callback 1/1 for Microsoft.VisualStudio.TestPlatform.CommandLine.Internal.ConsoleLogger., took 0 ms.
TpTrace Verbose: 0 : 20684, 14, 2024/03/11, 19:15:18.095, 135422275010, vstest.console.dll, TcpClientExtensions.MessageLoopAsync: NotifyDataAvailable remoteEndPoint: 127.0.0.1:1914 localEndPoint: 127.0.0.1:1913
TpTrace Verbose: 0 : 20684, 14, 2024/03/11, 19:15:18.095, 135422277224, vstest.console.dll, TestRequestSender.OnExecutionMessageReceived: Received message: {"Version":7,"MessageType":"TestSession.Message","Payload":{"MessageLevel":1,"Message":"Comment: 762538948 - Name: Comment\r\nComment: 762539678 - Name: Another comment\r\nComment: 762541033 - Name: Comment\r\nComment: 762542633 - Name: Comment\r\nComment: 762542659 - Name: Comment\r\nComment: 762771502 - Name: This is a comment\r\nComment: 762826438 - Name: This is a comment\r\nComment: 762831046 - Name: This is a comment\r\nComment: 762834509 - Name: This is a comment\r\nComment: 762834572 - Name: This is a comment\r\nComment: 762834681 - Name: This is a comment\r\nComment: 762851947 - Name: This is a comment\r\nComment: 762855076 - Name: This is a comment\r\nComment: 762855212 - Name: This is a comment\r\nComment: 762858230 - Name: This is a comment\r\nComment: 762969661 - Name: This is a comment\r\nComment: 763826853 - Name: This is a comment\r\nComment: 764454129 - Name: This is comment added with request in Postman.\r\nComment: 764465117 - Name: body of the comment\r\nComment: 764469205 - Name: body of the comment\r\nComment: 764608921 - Name: This is a comment\r\nComment: 764618965 - Name: This is ca new comment\r\nComment: 765247583 - Name: New comment\r\nComment: 765248397 - Name: comment body\r\nComment: 765249123 - Name: comment body\r\nComment: 765249891 - Name: comment body\r\nComment: 765439146 - Name: This is a new comment\r\nComment: 765441528 - Name: This is a new comment\r\nComment: 765442110 - Name: This is a new comment\r\nComment: 765442896 - Name: This is a new comment\r\n"}}
TpTrace Verbose: 0 : 20684, 14, 2024/03/11, 19:15:18.095, 135422278978, vstest.console.dll, TestRunRequest:SendTestRunMessage: Starting.
TpTrace Verbose: 0 : 20684, 14, 2024/03/11, 19:15:18.095, 135422279591, vstest.console.dll, MulticastDelegateUtilities.SafeInvoke: TestRun.LogMessages: Invoking callback 1/1 for Microsoft.VisualStudio.TestPlatform.CommandLine.TestRunResultAggregator., took 0 ms.
TpTrace Information: 0 : 20684, 14, 2024/03/11, 19:15:18.095, 135422279841, vstest.console.dll, TestRunRequest:SendTestRunMessage: Completed.
TpTrace Verbose: 0 : 20684, 14, 2024/03/11, 19:15:18.095, 135422280126, vstest.console.dll, MulticastDelegateUtilities.SafeInvoke: LengthPrefixCommunicationChannel: MessageReceived: Invoking callback 1/1 for Microsoft.VisualStudio.TestPlatform.CommunicationUtilities.TestRequestSender+<>c__DisplayClass34_0., took 0 ms.
TpTrace Verbose: 0 : 20684, 14, 2024/03/11, 19:15:18.095, 135422280423, vstest.console.dll, TcpClientExtensions.MessageLoopAsync: Polling on remoteEndPoint: 127.0.0.1:1914 localEndPoint: 127.0.0.1:1913
TpTrace Verbose: 0 : 20684, 4, 2024/03/11, 19:15:18.095, 135422280593, vstest.console.dll, MulticastDelegateUtilities.SafeInvoke: InternalTestLoggerEvents.SendTestRunMessage: Invoking callback 1/1 for Microsoft.VisualStudio.TestPlatform.CommandLine.Internal.ConsoleLogger., took 0 ms.
TpTrace Verbose: 0 : 20684, 14, 2024/03/11, 19:15:18.556, 135426889796, vstest.console.dll, TcpClientExtensions.MessageLoopAsync: NotifyDataAvailable remoteEndPoint: 127.0.0.1:1914 localEndPoint: 127.0.0.1:1913
TpTrace Verbose: 0 : 20684, 14, 2024/03/11, 19:15:18.556, 135426892046, vstest.console.dll, TestRequestSender.OnExecutionMessageReceived: Received message: {"Version":7,"MessageType":"TestSession.Message","Payload":{"MessageLevel":1,"Message":"6080\r\n"}}
TpTrace Verbose: 0 : 20684, 14, 2024/03/11, 19:15:18.557, 135426893649, vstest.console.dll, TestRunRequest:SendTestRunMessage: Starting.
TpTrace Verbose: 0 : 20684, 14, 2024/03/11, 19:15:18.557, 135426894267, vstest.console.dll, MulticastDelegateUtilities.SafeInvoke: TestRun.LogMessages: Invoking callback 1/1 for Microsoft.VisualStudio.TestPlatform.CommandLine.TestRunResultAggregator., took 0 ms.
TpTrace Information: 0 : 20684, 14, 2024/03/11, 19:15:18.557, 135426894506, vstest.console.dll, TestRunRequest:SendTestRunMessage: Completed.
TpTrace Verbose: 0 : 20684, 14, 2024/03/11, 19:15:18.557, 135426894679, vstest.console.dll, MulticastDelegateUtilities.SafeInvoke: LengthPrefixCommunicationChannel: MessageReceived: Invoking callback 1/1 for Microsoft.VisualStudio.TestPlatform.CommunicationUtilities.TestRequestSender+<>c__DisplayClass34_0., took 0 ms.
TpTrace Verbose: 0 : 20684, 14, 2024/03/11, 19:15:18.557, 135426894921, vstest.console.dll, TcpClientExtensions.MessageLoopAsync: Polling on remoteEndPoint: 127.0.0.1:1914 localEndPoint: 127.0.0.1:1913
TpTrace Verbose: 0 : 20684, 4, 2024/03/11, 19:15:18.557, 135426895116, vstest.console.dll, MulticastDelegateUtilities.SafeInvoke: InternalTestLoggerEvents.SendTestRunMessage: Invoking callback 1/1 for Microsoft.VisualStudio.TestPlatform.CommandLine.Internal.ConsoleLogger., took 0 ms.
TpTrace Verbose: 0 : 20684, 14, 2024/03/11, 19:15:19.121, 135432539956, vstest.console.dll, TcpClientExtensions.MessageLoopAsync: NotifyDataAvailable remoteEndPoint: 127.0.0.1:1914 localEndPoint: 127.0.0.1:1913
TpTrace Verbose: 0 : 20684, 14, 2024/03/11, 19:15:19.121, 135432541843, vstest.console.dll, TestRequestSender.OnExecutionMessageReceived: Received message: {"Version":7,"MessageType":"TestSession.Message","Payload":{"MessageLevel":1,"Message":"1989000130\r\n"}}
TpTrace Verbose: 0 : 20684, 14, 2024/03/11, 19:15:19.122, 135432543649, vstest.console.dll, TestRunRequest:SendTestRunMessage: Starting.
TpTrace Verbose: 0 : 20684, 14, 2024/03/11, 19:15:19.122, 135432544374, vstest.console.dll, MulticastDelegateUtilities.SafeInvoke: TestRun.LogMessages: Invoking callback 1/1 for Microsoft.VisualStudio.TestPlatform.CommandLine.TestRunResultAggregator., took 0 ms.
TpTrace Information: 0 : 20684, 14, 2024/03/11, 19:15:19.122, 135432544687, vstest.console.dll, TestRunRequest:SendTestRunMessage: Completed.
TpTrace Verbose: 0 : 20684, 14, 2024/03/11, 19:15:19.122, 135432544959, vstest.console.dll, MulticastDelegateUtilities.SafeInvoke: LengthPrefixCommunicationChannel: MessageReceived: Invoking callback 1/1 for Microsoft.VisualStudio.TestPlatform.CommunicationUtilities.TestRequestSender+<>c__DisplayClass34_0., took 0 ms.
TpTrace Verbose: 0 : 20684, 4, 2024/03/11, 19:15:19.122, 135432545082, vstest.console.dll, MulticastDelegateUtilities.SafeInvoke: InternalTestLoggerEvents.SendTestRunMessage: Invoking callback 1/1 for Microsoft.VisualStudio.TestPlatform.CommandLine.Internal.ConsoleLogger., took 0 ms.
TpTrace Verbose: 0 : 20684, 14, 2024/03/11, 19:15:19.122, 135432545373, vstest.console.dll, TcpClientExtensions.MessageLoopAsync: Polling on remoteEndPoint: 127.0.0.1:1914 localEndPoint: 127.0.0.1:1913
TpTrace Verbose: 0 : 20684, 14, 2024/03/11, 19:15:19.386, 135435186644, vstest.console.dll, TcpClientExtensions.MessageLoopAsync: NotifyDataAvailable remoteEndPoint: 127.0.0.1:1914 localEndPoint: 127.0.0.1:1913
TpTrace Verbose: 0 : 20684, 14, 2024/03/11, 19:15:19.386, 135435189448, vstest.console.dll, TestRequestSender.OnExecutionMessageReceived: Received message: {"Version":7,"MessageType":"TestExecution.StatsChange","Payload":{"NewTestResults":[{"TestCase":{"Id":"514e4e9f-ae63-d219-cf76-ede45df8627b","FullyQualifiedName":"TestGitHubApi.TestGitHubApi.Test_GetAllCommentsForIssue","DisplayName":"Test_GetAllCommentsForIssue","ExecutorUri":"executor://NUnit3TestExecutor","Source":"D:\\Иван\\QA SoftUni\\Back-End Test Automation\\Back-End Test Automation\\03. Exercise API Testing with C#\\RestSharpExercise\\TestGitHubApi\\bin\\Debug\\net6.0\\fine-code-coverage\\build-output\\TestGitHubApi.dll","CodeFilePath":null,"LineNumber":0,"Properties":[{"Key":{"Id":"NUnit.Seed","Label":"Seed","Category":"","Description":"","Attributes":0,"ValueType":"System.String"},"Value":"1364481381"}]},"Attachments":[],"Outcome":1,"ErrorMessage":null,"ErrorStackTrace":null,"DisplayName":"Test_GetAllCommentsForIssue","Messages":[{"Category":"StdOutMsgs","Text":"Comment: 762538948 - Name: Comment\r\nComment: 762539678 - Name: Another comment\r\nComment: 762541033 - Name: Comment\r\nComment: 762542633 - Name: Comment\r\nComment: 762542659 - Name: Comment\r\nComment: 762771502 - Name: This is a comment\r\nComment: 762826438 - Name: This is a comment\r\nComment: 762831046 - Name: This is a comment\r\nComment: 762834509 - Name: This is a comment\r\nComment: 762834572 - Name: This is a comment\r\nComment: 762834681 - Name: This is a comment\r\nComment: 762851947 - Name: This is a comment\r\nComment: 762855076 - Name: This is a comment\r\nComment: 762855212 - Name: This is a comment\r\nComment: 762858230 - Name: This is a comment\r\nComment: 762969661 - Name: This is a comment\r\nComment: 763826853 - Name: This is a comment\r\nComment: 764454129 - Name: This is comment added with request in Postman.\r\nComment: 764465117 - Name: body of the comment\r\nComment: 764469205 - Name: body of the comment\r\nComment: 764608921 - Name: This is a comment\r\nComment: 764618965 - Name: This is ca new comment\r\nComment: 765247583 - Name: New comment\r\nComment: 765248397 - Name: comment body\r\nComment: 765249123 - Name: comment body\r\nComment: 765249891 - Name: comment body\r\nComment: 765439146 - Name: This is a new comment\r\nComment: 765441528 - Name: This is a new comment\r\nComment: 765442110 - Name: This is a new comment\r\nComment: 765442896 - Name: This is a new comment\r\n"}],"ComputerName":"DESKTOP-QI8JBMK","Duration":"00:00:00.4162630","StartTime":"2024-03-11T17:15:17.678139+00:00","EndTime":"2024-03-11T17:15:18.094402+00:00","Properties":[{"Key":{"Id":"NUnit.Seed","Label":"Seed","Category":"","Description":"","Attributes":0,"ValueType":"System.String"},"Value":"1364481381"}]},{"TestCase":{"Id":"1e28e6d2-0768-a909-90d7-d89d27a53ba4","FullyQualifiedName":"TestGitHubApi.TestGitHubApi.Test_CreateGitHubIssue","DisplayName":"Test_CreateGitHubIssue","ExecutorUri":"executor://NUnit3TestExecutor","Source":"D:\\Иван\\QA SoftUni\\Back-End Test Automation\\Back-End Test Automation\\03. Exercise API Testing with C#\\RestSharpExercise\\TestGitHubApi\\bin\\Debug\\net6.0\\fine-code-coverage\\build-output\\TestGitHubApi.dll","CodeFilePath":null,"LineNumber":0,"Properties":[{"Key":{"Id":"NUnit.Seed","Label":"Seed","Category":"","Description":"","Attributes":0,"ValueType":"System.String"},"Value":"1373909926"}]},"Attachments":[],"Outcome":1,"ErrorMessage":null,"ErrorStackTrace":null,"DisplayName":"Test_CreateGitHubIssue","Messages":[{"Category":"StdOutMsgs","Text":"6080\r\n"}],"ComputerName":"DESKTOP-QI8JBMK","Duration":"00:00:00.4616670","StartTime":"2024-03-11T17:15:18.0944306+00:00","EndTime":"2024-03-11T17:15:18.5560969+00:00","Properties":[{"Key":{"Id":"NUnit.Seed","Label":"Seed","Category":"","Description":"","Attributes":0,"ValueType":"System.String"},"Value":"1373909926"}]},{"TestCase":{"Id":"9b973e98-df50-10a9-9952-35a3e72323af","FullyQualifiedName":"TestGitHubApi.TestGitHubApi.Test_CreateCommentOnGitHubIssue","DisplayName":"Test_CreateCommentOnGitHubIssue","ExecutorUri":"executor://NUnit3TestExecutor","Source":"D:\\Иван\\QA SoftUni\\Back-End Test Automation\\Back-End Test Automation\\03. Exercise API Testing with C#\\RestSharpExercise\\TestGitHubApi\\bin\\Debug\\net6.0\\fine-code-coverage\\build-output\\TestGitHubApi.dll","CodeFilePath":null,"LineNumber":0,"Properties":[{"Key":{"Id":"NUnit.Seed","Label":"Seed","Category":"","Description":"","Attributes":0,"ValueType":"System.String"},"Value":"1975408461"}]},"Attachments":[],"Outcome":1,"ErrorMessage":null,"ErrorStackTrace":null,"DisplayName":"Test_CreateCommentOnGitHubIssue","Messages":[{"Category":"StdOutMsgs","Text":"1989000130\r\n"}],"ComputerName":"DESKTOP-QI8JBMK","Duration":"00:00:00.5650510","StartTime":"2024-03-11T17:15:18.5561363+00:00","EndTime":"2024-03-11T17:15:19.1211871+00:00","Properties":[{"Key":{"Id":"NUnit.Seed","Label":"Seed","Category":"","Description":"","Attributes":0,"ValueType":"System.String"},"Value":"1975408461"}]},{"TestCase":{"Id":"ba8422e4-816b-be3d-39c2-90f78f8a2e73","FullyQualifiedName":"TestGitHubApi.TestGitHubApi.Test_GetCommentById","DisplayName":"Test_GetCommentById","ExecutorUri":"executor://NUnit3TestExecutor","Source":"D:\\Иван\\QA SoftUni\\Back-End Test Automation\\Back-End Test Automation\\03. Exercise API Testing with C#\\RestSharpExercise\\TestGitHubApi\\bin\\Debug\\net6.0\\fine-code-coverage\\build-output\\TestGitHubApi.dll","CodeFilePath":null,"LineNumber":0,"Properties":[{"Key":{"Id":"NUnit.Seed","Label":"Seed","Category":"","Description":"","Attributes":0,"ValueType":"System.String"},"Value":"419971068"}]},"Attachments":[],"Outcome":1,"ErrorMessage":null,"ErrorStackTrace":null,"DisplayName":"Test_GetCommentById","Messages":[],"ComputerName":"DESKTOP-QI8JBMK","Duration":"00:00:00.2332950","StartTime":"2024-03-11T17:15:19.1212215+00:00","EndTime":"2024-03-11T17:15:19.3545164+00:00","Properties":[{"Key":{"Id":"NUnit.Seed","Label":"Seed","Category":"","Description":"","Attributes":0,"ValueType":"System.String"},"Value":"419971068"}]}],"TestRunStatistics":{"ExecutedTests":7,"Stats":{"Passed":7}},"ActiveTests":[{"Id":"d6a3635e-d2fe-bc45-05a7-09c31e8c048b","FullyQualifiedName":"TestGitHubApi.TestGitHubApi.Test_EditCommentOnGitHubIssue","DisplayName":"Test_EditCommentOnGitHubIssue","ExecutorUri":"executor://NUnit3TestExecutor","Source":"D:\\Иван\\QA SoftUni\\Back-End Test Automation\\Back-End Test Automation\\03. Exercise API Testing with C#\\RestSharpExercise\\TestGitHubApi\\bin\\Debug\\net6.0\\fine-code-coverage\\build-output\\TestGitHubApi.dll","CodeFilePath":null,"LineNumber":0,"Properties":[{"Key":{"Id":"NUnit.Seed","Label":"Seed","Category":"","Description":"","Attributes":0,"ValueType":"System.String"},"Value":"515440417"}]}]}}
TpTrace Verbose: 0 : 20684, 14, 2024/03/11, 19:15:19.388, 135435203696, vstest.console.dll, TestRunRequest:SendTestRunStatsChange: Starting.
TpTrace Verbose: 0 : 20684, 14, 2024/03/11, 19:15:19.388, 135435204081, vstest.console.dll, InProgress is Test_EditCommentOnGitHubIssue
TpTrace Verbose: 0 : 20684, 14, 2024/03/11, 19:15:19.388, 135435204561, vstest.console.dll, MulticastDelegateUtilities.SafeInvoke: TestRun.RunStatsChanged: Invoking callbacks was skipped because there are no subscribers.
TpTrace Information: 0 : 20684, 14, 2024/03/11, 19:15:19.388, 135435204790, vstest.console.dll, TestRunRequest:SendTestRunStatsChange: Completed.
TpTrace Verbose: 0 : 20684, 14, 2024/03/11, 19:15:19.388, 135435204973, vstest.console.dll, MulticastDelegateUtilities.SafeInvoke: LengthPrefixCommunicationChannel: MessageReceived: Invoking callback 1/1 for Microsoft.VisualStudio.TestPlatform.CommunicationUtilities.TestRequestSender+<>c__DisplayClass34_0., took 1 ms.
TpTrace Verbose: 0 : 20684, 14, 2024/03/11, 19:15:19.388, 135435205154, vstest.console.dll, TcpClientExtensions.MessageLoopAsync: Polling on remoteEndPoint: 127.0.0.1:1914 localEndPoint: 127.0.0.1:1913
TpTrace Verbose: 0 : 20684, 4, 2024/03/11, 19:15:19.388, 135435205396, vstest.console.dll, MulticastDelegateUtilities.SafeInvoke: InternalTestLoggerEvents.SendTestResult: Invoking callback 1/1 for Microsoft.VisualStudio.TestPlatform.CommandLine.Internal.ConsoleLogger., took 0 ms.
TpTrace Verbose: 0 : 20684, 4, 2024/03/11, 19:15:19.388, 135435206035, vstest.console.dll, MulticastDelegateUtilities.SafeInvoke: InternalTestLoggerEvents.SendTestResult: Invoking callback 1/1 for Microsoft.VisualStudio.TestPlatform.CommandLine.Internal.ConsoleLogger., took 0 ms.
TpTrace Verbose: 0 : 20684, 4, 2024/03/11, 19:15:19.388, 135435206393, vstest.console.dll, MulticastDelegateUtilities.SafeInvoke: InternalTestLoggerEvents.SendTestResult: Invoking callback 1/1 for Microsoft.VisualStudio.TestPlatform.CommandLine.Internal.ConsoleLogger., took 0 ms.
TpTrace Verbose: 0 : 20684, 4, 2024/03/11, 19:15:19.388, 135435206941, vstest.console.dll, MulticastDelegateUtilities.SafeInvoke: InternalTestLoggerEvents.SendTestResult: Invoking callback 1/1 for Microsoft.VisualStudio.TestPlatform.CommandLine.Internal.ConsoleLogger., took 0 ms.
TpTrace Verbose: 0 : 20684, 14, 2024/03/11, 19:15:20.401, 135445335693, vstest.console.dll, TcpClientExtensions.MessageLoopAsync: Polling on remoteEndPoint: 127.0.0.1:1914 localEndPoint: 127.0.0.1:1913
TpTrace Verbose: 0 : 20684, 14, 2024/03/11, 19:15:20.652, 135447846667, vstest.console.dll, TcpClientExtensions.MessageLoopAsync: NotifyDataAvailable remoteEndPoint: 127.0.0.1:1914 localEndPoint: 127.0.0.1:1913
TpTrace Verbose: 0 : 20684, 14, 2024/03/11, 19:15:20.652, 135447848370, vstest.console.dll, TestRequestSender.OnExecutionMessageReceived: Received message: {"Version":7,"MessageType":"TestSession.Message","Payload":{"MessageLevel":0,"Message":"NUnit Adapter 4.4.0.0: Test execution complete"}}
TpTrace Verbose: 0 : 20684, 14, 2024/03/11, 19:15:20.652, 135447849528, vstest.console.dll, TestRunRequest:SendTestRunMessage: Starting.
TpTrace Verbose: 0 : 20684, 14, 2024/03/11, 19:15:20.652, 135447850072, vstest.console.dll, MulticastDelegateUtilities.SafeInvoke: TestRun.LogMessages: Invoking callback 1/1 for Microsoft.VisualStudio.TestPlatform.CommandLine.TestRunResultAggregator., took 0 ms.
TpTrace Verbose: 0 : 20684, 4, 2024/03/11, 19:15:20.652, 135447850422, vstest.console.dll, MulticastDelegateUtilities.SafeInvoke: InternalTestLoggerEvents.SendTestRunMessage: Invoking callback 1/1 for Microsoft.VisualStudio.TestPlatform.CommandLine.Internal.ConsoleLogger., took 0 ms.
TpTrace Information: 0 : 20684, 14, 2024/03/11, 19:15:20.652, 135447850537, vstest.console.dll, TestRunRequest:SendTestRunMessage: Completed.
TpTrace Verbose: 0 : 20684, 14, 2024/03/11, 19:15:20.652, 135447851732, vstest.console.dll, MulticastDelegateUtilities.SafeInvoke: LengthPrefixCommunicationChannel: MessageReceived: Invoking callback 1/1 for Microsoft.VisualStudio.TestPlatform.CommunicationUtilities.TestRequestSender+<>c__DisplayClass34_0., took 0 ms.
TpTrace Verbose: 0 : 20684, 14, 2024/03/11, 19:15:20.652, 135447852128, vstest.console.dll, TcpClientExtensions.MessageLoopAsync: Polling on remoteEndPoint: 127.0.0.1:1914 localEndPoint: 127.0.0.1:1913
TpTrace Verbose: 0 : 20684, 14, 2024/03/11, 19:15:20.669, 135448015503, vstest.console.dll, TcpClientExtensions.MessageLoopAsync: NotifyDataAvailable remoteEndPoint: 127.0.0.1:1914 localEndPoint: 127.0.0.1:1913
TpTrace Verbose: 0 : 20684, 14, 2024/03/11, 19:15:20.669, 135448019516, vstest.console.dll, TestRequestSender.OnExecutionMessageReceived: Received message: {"Version":7,"MessageType":"TestExecution.Completed","Payload":{"TestRunCompleteArgs":{"TestRunStatistics":{"ExecutedTests":9,"Stats":{"Passed":8,"Failed":1}},"IsCanceled":false,"IsAborted":false,"Error":null,"AttachmentSets":[],"InvokedDataCollectors":[],"ElapsedTimeInRunningTests":"00:00:04.2606621","Metrics":{},"DiscoveredExtensions":{"TestDiscoverers":["NUnit.VisualStudio.TestAdapter.NUnit3TestDiscoverer, NUnit3.TestAdapter, Version=4.4.0.0, Culture=neutral, PublicKeyToken=4cb40d35494691ac"],"TestExecutors":["executor://NUnit3TestExecutor"],"TestExecutors2":[],"TestSettingsProviders":[]}},"LastRunTests":{"NewTestResults":[{"TestCase":{"Id":"d6a3635e-d2fe-bc45-05a7-09c31e8c048b","FullyQualifiedName":"TestGitHubApi.TestGitHubApi.Test_EditCommentOnGitHubIssue","DisplayName":"Test_EditCommentOnGitHubIssue","ExecutorUri":"executor://NUnit3TestExecutor","Source":"D:\\Иван\\QA SoftUni\\Back-End Test Automation\\Back-End Test Automation\\03. Exercise API Testing with C#\\RestSharpExercise\\TestGitHubApi\\bin\\Debug\\net6.0\\fine-code-coverage\\build-output\\TestGitHubApi.dll","CodeFilePath":null,"LineNumber":0,"Properties":[{"Key":{"Id":"NUnit.Seed","Label":"Seed","Category":"","Description":"","Attributes":0,"ValueType":"System.String"},"Value":"515440417"}]},"Attachments":[],"Outcome":2,"ErrorMessage":"  The updated comment should not be null.\r\n  Expected: null\r\n  But was:  <RestSharpServices.Models.Comment>\r\n","ErrorStackTrace":"   at TestGitHubApi.TestGitHubApi.Test_EditCommentOnGitHubIssue() in D:\\Иван\\QA SoftUni\\Back-End Test Automation\\Back-End Test Automation\\03. Exercise API Testing with C#\\RestSharpExercise\\TestGitHubApi\\TestGitHubApi.cs:line 154\r\n\n1)    at TestGitHubApi.TestGitHubApi.Test_EditCommentOnGitHubIssue() in D:\\Иван\\QA SoftUni\\Back-End Test Automation\\Back-End Test Automation\\03. Exercise API Testing with C#\\RestSharpExercise\\TestGitHubApi\\TestGitHubApi.cs:line 154\r\n\n","DisplayName":"Test_EditCommentOnGitHubIssue","Messages":[],"ComputerName":"DESKTOP-QI8JBMK","Duration":"00:00:00.6965110","StartTime":"2024-03-11T17:15:19.3545497+00:00","EndTime":"2024-03-11T17:15:20.0510605+00:00","Properties":[{"Key":{"Id":"NUnit.Seed","Label":"Seed","Category":"","Description":"","Attributes":0,"ValueType":"System.String"},"Value":"515440417"}]},{"TestCase":{"Id":"07976bf7-9d79-a829-1c3c-ea26405746e5","FullyQualifiedName":"TestGitHubApi.TestGitHubApi.Test_DeleteCommentOnGitHubIssue","DisplayName":"Test_DeleteCommentOnGitHubIssue","ExecutorUri":"executor://NUnit3TestExecutor","Source":"D:\\Иван\\QA SoftUni\\Back-End Test Automation\\Back-End Test Automation\\03. Exercise API Testing with C#\\RestSharpExercise\\TestGitHubApi\\bin\\Debug\\net6.0\\fine-code-coverage\\build-output\\TestGitHubApi.dll","CodeFilePath":null,"LineNumber":0,"Properties":[{"Key":{"Id":"NUnit.Seed","Label":"Seed","Category":"","Description":"","Attributes":0,"ValueType":"System.String"},"Value":"318559250"}]},"Attachments":[],"Outcome":1,"ErrorMessage":null,"ErrorStackTrace":null,"DisplayName":"Test_DeleteCommentOnGitHubIssue","Messages":[],"ComputerName":"DESKTOP-QI8JBMK","Duration":"00:00:00.5947300","StartTime":"2024-03-11T17:15:20.0511986+00:00","EndTime":"2024-03-11T17:15:20.6459286+00:00","Properties":[{"Key":{"Id":"NUnit.Seed","Label":"Seed","Category":"","Description":"","Attributes":0,"ValueType":"System.String"},"Value":"318559250"}]}],"TestRunStatistics":{"ExecutedTests":9,"Stats":{"Passed":8,"Failed":1}},"ActiveTests":[]},"RunAttachments":[],"ExecutorUris":["executor://nunit3testexecutor/"]}}
TpTrace Verbose: 0 : 20684, 14, 2024/03/11, 19:15:20.669, 135448021283, vstest.console.dll, TestRequestSender.EndSession: Sending end session.
TpTrace Verbose: 0 : 20684, 14, 2024/03/11, 19:15:20.670, 135448024211, vstest.console.dll, ProxyOperationManager.Close: waiting for test host to exit for 100 ms
TpTrace Verbose: 0 : 20684, 12, 2024/03/11, 19:15:20.696, 135448290125, vstest.console.dll, TestHostManagerCallbacks.ctor: Experimental forwarding output is disabled.
TpTrace Warning: 0 : 20684, 12, 2024/03/11, 19:15:20.696, 135448291733, vstest.console.dll, TestHostManagerCallbacks.ErrorReceivedCallback Test host standard error line: 
TpTrace Verbose: 0 : 20684, 12, 2024/03/11, 19:15:20.704, 135448366494, vstest.console.dll, TestHostProvider.ExitCallBack: Host exited starting callback.
TpTrace Information: 0 : 20684, 12, 2024/03/11, 19:15:20.704, 135448367790, vstest.console.dll, TestHostManagerCallbacks.ExitCallBack: Testhost processId: 20072 exited with exitcode: 0 error: ''
TpTrace Verbose: 0 : 20684, 12, 2024/03/11, 19:15:20.704, 135448368111, vstest.console.dll, DotnetTestHostManager.OnHostExited: invoking OnHostExited callback
TpTrace Verbose: 0 : 20684, 12, 2024/03/11, 19:15:20.704, 135448368549, vstest.console.dll, CrossPlatEngine.TestHostManagerHostExited: calling on client process exit callback.
TpTrace Information: 0 : 20684, 12, 2024/03/11, 19:15:20.704, 135448368965, vstest.console.dll, TestRequestSender.OnClientProcessExit: Test host process exited. Standard error: 
TpTrace Information: 0 : 20684, 12, 2024/03/11, 19:15:20.704, 135448369202, vstest.console.dll, SocketServer.Stop: Stop server endPoint: 127.0.0.1:1913
TpTrace Information: 0 : 20684, 12, 2024/03/11, 19:15:20.704, 135448369348, vstest.console.dll, SocketServer.Stop: Cancellation requested. Stopping message loop.
TpTrace Information: 0 : 20684, 14, 2024/03/11, 19:15:20.704, 135448369327, vstest.console.dll, SocketServer.Stop: Stop server endPoint: 127.0.0.1:1913
TpTrace Information: 0 : 20684, 14, 2024/03/11, 19:15:20.704, 135448369922, vstest.console.dll, SocketServer.Stop: Cancellation requested. Stopping message loop.
TpTrace Verbose: 0 : 20684, 12, 2024/03/11, 19:15:20.704, 135448370148, vstest.console.dll, MulticastDelegateUtilities.SafeInvoke: HostProviderEvents.OnHostExited: Invoking callback 1/1 for Microsoft.VisualStudio.TestPlatform.CrossPlatEngine.Client.ProxyOperationManager., took 0 ms.
TpTrace Information: 0 : 20684, 14, 2024/03/11, 19:15:20.704, 135448370372, vstest.console.dll, Closing the connection
TpTrace Verbose: 0 : 20684, 14, 2024/03/11, 19:15:20.704, 135448372496, vstest.console.dll, ProxyDataCollectionManager.InvokeDataCollectionServiceAction: Starting.
TpTrace Information: 0 : 20684, 14, 2024/03/11, 19:15:20.705, 135448372929, vstest.console.dll, ProxyDataCollectionManager.AfterTestRunEnd: Get attachment set and invoked data collectors processId: 20492 port: 1910
TpTrace Verbose: 0 : 20684, 14, 2024/03/11, 19:15:20.705, 135448373404, vstest.console.dll, DataCollectionRequestSender.SendAfterTestRunStartAndGetResult: Send AfterTestRunEnd message with isCancelled: False
TpTrace Verbose: 0 : 20684, 14, 2024/03/11, 19:15:20.710, 135448425817, vstest.console.dll, DataCollectionRequestSender.SendAfterTestRunStartAndGetResult: Received message: (DataCollection.AfterTestRunEndResult) -> {"MessageType":"DataCollection.AfterTestRunEndResult","Payload":{"AttachmentSets":[],"InvokedDataCollectors":[{"Uri":"datacollector://Microsoft/TestPlatform/Extensions/Blame/v1","FriendlyName":"Blame","AssemblyQualifiedName":"Microsoft.TestPlatform.Extensions.BlameDataCollector.BlameCollector, Microsoft.TestPlatform.Extensions.BlameDataCollector, Version=15.0.0.0, Culture=neutral, PublicKeyToken=b03f5f7f11d50a3a","FilePath":"C:\\Program Files\\dotnet\\sdk\\8.0.101\\Extensions\\Microsoft.TestPlatform.Extensions.BlameDataCollector.dll","HasAttachmentProcessor":false}],"Metrics":{}}}
TpTrace Information: 0 : 20684, 14, 2024/03/11, 19:15:20.716, 135448483441, vstest.console.dll, ProxyDataCollectionManager.InvokeDataCollectionServiceAction: Completed.
TpTrace Warning: 0 : 20684, 11, 2024/03/11, 19:15:20.727, 135448597632, vstest.console.dll, DataCollectionLauncher.ErrorReceivedCallback datacollector standard error line: 
TpTrace Information: 0 : 20684, 11, 2024/03/11, 19:15:20.733, 135448661278, vstest.console.dll, DataCollectionLauncher.ExitCallBack: Data collector exited with exitcode: 0 error: ''
TpTrace Verbose: 0 : 20684, 14, 2024/03/11, 19:15:20.745, 135448777862, vstest.console.dll, TestRunRequest:SendTestRunStatsChange: Starting.
TpTrace Verbose: 0 : 20684, 14, 2024/03/11, 19:15:20.745, 135448779080, vstest.console.dll, MulticastDelegateUtilities.SafeInvoke: TestRun.RunStatsChanged: Invoking callbacks was skipped because there are no subscribers.
TpTrace Information: 0 : 20684, 14, 2024/03/11, 19:15:20.745, 135448779297, vstest.console.dll, TestRunRequest:SendTestRunStatsChange: Completed.
TpTrace Verbose: 0 : 20684, 14, 2024/03/11, 19:15:20.746, 135448783331, vstest.console.dll, ParallelProxyExecutionManager: HandlePartialRunComplete: Total workloads = 1, Total started clients = 1 Total completed clients = 1, Run complete = True, Run canceled: False.
TpTrace Verbose: 0 : 20684, 14, 2024/03/11, 19:15:20.746, 135448783956, vstest.console.dll, ParallelProxyExecutionManager: HandlePartialRunComplete: All runs completed stopping all managers.
TpTrace Verbose: 0 : 20684, 14, 2024/03/11, 19:15:20.746, 135448784322, vstest.console.dll, ParallelOperationManager.StopAllManagers: Stopping all managers.
TpTrace Verbose: 0 : 20684, 14, 2024/03/11, 19:15:20.746, 135448784647, vstest.console.dll, ParallelOperationManager.ClearSlots: Clearing all slots. Slots should accept more work: False
TpTrace Verbose: 0 : 20684, 4, 2024/03/11, 19:15:20.746, 135448784790, vstest.console.dll, MulticastDelegateUtilities.SafeInvoke: InternalTestLoggerEvents.SendTestResult: Invoking callback 1/1 for Microsoft.VisualStudio.TestPlatform.CommandLine.Internal.ConsoleLogger., took 0 ms.
TpTrace Verbose: 0 : 20684, 14, 2024/03/11, 19:15:20.746, 135448785203, vstest.console.dll, ParallelOperationManager.SetOccupiedSlotCount: Setting slot counts AvailableSlotCount = 1, OccupiedSlotCount = 0.
TpTrace Verbose: 0 : 20684, 4, 2024/03/11, 19:15:20.746, 135448785935, vstest.console.dll, MulticastDelegateUtilities.SafeInvoke: InternalTestLoggerEvents.SendTestResult: Invoking callback 1/1 for Microsoft.VisualStudio.TestPlatform.CommandLine.Internal.ConsoleLogger., took 0 ms.
TpTrace Verbose: 0 : 20684, 14, 2024/03/11, 19:15:20.746, 135448786284, vstest.console.dll, Occupied slots:

TpTrace Verbose: 0 : 20684, 4, 2024/03/11, 19:15:20.754, 135448867251, vstest.console.dll, MulticastDelegateUtilities.SafeInvoke: InternalTestLoggerEvents.SendTestRunComplete: Invoking callback 1/2 for Microsoft.TestPlatform.Extensions.BlameDataCollector.BlameLogger., took 0 ms.
TpTrace Verbose: 0 : 20684, 4, 2024/03/11, 19:15:20.759, 135448916153, vstest.console.dll, MulticastDelegateUtilities.SafeInvoke: InternalTestLoggerEvents.SendTestRunComplete: Invoking callback 2/2 for Microsoft.VisualStudio.TestPlatform.CommandLine.Internal.ConsoleLogger., took 4 ms.
TpTrace Verbose: 0 : 20684, 14, 2024/03/11, 19:15:20.759, 135448920137, vstest.console.dll, TestRunRequest:TestRunComplete: Starting. IsAborted:False IsCanceled:False.
TpTrace Verbose: 0 : 20684, 14, 2024/03/11, 19:15:20.759, 135448921691, vstest.console.dll, ParallelOperationManager.DoActionOnAllManagers: Calling an action on all managers.
TpTrace Verbose: 0 : 20684, 14, 2024/03/11, 19:15:20.760, 135448929405, vstest.console.dll, TestLoggerManager.HandleTestRunComplete: Ignoring as the object is disposed.
TpTrace Verbose: 0 : 20684, 14, 2024/03/11, 19:15:20.760, 135448931257, vstest.console.dll, MulticastDelegateUtilities.SafeInvoke: TestRun.TestRunComplete: Invoking callback 1/2 for Microsoft.VisualStudio.TestPlatform.CommandLine.TestRunResultAggregator., took 0 ms.
TpTrace Verbose: 0 : 20684, 14, 2024/03/11, 19:15:20.760, 135448932232, vstest.console.dll, MulticastDelegateUtilities.SafeInvoke: TestRun.TestRunComplete: Invoking callback 2/2 for Microsoft.VisualStudio.TestPlatform.CommandLine.Processors.RunTestsArgumentExecutor+TestRunRequestEventsRegistrar., took 0 ms.
TpTrace Information: 0 : 20684, 14, 2024/03/11, 19:15:20.761, 135448933026, vstest.console.dll, TestRunRequest:TestRunComplete: Completed.
TpTrace Verbose: 0 : 20684, 1, 2024/03/11, 19:15:20.761, 135448933116, vstest.console.dll, TestRunRequest.Dispose: Starting.
TpTrace Verbose: 0 : 20684, 14, 2024/03/11, 19:15:20.761, 135448933325, vstest.console.dll, TestRequestSender.SetOperationComplete: Setting operation complete.
TpTrace Information: 0 : 20684, 1, 2024/03/11, 19:15:20.761, 135448933702, vstest.console.dll, TestRunRequest.Dispose: Completed.
TpTrace Information: 0 : 20684, 14, 2024/03/11, 19:15:20.761, 135448934009, vstest.console.dll, SocketServer.Stop: Stop server endPoint: 127.0.0.1:1913
TpTrace Information: 0 : 20684, 1, 2024/03/11, 19:15:20.761, 135448934062, vstest.console.dll, TestRequestManager.RunTests: run tests completed.
TpTrace Information: 0 : 20684, 14, 2024/03/11, 19:15:20.761, 135448934256, vstest.console.dll, SocketServer.Stop: Cancellation requested. Stopping message loop.
TpTrace Verbose: 0 : 20684, 14, 2024/03/11, 19:15:20.761, 135448934731, vstest.console.dll, MulticastDelegateUtilities.SafeInvoke: LengthPrefixCommunicationChannel: MessageReceived: Invoking callback 1/1 for Microsoft.VisualStudio.TestPlatform.CommunicationUtilities.TestRequestSender+<>c__DisplayClass34_0., took 91 ms.
TpTrace Information: 0 : 20684, 1, 2024/03/11, 19:15:20.761, 135448934947, vstest.console.dll, RunTestsArgumentProcessor:Execute: Test run is completed.
TpTrace Information: 0 : 20684, 14, 2024/03/11, 19:15:20.761, 135448935076, vstest.console.dll, SocketServer.PrivateStop: Stopping server endPoint: 127.0.0.1:1913 error: 
TpTrace Verbose: 0 : 20684, 1, 2024/03/11, 19:15:20.761, 135448937535, vstest.console.dll, Executor.Execute: Exiting with exit code of 1
TpTrace Verbose: 0 : 20684, 14, 2024/03/11, 19:15:20.761, 135448939824, vstest.console.dll, LengthPrefixCommunicationChannel.Dispose: Dispose reader and writer.
TpTrace Information: 0 : 20684, 14, 2024/03/11, 19:15:20.761, 135448940518, vstest.console.dll, SocketServer.Stop: Raise disconnected event endPoint: 127.0.0.1:1913 error: 
TpTrace Verbose: 0 : 20684, 14, 2024/03/11, 19:15:20.761, 135448941164, vstest.console.dll, TestRequestSender: OnTestRunAbort: Operation is already complete. Skip error message.
TpTrace Verbose: 0 : 20684, 14, 2024/03/11, 19:15:20.761, 135448941375, vstest.console.dll, MulticastDelegateUtilities.SafeInvoke: SocketServer: ClientDisconnected: Invoking callback 1/1 for Microsoft.VisualStudio.TestPlatform.CommunicationUtilities.TestRequestSender., took 0 ms.
